<?xml version="1.0" encoding="UTF-8"?>
<!-- Generated by org.testng.reporters.JUnitXMLReporter -->
<testsuite ignored="0" hostname="SCI-WN-30103" failures="0" tests="1" name="Default test" time="9.137" errors="0" timestamp="2026-08-11T17:14:12 IST">
  <testcase classname="com.sgplus.erp.genericutility.BaseClass" name="@AfterMethod configAM" time="1.161">
    <failure type="org.openqa.selenium.ElementClickInterceptedException" message="element click intercepted: Element &amp;lt;span&amp;gt;...&amp;lt;/span&amp;gt; is not clickable at point (1457, 42). Other element would receive the click: &amp;lt;div id=&amp;quot;rcmoeo23g&amp;quot; class=&amp;quot;Toastify__toast Toastify__toast--info Toastify--animate Toastify__bounce-exit--top-right&amp;quot;&amp;gt;...&amp;lt;/div&amp;gt;
  (Session info: chrome=151.0.7922.76)
Build info: version: &amp;apos;4.38.0&amp;apos;, revision: &amp;apos;6b412e825c&amp;apos;
System info: os.name: &amp;apos;Windows 11&amp;apos;, os.arch: &amp;apos;amd64&amp;apos;, os.version: &amp;apos;10.0&amp;apos;, java.version: &amp;apos;21.0.9&amp;apos;
Driver info: org.openqa.selenium.chrome.ChromeDriver
Command: [e3ad443a0827951a9bbf1b7f231d7df1, clickElement {id=f.AAC599DF0623E150F0C04BDC0489D7E1.d.009F30D25683961B80C6B7C98A4EAADA.e.268}]
Capabilities {acceptInsecureCerts: false, browserName: chrome, browserVersion: 151.0.7922.76, chrome: {chromedriverVersion: 151.0.7922.77 (ff37cfca2101..., userDataDir: C:\Users\W066520\AppData\Lo...}, fedcm:accounts: true, goog:chromeOptions: {debuggerAddress: localhost:62859}, goog:processID: 33340, networkConnectionEnabled: false, pageLoadStrategy: normal, platformName: windows, proxy: Proxy(), se:cdp: ws://localhost:62859/devtoo..., se:cdpVersion: 151.0.7922.76, setWindowRect: true, strictFileInteractability: false, timeouts: {implicit: 0, pageLoad: 300000, script: 30000}, unhandledPromptBehavior: dismiss and notify, webauthn:extension:credBlob: true, webauthn:extension:largeBlob: true, webauthn:extension:minPinLength: true, webauthn:extension:prf: true, webauthn:virtualAuthenticators: true}
Element: [[ChromeDriver: chrome on windows (e3ad443a0827951a9bbf1b7f231d7df1)] -&amp;gt; xpath: //span[text()=&amp;apos;Logout&amp;apos;]]
Session ID: e3ad443a0827951a9bbf1b7f231d7df1">
      <![CDATA[org.openqa.selenium.ElementClickInterceptedException: element click intercepted: Element <span>...</span> is not clickable at point (1457, 42). Other element would receive the click: <div id="rcmoeo23g" class="Toastify__toast Toastify__toast--info Toastify--animate Toastify__bounce-exit--top-right">...</div>
  (Session info: chrome=151.0.7922.76)
Build info: version: '4.38.0', revision: '6b412e825c'
System info: os.name: 'Windows 11', os.arch: 'amd64', os.version: '10.0', java.version: '21.0.9'
Driver info: org.openqa.selenium.chrome.ChromeDriver
Command: [e3ad443a0827951a9bbf1b7f231d7df1, clickElement {id=f.AAC599DF0623E150F0C04BDC0489D7E1.d.009F30D25683961B80C6B7C98A4EAADA.e.268}]
Capabilities {acceptInsecureCerts: false, browserName: chrome, browserVersion: 151.0.7922.76, chrome: {chromedriverVersion: 151.0.7922.77 (ff37cfca2101..., userDataDir: C:\Users\W066520\AppData\Lo...}, fedcm:accounts: true, goog:chromeOptions: {debuggerAddress: localhost:62859}, goog:processID: 33340, networkConnectionEnabled: false, pageLoadStrategy: normal, platformName: windows, proxy: Proxy(), se:cdp: ws://localhost:62859/devtoo..., se:cdpVersion: 151.0.7922.76, setWindowRect: true, strictFileInteractability: false, timeouts: {implicit: 0, pageLoad: 300000, script: 30000}, unhandledPromptBehavior: dismiss and notify, webauthn:extension:credBlob: true, webauthn:extension:largeBlob: true, webauthn:extension:minPinLength: true, webauthn:extension:prf: true, webauthn:virtualAuthenticators: true}
Element: [[ChromeDriver: chrome on windows (e3ad443a0827951a9bbf1b7f231d7df1)] -> xpath: //span[text()='Logout']]
Session ID: e3ad443a0827951a9bbf1b7f231d7df1
at java.base/jdk.internal.reflect.DirectConstructorHandleAccessor.newInstance(DirectConstructorHandleAccessor.java:62)
at java.base/java.lang.reflect.Constructor.newInstanceWithCaller(Constructor.java:502)
at java.base/java.lang.reflect.Constructor.newInstance(Constructor.java:486)
at org.openqa.selenium.remote.ErrorCodec.decode(ErrorCodec.java:167)
at org.openqa.selenium.remote.codec.w3c.W3CHttpResponseCodec.decode(W3CHttpResponseCodec.java:138)
at org.openqa.selenium.remote.codec.w3c.W3CHttpResponseCodec.decode(W3CHttpResponseCodec.java:50)
at org.openqa.selenium.remote.HttpCommandExecutor.execute(HttpCommandExecutor.java:215)
at org.openqa.selenium.remote.service.DriverCommandExecutor.invokeExecute(DriverCommandExecutor.java:216)
at org.openqa.selenium.remote.service.DriverCommandExecutor.execute(DriverCommandExecutor.java:174)
at org.openqa.selenium.remote.RemoteWebDriver.execute(RemoteWebDriver.java:557)
at org.openqa.selenium.remote.RemoteWebElement.execute(RemoteWebElement.java:223)
at org.openqa.selenium.remote.RemoteWebElement.click(RemoteWebElement.java:76)
at com.sgplus.erp.genericutility.BaseClass.configAM(BaseClass.java:97)
at java.base/jdk.internal.reflect.DirectMethodHandleAccessor.invoke(DirectMethodHandleAccessor.java:103)
at java.base/java.lang.reflect.Method.invoke(Method.java:580)
at org.testng.internal.invokers.MethodInvocationHelper.invokeMethod(MethodInvocationHelper.java:141)
at org.testng.internal.invokers.MethodInvocationHelper.invokeMethodConsideringTimeout(MethodInvocationHelper.java:71)
at org.testng.internal.invokers.ConfigInvoker.invokeConfigurationMethod(ConfigInvoker.java:400)
at org.testng.internal.invokers.ConfigInvoker.invokeConfigurations(ConfigInvoker.java:333)
at org.testng.internal.invokers.TestInvoker.runConfigMethods(TestInvoker.java:836)
at org.testng.internal.invokers.TestInvoker.runAfterConfigurations(TestInvoker.java:805)
at org.testng.internal.invokers.TestInvoker.invokeMethod(TestInvoker.java:781)
at org.testng.internal.invokers.TestInvoker.invokeTestMethod(TestInvoker.java:230)
at org.testng.internal.invokers.MethodRunner.runInSequence(MethodRunner.java:63)
at org.testng.internal.invokers.TestInvoker$MethodInvocationAgent.invoke(TestInvoker.java:995)
at org.testng.internal.invokers.TestInvoker.invokeTestMethods(TestInvoker.java:203)
at org.testng.internal.invokers.TestMethodWorker.invokeTestMethods(TestMethodWorker.java:154)
at org.testng.internal.invokers.TestMethodWorker.run(TestMethodWorker.java:134)
at java.base/java.util.ArrayList.forEach(ArrayList.java:1596)
at org.testng.TestRunner.privateRun(TestRunner.java:741)
at org.testng.TestRunner.run(TestRunner.java:616)
at org.testng.SuiteRunner.runTest(SuiteRunner.java:421)
at org.testng.SuiteRunner.runSequentially(SuiteRunner.java:413)
at org.testng.SuiteRunner.privateRun(SuiteRunner.java:373)
at org.testng.SuiteRunner.run(SuiteRunner.java:312)
at org.testng.SuiteRunnerWorker.runSuite(SuiteRunnerWorker.java:52)
at org.testng.SuiteRunnerWorker.run(SuiteRunnerWorker.java:95)
at org.testng.TestNG.runSuitesSequentially(TestNG.java:1274)
at org.testng.TestNG.runSuitesLocally(TestNG.java:1208)
at org.testng.TestNG.runSuites(TestNG.java:1112)
at org.testng.TestNG.run(TestNG.java:1079)
at org.testng.remote.AbstractRemoteTestNG.run(AbstractRemoteTestNG.java:115)
at org.testng.remote.RemoteTestNG.initAndRun(RemoteTestNG.java:293)
at org.testng.remote.RemoteTestNG.main(RemoteTestNG.java:91)
]]>
    </failure>
  </testcase> <!-- @AfterMethod configAM -->
  <testcase classname="com.sgplus.erp.genericutility.BaseClass" name="@AfterClass configAC" time="0.0">
    <skipped/>
  </testcase> <!-- @AfterClass configAC -->
  <testcase classname="com.AddReasonPage.VerifytheExportFunctionality" name="VerifyBasedonDepartmentReasonTest" time="4.594"/>
</testsuite> <!-- Default test -->
