<?xml version="1.0" encoding="UTF-8"?>
<!-- Generated by org.testng.reporters.JUnitReportReporter -->
<testsuite hostname="SCI-WN-30103" failures="0" tests="1" name="com.RecipeMasterPage.ValidateRequiredFieldsInAddRecipeFormTest" time="31.136" errors="0" timestamp="2026-08-06T13:48:36 IST" skipped="0">
  <testcase classname="com.RecipeMasterPage.ValidateRequiredFieldsInAddRecipeFormTest" name="ValidateRequiredFieldsInAddRecipeFormTest" time="31.136"/>
</testsuite> <!-- com.RecipeMasterPage.ValidateRequiredFieldsInAddRecipeFormTest -->
