<?xml version="1.0" encoding="UTF-8"?>
<!-- Generated by org.testng.reporters.JUnitReportReporter -->
<testsuite hostname="SCI-WN-30103" failures="0" tests="1" name="com.CycleTimeDashboard.verifyCycleTimeDashboardPageNavigationTest" time="9.953" errors="0" timestamp="2026-08-17T13:08:35 IST" skipped="0">
  <testcase classname="com.CycleTimeDashboard.verifyCycleTimeDashboardPageNavigationTest" name="verifyCycleTimeDashboardNavigationTest" time="9.953"/>
</testsuite> <!-- com.CycleTimeDashboard.verifyCycleTimeDashboardPageNavigationTest -->
