<?xml version="1.0" encoding="UTF-8"?>
<!-- Generated by org.testng.reporters.JUnitReportReporter -->
<testsuite hostname="SCI-WN-30103" failures="0" tests="1" name="com.AddAssociates.VerifyAssociatesTableContainsData" time="5.541" errors="0" timestamp="2026-08-17T13:08:35 IST" skipped="0">
  <testcase classname="com.AddAssociates.VerifyAssociatesTableContainsData" name="VerifyAssociatesTableContainsData" time="5.541"/>
</testsuite> <!-- com.AddAssociates.VerifyAssociatesTableContainsData -->
