<?xml version="1.0" encoding="UTF-8"?>
<!-- Generated by org.testng.reporters.JUnitReportReporter -->
<testsuite hostname="SCI-WN-30103" failures="0" tests="1" name="com.AssociatePerformancereport.OEEAssociatePerformanceByCategoryDropdownTest" time="39.943" errors="0" timestamp="2026-05-18T15:40:25 IST" skipped="0">
  <testcase classname="com.AssociatePerformancereport.OEEAssociatePerformanceByCategoryDropdownTest" name="OEEAssociatePerformanceByCategoryDropdownTest" time="39.943"/>
</testsuite> <!-- com.AssociatePerformancereport.OEEAssociatePerformanceByCategoryDropdownTest -->
