<?xml version="1.0" encoding="UTF-8"?>
<!-- Generated by org.testng.reporters.JUnitReportReporter -->
<testsuite hostname="SCI-WN-30103" failures="0" tests="1" name="com.CycleTimeDashboard.VerifytheTooltipdataOfBarchart" time="13.467" errors="0" timestamp="2026-07-24T15:05:07 IST" skipped="0">
  <testcase classname="com.CycleTimeDashboard.VerifytheTooltipdataOfBarchart" name="VeirfytheTooltipdataBarchart" time="13.467"/>
</testsuite> <!-- com.CycleTimeDashboard.VerifytheTooltipdataOfBarchart -->
