<?xml version="1.0" encoding="UTF-8"?>
<!-- Generated by org.testng.reporters.JUnitReportReporter -->
<testsuite hostname="SCI-WN-30103" failures="0" tests="1" name="com.AddReasonPage.VerifytheReasonEditfunctionalityTest" time="11.455" errors="0" timestamp="2026-08-11T16:30:10 IST" skipped="0">
  <testcase classname="com.AddReasonPage.VerifytheReasonEditfunctionalityTest" name="VerifytheReasonEditfunctionalityTest" time="11.455"/>
</testsuite> <!-- com.AddReasonPage.VerifytheReasonEditfunctionalityTest -->
