<?xml version="1.0" encoding="UTF-8"?>
<!-- Generated by org.testng.reporters.JUnitReportReporter -->
<testsuite hostname="SCI-WN-30103" failures="0" tests="1" name="com.DowntimeEnhacementPage.DowntimeEnhacemntTableDataTest" time="13.521" errors="0" timestamp="2026-02-13T15:31:03 IST" skipped="0">
  <testcase classname="com.DowntimeEnhacementPage.DowntimeEnhacemntTableDataTest" name="DowntimeEnhacemntTableDataTest" time="13.521"/>
</testsuite> <!-- com.DowntimeEnhacementPage.DowntimeEnhacemntTableDataTest -->
