<?xml version="1.0" encoding="UTF-8"?>
<!-- Generated by org.testng.reporters.JUnitReportReporter -->
<testsuite hostname="SCI-WN-30103" failures="0" tests="1" name="com.DowntimeShiftview.VerifyShiftCViewDisplaysDataForDifferentShiftsTest" time="7.177" errors="0" timestamp="2026-02-16T16:40:18 IST" skipped="0">
  <testcase classname="com.DowntimeShiftview.VerifyShiftCViewDisplaysDataForDifferentShiftsTest" name="VerifyShiftBViewDisplaysDataForDifferentShiftsTest" time="7.177"/>
</testsuite> <!-- com.DowntimeShiftview.VerifyShiftCViewDisplaysDataForDifferentShiftsTest -->
