<?xml version="1.0" encoding="UTF-8"?>
<!-- Generated by org.testng.reporters.JUnitReportReporter -->
<testsuite hostname="SCI-WN-30103" failures="0" tests="1" name="com.UserCreate.VerifytheUserChangeStatusFuctionality" time="10.470" errors="0" timestamp="2026-08-11T15:00:52 IST" skipped="0">
  <testcase classname="com.UserCreate.VerifytheUserChangeStatusFuctionality" name="VerifytheUserChangeStatusFutionality" time="10.470"/>
</testsuite> <!-- com.UserCreate.VerifytheUserChangeStatusFuctionality -->
