<?xml version="1.0" encoding="UTF-8"?>
<!-- Generated by org.testng.reporters.JUnitReportReporter -->
<testsuite hostname="SCI-WN-30103" failures="0" tests="1" name="com.AddAssociates.VerifyAssociatesTableContainsData" time="4.424" errors="0" timestamp="2026-07-16T15:33:55 IST" skipped="0">
  <testcase classname="com.AddAssociates.VerifyAssociatesTableContainsData" name="VerifyAssociatesTableContainsData" time="4.424"/>
</testsuite> <!-- com.AddAssociates.VerifyAssociatesTableContainsData -->
