<?xml version="1.0" encoding="UTF-8"?>
<!-- Generated by org.testng.reporters.JUnitReportReporter -->
<testsuite hostname="SCI-WN-30103" failures="0" tests="1" name="com.UserCreate.VerifytheUserResetPasswordCancelFunctionality" time="6.420" errors="0" timestamp="2026-06-19T13:08:10 IST" skipped="0">
  <testcase classname="com.UserCreate.VerifytheUserResetPasswordCancelFunctionality" name="VerifytheUserResetPasswordCancelFunctionality" time="6.420"/>
</testsuite> <!-- com.UserCreate.VerifytheUserResetPasswordCancelFunctionality -->
