<?xml version="1.0" encoding="UTF-8"?>
<!-- Generated by org.testng.reporters.JUnitReportReporter -->
<testsuite hostname="SCI-WN-30103" failures="0" tests="1" name="com.CycleTimeDashboard.VerifytheXaxisdropdownselectingByEquipementvalue" time="14.706" errors="0" timestamp="2026-06-16T18:10:03 IST" skipped="0">
  <testcase classname="com.CycleTimeDashboard.VerifytheXaxisdropdownselectingByEquipementvalue" name="VeirfytheXaxixdropdownslectingByEquipementvalue" time="14.706"/>
</testsuite> <!-- com.CycleTimeDashboard.VerifytheXaxisdropdownselectingByEquipementvalue -->
