<?xml version="1.0" encoding="UTF-8"?>
<!-- Generated by org.testng.reporters.JUnitReportReporter -->
<testsuite hostname="SCI-WN-30103" failures="0" tests="1" name="com.AssociatePerformancereport.OEEAssociateTop5BestPerformanceTest" time="40.052" errors="0" timestamp="2026-05-18T14:54:53 IST" skipped="0">
  <testcase classname="com.AssociatePerformancereport.OEEAssociateTop5BestPerformanceTest" name="OEEAssociateTop5BestPerformanceTest" time="40.052"/>
</testsuite> <!-- com.AssociatePerformancereport.OEEAssociateTop5BestPerformanceTest -->
