<?xml version="1.0" encoding="UTF-8"?>
<!-- Generated by org.testng.reporters.JUnitReportReporter -->
<testsuite hostname="SCIL-GWL-355" failures="0" tests="1" name="com.DowntimeShiftview.VerifyShiftBViewDisplaysDataForDifferentShiftsTest" time="7.459" errors="0" timestamp="2025-11-25T16:33:55 IST" skipped="0">
  <testcase classname="com.DowntimeShiftview.VerifyShiftBViewDisplaysDataForDifferentShiftsTest" name="VerifyShiftBViewDisplaysDataForDifferentShiftsTest" time="7.459"/>
  <system-out/>
</testsuite> <!-- com.DowntimeShiftview.VerifyShiftBViewDisplaysDataForDifferentShiftsTest -->
