<?xml version="1.0" encoding="UTF-8"?>
<!-- Generated by org.testng.reporters.JUnitReportReporter -->
<testsuite hostname="SCI-WN-30103" failures="0" tests="1" name="com.OEEDashBoard.DisplayAllWorstPerformingMachines" time="17.421" errors="0" timestamp="2026-09-17T13:29:02 IST" skipped="0">
  <testcase classname="com.OEEDashBoard.DisplayAllWorstPerformingMachines" name="VerifytheWorstPerformingMachines" time="17.421"/>
</testsuite> <!-- com.OEEDashBoard.DisplayAllWorstPerformingMachines -->
