<?xml version="1.0" encoding="UTF-8"?>
<!-- Generated by org.testng.reporters.JUnitReportReporter -->
<testsuite hostname="SCI-WN-30103" failures="0" tests="1" name="com.AssociatePerformancereport.VerifytheAssociatePerformanceLossreportSingleassociate" time="56.274" errors="0" timestamp="2026-09-17T13:29:01 IST" skipped="0">
  <testcase classname="com.AssociatePerformancereport.VerifytheAssociatePerformanceLossreportSingleassociate" name="VerifytheAssociatePerformanceLossreportSingleassociate" time="56.274"/>
</testsuite> <!-- com.AssociatePerformancereport.VerifytheAssociatePerformanceLossreportSingleassociate -->
