<?xml version="1.0" encoding="UTF-8"?>
<!-- Generated by org.testng.reporters.JUnitReportReporter -->
<testsuite hostname="SCI-WN-30103" failures="0" tests="1" name="com.RCAReport.VerifytheMachinePotentialLossGraphTooltipData" time="26.306" errors="0" timestamp="2026-07-02T14:51:29 IST" skipped="0">
  <testcase classname="com.RCAReport.VerifytheMachinePotentialLossGraphTooltipData" name="VerifytheMachinePotentialLossGraphTooltipDat" time="26.306"/>
</testsuite> <!-- com.RCAReport.VerifytheMachinePotentialLossGraphTooltipData -->
