<?xml version="1.0" encoding="UTF-8"?>
<!-- Generated by org.testng.reporters.JUnitReportReporter -->
<testsuite hostname="SCI-WN-30103" failures="0" tests="1" name="com.DowntimeTarget.VerifytheDowntimeTargetTablepageHeaders" time="4.919" errors="0" timestamp="2026-08-17T13:08:36 IST" skipped="0">
  <testcase classname="com.DowntimeTarget.VerifytheDowntimeTargetTablepageHeaders" name="VerifytheDowntimeTargetTablepageHeaders" time="4.919"/>
</testsuite> <!-- com.DowntimeTarget.VerifytheDowntimeTargetTablepageHeaders -->
