<?xml version="1.0" encoding="UTF-8"?>
<!-- Generated by org.testng.reporters.JUnitReportReporter -->
<testsuite hostname="SCI-WN-30103" failures="0" tests="1" name="com.OverallSummary.VerifytheWeightedAverageTrendGraphPrintdata" time="57.906" errors="0" timestamp="2026-07-24T16:57:43 IST" skipped="0">
  <testcase classname="com.OverallSummary.VerifytheWeightedAverageTrendGraphPrintdata" name="VerifytheWeightedAverageTrendGraphPirintdata" time="57.906"/>
</testsuite> <!-- com.OverallSummary.VerifytheWeightedAverageTrendGraphPrintdata -->
