<?xml version="1.0" encoding="UTF-8"?>
<!-- Generated by org.testng.reporters.JUnitReportReporter -->
<testsuite hostname="SCI-WN-30103" failures="0" tests="1" name="com.UserCreate.VerifytheUserResetPasswordCancelFunctionality" time="64.041" errors="0" timestamp="2026-08-20T17:57:10 IST" skipped="0">
  <testcase classname="com.UserCreate.VerifytheUserResetPasswordCancelFunctionality" name="VerifytheUserResetPasswordCancelFunctionality" time="64.041"/>
</testsuite> <!-- com.UserCreate.VerifytheUserResetPasswordCancelFunctionality -->
