<?xml version="1.0" encoding="UTF-8"?>
<!-- Generated by org.testng.reporters.JUnitReportReporter -->
<testsuite hostname="SCI-WN-30103" failures="0" tests="1" name="AddReasonPage.VerifytheReasonsearchfunctionalityTest" time="3.676" errors="0" timestamp="2026-02-17T15:13:42 IST" skipped="0">
  <testcase classname="AddReasonPage.VerifytheReasonsearchfunctionalityTest" name="VerifytheReasonsearchfunctionalityTest" time="3.676"/>
</testsuite> <!-- AddReasonPage.VerifytheReasonsearchfunctionalityTest -->
