<?xml version="1.0" encoding="UTF-8"?>
<!-- Generated by org.testng.reporters.JUnitReportReporter -->
<testsuite hostname="SCI-WN-30103" failures="0" tests="1" name="com.RCAReport.VerifytheWeightedAveragesActulaValueData" time="26.738" errors="0" timestamp="2026-07-02T15:55:19 IST" skipped="0">
  <testcase classname="com.RCAReport.VerifytheWeightedAveragesActulaValueData" name="VerifytheWeightedAveragesActulaValueData" time="26.738"/>
</testsuite> <!-- com.RCAReport.VerifytheWeightedAveragesActulaValueData -->
