<?xml version="1.0" encoding="UTF-8"?>
<!-- Generated by org.testng.reporters.JUnitReportReporter -->
<testsuite hostname="SCI-WN-30103" failures="0" tests="1" name="com.AssociatePerformancereport.VerifytheAssociateperformancetable" time="92.732" errors="0" timestamp="2026-07-24T14:58:32 IST" skipped="0">
  <testcase classname="com.AssociatePerformancereport.VerifytheAssociateperformancetable" name="VerifytheAssociateperformancetable" time="92.732"/>
</testsuite> <!-- com.AssociatePerformancereport.VerifytheAssociateperformancetable -->
