<?xml version="1.0" encoding="UTF-8"?>
<!-- Generated by org.testng.reporters.JUnitReportReporter -->
<testsuite hostname="SCI-WN-30103" failures="0" tests="1" name="com.ReasonLinkingPage.ReasonLinkingUnlinkedFilterTest" time="5.960" errors="0" timestamp="2026-08-17T13:08:36 IST" skipped="0">
  <testcase classname="com.ReasonLinkingPage.ReasonLinkingUnlinkedFilterTest" name="ReasonLinkingUnlinkedFilterTest" time="5.960"/>
</testsuite> <!-- com.ReasonLinkingPage.ReasonLinkingUnlinkedFilterTest -->
