<?xml version="1.0" encoding="UTF-8"?>
<!-- Generated by org.testng.reporters.JUnitReportReporter -->
<testsuite hostname="SCI-WN-30103" failures="0" tests="1" name="com.CycleTimeDashboard.VeriftyheExportFeatureBySelectingOperator" time="30.358" errors="0" timestamp="2026-08-06T16:06:46 IST" skipped="0">
  <testcase classname="com.CycleTimeDashboard.VeriftyheExportFeatureBySelectingOperator" name="VeriftyheExportFeatureBySelectingOperator" time="30.358"/>
</testsuite> <!-- com.CycleTimeDashboard.VeriftyheExportFeatureBySelectingOperator -->
