<?xml version="1.0" encoding="UTF-8"?>
<!-- Generated by org.testng.reporters.JUnitReportReporter -->
<testsuite hostname="SCI-WN-30103" failures="0" tests="1" name="com.RCAReport.VeriftheMachinePotentialGrahpBarchart" time="33.885" errors="0" timestamp="2026-07-02T15:55:19 IST" skipped="0">
  <testcase classname="com.RCAReport.VeriftheMachinePotentialGrahpBarchart" name="VerifytheMachinePotentilaGraphBarchart" time="33.885"/>
</testsuite> <!-- com.RCAReport.VeriftheMachinePotentialGrahpBarchart -->
