<?xml version="1.0" encoding="UTF-8"?>
<!-- Generated by org.testng.reporters.JUnitReportReporter -->
<testsuite hostname="SCI-WN-30103" failures="0" tests="1" name="com.UserCreate.VerifytheResetPasswordFunctionality" time="10.465" errors="0" timestamp="2026-06-24T14:44:24 IST" skipped="0">
  <testcase classname="com.UserCreate.VerifytheResetPasswordFunctionality" name="VerifytheResetPasswordFunctionality" time="10.465"/>
</testsuite> <!-- com.UserCreate.VerifytheResetPasswordFunctionality -->
