<?xml version="1.0" encoding="UTF-8"?>
<!-- Generated by org.testng.reporters.JUnitReportReporter -->
<testsuite hostname="SCI-WN-30103" failures="0" tests="1" name="com.ReasonLinkingPage.ReasonLinkingCombinedExportTest" time="10.294" errors="0" timestamp="2026-02-02T12:46:07 IST" skipped="0">
  <testcase classname="com.ReasonLinkingPage.ReasonLinkingCombinedExportTest" name="ReasonLinkingCombinedExportTest" time="10.294"/>
</testsuite> <!-- com.ReasonLinkingPage.ReasonLinkingCombinedExportTest -->
