<?xml version="1.0" encoding="UTF-8"?>
<!-- Generated by org.testng.reporters.JUnitReportReporter -->
<testsuite hostname="SCI-WN-30103" failures="0" tests="1" name="com.RecipeMasterPage.VerifyTheRecipeEditFunctionalityTest" time="25.794" errors="0" timestamp="2026-04-10T14:52:18 IST" skipped="0">
  <testcase classname="com.RecipeMasterPage.VerifyTheRecipeEditFunctionalityTest" name="VerifytheRecipeEditfunctionalityTest" time="25.794"/>
</testsuite> <!-- com.RecipeMasterPage.VerifyTheRecipeEditFunctionalityTest -->
