<?xml version="1.0" encoding="UTF-8"?>
<!-- Generated by org.testng.reporters.JUnitReportReporter -->
<testsuite hostname="SCI-WN-30103" failures="0" tests="1" name="com.DowntimeModule.DowntimeDashboardDataValidationTest" time="13.333" errors="0" timestamp="2026-02-03T12:46:58 IST" skipped="0">
  <testcase classname="com.DowntimeModule.DowntimeDashboardDataValidationTest" name="DowntimeDashboardDataValidationTest" time="13.333"/>
</testsuite> <!-- com.DowntimeModule.DowntimeDashboardDataValidationTest -->
