<?xml version="1.0" encoding="UTF-8"?>
<!-- Generated by org.testng.reporters.JUnitReportReporter -->
<testsuite hostname="SCIL-GWL-355" failures="0" tests="1" name="com.DowntimeShiftview.VerifyNavigationToShiftViewPageTest" time="7.421" errors="0" timestamp="2025-11-25T16:33:55 IST" skipped="0">
  <testcase classname="com.DowntimeShiftview.VerifyNavigationToShiftViewPageTest" name="VerifyNavigationToShiftViewPageTest" time="7.421"/>
  <system-out/>
</testsuite> <!-- com.DowntimeShiftview.VerifyNavigationToShiftViewPageTest -->
