<?xml version="1.0" encoding="UTF-8"?>
<!-- Generated by org.testng.reporters.JUnitReportReporter -->
<testsuite hostname="SCI-WN-30103" failures="0" tests="1" name="com.ReasonLinkingPage.BulkReasonLinkingFunctionalityTest" time="10.274" errors="0" timestamp="2026-01-21T17:37:01 IST" skipped="0">
  <testcase classname="com.ReasonLinkingPage.BulkReasonLinkingFunctionalityTest" name="BulkReasonLinkingFunctionalityTest" time="10.274"/>
</testsuite> <!-- com.ReasonLinkingPage.BulkReasonLinkingFunctionalityTest -->
