<?xml version="1.0" encoding="UTF-8"?>
<!-- Generated by org.testng.reporters.JUnitReportReporter -->
<testsuite hostname="SCI-WN-30103" failures="0" tests="1" name="com.RCAReport.VerifytheAggregatedSummaryViewExporttButton" time="9.551" errors="0" timestamp="2026-08-20T11:41:56 IST" skipped="0">
  <testcase classname="com.RCAReport.VerifytheAggregatedSummaryViewExporttButton" name="VerifytheAggregatedSummaryViewExportButton" time="9.551"/>
</testsuite> <!-- com.RCAReport.VerifytheAggregatedSummaryViewExporttButton -->
