<?xml version="1.0" encoding="UTF-8"?>
<!-- Generated by org.testng.reporters.JUnitReportReporter -->
<testsuite hostname="SCI-WN-30103" failures="0" tests="1" name="com.UserCreate.VerifyAssignOnlySingleEquipementToUser" time="33.880" errors="0" timestamp="2026-06-19T13:08:10 IST" skipped="0">
  <testcase classname="com.UserCreate.VerifyAssignOnlySingleEquipementToUser" name="VerifyAssignOnlySingleEquipementToUser" time="33.880"/>
</testsuite> <!-- com.UserCreate.VerifyAssignOnlySingleEquipementToUser -->
