<?xml version="1.0" encoding="UTF-8"?>
<!-- Generated by org.testng.reporters.JUnitReportReporter -->
<testsuite hostname="SCI-WN-30103" failures="0" tests="1" name="com.OEEDashBoard.VerifythEWorstperfmingMachineName" time="25.060" errors="0" timestamp="2026-07-24T16:04:37 IST" skipped="0">
  <testcase classname="com.OEEDashBoard.VerifythEWorstperfmingMachineName" name="VerifyDisplaytheBestPerformingMachine" time="25.060"/>
</testsuite> <!-- com.OEEDashBoard.VerifythEWorstperfmingMachineName -->
