<?xml version="1.0" encoding="UTF-8"?>
<!-- Generated by org.testng.reporters.JUnitReportReporter -->
<testsuite hostname="SCI-WN-30103" failures="0" tests="1" name="AddReasonPage.VerifytheRecipesearchfunctionalityTest" time="4.104" errors="0" timestamp="2026-02-17T15:12:36 IST" skipped="0">
  <testcase classname="AddReasonPage.VerifytheRecipesearchfunctionalityTest" name="VerifytheRecipesearchfunctionalityTest" time="4.104"/>
</testsuite> <!-- AddReasonPage.VerifytheRecipesearchfunctionalityTest -->
