<?xml version="1.0" encoding="UTF-8"?>
<!-- Generated by org.testng.reporters.JUnitReportReporter -->
<testsuite hostname="SCI-WN-30103" failures="0" tests="1" name="com.OEEDashBoard.VerfiyanDisplaytheBestPerformingmachine" time="27.032" errors="0" timestamp="2026-05-20T17:05:07 IST" skipped="0">
  <testcase classname="com.OEEDashBoard.VerfiyanDisplaytheBestPerformingmachine" name="VerifyDisplaytheBestPerformingMachine" time="27.032"/>
</testsuite> <!-- com.OEEDashBoard.VerfiyanDisplaytheBestPerformingmachine -->
