<?xml version="1.0" encoding="UTF-8"?>
<!-- Generated by org.testng.reporters.JUnitReportReporter -->
<testsuite hostname="SCI-WN-30103" failures="0" tests="1" name="com.AssociatePerformancereport.VerfiytheOverAllPerformanceGraph" time="53.685" errors="0" timestamp="2026-05-26T17:26:33 IST" skipped="0">
  <testcase classname="com.AssociatePerformancereport.VerfiytheOverAllPerformanceGraph" name="VerfiytheOverAllPerformanceGraph" time="53.685"/>
</testsuite> <!-- com.AssociatePerformancereport.VerfiytheOverAllPerformanceGraph -->
