<?xml version="1.0" encoding="UTF-8"?>
<!-- Generated by org.testng.reporters.JUnitReportReporter -->
<testsuite hostname="SCI-WN-30103" failures="0" tests="1" name="com.ReasonLinkingPage.ReasonLinkingUnlinkedFilterTest" time="8.698" errors="0" timestamp="2026-01-21T17:37:01 IST" skipped="0">
  <testcase classname="com.ReasonLinkingPage.ReasonLinkingUnlinkedFilterTest" name="ReasonLinkingUnlinkedFilterTest" time="8.698"/>
</testsuite> <!-- com.ReasonLinkingPage.ReasonLinkingUnlinkedFilterTest -->
