<?xml version="1.0" encoding="UTF-8"?>
<!-- Generated by org.testng.reporters.JUnitReportReporter -->
<testsuite hostname="SCI-WN-30103" failures="0" tests="1" name="com.RecipeMasterPage.VerifytheaddRecipefunctionalityTest" time="5.798" errors="0" timestamp="2026-04-09T16:47:58 IST" skipped="0">
  <testcase classname="com.RecipeMasterPage.VerifytheaddRecipefunctionalityTest" name="VerifytheaddRecipefunctionalityTest" time="5.798"/>
</testsuite> <!-- com.RecipeMasterPage.VerifytheaddRecipefunctionalityTest -->
