<?xml version="1.0" encoding="UTF-8"?>
<!-- Generated by org.testng.reporters.JUnitReportReporter -->
<testsuite hostname="SCI-WN-30103" failures="0" tests="1" name="com.RCAReport.VerifytheWieghtedAveragesSetValueData" time="22.678" errors="0" timestamp="2026-07-02T15:55:19 IST" skipped="0">
  <testcase classname="com.RCAReport.VerifytheWieghtedAveragesSetValueData" name="VerifytheWieghtedAveragesData" time="22.678"/>
</testsuite> <!-- com.RCAReport.VerifytheWieghtedAveragesSetValueData -->
