<?xml version="1.0" encoding="UTF-8"?>
<!-- Generated by org.testng.reporters.JUnitReportReporter -->
<testsuite hostname="SCI-WN-30103" failures="0" tests="1" name="com.OEEDashBoard.OEEdashboardpagedatapresentedTest" time="24.741" errors="0" timestamp="2026-02-10T18:18:31 IST" skipped="0">
  <testcase classname="com.OEEDashBoard.OEEdashboardpagedatapresentedTest" name="OEEdashboardpagedatapresentedTest" time="24.741"/>
</testsuite> <!-- com.OEEDashBoard.OEEdashboardpagedatapresentedTest -->
