<?xml version="1.0" encoding="UTF-8"?>
<!-- Generated by org.testng.reporters.JUnitReportReporter -->
<testsuite hostname="SCI-WN-30103" failures="0" tests="1" name="com.Settings.DepartmentGroup.verifyAddButtonDisabledStateTest" time="26.769" errors="0" timestamp="2026-08-06T13:48:35 IST" skipped="0">
  <testcase classname="com.Settings.DepartmentGroup.verifyAddButtonDisabledStateTest" name="verifyAddButtonDisabledStateTest" time="26.769"/>
</testsuite> <!-- com.Settings.DepartmentGroup.verifyAddButtonDisabledStateTest -->
