<?xml version="1.0" encoding="UTF-8"?>
<!-- Generated by org.testng.reporters.JUnitReportReporter -->
<testsuite hostname="SCI-WN-30103" failures="0" tests="1" name="com.OEETarget.VerifytheCancelBukUpdateFuctionality" time="66.465" errors="0" timestamp="2026-09-07T12:15:55 IST" skipped="0">
  <testcase classname="com.OEETarget.VerifytheCancelBukUpdateFuctionality" name="VerifytheCancelBukUpdateFuctionality" time="66.465"/>
</testsuite> <!-- com.OEETarget.VerifytheCancelBukUpdateFuctionality -->
