<?xml version="1.0" encoding="UTF-8"?>
<!-- Generated by org.testng.reporters.JUnitReportReporter -->
<testsuite hostname="SCI-WN-30103" failures="0" tests="1" name="com.DowntimeShiftview.VerifyShiftAViewDisplaysDataForDifferentShiftsTest" time="13.108" errors="0" timestamp="2026-02-03T12:34:41 IST" skipped="0">
  <testcase classname="com.DowntimeShiftview.VerifyShiftAViewDisplaysDataForDifferentShiftsTest" name="VerifyShiftAViewDisplaysDataForDifferentShiftsTest" time="13.108"/>
</testsuite> <!-- com.DowntimeShiftview.VerifyShiftAViewDisplaysDataForDifferentShiftsTest -->
