<?xml version="1.0" encoding="UTF-8"?>
<!-- Generated by org.testng.reporters.JUnitReportReporter -->
<testsuite hostname="SCI-WN-30103" failures="0" tests="1" name="com.AddAssociates.VerifytheAddAssociatesPageNavigation" time="5.038" errors="0" timestamp="2026-07-16T15:15:34 IST" skipped="0">
  <testcase classname="com.AddAssociates.VerifytheAddAssociatesPageNavigation" name="VerifytheAddAssociatesPageNavigation" time="5.038"/>
</testsuite> <!-- com.AddAssociates.VerifytheAddAssociatesPageNavigation -->
