<?xml version="1.0" encoding="UTF-8"?>
<!-- Generated by org.testng.reporters.JUnitReportReporter -->
<testsuite hostname="SCI-WN-30103" failures="0" tests="1" name="com.UserCreate.VerifytheUserChangeStatusCancelFuctionality" time="4.080" errors="0" timestamp="2026-06-24T14:44:24 IST" skipped="0">
  <testcase classname="com.UserCreate.VerifytheUserChangeStatusCancelFuctionality" name="VerifytheUserChangeStatusCancelFuctionality" time="4.080"/>
</testsuite> <!-- com.UserCreate.VerifytheUserChangeStatusCancelFuctionality -->
