<?xml version="1.0" encoding="UTF-8"?>
<!-- Generated by org.testng.reporters.JUnitReportReporter -->
<testsuite hostname="SCI-WN-30103" failures="0" tests="1" name="com.OEEDashBoard.VerifytheShiftproductionreportEquipmentandPeriodwise" time="39.725" errors="0" timestamp="2026-09-07T12:15:56 IST" skipped="0">
  <testcase classname="com.OEEDashBoard.VerifytheShiftproductionreportEquipmentandPeriodwise" name="VerifytheShiftproductionreportEquipmentandPeriodwise" time="39.725"/>
</testsuite> <!-- com.OEEDashBoard.VerifytheShiftproductionreportEquipmentandPeriodwise -->
