<?xml version="1.0" encoding="UTF-8"?>
<!-- Generated by org.testng.reporters.JUnitReportReporter -->
<testsuite hostname="SCI-WN-30103" failures="0" tests="1" name="com.CycleTimeDashboard.VerifytheTooltipdataOfBarchart" time="13.986" errors="0" timestamp="2026-06-29T15:58:38 IST" skipped="0">
  <testcase classname="com.CycleTimeDashboard.VerifytheTooltipdataOfBarchart" name="VeirfytheTooltipdataBarchart" time="13.986"/>
</testsuite> <!-- com.CycleTimeDashboard.VerifytheTooltipdataOfBarchart -->
