<?xml version="1.0" encoding="UTF-8"?>
<!-- Generated by org.testng.reporters.JUnitReportReporter -->
<testsuite hostname="SCI-WN-30103" failures="0" tests="1" name="com.OEEDashBoard.VerifyctheMinutesToPercenatgeShiftproductiontable" time="64.119" errors="0" timestamp="2026-08-20T14:48:08 IST" skipped="0">
  <testcase classname="com.OEEDashBoard.VerifyctheMinutesToPercenatgeShiftproductiontable" name="VerifyctheMinutesToPercenatgeShiftproductiontable" time="64.119"/>
</testsuite> <!-- com.OEEDashBoard.VerifyctheMinutesToPercenatgeShiftproductiontable -->
