<?xml version="1.0" encoding="UTF-8"?>
<!-- Generated by org.testng.reporters.JUnitReportReporter -->
<testsuite hostname="SCI-WN-30103" failures="0" tests="1" name="com.RCAReport.VerifytheAggregatedSummaryViewExporttButton" time="46.803" errors="0" timestamp="2026-08-06T16:20:19 IST" skipped="0">
  <testcase classname="com.RCAReport.VerifytheAggregatedSummaryViewExporttButton" name="VerifytheAggregatedSummaryViewExportButton" time="46.803"/>
</testsuite> <!-- com.RCAReport.VerifytheAggregatedSummaryViewExporttButton -->
