<?xml version="1.0" encoding="UTF-8"?>
<!-- Generated by org.testng.reporters.JUnitReportReporter -->
<testsuite hostname="SCI-WN-30103" failures="0" tests="1" name="com.Settings.DepartmentGroup.verifyNameTextboxBehaviorTest" time="25.949" errors="0" timestamp="2026-02-16T16:40:19 IST" skipped="0">
  <testcase classname="com.Settings.DepartmentGroup.verifyNameTextboxBehaviorTest" name="verifyNameTextboxBehaviorTest" time="25.949"/>
</testsuite> <!-- com.Settings.DepartmentGroup.verifyNameTextboxBehaviorTest -->
