<?xml version="1.0" encoding="UTF-8"?>
<!-- Generated by org.testng.reporters.JUnitReportReporter -->
<testsuite hostname="SCI-WN-30103" failures="0" tests="1" name="com.CycleTimeDashboard.VerifytheWeightedAvgCycleTime" time="9.903" errors="0" timestamp="2026-06-16T18:10:03 IST" skipped="0">
  <testcase classname="com.CycleTimeDashboard.VerifytheWeightedAvgCycleTime" name="verifytheWeightedAvgCycleTime" time="9.903"/>
</testsuite> <!-- com.CycleTimeDashboard.VerifytheWeightedAvgCycleTime -->
