<?xml version="1.0" encoding="UTF-8"?>
<!-- Generated by org.testng.reporters.JUnitReportReporter -->
<testsuite hostname="SCI-WN-30103" failures="0" tests="1" name="com.ReasonLinkingPage.ReasonLinkingCombinedExportTest" time="8.895" errors="0" timestamp="2026-07-27T17:38:08 IST" skipped="0">
  <testcase classname="com.ReasonLinkingPage.ReasonLinkingCombinedExportTest" name="ReasonLinkingCombinedExportTest" time="8.895"/>
</testsuite> <!-- com.ReasonLinkingPage.ReasonLinkingCombinedExportTest -->
