<?xml version="1.0" encoding="UTF-8"?>
<!-- Generated by org.testng.reporters.JUnitReportReporter -->
<testsuite hostname="SCI-WN-30103" failures="0" tests="1" name="com.OEETarget.VerifyCloseBulkLinkingFunctionality" time="14.191" errors="0" timestamp="2026-07-16T11:31:48 IST" skipped="0">
  <testcase classname="com.OEETarget.VerifyCloseBulkLinkingFunctionality" name="VerifyCloseBulkLinkingFunctionality" time="14.191"/>
</testsuite> <!-- com.OEETarget.VerifyCloseBulkLinkingFunctionality -->
