<?xml version="1.0" encoding="UTF-8"?>
<!-- Generated by org.testng.reporters.JUnitReportReporter -->
<testsuite hostname="SCI-WN-30103" failures="0" tests="1" name="com.RCAReport.VerifytheAggregatedSummaryTableisNotEmpty" time="10.880" errors="0" timestamp="2026-08-11T13:08:57 IST" skipped="0">
  <testcase classname="com.RCAReport.VerifytheAggregatedSummaryTableisNotEmpty" name="VerifytheAggregatedSummaryTableisNotEmpty" time="10.880"/>
</testsuite> <!-- com.RCAReport.VerifytheAggregatedSummaryTableisNotEmpty -->
