<?xml version="1.0" encoding="UTF-8"?>
<!-- Generated by org.testng.reporters.JUnitReportReporter -->
<testsuite hostname="SCI-WN-30103" failures="0" tests="1" name="com.AssociatePerformancereport.OEEAssociateTop5UpskilledPerformanceTest" time="47.545" errors="0" timestamp="2026-06-30T11:30:05 IST" skipped="0">
  <testcase classname="com.AssociatePerformancereport.OEEAssociateTop5UpskilledPerformanceTest" name="OEEAssociateTop5UpskilledPerformanceTest" time="47.545"/>
</testsuite> <!-- com.AssociatePerformancereport.OEEAssociateTop5UpskilledPerformanceTest -->
