<?xml version="1.0" encoding="UTF-8"?>
<!-- Generated by org.testng.reporters.JUnitReportReporter -->
<testsuite hostname="SCI-WN-30103" failures="0" tests="1" name="com.AddReasonPage.VerifyBasedonDepartmentReasonTest" time="5.715" errors="0" timestamp="2026-07-27T17:38:08 IST" skipped="0">
  <testcase classname="com.AddReasonPage.VerifyBasedonDepartmentReasonTest" name="VerifyBasedonDepartmentReasonTest" time="5.715"/>
</testsuite> <!-- com.AddReasonPage.VerifyBasedonDepartmentReasonTest -->
