<?xml version="1.0" encoding="UTF-8"?>
<!-- Generated by org.testng.reporters.JUnitReportReporter -->
<testsuite hostname="SCI-WN-30103" failures="0" tests="1" name="com.RecipeMasterPage.VerifyProductionTypeDropdownFunctionalityTest" time="25.788" errors="0" timestamp="2026-07-02T17:34:06 IST" skipped="0">
  <testcase classname="com.RecipeMasterPage.VerifyProductionTypeDropdownFunctionalityTest" name="VerifyProductionTypeDropdownFunctionalityTest" time="25.788"/>
</testsuite> <!-- com.RecipeMasterPage.VerifyProductionTypeDropdownFunctionalityTest -->
