<?xml version="1.0" encoding="UTF-8"?>
<!-- Generated by org.testng.reporters.JUnitReportReporter -->
<testsuite hostname="SCI-WN-30103" failures="0" tests="1" name="com.DowntimeTarget.VerfiytheBulkDowntimeTargetFunationality" time="12.185" errors="0" timestamp="2026-07-24T15:21:10 IST" skipped="0">
  <testcase classname="com.DowntimeTarget.VerfiytheBulkDowntimeTargetFunationality" name="VerfiytheBulkDowntimeTargetFunationality" time="12.185"/>
</testsuite> <!-- com.DowntimeTarget.VerfiytheBulkDowntimeTargetFunationality -->
