<?xml version="1.0" encoding="UTF-8"?>
<!-- Generated by org.testng.reporters.JUnitReportReporter -->
<testsuite hostname="SCI-WN-30103" failures="0" tests="1" name="com.CycleTimeDashboard.VerifytheWeightedAvgCTinMinute" time="10.926" errors="0" timestamp="2026-07-24T15:05:07 IST" skipped="0">
  <testcase classname="com.CycleTimeDashboard.VerifytheWeightedAvgCTinMinute" name="verifytheWeightedAvgCTMinute" time="10.926"/>
</testsuite> <!-- com.CycleTimeDashboard.VerifytheWeightedAvgCTinMinute -->
