<?xml version="1.0" encoding="UTF-8"?>
<!-- Generated by org.testng.reporters.JUnitReportReporter -->
<testsuite hostname="SCI-WN-30103" failures="0" tests="1" name="com.UserCreate.VerifytheUserChangeStatusFunationality" time="11.628" errors="0" timestamp="2026-06-22T15:44:59 IST" skipped="0">
  <testcase classname="com.UserCreate.VerifytheUserChangeStatusFunationality" name="VerifytheUserChangeStatusFunationality" time="11.628"/>
</testsuite> <!-- com.UserCreate.VerifytheUserChangeStatusFunationality -->
