<?xml version="1.0" encoding="UTF-8"?>
<!-- Generated by org.testng.reporters.JUnitReportReporter -->
<testsuite hostname="SCI-WN-30103" failures="0" tests="1" name="com.CycleTimeDashboard.verifyCycleTimeDataTableTest" time="15.301" errors="0" timestamp="2026-05-27T17:14:57 IST" skipped="0">
  <testcase classname="com.CycleTimeDashboard.verifyCycleTimeDataTableTest" name="verifyCycleTimeDashboardNavigationTest" time="15.301"/>
</testsuite> <!-- com.CycleTimeDashboard.verifyCycleTimeDataTableTest -->
