<?xml version="1.0" encoding="UTF-8"?>
<!-- Generated by org.testng.reporters.JUnitReportReporter -->
<testsuite hostname="SCI-WN-30103" failures="0" tests="1" name="com.Settings.DepartmentGroup.verifyDefaultMTTRMTBFSourceSelectionTest" time="24.959" errors="0" timestamp="2026-06-16T18:10:04 IST" skipped="0">
  <testcase classname="com.Settings.DepartmentGroup.verifyDefaultMTTRMTBFSourceSelectionTest" name="verifyDefaultMTTRMTBFSourceSelectionTest" time="24.959"/>
</testsuite> <!-- com.Settings.DepartmentGroup.verifyDefaultMTTRMTBFSourceSelectionTest -->
