<?xml version="1.0" encoding="UTF-8"?>
<!-- Generated by org.testng.reporters.JUnitReportReporter -->
<testsuite hostname="SCI-WN-30103" failures="0" tests="1" name="com.AssociatePerformancereport.VeriftheLossReportexport" time="88.032" errors="0" timestamp="2026-08-06T15:01:01 IST" skipped="0">
  <testcase classname="com.AssociatePerformancereport.VeriftheLossReportexport" name="VeriftheLossReportexport" time="88.032"/>
</testsuite> <!-- com.AssociatePerformancereport.VeriftheLossReportexport -->
