<?xml version="1.0" encoding="UTF-8"?>
<!-- Generated by org.testng.reporters.JUnitReportReporter -->
<testsuite hostname="SCI-WN-30103" failures="0" tests="1" name="com.CycleTimeDashboard.VerifytheTooltipdatabyselectingByEquipementvalue" time="9.775" errors="0" timestamp="2026-09-17T13:29:01 IST" skipped="0">
  <testcase classname="com.CycleTimeDashboard.VerifytheTooltipdatabyselectingByEquipementvalue" name="VerifytheTooltipdatabyselectingByEquipementvalue" time="9.775"/>
</testsuite> <!-- com.CycleTimeDashboard.VerifytheTooltipdatabyselectingByEquipementvalue -->
