<?xml version="1.0" encoding="UTF-8"?>
<!-- Generated by org.testng.reporters.JUnitReportReporter -->
<testsuite hostname="SCI-WN-30103" failures="0" tests="1" name="com.AddReasonPage.VerifytheMasterReasonPageNavigation" time="3.951" errors="0" timestamp="2026-08-17T13:08:35 IST" skipped="0">
  <testcase classname="com.AddReasonPage.VerifytheMasterReasonPageNavigation" name="VerifytheMasterReasonPageNavigation" time="3.951"/>
</testsuite> <!-- com.AddReasonPage.VerifytheMasterReasonPageNavigation -->
