<?xml version="1.0" encoding="UTF-8"?>
<!-- Generated by org.testng.reporters.JUnitReportReporter -->
<testsuite hostname="SCI-WN-30103" failures="0" tests="1" name="com.RoleCreateModule.VerifytheDeleteRoleCancelFunctionality" time="64.757" errors="0" timestamp="2026-08-11T13:08:58 IST" skipped="0">
  <testcase classname="com.RoleCreateModule.VerifytheDeleteRoleCancelFunctionality" name="VerifytheDeleteRoleCancelFunctionality" time="64.757"/>
</testsuite> <!-- com.RoleCreateModule.VerifytheDeleteRoleCancelFunctionality -->
