<?xml version="1.0" encoding="UTF-8"?>
<!-- Generated by org.testng.reporters.JUnitReportReporter -->
<testsuite hostname="SCI-WN-30103" failures="0" tests="1" name="com.RecipeMasterPage.VerifyTheRecipeViewFunctionalityTest" time="25.107" errors="0" timestamp="2026-09-07T12:15:56 IST" skipped="0">
  <testcase classname="com.RecipeMasterPage.VerifyTheRecipeViewFunctionalityTest" name="VerifytheRecipeViewfunctionalityTest" time="25.107"/>
</testsuite> <!-- com.RecipeMasterPage.VerifyTheRecipeViewFunctionalityTest -->
