<?xml version="1.0" encoding="UTF-8"?>
<!-- Generated by org.testng.reporters.JUnitReportReporter -->
<testsuite hostname="SCI-WN-30103" failures="0" tests="1" name="com.Settings.DepartmentGroup.verifyEditDepartmentGroupTest" time="6.432" errors="0" timestamp="2026-01-21T17:32:44 IST" skipped="0">
  <testcase classname="com.Settings.DepartmentGroup.verifyEditDepartmentGroupTest" name="verifyEditDepartmentGroupTest" time="6.432"/>
</testsuite> <!-- com.Settings.DepartmentGroup.verifyEditDepartmentGroupTest -->
