<?xml version="1.0" encoding="UTF-8"?>
<!-- Generated by org.testng.reporters.JUnitReportReporter -->
<testsuite hostname="SCI-WN-30103" failures="0" tests="1" name="com.DowntimeAnalysisPage.DowntimeAnalysisNavigationTest" time="5.307" errors="0" timestamp="2026-04-07T14:50:31 IST" skipped="0">
  <testcase classname="com.DowntimeAnalysisPage.DowntimeAnalysisNavigationTest" name="DowntimeAnalysisNavigationTest" time="5.307"/>
</testsuite> <!-- com.DowntimeAnalysisPage.DowntimeAnalysisNavigationTest -->
