<?xml version="1.0" encoding="UTF-8"?>
<!-- Generated by org.testng.reporters.JUnitReportReporter -->
<testsuite hostname="SCI-WN-30103" failures="0" tests="1" name="com.OEEDashBoard.VerifytheShiftproductionreportEquipemntwise" time="24.717" errors="0" timestamp="2026-06-29T15:58:37 IST" skipped="0">
  <testcase classname="com.OEEDashBoard.VerifytheShiftproductionreportEquipemntwise" name="VerifytheShiftproductionreportEquipemntwise" time="24.717"/>
</testsuite> <!-- com.OEEDashBoard.VerifytheShiftproductionreportEquipemntwise -->
