<?xml version="1.0" encoding="UTF-8"?>
<!-- Generated by org.testng.reporters.JUnitReportReporter -->
<testsuite hostname="SCI-WN-30103" failures="0" tests="1" name="com.DowntimeTarget.VerifytheDowntimeTimeTargetPageTitle" time="5.482" errors="0" timestamp="2026-08-06T13:48:36 IST" skipped="0">
  <testcase classname="com.DowntimeTarget.VerifytheDowntimeTimeTargetPageTitle" name="VerifytheDowntimeTimeTargetPageTitle" time="5.482"/>
</testsuite> <!-- com.DowntimeTarget.VerifytheDowntimeTimeTargetPageTitle -->
