<?xml version="1.0" encoding="UTF-8"?>
<!-- Generated by org.testng.reporters.JUnitReportReporter -->
<testsuite hostname="SCI-WN-30103" failures="0" tests="1" name="com.AddReasonPage.VerifyBasedonDepartmentgroupSearch" time="7.455" errors="0" timestamp="2026-08-06T15:40:38 IST" skipped="0">
  <testcase classname="com.AddReasonPage.VerifyBasedonDepartmentgroupSearch" name="VerifyBasedonDepartmentgroupSearch" time="7.455"/>
</testsuite> <!-- com.AddReasonPage.VerifyBasedonDepartmentgroupSearch -->
