<?xml version="1.0" encoding="UTF-8"?>
<!-- Generated by org.testng.reporters.JUnitReportReporter -->
<testsuite hostname="SCI-WN-30103" failures="0" tests="1" name="com.ReasonLinkingPage.ReasonLinkingUnlinkedExportTest" time="25.153" errors="0" timestamp="2026-05-18T17:49:03 IST" skipped="0">
  <testcase classname="com.ReasonLinkingPage.ReasonLinkingUnlinkedExportTest" name="ReasonLinkingUnlinkedExportTest" time="25.153"/>
</testsuite> <!-- com.ReasonLinkingPage.ReasonLinkingUnlinkedExportTest -->
