<?xml version="1.0" encoding="UTF-8"?>
<!-- Generated by org.testng.reporters.JUnitReportReporter -->
<testsuite hostname="SCI-WN-30103" failures="0" tests="1" name="com.ReasonLinkingPage.ReasonLinkingFilterDataValidationTest" time="5.516" errors="0" timestamp="2026-04-07T14:57:21 IST" skipped="0">
  <testcase classname="com.ReasonLinkingPage.ReasonLinkingFilterDataValidationTest" name="ReasonLinkingFilterDataValidationTest" time="5.516"/>
</testsuite> <!-- com.ReasonLinkingPage.ReasonLinkingFilterDataValidationTest -->
