<?xml version="1.0" encoding="UTF-8"?>
<!-- Generated by org.testng.reporters.JUnitReportReporter -->
<testsuite hostname="SCI-WN-30103" failures="0" tests="1" name="com.AssociatePerformancereport.VeriftyheExportFeatureBySelectingRecipe" time="21.319" errors="0" timestamp="2026-06-29T17:41:09 IST" skipped="0">
  <testcase classname="com.AssociatePerformancereport.VeriftyheExportFeatureBySelectingRecipe" name="VerifytheExportFeatureBySlectingRecipe" time="21.319"/>
</testsuite> <!-- com.AssociatePerformancereport.VeriftyheExportFeatureBySelectingRecipe -->
