<?xml version="1.0" encoding="UTF-8"?>
<!-- Generated by org.testng.reporters.JUnitReportReporter -->
<testsuite hostname="SCI-WN-30103" failures="0" tests="1" name="com.OverallSummary.VerifuytheOverallProductionLossData" time="17.278" errors="0" timestamp="2026-07-24T16:57:43 IST" skipped="0">
  <testcase classname="com.OverallSummary.VerifuytheOverallProductionLossData" name="VerifytheOverallProductionData" time="17.278"/>
</testsuite> <!-- com.OverallSummary.VerifuytheOverallProductionLossData -->
