<?xml version="1.0" encoding="UTF-8"?>
<!-- Generated by org.testng.reporters.JUnitReportReporter -->
<testsuite hostname="SCI-WN-30103" failures="0" tests="1" name="AddReasonPage.VerifytheReasonEditfunctionalityTest" time="10.543" errors="0" timestamp="2026-07-24T13:10:32 IST" skipped="0">
  <testcase classname="AddReasonPage.VerifytheReasonEditfunctionalityTest" name="VerifytheReasonEditfunctionalityTest" time="10.543"/>
</testsuite> <!-- AddReasonPage.VerifytheReasonEditfunctionalityTest -->
