<?xml version="1.0" encoding="UTF-8"?>
<!-- Generated by org.testng.reporters.JUnitReportReporter -->
<testsuite hostname="SCI-WN-30103" failures="0" tests="1" name="com.OverallSummary.VerifytheWeightedAverageTrendGraph" time="6.547" errors="0" timestamp="2026-09-09T14:55:46 IST" skipped="0">
  <testcase classname="com.OverallSummary.VerifytheWeightedAverageTrendGraph" name="VerifytheWeightedAvaearageTrendGraph" time="6.547"/>
</testsuite> <!-- com.OverallSummary.VerifytheWeightedAverageTrendGraph -->
