<?xml version="1.0" encoding="UTF-8"?>
<!-- Generated by org.testng.reporters.JUnitReportReporter -->
<testsuite hostname="SCI-WN-30103" failures="0" tests="1" name="com.UserCreate.VerifytheUserChangeStatusCancelFuctionality" time="5.078" errors="0" timestamp="2026-06-19T13:08:10 IST" skipped="0">
  <testcase classname="com.UserCreate.VerifytheUserChangeStatusCancelFuctionality" name="VerifytheUserChangeStatusCancelFuctionality" time="5.078"/>
</testsuite> <!-- com.UserCreate.VerifytheUserChangeStatusCancelFuctionality -->
