<?xml version="1.0" encoding="UTF-8"?>
<!-- Generated by org.testng.reporters.JUnitReportReporter -->
<testsuite hostname="SCI-WN-30103" failures="0" tests="1" name="com.RCAReport.VerifytheElementSummaryviewTableHeadersAndData" time="18.478" errors="0" timestamp="2026-09-17T13:29:01 IST" skipped="0">
  <testcase classname="com.RCAReport.VerifytheElementSummaryviewTableHeadersAndData" name="VerifytheElementSummaryViewtableHeadersAndData" time="18.478"/>
</testsuite> <!-- com.RCAReport.VerifytheElementSummaryviewTableHeadersAndData -->
