<?xml version="1.0" encoding="UTF-8"?>
<!-- Generated by org.testng.reporters.JUnitReportReporter -->
<testsuite hostname="SCIL-GWL-355" failures="0" tests="1" name="com.OEEDashBoard.OEEdashboardpagenavigationTest" time="10.896" errors="0" timestamp="2025-09-23T12:32:23 IST" skipped="0">
  <testcase classname="com.OEEDashBoard.OEEdashboardpagenavigationTest" name="OEEdashboardpagenavigationTest" time="10.896"/>
  <system-out/>
</testsuite> <!-- com.OEEDashBoard.OEEdashboardpagenavigationTest -->
