<?xml version="1.0" encoding="UTF-8"?>
<!-- Generated by org.testng.reporters.JUnitReportReporter -->
<testsuite hostname="SCI-WN-30103" failures="0" tests="1" name="com.DowntimeEnhacementPage.NavigateToDowntimeEnhancementPageTest" time="11.946" errors="0" timestamp="2026-05-20T17:05:07 IST" skipped="0">
  <testcase classname="com.DowntimeEnhacementPage.NavigateToDowntimeEnhancementPageTest" name="NavigateToDowntimeEnhancementPage" time="11.946"/>
</testsuite> <!-- com.DowntimeEnhacementPage.NavigateToDowntimeEnhancementPageTest -->
