<?xml version="1.0" encoding="UTF-8"?>
<!-- Generated by org.testng.reporters.JUnitReportReporter -->
<testsuite hostname="SCI-WN-30103" failures="0" tests="1" name="com.OEEDashBoard.MachinlevelComparsiongraphNamesshowncorrectly" time="8.946" errors="0" timestamp="2026-07-24T16:04:37 IST" skipped="0">
  <testcase classname="com.OEEDashBoard.MachinlevelComparsiongraphNamesshowncorrectly" name="VerifyMchinelevelComparisonGraphisdisplayedTest" time="8.946"/>
</testsuite> <!-- com.OEEDashBoard.MachinlevelComparsiongraphNamesshowncorrectly -->
