<?xml version="1.0" encoding="UTF-8"?>
<!-- Generated by org.testng.reporters.JUnitReportReporter -->
<testsuite hostname="SCI-WN-30103" failures="0" tests="1" name="com.RCAReport.VerifytheWeightedAveragesModeValuedata" time="23.008" errors="0" timestamp="2026-06-30T11:42:59 IST" skipped="0">
  <testcase classname="com.RCAReport.VerifytheWeightedAveragesModeValuedata" name="VerifytheWeightedAveragesModeValuedata" time="23.008"/>
</testsuite> <!-- com.RCAReport.VerifytheWeightedAveragesModeValuedata -->
