<?xml version="1.0" encoding="UTF-8"?>
<!-- Generated by org.testng.reporters.JUnitReportReporter -->
<testsuite hostname="SCI-WN-30103" failures="0" tests="1" name="com.RoleCreateModule.VerifytherRoleChangeStatusCancelFunctionality" time="64.581" errors="0" timestamp="2026-09-07T12:15:56 IST" skipped="0">
  <testcase classname="com.RoleCreateModule.VerifytherRoleChangeStatusCancelFunctionality" name="VerifytherRoleChangeStatusCancelFunctionality" time="64.581"/>
</testsuite> <!-- com.RoleCreateModule.VerifytherRoleChangeStatusCancelFunctionality -->
