<?xml version="1.0" encoding="UTF-8"?>
<!-- Generated by org.testng.reporters.JUnitReportReporter -->
<testsuite hostname="SCI-WN-30103" failures="0" tests="1" name="com.AssociatePerformancereport.DisplaytheOEEAssociateTop5UpskilledPerformanceTest" time="47.081" errors="0" timestamp="2026-06-16T18:10:03 IST" skipped="0">
  <testcase classname="com.AssociatePerformancereport.DisplaytheOEEAssociateTop5UpskilledPerformanceTest" name="DisplaytheOEEAssociateTop5UpskilledPerformanceTest" time="47.081"/>
</testsuite> <!-- com.AssociatePerformancereport.DisplaytheOEEAssociateTop5UpskilledPerformanceTest -->
