<?xml version="1.0" encoding="UTF-8"?>
<!-- Generated by org.testng.reporters.JUnitReportReporter -->
<testsuite hostname="SCI-WN-30103" failures="0" tests="1" name="com.Settings.Departements.verifyDepartmentNameInputTest" time="9.586" errors="0" timestamp="2026-02-02T16:52:45 IST" skipped="0">
  <testcase classname="com.Settings.Departements.verifyDepartmentNameInputTest" name="verifyRequiredFieldValidationTest" time="9.586"/>
</testsuite> <!-- com.Settings.Departements.verifyDepartmentNameInputTest -->
