<?xml version="1.0" encoding="UTF-8"?>
<!-- Generated by org.testng.reporters.JUnitReportReporter -->
<testsuite hostname="SCI-WN-30103" failures="0" tests="1" name="com.AssociatePerformancereport.OEEAssociateTop5BestPerformanceTest" time="51.573" errors="0" timestamp="2026-06-30T11:30:04 IST" skipped="0">
  <testcase classname="com.AssociatePerformancereport.OEEAssociateTop5BestPerformanceTest" name="OEEAssociateTop5BestPerformanceTest" time="51.573"/>
</testsuite> <!-- com.AssociatePerformancereport.OEEAssociateTop5BestPerformanceTest -->
