<?xml version="1.0" encoding="UTF-8"?>
<!-- Generated by org.testng.reporters.JUnitReportReporter -->
<testsuite hostname="SCI-WN-30103" failures="0" tests="1" name="com.OverallSummary.VerifuytheOverallProductionLossData" time="19.681" errors="0" timestamp="2026-07-15T14:30:40 IST" skipped="0">
  <testcase classname="com.OverallSummary.VerifuytheOverallProductionLossData" name="VerifytheOverallProductionData" time="19.681"/>
</testsuite> <!-- com.OverallSummary.VerifuytheOverallProductionLossData -->
