<?xml version="1.0" encoding="UTF-8"?>
<!-- Generated by org.testng.reporters.JUnitReportReporter -->
<testsuite hostname="SCI-WN-30103" failures="0" tests="1" name="AddReasonPage.VerifytheReasonEditfunctionalityTest" time="5.829" errors="0" timestamp="2026-02-17T15:27:29 IST" skipped="0">
  <testcase classname="AddReasonPage.VerifytheReasonEditfunctionalityTest" name="VerifytheReasonEditfunctionalityTest" time="5.829"/>
</testsuite> <!-- AddReasonPage.VerifytheReasonEditfunctionalityTest -->
