<?xml version="1.0" encoding="UTF-8"?>
<!-- Generated by org.testng.reporters.JUnitReportReporter -->
<testsuite hostname="SCI-WN-30103" failures="0" tests="1" name="com.Settings.DepartmentGroup.verifyAddDepartmentGroupTest" time="26.392" errors="0" timestamp="2026-08-17T13:08:36 IST" skipped="0">
  <testcase classname="com.Settings.DepartmentGroup.verifyAddDepartmentGroupTest" name="verifyAddDepartmentGroupTest" time="26.392"/>
</testsuite> <!-- com.Settings.DepartmentGroup.verifyAddDepartmentGroupTest -->
