<?xml version="1.0" encoding="UTF-8"?>
<!-- Generated by org.testng.reporters.JUnitReportReporter -->
<testsuite hostname="SCI-WN-30103" failures="0" tests="1" name="AddReasonPage.VerifytheReasonsearchfunctionalityTest" time="5.136" errors="0" timestamp="2026-04-07T17:48:16 IST" skipped="0">
  <testcase classname="AddReasonPage.VerifytheReasonsearchfunctionalityTest" name="VerifytheReasonsearchfunctionalityTest" time="5.136"/>
</testsuite> <!-- AddReasonPage.VerifytheReasonsearchfunctionalityTest -->
