<?xml version="1.0" encoding="UTF-8"?>
<!-- Generated by org.testng.reporters.JUnitReportReporter -->
<testsuite hostname="SCI-WN-30103" failures="0" tests="1" name="com.CycleTimeDashboard.verifyCycleTimeDashboardPageNavigationTest" time="6.505" errors="0" timestamp="2026-08-06T15:58:33 IST" skipped="0">
  <testcase classname="com.CycleTimeDashboard.verifyCycleTimeDashboardPageNavigationTest" name="verifyCycleTimeDashboardNavigationTest" time="6.505"/>
</testsuite> <!-- com.CycleTimeDashboard.verifyCycleTimeDashboardPageNavigationTest -->
