<?xml version="1.0" encoding="UTF-8"?>
<!-- Generated by org.testng.reporters.JUnitReportReporter -->
<testsuite hostname="SCI-WN-30103" failures="0" tests="1" name="com.OEEDashBoard.MachinlevelComparsiongraphNamesshowncorrectly" time="42.652" errors="0" timestamp="2026-08-06T13:48:36 IST" skipped="0">
  <testcase classname="com.OEEDashBoard.MachinlevelComparsiongraphNamesshowncorrectly" name="VerifyMchinelevelComparisonGraphisdisplayedTest" time="42.652"/>
</testsuite> <!-- com.OEEDashBoard.MachinlevelComparsiongraphNamesshowncorrectly -->
