<?xml version="1.0" encoding="UTF-8"?>
<!-- Generated by org.testng.reporters.JUnitReportReporter -->
<testsuite hostname="SCI-WN-30103" failures="0" tests="1" name="com.DowntimeAnalysisPage.DowntimeAnalysisNavigationTest" time="10.669" errors="0" timestamp="2026-06-29T15:58:37 IST" skipped="0">
  <testcase classname="com.DowntimeAnalysisPage.DowntimeAnalysisNavigationTest" name="DowntimeAnalysisNavigationTest" time="10.669"/>
</testsuite> <!-- com.DowntimeAnalysisPage.DowntimeAnalysisNavigationTest -->
