<?xml version="1.0" encoding="UTF-8"?>
<!-- Generated by org.testng.reporters.JUnitReportReporter -->
<testsuite hostname="SCI-WN-30103" failures="0" tests="1" name="com.AddReasonPage.VerifytheReasonsearchfunctionalityTest" time="3.511" errors="0" timestamp="2026-08-11T16:30:10 IST" skipped="0">
  <testcase classname="com.AddReasonPage.VerifytheReasonsearchfunctionalityTest" name="VerifytheReasonsearchfunctionalityTest" time="3.511"/>
</testsuite> <!-- com.AddReasonPage.VerifytheReasonsearchfunctionalityTest -->
