<?xml version="1.0" encoding="UTF-8"?>
<!-- Generated by org.testng.reporters.JUnitReportReporter -->
<testsuite hostname="SCI-WN-30103" failures="0" tests="1" name="com.DowntimeTarget.VerifytheDowntimeTargetTabledataAndPrintData" time="13.390" errors="0" timestamp="2026-07-16T12:56:16 IST" skipped="0">
  <testcase classname="com.DowntimeTarget.VerifytheDowntimeTargetTabledataAndPrintData" name="VerifytheDowntimeTargetTabledataAndPrintDat" time="13.390"/>
</testsuite> <!-- com.DowntimeTarget.VerifytheDowntimeTargetTabledataAndPrintData -->
