<?xml version="1.0" encoding="UTF-8"?>
<!-- Generated by org.testng.reporters.JUnitReportReporter -->
<testsuite hostname="SCIL-GWL-355" failures="0" tests="1" name="com.ReasonLinkingPage.ReasonLinkingCycleTimeSourceFilterTest" time="7.670" errors="0" timestamp="2025-11-25T16:36:47 IST" skipped="0">
  <testcase classname="com.ReasonLinkingPage.ReasonLinkingCycleTimeSourceFilterTest" name="ReasonLinkingCycleTimeSourceFilterTest" time="7.670"/>
  <system-out/>
</testsuite> <!-- com.ReasonLinkingPage.ReasonLinkingCycleTimeSourceFilterTest -->
