<?xml version="1.0" encoding="UTF-8"?>
<!-- Generated by org.testng.reporters.JUnitReportReporter -->
<testsuite hostname="SCI-WN-30103" failures="0" tests="1" name="AddReasonPage.VerifytheReasonEditfunctionalityTest" time="4.010" errors="0" timestamp="2026-02-16T17:59:51 IST" skipped="0">
  <testcase classname="AddReasonPage.VerifytheReasonEditfunctionalityTest" name="VerifytheReasonEditfunctionalityTest" time="4.010"/>
</testsuite> <!-- AddReasonPage.VerifytheReasonEditfunctionalityTest -->
