<?xml version="1.0" encoding="UTF-8"?>
<!-- Generated by org.testng.reporters.JUnitReportReporter -->
<testsuite hostname="SCI-WN-30103" failures="0" tests="1" name="com.CycleTimeDashboard.VeriftyheExportFeatureBySelectingEquipement" time="24.405" errors="0" timestamp="2026-06-16T18:10:03 IST" skipped="0">
  <testcase classname="com.CycleTimeDashboard.VeriftyheExportFeatureBySelectingEquipement" name="VeriftyheExportFeatureBySelectingEquipement" time="24.405"/>
</testsuite> <!-- com.CycleTimeDashboard.VeriftyheExportFeatureBySelectingEquipement -->
