<?xml version="1.0" encoding="UTF-8"?>
<!-- Generated by org.testng.reporters.JUnitReportReporter -->
<testsuite hostname="SCI-WN-30103" failures="0" tests="1" name="com.OEEDashBoard.VerifytheShiftproductionreportEquipemntwise" time="15.498" errors="0" timestamp="2026-07-24T16:04:37 IST" skipped="0">
  <testcase classname="com.OEEDashBoard.VerifytheShiftproductionreportEquipemntwise" name="VerifytheShiftproductionreportEquipemntwise" time="15.498"/>
</testsuite> <!-- com.OEEDashBoard.VerifytheShiftproductionreportEquipemntwise -->
