<?xml version="1.0" encoding="UTF-8"?>
<!-- Generated by org.testng.reporters.JUnitReportReporter -->
<testsuite hostname="SCI-WN-30103" failures="0" tests="1" name="com.OverallSummary.VerifytheProductionLossAnalysisBarchart" time="18.416" errors="0" timestamp="2026-07-24T16:57:43 IST" skipped="0">
  <testcase classname="com.OverallSummary.VerifytheProductionLossAnalysisBarchart" name="VerifytheProductionLossAnalysisBarchart" time="18.416"/>
</testsuite> <!-- com.OverallSummary.VerifytheProductionLossAnalysisBarchart -->
