<?xml version="1.0" encoding="UTF-8"?>
<!-- Generated by org.testng.reporters.JUnitReportReporter -->
<testsuite hostname="SCI-WN-30103" failures="0" tests="1" name="com.Settings.DepartmentGroup.verifyDefaultMTTRMTBFSourceSelectionTest" time="27.076" errors="0" timestamp="2026-04-08T12:18:52 IST" skipped="0">
  <testcase classname="com.Settings.DepartmentGroup.verifyDefaultMTTRMTBFSourceSelectionTest" name="verifyDefaultMTTRMTBFSourceSelectionTest" time="27.076"/>
</testsuite> <!-- com.Settings.DepartmentGroup.verifyDefaultMTTRMTBFSourceSelectionTest -->
