<?xml version="1.0" encoding="UTF-8"?>
<!-- Generated by org.testng.reporters.JUnitReportReporter -->
<testsuite hostname="SCI-WN-30103" failures="0" tests="1" name="com.RecipeMasterPage.VerifyProductionTypeDropdownFunctionalityTest" time="28.167" errors="0" timestamp="2026-09-17T13:29:02 IST" skipped="0">
  <testcase classname="com.RecipeMasterPage.VerifyProductionTypeDropdownFunctionalityTest" name="VerifyProductionTypeDropdownFunctionalityTest" time="28.167"/>
</testsuite> <!-- com.RecipeMasterPage.VerifyProductionTypeDropdownFunctionalityTest -->
