<?xml version="1.0" encoding="UTF-8"?>
<!-- Generated by org.testng.reporters.JUnitReportReporter -->
<testsuite hostname="SCI-WN-30103" failures="0" tests="1" name="com.OverallSummary.VerifytheSkuSummarytablePercentagewise" time="20.574" errors="0" timestamp="2026-07-15T14:41:52 IST" skipped="0">
  <testcase classname="com.OverallSummary.VerifytheSkuSummarytablePercentagewise" name="VerifytheSkuSummmarytablePercentagewise" time="20.574"/>
</testsuite> <!-- com.OverallSummary.VerifytheSkuSummarytablePercentagewise -->
