<?xml version="1.0" encoding="UTF-8"?>
<!-- Generated by org.testng.reporters.JUnitReportReporter -->
<testsuite hostname="SCI-WN-30103" failures="0" tests="1" name="com.OEEDashBoard.OEEAssociatePerformanceLossReportTest" time="50.375" errors="0" timestamp="2026-05-26T14:01:39 IST" skipped="0">
  <testcase classname="com.OEEDashBoard.OEEAssociatePerformanceLossReportTest" name="OEEAssociatePerformanceLossReportTest" time="50.375"/>
</testsuite> <!-- com.OEEDashBoard.OEEAssociatePerformanceLossReportTest -->
