<?xml version="1.0" encoding="UTF-8"?>
<!-- Generated by org.testng.reporters.JUnitReportReporter -->
<testsuite hostname="SCI-WN-30103" failures="0" tests="1" name="com.OEETarget.VerifytheOEETargetTabledatandPrintData" time="5.916" errors="0" timestamp="2026-07-24T16:13:38 IST" skipped="0">
  <testcase classname="com.OEETarget.VerifytheOEETargetTabledatandPrintData" name="VerifytheOEETargetTabledatandPrintData" time="5.916"/>
</testsuite> <!-- com.OEETarget.VerifytheOEETargetTabledatandPrintData -->
