<?xml version="1.0" encoding="UTF-8"?>
<!-- Generated by org.testng.reporters.JUnitReportReporter -->
<testsuite hostname="SCI-WN-30103" failures="0" tests="1" name="com.ReasonLinkingPage.ReasonLinkingUnlinkedFilterTest" time="5.430" errors="0" timestamp="2026-02-02T12:46:07 IST" skipped="0">
  <testcase classname="com.ReasonLinkingPage.ReasonLinkingUnlinkedFilterTest" name="ReasonLinkingUnlinkedFilterTest" time="5.430"/>
</testsuite> <!-- com.ReasonLinkingPage.ReasonLinkingUnlinkedFilterTest -->
