<?xml version="1.0" encoding="UTF-8"?>
<!-- Generated by org.testng.reporters.JUnitReportReporter -->
<testsuite hostname="SCI-WN-30103" failures="0" tests="1" name="com.RoleCreateModule.VerifytheRoleSearchfieldFunctionality" time="5.592" errors="0" timestamp="2026-08-20T12:20:23 IST" skipped="0">
  <testcase classname="com.RoleCreateModule.VerifytheRoleSearchfieldFunctionality" name="VerifytheRoleSearchfieldFunctionality" time="5.592"/>
</testsuite> <!-- com.RoleCreateModule.VerifytheRoleSearchfieldFunctionality -->
