<?xml version="1.0" encoding="UTF-8"?>
<!-- Generated by org.testng.reporters.JUnitReportReporter -->
<testsuite hostname="SCI-WN-30103" failures="0" tests="1" name="com.RoleCreateModule.VerifytheRoleChangeStatusFuctionality" time="10.842" errors="0" timestamp="2026-06-24T14:46:22 IST" skipped="0">
  <testcase classname="com.RoleCreateModule.VerifytheRoleChangeStatusFuctionality" name="VerifytheRoleChangeStatusFuctionality" time="10.842"/>
</testsuite> <!-- com.RoleCreateModule.VerifytheRoleChangeStatusFuctionality -->
