<?xml version="1.0" encoding="UTF-8"?>
<!-- Generated by org.testng.reporters.JUnitReportReporter -->
<testsuite hostname="SCI-WN-30103" failures="0" tests="1" name="com.OverallSummary.VerifytheOverallSummaryPageNavigation" time="7.278" errors="0" timestamp="2026-07-27T17:38:07 IST" skipped="0">
  <testcase classname="com.OverallSummary.VerifytheOverallSummaryPageNavigation" name="VerifytheOverallSummarypageNavigation" time="7.278"/>
</testsuite> <!-- com.OverallSummary.VerifytheOverallSummaryPageNavigation -->
