<?xml version="1.0" encoding="UTF-8"?>
<!-- Generated by org.testng.reporters.JUnitReportReporter -->
<testsuite hostname="SCI-WN-30103" failures="0" tests="1" name="com.Settings.DepartmentGroup.verifyMTTRMTBFSourceRadioButtonsTest" time="5.961" errors="0" timestamp="2026-02-02T13:00:53 IST" skipped="0">
  <testcase classname="com.Settings.DepartmentGroup.verifyMTTRMTBFSourceRadioButtonsTest" name="verifyAddDepartmentGroupTest" time="5.961"/>
</testsuite> <!-- com.Settings.DepartmentGroup.verifyMTTRMTBFSourceRadioButtonsTest -->
