<?xml version="1.0" encoding="UTF-8"?>
<!-- Generated by org.testng.reporters.JUnitReportReporter -->
<testsuite hostname="SCI-WN-30103" failures="0" tests="1" name="com.ReasonLinkingPage.ReasonLinkingCycleTimeSourceFilterTest" time="6.234" errors="0" timestamp="2026-05-21T17:58:36 IST" skipped="0">
  <testcase classname="com.ReasonLinkingPage.ReasonLinkingCycleTimeSourceFilterTest" name="ReasonLinkingCycleTimeSourceFilterTest" time="6.234"/>
</testsuite> <!-- com.ReasonLinkingPage.ReasonLinkingCycleTimeSourceFilterTest -->
