<?xml version="1.0" encoding="UTF-8"?>
<!-- Generated by org.testng.reporters.JUnitReportReporter -->
<testsuite hostname="SCI-WN-30103" failures="0" tests="1" name="com.OEEDashBoard.VerifythEWorstperfmingMachineName" time="30.953" errors="0" timestamp="2026-06-02T17:39:33 IST" skipped="0">
  <testcase classname="com.OEEDashBoard.VerifythEWorstperfmingMachineName" name="VerifyDisplaytheBestPerformingMachine" time="30.953"/>
</testsuite> <!-- com.OEEDashBoard.VerifythEWorstperfmingMachineName -->
