<?xml version="1.0" encoding="UTF-8"?>
<!-- Generated by org.testng.reporters.JUnitReportReporter -->
<testsuite hostname="SCI-WN-30103" failures="0" tests="1" name="com.CycleTimeDashboard.VeriftyheExportFeatureBySelectingOperator" time="24.683" errors="0" timestamp="2026-06-30T17:06:00 IST" skipped="0">
  <testcase classname="com.CycleTimeDashboard.VeriftyheExportFeatureBySelectingOperator" name="VeriftyheExportFeatureBySelectingOperator" time="24.683"/>
</testsuite> <!-- com.CycleTimeDashboard.VeriftyheExportFeatureBySelectingOperator -->
