<?xml version="1.0" encoding="UTF-8"?>
<!-- Generated by org.testng.reporters.JUnitReportReporter -->
<testsuite hostname="SCI-WN-30103" failures="0" tests="1" name="com.DowntimeTarget.VerfiytheBulkDowntimeTargetFunationality" time="14.141" errors="0" timestamp="2026-07-16T12:56:16 IST" skipped="0">
  <testcase classname="com.DowntimeTarget.VerfiytheBulkDowntimeTargetFunationality" name="VerfiytheBulkDowntimeTargetFunationality" time="14.141"/>
</testsuite> <!-- com.DowntimeTarget.VerfiytheBulkDowntimeTargetFunationality -->
