<?xml version="1.0" encoding="UTF-8"?>
<!-- Generated by org.testng.reporters.JUnitReportReporter -->
<testsuite hostname="SCI-WN-30103" failures="0" tests="1" name="com.AddAssociates.VerifytheAddAssociatesPageNavigation" time="4.267" errors="0" timestamp="2026-07-27T17:38:08 IST" skipped="0">
  <testcase classname="com.AddAssociates.VerifytheAddAssociatesPageNavigation" name="VerifytheAddAssociatesPageNavigation" time="4.267"/>
</testsuite> <!-- com.AddAssociates.VerifytheAddAssociatesPageNavigation -->
