<?xml version="1.0" encoding="UTF-8"?>
<!-- Generated by org.testng.reporters.JUnitReportReporter -->
<testsuite hostname="SCI-WN-30103" failures="0" tests="1" name="com.Settings.DepartmentGroup.verifyRequiredFieldValidationForNameTest" time="24.711" errors="0" timestamp="2026-08-06T13:48:36 IST" skipped="0">
  <testcase classname="com.Settings.DepartmentGroup.verifyRequiredFieldValidationForNameTest" name="verifyRequiredFieldValidationForNameTest" time="24.711"/>
</testsuite> <!-- com.Settings.DepartmentGroup.verifyRequiredFieldValidationForNameTest -->
