<?xml version="1.0" encoding="UTF-8"?>
<!-- Generated by org.testng.reporters.JUnitReportReporter -->
<testsuite hostname="SCI-WN-30103" failures="0" tests="1" name="com.Settings.DepartmentGroup.verifyRequiredFieldValidationForNameTest" time="27.664" errors="0" timestamp="2026-06-29T15:58:38 IST" skipped="0">
  <testcase classname="com.Settings.DepartmentGroup.verifyRequiredFieldValidationForNameTest" name="verifyRequiredFieldValidationForNameTest" time="27.664"/>
</testsuite> <!-- com.Settings.DepartmentGroup.verifyRequiredFieldValidationForNameTest -->
