<?xml version="1.0" encoding="UTF-8"?>
<!-- Generated by org.testng.reporters.JUnitReportReporter -->
<testsuite hostname="SCI-WN-30103" failures="0" tests="1" name="com.DowntimeShiftview.VerifyShiftBViewDisplaysDataForDifferentShiftsTest" time="6.989" errors="0" timestamp="2026-04-07T14:48:11 IST" skipped="0">
  <testcase classname="com.DowntimeShiftview.VerifyShiftBViewDisplaysDataForDifferentShiftsTest" name="VerifyShiftBViewDisplaysDataForDifferentShiftsTest" time="6.989"/>
</testsuite> <!-- com.DowntimeShiftview.VerifyShiftBViewDisplaysDataForDifferentShiftsTest -->
