<?xml version="1.0" encoding="UTF-8"?>
<!-- Generated by org.testng.reporters.JUnitReportReporter -->
<testsuite hostname="SCI-WN-30103" failures="0" tests="1" name="com.DowntimeShiftview.VerifyShiftAViewDisplaysDataForDifferentShiftsTest" time="8.492" errors="0" timestamp="2026-07-02T17:34:06 IST" skipped="0">
  <testcase classname="com.DowntimeShiftview.VerifyShiftAViewDisplaysDataForDifferentShiftsTest" name="VerifyShiftAViewDisplaysDataForDifferentShiftsTest" time="8.492"/>
</testsuite> <!-- com.DowntimeShiftview.VerifyShiftAViewDisplaysDataForDifferentShiftsTest -->
