<?xml version="1.0" encoding="UTF-8"?>
<!-- Generated by org.testng.reporters.JUnitReportReporter -->
<testsuite hostname="SCI-WN-30103" failures="0" tests="1" name="com.AddAssociates.VerifytheAddAsscociatesFuctionality" time="15.214" errors="0" timestamp="2026-07-27T17:38:08 IST" skipped="0">
  <testcase classname="com.AddAssociates.VerifytheAddAsscociatesFuctionality" name="VerifytheAddAsscociatesFuctionality" time="15.214"/>
</testsuite> <!-- com.AddAssociates.VerifytheAddAsscociatesFuctionality -->
