<?xml version="1.0" encoding="UTF-8"?>
<!-- Generated by org.testng.reporters.JUnitReportReporter -->
<testsuite hostname="SCI-WN-30103" failures="0" tests="1" name="com.RecipeMasterPage.VerifyTheRecipeSearchFunctionalityTest" time="7.454" errors="0" timestamp="2026-08-06T13:48:36 IST" skipped="0">
  <testcase classname="com.RecipeMasterPage.VerifyTheRecipeSearchFunctionalityTest" name="VerifytheRecipeSearchfunctionalityTest" time="7.454"/>
</testsuite> <!-- com.RecipeMasterPage.VerifyTheRecipeSearchFunctionalityTest -->
