<?xml version="1.0" encoding="UTF-8"?>
<!-- Generated by org.testng.reporters.JUnitReportReporter -->
<testsuite hostname="SCI-WN-30103" failures="0" tests="1" name="com.Settings.DepartmentGroup.verifyEditDepartmentGroupTest" time="25.105" errors="0" timestamp="2026-05-20T17:05:07 IST" skipped="0">
  <testcase classname="com.Settings.DepartmentGroup.verifyEditDepartmentGroupTest" name="verifyEditDepartmentGroupTest" time="25.105"/>
</testsuite> <!-- com.Settings.DepartmentGroup.verifyEditDepartmentGroupTest -->
