<?xml version="1.0" encoding="UTF-8"?>
<!-- Generated by org.testng.reporters.JUnitReportReporter -->
<testsuite hostname="SCI-WN-30103" failures="0" tests="1" name="com.UserCreate.VerifytheResetPasswordFunctionality" time="10.146" errors="0" timestamp="2026-08-11T15:00:51 IST" skipped="0">
  <testcase classname="com.UserCreate.VerifytheResetPasswordFunctionality" name="VerifytheResetPasswordFunctionality" time="10.146"/>
</testsuite> <!-- com.UserCreate.VerifytheResetPasswordFunctionality -->
