<?xml version="1.0" encoding="UTF-8"?>
<!-- Generated by org.testng.reporters.JUnitReportReporter -->
<testsuite hostname="SCI-WN-30103" failures="0" tests="1" name="com.AddReasonPage.VerifyBasedonDepartmentReasonTest" time="11.473" errors="0" timestamp="2026-08-17T13:08:36 IST" skipped="0">
  <testcase classname="com.AddReasonPage.VerifyBasedonDepartmentReasonTest" name="VerifyBasedonDepartmentReasonTest" time="11.473"/>
</testsuite> <!-- com.AddReasonPage.VerifyBasedonDepartmentReasonTest -->
