<?xml version="1.0" encoding="UTF-8"?>
<!-- Generated by org.testng.reporters.JUnitReportReporter -->
<testsuite hostname="SCI-WN-30103" failures="0" tests="1" name="com.RoleCreateModule.VerifytheDeleteRolefunctionality" time="16.582" errors="0" timestamp="2026-06-29T15:58:38 IST" skipped="0">
  <testcase classname="com.RoleCreateModule.VerifytheDeleteRolefunctionality" name="VerifytheDeleteRolefunctionality" time="16.582"/>
</testsuite> <!-- com.RoleCreateModule.VerifytheDeleteRolefunctionality -->
