<?xml version="1.0" encoding="UTF-8"?>
<!-- Generated by org.testng.reporters.JUnitReportReporter -->
<testsuite hostname="SCI-WN-30103" failures="0" tests="1" name="com.CycleTimeDashboard.VeriftyheExportFeatureBySelectingEquipement" time="26.872" errors="0" timestamp="2026-07-24T15:06:46 IST" skipped="0">
  <testcase classname="com.CycleTimeDashboard.VeriftyheExportFeatureBySelectingEquipement" name="VeriftyheExportFeatureBySelectingEquipement" time="26.872"/>
</testsuite> <!-- com.CycleTimeDashboard.VeriftyheExportFeatureBySelectingEquipement -->
