<?xml version="1.0" encoding="UTF-8"?>
<!-- Generated by org.testng.reporters.JUnitReportReporter -->
<testsuite hostname="SCI-WN-30103" failures="0" tests="1" name="com.CycleTimeDashboard.VerifythetoooltipdatabyselectingByEquipementvalue" time="22.161" errors="0" timestamp="2026-06-03T16:31:52 IST" skipped="0">
  <testcase classname="com.CycleTimeDashboard.VerifythetoooltipdatabyselectingByEquipementvalue" name="VerifythetoooltipdatabyselectingByEquipementvalue" time="22.161"/>
</testsuite> <!-- com.CycleTimeDashboard.VerifythetoooltipdatabyselectingByEquipementvalue -->
