<?xml version="1.0" encoding="UTF-8"?>
<!-- Generated by org.testng.reporters.JUnitReportReporter -->
<testsuite hostname="SCI-WN-30103" failures="0" tests="1" name="com.RCAReport.VerifytheWeightedAveragesModeValuedata" time="6.411" errors="0" timestamp="2026-09-17T13:29:00 IST" skipped="0">
  <testcase classname="com.RCAReport.VerifytheWeightedAveragesModeValuedata" name="VerifytheWeightedAveragesModeValuedata" time="6.411"/>
</testsuite> <!-- com.RCAReport.VerifytheWeightedAveragesModeValuedata -->
