<?xml version="1.0" encoding="UTF-8"?>
<!-- Generated by org.testng.reporters.JUnitReportReporter -->
<testsuite hostname="SCI-WN-30103" failures="0" tests="1" name="com.RCAReport.VeriftheMachinePotentialGrahpBarchart" time="45.768" errors="0" timestamp="2026-09-10T16:18:05 IST" skipped="0">
  <testcase classname="com.RCAReport.VeriftheMachinePotentialGrahpBarchart" name="VerifytheMachinePotentilaGraphBarchart" time="45.768"/>
</testsuite> <!-- com.RCAReport.VeriftheMachinePotentialGrahpBarchart -->
