<?xml version="1.0" encoding="UTF-8"?>
<!-- Generated by org.testng.reporters.JUnitXMLReporter -->
<testsuite ignored="0" hostname="SCI-WN-30103" failures="9" tests="183" name="Test" time="6630.308" errors="0" timestamp="2026-09-07T12:15:55 IST">
  <testcase classname="com.sgplus.erp.genericutility.BaseClass" name="@AfterMethod configAM" time="0.006">
    <failure type="org.openqa.selenium.NoSuchWindowException" message="no such window: target window already closed
from unknown error: web view not found
  (Session info: chrome=152.0.7977.76)
Build info: version: &amp;apos;4.38.0&amp;apos;, revision: &amp;apos;6b412e825c&amp;apos;
System info: os.name: &amp;apos;Windows 11&amp;apos;, os.arch: &amp;apos;amd64&amp;apos;, os.version: &amp;apos;10.0&amp;apos;, java.version: &amp;apos;21.0.9&amp;apos;
Driver info: org.openqa.selenium.chrome.ChromeDriver
Command: [f547b7f5c9fa8d3369682cd3e3cdf288, findElement {using=xpath, value=//span[text()=&amp;quot;Logout&amp;quot;]}]
Capabilities {acceptInsecureCerts: false, browserName: chrome, browserVersion: 152.0.7977.76, chrome: {chromedriverVersion: 152.0.7977.82 (d04cdb24d67b..., userDataDir: C:\Users\W066520\AppData\Lo...}, fedcm:accounts: true, goog:chromeOptions: {debuggerAddress: localhost:57196}, goog:processID: 7756, networkConnectionEnabled: false, pageLoadStrategy: normal, platformName: windows, proxy: Proxy(), se:cdp: ws://localhost:57196/devtoo..., se:cdpVersion: 152.0.7977.76, setWindowRect: true, strictFileInteractability: false, timeouts: {implicit: 0, pageLoad: 300000, script: 30000}, unhandledPromptBehavior: dismiss and notify, webauthn:extension:credBlob: true, webauthn:extension:largeBlob: true, webauthn:extension:minPinLength: true, webauthn:extension:prf: true, webauthn:virtualAuthenticators: true}
Session ID: f547b7f5c9fa8d3369682cd3e3cdf288">
      <![CDATA[org.openqa.selenium.NoSuchWindowException: no such window: target window already closed
from unknown error: web view not found
  (Session info: chrome=152.0.7977.76)
Build info: version: '4.38.0', revision: '6b412e825c'
System info: os.name: 'Windows 11', os.arch: 'amd64', os.version: '10.0', java.version: '21.0.9'
Driver info: org.openqa.selenium.chrome.ChromeDriver
Command: [f547b7f5c9fa8d3369682cd3e3cdf288, findElement {using=xpath, value=//span[text()="Logout"]}]
Capabilities {acceptInsecureCerts: false, browserName: chrome, browserVersion: 152.0.7977.76, chrome: {chromedriverVersion: 152.0.7977.82 (d04cdb24d67b..., userDataDir: C:\Users\W066520\AppData\Lo...}, fedcm:accounts: true, goog:chromeOptions: {debuggerAddress: localhost:57196}, goog:processID: 7756, networkConnectionEnabled: false, pageLoadStrategy: normal, platformName: windows, proxy: Proxy(), se:cdp: ws://localhost:57196/devtoo..., se:cdpVersion: 152.0.7977.76, setWindowRect: true, strictFileInteractability: false, timeouts: {implicit: 0, pageLoad: 300000, script: 30000}, unhandledPromptBehavior: dismiss and notify, webauthn:extension:credBlob: true, webauthn:extension:largeBlob: true, webauthn:extension:minPinLength: true, webauthn:extension:prf: true, webauthn:virtualAuthenticators: true}
Session ID: f547b7f5c9fa8d3369682cd3e3cdf288
at org.openqa.selenium.remote.ErrorCodec.decode(ErrorCodec.java:167)
at org.openqa.selenium.remote.codec.w3c.W3CHttpResponseCodec.decode(W3CHttpResponseCodec.java:138)
at org.openqa.selenium.remote.codec.w3c.W3CHttpResponseCodec.decode(W3CHttpResponseCodec.java:50)
at org.openqa.selenium.remote.HttpCommandExecutor.execute(HttpCommandExecutor.java:215)
at org.openqa.selenium.remote.service.DriverCommandExecutor.invokeExecute(DriverCommandExecutor.java:216)
at org.openqa.selenium.remote.service.DriverCommandExecutor.execute(DriverCommandExecutor.java:174)
at org.openqa.selenium.remote.RemoteWebDriver.execute(RemoteWebDriver.java:557)
at org.openqa.selenium.remote.ElementLocation$ElementFinder$2.findElement(ElementLocation.java:165)
at org.openqa.selenium.remote.ElementLocation.findElement(ElementLocation.java:59)
at org.openqa.selenium.remote.RemoteWebDriver.findElement(RemoteWebDriver.java:380)
at org.openqa.selenium.remote.RemoteWebDriver.findElement(RemoteWebDriver.java:374)
at org.openqa.selenium.support.pagefactory.DefaultElementLocator.findElement(DefaultElementLocator.java:68)
at org.openqa.selenium.support.pagefactory.internal.LocatingElementHandler.invoke(LocatingElementHandler.java:38)
at jdk.proxy2/jdk.proxy2.$Proxy15.click(Unknown Source)
at com.sgplus.erp.genericutility.BaseClass.configAM(BaseClass.java:65)
at java.base/java.util.ArrayList.forEach(ArrayList.java:1596)
... Removed 33 stack frames]]>
    </failure>
  </testcase> <!-- @AfterMethod configAM -->
  <testcase classname="com.sgplus.erp.genericutility.BaseClass" name="@AfterClass configAC" time="0.0">
    <skipped/>
  </testcase> <!-- @AfterClass configAC -->
  <testcase classname="com.sgplus.erp.genericutility.BaseClass" name="@AfterMethod configAM" time="1.123">
    <failure type="org.openqa.selenium.ElementClickInterceptedException" message="element click intercepted: Element &amp;lt;span&amp;gt;...&amp;lt;/span&amp;gt; is not clickable at point (1457, 42). Other element would receive the click: &amp;lt;div id=&amp;quot;9darus0za&amp;quot; class=&amp;quot;Toastify__toast Toastify__toast--info Toastify--animate Toastify__bounce-exit--top-right&amp;quot;&amp;gt;...&amp;lt;/div&amp;gt;
  (Session info: chrome=152.0.7977.76)
Build info: version: &amp;apos;4.38.0&amp;apos;, revision: &amp;apos;6b412e825c&amp;apos;
System info: os.name: &amp;apos;Windows 11&amp;apos;, os.arch: &amp;apos;amd64&amp;apos;, os.version: &amp;apos;10.0&amp;apos;, java.version: &amp;apos;21.0.9&amp;apos;
Driver info: org.openqa.selenium.chrome.ChromeDriver
Command: [f8a9655b3fd14e235e561126fd9a6ec9, clickElement {id=f.B7A2477BAD2AA87ECBD398A642823719.d.195A202B1D836F3618F42F5C3708463B.e.1157}]
Capabilities {acceptInsecureCerts: false, browserName: chrome, browserVersion: 152.0.7977.76, chrome: {chromedriverVersion: 152.0.7977.82 (d04cdb24d67b..., userDataDir: C:\Users\W066520\AppData\Lo...}, fedcm:accounts: true, goog:chromeOptions: {debuggerAddress: localhost:58185}, goog:processID: 18064, networkConnectionEnabled: false, pageLoadStrategy: normal, platformName: windows, proxy: Proxy(), se:cdp: ws://localhost:58185/devtoo..., se:cdpVersion: 152.0.7977.76, setWindowRect: true, strictFileInteractability: false, timeouts: {implicit: 0, pageLoad: 300000, script: 30000}, unhandledPromptBehavior: dismiss and notify, webauthn:extension:credBlob: true, webauthn:extension:largeBlob: true, webauthn:extension:minPinLength: true, webauthn:extension:prf: true, webauthn:virtualAuthenticators: true}
Element: [[ChromeDriver: chrome on windows (f8a9655b3fd14e235e561126fd9a6ec9)] -&amp;gt; xpath: //span[text()=&amp;quot;Logout&amp;quot;]]
Session ID: f8a9655b3fd14e235e561126fd9a6ec9">
      <![CDATA[org.openqa.selenium.ElementClickInterceptedException: element click intercepted: Element <span>...</span> is not clickable at point (1457, 42). Other element would receive the click: <div id="9darus0za" class="Toastify__toast Toastify__toast--info Toastify--animate Toastify__bounce-exit--top-right">...</div>
  (Session info: chrome=152.0.7977.76)
Build info: version: '4.38.0', revision: '6b412e825c'
System info: os.name: 'Windows 11', os.arch: 'amd64', os.version: '10.0', java.version: '21.0.9'
Driver info: org.openqa.selenium.chrome.ChromeDriver
Command: [f8a9655b3fd14e235e561126fd9a6ec9, clickElement {id=f.B7A2477BAD2AA87ECBD398A642823719.d.195A202B1D836F3618F42F5C3708463B.e.1157}]
Capabilities {acceptInsecureCerts: false, browserName: chrome, browserVersion: 152.0.7977.76, chrome: {chromedriverVersion: 152.0.7977.82 (d04cdb24d67b..., userDataDir: C:\Users\W066520\AppData\Lo...}, fedcm:accounts: true, goog:chromeOptions: {debuggerAddress: localhost:58185}, goog:processID: 18064, networkConnectionEnabled: false, pageLoadStrategy: normal, platformName: windows, proxy: Proxy(), se:cdp: ws://localhost:58185/devtoo..., se:cdpVersion: 152.0.7977.76, setWindowRect: true, strictFileInteractability: false, timeouts: {implicit: 0, pageLoad: 300000, script: 30000}, unhandledPromptBehavior: dismiss and notify, webauthn:extension:credBlob: true, webauthn:extension:largeBlob: true, webauthn:extension:minPinLength: true, webauthn:extension:prf: true, webauthn:virtualAuthenticators: true}
Element: [[ChromeDriver: chrome on windows (f8a9655b3fd14e235e561126fd9a6ec9)] -> xpath: //span[text()="Logout"]]
Session ID: f8a9655b3fd14e235e561126fd9a6ec9
at org.openqa.selenium.remote.ErrorCodec.decode(ErrorCodec.java:167)
at org.openqa.selenium.remote.codec.w3c.W3CHttpResponseCodec.decode(W3CHttpResponseCodec.java:138)
at org.openqa.selenium.remote.codec.w3c.W3CHttpResponseCodec.decode(W3CHttpResponseCodec.java:50)
at org.openqa.selenium.remote.HttpCommandExecutor.execute(HttpCommandExecutor.java:215)
at org.openqa.selenium.remote.service.DriverCommandExecutor.invokeExecute(DriverCommandExecutor.java:216)
at org.openqa.selenium.remote.service.DriverCommandExecutor.execute(DriverCommandExecutor.java:174)
at org.openqa.selenium.remote.RemoteWebDriver.execute(RemoteWebDriver.java:557)
at org.openqa.selenium.remote.RemoteWebElement.execute(RemoteWebElement.java:223)
at org.openqa.selenium.remote.RemoteWebElement.click(RemoteWebElement.java:76)
at org.openqa.selenium.support.pagefactory.internal.LocatingElementHandler.invoke(LocatingElementHandler.java:51)
at jdk.proxy2/jdk.proxy2.$Proxy15.click(Unknown Source)
at com.sgplus.erp.genericutility.BaseClass.configAM(BaseClass.java:65)
at java.base/java.util.ArrayList.forEach(ArrayList.java:1596)
... Removed 35 stack frames]]>
    </failure>
  </testcase> <!-- @AfterMethod configAM -->
  <testcase classname="com.sgplus.erp.genericutility.BaseClass" name="@AfterClass configAC" time="0.0">
    <skipped/>
  </testcase> <!-- @AfterClass configAC -->
  <testcase classname="com.sgplus.erp.genericutility.BaseClass" name="@AfterMethod configAM" time="0.001">
    <failure type="org.openqa.selenium.NoSuchWindowException" message="no such window: target window already closed
from unknown error: web view not found
  (Session info: chrome=152.0.7977.76)
Build info: version: &amp;apos;4.38.0&amp;apos;, revision: &amp;apos;6b412e825c&amp;apos;
System info: os.name: &amp;apos;Windows 11&amp;apos;, os.arch: &amp;apos;amd64&amp;apos;, os.version: &amp;apos;10.0&amp;apos;, java.version: &amp;apos;21.0.9&amp;apos;
Driver info: org.openqa.selenium.chrome.ChromeDriver
Command: [3a8019faa1361dd93d7148bbf2401ddf, findElement {using=xpath, value=//span[text()=&amp;quot;Logout&amp;quot;]}]
Capabilities {acceptInsecureCerts: false, browserName: chrome, browserVersion: 152.0.7977.76, chrome: {chromedriverVersion: 152.0.7977.82 (d04cdb24d67b..., userDataDir: C:\Users\W066520\AppData\Lo...}, fedcm:accounts: true, goog:chromeOptions: {debuggerAddress: localhost:54215}, goog:processID: 5832, networkConnectionEnabled: false, pageLoadStrategy: normal, platformName: windows, proxy: Proxy(), se:cdp: ws://localhost:54215/devtoo..., se:cdpVersion: 152.0.7977.76, setWindowRect: true, strictFileInteractability: false, timeouts: {implicit: 0, pageLoad: 300000, script: 30000}, unhandledPromptBehavior: dismiss and notify, webauthn:extension:credBlob: true, webauthn:extension:largeBlob: true, webauthn:extension:minPinLength: true, webauthn:extension:prf: true, webauthn:virtualAuthenticators: true}
Session ID: 3a8019faa1361dd93d7148bbf2401ddf">
      <![CDATA[org.openqa.selenium.NoSuchWindowException: no such window: target window already closed
from unknown error: web view not found
  (Session info: chrome=152.0.7977.76)
Build info: version: '4.38.0', revision: '6b412e825c'
System info: os.name: 'Windows 11', os.arch: 'amd64', os.version: '10.0', java.version: '21.0.9'
Driver info: org.openqa.selenium.chrome.ChromeDriver
Command: [3a8019faa1361dd93d7148bbf2401ddf, findElement {using=xpath, value=//span[text()="Logout"]}]
Capabilities {acceptInsecureCerts: false, browserName: chrome, browserVersion: 152.0.7977.76, chrome: {chromedriverVersion: 152.0.7977.82 (d04cdb24d67b..., userDataDir: C:\Users\W066520\AppData\Lo...}, fedcm:accounts: true, goog:chromeOptions: {debuggerAddress: localhost:54215}, goog:processID: 5832, networkConnectionEnabled: false, pageLoadStrategy: normal, platformName: windows, proxy: Proxy(), se:cdp: ws://localhost:54215/devtoo..., se:cdpVersion: 152.0.7977.76, setWindowRect: true, strictFileInteractability: false, timeouts: {implicit: 0, pageLoad: 300000, script: 30000}, unhandledPromptBehavior: dismiss and notify, webauthn:extension:credBlob: true, webauthn:extension:largeBlob: true, webauthn:extension:minPinLength: true, webauthn:extension:prf: true, webauthn:virtualAuthenticators: true}
Session ID: 3a8019faa1361dd93d7148bbf2401ddf
at org.openqa.selenium.remote.ErrorCodec.decode(ErrorCodec.java:167)
at org.openqa.selenium.remote.codec.w3c.W3CHttpResponseCodec.decode(W3CHttpResponseCodec.java:138)
at org.openqa.selenium.remote.codec.w3c.W3CHttpResponseCodec.decode(W3CHttpResponseCodec.java:50)
at org.openqa.selenium.remote.HttpCommandExecutor.execute(HttpCommandExecutor.java:215)
at org.openqa.selenium.remote.service.DriverCommandExecutor.invokeExecute(DriverCommandExecutor.java:216)
at org.openqa.selenium.remote.service.DriverCommandExecutor.execute(DriverCommandExecutor.java:174)
at org.openqa.selenium.remote.RemoteWebDriver.execute(RemoteWebDriver.java:557)
at org.openqa.selenium.remote.ElementLocation$ElementFinder$2.findElement(ElementLocation.java:165)
at org.openqa.selenium.remote.ElementLocation.findElement(ElementLocation.java:59)
at org.openqa.selenium.remote.RemoteWebDriver.findElement(RemoteWebDriver.java:380)
at org.openqa.selenium.remote.RemoteWebDriver.findElement(RemoteWebDriver.java:374)
at org.openqa.selenium.support.pagefactory.DefaultElementLocator.findElement(DefaultElementLocator.java:68)
at org.openqa.selenium.support.pagefactory.internal.LocatingElementHandler.invoke(LocatingElementHandler.java:38)
at jdk.proxy2/jdk.proxy2.$Proxy15.click(Unknown Source)
at com.sgplus.erp.genericutility.BaseClass.configAM(BaseClass.java:65)
at java.base/java.util.ArrayList.forEach(ArrayList.java:1596)
... Removed 33 stack frames]]>
    </failure>
  </testcase> <!-- @AfterMethod configAM -->
  <testcase classname="com.sgplus.erp.genericutility.BaseClass" name="@AfterClass configAC" time="0.0">
    <skipped/>
  </testcase> <!-- @AfterClass configAC -->
  <testcase classname="com.sgplus.erp.genericutility.BaseClass" name="@AfterMethod configAM" time="0.32">
    <failure type="org.openqa.selenium.NoSuchSessionException" message="invalid session id
Build info: version: &amp;apos;4.38.0&amp;apos;, revision: &amp;apos;6b412e825c&amp;apos;
System info: os.name: &amp;apos;Windows 11&amp;apos;, os.arch: &amp;apos;amd64&amp;apos;, os.version: &amp;apos;10.0&amp;apos;, java.version: &amp;apos;21.0.9&amp;apos;
Driver info: org.openqa.selenium.chrome.ChromeDriver
Command: [c4225ef7d7b4720b74eb678454d85fbb, findElement {using=xpath, value=//span[text()=&amp;quot;Logout&amp;quot;]}]
Capabilities {acceptInsecureCerts: false, browserName: chrome, browserVersion: 152.0.7977.76, chrome: {chromedriverVersion: 152.0.7977.82 (d04cdb24d67b..., userDataDir: C:\Users\W066520\AppData\Lo...}, fedcm:accounts: true, goog:chromeOptions: {debuggerAddress: localhost:52486}, goog:processID: 18076, networkConnectionEnabled: false, pageLoadStrategy: normal, platformName: windows, proxy: Proxy(), se:cdp: ws://localhost:52486/devtoo..., se:cdpVersion: 152.0.7977.76, setWindowRect: true, strictFileInteractability: false, timeouts: {implicit: 0, pageLoad: 300000, script: 30000}, unhandledPromptBehavior: dismiss and notify, webauthn:extension:credBlob: true, webauthn:extension:largeBlob: true, webauthn:extension:minPinLength: true, webauthn:extension:prf: true, webauthn:virtualAuthenticators: true}
Session ID: c4225ef7d7b4720b74eb678454d85fbb">
      <![CDATA[org.openqa.selenium.NoSuchSessionException: invalid session id
Build info: version: '4.38.0', revision: '6b412e825c'
System info: os.name: 'Windows 11', os.arch: 'amd64', os.version: '10.0', java.version: '21.0.9'
Driver info: org.openqa.selenium.chrome.ChromeDriver
Command: [c4225ef7d7b4720b74eb678454d85fbb, findElement {using=xpath, value=//span[text()="Logout"]}]
Capabilities {acceptInsecureCerts: false, browserName: chrome, browserVersion: 152.0.7977.76, chrome: {chromedriverVersion: 152.0.7977.82 (d04cdb24d67b..., userDataDir: C:\Users\W066520\AppData\Lo...}, fedcm:accounts: true, goog:chromeOptions: {debuggerAddress: localhost:52486}, goog:processID: 18076, networkConnectionEnabled: false, pageLoadStrategy: normal, platformName: windows, proxy: Proxy(), se:cdp: ws://localhost:52486/devtoo..., se:cdpVersion: 152.0.7977.76, setWindowRect: true, strictFileInteractability: false, timeouts: {implicit: 0, pageLoad: 300000, script: 30000}, unhandledPromptBehavior: dismiss and notify, webauthn:extension:credBlob: true, webauthn:extension:largeBlob: true, webauthn:extension:minPinLength: true, webauthn:extension:prf: true, webauthn:virtualAuthenticators: true}
Session ID: c4225ef7d7b4720b74eb678454d85fbb
at org.openqa.selenium.remote.ErrorCodec.decode(ErrorCodec.java:167)
at org.openqa.selenium.remote.codec.w3c.W3CHttpResponseCodec.decode(W3CHttpResponseCodec.java:138)
at org.openqa.selenium.remote.codec.w3c.W3CHttpResponseCodec.decode(W3CHttpResponseCodec.java:50)
at org.openqa.selenium.remote.HttpCommandExecutor.execute(HttpCommandExecutor.java:215)
at org.openqa.selenium.remote.service.DriverCommandExecutor.invokeExecute(DriverCommandExecutor.java:216)
at org.openqa.selenium.remote.service.DriverCommandExecutor.execute(DriverCommandExecutor.java:174)
at org.openqa.selenium.remote.RemoteWebDriver.execute(RemoteWebDriver.java:557)
at org.openqa.selenium.remote.ElementLocation$ElementFinder$2.findElement(ElementLocation.java:165)
at org.openqa.selenium.remote.ElementLocation.findElement(ElementLocation.java:59)
at org.openqa.selenium.remote.RemoteWebDriver.findElement(RemoteWebDriver.java:380)
at org.openqa.selenium.remote.RemoteWebDriver.findElement(RemoteWebDriver.java:374)
at org.openqa.selenium.support.pagefactory.DefaultElementLocator.findElement(DefaultElementLocator.java:68)
at org.openqa.selenium.support.pagefactory.internal.LocatingElementHandler.invoke(LocatingElementHandler.java:38)
at jdk.proxy2/jdk.proxy2.$Proxy15.click(Unknown Source)
at com.sgplus.erp.genericutility.BaseClass.configAM(BaseClass.java:65)
at java.base/java.util.ArrayList.forEach(ArrayList.java:1596)
... Removed 33 stack frames]]>
    </failure>
  </testcase> <!-- @AfterMethod configAM -->
  <testcase classname="com.sgplus.erp.genericutility.BaseClass" name="@AfterClass configAC" time="0.0">
    <skipped/>
  </testcase> <!-- @AfterClass configAC -->
  <testcase classname="com.DowntimeModule.DowntimeBestMachineTest" name="DowntimeBestMachineTest" time="17.078"/>
  <testcase classname="com.AssociatePerformancereport.DisplaytheOEEAssociateTop5UpskilledPerformanceTest" name="DisplaytheOEEAssociateTop5UpskilledPerformanceTest" time="97.135"/>
  <testcase classname="com.CycleTimeDashboard.VerfytheTotalGoodQuantity" name="verifytheTotalGoodQuantity" time="10.144"/>
  <testcase classname="com.ReasonLinkingPage.BulkReasonLinkingCancelTest" name="BulkReasonLinkingCancelTest" time="7.459"/>
  <testcase classname="com.DowntimeEnhacementPage.DowntimeEnhacementTableExportTest" name="DowntimeEnhacementTableExport" time="6.602"/>
  <testcase classname="com.DowntimeShiftview.VerifyNavigationToShiftViewPageTest" name="VerifyNavigationToShiftViewPageTest" time="7.061"/>
  <testcase classname="com.Settings.Departements.VerifyAddDepartmentTest" name="VerifyAddDepartmentTest" time="27.756"/>
  <testcase classname="com.Settings.DepartmentGroup.verifyAddButtonDisabledStateTest" name="verifyAddButtonDisabledStateTest" time="25.488"/>
  <testcase classname="com.RecipeMasterPage.ValidateRequiredFieldsInAddRecipeFormTest" name="ValidateRequiredFieldsInAddRecipeFormTest" time="28.246"/>
  <testcase classname="com.OEEDashBoard.DisplayallBestPerfoemingMachines" name="DisplayallBestPerfomingMachines" time="21.297"/>
  <testcase classname="com.UserCreate.UserDeleteCancelFuctionality" name="UserDeleteCancelFuctionality" time="63.07"/>
  <testcase classname="com.RoleCreateModule.VerifytheAddRoleFunctionality" name="VerifytheAddRoleFunctionality" time="9.089"/>
  <testcase classname="com.RCAReport.VeriftheMachinePotentialGrahpBarchart" name="VerifytheMachinePotentilaGraphBarchart" time="10.965"/>
  <testcase classname="com.AddAssociates.PrintAllAssociatesTableData" name="PrintAllAssociatesTableData" time="5.052"/>
  <testcase classname="com.AddReasonPage.VerifyBasedonDepartmentgroupSearch" name="VerifyBasedonDepartmentgroupSearch" time="9.733"/>
  <testcase classname="com.DowntimeTarget.VerfiytheBulkDowntimeTargetFunationality" name="VerfiytheBulkDowntimeTargetFunationality" time="12.835"/>
  <testcase classname="com.OEETarget.VerifyCloseBulkLinkingFunctionality" name="VerifyCloseBulkLinkingFunctionality" time="67.419"/>
  <testcase classname="com.OverallSummary.VerifuytheOverallProductionLossData" name="VerifytheOverallProductionData" time="12.601"/>
  <testcase classname="com.DowntimeModule.DowntimeDashboardDataValidationTest" name="DowntimeDashboardDataValidationTest" time="19.34"/>
  <testcase classname="com.AssociatePerformancereport.OEEAssociatePerformanceReportNavigationTest" name="OEEAssociatePerformanceReportNavigationTest" time="7.322"/>
  <testcase classname="com.CycleTimeDashboard.VeriftyheExportFeatureBySelectingEquipement" name="VeriftyheExportFeatureBySelectingEquipement" time="22.489"/>
  <testcase classname="com.ReasonLinkingPage.BulkReasonLinkingFunctionalityTest" name="BulkReasonLinkingFunctionalityTest" time="11.365"/>
  <testcase classname="com.DowntimeEnhacementPage.DowntimeEnhacemntTableDataTest" name="DowntimeEnhacemntTableDataTest" time="6.619"/>
  <testcase classname="com.DowntimeShiftview.VerifyShiftAViewDisplaysDataForDifferentShiftsTest" name="VerifyShiftAViewDisplaysDataForDifferentShiftsTest" time="7.975"/>
  <testcase classname="com.Settings.Departements.verifyDepartmentNameInputTest" name="verifyRequiredFieldValidationTest" time="27.953"/>
  <testcase classname="com.Settings.DepartmentGroup.verifyAddDepartmentGroupTest" name="verifyAddDepartmentGroupTest" time="24.233"/>
  <testcase classname="com.RecipeMasterPage.VerifyCycleTimeFieldInputTest" name="VerifyCycleTimeFieldInputTest" time="26.641"/>
  <testcase classname="com.OEEDashBoard.DisplayAllWorstPerformingMachines" name="VerifytheWorstPerformingMachines" time="18.576"/>
  <testcase classname="com.UserCreate.VerifyAssignOnlySingleAreaToUser" name="VerifyAssignOnlySingleAreaToUser" time="10.244"/>
  <testcase classname="com.RoleCreateModule.VerifytheDeleteRoleCancelFunctionality" name="VerifytheDeleteRoleCancelFunctionality" time="62.673"/>
  <testcase classname="com.RCAReport.VerifyMachinewiseSummaryBarChart" name="VerifyMachinewiseSummaryBarChart" time="11.416"/>
  <testcase classname="com.AddAssociates.VerifyAddAssociatesBtn" name="VerifyAddAssociatesBtn" time="1.855"/>
  <testcase classname="com.AddReasonPage.VerifyBasedonDepartmentReasonTest" name="VerifyBasedonDepartmentReasonTest" time="8.802"/>
  <testcase classname="com.DowntimeTarget.VerifytheCancelBulkUpdateFuctionality" name="VerifytheCancelBulkUpdateFuctionality" time="66.163"/>
  <testcase classname="com.OEETarget.VerifytehOeeTagetTablepageHeaders" name="VerifytehOeeTagetTablepageHeaders" time="6.004"/>
  <testcase classname="com.OverallSummary.VerifytheOverallSummaryPageNavigation" name="VerifytheOverallSummarypageNavigation" time="5.115"/>
  <testcase classname="com.DowntimeModule.DowntimeDashboardNavigationTest" name="DowntimeDashboardNavigationTest" time="6.852"/>
  <testcase classname="com.AssociatePerformancereport.OEEAssociateTop5BestPerformanceTest" name="OEEAssociateTop5BestPerformanceTest" time="83.013"/>
  <testcase classname="com.CycleTimeDashboard.VeriftyheExportFeatureBySelectingOperator" name="VeriftyheExportFeatureBySelectingOperator" time="21.51"/>
  <testcase classname="com.ReasonLinkingPage.ReasonLinkingCombinedExportTest" name="ReasonLinkingCombinedExportTest" time="6.638"/>
  <testcase classname="com.DowntimeEnhacementPage.NavigateToDowntimeEnhancementPageTest" name="NavigateToDowntimeEnhancementPage" time="5.781"/>
  <testcase classname="com.DowntimeShiftview.VerifyShiftBViewDisplaysDataForDifferentShiftsTest" name="VerifyShiftBViewDisplaysDataForDifferentShiftsTest" time="126.146">
    <failure type="org.openqa.selenium.NoSuchWindowException" message="no such window: target window already closed
from unknown error: web view not found
  (Session info: chrome=152.0.7977.76)
Build info: version: &amp;apos;4.38.0&amp;apos;, revision: &amp;apos;6b412e825c&amp;apos;
System info: os.name: &amp;apos;Windows 11&amp;apos;, os.arch: &amp;apos;amd64&amp;apos;, os.version: &amp;apos;10.0&amp;apos;, java.version: &amp;apos;21.0.9&amp;apos;
Driver info: org.openqa.selenium.chrome.ChromeDriver
Command: [f547b7f5c9fa8d3369682cd3e3cdf288, findElement {using=xpath, value=//select[@class=&amp;quot;form-control&amp;quot;]}]
Capabilities {acceptInsecureCerts: false, browserName: chrome, browserVersion: 152.0.7977.76, chrome: {chromedriverVersion: 152.0.7977.82 (d04cdb24d67b..., userDataDir: C:\Users\W066520\AppData\Lo...}, fedcm:accounts: true, goog:chromeOptions: {debuggerAddress: localhost:57196}, goog:processID: 7756, networkConnectionEnabled: false, pageLoadStrategy: normal, platformName: windows, proxy: Proxy(), se:cdp: ws://localhost:57196/devtoo..., se:cdpVersion: 152.0.7977.76, setWindowRect: true, strictFileInteractability: false, timeouts: {implicit: 0, pageLoad: 300000, script: 30000}, unhandledPromptBehavior: dismiss and notify, webauthn:extension:credBlob: true, webauthn:extension:largeBlob: true, webauthn:extension:minPinLength: true, webauthn:extension:prf: true, webauthn:virtualAuthenticators: true}
Session ID: f547b7f5c9fa8d3369682cd3e3cdf288">
      <![CDATA[org.openqa.selenium.NoSuchWindowException: no such window: target window already closed
from unknown error: web view not found
  (Session info: chrome=152.0.7977.76)
Build info: version: '4.38.0', revision: '6b412e825c'
System info: os.name: 'Windows 11', os.arch: 'amd64', os.version: '10.0', java.version: '21.0.9'
Driver info: org.openqa.selenium.chrome.ChromeDriver
Command: [f547b7f5c9fa8d3369682cd3e3cdf288, findElement {using=xpath, value=//select[@class="form-control"]}]
Capabilities {acceptInsecureCerts: false, browserName: chrome, browserVersion: 152.0.7977.76, chrome: {chromedriverVersion: 152.0.7977.82 (d04cdb24d67b..., userDataDir: C:\Users\W066520\AppData\Lo...}, fedcm:accounts: true, goog:chromeOptions: {debuggerAddress: localhost:57196}, goog:processID: 7756, networkConnectionEnabled: false, pageLoadStrategy: normal, platformName: windows, proxy: Proxy(), se:cdp: ws://localhost:57196/devtoo..., se:cdpVersion: 152.0.7977.76, setWindowRect: true, strictFileInteractability: false, timeouts: {implicit: 0, pageLoad: 300000, script: 30000}, unhandledPromptBehavior: dismiss and notify, webauthn:extension:credBlob: true, webauthn:extension:largeBlob: true, webauthn:extension:minPinLength: true, webauthn:extension:prf: true, webauthn:virtualAuthenticators: true}
Session ID: f547b7f5c9fa8d3369682cd3e3cdf288
at org.openqa.selenium.remote.ErrorCodec.decode(ErrorCodec.java:167)
at org.openqa.selenium.remote.codec.w3c.W3CHttpResponseCodec.decode(W3CHttpResponseCodec.java:138)
at org.openqa.selenium.remote.codec.w3c.W3CHttpResponseCodec.decode(W3CHttpResponseCodec.java:50)
at org.openqa.selenium.remote.HttpCommandExecutor.execute(HttpCommandExecutor.java:215)
at org.openqa.selenium.remote.service.DriverCommandExecutor.invokeExecute(DriverCommandExecutor.java:216)
at org.openqa.selenium.remote.service.DriverCommandExecutor.execute(DriverCommandExecutor.java:174)
at org.openqa.selenium.remote.RemoteWebDriver.execute(RemoteWebDriver.java:557)
at org.openqa.selenium.remote.ElementLocation$ElementFinder$2.findElement(ElementLocation.java:165)
at org.openqa.selenium.remote.ElementLocation.findElement(ElementLocation.java:59)
at org.openqa.selenium.remote.RemoteWebDriver.findElement(RemoteWebDriver.java:380)
at org.openqa.selenium.remote.RemoteWebDriver.findElement(RemoteWebDriver.java:374)
at org.openqa.selenium.support.pagefactory.DefaultElementLocator.findElement(DefaultElementLocator.java:68)
at org.openqa.selenium.support.pagefactory.internal.LocatingElementHandler.invoke(LocatingElementHandler.java:38)
at jdk.proxy2/jdk.proxy2.$Proxy15.getTagName(Unknown Source)
at org.openqa.selenium.support.ui.Select.<init>(Select.java:41)
at com.sgplus.erp.genericutility.WebDriverUtility.select(WebDriverUtility.java:105)
at com.DowntimeShiftview.VerifyShiftBViewDisplaysDataForDifferentShiftsTest.VerifyShiftBViewDisplaysDataForDifferentShiftsTest(VerifyShiftBViewDisplaysDataForDifferentShiftsTest.java:47)
at java.base/java.util.ArrayList.forEach(ArrayList.java:1596)
... Removed 28 stack frames]]>
    </failure>
  </testcase> <!-- VerifyShiftBViewDisplaysDataForDifferentShiftsTest -->
  <testcase classname="com.Settings.Departements.verifyEditDepartmenTest" name="verifyEditDepartmenTest" time="23.499"/>
  <testcase classname="com.Settings.DepartmentGroup.verifyDefaultMTTRMTBFSourceSelectionTest" name="verifyDefaultMTTRMTBFSourceSelectionTest" time="23.321"/>
  <testcase classname="com.RecipeMasterPage.VerifyProductionTypeDropdownFunctionalityTest" name="VerifyProductionTypeDropdownFunctionalityTest" time="25.102"/>
  <testcase classname="com.OEEDashBoard.MachinlevelComparsiongraphNameshowncorrectly" name="VerifyMchinelevelComparisonGraphisdisplayedTest" time="17.63"/>
  <testcase classname="com.UserCreate.VerifyAssignOnlySingleEquipementToUser" name="VerifyAssignOnlySingleEquipementToUser" time="631.553"/>
  <testcase classname="com.RoleCreateModule.VerifytheDeleteRolefunctionality" name="VerifytheDeleteRolefunctionality" time="9.023"/>
  <testcase classname="com.RCAReport.VerifytheAggregatedSummaryTableisNotEmpty" name="VerifytheAggregatedSummaryTableisNotEmpty" time="9.744"/>
  <testcase classname="com.AddAssociates.VerifyAssociatesTableContainsData" name="VerifyAssociatesTableContainsData" time="2.001"/>
  <testcase classname="com.AddReasonPage.VerifytheExportFunctionality" name="VerifyBasedonDepartmentReasonTest" time="5.704"/>
  <testcase classname="com.DowntimeTarget.VerifytheColseBulkLinkingDowtimeTargetFuctionality" name="VerifytheColseBulkLinkingDowntimeTargetFuctionality" time="65.625"/>
  <testcase classname="com.OEETarget.VerifytehOEETargetpageNavigation" name="verifytheOEETargetpageNavigation" time="4.256"/>
  <testcase classname="com.OverallSummary.VerifytheProductionLossAnalysisBarchart" name="VerifytheProductionLossAnalysisBarchart" time="12.409"/>
  <testcase classname="com.DowntimeModule.DowntimeWorstMachineTest" name="DowntimeWorstMachineTest" time="19.633"/>
  <testcase classname="com.AssociatePerformancereport.OEEAssociateTop5UpskilledPerformanceTest" name="OEEAssociateTop5UpskilledPerformanceTest" time="91.15"/>
  <testcase classname="com.CycleTimeDashboard.verifyCycleTimeDashboardPageNavigationTest" name="verifyCycleTimeDashboardNavigationTest" time="5.879"/>
  <testcase classname="com.ReasonLinkingPage.ReasonLinkingCombinedTest" name="ReasonLinkingCombinedTest" time="5.743"/>
  <testcase classname="com.DowntimeShiftview.VerifyShiftCViewDisplaysDataForDifferentShiftsTest" name="VerifyShiftBViewDisplaysDataForDifferentShiftsTest" time="5.528"/>
  <testcase classname="com.Settings.Departements.verifyRequiredFieldValidationTest" name="verifyRequiredFieldValidationTest" time="26.851"/>
  <testcase classname="com.Settings.DepartmentGroup.verifyEditDepartmentGroupTest" name="verifyEditDepartmentGroupTest" time="25.455"/>
  <testcase classname="com.RecipeMasterPage.VerifyRecipeCodeFieldInputTest" name="VerifyRecipeCodeFieldInputTest" time="34.649">
    <failure type="org.openqa.selenium.TimeoutException" message="Expected condition failed: waiting for visibility of element located by By.xpath: //div[contains(text(),&amp;apos;Recipe updated successfully&amp;apos;)] (tried for 10 second(s) with 500 milliseconds interval)
Build info: version: &amp;apos;4.38.0&amp;apos;, revision: &amp;apos;6b412e825c&amp;apos;
System info: os.name: &amp;apos;Windows 11&amp;apos;, os.arch: &amp;apos;amd64&amp;apos;, os.version: &amp;apos;10.0&amp;apos;, java.version: &amp;apos;21.0.9&amp;apos;
Driver info: org.openqa.selenium.chrome.ChromeDriver
Capabilities {acceptInsecureCerts: false, browserName: chrome, browserVersion: 152.0.7977.76, chrome: {chromedriverVersion: 152.0.7977.82 (d04cdb24d67b..., userDataDir: C:\Users\W066520\AppData\Lo...}, fedcm:accounts: true, goog:chromeOptions: {debuggerAddress: localhost:58418}, goog:processID: 9876, networkConnectionEnabled: false, pageLoadStrategy: normal, platformName: windows, proxy: Proxy(), se:cdp: ws://localhost:58418/devtoo..., se:cdpVersion: 152.0.7977.76, setWindowRect: true, strictFileInteractability: false, timeouts: {implicit: 0, pageLoad: 300000, script: 30000}, unhandledPromptBehavior: dismiss and notify, webauthn:extension:credBlob: true, webauthn:extension:largeBlob: true, webauthn:extension:minPinLength: true, webauthn:extension:prf: true, webauthn:virtualAuthenticators: true}
Session ID: 2d10255377c743563541ce2c0e47b688">
      <![CDATA[org.openqa.selenium.TimeoutException: Expected condition failed: waiting for visibility of element located by By.xpath: //div[contains(text(),'Recipe updated successfully')] (tried for 10 second(s) with 500 milliseconds interval)
Build info: version: '4.38.0', revision: '6b412e825c'
System info: os.name: 'Windows 11', os.arch: 'amd64', os.version: '10.0', java.version: '21.0.9'
Driver info: org.openqa.selenium.chrome.ChromeDriver
Capabilities {acceptInsecureCerts: false, browserName: chrome, browserVersion: 152.0.7977.76, chrome: {chromedriverVersion: 152.0.7977.82 (d04cdb24d67b..., userDataDir: C:\Users\W066520\AppData\Lo...}, fedcm:accounts: true, goog:chromeOptions: {debuggerAddress: localhost:58418}, goog:processID: 9876, networkConnectionEnabled: false, pageLoadStrategy: normal, platformName: windows, proxy: Proxy(), se:cdp: ws://localhost:58418/devtoo..., se:cdpVersion: 152.0.7977.76, setWindowRect: true, strictFileInteractability: false, timeouts: {implicit: 0, pageLoad: 300000, script: 30000}, unhandledPromptBehavior: dismiss and notify, webauthn:extension:credBlob: true, webauthn:extension:largeBlob: true, webauthn:extension:minPinLength: true, webauthn:extension:prf: true, webauthn:virtualAuthenticators: true}
Session ID: 2d10255377c743563541ce2c0e47b688
at org.openqa.selenium.support.ui.WebDriverWait.timeoutException(WebDriverWait.java:84)
at org.openqa.selenium.support.ui.FluentWait.until(FluentWait.java:228)
at com.RecipeMasterPage.VerifyRecipeCodeFieldInputTest.VerifyRecipeCodeFieldInputTest(VerifyRecipeCodeFieldInputTest.java:79)
at java.base/java.util.ArrayList.forEach(ArrayList.java:1596)
... Removed 25 stack frames]]>
    </failure>
  </testcase> <!-- VerifyRecipeCodeFieldInputTest -->
  <testcase classname="com.OEEDashBoard.NoOfEquipemntFunctionalityTableTest" name="NoOfEquipemntFunctionalityTableTest" time="24.03"/>
  <testcase classname="com.UserCreate.VerifytheAddUserFunctionality" name="VerifytheAddUserFunctionality" time="12.139"/>
  <testcase classname="com.RoleCreateModule.VerifytheEditRoleFuctionality" name="VerifytheEditRoleFuctionality" time="9.676"/>
  <testcase classname="com.RCAReport.VerifytheAggregatedSummaryViewExporttButton" name="VerifytheAggregatedSummaryViewExportButton" time="10.366"/>
  <testcase classname="com.AddAssociates.VerifyAssociatesTableHeaders" name="VerifyAssociatesTableHeaders" time="2.401"/>
  <testcase classname="com.AddReasonPage.VerifytheFilterBasedReasonSearch" name="VerifytheFilterBasedReasonSearch" time="7.89"/>
  <testcase classname="com.DowntimeTarget.VerifytheDowntimepageNavigation" name="VerifytheDowntimepageNavigation" time="4.439"/>
  <testcase classname="com.OEETarget.VerifytheBulkOEETargetFuntionality" name="VerifytheBulkOEETargetFuntionality" time="11.674"/>
  <testcase classname="com.OverallSummary.VerifytheProductionLossTable" name="VerifytheProductionLossTable" time="13.4"/>
  <testcase classname="com.AssociatePerformancereport.VerfiytheOverAllPerformanceGraph" name="VerfiytheOverAllPerformanceGraph" time="83.529">
    <failure type="org.openqa.selenium.StaleElementReferenceException" message="stale element reference: stale element not found in the current frame
  (Session info: chrome=152.0.7977.76)
For documentation on this error, please visit: https://www.selenium.dev/documentation/webdriver/troubleshooting/errors#staleelementreferenceexception
Build info: version: &amp;apos;4.38.0&amp;apos;, revision: &amp;apos;6b412e825c&amp;apos;
System info: os.name: &amp;apos;Windows 11&amp;apos;, os.arch: &amp;apos;amd64&amp;apos;, os.version: &amp;apos;10.0&amp;apos;, java.version: &amp;apos;21.0.9&amp;apos;
Driver info: org.openqa.selenium.chrome.ChromeDriver
Command: [fe3f6dbdfd94368a78e04b7c06a1d031, isElementDisplayed {id=f.5565DCA02150647A524F5AB856AC0866.d.CA71AFFC3799F6CCF1F21619756DECDB.e.196}]
Capabilities {acceptInsecureCerts: false, browserName: chrome, browserVersion: 152.0.7977.76, chrome: {chromedriverVersion: 152.0.7977.82 (d04cdb24d67b..., userDataDir: C:\Users\W066520\AppData\Lo...}, fedcm:accounts: true, goog:chromeOptions: {debuggerAddress: localhost:65128}, goog:processID: 24872, networkConnectionEnabled: false, pageLoadStrategy: normal, platformName: windows, proxy: Proxy(), se:cdp: ws://localhost:65128/devtoo..., se:cdpVersion: 152.0.7977.76, setWindowRect: true, strictFileInteractability: false, timeouts: {implicit: 0, pageLoad: 300000, script: 30000}, unhandledPromptBehavior: dismiss and notify, webauthn:extension:credBlob: true, webauthn:extension:largeBlob: true, webauthn:extension:minPinLength: true, webauthn:extension:prf: true, webauthn:virtualAuthenticators: true}
Element: [[ChromeDriver: chrome on windows (fe3f6dbdfd94368a78e04b7c06a1d031)] -&amp;gt; css selector: .highcharts-point]
Session ID: fe3f6dbdfd94368a78e04b7c06a1d031">
      <![CDATA[org.openqa.selenium.StaleElementReferenceException: stale element reference: stale element not found in the current frame
  (Session info: chrome=152.0.7977.76)
For documentation on this error, please visit: https://www.selenium.dev/documentation/webdriver/troubleshooting/errors#staleelementreferenceexception
Build info: version: '4.38.0', revision: '6b412e825c'
System info: os.name: 'Windows 11', os.arch: 'amd64', os.version: '10.0', java.version: '21.0.9'
Driver info: org.openqa.selenium.chrome.ChromeDriver
Command: [fe3f6dbdfd94368a78e04b7c06a1d031, isElementDisplayed {id=f.5565DCA02150647A524F5AB856AC0866.d.CA71AFFC3799F6CCF1F21619756DECDB.e.196}]
Capabilities {acceptInsecureCerts: false, browserName: chrome, browserVersion: 152.0.7977.76, chrome: {chromedriverVersion: 152.0.7977.82 (d04cdb24d67b..., userDataDir: C:\Users\W066520\AppData\Lo...}, fedcm:accounts: true, goog:chromeOptions: {debuggerAddress: localhost:65128}, goog:processID: 24872, networkConnectionEnabled: false, pageLoadStrategy: normal, platformName: windows, proxy: Proxy(), se:cdp: ws://localhost:65128/devtoo..., se:cdpVersion: 152.0.7977.76, setWindowRect: true, strictFileInteractability: false, timeouts: {implicit: 0, pageLoad: 300000, script: 30000}, unhandledPromptBehavior: dismiss and notify, webauthn:extension:credBlob: true, webauthn:extension:largeBlob: true, webauthn:extension:minPinLength: true, webauthn:extension:prf: true, webauthn:virtualAuthenticators: true}
Element: [[ChromeDriver: chrome on windows (fe3f6dbdfd94368a78e04b7c06a1d031)] -> css selector: .highcharts-point]
Session ID: fe3f6dbdfd94368a78e04b7c06a1d031
at org.openqa.selenium.remote.ErrorCodec.decode(ErrorCodec.java:167)
at org.openqa.selenium.remote.codec.w3c.W3CHttpResponseCodec.decode(W3CHttpResponseCodec.java:138)
at org.openqa.selenium.remote.codec.w3c.W3CHttpResponseCodec.decode(W3CHttpResponseCodec.java:50)
at org.openqa.selenium.remote.HttpCommandExecutor.execute(HttpCommandExecutor.java:215)
at org.openqa.selenium.remote.service.DriverCommandExecutor.invokeExecute(DriverCommandExecutor.java:216)
at org.openqa.selenium.remote.service.DriverCommandExecutor.execute(DriverCommandExecutor.java:174)
at org.openqa.selenium.remote.RemoteWebDriver.execute(RemoteWebDriver.java:557)
at org.openqa.selenium.remote.RemoteWebElement.execute(RemoteWebElement.java:223)
at org.openqa.selenium.remote.RemoteWebElement.isDisplayed(RemoteWebElement.java:282)
at org.openqa.selenium.support.ui.ExpectedConditions$8.apply(ExpectedConditions.java:227)
at org.openqa.selenium.support.ui.ExpectedConditions$8.apply(ExpectedConditions.java:222)
at org.openqa.selenium.support.ui.FluentWait.until(FluentWait.java:203)
at com.AssociatePerformancereport.VerfiytheOverAllPerformanceGraph.VerfiytheOverAllPerformanceGraph(VerfiytheOverAllPerformanceGraph.java:116)
at java.base/java.util.ArrayList.forEach(ArrayList.java:1596)
... Removed 28 stack frames]]>
    </failure>
  </testcase> <!-- VerfiytheOverAllPerformanceGraph -->
  <testcase classname="com.CycleTimeDashboard.verifyCycleTimeDataTable" name="verifCycleTimeDataTable" time="101.862"/>
  <testcase classname="com.ReasonLinkingPage.ReasonLinkingCycleTimeSourceFilterTest" name="ReasonLinkingCycleTimeSourceFilterTest" time="4.848"/>
  <testcase classname="com.DowntimeShiftview.VerifyShiftViewPageDataTest" name="VerifyShiftViewPageDataTest" time="282.741">
    <failure type="org.openqa.selenium.NoSuchWindowException" message="no such window: target window already closed
from unknown error: web view not found
  (Session info: chrome=152.0.7977.76)
Build info: version: &amp;apos;4.38.0&amp;apos;, revision: &amp;apos;6b412e825c&amp;apos;
System info: os.name: &amp;apos;Windows 11&amp;apos;, os.arch: &amp;apos;amd64&amp;apos;, os.version: &amp;apos;10.0&amp;apos;, java.version: &amp;apos;21.0.9&amp;apos;
Driver info: org.openqa.selenium.chrome.ChromeDriver
Command: [3a8019faa1361dd93d7148bbf2401ddf, findElement {using=xpath, value=//select[@class=&amp;quot;form-control&amp;quot;]}]
Capabilities {acceptInsecureCerts: false, browserName: chrome, browserVersion: 152.0.7977.76, chrome: {chromedriverVersion: 152.0.7977.82 (d04cdb24d67b..., userDataDir: C:\Users\W066520\AppData\Lo...}, fedcm:accounts: true, goog:chromeOptions: {debuggerAddress: localhost:54215}, goog:processID: 5832, networkConnectionEnabled: false, pageLoadStrategy: normal, platformName: windows, proxy: Proxy(), se:cdp: ws://localhost:54215/devtoo..., se:cdpVersion: 152.0.7977.76, setWindowRect: true, strictFileInteractability: false, timeouts: {implicit: 0, pageLoad: 300000, script: 30000}, unhandledPromptBehavior: dismiss and notify, webauthn:extension:credBlob: true, webauthn:extension:largeBlob: true, webauthn:extension:minPinLength: true, webauthn:extension:prf: true, webauthn:virtualAuthenticators: true}
Session ID: 3a8019faa1361dd93d7148bbf2401ddf">
      <![CDATA[org.openqa.selenium.NoSuchWindowException: no such window: target window already closed
from unknown error: web view not found
  (Session info: chrome=152.0.7977.76)
Build info: version: '4.38.0', revision: '6b412e825c'
System info: os.name: 'Windows 11', os.arch: 'amd64', os.version: '10.0', java.version: '21.0.9'
Driver info: org.openqa.selenium.chrome.ChromeDriver
Command: [3a8019faa1361dd93d7148bbf2401ddf, findElement {using=xpath, value=//select[@class="form-control"]}]
Capabilities {acceptInsecureCerts: false, browserName: chrome, browserVersion: 152.0.7977.76, chrome: {chromedriverVersion: 152.0.7977.82 (d04cdb24d67b..., userDataDir: C:\Users\W066520\AppData\Lo...}, fedcm:accounts: true, goog:chromeOptions: {debuggerAddress: localhost:54215}, goog:processID: 5832, networkConnectionEnabled: false, pageLoadStrategy: normal, platformName: windows, proxy: Proxy(), se:cdp: ws://localhost:54215/devtoo..., se:cdpVersion: 152.0.7977.76, setWindowRect: true, strictFileInteractability: false, timeouts: {implicit: 0, pageLoad: 300000, script: 30000}, unhandledPromptBehavior: dismiss and notify, webauthn:extension:credBlob: true, webauthn:extension:largeBlob: true, webauthn:extension:minPinLength: true, webauthn:extension:prf: true, webauthn:virtualAuthenticators: true}
Session ID: 3a8019faa1361dd93d7148bbf2401ddf
at org.openqa.selenium.remote.ErrorCodec.decode(ErrorCodec.java:167)
at org.openqa.selenium.remote.codec.w3c.W3CHttpResponseCodec.decode(W3CHttpResponseCodec.java:138)
at org.openqa.selenium.remote.codec.w3c.W3CHttpResponseCodec.decode(W3CHttpResponseCodec.java:50)
at org.openqa.selenium.remote.HttpCommandExecutor.execute(HttpCommandExecutor.java:215)
at org.openqa.selenium.remote.service.DriverCommandExecutor.invokeExecute(DriverCommandExecutor.java:216)
at org.openqa.selenium.remote.service.DriverCommandExecutor.execute(DriverCommandExecutor.java:174)
at org.openqa.selenium.remote.RemoteWebDriver.execute(RemoteWebDriver.java:557)
at org.openqa.selenium.remote.ElementLocation$ElementFinder$2.findElement(ElementLocation.java:165)
at org.openqa.selenium.remote.ElementLocation.findElement(ElementLocation.java:59)
at org.openqa.selenium.remote.RemoteWebDriver.findElement(RemoteWebDriver.java:380)
at org.openqa.selenium.remote.RemoteWebDriver.findElement(RemoteWebDriver.java:374)
at org.openqa.selenium.support.pagefactory.DefaultElementLocator.findElement(DefaultElementLocator.java:68)
at org.openqa.selenium.support.pagefactory.internal.LocatingElementHandler.invoke(LocatingElementHandler.java:38)
at jdk.proxy2/jdk.proxy2.$Proxy15.getTagName(Unknown Source)
at org.openqa.selenium.support.ui.Select.<init>(Select.java:41)
at com.sgplus.erp.genericutility.WebDriverUtility.select(WebDriverUtility.java:105)
at com.DowntimeShiftview.VerifyShiftViewPageDataTest.VerifyShiftViewPageDataTest(VerifyShiftViewPageDataTest.java:54)
at java.base/java.util.ArrayList.forEach(ArrayList.java:1596)
... Removed 28 stack frames]]>
    </failure>
  </testcase> <!-- VerifyShiftViewPageDataTest -->
  <testcase classname="com.Settings.Departements.verifySearchDepartmentTest" name="VerifyAddDepartmentTest" time="23.94"/>
  <testcase classname="com.Settings.DepartmentGroup.verifyMTTRMTBFSourceRadioButtonsTest" name="verifyAddDepartmentGroupTest" time="24.611"/>
  <testcase classname="com.RecipeMasterPage.VerifySAPCodeFieldInputTest" name="VerifySAPCodeFieldInputTest" time="24.721"/>
  <testcase classname="com.OEEDashBoard.OEEAssociatePerformanceLossReportTest" name="OEEAssociatePerformanceLossReportTest" time="14.542"/>
  <testcase classname="com.UserCreate.VerifytheDeleteUserFunctionality" name="VerifytheDeleteUserFunctionality" time="9.951"/>
  <testcase classname="com.RoleCreateModule.VerifytheRoleAsigningMorePermission" name="VerifytheRoleAsigningMorePermission" time="8.704"/>
  <testcase classname="com.RCAReport.VerifytheAggregatedSummaryViewTable" name="VerifytheAggregatedSummaryViewTable" time="6.321"/>
  <testcase classname="com.AddAssociates.VerifytheAddAsscociatesFuctionality" name="VerifytheAddAsscociatesFuctionality" time="11.273"/>
  <testcase classname="com.AddReasonPage.VerifytheMasterReasonPageNavigation" name="VerifytheMasterReasonPageNavigation" time="2.29"/>
  <testcase classname="com.DowntimeTarget.VerifytheDowntimeTargetDataDisplayed" name="VerifytheDowntimeTargetDataDisplayed" time="3.412"/>
  <testcase classname="com.OEETarget.VerifytheCancelBukUpdateFuctionality" name="VerifytheCancelBukUpdateFuctionality" time="64.843"/>
  <testcase classname="com.OverallSummary.VerifytheSkuSummaryTable" name="VerifytheSkuSummaryTable" time="14.91"/>
  <testcase classname="com.AssociatePerformancereport.VeriftheLossReportexport" name="VeriftheLossReportexport" time="95.155"/>
  <testcase classname="com.CycleTimeDashboard.VerifytehMinuteSetValue" name="VeirfytheMinutesetvalue" time="100.61"/>
  <testcase classname="com.ReasonLinkingPage.ReasonLinkingFilterDataValidationTest" name="ReasonLinkingFilterDataValidationTest" time="4.913"/>
  <testcase classname="com.Settings.Departements.verifyViewDepartmentTest" name="verifyViewDepartmentTest" time="22.951"/>
  <testcase classname="com.Settings.DepartmentGroup.verifyNameTextboxBehaviorTest" name="verifyNameTextboxBehaviorTest" time="23.445"/>
  <testcase classname="com.RecipeMasterPage.VerifytheaddRecipefunctionalityTest" name="VerifytheaddRecipefunctionalityTest" time="25.906"/>
  <testcase classname="com.OEEDashBoard.OEEdashboardpagedatapresentedTest" name="OEEdashboardpagedatapresentedTest" time="18.103"/>
  <testcase classname="com.UserCreate.VerifytheEditpageNavigation" name="VerifytheEditpageNavigation" time="32.515"/>
  <testcase classname="com.RoleCreateModule.VerifytheRoleChangeStatusFuctionality" name="VerifytheRoleChangeStatusFuctionality" time="7.826"/>
  <testcase classname="com.RCAReport.VerifytheElementSummaryviewTableHeadersAndData" name="VerifytheElementSummaryViewtableHeadersAndData" time="23.178"/>
  <testcase classname="com.AddAssociates.VerifytheAddAssociatesPageNavigation" name="VerifytheAddAssociatesPageNavigation" time="1.966"/>
  <testcase classname="com.AddReasonPage.VerifythePrintheExistingReason" name="VerifythePrintheExistingReason" time="2.774"/>
  <testcase classname="com.DowntimeTarget.VerifytheDowntimeTargetEditFuctionality" name="VerifytheDowntimeTargetEditFuctionality" time="9.015"/>
  <testcase classname="com.OEETarget.VerifytheOEETargetEditFuntionality" name="VerifytheOEETargetEditFuntionality" time="9.453"/>
  <testcase classname="com.OverallSummary.VerifytheSkuSummarytablePercentagewise" name="VerifytheSkuSummmarytablePercentagewise" time="12.872"/>
  <testcase classname="com.AssociatePerformancereport.VeriftyheExportFeatureBySelectingRecipe" name="VerifytheExportFeatureBySlectingRecipe" time="17.242"/>
  <testcase classname="com.CycleTimeDashboard.VerifytheBadQuantity" name="verifytheTotalBaDQuantity" time="5.816"/>
  <testcase classname="com.ReasonLinkingPage.ReasonLinkingHandlingSourceFilterTest" name="ReasonLinkingHandlingSourceFilterTest" time="4.085"/>
  <testcase classname="com.Settings.DepartmentGroup.verifyRequiredFieldValidationForNameTest" name="verifyRequiredFieldValidationForNameTest" time="22.985"/>
  <testcase classname="com.RecipeMasterPage.VerifyTheRecipeEditFunctionalityTest" name="VerifytheRecipeEditfunctionalityTest" time="23.837"/>
  <testcase classname="com.OEEDashBoard.OEEdashboardpagenavigationTest" name="OEEdashboardpagenavigationTest" time="6.043"/>
  <testcase classname="com.UserCreate.VerifytheonlySingleGroupToUser" name="VerifytheonlySingleGroupToUser" time="10.439"/>
  <testcase classname="com.RoleCreateModule.VerifytheRolepageNavigation" name="VerifytheRolepageNavigation" time="31.867"/>
  <testcase classname="com.RCAReport.VerifytheElementWiseSummaryViewTable" name="VerifytheElementWiseSummaryViewTable" time="9.875"/>
  <testcase classname="com.AddAssociates.VerifytheAddAssociatesPageTitle" name="VerifytheAddAssociatesPageNavigation" time="1.844"/>
  <testcase classname="com.AddReasonPage.VerifytheReasonEditfunctionalityTest" name="VerifytheReasonEditfunctionalityTest" time="655.667"/>
  <testcase classname="com.DowntimeTarget.VerifytheDowntimeTargetTabledataAndPrintData" name="VerifytheDowntimeTargetTabledataAndPrintDat" time="4.786"/>
  <testcase classname="com.OEETarget.VerifytheOEEtargetpagetitle" name="VerifytheOEEtargetpagetitle" time="3.273"/>
  <testcase classname="com.OverallSummary.VerifytheWeightedAverageTrendGraph" name="VerifytheWeightedAvaearageTrendGraph" time="6.774"/>
  <testcase classname="com.AssociatePerformancereport.VerifyExportfeature" name="VerifyExportfeature" time="106.089">
    <failure type="org.openqa.selenium.TimeoutException" message="Expected condition failed: waiting for element to be clickable: [[ChromeDriver: chrome on windows (1ec2c72b4078eb8005d12545c6ec231e)] -&amp;gt; xpath: //button[@title=&amp;quot;Export&amp;quot;]] (tried for 80 second(s) with 500 milliseconds interval)">
      <![CDATA[org.openqa.selenium.TimeoutException: Expected condition failed: waiting for element to be clickable: [[ChromeDriver: chrome on windows (1ec2c72b4078eb8005d12545c6ec231e)] -> xpath: //button[@title="Export"]] (tried for 80 second(s) with 500 milliseconds interval)
at org.openqa.selenium.support.ui.WebDriverWait.timeoutException(WebDriverWait.java:84)
at org.openqa.selenium.support.ui.FluentWait.until(FluentWait.java:228)
at com.AssociatePerformancereport.VerifyExportfeature.VerifyExportfeature(VerifyExportfeature.java:96)
at java.base/java.util.ArrayList.forEach(ArrayList.java:1596)
Caused by: org.openqa.selenium.NoSuchElementException: no such element: Unable to locate element: {"method":"xpath","selector":"//button[@title="Export"]"}
  (Session info: chrome=152.0.7977.76)
For documentation on this error, please visit: https://www.selenium.dev/documentation/webdriver/troubleshooting/errors#nosuchelementexception
Build info: version: '4.38.0', revision: '6b412e825c'
System info: os.name: 'Windows 11', os.arch: 'amd64', os.version: '10.0', java.version: '21.0.9'
Driver info: org.openqa.selenium.chrome.ChromeDriver
Command: [1ec2c72b4078eb8005d12545c6ec231e, findElement {using=xpath, value=//button[@title="Export"]}]
Capabilities {acceptInsecureCerts: false, browserName: chrome, browserVersion: 152.0.7977.76, chrome: {chromedriverVersion: 152.0.7977.82 (d04cdb24d67b..., userDataDir: C:\Users\W066520\AppData\Lo...}, fedcm:accounts: true, goog:chromeOptions: {debuggerAddress: localhost:54803}, goog:processID: 24864, networkConnectionEnabled: false, pageLoadStrategy: normal, platformName: windows, proxy: Proxy(), se:cdp: ws://localhost:54803/devtoo..., se:cdpVersion: 152.0.7977.76, setWindowRect: true, strictFileInteractability: false, timeouts: {implicit: 0, pageLoad: 300000, script: 30000}, unhandledPromptBehavior: dismiss and notify, webauthn:extension:credBlob: true, webauthn:extension:largeBlob: true, webauthn:extension:minPinLength: true, webauthn:extension:prf: true, webauthn:virtualAuthenticators: true}
Session ID: 1ec2c72b4078eb8005d12545c6ec231e
at org.openqa.selenium.remote.ErrorCodec.decode(ErrorCodec.java:167)
at org.openqa.selenium.remote.codec.w3c.W3CHttpResponseCodec.decode(W3CHttpResponseCodec.java:138)
at org.openqa.selenium.remote.codec.w3c.W3CHttpResponseCodec.decode(W3CHttpResponseCodec.java:50)
at org.openqa.selenium.remote.HttpCommandExecutor.execute(HttpCommandExecutor.java:215)
at org.openqa.selenium.remote.service.DriverCommandExecutor.invokeExecute(DriverCommandExecutor.java:216)
at org.openqa.selenium.remote.service.DriverCommandExecutor.execute(DriverCommandExecutor.java:174)
at org.openqa.selenium.remote.RemoteWebDriver.execute(RemoteWebDriver.java:557)
at org.openqa.selenium.remote.ElementLocation$ElementFinder$2.findElement(ElementLocation.java:165)
at org.openqa.selenium.remote.ElementLocation.findElement(ElementLocation.java:59)
at org.openqa.selenium.remote.RemoteWebDriver.findElement(RemoteWebDriver.java:380)
at org.openqa.selenium.remote.RemoteWebDriver.findElement(RemoteWebDriver.java:374)
at org.openqa.selenium.support.pagefactory.DefaultElementLocator.findElement(DefaultElementLocator.java:68)
at org.openqa.selenium.support.pagefactory.internal.LocatingElementHandler.invoke(LocatingElementHandler.java:38)
at jdk.proxy2/jdk.proxy2.$Proxy15.isDisplayed(Unknown Source)
at org.openqa.selenium.support.ui.ExpectedConditions.elementIfVisible(ExpectedConditions.java:308)
at org.openqa.selenium.support.ui.ExpectedConditions$10.apply(ExpectedConditions.java:294)
at org.openqa.selenium.support.ui.ExpectedConditions$10.apply(ExpectedConditions.java:291)
at org.openqa.selenium.support.ui.ExpectedConditions$23.apply(ExpectedConditions.java:662)
at org.openqa.selenium.support.ui.ExpectedConditions$23.apply(ExpectedConditions.java:658)
at org.openqa.selenium.support.ui.FluentWait.until(FluentWait.java:203)
... 27 more
... Removed 28 stack frames]]>
    </failure>
  </testcase> <!-- VerifyExportfeature -->
  <testcase classname="com.CycleTimeDashboard.verifyTheBarChart" name="VerifyTheBarchart" time="10.22"/>
  <testcase classname="com.ReasonLinkingPage.ReasonLinkingLinkedExportTest" name="ReasonLinkingLinkedExportTest" time="6.666"/>
  <testcase classname="com.Settings.DepartmentGroup.verifySearchDepartmentGroupTest" name="verifySearchDepartmentGroupTest" time="33.325">
    <failure type="org.openqa.selenium.TimeoutException" message="Expected condition failed: waiting for visibility of element located by By.xpath: //td[text()=&amp;apos;Warm Up&amp;apos;] (tried for 20 second(s) with 500 milliseconds interval)
Build info: version: &amp;apos;4.38.0&amp;apos;, revision: &amp;apos;6b412e825c&amp;apos;
System info: os.name: &amp;apos;Windows 11&amp;apos;, os.arch: &amp;apos;amd64&amp;apos;, os.version: &amp;apos;10.0&amp;apos;, java.version: &amp;apos;21.0.9&amp;apos;
Driver info: org.openqa.selenium.chrome.ChromeDriver
Capabilities {acceptInsecureCerts: false, browserName: chrome, browserVersion: 152.0.7977.76, chrome: {chromedriverVersion: 152.0.7977.82 (d04cdb24d67b..., userDataDir: C:\Users\W066520\AppData\Lo...}, fedcm:accounts: true, goog:chromeOptions: {debuggerAddress: localhost:63312}, goog:processID: 2892, networkConnectionEnabled: false, pageLoadStrategy: normal, platformName: windows, proxy: Proxy(), se:cdp: ws://localhost:63312/devtoo..., se:cdpVersion: 152.0.7977.76, setWindowRect: true, strictFileInteractability: false, timeouts: {implicit: 0, pageLoad: 300000, script: 30000}, unhandledPromptBehavior: dismiss and notify, webauthn:extension:credBlob: true, webauthn:extension:largeBlob: true, webauthn:extension:minPinLength: true, webauthn:extension:prf: true, webauthn:virtualAuthenticators: true}
Session ID: b4339853892a51a0183d6fb52f2acf3a">
      <![CDATA[org.openqa.selenium.TimeoutException: Expected condition failed: waiting for visibility of element located by By.xpath: //td[text()='Warm Up'] (tried for 20 second(s) with 500 milliseconds interval)
Build info: version: '4.38.0', revision: '6b412e825c'
System info: os.name: 'Windows 11', os.arch: 'amd64', os.version: '10.0', java.version: '21.0.9'
Driver info: org.openqa.selenium.chrome.ChromeDriver
Capabilities {acceptInsecureCerts: false, browserName: chrome, browserVersion: 152.0.7977.76, chrome: {chromedriverVersion: 152.0.7977.82 (d04cdb24d67b..., userDataDir: C:\Users\W066520\AppData\Lo...}, fedcm:accounts: true, goog:chromeOptions: {debuggerAddress: localhost:63312}, goog:processID: 2892, networkConnectionEnabled: false, pageLoadStrategy: normal, platformName: windows, proxy: Proxy(), se:cdp: ws://localhost:63312/devtoo..., se:cdpVersion: 152.0.7977.76, setWindowRect: true, strictFileInteractability: false, timeouts: {implicit: 0, pageLoad: 300000, script: 30000}, unhandledPromptBehavior: dismiss and notify, webauthn:extension:credBlob: true, webauthn:extension:largeBlob: true, webauthn:extension:minPinLength: true, webauthn:extension:prf: true, webauthn:virtualAuthenticators: true}
Session ID: b4339853892a51a0183d6fb52f2acf3a
at org.openqa.selenium.support.ui.WebDriverWait.timeoutException(WebDriverWait.java:84)
at org.openqa.selenium.support.ui.FluentWait.until(FluentWait.java:228)
at com.Settings.DepartmentGroup.verifySearchDepartmentGroupTest.verifySearchDepartmentGroupTest(verifySearchDepartmentGroupTest.java:80)
at java.base/java.util.ArrayList.forEach(ArrayList.java:1596)
... Removed 25 stack frames]]>
    </failure>
  </testcase> <!-- verifySearchDepartmentGroupTest -->
  <testcase classname="com.RecipeMasterPage.VerifyTheRecipeSearchFunctionalityTest" name="VerifytheRecipeSearchfunctionalityTest" time="2.759"/>
  <testcase classname="com.OEEDashBoard.ProductionCapacitylossgraphTest" name="ProductionCapacitylossgraphTest" time="20.217"/>
  <testcase classname="com.UserCreate.VerifytheResetPasswordFunctionality" name="VerifytheResetPasswordFunctionality" time="8.729"/>
  <testcase classname="com.RoleCreateModule.VerifytheRoleSearchfieldFunctionality" name="VerifytheRoleSearchfieldFunctionality" time="2.178"/>
  <testcase classname="com.RCAReport.VerifytheGreenProductiondata" name="VerifytheGreenProductiondata" time="6.574"/>
  <testcase classname="com.AddAssociates.VerifytheAddAssocoiateCancelFunctionality" name="VerifytheAddAssocoiateCancelFunctionality" time="94.538"/>
  <testcase classname="com.AddReasonPage.VerifytheReasonPageTableHeaders" name="VerifytheReasonPageTableHeaders" time="1.949"/>
  <testcase classname="com.DowntimeTarget.VerifytheDowntimeTargetTablepageHeaders" name="VerifytheDowntimeTargetTablepageHeaders" time="3.89"/>
  <testcase classname="com.OEETarget.VerifytheOEETargetTabledatandPrintData" name="VerifytheOEETargetTabledatandPrintData" time="4.532"/>
  <testcase classname="com.OverallSummary.VerifytheWeightedAverageTrendGraphPrintdata" name="VerifytheWeightedAverageTrendGraphPirintdata" time="54.97"/>
  <testcase classname="com.AssociatePerformancereport.VerifytheAssociatePerformanceLossreportSingleassociate" name="VerifytheAssociatePerformanceLossreportSingleassociate" time="61.056">
    <failure type="org.openqa.selenium.NoSuchSessionException" message="invalid session id: session deleted as the browser has closed the connection
from disconnected: unable to send message to renderer
  (Session info: chrome=152.0.7977.76)
Build info: version: &amp;apos;4.38.0&amp;apos;, revision: &amp;apos;6b412e825c&amp;apos;
System info: os.name: &amp;apos;Windows 11&amp;apos;, os.arch: &amp;apos;amd64&amp;apos;, os.version: &amp;apos;10.0&amp;apos;, java.version: &amp;apos;21.0.9&amp;apos;
Driver info: org.openqa.selenium.chrome.ChromeDriver
Command: [c4225ef7d7b4720b74eb678454d85fbb, findElement {using=xpath, value=//table}]
Capabilities {acceptInsecureCerts: false, browserName: chrome, browserVersion: 152.0.7977.76, chrome: {chromedriverVersion: 152.0.7977.82 (d04cdb24d67b..., userDataDir: C:\Users\W066520\AppData\Lo...}, fedcm:accounts: true, goog:chromeOptions: {debuggerAddress: localhost:52486}, goog:processID: 18076, networkConnectionEnabled: false, pageLoadStrategy: normal, platformName: windows, proxy: Proxy(), se:cdp: ws://localhost:52486/devtoo..., se:cdpVersion: 152.0.7977.76, setWindowRect: true, strictFileInteractability: false, timeouts: {implicit: 0, pageLoad: 300000, script: 30000}, unhandledPromptBehavior: dismiss and notify, webauthn:extension:credBlob: true, webauthn:extension:largeBlob: true, webauthn:extension:minPinLength: true, webauthn:extension:prf: true, webauthn:virtualAuthenticators: true}
Session ID: c4225ef7d7b4720b74eb678454d85fbb">
      <![CDATA[org.openqa.selenium.NoSuchSessionException: invalid session id: session deleted as the browser has closed the connection
from disconnected: unable to send message to renderer
  (Session info: chrome=152.0.7977.76)
Build info: version: '4.38.0', revision: '6b412e825c'
System info: os.name: 'Windows 11', os.arch: 'amd64', os.version: '10.0', java.version: '21.0.9'
Driver info: org.openqa.selenium.chrome.ChromeDriver
Command: [c4225ef7d7b4720b74eb678454d85fbb, findElement {using=xpath, value=//table}]
Capabilities {acceptInsecureCerts: false, browserName: chrome, browserVersion: 152.0.7977.76, chrome: {chromedriverVersion: 152.0.7977.82 (d04cdb24d67b..., userDataDir: C:\Users\W066520\AppData\Lo...}, fedcm:accounts: true, goog:chromeOptions: {debuggerAddress: localhost:52486}, goog:processID: 18076, networkConnectionEnabled: false, pageLoadStrategy: normal, platformName: windows, proxy: Proxy(), se:cdp: ws://localhost:52486/devtoo..., se:cdpVersion: 152.0.7977.76, setWindowRect: true, strictFileInteractability: false, timeouts: {implicit: 0, pageLoad: 300000, script: 30000}, unhandledPromptBehavior: dismiss and notify, webauthn:extension:credBlob: true, webauthn:extension:largeBlob: true, webauthn:extension:minPinLength: true, webauthn:extension:prf: true, webauthn:virtualAuthenticators: true}
Session ID: c4225ef7d7b4720b74eb678454d85fbb
at org.openqa.selenium.remote.ErrorCodec.decode(ErrorCodec.java:167)
at org.openqa.selenium.remote.codec.w3c.W3CHttpResponseCodec.decode(W3CHttpResponseCodec.java:138)
at org.openqa.selenium.remote.codec.w3c.W3CHttpResponseCodec.decode(W3CHttpResponseCodec.java:50)
at org.openqa.selenium.remote.HttpCommandExecutor.execute(HttpCommandExecutor.java:215)
at org.openqa.selenium.remote.service.DriverCommandExecutor.invokeExecute(DriverCommandExecutor.java:216)
at org.openqa.selenium.remote.service.DriverCommandExecutor.execute(DriverCommandExecutor.java:174)
at org.openqa.selenium.remote.RemoteWebDriver.execute(RemoteWebDriver.java:557)
at org.openqa.selenium.remote.ElementLocation$ElementFinder$2.findElement(ElementLocation.java:165)
at org.openqa.selenium.remote.ElementLocation.findElement(ElementLocation.java:59)
at org.openqa.selenium.remote.RemoteWebDriver.findElement(RemoteWebDriver.java:380)
at org.openqa.selenium.remote.RemoteWebDriver.findElement(RemoteWebDriver.java:374)
at org.openqa.selenium.support.ui.ExpectedConditions$7.apply(ExpectedConditions.java:198)
at org.openqa.selenium.support.ui.ExpectedConditions$7.apply(ExpectedConditions.java:194)
at org.openqa.selenium.support.ui.FluentWait.until(FluentWait.java:203)
at com.AssociatePerformancereport.VerifytheAssociatePerformanceLossreportSingleassociate.VerifytheAssociatePerformanceLossreportSingleassociate(VerifytheAssociatePerformanceLossreportSingleassociate.java:94)
at java.base/java.util.ArrayList.forEach(ArrayList.java:1596)
... Removed 28 stack frames]]>
    </failure>
  </testcase> <!-- VerifytheAssociatePerformanceLossreportSingleassociate -->
  <testcase classname="com.CycleTimeDashboard.VerifytheMinutevalueTooltipdata" name="VeirfytheMinutevalueTooltipdata" time="9.777"/>
  <testcase classname="com.ReasonLinkingPage.ReasonLinkingLinkedFilterTest" name="ReasonLinkingLinkedFilterTest" time="3.414"/>
  <testcase classname="com.RecipeMasterPage.VerifyTheRecipeViewFunctionalityTest" name="VerifytheRecipeViewfunctionalityTest" time="22.859"/>
  <testcase classname="com.OEEDashBoard.VerfiyanDisplaytheBestPerformingmachine" name="VerifyDisplaytheBestPerformingMachine" time="20.313"/>
  <testcase classname="com.UserCreate.VerifytheSearchfieldFuctionality" name="VerifytheSearchfieldFuctionality" time="32.555"/>
  <testcase classname="com.RoleCreateModule.VerifytheRoleViewFuctionality" name="VerifytheRoleViewFuctionality" time="32.687"/>
  <testcase classname="com.RCAReport.VerifytheMachinepotentiolLossgraph" name="VerifytheMachinepotentiolLossgraph" time="7.741"/>
  <testcase classname="com.AddAssociates.VerifytheAssocitaesStatusChange" name="VerifytheAssocitaesStatusChange" time="32.695">
    <failure type="org.openqa.selenium.TimeoutException" message="Expected condition failed: waiting for element to be clickable: [[ChromeDriver: chrome on windows (644df1ae031bfe118d34e5fa7bef1fb1)] -&amp;gt; xpath: //label[contains(@for,&amp;apos;custom-switch&amp;apos;)]] (tried for 30 second(s) with 500 milliseconds interval)
Build info: version: &amp;apos;4.38.0&amp;apos;, revision: &amp;apos;6b412e825c&amp;apos;
System info: os.name: &amp;apos;Windows 11&amp;apos;, os.arch: &amp;apos;amd64&amp;apos;, os.version: &amp;apos;10.0&amp;apos;, java.version: &amp;apos;21.0.9&amp;apos;
Driver info: org.openqa.selenium.chrome.ChromeDriver
Capabilities {acceptInsecureCerts: false, browserName: chrome, browserVersion: 152.0.7977.76, chrome: {chromedriverVersion: 152.0.7977.82 (d04cdb24d67b..., userDataDir: C:\Users\W066520\AppData\Lo...}, fedcm:accounts: true, goog:chromeOptions: {debuggerAddress: localhost:54272}, goog:processID: 16476, networkConnectionEnabled: false, pageLoadStrategy: normal, platformName: windows, proxy: Proxy(), se:cdp: ws://localhost:54272/devtoo..., se:cdpVersion: 152.0.7977.76, setWindowRect: true, strictFileInteractability: false, timeouts: {implicit: 0, pageLoad: 300000, script: 30000}, unhandledPromptBehavior: dismiss and notify, webauthn:extension:credBlob: true, webauthn:extension:largeBlob: true, webauthn:extension:minPinLength: true, webauthn:extension:prf: true, webauthn:virtualAuthenticators: true}
Session ID: 644df1ae031bfe118d34e5fa7bef1fb1">
      <![CDATA[org.openqa.selenium.TimeoutException: Expected condition failed: waiting for element to be clickable: [[ChromeDriver: chrome on windows (644df1ae031bfe118d34e5fa7bef1fb1)] -> xpath: //label[contains(@for,'custom-switch')]] (tried for 30 second(s) with 500 milliseconds interval)
Build info: version: '4.38.0', revision: '6b412e825c'
System info: os.name: 'Windows 11', os.arch: 'amd64', os.version: '10.0', java.version: '21.0.9'
Driver info: org.openqa.selenium.chrome.ChromeDriver
Capabilities {acceptInsecureCerts: false, browserName: chrome, browserVersion: 152.0.7977.76, chrome: {chromedriverVersion: 152.0.7977.82 (d04cdb24d67b..., userDataDir: C:\Users\W066520\AppData\Lo...}, fedcm:accounts: true, goog:chromeOptions: {debuggerAddress: localhost:54272}, goog:processID: 16476, networkConnectionEnabled: false, pageLoadStrategy: normal, platformName: windows, proxy: Proxy(), se:cdp: ws://localhost:54272/devtoo..., se:cdpVersion: 152.0.7977.76, setWindowRect: true, strictFileInteractability: false, timeouts: {implicit: 0, pageLoad: 300000, script: 30000}, unhandledPromptBehavior: dismiss and notify, webauthn:extension:credBlob: true, webauthn:extension:largeBlob: true, webauthn:extension:minPinLength: true, webauthn:extension:prf: true, webauthn:virtualAuthenticators: true}
Session ID: 644df1ae031bfe118d34e5fa7bef1fb1
at org.openqa.selenium.support.ui.WebDriverWait.timeoutException(WebDriverWait.java:84)
at org.openqa.selenium.support.ui.FluentWait.until(FluentWait.java:228)
at com.AddAssociates.VerifytheAssocitaesStatusChange.VerifytheAssocitaesStatusChange(VerifytheAssocitaesStatusChange.java:41)
at java.base/java.util.ArrayList.forEach(ArrayList.java:1596)
... Removed 25 stack frames]]>
    </failure>
  </testcase> <!-- VerifytheAssocitaesStatusChange -->
  <testcase classname="com.AddReasonPage.VerifytheReasonsearchfunctionalityTest" name="VerifytheReasonsearchfunctionalityTest" time="2.962"/>
  <testcase classname="com.DowntimeTarget.VerifytheDowntimeTimeTargetPageTitle" name="VerifytheDowntimeTimeTargetPageTitle" time="3.351"/>
  <testcase classname="com.OEETarget.VerifytheOeeTargettableisDisplayed" name="VerifytheOeeTargettableisDisplayed" time="3.921"/>
  <testcase classname="com.AssociatePerformancereport.VerifytheAssociateperformancereportDropdown" name="VerifytheAssociateperformancereportDropdown" time="126.655">
    <failure type="org.openqa.selenium.NoSuchElementException" message="no such element: Unable to locate element: {&amp;quot;method&amp;quot;:&amp;quot;xpath&amp;quot;,&amp;quot;selector&amp;quot;:&amp;quot;//div[@class=&amp;quot; css-1xc3v61-indicatorContainer&amp;quot;]&amp;quot;}
  (Session info: chrome=152.0.7977.76)
For documentation on this error, please visit: https://www.selenium.dev/documentation/webdriver/troubleshooting/errors#nosuchelementexception
Build info: version: &amp;apos;4.38.0&amp;apos;, revision: &amp;apos;6b412e825c&amp;apos;
System info: os.name: &amp;apos;Windows 11&amp;apos;, os.arch: &amp;apos;amd64&amp;apos;, os.version: &amp;apos;10.0&amp;apos;, java.version: &amp;apos;21.0.9&amp;apos;
Driver info: org.openqa.selenium.chrome.ChromeDriver
Command: [902b7908500b6dd04e07d947c8d4c8ab, findElement {using=xpath, value=//div[@class=&amp;quot; css-1xc3v61-indicatorContainer&amp;quot;]}]
Capabilities {acceptInsecureCerts: false, browserName: chrome, browserVersion: 152.0.7977.76, chrome: {chromedriverVersion: 152.0.7977.82 (d04cdb24d67b..., userDataDir: C:\Users\W066520\AppData\Lo...}, fedcm:accounts: true, goog:chromeOptions: {debuggerAddress: localhost:63824}, goog:processID: 2936, networkConnectionEnabled: false, pageLoadStrategy: normal, platformName: windows, proxy: Proxy(), se:cdp: ws://localhost:63824/devtoo..., se:cdpVersion: 152.0.7977.76, setWindowRect: true, strictFileInteractability: false, timeouts: {implicit: 0, pageLoad: 300000, script: 30000}, unhandledPromptBehavior: dismiss and notify, webauthn:extension:credBlob: true, webauthn:extension:largeBlob: true, webauthn:extension:minPinLength: true, webauthn:extension:prf: true, webauthn:virtualAuthenticators: true}
Session ID: 902b7908500b6dd04e07d947c8d4c8ab">
      <![CDATA[org.openqa.selenium.NoSuchElementException: no such element: Unable to locate element: {"method":"xpath","selector":"//div[@class=" css-1xc3v61-indicatorContainer"]"}
  (Session info: chrome=152.0.7977.76)
For documentation on this error, please visit: https://www.selenium.dev/documentation/webdriver/troubleshooting/errors#nosuchelementexception
Build info: version: '4.38.0', revision: '6b412e825c'
System info: os.name: 'Windows 11', os.arch: 'amd64', os.version: '10.0', java.version: '21.0.9'
Driver info: org.openqa.selenium.chrome.ChromeDriver
Command: [902b7908500b6dd04e07d947c8d4c8ab, findElement {using=xpath, value=//div[@class=" css-1xc3v61-indicatorContainer"]}]
Capabilities {acceptInsecureCerts: false, browserName: chrome, browserVersion: 152.0.7977.76, chrome: {chromedriverVersion: 152.0.7977.82 (d04cdb24d67b..., userDataDir: C:\Users\W066520\AppData\Lo...}, fedcm:accounts: true, goog:chromeOptions: {debuggerAddress: localhost:63824}, goog:processID: 2936, networkConnectionEnabled: false, pageLoadStrategy: normal, platformName: windows, proxy: Proxy(), se:cdp: ws://localhost:63824/devtoo..., se:cdpVersion: 152.0.7977.76, setWindowRect: true, strictFileInteractability: false, timeouts: {implicit: 0, pageLoad: 300000, script: 30000}, unhandledPromptBehavior: dismiss and notify, webauthn:extension:credBlob: true, webauthn:extension:largeBlob: true, webauthn:extension:minPinLength: true, webauthn:extension:prf: true, webauthn:virtualAuthenticators: true}
Session ID: 902b7908500b6dd04e07d947c8d4c8ab
at org.openqa.selenium.remote.ErrorCodec.decode(ErrorCodec.java:167)
at org.openqa.selenium.remote.codec.w3c.W3CHttpResponseCodec.decode(W3CHttpResponseCodec.java:138)
at org.openqa.selenium.remote.codec.w3c.W3CHttpResponseCodec.decode(W3CHttpResponseCodec.java:50)
at org.openqa.selenium.remote.HttpCommandExecutor.execute(HttpCommandExecutor.java:215)
at org.openqa.selenium.remote.service.DriverCommandExecutor.invokeExecute(DriverCommandExecutor.java:216)
at org.openqa.selenium.remote.service.DriverCommandExecutor.execute(DriverCommandExecutor.java:174)
at org.openqa.selenium.remote.RemoteWebDriver.execute(RemoteWebDriver.java:557)
at org.openqa.selenium.remote.ElementLocation$ElementFinder$2.findElement(ElementLocation.java:165)
at org.openqa.selenium.remote.ElementLocation.findElement(ElementLocation.java:59)
at org.openqa.selenium.remote.RemoteWebDriver.findElement(RemoteWebDriver.java:380)
at org.openqa.selenium.remote.RemoteWebDriver.findElement(RemoteWebDriver.java:374)
at org.openqa.selenium.support.pagefactory.DefaultElementLocator.findElement(DefaultElementLocator.java:68)
at org.openqa.selenium.support.pagefactory.internal.LocatingElementHandler.invoke(LocatingElementHandler.java:38)
at jdk.proxy2/jdk.proxy2.$Proxy15.getTagName(Unknown Source)
at org.openqa.selenium.support.ui.Select.<init>(Select.java:41)
at com.sgplus.erp.genericutility.WebDriverUtility.select(WebDriverUtility.java:105)
at com.AssociatePerformancereport.VerifytheAssociateperformancereportDropdown.VerifytheAssociateperformancereportDropdown(VerifytheAssociateperformancereportDropdown.java:94)
at java.base/java.util.ArrayList.forEach(ArrayList.java:1596)
... Removed 28 stack frames]]>
    </failure>
  </testcase> <!-- VerifytheAssociateperformancereportDropdown -->
  <testcase classname="com.CycleTimeDashboard.VerifytheRecipesdropdown" name="VerifytheRecipesdropdown" time="35.277"/>
  <testcase classname="com.ReasonLinkingPage.ReasonLinkingNavigationTest" name="ReasonLinkingNavigationTest" time="3.646"/>
  <testcase classname="com.OEEDashBoard.VerifyBestPerformingMachineDisplayed" name="VerifyBestPerformingMachineDisplayed" time="23.369"/>
  <testcase classname="com.UserCreate.VerifytheUserChangeStatusCancelFuctionality" name="VerifytheUserChangeStatusCancelFuctionality" time="63.008"/>
  <testcase classname="com.RoleCreateModule.VerifytherRoleChangeStatusCancelFunctionality" name="VerifytherRoleChangeStatusCancelFunctionality" time="62.318"/>
  <testcase classname="com.RCAReport.VerifytheRCAReportPageNavigation" name="VerifytheRCAReportPageNavigation" time="5.226"/>
  <testcase classname="com.AssociatePerformancereport.VerifytheAssociateperformancetable" name="VerifytheAssociateperformancetable" time="127.484"/>
  <testcase classname="com.CycleTimeDashboard.VerifythethedropdownSeletingSecondsToMinutevalue" name="VeirfythedropdownSeletingSecondsToMinutevalue" time="7.484"/>
  <testcase classname="com.ReasonLinkingPage.ReasonLinkingSingleLinkTest" name="ReasonLinkingFunctionalityTest" time="7.444"/>
  <testcase classname="com.OEEDashBoard.VerifyctheMinutesToPercenatgeShiftproductiontable" name="VerifyctheMinutesToPercenatgeShiftproductiontable" time="64.69"/>
  <testcase classname="com.UserCreate.VerifytheUserChangeStatusFuctionality" name="VerifytheUserChangeStatusFutionality" time="8.701"/>
  <testcase classname="com.RCAReport.VerifytheRedProductionData" name="VerifytheRedProductionData" time="6.725"/>
  <testcase classname="com.AssociatePerformancereport.VerifytheLossrReport" name="VerifytheLossReport" time="92.136"/>
  <testcase classname="com.CycleTimeDashboard.VerifytheTooltipdatabyselectingByEquipementvalue" name="VerifytheTooltipdatabyselectingByEquipementvalue" time="11.164"/>
  <testcase classname="com.ReasonLinkingPage.ReasonLinkingUnlinkedExportTest" name="ReasonLinkingUnlinkedExportTest" time="9.522"/>
  <testcase classname="com.OEEDashBoard.VerifytheShiftproductionreportEquipemntwise" name="VerifytheShiftproductionreportEquipemntwise" time="26.8"/>
  <testcase classname="com.UserCreate.VerifytheUserEditFunctionality" name="VerifytheUserEditFunctionality" time="8.662"/>
  <testcase classname="com.RCAReport.VerifytheRunningCTModeANDTargetCT" name="VerifytheRunningCTModeANDTargetCT" time="6.798"/>
  <testcase classname="com.CycleTimeDashboard.VerifytheTooltipdatabyselectingByOperatorvalue" name="VerifytheTooltipdatabyselectingByOperatorvalue" time="10.368"/>
  <testcase classname="com.ReasonLinkingPage.ReasonLinkingUnlinkedFilterTest" name="ReasonLinkingUnlinkedFilterTest" time="6.69"/>
  <testcase classname="com.OEEDashBoard.VerifytheShiftproductionreportEquipmentandPeriodwise" name="VerifytheShiftproductionreportEquipmentandPeriodwise" time="38.335"/>
  <testcase classname="com.UserCreate.VerifytheUserResetPasswordCancelFunctionality" name="VerifytheUserResetPasswordCancelFunctionality" time="62.913"/>
  <testcase classname="com.RCAReport.VerifytheSkus" name="VerifytheSkus" time="6.961"/>
  <testcase classname="com.CycleTimeDashboard.VerifytheTooltipdataOfBarchart" name="VeirfytheTooltipdataBarchart" time="8.272"/>
  <testcase classname="com.OEEDashBoard.VerifytheShiftproductionreportPeriodwise" name="VerifytheShiftproductionreportPeriodwise" time="28.95"/>
  <testcase classname="com.UserCreate.VerifytheUserViewFuctionality" name="VerifytheUserViewFuctionality" time="32.45"/>
  <testcase classname="com.RCAReport.VerifytheTotalProductionData" name="VerifytheTotalProductionData" time="7.388"/>
  <testcase classname="com.CycleTimeDashboard.VerifytheTotalProduction" name="verifytheTotalProduction" time="5.664"/>
  <testcase classname="com.OEEDashBoard.VerifythEWorstperfmingMachineName" name="VerifyDisplaytheBestPerformingMachine" time="19.573"/>
  <testcase classname="com.RCAReport.VerifytheWeightedAveragesActulaValueData" name="VerifytheWeightedAveragesActulaValueData" time="6.834"/>
  <testcase classname="com.CycleTimeDashboard.VerifytheTotalSetValue" name="verifytheTotalSetValue" time="6.443"/>
  <testcase classname="com.OEEDashBoard.VerifytheWorstPerformingMachines" name="VerifytheWorstPerformingMachines" time="15.805"/>
  <testcase classname="com.RCAReport.VerifytheWeightedAveragesModeValuedata" name="VerifytheWeightedAveragesModeValuedata" time="6.764"/>
  <testcase classname="com.CycleTimeDashboard.VerifytheUnitdropdown" name="VeirfytheUnitdropdown" time="6.655"/>
  <testcase classname="com.RCAReport.VerifytheWieghtedAveragesSetValueData" name="VerifytheWieghtedAveragesData" time="5.569"/>
  <testcase classname="com.CycleTimeDashboard.VerifytheWeightedAvgCTinMinute" name="verifytheWeightedAvgCTMinute" time="7.06"/>
  <testcase classname="com.CycleTimeDashboard.VerifytheWeightedAvgCycleTime" name="verifytheWeightedAvgCycleTime" time="6.433"/>
  <testcase classname="com.CycleTimeDashboard.VerifytheXaxisdropdown" name="VeirfytheAaxisdropdown" time="6.513"/>
  <testcase classname="com.CycleTimeDashboard.VerifytheXaxisdropdownselectingByEquipementvalue" name="VeirfytheXaxixdropdownslectingByEquipementvalue" time="99.932"/>
  <testcase classname="com.CycleTimeDashboard.VerifytheXaxisdropdownselectingByOperatorvalue" name="VerifytheXaxisdropdownselectingByOperatorvalue" time="100.921"/>
</testsuite> <!-- Test -->
