<?xml version="1.0" encoding="UTF-8"?>
<!-- Generated by org.testng.reporters.JUnitXMLReporter -->
<testsuite ignored="0" hostname="SCIL-GWL-355" failures="0" tests="3" name="Test" time="24.621" errors="0" timestamp="2025-08-28T18:12:56 IST">
  <testcase classname="com.ReasonLinkingPage.CheckBothLinkedandUnlinkedData" name="Reasonlinkingpage" time="2.065"/>
  <testcase classname="com.ReasonLinkingPage.CheckExportAlldata" name="Reasonlinkingpage" time="4.756"/>
  <testcase classname="com.ReasonLinkingPage.VerifyBulkResonLinking" name="Reasonlinkingpage" time="5.181"/>
</testsuite> <!-- Test -->
