<?xml version="1.0" encoding="UTF-8"?>
<!-- Generated by org.testng.reporters.JUnitXMLReporter -->
<testsuite ignored="0" hostname="SCI-WN-30103" failures="4" tests="43" name="Test" time="749.619" errors="0" timestamp="2026-02-13T15:31:02 IST">
  <testcase classname="com.sgplus.erp.genericutility.BaseClass" name="@AfterMethod configAM" time="1.094">
    <failure type="org.openqa.selenium.ElementClickInterceptedException" message="element click intercepted: Element &amp;lt;span&amp;gt;...&amp;lt;/span&amp;gt; is not clickable at point (1457, 42). Other element would receive the click: &amp;lt;div role=&amp;quot;dialog&amp;quot; aria-modal=&amp;quot;true&amp;quot; class=&amp;quot;fade modal show&amp;quot; tabindex=&amp;quot;-1&amp;quot; aria-labelledby=&amp;quot;contained-modal-title-vcenter&amp;quot; style=&amp;quot;display: block;&amp;quot;&amp;gt;...&amp;lt;/div&amp;gt;
  (Session info: chrome=144.0.7559.133)
Build info: version: &amp;apos;4.38.0&amp;apos;, revision: &amp;apos;6b412e825c&amp;apos;
System info: os.name: &amp;apos;Windows 11&amp;apos;, os.arch: &amp;apos;amd64&amp;apos;, os.version: &amp;apos;10.0&amp;apos;, java.version: &amp;apos;21.0.9&amp;apos;
Driver info: org.openqa.selenium.chrome.ChromeDriver
Command: [4054e577e4099194b67461361d7277f4, clickElement {id=f.EB81B621EEB16AABCC26C66BA405C15C.d.0051ED4ABD1F2977635C2AB5E2D617FC.e.359}]
Capabilities {acceptInsecureCerts: false, browserName: chrome, browserVersion: 144.0.7559.133, chrome: {chromedriverVersion: 144.0.7559.133 (7da823b1d59..., userDataDir: C:\Users\W066520\AppData\Lo...}, fedcm:accounts: true, goog:chromeOptions: {debuggerAddress: localhost:61817}, goog:processID: 28420, networkConnectionEnabled: false, pageLoadStrategy: normal, platformName: windows, proxy: Proxy(), se:cdp: ws://localhost:61817/devtoo..., se:cdpVersion: 144.0.7559.133, setWindowRect: true, strictFileInteractability: false, timeouts: {implicit: 0, pageLoad: 300000, script: 30000}, unhandledPromptBehavior: dismiss and notify, webauthn:extension:credBlob: true, webauthn:extension:largeBlob: true, webauthn:extension:minPinLength: true, webauthn:extension:prf: true, webauthn:virtualAuthenticators: true}
Element: [[ChromeDriver: chrome on windows (4054e577e4099194b67461361d7277f4)] -&amp;gt; xpath: //span[text()=&amp;quot;Logout&amp;quot;]]
Session ID: 4054e577e4099194b67461361d7277f4">
      <![CDATA[org.openqa.selenium.ElementClickInterceptedException: element click intercepted: Element <span>...</span> is not clickable at point (1457, 42). Other element would receive the click: <div role="dialog" aria-modal="true" class="fade modal show" tabindex="-1" aria-labelledby="contained-modal-title-vcenter" style="display: block;">...</div>
  (Session info: chrome=144.0.7559.133)
Build info: version: '4.38.0', revision: '6b412e825c'
System info: os.name: 'Windows 11', os.arch: 'amd64', os.version: '10.0', java.version: '21.0.9'
Driver info: org.openqa.selenium.chrome.ChromeDriver
Command: [4054e577e4099194b67461361d7277f4, clickElement {id=f.EB81B621EEB16AABCC26C66BA405C15C.d.0051ED4ABD1F2977635C2AB5E2D617FC.e.359}]
Capabilities {acceptInsecureCerts: false, browserName: chrome, browserVersion: 144.0.7559.133, chrome: {chromedriverVersion: 144.0.7559.133 (7da823b1d59..., userDataDir: C:\Users\W066520\AppData\Lo...}, fedcm:accounts: true, goog:chromeOptions: {debuggerAddress: localhost:61817}, goog:processID: 28420, networkConnectionEnabled: false, pageLoadStrategy: normal, platformName: windows, proxy: Proxy(), se:cdp: ws://localhost:61817/devtoo..., se:cdpVersion: 144.0.7559.133, setWindowRect: true, strictFileInteractability: false, timeouts: {implicit: 0, pageLoad: 300000, script: 30000}, unhandledPromptBehavior: dismiss and notify, webauthn:extension:credBlob: true, webauthn:extension:largeBlob: true, webauthn:extension:minPinLength: true, webauthn:extension:prf: true, webauthn:virtualAuthenticators: true}
Element: [[ChromeDriver: chrome on windows (4054e577e4099194b67461361d7277f4)] -> xpath: //span[text()="Logout"]]
Session ID: 4054e577e4099194b67461361d7277f4
at org.openqa.selenium.remote.ErrorCodec.decode(ErrorCodec.java:167)
at org.openqa.selenium.remote.codec.w3c.W3CHttpResponseCodec.decode(W3CHttpResponseCodec.java:138)
at org.openqa.selenium.remote.codec.w3c.W3CHttpResponseCodec.decode(W3CHttpResponseCodec.java:50)
at org.openqa.selenium.remote.HttpCommandExecutor.execute(HttpCommandExecutor.java:215)
at org.openqa.selenium.remote.service.DriverCommandExecutor.invokeExecute(DriverCommandExecutor.java:216)
at org.openqa.selenium.remote.service.DriverCommandExecutor.execute(DriverCommandExecutor.java:174)
at org.openqa.selenium.remote.RemoteWebDriver.execute(RemoteWebDriver.java:557)
at org.openqa.selenium.remote.RemoteWebElement.execute(RemoteWebElement.java:223)
at org.openqa.selenium.remote.RemoteWebElement.click(RemoteWebElement.java:76)
at org.openqa.selenium.support.pagefactory.internal.LocatingElementHandler.invoke(LocatingElementHandler.java:51)
at jdk.proxy2/jdk.proxy2.$Proxy15.click(Unknown Source)
at com.sgplus.erp.genericutility.BaseClass.configAM(BaseClass.java:67)
at java.base/java.util.ArrayList.forEach(ArrayList.java:1596)
... Removed 35 stack frames]]>
    </failure>
  </testcase> <!-- @AfterMethod configAM -->
  <testcase classname="com.sgplus.erp.genericutility.BaseClass" name="@AfterClass configAC" time="0.0">
    <skipped/>
  </testcase> <!-- @AfterClass configAC -->
  <testcase classname="com.sgplus.erp.genericutility.BaseClass" name="@AfterMethod configAM" time="1.056">
    <failure type="org.openqa.selenium.ElementClickInterceptedException" message="element click intercepted: Element &amp;lt;span&amp;gt;...&amp;lt;/span&amp;gt; is not clickable at point (1457, 42). Other element would receive the click: &amp;lt;div id=&amp;quot;uykb9xoti&amp;quot; class=&amp;quot;Toastify__toast Toastify__toast--error&amp;quot;&amp;gt;...&amp;lt;/div&amp;gt;
  (Session info: chrome=144.0.7559.133)
Build info: version: &amp;apos;4.38.0&amp;apos;, revision: &amp;apos;6b412e825c&amp;apos;
System info: os.name: &amp;apos;Windows 11&amp;apos;, os.arch: &amp;apos;amd64&amp;apos;, os.version: &amp;apos;10.0&amp;apos;, java.version: &amp;apos;21.0.9&amp;apos;
Driver info: org.openqa.selenium.chrome.ChromeDriver
Command: [0e300ad07bfeaabbd11e259c21da96ff, clickElement {id=f.FB09D38E0D205E6F1E23F553A75A3553.d.ED1EB183D119D339D0665AE742E16447.e.528}]
Capabilities {acceptInsecureCerts: false, browserName: chrome, browserVersion: 144.0.7559.133, chrome: {chromedriverVersion: 144.0.7559.133 (7da823b1d59..., userDataDir: C:\Users\W066520\AppData\Lo...}, fedcm:accounts: true, goog:chromeOptions: {debuggerAddress: localhost:64614}, goog:processID: 37212, networkConnectionEnabled: false, pageLoadStrategy: normal, platformName: windows, proxy: Proxy(), se:cdp: ws://localhost:64614/devtoo..., se:cdpVersion: 144.0.7559.133, setWindowRect: true, strictFileInteractability: false, timeouts: {implicit: 0, pageLoad: 300000, script: 30000}, unhandledPromptBehavior: dismiss and notify, webauthn:extension:credBlob: true, webauthn:extension:largeBlob: true, webauthn:extension:minPinLength: true, webauthn:extension:prf: true, webauthn:virtualAuthenticators: true}
Element: [[ChromeDriver: chrome on windows (0e300ad07bfeaabbd11e259c21da96ff)] -&amp;gt; xpath: //span[text()=&amp;quot;Logout&amp;quot;]]
Session ID: 0e300ad07bfeaabbd11e259c21da96ff">
      <![CDATA[org.openqa.selenium.ElementClickInterceptedException: element click intercepted: Element <span>...</span> is not clickable at point (1457, 42). Other element would receive the click: <div id="uykb9xoti" class="Toastify__toast Toastify__toast--error">...</div>
  (Session info: chrome=144.0.7559.133)
Build info: version: '4.38.0', revision: '6b412e825c'
System info: os.name: 'Windows 11', os.arch: 'amd64', os.version: '10.0', java.version: '21.0.9'
Driver info: org.openqa.selenium.chrome.ChromeDriver
Command: [0e300ad07bfeaabbd11e259c21da96ff, clickElement {id=f.FB09D38E0D205E6F1E23F553A75A3553.d.ED1EB183D119D339D0665AE742E16447.e.528}]
Capabilities {acceptInsecureCerts: false, browserName: chrome, browserVersion: 144.0.7559.133, chrome: {chromedriverVersion: 144.0.7559.133 (7da823b1d59..., userDataDir: C:\Users\W066520\AppData\Lo...}, fedcm:accounts: true, goog:chromeOptions: {debuggerAddress: localhost:64614}, goog:processID: 37212, networkConnectionEnabled: false, pageLoadStrategy: normal, platformName: windows, proxy: Proxy(), se:cdp: ws://localhost:64614/devtoo..., se:cdpVersion: 144.0.7559.133, setWindowRect: true, strictFileInteractability: false, timeouts: {implicit: 0, pageLoad: 300000, script: 30000}, unhandledPromptBehavior: dismiss and notify, webauthn:extension:credBlob: true, webauthn:extension:largeBlob: true, webauthn:extension:minPinLength: true, webauthn:extension:prf: true, webauthn:virtualAuthenticators: true}
Element: [[ChromeDriver: chrome on windows (0e300ad07bfeaabbd11e259c21da96ff)] -> xpath: //span[text()="Logout"]]
Session ID: 0e300ad07bfeaabbd11e259c21da96ff
at org.openqa.selenium.remote.ErrorCodec.decode(ErrorCodec.java:167)
at org.openqa.selenium.remote.codec.w3c.W3CHttpResponseCodec.decode(W3CHttpResponseCodec.java:138)
at org.openqa.selenium.remote.codec.w3c.W3CHttpResponseCodec.decode(W3CHttpResponseCodec.java:50)
at org.openqa.selenium.remote.HttpCommandExecutor.execute(HttpCommandExecutor.java:215)
at org.openqa.selenium.remote.service.DriverCommandExecutor.invokeExecute(DriverCommandExecutor.java:216)
at org.openqa.selenium.remote.service.DriverCommandExecutor.execute(DriverCommandExecutor.java:174)
at org.openqa.selenium.remote.RemoteWebDriver.execute(RemoteWebDriver.java:557)
at org.openqa.selenium.remote.RemoteWebElement.execute(RemoteWebElement.java:223)
at org.openqa.selenium.remote.RemoteWebElement.click(RemoteWebElement.java:76)
at org.openqa.selenium.support.pagefactory.internal.LocatingElementHandler.invoke(LocatingElementHandler.java:51)
at jdk.proxy2/jdk.proxy2.$Proxy15.click(Unknown Source)
at com.sgplus.erp.genericutility.BaseClass.configAM(BaseClass.java:67)
at java.base/java.util.ArrayList.forEach(ArrayList.java:1596)
... Removed 35 stack frames]]>
    </failure>
  </testcase> <!-- @AfterMethod configAM -->
  <testcase classname="com.sgplus.erp.genericutility.BaseClass" name="@AfterClass configAC" time="0.0">
    <skipped/>
  </testcase> <!-- @AfterClass configAC -->
  <testcase classname="com.DowntimeModule.DowntimeBestMachineTest" name="DowntimeBestMachineTest" time="12.859"/>
  <testcase classname="com.ReasonLinkingPage.BulkReasonLinkingCancelTest" name="BulkReasonLinkingCancelTest" time="5.525">
    <failure type="org.openqa.selenium.NoSuchElementException" message="Cannot locate option with index: 1
For documentation on this error, please visit: https://www.selenium.dev/documentation/webdriver/troubleshooting/errors#nosuchelementexception
Build info: version: &amp;apos;4.38.0&amp;apos;, revision: &amp;apos;6b412e825c&amp;apos;
System info: os.name: &amp;apos;Windows 11&amp;apos;, os.arch: &amp;apos;amd64&amp;apos;, os.version: &amp;apos;10.0&amp;apos;, java.version: &amp;apos;21.0.9&amp;apos;
Driver info: driver.version: unknown">
      <![CDATA[org.openqa.selenium.NoSuchElementException: Cannot locate option with index: 1
For documentation on this error, please visit: https://www.selenium.dev/documentation/webdriver/troubleshooting/errors#nosuchelementexception
Build info: version: '4.38.0', revision: '6b412e825c'
System info: os.name: 'Windows 11', os.arch: 'amd64', os.version: '10.0', java.version: '21.0.9'
Driver info: driver.version: unknown
at org.openqa.selenium.support.ui.Select.setSelectedByIndex(Select.java:318)
at org.openqa.selenium.support.ui.Select.selectByIndex(Select.java:173)
at com.sgplus.erp.genericutility.WebDriverUtility.select(WebDriverUtility.java:99)
at com.ReasonLinkingPage.BulkReasonLinkingCancelTest.BulkReasonLinkingCancelTest(BulkReasonLinkingCancelTest.java:106)
at java.base/java.util.ArrayList.forEach(ArrayList.java:1596)
... Removed 25 stack frames]]>
    </failure>
  </testcase> <!-- BulkReasonLinkingCancelTest -->
  <testcase classname="com.DowntimeEnhacementPage.DowntimeEnhacementTableExportTest" name="DowntimeEnhacementTableExport" time="11.871"/>
  <testcase classname="com.DowntimeAnalysisPage.DowntimeAnalysisDropdownValidationTest" name="DowntimeAnalysisDropdownValidationTest" time="6.689">
    <failure type="org.openqa.selenium.NoSuchElementException" message="no such element: Unable to locate element: {&amp;quot;method&amp;quot;:&amp;quot;xpath&amp;quot;,&amp;quot;selector&amp;quot;:&amp;quot;//select[@name=&amp;quot;department_grp_id&amp;quot;]&amp;quot;}
  (Session info: chrome=144.0.7559.133)
For documentation on this error, please visit: https://www.selenium.dev/documentation/webdriver/troubleshooting/errors#nosuchelementexception
Build info: version: &amp;apos;4.38.0&amp;apos;, revision: &amp;apos;6b412e825c&amp;apos;
System info: os.name: &amp;apos;Windows 11&amp;apos;, os.arch: &amp;apos;amd64&amp;apos;, os.version: &amp;apos;10.0&amp;apos;, java.version: &amp;apos;21.0.9&amp;apos;
Driver info: org.openqa.selenium.chrome.ChromeDriver
Command: [a499b7271cf945bcb71c1b154c840cc0, findElement {value=//select[@name=&amp;quot;department_grp_id&amp;quot;], using=xpath}]
Capabilities {acceptInsecureCerts: false, browserName: chrome, browserVersion: 144.0.7559.133, chrome: {chromedriverVersion: 144.0.7559.133 (7da823b1d59..., userDataDir: C:\Users\W066520\AppData\Lo...}, fedcm:accounts: true, goog:chromeOptions: {debuggerAddress: localhost:49235}, goog:processID: 42380, networkConnectionEnabled: false, pageLoadStrategy: normal, platformName: windows, proxy: Proxy(), se:cdp: ws://localhost:49235/devtoo..., se:cdpVersion: 144.0.7559.133, setWindowRect: true, strictFileInteractability: false, timeouts: {implicit: 0, pageLoad: 300000, script: 30000}, unhandledPromptBehavior: dismiss and notify, webauthn:extension:credBlob: true, webauthn:extension:largeBlob: true, webauthn:extension:minPinLength: true, webauthn:extension:prf: true, webauthn:virtualAuthenticators: true}
Session ID: a499b7271cf945bcb71c1b154c840cc0">
      <![CDATA[org.openqa.selenium.NoSuchElementException: no such element: Unable to locate element: {"method":"xpath","selector":"//select[@name="department_grp_id"]"}
  (Session info: chrome=144.0.7559.133)
For documentation on this error, please visit: https://www.selenium.dev/documentation/webdriver/troubleshooting/errors#nosuchelementexception
Build info: version: '4.38.0', revision: '6b412e825c'
System info: os.name: 'Windows 11', os.arch: 'amd64', os.version: '10.0', java.version: '21.0.9'
Driver info: org.openqa.selenium.chrome.ChromeDriver
Command: [a499b7271cf945bcb71c1b154c840cc0, findElement {value=//select[@name="department_grp_id"], using=xpath}]
Capabilities {acceptInsecureCerts: false, browserName: chrome, browserVersion: 144.0.7559.133, chrome: {chromedriverVersion: 144.0.7559.133 (7da823b1d59..., userDataDir: C:\Users\W066520\AppData\Lo...}, fedcm:accounts: true, goog:chromeOptions: {debuggerAddress: localhost:49235}, goog:processID: 42380, networkConnectionEnabled: false, pageLoadStrategy: normal, platformName: windows, proxy: Proxy(), se:cdp: ws://localhost:49235/devtoo..., se:cdpVersion: 144.0.7559.133, setWindowRect: true, strictFileInteractability: false, timeouts: {implicit: 0, pageLoad: 300000, script: 30000}, unhandledPromptBehavior: dismiss and notify, webauthn:extension:credBlob: true, webauthn:extension:largeBlob: true, webauthn:extension:minPinLength: true, webauthn:extension:prf: true, webauthn:virtualAuthenticators: true}
Session ID: a499b7271cf945bcb71c1b154c840cc0
at org.openqa.selenium.remote.ErrorCodec.decode(ErrorCodec.java:167)
at org.openqa.selenium.remote.codec.w3c.W3CHttpResponseCodec.decode(W3CHttpResponseCodec.java:138)
at org.openqa.selenium.remote.codec.w3c.W3CHttpResponseCodec.decode(W3CHttpResponseCodec.java:50)
at org.openqa.selenium.remote.HttpCommandExecutor.execute(HttpCommandExecutor.java:215)
at org.openqa.selenium.remote.service.DriverCommandExecutor.invokeExecute(DriverCommandExecutor.java:216)
at org.openqa.selenium.remote.service.DriverCommandExecutor.execute(DriverCommandExecutor.java:174)
at org.openqa.selenium.remote.RemoteWebDriver.execute(RemoteWebDriver.java:557)
at org.openqa.selenium.remote.ElementLocation$ElementFinder$2.findElement(ElementLocation.java:165)
at org.openqa.selenium.remote.ElementLocation.findElement(ElementLocation.java:59)
at org.openqa.selenium.remote.RemoteWebDriver.findElement(RemoteWebDriver.java:380)
at org.openqa.selenium.remote.RemoteWebDriver.findElement(RemoteWebDriver.java:374)
at org.openqa.selenium.support.pagefactory.DefaultElementLocator.findElement(DefaultElementLocator.java:68)
at org.openqa.selenium.support.pagefactory.internal.LocatingElementHandler.invoke(LocatingElementHandler.java:38)
at jdk.proxy2/jdk.proxy2.$Proxy15.getTagName(Unknown Source)
at org.openqa.selenium.support.ui.Select.<init>(Select.java:41)
at com.sgplus.erp.genericutility.WebDriverUtility.select(WebDriverUtility.java:105)
at com.DowntimeAnalysisPage.DowntimeAnalysisDropdownValidationTest.DowntimeAnalysisDropdownValidationTest(DowntimeAnalysisDropdownValidationTest.java:83)
at java.base/java.util.ArrayList.forEach(ArrayList.java:1596)
... Removed 28 stack frames]]>
    </failure>
  </testcase> <!-- DowntimeAnalysisDropdownValidationTest -->
  <testcase classname="com.DowntimeShiftview.VerifyNavigationToShiftViewPageTest" name="VerifyNavigationToShiftViewPageTest" time="4.215"/>
  <testcase classname="com.Settings.Departements.VerifyAddDepartmentTest" name="VerifyAddDepartmentTest" time="24.453"/>
  <testcase classname="com.Settings.DepartmentGroup.verifyAddButtonDisabledStateTest" name="verifyAddButtonDisabledStateTest" time="22.934"/>
  <testcase classname="com.DowntimeModule.DowntimeDashboardDataValidationTest" name="DowntimeDashboardDataValidationTest" time="10.418"/>
  <testcase classname="com.ReasonLinkingPage.BulkReasonLinkingFunctionalityTest" name="BulkReasonLinkingFunctionalityTest" time="6.272"/>
  <testcase classname="com.DowntimeEnhacementPage.DowntimeEnhacemntTableDataTest" name="DowntimeEnhacemntTableDataTest" time="11.075"/>
  <testcase classname="com.DowntimeAnalysisPage.DowntimeAnalysisNavigationTest" name="DowntimeAnalysisNavigationTest" time="6.324"/>
  <testcase classname="com.DowntimeShiftview.VerifyShiftAViewDisplaysDataForDifferentShiftsTest" name="VerifyShiftAViewDisplaysDataForDifferentShiftsTest" time="9.254"/>
  <testcase classname="com.Settings.Departements.verifyDepartmentNameInputTest" name="verifyRequiredFieldValidationTest" time="24.568"/>
  <testcase classname="com.Settings.DepartmentGroup.verifyAddDepartmentGroupTest" name="verifyAddDepartmentGroupTest" time="29.602"/>
  <testcase classname="com.DowntimeModule.DowntimeDashboardNavigationTest" name="DowntimeDashboardNavigationTest" time="6.866"/>
  <testcase classname="com.ReasonLinkingPage.ReasonLinkingCombinedExportTest" name="ReasonLinkingCombinedExportTest" time="8.34"/>
  <testcase classname="com.DowntimeEnhacementPage.NavigateToDowntimeEnhancementPageTest" name="NavigateToDowntimeEnhancementPage" time="8.96"/>
  <testcase classname="com.DowntimeAnalysisPage.MonthWiseBarChartNavigationTest" name="MonthWiseBarChartNavigationTest" time="26.142">
    <failure type="java.lang.AssertionError" message="Day-wise chart not expanded. expected [true] but found [false]">
      <![CDATA[java.lang.AssertionError: Day-wise chart not expanded. expected [true] but found [false]
at com.DowntimeAnalysisPage.MonthWiseBarChartNavigationTest.MonthWiseBarChartNavigationTest(MonthWiseBarChartNavigationTest.java:96)
at java.base/java.util.ArrayList.forEach(ArrayList.java:1596)
... Removed 28 stack frames]]>
    </failure>
  </testcase> <!-- MonthWiseBarChartNavigationTest -->
  <testcase classname="com.DowntimeShiftview.VerifyShiftBViewDisplaysDataForDifferentShiftsTest" name="VerifyShiftBViewDisplaysDataForDifferentShiftsTest" time="7.158"/>
  <testcase classname="com.Settings.Departements.verifyEditDepartmenTest" name="verifyEditDepartmenTest" time="23.394"/>
  <testcase classname="com.Settings.DepartmentGroup.verifyDefaultMTTRMTBFSourceSelectionTest" name="verifyDefaultMTTRMTBFSourceSelectionTest" time="23.43"/>
  <testcase classname="com.DowntimeModule.DowntimeWorstMachineTest" name="DowntimeWorstMachineTest" time="11.302"/>
  <testcase classname="com.ReasonLinkingPage.ReasonLinkingCombinedTest" name="ReasonLinkingCombinedTest" time="3.981"/>
  <testcase classname="com.DowntimeAnalysisPage.YearlyToMonthlyChartNavigationTest" name="YearlyToMonthlyChartNavigationTest" time="24.472">
    <failure type="java.lang.AssertionError" message="Year-wise chart not expanded. expected [true] but found [false]">
      <![CDATA[java.lang.AssertionError: Year-wise chart not expanded. expected [true] but found [false]
at com.DowntimeAnalysisPage.YearlyToMonthlyChartNavigationTest.YearlyToMonthlyChartNavigationTest(YearlyToMonthlyChartNavigationTest.java:97)
at java.base/java.util.ArrayList.forEach(ArrayList.java:1596)
... Removed 28 stack frames]]>
    </failure>
  </testcase> <!-- YearlyToMonthlyChartNavigationTest -->
  <testcase classname="com.DowntimeShiftview.VerifyShiftCViewDisplaysDataForDifferentShiftsTest" name="VerifyShiftBViewDisplaysDataForDifferentShiftsTest" time="7.483"/>
  <testcase classname="com.Settings.Departements.verifyRequiredFieldValidationTest" name="verifyRequiredFieldValidationTest" time="24.663"/>
  <testcase classname="com.Settings.DepartmentGroup.verifyEditDepartmentGroupTest" name="verifyEditDepartmentGroupTest" time="22.995"/>
  <testcase classname="com.ReasonLinkingPage.ReasonLinkingCycleTimeSourceFilterTest" name="ReasonLinkingCycleTimeSourceFilterTest" time="5.27"/>
  <testcase classname="com.DowntimeShiftview.VerifyShiftViewPageDataTest" name="VerifyShiftViewPageDataTest" time="3.447"/>
  <testcase classname="com.Settings.Departements.verifySearchDepartmentTest" name="VerifyAddDepartmentTest" time="23.239"/>
  <testcase classname="com.Settings.DepartmentGroup.verifyMTTRMTBFSourceRadioButtonsTest" name="verifyAddDepartmentGroupTest" time="23.379"/>
  <testcase classname="com.ReasonLinkingPage.ReasonLinkingFilterDataValidationTest" name="ReasonLinkingFilterDataValidationTest" time="4.745"/>
  <testcase classname="com.Settings.Departements.verifyViewDepartmentTest" name="verifyViewDepartmentTest" time="27.319"/>
  <testcase classname="com.Settings.DepartmentGroup.verifyNameTextboxBehaviorTest" name="verifyNameTextboxBehaviorTest" time="23.569"/>
  <testcase classname="com.ReasonLinkingPage.ReasonLinkingHandlingSourceFilterTest" name="ReasonLinkingHandlingSourceFilterTest" time="5.463"/>
  <testcase classname="com.Settings.DepartmentGroup.verifyRequiredFieldValidationForNameTest" name="verifyRequiredFieldValidationForNameTest" time="23.432"/>
  <testcase classname="com.ReasonLinkingPage.ReasonLinkingLinkedExportTest" name="ReasonLinkingLinkedExportTest" time="4.431"/>
  <testcase classname="com.Settings.DepartmentGroup.verifySearchDepartmentGroupTest" name="verifySearchDepartmentGroupTest" time="22.476"/>
  <testcase classname="com.ReasonLinkingPage.ReasonLinkingLinkedFilterTest" name="ReasonLinkingLinkedFilterTest" time="3.197"/>
  <testcase classname="com.ReasonLinkingPage.ReasonLinkingNavigationTest" name="ReasonLinkingNavigationTest" time="3.957"/>
  <testcase classname="com.ReasonLinkingPage.ReasonLinkingSingleLinkTest" name="ReasonLinkingFunctionalityTest" time="5.737"/>
  <testcase classname="com.ReasonLinkingPage.ReasonLinkingUnlinkedExportTest" name="ReasonLinkingUnlinkedExportTest" time="10.781"/>
  <testcase classname="com.ReasonLinkingPage.ReasonLinkingUnlinkedFilterTest" name="ReasonLinkingUnlinkedFilterTest" time="3.107"/>
</testsuite> <!-- Test -->
