<?xml version="1.0" encoding="UTF-8"?>
<!-- Generated by org.testng.reporters.JUnitXMLReporter -->
<testsuite ignored="0" hostname="SCI-WN-30103" failures="6" tests="43" name="Test" time="1024.961" errors="0" timestamp="2026-02-16T16:40:18 IST">
  <testcase classname="com.sgplus.erp.genericutility.BaseClass" name="@BeforeMethod configBM" time="0.298">
    <failure type="org.openqa.selenium.NoSuchWindowException" message="no such window: target window already closed
from unknown error: web view not found
  (Session info: chrome=144.0.7559.133)
Build info: version: &amp;apos;4.38.0&amp;apos;, revision: &amp;apos;6b412e825c&amp;apos;
System info: os.name: &amp;apos;Windows 11&amp;apos;, os.arch: &amp;apos;amd64&amp;apos;, os.version: &amp;apos;10.0&amp;apos;, java.version: &amp;apos;21.0.9&amp;apos;
Driver info: org.openqa.selenium.chrome.ChromeDriver
Command: [f9bc8858841b24c01fe94a6f7e243f61, findElement {value=//input[@id=&amp;quot;user_id&amp;quot;], using=xpath}]
Capabilities {acceptInsecureCerts: false, browserName: chrome, browserVersion: 144.0.7559.133, chrome: {chromedriverVersion: 144.0.7559.133 (7da823b1d59..., userDataDir: C:\Users\W066520\AppData\Lo...}, fedcm:accounts: true, goog:chromeOptions: {debuggerAddress: localhost:50588}, goog:processID: 32552, networkConnectionEnabled: false, pageLoadStrategy: normal, platformName: windows, proxy: Proxy(), se:cdp: ws://localhost:50588/devtoo..., se:cdpVersion: 144.0.7559.133, setWindowRect: true, strictFileInteractability: false, timeouts: {implicit: 0, pageLoad: 300000, script: 30000}, unhandledPromptBehavior: dismiss and notify, webauthn:extension:credBlob: true, webauthn:extension:largeBlob: true, webauthn:extension:minPinLength: true, webauthn:extension:prf: true, webauthn:virtualAuthenticators: true}
Session ID: f9bc8858841b24c01fe94a6f7e243f61">
      <![CDATA[org.openqa.selenium.NoSuchWindowException: no such window: target window already closed
from unknown error: web view not found
  (Session info: chrome=144.0.7559.133)
Build info: version: '4.38.0', revision: '6b412e825c'
System info: os.name: 'Windows 11', os.arch: 'amd64', os.version: '10.0', java.version: '21.0.9'
Driver info: org.openqa.selenium.chrome.ChromeDriver
Command: [f9bc8858841b24c01fe94a6f7e243f61, findElement {value=//input[@id="user_id"], using=xpath}]
Capabilities {acceptInsecureCerts: false, browserName: chrome, browserVersion: 144.0.7559.133, chrome: {chromedriverVersion: 144.0.7559.133 (7da823b1d59..., userDataDir: C:\Users\W066520\AppData\Lo...}, fedcm:accounts: true, goog:chromeOptions: {debuggerAddress: localhost:50588}, goog:processID: 32552, networkConnectionEnabled: false, pageLoadStrategy: normal, platformName: windows, proxy: Proxy(), se:cdp: ws://localhost:50588/devtoo..., se:cdpVersion: 144.0.7559.133, setWindowRect: true, strictFileInteractability: false, timeouts: {implicit: 0, pageLoad: 300000, script: 30000}, unhandledPromptBehavior: dismiss and notify, webauthn:extension:credBlob: true, webauthn:extension:largeBlob: true, webauthn:extension:minPinLength: true, webauthn:extension:prf: true, webauthn:virtualAuthenticators: true}
Session ID: f9bc8858841b24c01fe94a6f7e243f61
at org.openqa.selenium.remote.ErrorCodec.decode(ErrorCodec.java:167)
at org.openqa.selenium.remote.codec.w3c.W3CHttpResponseCodec.decode(W3CHttpResponseCodec.java:138)
at org.openqa.selenium.remote.codec.w3c.W3CHttpResponseCodec.decode(W3CHttpResponseCodec.java:50)
at org.openqa.selenium.remote.HttpCommandExecutor.execute(HttpCommandExecutor.java:215)
at org.openqa.selenium.remote.service.DriverCommandExecutor.invokeExecute(DriverCommandExecutor.java:216)
at org.openqa.selenium.remote.service.DriverCommandExecutor.execute(DriverCommandExecutor.java:174)
at org.openqa.selenium.remote.RemoteWebDriver.execute(RemoteWebDriver.java:557)
at org.openqa.selenium.remote.ElementLocation$ElementFinder$2.findElement(ElementLocation.java:165)
at org.openqa.selenium.remote.ElementLocation.findElement(ElementLocation.java:59)
at org.openqa.selenium.remote.RemoteWebDriver.findElement(RemoteWebDriver.java:380)
at org.openqa.selenium.remote.RemoteWebDriver.findElement(RemoteWebDriver.java:374)
at org.openqa.selenium.support.pagefactory.DefaultElementLocator.findElement(DefaultElementLocator.java:68)
at org.openqa.selenium.support.pagefactory.internal.LocatingElementHandler.invoke(LocatingElementHandler.java:38)
at jdk.proxy2/jdk.proxy2.$Proxy13.sendKeys(Unknown Source)
at com.sgplus.erp.pomRepository.LoginPage.logintoApp(LoginPage.java:46)
at com.sgplus.erp.genericutility.BaseClass.configBM(BaseClass.java:58)
at java.base/java.util.ArrayList.forEach(ArrayList.java:1596)
... Removed 32 stack frames]]>
    </failure>
  </testcase> <!-- @BeforeMethod configBM -->
  <testcase classname="com.DowntimeModule.DowntimeBestMachineTest" name="DowntimeBestMachineTest" time="11.163"/>
  <testcase classname="com.ReasonLinkingPage.BulkReasonLinkingCancelTest" name="BulkReasonLinkingCancelTest" time="279.063">
    <failure type="org.openqa.selenium.NoSuchElementException" message="Cannot locate option with index: 1
For documentation on this error, please visit: https://www.selenium.dev/documentation/webdriver/troubleshooting/errors#nosuchelementexception
Build info: version: &amp;apos;4.38.0&amp;apos;, revision: &amp;apos;6b412e825c&amp;apos;
System info: os.name: &amp;apos;Windows 11&amp;apos;, os.arch: &amp;apos;amd64&amp;apos;, os.version: &amp;apos;10.0&amp;apos;, java.version: &amp;apos;21.0.9&amp;apos;
Driver info: driver.version: unknown">
      <![CDATA[org.openqa.selenium.NoSuchElementException: Cannot locate option with index: 1
For documentation on this error, please visit: https://www.selenium.dev/documentation/webdriver/troubleshooting/errors#nosuchelementexception
Build info: version: '4.38.0', revision: '6b412e825c'
System info: os.name: 'Windows 11', os.arch: 'amd64', os.version: '10.0', java.version: '21.0.9'
Driver info: driver.version: unknown
at org.openqa.selenium.support.ui.Select.setSelectedByIndex(Select.java:318)
at org.openqa.selenium.support.ui.Select.selectByIndex(Select.java:173)
at com.sgplus.erp.genericutility.WebDriverUtility.select(WebDriverUtility.java:99)
at com.ReasonLinkingPage.BulkReasonLinkingCancelTest.BulkReasonLinkingCancelTest(BulkReasonLinkingCancelTest.java:107)
at java.base/java.util.ArrayList.forEach(ArrayList.java:1596)
... Removed 25 stack frames]]>
    </failure>
  </testcase> <!-- BulkReasonLinkingCancelTest -->
  <testcase classname="com.DowntimeEnhacementPage.DowntimeEnhacementTableExportTest" name="DowntimeEnhacementTableExport" time="12.211"/>
  <testcase classname="com.DowntimeAnalysisPage.DowntimeAnalysisDropdownValidationTest" name="DowntimeAnalysisDropdownValidationTest" time="5.854">
    <failure type="org.openqa.selenium.StaleElementReferenceException" message="stale element reference: stale element not found in the current frame
  (Session info: chrome=144.0.7559.133)
For documentation on this error, please visit: https://www.selenium.dev/documentation/webdriver/troubleshooting/errors#staleelementreferenceexception
Build info: version: &amp;apos;4.38.0&amp;apos;, revision: &amp;apos;6b412e825c&amp;apos;
System info: os.name: &amp;apos;Windows 11&amp;apos;, os.arch: &amp;apos;amd64&amp;apos;, os.version: &amp;apos;10.0&amp;apos;, java.version: &amp;apos;21.0.9&amp;apos;
Driver info: org.openqa.selenium.chrome.ChromeDriver
Command: [32b07e64a816ffc36035ab71a042a030, getElementValueOfCssProperty {propertyName=opacity, id=f.A1A1774DF8DA2F7C5BC69FA3079DD543.d.BF52150EA080D466DE64CEA1F01550E0.e.87}]
Capabilities {acceptInsecureCerts: false, browserName: chrome, browserVersion: 144.0.7559.133, chrome: {chromedriverVersion: 144.0.7559.133 (7da823b1d59..., userDataDir: C:\Users\W066520\AppData\Lo...}, fedcm:accounts: true, goog:chromeOptions: {debuggerAddress: localhost:60624}, goog:processID: 26696, networkConnectionEnabled: false, pageLoadStrategy: normal, platformName: windows, proxy: Proxy(), se:cdp: ws://localhost:60624/devtoo..., se:cdpVersion: 144.0.7559.133, setWindowRect: true, strictFileInteractability: false, timeouts: {implicit: 0, pageLoad: 300000, script: 30000}, unhandledPromptBehavior: dismiss and notify, webauthn:extension:credBlob: true, webauthn:extension:largeBlob: true, webauthn:extension:minPinLength: true, webauthn:extension:prf: true, webauthn:virtualAuthenticators: true}
Element: [[ChromeDriver: chrome on windows (32b07e64a816ffc36035ab71a042a030)] -&amp;gt; xpath: //select[@name=&amp;quot;department_grp_id&amp;quot;]]
Session ID: 32b07e64a816ffc36035ab71a042a030">
      <![CDATA[org.openqa.selenium.StaleElementReferenceException: stale element reference: stale element not found in the current frame
  (Session info: chrome=144.0.7559.133)
For documentation on this error, please visit: https://www.selenium.dev/documentation/webdriver/troubleshooting/errors#staleelementreferenceexception
Build info: version: '4.38.0', revision: '6b412e825c'
System info: os.name: 'Windows 11', os.arch: 'amd64', os.version: '10.0', java.version: '21.0.9'
Driver info: org.openqa.selenium.chrome.ChromeDriver
Command: [32b07e64a816ffc36035ab71a042a030, getElementValueOfCssProperty {propertyName=opacity, id=f.A1A1774DF8DA2F7C5BC69FA3079DD543.d.BF52150EA080D466DE64CEA1F01550E0.e.87}]
Capabilities {acceptInsecureCerts: false, browserName: chrome, browserVersion: 144.0.7559.133, chrome: {chromedriverVersion: 144.0.7559.133 (7da823b1d59..., userDataDir: C:\Users\W066520\AppData\Lo...}, fedcm:accounts: true, goog:chromeOptions: {debuggerAddress: localhost:60624}, goog:processID: 26696, networkConnectionEnabled: false, pageLoadStrategy: normal, platformName: windows, proxy: Proxy(), se:cdp: ws://localhost:60624/devtoo..., se:cdpVersion: 144.0.7559.133, setWindowRect: true, strictFileInteractability: false, timeouts: {implicit: 0, pageLoad: 300000, script: 30000}, unhandledPromptBehavior: dismiss and notify, webauthn:extension:credBlob: true, webauthn:extension:largeBlob: true, webauthn:extension:minPinLength: true, webauthn:extension:prf: true, webauthn:virtualAuthenticators: true}
Element: [[ChromeDriver: chrome on windows (32b07e64a816ffc36035ab71a042a030)] -> xpath: //select[@name="department_grp_id"]]
Session ID: 32b07e64a816ffc36035ab71a042a030
at org.openqa.selenium.remote.ErrorCodec.decode(ErrorCodec.java:167)
at org.openqa.selenium.remote.codec.w3c.W3CHttpResponseCodec.decode(W3CHttpResponseCodec.java:138)
at org.openqa.selenium.remote.codec.w3c.W3CHttpResponseCodec.decode(W3CHttpResponseCodec.java:50)
at org.openqa.selenium.remote.HttpCommandExecutor.execute(HttpCommandExecutor.java:215)
at org.openqa.selenium.remote.service.DriverCommandExecutor.invokeExecute(DriverCommandExecutor.java:216)
at org.openqa.selenium.remote.service.DriverCommandExecutor.execute(DriverCommandExecutor.java:174)
at org.openqa.selenium.remote.RemoteWebDriver.execute(RemoteWebDriver.java:557)
at org.openqa.selenium.remote.RemoteWebElement.execute(RemoteWebElement.java:223)
at org.openqa.selenium.remote.RemoteWebElement.getCssValue(RemoteWebElement.java:197)
at org.openqa.selenium.support.pagefactory.internal.LocatingElementHandler.invoke(LocatingElementHandler.java:51)
at jdk.proxy2/jdk.proxy2.$Proxy13.getCssValue(Unknown Source)
at org.openqa.selenium.support.ui.Select.hasCssPropertyAndVisible(Select.java:78)
at org.openqa.selenium.support.ui.Select.assertSelectIsVisible(Select.java:414)
at org.openqa.selenium.support.ui.Select.selectByVisibleText(Select.java:344)
at org.openqa.selenium.support.ui.Select.selectByVisibleText(Select.java:125)
at com.sgplus.erp.genericutility.WebDriverUtility.select(WebDriverUtility.java:106)
at com.DowntimeAnalysisPage.DowntimeAnalysisDropdownValidationTest.DowntimeAnalysisDropdownValidationTest(DowntimeAnalysisDropdownValidationTest.java:83)
at java.base/java.util.ArrayList.forEach(ArrayList.java:1596)
... Removed 30 stack frames]]>
    </failure>
  </testcase> <!-- DowntimeAnalysisDropdownValidationTest -->
  <testcase classname="com.DowntimeShiftview.VerifyNavigationToShiftViewPageTest" name="VerifyNavigationToShiftViewPageTest" time="6.487"/>
  <testcase classname="com.Settings.Departements.VerifyAddDepartmentTest" name="VerifyAddDepartmentTest" time="25.536"/>
  <testcase classname="com.Settings.DepartmentGroup.verifyAddButtonDisabledStateTest" name="verifyAddButtonDisabledStateTest" time="23.19"/>
  <testcase classname="com.DowntimeModule.DowntimeDashboardDataValidationTest" name="DowntimeDashboardDataValidationTest" time="12.627"/>
  <testcase classname="com.ReasonLinkingPage.BulkReasonLinkingFunctionalityTest" name="BulkReasonLinkingFunctionalityTest" time="7.153"/>
  <testcase classname="com.DowntimeEnhacementPage.DowntimeEnhacemntTableDataTest" name="DowntimeEnhacemntTableDataTest" time="10.115"/>
  <testcase classname="com.DowntimeAnalysisPage.DowntimeAnalysisNavigationTest" name="DowntimeAnalysisNavigationTest" time="6.377"/>
  <testcase classname="com.DowntimeShiftview.VerifyShiftAViewDisplaysDataForDifferentShiftsTest" name="VerifyShiftAViewDisplaysDataForDifferentShiftsTest" time="5.367"/>
  <testcase classname="com.Settings.Departements.verifyDepartmentNameInputTest" name="verifyRequiredFieldValidationTest" time="25.49"/>
  <testcase classname="com.Settings.DepartmentGroup.verifyAddDepartmentGroupTest" name="verifyAddDepartmentGroupTest" time="26.539"/>
  <testcase classname="com.DowntimeModule.DowntimeDashboardNavigationTest" name="DowntimeDashboardNavigationTest" time="6.204"/>
  <testcase classname="com.ReasonLinkingPage.ReasonLinkingCombinedExportTest" name="ReasonLinkingCombinedExportTest" time="7.786"/>
  <testcase classname="com.DowntimeEnhacementPage.NavigateToDowntimeEnhancementPageTest" name="NavigateToDowntimeEnhancementPage" time="9.256"/>
  <testcase classname="com.DowntimeAnalysisPage.MonthWiseBarChartNavigationTest" name="MonthWiseBarChartNavigationTest" time="25.881">
    <failure type="java.lang.AssertionError" message="Day-wise chart not expanded. expected [true] but found [false]">
      <![CDATA[java.lang.AssertionError: Day-wise chart not expanded. expected [true] but found [false]
at com.DowntimeAnalysisPage.MonthWiseBarChartNavigationTest.MonthWiseBarChartNavigationTest(MonthWiseBarChartNavigationTest.java:96)
at java.base/java.util.ArrayList.forEach(ArrayList.java:1596)
... Removed 28 stack frames]]>
    </failure>
  </testcase> <!-- MonthWiseBarChartNavigationTest -->
  <testcase classname="com.DowntimeShiftview.VerifyShiftBViewDisplaysDataForDifferentShiftsTest" name="VerifyShiftBViewDisplaysDataForDifferentShiftsTest" time="7.634"/>
  <testcase classname="com.Settings.Departements.verifyEditDepartmenTest" name="verifyEditDepartmenTest" time="23.53"/>
  <testcase classname="com.Settings.DepartmentGroup.verifyDefaultMTTRMTBFSourceSelectionTest" name="verifyDefaultMTTRMTBFSourceSelectionTest" time="62.927">
    <failure type="org.openqa.selenium.TimeoutException" message="Expected condition failed: waiting for visibility of Proxy element for: DefaultElementLocator &amp;apos;By.xpath: //div[contains(text(),&amp;apos;Department Group created successfully&amp;apos;)]&amp;apos; (tried for 10 second(s) with 500 milliseconds interval)">
      <![CDATA[org.openqa.selenium.TimeoutException: Expected condition failed: waiting for visibility of Proxy element for: DefaultElementLocator 'By.xpath: //div[contains(text(),'Department Group created successfully')]' (tried for 10 second(s) with 500 milliseconds interval)
at org.openqa.selenium.support.ui.WebDriverWait.timeoutException(WebDriverWait.java:84)
at org.openqa.selenium.support.ui.FluentWait.until(FluentWait.java:228)
at com.Settings.DepartmentGroup.verifyDefaultMTTRMTBFSourceSelectionTest.verifyDefaultMTTRMTBFSourceSelectionTest(verifyDefaultMTTRMTBFSourceSelectionTest.java:75)
at java.base/java.util.ArrayList.forEach(ArrayList.java:1596)
Caused by: org.openqa.selenium.NoSuchElementException: no such element: Unable to locate element: {"method":"xpath","selector":"//div[contains(text(),'Department Group created successfully')]"}
  (Session info: chrome=144.0.7559.133)
For documentation on this error, please visit: https://www.selenium.dev/documentation/webdriver/troubleshooting/errors#nosuchelementexception
Build info: version: '4.38.0', revision: '6b412e825c'
System info: os.name: 'Windows 11', os.arch: 'amd64', os.version: '10.0', java.version: '21.0.9'
Driver info: org.openqa.selenium.chrome.ChromeDriver
Command: [14d42c3510ecdd7ace25c9db2a9c490b, findElement {value=//div[contains(text(),'Department Group created successfully')], using=xpath}]
Capabilities {acceptInsecureCerts: false, browserName: chrome, browserVersion: 144.0.7559.133, chrome: {chromedriverVersion: 144.0.7559.133 (7da823b1d59..., userDataDir: C:\Users\W066520\AppData\Lo...}, fedcm:accounts: true, goog:chromeOptions: {debuggerAddress: localhost:65149}, goog:processID: 38644, networkConnectionEnabled: false, pageLoadStrategy: normal, platformName: windows, proxy: Proxy(), se:cdp: ws://localhost:65149/devtoo..., se:cdpVersion: 144.0.7559.133, setWindowRect: true, strictFileInteractability: false, timeouts: {implicit: 0, pageLoad: 300000, script: 30000}, unhandledPromptBehavior: dismiss and notify, webauthn:extension:credBlob: true, webauthn:extension:largeBlob: true, webauthn:extension:minPinLength: true, webauthn:extension:prf: true, webauthn:virtualAuthenticators: true}
Session ID: 14d42c3510ecdd7ace25c9db2a9c490b
at org.openqa.selenium.remote.ErrorCodec.decode(ErrorCodec.java:167)
at org.openqa.selenium.remote.codec.w3c.W3CHttpResponseCodec.decode(W3CHttpResponseCodec.java:138)
at org.openqa.selenium.remote.codec.w3c.W3CHttpResponseCodec.decode(W3CHttpResponseCodec.java:50)
at org.openqa.selenium.remote.HttpCommandExecutor.execute(HttpCommandExecutor.java:215)
at org.openqa.selenium.remote.service.DriverCommandExecutor.invokeExecute(DriverCommandExecutor.java:216)
at org.openqa.selenium.remote.service.DriverCommandExecutor.execute(DriverCommandExecutor.java:174)
at org.openqa.selenium.remote.RemoteWebDriver.execute(RemoteWebDriver.java:557)
at org.openqa.selenium.remote.ElementLocation$ElementFinder$2.findElement(ElementLocation.java:165)
at org.openqa.selenium.remote.ElementLocation.findElement(ElementLocation.java:59)
at org.openqa.selenium.remote.RemoteWebDriver.findElement(RemoteWebDriver.java:380)
at org.openqa.selenium.remote.RemoteWebDriver.findElement(RemoteWebDriver.java:374)
at org.openqa.selenium.support.pagefactory.DefaultElementLocator.findElement(DefaultElementLocator.java:68)
at org.openqa.selenium.support.pagefactory.internal.LocatingElementHandler.invoke(LocatingElementHandler.java:38)
at jdk.proxy2/jdk.proxy2.$Proxy13.isDisplayed(Unknown Source)
at org.openqa.selenium.support.ui.ExpectedConditions.elementIfVisible(ExpectedConditions.java:308)
at org.openqa.selenium.support.ui.ExpectedConditions$10.apply(ExpectedConditions.java:294)
at org.openqa.selenium.support.ui.ExpectedConditions$10.apply(ExpectedConditions.java:291)
at org.openqa.selenium.support.ui.FluentWait.until(FluentWait.java:203)
... 27 more
... Removed 28 stack frames]]>
    </failure>
  </testcase> <!-- verifyDefaultMTTRMTBFSourceSelectionTest -->
  <testcase classname="com.DowntimeModule.DowntimeWorstMachineTest" name="DowntimeWorstMachineTest" time="14.115"/>
  <testcase classname="com.ReasonLinkingPage.ReasonLinkingCombinedTest" name="ReasonLinkingCombinedTest" time="4.154"/>
  <testcase classname="com.DowntimeAnalysisPage.YearlyToMonthlyChartNavigationTest" name="YearlyToMonthlyChartNavigationTest" time="25.114">
    <failure type="java.lang.AssertionError" message="Year-wise chart not expanded. expected [true] but found [false]">
      <![CDATA[java.lang.AssertionError: Year-wise chart not expanded. expected [true] but found [false]
at com.DowntimeAnalysisPage.YearlyToMonthlyChartNavigationTest.YearlyToMonthlyChartNavigationTest(YearlyToMonthlyChartNavigationTest.java:97)
at java.base/java.util.ArrayList.forEach(ArrayList.java:1596)
... Removed 28 stack frames]]>
    </failure>
  </testcase> <!-- YearlyToMonthlyChartNavigationTest -->
  <testcase classname="com.DowntimeShiftview.VerifyShiftCViewDisplaysDataForDifferentShiftsTest" name="VerifyShiftBViewDisplaysDataForDifferentShiftsTest" time="5.046"/>
  <testcase classname="com.Settings.Departements.verifyRequiredFieldValidationTest" name="verifyRequiredFieldValidationTest" time="25.111"/>
  <testcase classname="com.Settings.DepartmentGroup.verifyEditDepartmentGroupTest" name="verifyEditDepartmentGroupTest" time="23.166"/>
  <testcase classname="com.ReasonLinkingPage.ReasonLinkingCycleTimeSourceFilterTest" name="ReasonLinkingCycleTimeSourceFilterTest" time="5.185"/>
  <testcase classname="com.DowntimeShiftview.VerifyShiftViewPageDataTest" name="VerifyShiftViewPageDataTest" time="4.7"/>
  <testcase classname="com.Settings.Departements.verifySearchDepartmentTest" name="VerifyAddDepartmentTest" time="24.824"/>
  <testcase classname="com.Settings.DepartmentGroup.verifyMTTRMTBFSourceRadioButtonsTest" name="verifyAddDepartmentGroupTest" time="24.995"/>
  <testcase classname="com.ReasonLinkingPage.ReasonLinkingFilterDataValidationTest" name="ReasonLinkingFilterDataValidationTest" time="4.782"/>
  <testcase classname="com.Settings.Departements.verifyViewDepartmentTest" name="verifyViewDepartmentTest" time="23.296"/>
  <testcase classname="com.Settings.DepartmentGroup.verifyNameTextboxBehaviorTest" name="verifyNameTextboxBehaviorTest" time="23.932"/>
  <testcase classname="com.ReasonLinkingPage.ReasonLinkingHandlingSourceFilterTest" name="ReasonLinkingHandlingSourceFilterTest" time="2.643">
    <failure type="org.openqa.selenium.NoSuchWindowException" message="no such window: target window already closed
from unknown error: web view not found
  (Session info: chrome=144.0.7559.133)
Build info: version: &amp;apos;4.38.0&amp;apos;, revision: &amp;apos;6b412e825c&amp;apos;
System info: os.name: &amp;apos;Windows 11&amp;apos;, os.arch: &amp;apos;amd64&amp;apos;, os.version: &amp;apos;10.0&amp;apos;, java.version: &amp;apos;21.0.9&amp;apos;
Driver info: org.openqa.selenium.chrome.ChromeDriver
Command: [2daf11947f669a418569950084bde146, getElementValueOfCssProperty {propertyName=display, id=f.C5D8E7472027B36C088913C84564FCCE.d.C0C3DF8655AF7D856EA5925C9CF77FDB.e.92}]
Capabilities {acceptInsecureCerts: false, browserName: chrome, browserVersion: 144.0.7559.133, chrome: {chromedriverVersion: 144.0.7559.133 (7da823b1d59..., userDataDir: C:\Users\W066520\AppData\Lo...}, fedcm:accounts: true, goog:chromeOptions: {debuggerAddress: localhost:64939}, goog:processID: 28300, networkConnectionEnabled: false, pageLoadStrategy: normal, platformName: windows, proxy: Proxy(), se:cdp: ws://localhost:64939/devtoo..., se:cdpVersion: 144.0.7559.133, setWindowRect: true, strictFileInteractability: false, timeouts: {implicit: 0, pageLoad: 300000, script: 30000}, unhandledPromptBehavior: dismiss and notify, webauthn:extension:credBlob: true, webauthn:extension:largeBlob: true, webauthn:extension:minPinLength: true, webauthn:extension:prf: true, webauthn:virtualAuthenticators: true}
Element: [[[[ChromeDriver: chrome on windows (2daf11947f669a418569950084bde146)] -&amp;gt; xpath: //select[@class=&amp;apos;form-control custom-width&amp;apos;]]] -&amp;gt; xpath: .//option[normalize-space(.) = &amp;quot;BU3&amp;quot;]]
Session ID: 2daf11947f669a418569950084bde146">
      <![CDATA[org.openqa.selenium.NoSuchWindowException: no such window: target window already closed
from unknown error: web view not found
  (Session info: chrome=144.0.7559.133)
Build info: version: '4.38.0', revision: '6b412e825c'
System info: os.name: 'Windows 11', os.arch: 'amd64', os.version: '10.0', java.version: '21.0.9'
Driver info: org.openqa.selenium.chrome.ChromeDriver
Command: [2daf11947f669a418569950084bde146, getElementValueOfCssProperty {propertyName=display, id=f.C5D8E7472027B36C088913C84564FCCE.d.C0C3DF8655AF7D856EA5925C9CF77FDB.e.92}]
Capabilities {acceptInsecureCerts: false, browserName: chrome, browserVersion: 144.0.7559.133, chrome: {chromedriverVersion: 144.0.7559.133 (7da823b1d59..., userDataDir: C:\Users\W066520\AppData\Lo...}, fedcm:accounts: true, goog:chromeOptions: {debuggerAddress: localhost:64939}, goog:processID: 28300, networkConnectionEnabled: false, pageLoadStrategy: normal, platformName: windows, proxy: Proxy(), se:cdp: ws://localhost:64939/devtoo..., se:cdpVersion: 144.0.7559.133, setWindowRect: true, strictFileInteractability: false, timeouts: {implicit: 0, pageLoad: 300000, script: 30000}, unhandledPromptBehavior: dismiss and notify, webauthn:extension:credBlob: true, webauthn:extension:largeBlob: true, webauthn:extension:minPinLength: true, webauthn:extension:prf: true, webauthn:virtualAuthenticators: true}
Element: [[[[ChromeDriver: chrome on windows (2daf11947f669a418569950084bde146)] -> xpath: //select[@class='form-control custom-width']]] -> xpath: .//option[normalize-space(.) = "BU3"]]
Session ID: 2daf11947f669a418569950084bde146
at org.openqa.selenium.remote.ErrorCodec.decode(ErrorCodec.java:167)
at org.openqa.selenium.remote.codec.w3c.W3CHttpResponseCodec.decode(W3CHttpResponseCodec.java:138)
at org.openqa.selenium.remote.codec.w3c.W3CHttpResponseCodec.decode(W3CHttpResponseCodec.java:50)
at org.openqa.selenium.remote.HttpCommandExecutor.execute(HttpCommandExecutor.java:215)
at org.openqa.selenium.remote.service.DriverCommandExecutor.invokeExecute(DriverCommandExecutor.java:216)
at org.openqa.selenium.remote.service.DriverCommandExecutor.execute(DriverCommandExecutor.java:174)
at org.openqa.selenium.remote.RemoteWebDriver.execute(RemoteWebDriver.java:557)
at org.openqa.selenium.remote.RemoteWebElement.execute(RemoteWebElement.java:223)
at org.openqa.selenium.remote.RemoteWebElement.getCssValue(RemoteWebElement.java:197)
at org.openqa.selenium.support.ui.Select.hasCssPropertyAndVisible(Select.java:78)
at org.openqa.selenium.support.ui.Select.selectByVisibleText(Select.java:352)
at org.openqa.selenium.support.ui.Select.selectByVisibleText(Select.java:125)
at com.sgplus.erp.genericutility.WebDriverUtility.select(WebDriverUtility.java:106)
at com.ReasonLinkingPage.ReasonLinkingHandlingSourceFilterTest.ReasonLinkingHandlingSourceFilterTest(ReasonLinkingHandlingSourceFilterTest.java:38)
at java.base/java.util.ArrayList.forEach(ArrayList.java:1596)
... Removed 28 stack frames]]>
    </failure>
  </testcase> <!-- ReasonLinkingHandlingSourceFilterTest -->
  <testcase classname="com.Settings.DepartmentGroup.verifyRequiredFieldValidationForNameTest" name="verifyRequiredFieldValidationForNameTest" time="0.0">
    <skipped/>
  </testcase> <!-- verifyRequiredFieldValidationForNameTest -->
  <testcase classname="com.ReasonLinkingPage.ReasonLinkingLinkedExportTest" name="ReasonLinkingLinkedExportTest" time="4.909"/>
  <testcase classname="com.Settings.DepartmentGroup.verifySearchDepartmentGroupTest" name="verifySearchDepartmentGroupTest" time="22.595"/>
  <testcase classname="com.ReasonLinkingPage.ReasonLinkingLinkedFilterTest" name="ReasonLinkingLinkedFilterTest" time="4.208"/>
  <testcase classname="com.ReasonLinkingPage.ReasonLinkingNavigationTest" name="ReasonLinkingNavigationTest" time="3.332"/>
  <testcase classname="com.ReasonLinkingPage.ReasonLinkingSingleLinkTest" name="ReasonLinkingFunctionalityTest" time="6.585"/>
  <testcase classname="com.ReasonLinkingPage.ReasonLinkingUnlinkedExportTest" name="ReasonLinkingUnlinkedExportTest" time="12.359"/>
  <testcase classname="com.ReasonLinkingPage.ReasonLinkingUnlinkedFilterTest" name="ReasonLinkingUnlinkedFilterTest" time="4.012"/>
</testsuite> <!-- Test -->
