<!DOCTYPE html PUBLIC "-//W3C//DTD XHTML 1.1//EN" "https://www.w3.org/TR/xhtml11/DTD/xhtml11.dtd">
<html xmlns="https://www.w3.org/1999/xhtml">
<head>
<meta http-equiv="content-type" content="text/html; charset=UTF-8"/>
<title>TestNG Report</title>
<style type="text/css">table {margin-bottom:10px;border-collapse:collapse;empty-cells:show}th,td {border:1px solid #009;padding:.25em .5em}th {vertical-align:bottom}td {vertical-align:top}table a {font-weight:bold}.stripe td {background-color: #E6EBF9}.num {text-align:right}.passedodd td {background-color: #3F3}.passedeven td {background-color: #0A0}.skippedodd td {background-color: #DDD}.skippedeven td {background-color: #CCC}.failedodd td,.attn {background-color: #F33}.failedeven td,.stripe .attn {background-color: #D00}.stacktrace {white-space:pre;font-family:monospace}.totop {font-size:85%;text-align:center;border-bottom:2px solid #000}.invisible {display:none}</style>
</head>
<body>
<table>
<tr><th>Test</th><th># Passed</th><th># Skipped</th><th># Retried</th><th># Failed</th><th>Time (ms)</th><th>Included Groups</th><th>Excluded Groups</th></tr>
<tr><th colspan="8">Suite</th></tr>
<tr><td><a href="#t0">Test</a></td><td class="num">38</td><td class="num">0</td><td class="num">0</td><td class="num attn">5</td><td class="num">3,288,298</td><td></td><td></td></tr>
</table>
<table id='summary'><thead><tr><th>Class</th><th>Method</th><th>Start</th><th>Time (ms)</th></tr></thead><tbody><tr><th colspan="4">Suite</th></tr></tbody><tbody id="t0"><tr><th colspan="4">Test &#8212; failed</th></tr><tr class="failedeven"><td rowspan="1">com.DowntimeAnalysisPage.DowntimeAnalysisDropdownValidationTest</td><td><a href="#m0">DowntimeAnalysisDropdownValidationTest</a></td><td rowspan="1">1771582661013</td><td rowspan="1">6239</td></tr><tr class="failedodd"><td rowspan="1">com.DowntimeAnalysisPage.MonthWiseBarChartNavigationTest</td><td><a href="#m1">MonthWiseBarChartNavigationTest</a></td><td rowspan="1">1771584761259</td><td rowspan="1">26373</td></tr><tr class="failedeven"><td rowspan="1">com.DowntimeAnalysisPage.YearlyToMonthlyChartNavigationTest</td><td><a href="#m2">YearlyToMonthlyChartNavigationTest</a></td><td rowspan="1">1771584887843</td><td rowspan="1">26381</td></tr><tr class="failedodd"><td rowspan="1">com.ReasonLinkingPage.BulkReasonLinkingCancelTest</td><td><a href="#m3">BulkReasonLinkingCancelTest</a></td><td rowspan="1">1771581987726</td><td rowspan="1">653858</td></tr><tr class="failedeven"><td rowspan="1">com.Settings.DepartmentGroup.verifyAddDepartmentGroupTest</td><td><a href="#m4">verifyAddDepartmentGroupTest</a></td><td rowspan="1">1771582821365</td><td rowspan="1">1895159</td></tr><tr><th colspan="4">Test &#8212; passed</th></tr><tr class="passedeven"><td rowspan="1">com.DowntimeAnalysisPage.DowntimeAnalysisNavigationTest</td><td><a href="#m5">DowntimeAnalysisNavigationTest</a></td><td rowspan="1">1771582772192</td><td rowspan="1">6051</td></tr><tr class="passedodd"><td rowspan="1">com.DowntimeEnhacementPage.DowntimeEnhacementTableExportTest</td><td><a href="#m6">DowntimeEnhacementTableExport</a></td><td rowspan="1">1771582645302</td><td rowspan="1">11787</td></tr><tr class="passedeven"><td rowspan="1">com.DowntimeEnhacementPage.DowntimeEnhacemntTableDataTest</td><td><a href="#m7">DowntimeEnhacemntTableDataTest</a></td><td rowspan="1">1771582759717</td><td rowspan="1">8638</td></tr><tr class="passedodd"><td rowspan="1">com.DowntimeEnhacementPage.NavigateToDowntimeEnhancementPageTest</td><td><a href="#m8">NavigateToDowntimeEnhancementPage</a></td><td rowspan="1">1771584746168</td><td rowspan="1">10634</td></tr><tr class="passedeven"><td rowspan="1">com.DowntimeModule.DowntimeBestMachineTest</td><td><a href="#m9">DowntimeBestMachineTest</a></td><td rowspan="1">1771581971972</td><td rowspan="1">12614</td></tr><tr class="passedodd"><td rowspan="1">com.DowntimeModule.DowntimeDashboardDataValidationTest</td><td><a href="#m10">DowntimeDashboardDataValidationTest</a></td><td rowspan="1">1771582733501</td><td rowspan="1">11339</td></tr><tr class="passedeven"><td rowspan="1">com.DowntimeModule.DowntimeDashboardNavigationTest</td><td><a href="#m11">DowntimeDashboardNavigationTest</a></td><td rowspan="1">1771584720906</td><td rowspan="1">6784</td></tr><tr class="passedodd"><td rowspan="1">com.DowntimeModule.DowntimeWorstMachineTest</td><td><a href="#m12">DowntimeWorstMachineTest</a></td><td rowspan="1">1771584860592</td><td rowspan="1">14195</td></tr><tr class="passedeven"><td rowspan="1">com.DowntimeShiftview.VerifyNavigationToShiftViewPageTest</td><td><a href="#m13">VerifyNavigationToShiftViewPageTest</a></td><td rowspan="1">1771582670587</td><td rowspan="1">4375</td></tr><tr class="passedodd"><td rowspan="1">com.DowntimeShiftview.VerifyShiftAViewDisplaysDataForDifferentShiftsTest</td><td><a href="#m14">VerifyShiftAViewDisplaysDataForDifferentShiftsTest</a></td><td rowspan="1">1771582781722</td><td rowspan="1">7228</td></tr><tr class="passedeven"><td rowspan="1">com.DowntimeShiftview.VerifyShiftBViewDisplaysDataForDifferentShiftsTest</td><td><a href="#m15">VerifyShiftBViewDisplaysDataForDifferentShiftsTest</a></td><td rowspan="1">1771584791949</td><td rowspan="1">7885</td></tr><tr class="passedodd"><td rowspan="1">com.DowntimeShiftview.VerifyShiftCViewDisplaysDataForDifferentShiftsTest</td><td><a href="#m16">VerifyShiftBViewDisplaysDataForDifferentShiftsTest</a></td><td rowspan="1">1771584918773</td><td rowspan="1">5875</td></tr><tr class="passedeven"><td rowspan="1">com.DowntimeShiftview.VerifyShiftViewPageDataTest</td><td><a href="#m17">VerifyShiftViewPageDataTest</a></td><td rowspan="1">1771584997213</td><td rowspan="1">5063</td></tr><tr class="passedodd"><td rowspan="1">com.ReasonLinkingPage.BulkReasonLinkingFunctionalityTest</td><td><a href="#m18">BulkReasonLinkingFunctionalityTest</a></td><td rowspan="1">1771582748593</td><td rowspan="1">6930</td></tr><tr class="passedeven"><td rowspan="1">com.ReasonLinkingPage.ReasonLinkingCombinedExportTest</td><td><a href="#m19">ReasonLinkingCombinedExportTest</a></td><td rowspan="1">1771584732052</td><td rowspan="1">8439</td></tr><tr class="passedodd"><td rowspan="1">com.ReasonLinkingPage.ReasonLinkingCombinedTest</td><td><a href="#m20">ReasonLinkingCombinedTest</a></td><td rowspan="1">1771584879046</td><td rowspan="1">4321</td></tr><tr class="passedeven"><td rowspan="1">com.ReasonLinkingPage.ReasonLinkingCycleTimeSourceFilterTest</td><td><a href="#m21">ReasonLinkingCycleTimeSourceFilterTest</a></td><td rowspan="1">1771584986483</td><td rowspan="1">6299</td></tr><tr class="passedodd"><td rowspan="1">com.ReasonLinkingPage.ReasonLinkingFilterDataValidationTest</td><td><a href="#m22">ReasonLinkingFilterDataValidationTest</a></td><td rowspan="1">1771585062667</td><td rowspan="1">3410</td></tr><tr class="passedeven"><td rowspan="1">com.ReasonLinkingPage.ReasonLinkingHandlingSourceFilterTest</td><td><a href="#m23">ReasonLinkingHandlingSourceFilterTest</a></td><td rowspan="1">1771585127780</td><td rowspan="1">5354</td></tr><tr class="passedodd"><td rowspan="1">com.ReasonLinkingPage.ReasonLinkingLinkedExportTest</td><td><a href="#m24">ReasonLinkingLinkedExportTest</a></td><td rowspan="1">1771585166390</td><td rowspan="1">6402</td></tr><tr class="passedeven"><td rowspan="1">com.ReasonLinkingPage.ReasonLinkingLinkedFilterTest</td><td><a href="#m25">ReasonLinkingLinkedFilterTest</a></td><td rowspan="1">1771585205909</td><td rowspan="1">4497</td></tr><tr class="passedodd"><td rowspan="1">com.ReasonLinkingPage.ReasonLinkingNavigationTest</td><td><a href="#m26">ReasonLinkingNavigationTest</a></td><td rowspan="1">1771585214927</td><td rowspan="1">4333</td></tr><tr class="passedeven"><td rowspan="1">com.ReasonLinkingPage.ReasonLinkingSingleLinkTest</td><td><a href="#m27">ReasonLinkingFunctionalityTest</a></td><td rowspan="1">1771585223573</td><td rowspan="1">7176</td></tr><tr class="passedodd"><td rowspan="1">com.ReasonLinkingPage.ReasonLinkingUnlinkedExportTest</td><td><a href="#m28">ReasonLinkingUnlinkedExportTest</a></td><td rowspan="1">1771585235622</td><td rowspan="1">10140</td></tr><tr class="passedeven"><td rowspan="1">com.ReasonLinkingPage.ReasonLinkingUnlinkedFilterTest</td><td><a href="#m29">ReasonLinkingUnlinkedFilterTest</a></td><td rowspan="1">1771585250760</td><td rowspan="1">4598</td></tr><tr class="passedodd"><td rowspan="1">com.Settings.Departements.VerifyAddDepartmentTest</td><td><a href="#m30">VerifyAddDepartmentTest</a></td><td rowspan="1">1771582678319</td><td rowspan="1">24969</td></tr><tr class="passedeven"><td rowspan="1">com.Settings.Departements.verifyDepartmentNameInputTest</td><td><a href="#m31">verifyRequiredFieldValidationTest</a></td><td rowspan="1">1771582792823</td><td rowspan="1">24847</td></tr><tr class="passedodd"><td rowspan="1">com.Settings.Departements.verifyEditDepartmenTest</td><td><a href="#m32">verifyEditDepartmenTest</a></td><td rowspan="1">1771584803892</td><td rowspan="1">23857</td></tr><tr class="passedeven"><td rowspan="1">com.Settings.Departements.verifyRequiredFieldValidationTest</td><td><a href="#m33">verifyRequiredFieldValidationTest</a></td><td rowspan="1">1771584928862</td><td rowspan="1">25713</td></tr><tr class="passedodd"><td rowspan="1">com.Settings.Departements.verifySearchDepartmentTest</td><td><a href="#m34">VerifyAddDepartmentTest</a></td><td rowspan="1">1771585006632</td><td rowspan="1">23169</td></tr><tr class="passedeven"><td rowspan="1">com.Settings.Departements.verifyViewDepartmentTest</td><td><a href="#m35">verifyViewDepartmentTest</a></td><td rowspan="1">1771585070573</td><td rowspan="1">23506</td></tr><tr class="passedodd"><td rowspan="1">com.Settings.DepartmentGroup.verifyAddButtonDisabledStateTest</td><td><a href="#m36">verifyAddButtonDisabledStateTest</a></td><td rowspan="1">1771582706682</td><td rowspan="1">23144</td></tr><tr class="passedeven"><td rowspan="1">com.Settings.DepartmentGroup.verifyDefaultMTTRMTBFSourceSelectionTest</td><td><a href="#m37">verifyDefaultMTTRMTBFSourceSelectionTest</a></td><td rowspan="1">1771584832378</td><td rowspan="1">23830</td></tr><tr class="passedodd"><td rowspan="1">com.Settings.DepartmentGroup.verifyEditDepartmentGroupTest</td><td><a href="#m38">verifyEditDepartmentGroupTest</a></td><td rowspan="1">1771584958876</td><td rowspan="1">23057</td></tr><tr class="passedeven"><td rowspan="1">com.Settings.DepartmentGroup.verifyMTTRMTBFSourceRadioButtonsTest</td><td><a href="#m39">verifyAddDepartmentGroupTest</a></td><td rowspan="1">1771585034383</td><td rowspan="1">23975</td></tr><tr class="passedodd"><td rowspan="1">com.Settings.DepartmentGroup.verifyNameTextboxBehaviorTest</td><td><a href="#m40">verifyNameTextboxBehaviorTest</a></td><td rowspan="1">1771585098197</td><td rowspan="1">24622</td></tr><tr class="passedeven"><td rowspan="1">com.Settings.DepartmentGroup.verifyRequiredFieldValidationForNameTest</td><td><a href="#m41">verifyRequiredFieldValidationForNameTest</a></td><td rowspan="1">1771585137553</td><td rowspan="1">24355</td></tr><tr class="passedodd"><td rowspan="1">com.Settings.DepartmentGroup.verifySearchDepartmentGroupTest</td><td><a href="#m42">verifySearchDepartmentGroupTest</a></td><td rowspan="1">1771585177883</td><td rowspan="1">23608</td></tr></tbody>
</table>
<h2>Test</h2><h3 id="m0">com.DowntimeAnalysisPage.DowntimeAnalysisDropdownValidationTest#DowntimeAnalysisDropdownValidationTest</h3><table class="result"><tr><th>Exception</th></tr><tr><td><div class="stacktrace">org.openqa.selenium.NoSuchElementException: no such element: Unable to locate element: {&quot;method&quot;:&quot;xpath&quot;,&quot;selector&quot;:&quot;//select[@name=&quot;department_grp_id&quot;]&quot;}
  (Session info: chrome=145.0.7632.109)
For documentation on this error, please visit: https://www.selenium.dev/documentation/webdriver/troubleshooting/errors#nosuchelementexception
Build info: version: &apos;4.38.0&apos;, revision: &apos;6b412e825c&apos;
System info: os.name: &apos;Windows 11&apos;, os.arch: &apos;amd64&apos;, os.version: &apos;10.0&apos;, java.version: &apos;21.0.9&apos;
Driver info: org.openqa.selenium.chrome.ChromeDriver
Command: [4269a5566e8407ff74e63d9e88df8a13, findElement {value=//select[@name=&quot;department_grp_id&quot;], using=xpath}]
Capabilities {acceptInsecureCerts: false, browserName: chrome, browserVersion: 145.0.7632.109, chrome: {chromedriverVersion: 145.0.7632.77 (da516187054a..., userDataDir: C:\Users\W066520\AppData\Lo...}, fedcm:accounts: true, goog:chromeOptions: {debuggerAddress: localhost:63179}, goog:processID: 35504, networkConnectionEnabled: false, pageLoadStrategy: normal, platformName: windows, proxy: Proxy(), se:cdp: ws://localhost:63179/devtoo..., se:cdpVersion: 145.0.7632.109, setWindowRect: true, strictFileInteractability: false, timeouts: {implicit: 0, pageLoad: 300000, script: 30000}, unhandledPromptBehavior: dismiss and notify, webauthn:extension:credBlob: true, webauthn:extension:largeBlob: true, webauthn:extension:minPinLength: true, webauthn:extension:prf: true, webauthn:virtualAuthenticators: true}
Session ID: 4269a5566e8407ff74e63d9e88df8a13
	at org.openqa.selenium.remote.ErrorCodec.decode(ErrorCodec.java:167)
	at org.openqa.selenium.remote.codec.w3c.W3CHttpResponseCodec.decode(W3CHttpResponseCodec.java:138)
	at org.openqa.selenium.remote.codec.w3c.W3CHttpResponseCodec.decode(W3CHttpResponseCodec.java:50)
	at org.openqa.selenium.remote.HttpCommandExecutor.execute(HttpCommandExecutor.java:215)
	at org.openqa.selenium.remote.service.DriverCommandExecutor.invokeExecute(DriverCommandExecutor.java:216)
	at org.openqa.selenium.remote.service.DriverCommandExecutor.execute(DriverCommandExecutor.java:174)
	at org.openqa.selenium.remote.RemoteWebDriver.execute(RemoteWebDriver.java:557)
	at org.openqa.selenium.remote.ElementLocation$ElementFinder$2.findElement(ElementLocation.java:165)
	at org.openqa.selenium.remote.ElementLocation.findElement(ElementLocation.java:59)
	at org.openqa.selenium.remote.RemoteWebDriver.findElement(RemoteWebDriver.java:380)
	at org.openqa.selenium.remote.RemoteWebDriver.findElement(RemoteWebDriver.java:374)
	at org.openqa.selenium.support.pagefactory.DefaultElementLocator.findElement(DefaultElementLocator.java:68)
	at org.openqa.selenium.support.pagefactory.internal.LocatingElementHandler.invoke(LocatingElementHandler.java:38)
	at jdk.proxy2/jdk.proxy2.$Proxy17.isEnabled(Unknown Source)
	at org.openqa.selenium.support.ui.Select.assertSelectIsEnabled(Select.java:408)
	at org.openqa.selenium.support.ui.Select.selectByVisibleText(Select.java:343)
	at org.openqa.selenium.support.ui.Select.selectByVisibleText(Select.java:125)
	at com.sgplus.erp.genericutility.WebDriverUtility.select(WebDriverUtility.java:106)
	at com.DowntimeAnalysisPage.DowntimeAnalysisDropdownValidationTest.DowntimeAnalysisDropdownValidationTest(DowntimeAnalysisDropdownValidationTest.java:83)
	at java.base/java.util.ArrayList.forEach(ArrayList.java:1596)
... Removed 28 stack frames</div></td></tr></table><p class="totop"><a href="#summary">back to summary</a></p>
<h3 id="m1">com.DowntimeAnalysisPage.MonthWiseBarChartNavigationTest#MonthWiseBarChartNavigationTest</h3><table class="result"><tr><th>Exception</th></tr><tr><td><div class="stacktrace">java.lang.AssertionError: Day-wise chart not expanded. expected [true] but found [false]
	at com.DowntimeAnalysisPage.MonthWiseBarChartNavigationTest.MonthWiseBarChartNavigationTest(MonthWiseBarChartNavigationTest.java:96)
	at java.base/java.util.ArrayList.forEach(ArrayList.java:1596)
... Removed 28 stack frames</div></td></tr></table><p class="totop"><a href="#summary">back to summary</a></p>
<h3 id="m2">com.DowntimeAnalysisPage.YearlyToMonthlyChartNavigationTest#YearlyToMonthlyChartNavigationTest</h3><table class="result"><tr><th>Exception</th></tr><tr><td><div class="stacktrace">java.lang.AssertionError: Year-wise chart not expanded. expected [true] but found [false]
	at com.DowntimeAnalysisPage.YearlyToMonthlyChartNavigationTest.YearlyToMonthlyChartNavigationTest(YearlyToMonthlyChartNavigationTest.java:97)
	at java.base/java.util.ArrayList.forEach(ArrayList.java:1596)
... Removed 28 stack frames</div></td></tr></table><p class="totop"><a href="#summary">back to summary</a></p>
<h3 id="m3">com.ReasonLinkingPage.BulkReasonLinkingCancelTest#BulkReasonLinkingCancelTest</h3><table class="result"><tr><th>Exception</th></tr><tr><td><div class="stacktrace">org.openqa.selenium.NoSuchElementException: no such element: Unable to locate element: {&quot;method&quot;:&quot;css selector&quot;,&quot;selector&quot;:&quot;#formReasonId&quot;}
  (Session info: chrome=145.0.7632.109)
For documentation on this error, please visit: https://www.selenium.dev/documentation/webdriver/troubleshooting/errors#nosuchelementexception
Build info: version: &apos;4.38.0&apos;, revision: &apos;6b412e825c&apos;
System info: os.name: &apos;Windows 11&apos;, os.arch: &apos;amd64&apos;, os.version: &apos;10.0&apos;, java.version: &apos;21.0.9&apos;
Driver info: org.openqa.selenium.chrome.ChromeDriver
Command: [d9a7de1c0d3f749b641467bd8ae6a982, findElement {value=formReasonId, using=id}]
Capabilities {acceptInsecureCerts: false, browserName: chrome, browserVersion: 145.0.7632.109, chrome: {chromedriverVersion: 145.0.7632.77 (da516187054a..., userDataDir: C:\Users\W066520\AppData\Lo...}, fedcm:accounts: true, goog:chromeOptions: {debuggerAddress: localhost:49677}, goog:processID: 4924, networkConnectionEnabled: false, pageLoadStrategy: normal, platformName: windows, proxy: Proxy(), se:cdp: ws://localhost:49677/devtoo..., se:cdpVersion: 145.0.7632.109, setWindowRect: true, strictFileInteractability: false, timeouts: {implicit: 0, pageLoad: 300000, script: 30000}, unhandledPromptBehavior: dismiss and notify, webauthn:extension:credBlob: true, webauthn:extension:largeBlob: true, webauthn:extension:minPinLength: true, webauthn:extension:prf: true, webauthn:virtualAuthenticators: true}
Session ID: d9a7de1c0d3f749b641467bd8ae6a982
	at org.openqa.selenium.remote.ErrorCodec.decode(ErrorCodec.java:167)
	at org.openqa.selenium.remote.codec.w3c.W3CHttpResponseCodec.decode(W3CHttpResponseCodec.java:138)
	at org.openqa.selenium.remote.codec.w3c.W3CHttpResponseCodec.decode(W3CHttpResponseCodec.java:50)
	at org.openqa.selenium.remote.HttpCommandExecutor.execute(HttpCommandExecutor.java:215)
	at org.openqa.selenium.remote.service.DriverCommandExecutor.invokeExecute(DriverCommandExecutor.java:216)
	at org.openqa.selenium.remote.service.DriverCommandExecutor.execute(DriverCommandExecutor.java:174)
	at org.openqa.selenium.remote.RemoteWebDriver.execute(RemoteWebDriver.java:557)
	at org.openqa.selenium.remote.ElementLocation$ElementFinder$2.findElement(ElementLocation.java:165)
	at org.openqa.selenium.remote.ElementLocation.findElement(ElementLocation.java:59)
	at org.openqa.selenium.remote.RemoteWebDriver.findElement(RemoteWebDriver.java:380)
	at org.openqa.selenium.remote.RemoteWebDriver.findElement(RemoteWebDriver.java:374)
	at org.openqa.selenium.support.pagefactory.DefaultElementLocator.findElement(DefaultElementLocator.java:68)
	at org.openqa.selenium.support.pagefactory.internal.LocatingElementHandler.invoke(LocatingElementHandler.java:38)
	at jdk.proxy2/jdk.proxy2.$Proxy17.getTagName(Unknown Source)
	at org.openqa.selenium.support.ui.Select.&lt;init&gt;(Select.java:41)
	at com.sgplus.erp.genericutility.WebDriverUtility.select(WebDriverUtility.java:98)
	at com.ReasonLinkingPage.BulkReasonLinkingCancelTest.BulkReasonLinkingCancelTest(BulkReasonLinkingCancelTest.java:95)
	at java.base/java.util.ArrayList.forEach(ArrayList.java:1596)
... Removed 28 stack frames</div></td></tr></table><p class="totop"><a href="#summary">back to summary</a></p>
<h3 id="m4">com.Settings.DepartmentGroup.verifyAddDepartmentGroupTest#verifyAddDepartmentGroupTest</h3><table class="result"><tr><th>Exception</th></tr><tr><td><div class="stacktrace">org.openqa.selenium.NoSuchElementException: no such element: Unable to locate element: {&quot;method&quot;:&quot;xpath&quot;,&quot;selector&quot;:&quot;//input[@placeholder=&quot;Department Group Name&quot;]&quot;}
  (Session info: chrome=145.0.7632.109)
For documentation on this error, please visit: https://www.selenium.dev/documentation/webdriver/troubleshooting/errors#nosuchelementexception
Build info: version: &apos;4.38.0&apos;, revision: &apos;6b412e825c&apos;
System info: os.name: &apos;Windows 11&apos;, os.arch: &apos;amd64&apos;, os.version: &apos;10.0&apos;, java.version: &apos;21.0.9&apos;
Driver info: org.openqa.selenium.chrome.ChromeDriver
Command: [c4f811f82ef574e10ef743da3f958bfe, findElement {value=//input[@placeholder=&quot;Department Group Name&quot;], using=xpath}]
Capabilities {acceptInsecureCerts: false, browserName: chrome, browserVersion: 145.0.7632.109, chrome: {chromedriverVersion: 145.0.7632.77 (da516187054a..., userDataDir: C:\Users\W066520\AppData\Lo...}, fedcm:accounts: true, goog:chromeOptions: {debuggerAddress: localhost:53647}, goog:processID: 7376, networkConnectionEnabled: false, pageLoadStrategy: normal, platformName: windows, proxy: Proxy(), se:cdp: ws://localhost:53647/devtoo..., se:cdpVersion: 145.0.7632.109, setWindowRect: true, strictFileInteractability: false, timeouts: {implicit: 0, pageLoad: 300000, script: 30000}, unhandledPromptBehavior: dismiss and notify, webauthn:extension:credBlob: true, webauthn:extension:largeBlob: true, webauthn:extension:minPinLength: true, webauthn:extension:prf: true, webauthn:virtualAuthenticators: true}
Session ID: c4f811f82ef574e10ef743da3f958bfe
	at org.openqa.selenium.remote.ErrorCodec.decode(ErrorCodec.java:167)
	at org.openqa.selenium.remote.codec.w3c.W3CHttpResponseCodec.decode(W3CHttpResponseCodec.java:138)
	at org.openqa.selenium.remote.codec.w3c.W3CHttpResponseCodec.decode(W3CHttpResponseCodec.java:50)
	at org.openqa.selenium.remote.HttpCommandExecutor.execute(HttpCommandExecutor.java:215)
	at org.openqa.selenium.remote.service.DriverCommandExecutor.invokeExecute(DriverCommandExecutor.java:216)
	at org.openqa.selenium.remote.service.DriverCommandExecutor.execute(DriverCommandExecutor.java:174)
	at org.openqa.selenium.remote.RemoteWebDriver.execute(RemoteWebDriver.java:557)
	at org.openqa.selenium.remote.ElementLocation$ElementFinder$2.findElement(ElementLocation.java:165)
	at org.openqa.selenium.remote.ElementLocation.findElement(ElementLocation.java:59)
	at org.openqa.selenium.remote.RemoteWebDriver.findElement(RemoteWebDriver.java:380)
	at org.openqa.selenium.remote.RemoteWebDriver.findElement(RemoteWebDriver.java:374)
	at org.openqa.selenium.support.pagefactory.DefaultElementLocator.findElement(DefaultElementLocator.java:68)
	at org.openqa.selenium.support.pagefactory.internal.LocatingElementHandler.invoke(LocatingElementHandler.java:38)
	at jdk.proxy2/jdk.proxy2.$Proxy17.sendKeys(Unknown Source)
	at com.Settings.DepartmentGroup.verifyAddDepartmentGroupTest.verifyAddDepartmentGroupTest(verifyAddDepartmentGroupTest.java:84)
	at java.base/java.util.ArrayList.forEach(ArrayList.java:1596)
... Removed 28 stack frames</div></td></tr></table><p class="totop"><a href="#summary">back to summary</a></p>
<h3 id="m5">com.DowntimeAnalysisPage.DowntimeAnalysisNavigationTest#DowntimeAnalysisNavigationTest</h3><table class="result"><tr><th class="invisible"/></tr></table><p class="totop"><a href="#summary">back to summary</a></p>
<h3 id="m6">com.DowntimeEnhacementPage.DowntimeEnhacementTableExportTest#DowntimeEnhacementTableExport</h3><table class="result"><tr><th class="invisible"/></tr></table><p class="totop"><a href="#summary">back to summary</a></p>
<h3 id="m7">com.DowntimeEnhacementPage.DowntimeEnhacemntTableDataTest#DowntimeEnhacemntTableDataTest</h3><table class="result"><tr><th class="invisible"/></tr></table><p class="totop"><a href="#summary">back to summary</a></p>
<h3 id="m8">com.DowntimeEnhacementPage.NavigateToDowntimeEnhancementPageTest#NavigateToDowntimeEnhancementPage</h3><table class="result"><tr><th class="invisible"/></tr></table><p class="totop"><a href="#summary">back to summary</a></p>
<h3 id="m9">com.DowntimeModule.DowntimeBestMachineTest#DowntimeBestMachineTest</h3><table class="result"><tr><th class="invisible"/></tr></table><p class="totop"><a href="#summary">back to summary</a></p>
<h3 id="m10">com.DowntimeModule.DowntimeDashboardDataValidationTest#DowntimeDashboardDataValidationTest</h3><table class="result"><tr><th class="invisible"/></tr></table><p class="totop"><a href="#summary">back to summary</a></p>
<h3 id="m11">com.DowntimeModule.DowntimeDashboardNavigationTest#DowntimeDashboardNavigationTest</h3><table class="result"><tr><th class="invisible"/></tr></table><p class="totop"><a href="#summary">back to summary</a></p>
<h3 id="m12">com.DowntimeModule.DowntimeWorstMachineTest#DowntimeWorstMachineTest</h3><table class="result"><tr><th class="invisible"/></tr></table><p class="totop"><a href="#summary">back to summary</a></p>
<h3 id="m13">com.DowntimeShiftview.VerifyNavigationToShiftViewPageTest#VerifyNavigationToShiftViewPageTest</h3><table class="result"><tr><th class="invisible"/></tr></table><p class="totop"><a href="#summary">back to summary</a></p>
<h3 id="m14">com.DowntimeShiftview.VerifyShiftAViewDisplaysDataForDifferentShiftsTest#VerifyShiftAViewDisplaysDataForDifferentShiftsTest</h3><table class="result"><tr><th class="invisible"/></tr></table><p class="totop"><a href="#summary">back to summary</a></p>
<h3 id="m15">com.DowntimeShiftview.VerifyShiftBViewDisplaysDataForDifferentShiftsTest#VerifyShiftBViewDisplaysDataForDifferentShiftsTest</h3><table class="result"><tr><th class="invisible"/></tr></table><p class="totop"><a href="#summary">back to summary</a></p>
<h3 id="m16">com.DowntimeShiftview.VerifyShiftCViewDisplaysDataForDifferentShiftsTest#VerifyShiftBViewDisplaysDataForDifferentShiftsTest</h3><table class="result"><tr><th class="invisible"/></tr></table><p class="totop"><a href="#summary">back to summary</a></p>
<h3 id="m17">com.DowntimeShiftview.VerifyShiftViewPageDataTest#VerifyShiftViewPageDataTest</h3><table class="result"><tr><th class="invisible"/></tr></table><p class="totop"><a href="#summary">back to summary</a></p>
<h3 id="m18">com.ReasonLinkingPage.BulkReasonLinkingFunctionalityTest#BulkReasonLinkingFunctionalityTest</h3><table class="result"><tr><th class="invisible"/></tr></table><p class="totop"><a href="#summary">back to summary</a></p>
<h3 id="m19">com.ReasonLinkingPage.ReasonLinkingCombinedExportTest#ReasonLinkingCombinedExportTest</h3><table class="result"><tr><th class="invisible"/></tr></table><p class="totop"><a href="#summary">back to summary</a></p>
<h3 id="m20">com.ReasonLinkingPage.ReasonLinkingCombinedTest#ReasonLinkingCombinedTest</h3><table class="result"><tr><th class="invisible"/></tr></table><p class="totop"><a href="#summary">back to summary</a></p>
<h3 id="m21">com.ReasonLinkingPage.ReasonLinkingCycleTimeSourceFilterTest#ReasonLinkingCycleTimeSourceFilterTest</h3><table class="result"><tr><th class="invisible"/></tr></table><p class="totop"><a href="#summary">back to summary</a></p>
<h3 id="m22">com.ReasonLinkingPage.ReasonLinkingFilterDataValidationTest#ReasonLinkingFilterDataValidationTest</h3><table class="result"><tr><th class="invisible"/></tr></table><p class="totop"><a href="#summary">back to summary</a></p>
<h3 id="m23">com.ReasonLinkingPage.ReasonLinkingHandlingSourceFilterTest#ReasonLinkingHandlingSourceFilterTest</h3><table class="result"><tr><th class="invisible"/></tr></table><p class="totop"><a href="#summary">back to summary</a></p>
<h3 id="m24">com.ReasonLinkingPage.ReasonLinkingLinkedExportTest#ReasonLinkingLinkedExportTest</h3><table class="result"><tr><th class="invisible"/></tr></table><p class="totop"><a href="#summary">back to summary</a></p>
<h3 id="m25">com.ReasonLinkingPage.ReasonLinkingLinkedFilterTest#ReasonLinkingLinkedFilterTest</h3><table class="result"><tr><th class="invisible"/></tr></table><p class="totop"><a href="#summary">back to summary</a></p>
<h3 id="m26">com.ReasonLinkingPage.ReasonLinkingNavigationTest#ReasonLinkingNavigationTest</h3><table class="result"><tr><th class="invisible"/></tr></table><p class="totop"><a href="#summary">back to summary</a></p>
<h3 id="m27">com.ReasonLinkingPage.ReasonLinkingSingleLinkTest#ReasonLinkingFunctionalityTest</h3><table class="result"><tr><th class="invisible"/></tr></table><p class="totop"><a href="#summary">back to summary</a></p>
<h3 id="m28">com.ReasonLinkingPage.ReasonLinkingUnlinkedExportTest#ReasonLinkingUnlinkedExportTest</h3><table class="result"><tr><th class="invisible"/></tr></table><p class="totop"><a href="#summary">back to summary</a></p>
<h3 id="m29">com.ReasonLinkingPage.ReasonLinkingUnlinkedFilterTest#ReasonLinkingUnlinkedFilterTest</h3><table class="result"><tr><th class="invisible"/></tr></table><p class="totop"><a href="#summary">back to summary</a></p>
<h3 id="m30">com.Settings.Departements.VerifyAddDepartmentTest#VerifyAddDepartmentTest</h3><table class="result"><tr><th class="invisible"/></tr></table><p class="totop"><a href="#summary">back to summary</a></p>
<h3 id="m31">com.Settings.Departements.verifyDepartmentNameInputTest#verifyRequiredFieldValidationTest</h3><table class="result"><tr><th class="invisible"/></tr></table><p class="totop"><a href="#summary">back to summary</a></p>
<h3 id="m32">com.Settings.Departements.verifyEditDepartmenTest#verifyEditDepartmenTest</h3><table class="result"><tr><th class="invisible"/></tr></table><p class="totop"><a href="#summary">back to summary</a></p>
<h3 id="m33">com.Settings.Departements.verifyRequiredFieldValidationTest#verifyRequiredFieldValidationTest</h3><table class="result"><tr><th class="invisible"/></tr></table><p class="totop"><a href="#summary">back to summary</a></p>
<h3 id="m34">com.Settings.Departements.verifySearchDepartmentTest#VerifyAddDepartmentTest</h3><table class="result"><tr><th class="invisible"/></tr></table><p class="totop"><a href="#summary">back to summary</a></p>
<h3 id="m35">com.Settings.Departements.verifyViewDepartmentTest#verifyViewDepartmentTest</h3><table class="result"><tr><th class="invisible"/></tr></table><p class="totop"><a href="#summary">back to summary</a></p>
<h3 id="m36">com.Settings.DepartmentGroup.verifyAddButtonDisabledStateTest#verifyAddButtonDisabledStateTest</h3><table class="result"><tr><th class="invisible"/></tr></table><p class="totop"><a href="#summary">back to summary</a></p>
<h3 id="m37">com.Settings.DepartmentGroup.verifyDefaultMTTRMTBFSourceSelectionTest#verifyDefaultMTTRMTBFSourceSelectionTest</h3><table class="result"><tr><th class="invisible"/></tr></table><p class="totop"><a href="#summary">back to summary</a></p>
<h3 id="m38">com.Settings.DepartmentGroup.verifyEditDepartmentGroupTest#verifyEditDepartmentGroupTest</h3><table class="result"><tr><th class="invisible"/></tr></table><p class="totop"><a href="#summary">back to summary</a></p>
<h3 id="m39">com.Settings.DepartmentGroup.verifyMTTRMTBFSourceRadioButtonsTest#verifyAddDepartmentGroupTest</h3><table class="result"><tr><th class="invisible"/></tr></table><p class="totop"><a href="#summary">back to summary</a></p>
<h3 id="m40">com.Settings.DepartmentGroup.verifyNameTextboxBehaviorTest#verifyNameTextboxBehaviorTest</h3><table class="result"><tr><th class="invisible"/></tr></table><p class="totop"><a href="#summary">back to summary</a></p>
<h3 id="m41">com.Settings.DepartmentGroup.verifyRequiredFieldValidationForNameTest#verifyRequiredFieldValidationForNameTest</h3><table class="result"><tr><th class="invisible"/></tr></table><p class="totop"><a href="#summary">back to summary</a></p>
<h3 id="m42">com.Settings.DepartmentGroup.verifySearchDepartmentGroupTest#verifySearchDepartmentGroupTest</h3><table class="result"><tr><th class="invisible"/></tr></table><p class="totop"><a href="#summary">back to summary</a></p>
</body>
</html>
