<?xml version="1.0" encoding="UTF-8"?>
<testng-results ignored="0" total="9" passed="9" failed="0" skipped="0">
  <reporter-output>
  </reporter-output>
  <suite started-at="2026-07-15T18:20:52 IST" name="Default suite" finished-at="2026-07-15T18:23:07 IST" duration-ms="134478">
    <groups>
    </groups>
    <test started-at="2026-07-15T18:20:52 IST" name="Default test" finished-at="2026-07-15T18:23:07 IST" duration-ms="134478">
      <class name="com.OEETarget.VerifytehOeeTagetTablepageHeaders">
        <test-method is-config="true" signature="configBC()[pri:0, instance:com.OEETarget.VerifytehOeeTagetTablepageHeaders@60015ef5]" started-at="2026-07-15T18:20:52 IST" name="configBC" finished-at="2026-07-15T18:20:54 IST" duration-ms="1710" status="PASS">
          <reporter-output>
          </reporter-output>
        </test-method> <!-- configBC -->
        <test-method is-config="true" signature="configBM()[pri:0, instance:com.OEETarget.VerifytehOeeTagetTablepageHeaders@60015ef5]" started-at="2026-07-15T18:20:54 IST" name="configBM" finished-at="2026-07-15T18:20:56 IST" duration-ms="1516" status="PASS">
          <reporter-output>
          </reporter-output>
        </test-method> <!-- configBM -->
        <test-method signature="VerifytehOeeTagetTablepageHeaders()[pri:0, instance:com.OEETarget.VerifytehOeeTagetTablepageHeaders@60015ef5]" started-at="2026-07-15T18:20:56 IST" name="VerifytehOeeTagetTablepageHeaders" finished-at="2026-07-15T18:21:00 IST" duration-ms="4827" status="PASS">
          <reporter-output>
          </reporter-output>
        </test-method> <!-- VerifytehOeeTagetTablepageHeaders -->
        <test-method is-config="true" signature="configAM()[pri:0, instance:com.OEETarget.VerifytehOeeTagetTablepageHeaders@60015ef5]" started-at="2026-07-15T18:21:00 IST" name="configAM" finished-at="2026-07-15T18:21:01 IST" duration-ms="67" status="PASS">
          <reporter-output>
          </reporter-output>
        </test-method> <!-- configAM -->
        <test-method is-config="true" signature="configAC()[pri:0, instance:com.OEETarget.VerifytehOeeTagetTablepageHeaders@60015ef5]" started-at="2026-07-15T18:21:01 IST" name="configAC" finished-at="2026-07-15T18:21:01 IST" duration-ms="377" status="PASS">
          <reporter-output>
          </reporter-output>
        </test-method> <!-- configAC -->
      </class> <!-- com.OEETarget.VerifytehOeeTagetTablepageHeaders -->
      <class name="com.OEETarget.VerifytehOEETargetpageNavigation">
        <test-method is-config="true" signature="configBC()[pri:0, instance:com.OEETarget.VerifytehOEETargetpageNavigation@50caa560]" started-at="2026-07-15T18:21:01 IST" name="configBC" finished-at="2026-07-15T18:21:02 IST" duration-ms="1224" status="PASS">
          <reporter-output>
          </reporter-output>
        </test-method> <!-- configBC -->
        <test-method is-config="true" signature="configBM()[pri:0, instance:com.OEETarget.VerifytehOEETargetpageNavigation@50caa560]" started-at="2026-07-15T18:21:02 IST" name="configBM" finished-at="2026-07-15T18:21:04 IST" duration-ms="1574" status="PASS">
          <reporter-output>
          </reporter-output>
        </test-method> <!-- configBM -->
        <test-method signature="verifytheOEETargetpageNavigation()[pri:0, instance:com.OEETarget.VerifytehOEETargetpageNavigation@50caa560]" started-at="2026-07-15T18:21:04 IST" name="verifytheOEETargetpageNavigation" finished-at="2026-07-15T18:21:08 IST" duration-ms="4191" status="PASS">
          <reporter-output>
          </reporter-output>
        </test-method> <!-- verifytheOEETargetpageNavigation -->
        <test-method is-config="true" signature="configAM()[pri:0, instance:com.OEETarget.VerifytehOEETargetpageNavigation@50caa560]" started-at="2026-07-15T18:21:08 IST" name="configAM" finished-at="2026-07-15T18:21:08 IST" duration-ms="78" status="PASS">
          <reporter-output>
          </reporter-output>
        </test-method> <!-- configAM -->
        <test-method is-config="true" signature="configAC()[pri:0, instance:com.OEETarget.VerifytehOEETargetpageNavigation@50caa560]" started-at="2026-07-15T18:21:08 IST" name="configAC" finished-at="2026-07-15T18:21:08 IST" duration-ms="408" status="PASS">
          <reporter-output>
          </reporter-output>
        </test-method> <!-- configAC -->
      </class> <!-- com.OEETarget.VerifytehOEETargetpageNavigation -->
      <class name="com.OEETarget.VerifytheOeeTargettableisDiplayed">
        <test-method is-config="true" signature="configBC()[pri:0, instance:com.OEETarget.VerifytheOeeTargettableisDiplayed@2a266d09]" started-at="2026-07-15T18:21:08 IST" name="configBC" finished-at="2026-07-15T18:21:10 IST" duration-ms="1175" status="PASS">
          <reporter-output>
          </reporter-output>
        </test-method> <!-- configBC -->
        <test-method is-config="true" signature="configBM()[pri:0, instance:com.OEETarget.VerifytheOeeTargettableisDiplayed@2a266d09]" started-at="2026-07-15T18:21:10 IST" name="configBM" finished-at="2026-07-15T18:21:11 IST" duration-ms="1543" status="PASS">
          <reporter-output>
          </reporter-output>
        </test-method> <!-- configBM -->
        <test-method signature="VerifytheOeeTargettableisDiplayed()[pri:0, instance:com.OEETarget.VerifytheOeeTargettableisDiplayed@2a266d09]" started-at="2026-07-15T18:21:11 IST" name="VerifytheOeeTargettableisDiplayed" finished-at="2026-07-15T18:21:16 IST" duration-ms="4641" status="PASS">
          <reporter-output>
          </reporter-output>
        </test-method> <!-- VerifytheOeeTargettableisDiplayed -->
        <test-method is-config="true" signature="configAM()[pri:0, instance:com.OEETarget.VerifytheOeeTargettableisDiplayed@2a266d09]" started-at="2026-07-15T18:21:16 IST" name="configAM" finished-at="2026-07-15T18:21:16 IST" duration-ms="48" status="PASS">
          <reporter-output>
          </reporter-output>
        </test-method> <!-- configAM -->
        <test-method is-config="true" signature="configAC()[pri:0, instance:com.OEETarget.VerifytheOeeTargettableisDiplayed@2a266d09]" started-at="2026-07-15T18:21:16 IST" name="configAC" finished-at="2026-07-15T18:21:16 IST" duration-ms="376" status="PASS">
          <reporter-output>
          </reporter-output>
        </test-method> <!-- configAC -->
      </class> <!-- com.OEETarget.VerifytheOeeTargettableisDiplayed -->
      <class name="com.OEETarget.VerifytheBulkOEETargetFuntionality">
        <test-method is-config="true" signature="configBC()[pri:0, instance:com.OEETarget.VerifytheBulkOEETargetFuntionality@5ab9e72c]" started-at="2026-07-15T18:21:16 IST" name="configBC" finished-at="2026-07-15T18:21:17 IST" duration-ms="1253" status="PASS">
          <reporter-output>
          </reporter-output>
        </test-method> <!-- configBC -->
        <test-method is-config="true" signature="configBM()[pri:0, instance:com.OEETarget.VerifytheBulkOEETargetFuntionality@5ab9e72c]" started-at="2026-07-15T18:21:17 IST" name="configBM" finished-at="2026-07-15T18:21:19 IST" duration-ms="1814" status="PASS">
          <reporter-output>
          </reporter-output>
        </test-method> <!-- configBM -->
        <test-method signature="VerifytheBulkOEETargetFuntionality()[pri:0, instance:com.OEETarget.VerifytheBulkOEETargetFuntionality@5ab9e72c]" started-at="2026-07-15T18:21:19 IST" name="VerifytheBulkOEETargetFuntionality" finished-at="2026-07-15T18:21:31 IST" duration-ms="11657" status="PASS">
          <reporter-output>
          </reporter-output>
        </test-method> <!-- VerifytheBulkOEETargetFuntionality -->
        <test-method is-config="true" signature="configAM()[pri:0, instance:com.OEETarget.VerifytheBulkOEETargetFuntionality@5ab9e72c]" started-at="2026-07-15T18:21:31 IST" name="configAM" finished-at="2026-07-15T18:21:31 IST" duration-ms="276" status="PASS">
          <reporter-output>
          </reporter-output>
        </test-method> <!-- configAM -->
        <test-method is-config="true" signature="configAC()[pri:0, instance:com.OEETarget.VerifytheBulkOEETargetFuntionality@5ab9e72c]" started-at="2026-07-15T18:21:31 IST" name="configAC" finished-at="2026-07-15T18:21:32 IST" duration-ms="411" status="PASS">
          <reporter-output>
          </reporter-output>
        </test-method> <!-- configAC -->
      </class> <!-- com.OEETarget.VerifytheBulkOEETargetFuntionality -->
      <class name="com.OEETarget.VerifytheOEETargetEditFuntionality">
        <test-method is-config="true" signature="configBC()[pri:0, instance:com.OEETarget.VerifytheOEETargetEditFuntionality@186f8716]" started-at="2026-07-15T18:21:32 IST" name="configBC" finished-at="2026-07-15T18:21:33 IST" duration-ms="1271" status="PASS">
          <reporter-output>
          </reporter-output>
        </test-method> <!-- configBC -->
        <test-method is-config="true" signature="configBM()[pri:0, instance:com.OEETarget.VerifytheOEETargetEditFuntionality@186f8716]" started-at="2026-07-15T18:21:33 IST" name="configBM" finished-at="2026-07-15T18:21:38 IST" duration-ms="5115" status="PASS">
          <reporter-output>
          </reporter-output>
        </test-method> <!-- configBM -->
        <test-method signature="VerifytheOEETargetEditFuntionality()[pri:0, instance:com.OEETarget.VerifytheOEETargetEditFuntionality@186f8716]" started-at="2026-07-15T18:21:38 IST" name="VerifytheOEETargetEditFuntionality" finished-at="2026-07-15T18:21:52 IST" duration-ms="13596" status="PASS">
          <reporter-output>
          </reporter-output>
        </test-method> <!-- VerifytheOEETargetEditFuntionality -->
        <test-method is-config="true" signature="configAM()[pri:0, instance:com.OEETarget.VerifytheOEETargetEditFuntionality@186f8716]" started-at="2026-07-15T18:21:52 IST" name="configAM" finished-at="2026-07-15T18:21:52 IST" duration-ms="312" status="PASS">
          <reporter-output>
          </reporter-output>
        </test-method> <!-- configAM -->
        <test-method is-config="true" signature="configAC()[pri:0, instance:com.OEETarget.VerifytheOEETargetEditFuntionality@186f8716]" started-at="2026-07-15T18:21:52 IST" name="configAC" finished-at="2026-07-15T18:21:52 IST" duration-ms="379" status="PASS">
          <reporter-output>
          </reporter-output>
        </test-method> <!-- configAC -->
      </class> <!-- com.OEETarget.VerifytheOEETargetEditFuntionality -->
      <class name="com.OEETarget.VerifytheOEETargetTabledataandPrintData">
        <test-method is-config="true" signature="configBC()[pri:0, instance:com.OEETarget.VerifytheOEETargetTabledataandPrintData@45ca843]" started-at="2026-07-15T18:22:21 IST" name="configBC" finished-at="2026-07-15T18:22:23 IST" duration-ms="1178" status="PASS">
          <reporter-output>
          </reporter-output>
        </test-method> <!-- configBC -->
        <test-method is-config="true" signature="configBM()[pri:0, instance:com.OEETarget.VerifytheOEETargetTabledataandPrintData@45ca843]" started-at="2026-07-15T18:22:23 IST" name="configBM" finished-at="2026-07-15T18:22:24 IST" duration-ms="1487" status="PASS">
          <reporter-output>
          </reporter-output>
        </test-method> <!-- configBM -->
        <test-method signature="VerifytheOEETargetTabledataandPrintData()[pri:0, instance:com.OEETarget.VerifytheOEETargetTabledataandPrintData@45ca843]" started-at="2026-07-15T18:22:24 IST" name="VerifytheOEETargetTabledataandPrintData" finished-at="2026-07-15T18:22:29 IST" duration-ms="5189" status="PASS">
          <reporter-output>
          </reporter-output>
        </test-method> <!-- VerifytheOEETargetTabledataandPrintData -->
        <test-method is-config="true" signature="configAM()[pri:0, instance:com.OEETarget.VerifytheOEETargetTabledataandPrintData@45ca843]" started-at="2026-07-15T18:22:29 IST" name="configAM" finished-at="2026-07-15T18:22:29 IST" duration-ms="68" status="PASS">
          <reporter-output>
          </reporter-output>
        </test-method> <!-- configAM -->
        <test-method is-config="true" signature="configAC()[pri:0, instance:com.OEETarget.VerifytheOEETargetTabledataandPrintData@45ca843]" started-at="2026-07-15T18:22:29 IST" name="configAC" finished-at="2026-07-15T18:22:30 IST" duration-ms="397" status="PASS">
          <reporter-output>
          </reporter-output>
        </test-method> <!-- configAC -->
      </class> <!-- com.OEETarget.VerifytheOEETargetTabledataandPrintData -->
      <class name="com.OEETarget.VerifyCloseBulkLinkingFunctionality">
        <test-method is-config="true" signature="configBC()[pri:0, instance:com.OEETarget.VerifyCloseBulkLinkingFunctionality@1d8bd0de]" started-at="2026-07-15T18:21:52 IST" name="configBC" finished-at="2026-07-15T18:21:54 IST" duration-ms="1270" status="PASS">
          <reporter-output>
          </reporter-output>
        </test-method> <!-- configBC -->
        <test-method is-config="true" signature="configBM()[pri:0, instance:com.OEETarget.VerifyCloseBulkLinkingFunctionality@1d8bd0de]" started-at="2026-07-15T18:21:54 IST" name="configBM" finished-at="2026-07-15T18:21:55 IST" duration-ms="1375" status="PASS">
          <reporter-output>
          </reporter-output>
        </test-method> <!-- configBM -->
        <test-method signature="VerifyCloseBulkLinkingFunctionality()[pri:0, instance:com.OEETarget.VerifyCloseBulkLinkingFunctionality@1d8bd0de]" started-at="2026-07-15T18:21:55 IST" name="VerifyCloseBulkLinkingFunctionality" finished-at="2026-07-15T18:22:21 IST" duration-ms="26098" status="PASS">
          <reporter-output>
          </reporter-output>
        </test-method> <!-- VerifyCloseBulkLinkingFunctionality -->
        <test-method is-config="true" signature="configAM()[pri:0, instance:com.OEETarget.VerifyCloseBulkLinkingFunctionality@1d8bd0de]" started-at="2026-07-15T18:22:21 IST" name="configAM" finished-at="2026-07-15T18:22:21 IST" duration-ms="50" status="PASS">
          <reporter-output>
          </reporter-output>
        </test-method> <!-- configAM -->
        <test-method is-config="true" signature="configAC()[pri:0, instance:com.OEETarget.VerifyCloseBulkLinkingFunctionality@1d8bd0de]" started-at="2026-07-15T18:22:21 IST" name="configAC" finished-at="2026-07-15T18:22:21 IST" duration-ms="418" status="PASS">
          <reporter-output>
          </reporter-output>
        </test-method> <!-- configAC -->
      </class> <!-- com.OEETarget.VerifyCloseBulkLinkingFunctionality -->
      <class name="com.OEETarget.VerifytheOEEtargetpagetitle">
        <test-method is-config="true" signature="configBC()[pri:0, instance:com.OEETarget.VerifytheOEEtargetpagetitle@11c9af63]" started-at="2026-07-15T18:22:30 IST" name="configBC" finished-at="2026-07-15T18:22:31 IST" duration-ms="1138" status="PASS">
          <reporter-output>
          </reporter-output>
        </test-method> <!-- configBC -->
        <test-method is-config="true" signature="configBM()[pri:0, instance:com.OEETarget.VerifytheOEEtargetpagetitle@11c9af63]" started-at="2026-07-15T18:22:31 IST" name="configBM" finished-at="2026-07-15T18:22:32 IST" duration-ms="1249" status="PASS">
          <reporter-output>
          </reporter-output>
        </test-method> <!-- configBM -->
        <test-method signature="VerifytheOEEtargetpagetitle()[pri:0, instance:com.OEETarget.VerifytheOEEtargetpagetitle@11c9af63]" started-at="2026-07-15T18:22:32 IST" name="VerifytheOEEtargetpagetitle" finished-at="2026-07-15T18:22:37 IST" duration-ms="5093" status="PASS">
          <reporter-output>
          </reporter-output>
        </test-method> <!-- VerifytheOEEtargetpagetitle -->
        <test-method is-config="true" signature="configAM()[pri:0, instance:com.OEETarget.VerifytheOEEtargetpagetitle@11c9af63]" started-at="2026-07-15T18:22:37 IST" name="configAM" finished-at="2026-07-15T18:22:37 IST" duration-ms="72" status="PASS">
          <reporter-output>
          </reporter-output>
        </test-method> <!-- configAM -->
        <test-method is-config="true" signature="configAC()[pri:0, instance:com.OEETarget.VerifytheOEEtargetpagetitle@11c9af63]" started-at="2026-07-15T18:22:37 IST" name="configAC" finished-at="2026-07-15T18:22:38 IST" duration-ms="349" status="PASS">
          <reporter-output>
          </reporter-output>
        </test-method> <!-- configAC -->
      </class> <!-- com.OEETarget.VerifytheOEEtargetpagetitle -->
      <class name="com.OEETarget.VerifytheCancelBukUpdateFuctionality">
        <test-method is-config="true" signature="configBC()[pri:0, instance:com.OEETarget.VerifytheCancelBukUpdateFuctionality@757acd7b]" started-at="2026-07-15T18:22:38 IST" name="configBC" finished-at="2026-07-15T18:22:39 IST" duration-ms="1233" status="PASS">
          <reporter-output>
          </reporter-output>
        </test-method> <!-- configBC -->
        <test-method is-config="true" signature="configBM()[pri:0, instance:com.OEETarget.VerifytheCancelBukUpdateFuctionality@757acd7b]" started-at="2026-07-15T18:22:39 IST" name="configBM" finished-at="2026-07-15T18:22:40 IST" duration-ms="1451" status="PASS">
          <reporter-output>
          </reporter-output>
        </test-method> <!-- configBM -->
        <test-method signature="VerifytheCancelBukUpdateFuctionality()[pri:0, instance:com.OEETarget.VerifytheCancelBukUpdateFuctionality@757acd7b]" started-at="2026-07-15T18:22:40 IST" name="VerifytheCancelBukUpdateFuctionality" finished-at="2026-07-15T18:23:06 IST" duration-ms="25997" status="PASS">
          <reporter-output>
          </reporter-output>
        </test-method> <!-- VerifytheCancelBukUpdateFuctionality -->
        <test-method is-config="true" signature="configAM()[pri:0, instance:com.OEETarget.VerifytheCancelBukUpdateFuctionality@757acd7b]" started-at="2026-07-15T18:23:06 IST" name="configAM" finished-at="2026-07-15T18:23:06 IST" duration-ms="53" status="PASS">
          <reporter-output>
          </reporter-output>
        </test-method> <!-- configAM -->
        <test-method is-config="true" signature="configAC()[pri:0, instance:com.OEETarget.VerifytheCancelBukUpdateFuctionality@757acd7b]" started-at="2026-07-15T18:23:06 IST" name="configAC" finished-at="2026-07-15T18:23:07 IST" duration-ms="412" status="PASS">
          <reporter-output>
          </reporter-output>
        </test-method> <!-- configAC -->
      </class> <!-- com.OEETarget.VerifytheCancelBukUpdateFuctionality -->
    </test> <!-- Default test -->
  </suite> <!-- Default suite -->
</testng-results>
