<?xml version="1.0" encoding="UTF-8"?>
<testng-results ignored="0" total="65" passed="59" failed="6" skipped="0">
  <reporter-output>
  </reporter-output>
  <suite started-at="2026-04-23T12:54:53 IST" name="Suite" finished-at="2026-04-23T13:16:14 IST" duration-ms="1281234">
    <groups>
    </groups>
    <test started-at="2026-04-23T12:54:53 IST" name="Test" finished-at="2026-04-23T13:16:14 IST" duration-ms="1281234">
      <class name="com.ReasonLinkingPage.ReasonLinkingSingleLinkTest">
        <test-method is-config="true" signature="configBC()[pri:0, instance:com.ReasonLinkingPage.ReasonLinkingSingleLinkTest@1cbb87f3]" started-at="2026-04-23T13:15:43 IST" name="configBC" finished-at="2026-04-23T13:15:44 IST" duration-ms="1022" status="PASS">
          <reporter-output>
          </reporter-output>
        </test-method> <!-- configBC -->
        <test-method is-config="true" signature="configBM()[pri:0, instance:com.ReasonLinkingPage.ReasonLinkingSingleLinkTest@1cbb87f3]" started-at="2026-04-23T13:15:44 IST" name="configBM" finished-at="2026-04-23T13:15:46 IST" duration-ms="1811" status="PASS">
          <reporter-output>
          </reporter-output>
        </test-method> <!-- configBM -->
        <test-method signature="ReasonLinkingFunctionalityTest()[pri:0, instance:com.ReasonLinkingPage.ReasonLinkingSingleLinkTest@1cbb87f3]" started-at="2026-04-23T13:15:46 IST" name="ReasonLinkingFunctionalityTest" finished-at="2026-04-23T13:15:51 IST" duration-ms="5012" status="PASS">
          <reporter-output>
          </reporter-output>
        </test-method> <!-- ReasonLinkingFunctionalityTest -->
        <test-method is-config="true" signature="configAM()[pri:0, instance:com.ReasonLinkingPage.ReasonLinkingSingleLinkTest@1cbb87f3]" started-at="2026-04-23T13:15:51 IST" name="configAM" finished-at="2026-04-23T13:15:52 IST" duration-ms="946" status="PASS">
          <reporter-output>
          </reporter-output>
        </test-method> <!-- configAM -->
        <test-method is-config="true" signature="configAC()[pri:0, instance:com.ReasonLinkingPage.ReasonLinkingSingleLinkTest@1cbb87f3]" started-at="2026-04-23T13:15:52 IST" name="configAC" finished-at="2026-04-23T13:15:52 IST" duration-ms="408" status="PASS">
          <reporter-output>
          </reporter-output>
        </test-method> <!-- configAC -->
      </class> <!-- com.ReasonLinkingPage.ReasonLinkingSingleLinkTest -->
      <class name="com.OEEDashBoard.ProductionCapacitylossgraphTest">
        <test-method is-config="true" signature="configBC()[pri:0, instance:com.OEEDashBoard.ProductionCapacitylossgraphTest@24fcf36f]" started-at="2026-04-23T13:08:29 IST" name="configBC" finished-at="2026-04-23T13:08:30 IST" duration-ms="1003" status="PASS">
          <reporter-output>
          </reporter-output>
        </test-method> <!-- configBC -->
        <test-method is-config="true" signature="configBM()[pri:0, instance:com.OEEDashBoard.ProductionCapacitylossgraphTest@24fcf36f]" started-at="2026-04-23T13:08:30 IST" name="configBM" finished-at="2026-04-23T13:08:32 IST" duration-ms="1716" status="PASS">
          <reporter-output>
          </reporter-output>
        </test-method> <!-- configBM -->
        <test-method signature="ProductionCapacitylossgraphTest()[pri:0, instance:com.OEEDashBoard.ProductionCapacitylossgraphTest@24fcf36f]" started-at="2026-04-23T13:08:32 IST" name="ProductionCapacitylossgraphTest" finished-at="2026-04-23T13:08:59 IST" duration-ms="26616" status="PASS">
          <reporter-output>
          </reporter-output>
        </test-method> <!-- ProductionCapacitylossgraphTest -->
        <test-method is-config="true" signature="configAM()[pri:0, instance:com.OEEDashBoard.ProductionCapacitylossgraphTest@24fcf36f]" started-at="2026-04-23T13:08:59 IST" name="configAM" finished-at="2026-04-23T13:08:59 IST" duration-ms="69" status="PASS">
          <reporter-output>
          </reporter-output>
        </test-method> <!-- configAM -->
        <test-method is-config="true" signature="configAC()[pri:0, instance:com.OEEDashBoard.ProductionCapacitylossgraphTest@24fcf36f]" started-at="2026-04-23T13:08:59 IST" name="configAC" finished-at="2026-04-23T13:08:59 IST" duration-ms="442" status="PASS">
          <reporter-output>
          </reporter-output>
        </test-method> <!-- configAC -->
      </class> <!-- com.OEEDashBoard.ProductionCapacitylossgraphTest -->
      <class name="com.DowntimeAnalysisPage.DowntimeAnalysisDropdownValidationTest">
        <test-method is-config="true" signature="configBC()[pri:0, instance:com.DowntimeAnalysisPage.DowntimeAnalysisDropdownValidationTest@49912c99]" started-at="2026-04-23T12:55:39 IST" name="configBC" finished-at="2026-04-23T12:55:40 IST" duration-ms="1100" status="PASS">
          <reporter-output>
          </reporter-output>
        </test-method> <!-- configBC -->
        <test-method is-config="true" signature="configBM()[pri:0, instance:com.DowntimeAnalysisPage.DowntimeAnalysisDropdownValidationTest@49912c99]" started-at="2026-04-23T12:55:40 IST" name="configBM" finished-at="2026-04-23T12:55:41 IST" duration-ms="1255" status="PASS">
          <reporter-output>
          </reporter-output>
        </test-method> <!-- configBM -->
        <test-method signature="DowntimeAnalysisDropdownValidationTest()[pri:0, instance:com.DowntimeAnalysisPage.DowntimeAnalysisDropdownValidationTest@49912c99]" started-at="2026-04-23T12:55:41 IST" name="DowntimeAnalysisDropdownValidationTest" finished-at="2026-04-23T12:55:47 IST" duration-ms="5573" status="FAIL">
          <exception class="org.openqa.selenium.NoSuchElementException">
            <message>
              <![CDATA[no such element: Unable to locate element: {"method":"xpath","selector":"//select[@name="department_grp_id"]"}
  (Session info: chrome=147.0.7727.102)
For documentation on this error, please visit: https://www.selenium.dev/documentation/webdriver/troubleshooting/errors#nosuchelementexception
Build info: version: '4.38.0', revision: '6b412e825c'
System info: os.name: 'Windows 11', os.arch: 'amd64', os.version: '10.0', java.version: '21.0.9'
Driver info: org.openqa.selenium.chrome.ChromeDriver
Command: [88538e37245e11b42599acaabed19e16, findElement {value=//select[@name="department_grp_id"], using=xpath}]
Capabilities {acceptInsecureCerts: false, browserName: chrome, browserVersion: 147.0.7727.102, chrome: {chromedriverVersion: 147.0.7727.117 (474cc805edd..., userDataDir: C:\Users\W066520\AppData\Lo...}, fedcm:accounts: true, goog:chromeOptions: {debuggerAddress: localhost:57594}, goog:processID: 7812, networkConnectionEnabled: false, pageLoadStrategy: normal, platformName: windows, proxy: Proxy(), se:cdp: ws://localhost:57594/devtoo..., se:cdpVersion: 147.0.7727.102, setWindowRect: true, strictFileInteractability: false, timeouts: {implicit: 0, pageLoad: 300000, script: 30000}, unhandledPromptBehavior: dismiss and notify, webauthn:extension:credBlob: true, webauthn:extension:largeBlob: true, webauthn:extension:minPinLength: true, webauthn:extension:prf: true, webauthn:virtualAuthenticators: true}
Session ID: 88538e37245e11b42599acaabed19e16]]>
            </message>
            <full-stacktrace>
              <![CDATA[org.openqa.selenium.NoSuchElementException: no such element: Unable to locate element: {"method":"xpath","selector":"//select[@name="department_grp_id"]"}
  (Session info: chrome=147.0.7727.102)
For documentation on this error, please visit: https://www.selenium.dev/documentation/webdriver/troubleshooting/errors#nosuchelementexception
Build info: version: '4.38.0', revision: '6b412e825c'
System info: os.name: 'Windows 11', os.arch: 'amd64', os.version: '10.0', java.version: '21.0.9'
Driver info: org.openqa.selenium.chrome.ChromeDriver
Command: [88538e37245e11b42599acaabed19e16, findElement {value=//select[@name="department_grp_id"], using=xpath}]
Capabilities {acceptInsecureCerts: false, browserName: chrome, browserVersion: 147.0.7727.102, chrome: {chromedriverVersion: 147.0.7727.117 (474cc805edd..., userDataDir: C:\Users\W066520\AppData\Lo...}, fedcm:accounts: true, goog:chromeOptions: {debuggerAddress: localhost:57594}, goog:processID: 7812, networkConnectionEnabled: false, pageLoadStrategy: normal, platformName: windows, proxy: Proxy(), se:cdp: ws://localhost:57594/devtoo..., se:cdpVersion: 147.0.7727.102, setWindowRect: true, strictFileInteractability: false, timeouts: {implicit: 0, pageLoad: 300000, script: 30000}, unhandledPromptBehavior: dismiss and notify, webauthn:extension:credBlob: true, webauthn:extension:largeBlob: true, webauthn:extension:minPinLength: true, webauthn:extension:prf: true, webauthn:virtualAuthenticators: true}
Session ID: 88538e37245e11b42599acaabed19e16
at java.base/jdk.internal.reflect.DirectConstructorHandleAccessor.newInstance(DirectConstructorHandleAccessor.java:62)
at java.base/java.lang.reflect.Constructor.newInstanceWithCaller(Constructor.java:502)
at java.base/java.lang.reflect.Constructor.newInstance(Constructor.java:486)
at org.openqa.selenium.remote.ErrorCodec.decode(ErrorCodec.java:167)
at org.openqa.selenium.remote.codec.w3c.W3CHttpResponseCodec.decode(W3CHttpResponseCodec.java:138)
at org.openqa.selenium.remote.codec.w3c.W3CHttpResponseCodec.decode(W3CHttpResponseCodec.java:50)
at org.openqa.selenium.remote.HttpCommandExecutor.execute(HttpCommandExecutor.java:215)
at org.openqa.selenium.remote.service.DriverCommandExecutor.invokeExecute(DriverCommandExecutor.java:216)
at org.openqa.selenium.remote.service.DriverCommandExecutor.execute(DriverCommandExecutor.java:174)
at org.openqa.selenium.remote.RemoteWebDriver.execute(RemoteWebDriver.java:557)
at org.openqa.selenium.remote.ElementLocation$ElementFinder$2.findElement(ElementLocation.java:165)
at org.openqa.selenium.remote.ElementLocation.findElement(ElementLocation.java:59)
at org.openqa.selenium.remote.RemoteWebDriver.findElement(RemoteWebDriver.java:380)
at org.openqa.selenium.remote.RemoteWebDriver.findElement(RemoteWebDriver.java:374)
at org.openqa.selenium.support.pagefactory.DefaultElementLocator.findElement(DefaultElementLocator.java:68)
at org.openqa.selenium.support.pagefactory.internal.LocatingElementHandler.invoke(LocatingElementHandler.java:38)
at jdk.proxy2/jdk.proxy2.$Proxy15.findElements(Unknown Source)
at org.openqa.selenium.support.ui.Select.selectByVisibleText(Select.java:348)
at org.openqa.selenium.support.ui.Select.selectByVisibleText(Select.java:125)
at com.sgplus.erp.genericutility.WebDriverUtility.select(WebDriverUtility.java:106)
at com.DowntimeAnalysisPage.DowntimeAnalysisDropdownValidationTest.DowntimeAnalysisDropdownValidationTest(DowntimeAnalysisDropdownValidationTest.java:83)
at java.base/jdk.internal.reflect.DirectMethodHandleAccessor.invoke(DirectMethodHandleAccessor.java:103)
at java.base/java.lang.reflect.Method.invoke(Method.java:580)
at org.testng.internal.invokers.MethodInvocationHelper.invokeMethod(MethodInvocationHelper.java:141)
at org.testng.internal.invokers.TestInvoker.invokeMethod(TestInvoker.java:687)
at org.testng.internal.invokers.TestInvoker.invokeTestMethod(TestInvoker.java:230)
at org.testng.internal.invokers.MethodRunner.runInSequence(MethodRunner.java:63)
at org.testng.internal.invokers.TestInvoker$MethodInvocationAgent.invoke(TestInvoker.java:995)
at org.testng.internal.invokers.TestInvoker.invokeTestMethods(TestInvoker.java:203)
at org.testng.internal.invokers.TestMethodWorker.invokeTestMethods(TestMethodWorker.java:154)
at org.testng.internal.invokers.TestMethodWorker.run(TestMethodWorker.java:134)
at java.base/java.util.ArrayList.forEach(ArrayList.java:1596)
at org.testng.TestRunner.privateRun(TestRunner.java:741)
at org.testng.TestRunner.run(TestRunner.java:616)
at org.testng.SuiteRunner.runTest(SuiteRunner.java:421)
at org.testng.SuiteRunner.runSequentially(SuiteRunner.java:413)
at org.testng.SuiteRunner.privateRun(SuiteRunner.java:373)
at org.testng.SuiteRunner.run(SuiteRunner.java:312)
at org.testng.SuiteRunnerWorker.runSuite(SuiteRunnerWorker.java:52)
at org.testng.SuiteRunnerWorker.run(SuiteRunnerWorker.java:95)
at org.testng.TestNG.runSuitesSequentially(TestNG.java:1274)
at org.testng.TestNG.runSuitesLocally(TestNG.java:1208)
at org.testng.TestNG.runSuites(TestNG.java:1112)
at org.testng.TestNG.run(TestNG.java:1079)
at org.testng.remote.AbstractRemoteTestNG.run(AbstractRemoteTestNG.java:115)
at org.testng.remote.RemoteTestNG.initAndRun(RemoteTestNG.java:293)
at org.testng.remote.RemoteTestNG.main(RemoteTestNG.java:91)
]]>
            </full-stacktrace>
          </exception> <!-- org.openqa.selenium.NoSuchElementException -->
          <reporter-output>
          </reporter-output>
        </test-method> <!-- DowntimeAnalysisDropdownValidationTest -->
        <test-method is-config="true" signature="configAM()[pri:0, instance:com.DowntimeAnalysisPage.DowntimeAnalysisDropdownValidationTest@49912c99]" started-at="2026-04-23T12:55:47 IST" name="configAM" finished-at="2026-04-23T12:55:47 IST" duration-ms="74" status="PASS">
          <reporter-output>
          </reporter-output>
        </test-method> <!-- configAM -->
        <test-method is-config="true" signature="configAC()[pri:0, instance:com.DowntimeAnalysisPage.DowntimeAnalysisDropdownValidationTest@49912c99]" started-at="2026-04-23T12:55:47 IST" name="configAC" finished-at="2026-04-23T12:55:47 IST" duration-ms="470" status="PASS">
          <reporter-output>
          </reporter-output>
        </test-method> <!-- configAC -->
      </class> <!-- com.DowntimeAnalysisPage.DowntimeAnalysisDropdownValidationTest -->
      <class name="com.DowntimeShiftview.VerifyNavigationToShiftViewPageTest">
        <test-method is-config="true" signature="configBC()[pri:0, instance:com.DowntimeShiftview.VerifyNavigationToShiftViewPageTest@550ee7e5]" started-at="2026-04-23T12:55:47 IST" name="configBC" finished-at="2026-04-23T12:55:49 IST" duration-ms="1088" status="PASS">
          <reporter-output>
          </reporter-output>
        </test-method> <!-- configBC -->
        <test-method is-config="true" signature="configBM()[pri:0, instance:com.DowntimeShiftview.VerifyNavigationToShiftViewPageTest@550ee7e5]" started-at="2026-04-23T12:55:49 IST" name="configBM" finished-at="2026-04-23T12:55:50 IST" duration-ms="1847" status="PASS">
          <reporter-output>
          </reporter-output>
        </test-method> <!-- configBM -->
        <test-method signature="VerifyNavigationToShiftViewPageTest()[pri:0, instance:com.DowntimeShiftview.VerifyNavigationToShiftViewPageTest@550ee7e5]" started-at="2026-04-23T12:55:50 IST" name="VerifyNavigationToShiftViewPageTest" finished-at="2026-04-23T12:55:57 IST" duration-ms="6711" status="PASS">
          <reporter-output>
          </reporter-output>
        </test-method> <!-- VerifyNavigationToShiftViewPageTest -->
        <test-method is-config="true" signature="configAM()[pri:0, instance:com.DowntimeShiftview.VerifyNavigationToShiftViewPageTest@550ee7e5]" started-at="2026-04-23T12:55:57 IST" name="configAM" finished-at="2026-04-23T12:55:57 IST" duration-ms="63" status="PASS">
          <reporter-output>
          </reporter-output>
        </test-method> <!-- configAM -->
        <test-method is-config="true" signature="configAC()[pri:0, instance:com.DowntimeShiftview.VerifyNavigationToShiftViewPageTest@550ee7e5]" started-at="2026-04-23T12:55:57 IST" name="configAC" finished-at="2026-04-23T12:55:58 IST" duration-ms="328" status="PASS">
          <reporter-output>
          </reporter-output>
        </test-method> <!-- configAC -->
      </class> <!-- com.DowntimeShiftview.VerifyNavigationToShiftViewPageTest -->
      <class name="com.OEEDashBoard.VerifytheShiftproductionreportEquipemntwise">
        <test-method is-config="true" signature="configBC()[pri:0, instance:com.OEEDashBoard.VerifytheShiftproductionreportEquipemntwise@ea6147e]" started-at="2026-04-23T13:13:13 IST" name="configBC" finished-at="2026-04-23T13:13:14 IST" duration-ms="975" status="PASS">
          <reporter-output>
          </reporter-output>
        </test-method> <!-- configBC -->
        <test-method is-config="true" signature="configBM()[pri:0, instance:com.OEEDashBoard.VerifytheShiftproductionreportEquipemntwise@ea6147e]" started-at="2026-04-23T13:13:14 IST" name="configBM" finished-at="2026-04-23T13:13:15 IST" duration-ms="1290" status="PASS">
          <reporter-output>
          </reporter-output>
        </test-method> <!-- configBM -->
        <test-method signature="VerifytheShiftproductionreportEquipemntwise()[pri:0, instance:com.OEEDashBoard.VerifytheShiftproductionreportEquipemntwise@ea6147e]" started-at="2026-04-23T13:13:15 IST" name="VerifytheShiftproductionreportEquipemntwise" finished-at="2026-04-23T13:13:40 IST" duration-ms="24640" status="PASS">
          <reporter-output>
          </reporter-output>
        </test-method> <!-- VerifytheShiftproductionreportEquipemntwise -->
        <test-method is-config="true" signature="configAM()[pri:0, instance:com.OEEDashBoard.VerifytheShiftproductionreportEquipemntwise@ea6147e]" started-at="2026-04-23T13:13:40 IST" name="configAM" finished-at="2026-04-23T13:13:40 IST" duration-ms="76" status="PASS">
          <reporter-output>
          </reporter-output>
        </test-method> <!-- configAM -->
        <test-method is-config="true" signature="configAC()[pri:0, instance:com.OEEDashBoard.VerifytheShiftproductionreportEquipemntwise@ea6147e]" started-at="2026-04-23T13:13:40 IST" name="configAC" finished-at="2026-04-23T13:13:40 IST" duration-ms="377" status="PASS">
          <reporter-output>
          </reporter-output>
        </test-method> <!-- configAC -->
      </class> <!-- com.OEEDashBoard.VerifytheShiftproductionreportEquipemntwise -->
      <class name="com.DowntimeModule.DowntimeDashboardDataValidationTest">
        <test-method is-config="true" signature="configBC()[pri:0, instance:com.DowntimeModule.DowntimeDashboardDataValidationTest@1e6454ec]" started-at="2026-04-23T12:57:51 IST" name="configBC" finished-at="2026-04-23T12:57:52 IST" duration-ms="1093" status="PASS">
          <reporter-output>
          </reporter-output>
        </test-method> <!-- configBC -->
        <test-method is-config="true" signature="configBM()[pri:0, instance:com.DowntimeModule.DowntimeDashboardDataValidationTest@1e6454ec]" started-at="2026-04-23T12:57:52 IST" name="configBM" finished-at="2026-04-23T12:57:53 IST" duration-ms="1379" status="PASS">
          <reporter-output>
          </reporter-output>
        </test-method> <!-- configBM -->
        <test-method signature="DowntimeDashboardDataValidationTest()[pri:0, instance:com.DowntimeModule.DowntimeDashboardDataValidationTest@1e6454ec]" started-at="2026-04-23T12:57:53 IST" name="DowntimeDashboardDataValidationTest" finished-at="2026-04-23T12:58:06 IST" duration-ms="12326" status="PASS">
          <reporter-output>
          </reporter-output>
        </test-method> <!-- DowntimeDashboardDataValidationTest -->
        <test-method is-config="true" signature="configAM()[pri:0, instance:com.DowntimeModule.DowntimeDashboardDataValidationTest@1e6454ec]" started-at="2026-04-23T12:58:06 IST" name="configAM" finished-at="2026-04-23T12:58:06 IST" duration-ms="83" status="PASS">
          <reporter-output>
          </reporter-output>
        </test-method> <!-- configAM -->
        <test-method is-config="true" signature="configAC()[pri:0, instance:com.DowntimeModule.DowntimeDashboardDataValidationTest@1e6454ec]" started-at="2026-04-23T12:58:06 IST" name="configAC" finished-at="2026-04-23T12:58:06 IST" duration-ms="354" status="PASS">
          <reporter-output>
          </reporter-output>
        </test-method> <!-- configAC -->
      </class> <!-- com.DowntimeModule.DowntimeDashboardDataValidationTest -->
      <class name="com.ReasonLinkingPage.ReasonLinkingFilterDataValidationTest">
        <test-method is-config="true" signature="configBC()[pri:0, instance:com.ReasonLinkingPage.ReasonLinkingFilterDataValidationTest@649bec2e]" started-at="2026-04-23T13:08:59 IST" name="configBC" finished-at="2026-04-23T13:09:00 IST" duration-ms="1032" status="PASS">
          <reporter-output>
          </reporter-output>
        </test-method> <!-- configBC -->
        <test-method is-config="true" signature="configBM()[pri:0, instance:com.ReasonLinkingPage.ReasonLinkingFilterDataValidationTest@649bec2e]" started-at="2026-04-23T13:09:00 IST" name="configBM" finished-at="2026-04-23T13:09:01 IST" duration-ms="1321" status="PASS">
          <reporter-output>
          </reporter-output>
        </test-method> <!-- configBM -->
        <test-method signature="ReasonLinkingFilterDataValidationTest()[pri:0, instance:com.ReasonLinkingPage.ReasonLinkingFilterDataValidationTest@649bec2e]" started-at="2026-04-23T13:09:01 IST" name="ReasonLinkingFilterDataValidationTest" finished-at="2026-04-23T13:09:06 IST" duration-ms="4358" status="PASS">
          <reporter-output>
          </reporter-output>
        </test-method> <!-- ReasonLinkingFilterDataValidationTest -->
        <test-method is-config="true" signature="configAM()[pri:0, instance:com.ReasonLinkingPage.ReasonLinkingFilterDataValidationTest@649bec2e]" started-at="2026-04-23T13:09:06 IST" name="configAM" finished-at="2026-04-23T13:09:06 IST" duration-ms="51" status="PASS">
          <reporter-output>
          </reporter-output>
        </test-method> <!-- configAM -->
        <test-method is-config="true" signature="configAC()[pri:0, instance:com.ReasonLinkingPage.ReasonLinkingFilterDataValidationTest@649bec2e]" started-at="2026-04-23T13:09:06 IST" name="configAC" finished-at="2026-04-23T13:09:06 IST" duration-ms="387" status="PASS">
          <reporter-output>
          </reporter-output>
        </test-method> <!-- configAC -->
      </class> <!-- com.ReasonLinkingPage.ReasonLinkingFilterDataValidationTest -->
      <class name="com.ReasonLinkingPage.ReasonLinkingUnlinkedExportTest">
        <test-method is-config="true" signature="configBC()[pri:0, instance:com.ReasonLinkingPage.ReasonLinkingUnlinkedExportTest@1a4013]" started-at="2026-04-23T13:15:52 IST" name="configBC" finished-at="2026-04-23T13:15:53 IST" duration-ms="1049" status="PASS">
          <reporter-output>
          </reporter-output>
        </test-method> <!-- configBC -->
        <test-method is-config="true" signature="configBM()[pri:0, instance:com.ReasonLinkingPage.ReasonLinkingUnlinkedExportTest@1a4013]" started-at="2026-04-23T13:15:53 IST" name="configBM" finished-at="2026-04-23T13:15:55 IST" duration-ms="1219" status="PASS">
          <reporter-output>
          </reporter-output>
        </test-method> <!-- configBM -->
        <test-method signature="ReasonLinkingUnlinkedExportTest()[pri:0, instance:com.ReasonLinkingPage.ReasonLinkingUnlinkedExportTest@1a4013]" started-at="2026-04-23T13:15:55 IST" name="ReasonLinkingUnlinkedExportTest" finished-at="2026-04-23T13:16:04 IST" duration-ms="9648" status="PASS">
          <reporter-output>
          </reporter-output>
        </test-method> <!-- ReasonLinkingUnlinkedExportTest -->
        <test-method is-config="true" signature="configAM()[pri:0, instance:com.ReasonLinkingPage.ReasonLinkingUnlinkedExportTest@1a4013]" started-at="2026-04-23T13:16:04 IST" name="configAM" finished-at="2026-04-23T13:16:05 IST" duration-ms="919" status="PASS">
          <reporter-output>
          </reporter-output>
        </test-method> <!-- configAM -->
        <test-method is-config="true" signature="configAC()[pri:0, instance:com.ReasonLinkingPage.ReasonLinkingUnlinkedExportTest@1a4013]" started-at="2026-04-23T13:16:05 IST" name="configAC" finished-at="2026-04-23T13:16:07 IST" duration-ms="1866" status="PASS">
          <reporter-output>
          </reporter-output>
        </test-method> <!-- configAC -->
      </class> <!-- com.ReasonLinkingPage.ReasonLinkingUnlinkedExportTest -->
      <class name="AddReasonPage.VerifytheReasonsearchfunctionalityTest">
        <test-method is-config="true" signature="configBC()[pri:0, instance:AddReasonPage.VerifytheReasonsearchfunctionalityTest@7a419da4]" started-at="2026-04-23T13:03:43 IST" name="configBC" finished-at="2026-04-23T13:03:44 IST" duration-ms="1057" status="PASS">
          <reporter-output>
          </reporter-output>
        </test-method> <!-- configBC -->
        <test-method is-config="true" signature="configBM()[pri:0, instance:AddReasonPage.VerifytheReasonsearchfunctionalityTest@7a419da4]" started-at="2026-04-23T13:03:44 IST" name="configBM" finished-at="2026-04-23T13:03:46 IST" duration-ms="1570" status="PASS">
          <reporter-output>
          </reporter-output>
        </test-method> <!-- configBM -->
        <test-method signature="VerifytheReasonsearchfunctionalityTest()[pri:0, instance:AddReasonPage.VerifytheReasonsearchfunctionalityTest@7a419da4]" started-at="2026-04-23T13:03:46 IST" name="VerifytheReasonsearchfunctionalityTest" finished-at="2026-04-23T13:04:18 IST" duration-ms="32153" status="FAIL">
          <exception class="org.openqa.selenium.NoSuchElementException">
            <message>
              <![CDATA[no such element: Unable to locate element: {"method":"xpath","selector":"//input[@placeholder="Search"]"}
  (Session info: chrome=147.0.7727.102)
For documentation on this error, please visit: https://www.selenium.dev/documentation/webdriver/troubleshooting/errors#nosuchelementexception
Build info: version: '4.38.0', revision: '6b412e825c'
System info: os.name: 'Windows 11', os.arch: 'amd64', os.version: '10.0', java.version: '21.0.9'
Driver info: org.openqa.selenium.chrome.ChromeDriver
Command: [712487a6d137c91973c9fa46db84081d, findElement {value=//input[@placeholder="Search"], using=xpath}]
Capabilities {acceptInsecureCerts: false, browserName: chrome, browserVersion: 147.0.7727.102, chrome: {chromedriverVersion: 147.0.7727.117 (474cc805edd..., userDataDir: C:\Users\W066520\AppData\Lo...}, fedcm:accounts: true, goog:chromeOptions: {debuggerAddress: localhost:52544}, goog:processID: 33252, networkConnectionEnabled: false, pageLoadStrategy: normal, platformName: windows, proxy: Proxy(), se:cdp: ws://localhost:52544/devtoo..., se:cdpVersion: 147.0.7727.102, setWindowRect: true, strictFileInteractability: false, timeouts: {implicit: 0, pageLoad: 300000, script: 30000}, unhandledPromptBehavior: dismiss and notify, webauthn:extension:credBlob: true, webauthn:extension:largeBlob: true, webauthn:extension:minPinLength: true, webauthn:extension:prf: true, webauthn:virtualAuthenticators: true}
Session ID: 712487a6d137c91973c9fa46db84081d]]>
            </message>
            <full-stacktrace>
              <![CDATA[org.openqa.selenium.NoSuchElementException: no such element: Unable to locate element: {"method":"xpath","selector":"//input[@placeholder="Search"]"}
  (Session info: chrome=147.0.7727.102)
For documentation on this error, please visit: https://www.selenium.dev/documentation/webdriver/troubleshooting/errors#nosuchelementexception
Build info: version: '4.38.0', revision: '6b412e825c'
System info: os.name: 'Windows 11', os.arch: 'amd64', os.version: '10.0', java.version: '21.0.9'
Driver info: org.openqa.selenium.chrome.ChromeDriver
Command: [712487a6d137c91973c9fa46db84081d, findElement {value=//input[@placeholder="Search"], using=xpath}]
Capabilities {acceptInsecureCerts: false, browserName: chrome, browserVersion: 147.0.7727.102, chrome: {chromedriverVersion: 147.0.7727.117 (474cc805edd..., userDataDir: C:\Users\W066520\AppData\Lo...}, fedcm:accounts: true, goog:chromeOptions: {debuggerAddress: localhost:52544}, goog:processID: 33252, networkConnectionEnabled: false, pageLoadStrategy: normal, platformName: windows, proxy: Proxy(), se:cdp: ws://localhost:52544/devtoo..., se:cdpVersion: 147.0.7727.102, setWindowRect: true, strictFileInteractability: false, timeouts: {implicit: 0, pageLoad: 300000, script: 30000}, unhandledPromptBehavior: dismiss and notify, webauthn:extension:credBlob: true, webauthn:extension:largeBlob: true, webauthn:extension:minPinLength: true, webauthn:extension:prf: true, webauthn:virtualAuthenticators: true}
Session ID: 712487a6d137c91973c9fa46db84081d
at java.base/jdk.internal.reflect.DirectConstructorHandleAccessor.newInstance(DirectConstructorHandleAccessor.java:62)
at java.base/java.lang.reflect.Constructor.newInstanceWithCaller(Constructor.java:502)
at java.base/java.lang.reflect.Constructor.newInstance(Constructor.java:486)
at org.openqa.selenium.remote.ErrorCodec.decode(ErrorCodec.java:167)
at org.openqa.selenium.remote.codec.w3c.W3CHttpResponseCodec.decode(W3CHttpResponseCodec.java:138)
at org.openqa.selenium.remote.codec.w3c.W3CHttpResponseCodec.decode(W3CHttpResponseCodec.java:50)
at org.openqa.selenium.remote.HttpCommandExecutor.execute(HttpCommandExecutor.java:215)
at org.openqa.selenium.remote.service.DriverCommandExecutor.invokeExecute(DriverCommandExecutor.java:216)
at org.openqa.selenium.remote.service.DriverCommandExecutor.execute(DriverCommandExecutor.java:174)
at org.openqa.selenium.remote.RemoteWebDriver.execute(RemoteWebDriver.java:557)
at org.openqa.selenium.remote.ElementLocation$ElementFinder$2.findElement(ElementLocation.java:165)
at org.openqa.selenium.remote.ElementLocation.findElement(ElementLocation.java:59)
at org.openqa.selenium.remote.RemoteWebDriver.findElement(RemoteWebDriver.java:380)
at org.openqa.selenium.remote.RemoteWebDriver.findElement(RemoteWebDriver.java:374)
at org.openqa.selenium.support.pagefactory.DefaultElementLocator.findElement(DefaultElementLocator.java:68)
at org.openqa.selenium.support.pagefactory.internal.LocatingElementHandler.invoke(LocatingElementHandler.java:38)
at jdk.proxy2/jdk.proxy2.$Proxy15.clear(Unknown Source)
at AddReasonPage.VerifytheReasonsearchfunctionalityTest.VerifytheReasonsearchfunctionalityTest(VerifytheReasonsearchfunctionalityTest.java:71)
at java.base/jdk.internal.reflect.DirectMethodHandleAccessor.invoke(DirectMethodHandleAccessor.java:103)
at java.base/java.lang.reflect.Method.invoke(Method.java:580)
at org.testng.internal.invokers.MethodInvocationHelper.invokeMethod(MethodInvocationHelper.java:141)
at org.testng.internal.invokers.TestInvoker.invokeMethod(TestInvoker.java:687)
at org.testng.internal.invokers.TestInvoker.invokeTestMethod(TestInvoker.java:230)
at org.testng.internal.invokers.MethodRunner.runInSequence(MethodRunner.java:63)
at org.testng.internal.invokers.TestInvoker$MethodInvocationAgent.invoke(TestInvoker.java:995)
at org.testng.internal.invokers.TestInvoker.invokeTestMethods(TestInvoker.java:203)
at org.testng.internal.invokers.TestMethodWorker.invokeTestMethods(TestMethodWorker.java:154)
at org.testng.internal.invokers.TestMethodWorker.run(TestMethodWorker.java:134)
at java.base/java.util.ArrayList.forEach(ArrayList.java:1596)
at org.testng.TestRunner.privateRun(TestRunner.java:741)
at org.testng.TestRunner.run(TestRunner.java:616)
at org.testng.SuiteRunner.runTest(SuiteRunner.java:421)
at org.testng.SuiteRunner.runSequentially(SuiteRunner.java:413)
at org.testng.SuiteRunner.privateRun(SuiteRunner.java:373)
at org.testng.SuiteRunner.run(SuiteRunner.java:312)
at org.testng.SuiteRunnerWorker.runSuite(SuiteRunnerWorker.java:52)
at org.testng.SuiteRunnerWorker.run(SuiteRunnerWorker.java:95)
at org.testng.TestNG.runSuitesSequentially(TestNG.java:1274)
at org.testng.TestNG.runSuitesLocally(TestNG.java:1208)
at org.testng.TestNG.runSuites(TestNG.java:1112)
at org.testng.TestNG.run(TestNG.java:1079)
at org.testng.remote.AbstractRemoteTestNG.run(AbstractRemoteTestNG.java:115)
at org.testng.remote.RemoteTestNG.initAndRun(RemoteTestNG.java:293)
at org.testng.remote.RemoteTestNG.main(RemoteTestNG.java:91)
]]>
            </full-stacktrace>
          </exception> <!-- org.openqa.selenium.NoSuchElementException -->
          <reporter-output>
          </reporter-output>
        </test-method> <!-- VerifytheReasonsearchfunctionalityTest -->
        <test-method is-config="true" signature="configAM()[pri:0, instance:AddReasonPage.VerifytheReasonsearchfunctionalityTest@7a419da4]" started-at="2026-04-23T13:04:18 IST" name="configAM" finished-at="2026-04-23T13:04:18 IST" duration-ms="55" status="PASS">
          <reporter-output>
          </reporter-output>
        </test-method> <!-- configAM -->
        <test-method is-config="true" signature="configAC()[pri:0, instance:AddReasonPage.VerifytheReasonsearchfunctionalityTest@7a419da4]" started-at="2026-04-23T13:04:18 IST" name="configAC" finished-at="2026-04-23T13:04:18 IST" duration-ms="495" status="PASS">
          <reporter-output>
          </reporter-output>
        </test-method> <!-- configAC -->
      </class> <!-- AddReasonPage.VerifytheReasonsearchfunctionalityTest -->
      <class name="com.Settings.Departements.verifyEditDepartmenTest">
        <test-method is-config="true" signature="configBC()[pri:0, instance:com.Settings.Departements.verifyEditDepartmenTest@223aa2f7]" started-at="2026-04-23T13:01:56 IST" name="configBC" finished-at="2026-04-23T13:01:57 IST" duration-ms="1006" status="PASS">
          <reporter-output>
          </reporter-output>
        </test-method> <!-- configBC -->
        <test-method is-config="true" signature="configBM()[pri:0, instance:com.Settings.Departements.verifyEditDepartmenTest@223aa2f7]" started-at="2026-04-23T13:01:57 IST" name="configBM" finished-at="2026-04-23T13:01:58 IST" duration-ms="1370" status="PASS">
          <reporter-output>
          </reporter-output>
        </test-method> <!-- configBM -->
        <test-method signature="verifyEditDepartmenTest()[pri:0, instance:com.Settings.Departements.verifyEditDepartmenTest@223aa2f7]" started-at="2026-04-23T13:01:58 IST" name="verifyEditDepartmenTest" finished-at="2026-04-23T13:02:21 IST" duration-ms="23289" status="PASS">
          <reporter-output>
          </reporter-output>
        </test-method> <!-- verifyEditDepartmenTest -->
        <test-method is-config="true" signature="configAM()[pri:0, instance:com.Settings.Departements.verifyEditDepartmenTest@223aa2f7]" started-at="2026-04-23T13:02:21 IST" name="configAM" finished-at="2026-04-23T13:02:21 IST" duration-ms="50" status="PASS">
          <reporter-output>
          </reporter-output>
        </test-method> <!-- configAM -->
        <test-method is-config="true" signature="configAC()[pri:0, instance:com.Settings.Departements.verifyEditDepartmenTest@223aa2f7]" started-at="2026-04-23T13:02:21 IST" name="configAC" finished-at="2026-04-23T13:02:22 IST" duration-ms="403" status="PASS">
          <reporter-output>
          </reporter-output>
        </test-method> <!-- configAC -->
      </class> <!-- com.Settings.Departements.verifyEditDepartmenTest -->
      <class name="com.DowntimeEnhacementPage.DowntimeEnhacementTableExportTest">
        <test-method is-config="true" signature="configBC()[pri:0, instance:com.DowntimeEnhacementPage.DowntimeEnhacementTableExportTest@306f16f3]" started-at="2026-04-23T12:55:21 IST" name="configBC" finished-at="2026-04-23T12:55:22 IST" duration-ms="1078" status="PASS">
          <reporter-output>
          </reporter-output>
        </test-method> <!-- configBC -->
        <test-method is-config="true" signature="configBM()[pri:0, instance:com.DowntimeEnhacementPage.DowntimeEnhacementTableExportTest@306f16f3]" started-at="2026-04-23T12:55:22 IST" name="configBM" finished-at="2026-04-23T12:55:23 IST" duration-ms="1421" status="PASS">
          <reporter-output>
          </reporter-output>
        </test-method> <!-- configBM -->
        <test-method signature="DowntimeEnhacementTableExport()[pri:0, instance:com.DowntimeEnhacementPage.DowntimeEnhacementTableExportTest@306f16f3]" started-at="2026-04-23T12:55:23 IST" name="DowntimeEnhacementTableExport" finished-at="2026-04-23T12:55:38 IST" duration-ms="15132" status="PASS">
          <reporter-output>
          </reporter-output>
        </test-method> <!-- DowntimeEnhacementTableExport -->
        <test-method is-config="true" signature="configAM()[pri:0, instance:com.DowntimeEnhacementPage.DowntimeEnhacementTableExportTest@306f16f3]" started-at="2026-04-23T12:55:38 IST" name="configAM" finished-at="2026-04-23T12:55:39 IST" duration-ms="207" status="PASS">
          <reporter-output>
          </reporter-output>
        </test-method> <!-- configAM -->
        <test-method is-config="true" signature="configAC()[pri:0, instance:com.DowntimeEnhacementPage.DowntimeEnhacementTableExportTest@306f16f3]" started-at="2026-04-23T12:55:39 IST" name="configAC" finished-at="2026-04-23T12:55:39 IST" duration-ms="420" status="PASS">
          <reporter-output>
          </reporter-output>
        </test-method> <!-- configAC -->
      </class> <!-- com.DowntimeEnhacementPage.DowntimeEnhacementTableExportTest -->
      <class name="com.RecipeMasterPage.ValidateRequiredFieldsInAddRecipeFormTest">
        <test-method is-config="true" signature="configBC()[pri:0, instance:com.RecipeMasterPage.ValidateRequiredFieldsInAddRecipeFormTest@446293d]" started-at="2026-04-23T12:56:51 IST" name="configBC" finished-at="2026-04-23T12:56:52 IST" duration-ms="1094" status="PASS">
          <reporter-output>
          </reporter-output>
        </test-method> <!-- configBC -->
        <test-method is-config="true" signature="configBM()[pri:0, instance:com.RecipeMasterPage.ValidateRequiredFieldsInAddRecipeFormTest@446293d]" started-at="2026-04-23T12:56:52 IST" name="configBM" finished-at="2026-04-23T12:56:54 IST" duration-ms="1841" status="PASS">
          <reporter-output>
          </reporter-output>
        </test-method> <!-- configBM -->
        <test-method signature="ValidateRequiredFieldsInAddRecipeFormTest()[pri:0, instance:com.RecipeMasterPage.ValidateRequiredFieldsInAddRecipeFormTest@446293d]" started-at="2026-04-23T12:56:54 IST" name="ValidateRequiredFieldsInAddRecipeFormTest" finished-at="2026-04-23T12:57:18 IST" duration-ms="24777" status="PASS">
          <reporter-output>
          </reporter-output>
        </test-method> <!-- ValidateRequiredFieldsInAddRecipeFormTest -->
        <test-method is-config="true" signature="configAM()[pri:0, instance:com.RecipeMasterPage.ValidateRequiredFieldsInAddRecipeFormTest@446293d]" started-at="2026-04-23T12:57:18 IST" name="configAM" finished-at="2026-04-23T12:57:18 IST" duration-ms="56" status="PASS">
          <reporter-output>
          </reporter-output>
        </test-method> <!-- configAM -->
        <test-method is-config="true" signature="configAC()[pri:0, instance:com.RecipeMasterPage.ValidateRequiredFieldsInAddRecipeFormTest@446293d]" started-at="2026-04-23T12:57:18 IST" name="configAC" finished-at="2026-04-23T12:57:19 IST" duration-ms="396" status="PASS">
          <reporter-output>
          </reporter-output>
        </test-method> <!-- configAC -->
      </class> <!-- com.RecipeMasterPage.ValidateRequiredFieldsInAddRecipeFormTest -->
      <class name="com.DowntimeShiftview.VerifyShiftViewPageDataTest">
        <test-method is-config="true" signature="configBC()[pri:0, instance:com.DowntimeShiftview.VerifyShiftViewPageDataTest@6a84a97d]" started-at="2026-04-23T13:07:02 IST" name="configBC" finished-at="2026-04-23T13:07:03 IST" duration-ms="1052" status="PASS">
          <reporter-output>
          </reporter-output>
        </test-method> <!-- configBC -->
        <test-method is-config="true" signature="configBM()[pri:0, instance:com.DowntimeShiftview.VerifyShiftViewPageDataTest@6a84a97d]" started-at="2026-04-23T13:07:03 IST" name="configBM" finished-at="2026-04-23T13:07:05 IST" duration-ms="1483" status="PASS">
          <reporter-output>
          </reporter-output>
        </test-method> <!-- configBM -->
        <test-method signature="VerifyShiftViewPageDataTest()[pri:0, instance:com.DowntimeShiftview.VerifyShiftViewPageDataTest@6a84a97d]" started-at="2026-04-23T13:07:05 IST" name="VerifyShiftViewPageDataTest" finished-at="2026-04-23T13:07:08 IST" duration-ms="3643" status="PASS">
          <reporter-output>
          </reporter-output>
        </test-method> <!-- VerifyShiftViewPageDataTest -->
        <test-method is-config="true" signature="configAM()[pri:0, instance:com.DowntimeShiftview.VerifyShiftViewPageDataTest@6a84a97d]" started-at="2026-04-23T13:07:08 IST" name="configAM" finished-at="2026-04-23T13:07:08 IST" duration-ms="79" status="PASS">
          <reporter-output>
          </reporter-output>
        </test-method> <!-- configAM -->
        <test-method is-config="true" signature="configAC()[pri:0, instance:com.DowntimeShiftview.VerifyShiftViewPageDataTest@6a84a97d]" started-at="2026-04-23T13:07:08 IST" name="configAC" finished-at="2026-04-23T13:07:09 IST" duration-ms="442" status="PASS">
          <reporter-output>
          </reporter-output>
        </test-method> <!-- configAC -->
      </class> <!-- com.DowntimeShiftview.VerifyShiftViewPageDataTest -->
      <class name="com.Settings.DepartmentGroup.verifyMTTRMTBFSourceRadioButtonsTest">
        <test-method is-config="true" signature="configBC()[pri:0, instance:com.Settings.DepartmentGroup.verifyMTTRMTBFSourceRadioButtonsTest@2fd1433e]" started-at="2026-04-23T13:07:35 IST" name="configBC" finished-at="2026-04-23T13:07:36 IST" duration-ms="1058" status="PASS">
          <reporter-output>
          </reporter-output>
        </test-method> <!-- configBC -->
        <test-method is-config="true" signature="configBM()[pri:0, instance:com.Settings.DepartmentGroup.verifyMTTRMTBFSourceRadioButtonsTest@2fd1433e]" started-at="2026-04-23T13:07:36 IST" name="configBM" finished-at="2026-04-23T13:07:38 IST" duration-ms="1626" status="PASS">
          <reporter-output>
          </reporter-output>
        </test-method> <!-- configBM -->
        <test-method signature="verifyAddDepartmentGroupTest()[pri:0, instance:com.Settings.DepartmentGroup.verifyMTTRMTBFSourceRadioButtonsTest@2fd1433e]" started-at="2026-04-23T13:07:38 IST" name="verifyAddDepartmentGroupTest" finished-at="2026-04-23T13:08:01 IST" duration-ms="23820" status="PASS">
          <reporter-output>
          </reporter-output>
        </test-method> <!-- verifyAddDepartmentGroupTest -->
        <test-method is-config="true" signature="configAM()[pri:0, instance:com.Settings.DepartmentGroup.verifyMTTRMTBFSourceRadioButtonsTest@2fd1433e]" started-at="2026-04-23T13:08:01 IST" name="configAM" finished-at="2026-04-23T13:08:01 IST" duration-ms="48" status="PASS">
          <reporter-output>
          </reporter-output>
        </test-method> <!-- configAM -->
        <test-method is-config="true" signature="configAC()[pri:0, instance:com.Settings.DepartmentGroup.verifyMTTRMTBFSourceRadioButtonsTest@2fd1433e]" started-at="2026-04-23T13:08:01 IST" name="configAC" finished-at="2026-04-23T13:08:02 IST" duration-ms="441" status="PASS">
          <reporter-output>
          </reporter-output>
        </test-method> <!-- configAC -->
      </class> <!-- com.Settings.DepartmentGroup.verifyMTTRMTBFSourceRadioButtonsTest -->
      <class name="com.ReasonLinkingPage.ReasonLinkingLinkedExportTest">
        <test-method is-config="true" signature="configBC()[pri:0, instance:com.ReasonLinkingPage.ReasonLinkingLinkedExportTest@34f5090e]" started-at="2026-04-23T13:12:30 IST" name="configBC" finished-at="2026-04-23T13:12:31 IST" duration-ms="1169" status="PASS">
          <reporter-output>
          </reporter-output>
        </test-method> <!-- configBC -->
        <test-method is-config="true" signature="configBM()[pri:0, instance:com.ReasonLinkingPage.ReasonLinkingLinkedExportTest@34f5090e]" started-at="2026-04-23T13:12:31 IST" name="configBM" finished-at="2026-04-23T13:12:33 IST" duration-ms="2328" status="PASS">
          <reporter-output>
          </reporter-output>
        </test-method> <!-- configBM -->
        <test-method signature="ReasonLinkingLinkedExportTest()[pri:0, instance:com.ReasonLinkingPage.ReasonLinkingLinkedExportTest@34f5090e]" started-at="2026-04-23T13:12:33 IST" name="ReasonLinkingLinkedExportTest" finished-at="2026-04-23T13:12:40 IST" duration-ms="6893" status="PASS">
          <reporter-output>
          </reporter-output>
        </test-method> <!-- ReasonLinkingLinkedExportTest -->
        <test-method is-config="true" signature="configAM()[pri:0, instance:com.ReasonLinkingPage.ReasonLinkingLinkedExportTest@34f5090e]" started-at="2026-04-23T13:12:40 IST" name="configAM" finished-at="2026-04-23T13:12:41 IST" duration-ms="946" status="PASS">
          <reporter-output>
          </reporter-output>
        </test-method> <!-- configAM -->
        <test-method is-config="true" signature="configAC()[pri:0, instance:com.ReasonLinkingPage.ReasonLinkingLinkedExportTest@34f5090e]" started-at="2026-04-23T13:12:41 IST" name="configAC" finished-at="2026-04-23T13:12:42 IST" duration-ms="445" status="PASS">
          <reporter-output>
          </reporter-output>
        </test-method> <!-- configAC -->
      </class> <!-- com.ReasonLinkingPage.ReasonLinkingLinkedExportTest -->
      <class name="com.DowntimeAnalysisPage.MonthWiseBarChartNavigationTest">
        <test-method is-config="true" signature="configBC()[pri:0, instance:com.DowntimeAnalysisPage.MonthWiseBarChartNavigationTest@2dde1bff]" started-at="2026-04-23T13:01:18 IST" name="configBC" finished-at="2026-04-23T13:01:19 IST" duration-ms="1033" status="PASS">
          <reporter-output>
          </reporter-output>
        </test-method> <!-- configBC -->
        <test-method is-config="true" signature="configBM()[pri:0, instance:com.DowntimeAnalysisPage.MonthWiseBarChartNavigationTest@2dde1bff]" started-at="2026-04-23T13:01:19 IST" name="configBM" finished-at="2026-04-23T13:01:20 IST" duration-ms="1337" status="PASS">
          <reporter-output>
          </reporter-output>
        </test-method> <!-- configBM -->
        <test-method signature="MonthWiseBarChartNavigationTest()[pri:0, instance:com.DowntimeAnalysisPage.MonthWiseBarChartNavigationTest@2dde1bff]" started-at="2026-04-23T13:01:20 IST" name="MonthWiseBarChartNavigationTest" finished-at="2026-04-23T13:01:46 IST" duration-ms="25639" status="FAIL">
          <exception class="java.lang.AssertionError">
            <message>
              <![CDATA[Day-wise chart not expanded. expected [true] but found [false]]]>
            </message>
            <full-stacktrace>
              <![CDATA[java.lang.AssertionError: Day-wise chart not expanded. expected [true] but found [false]
at org.testng.Assert.fail(Assert.java:111)
at org.testng.Assert.failNotEquals(Assert.java:1590)
at org.testng.Assert.assertTrue(Assert.java:57)
at com.DowntimeAnalysisPage.MonthWiseBarChartNavigationTest.MonthWiseBarChartNavigationTest(MonthWiseBarChartNavigationTest.java:96)
at java.base/jdk.internal.reflect.DirectMethodHandleAccessor.invoke(DirectMethodHandleAccessor.java:103)
at java.base/java.lang.reflect.Method.invoke(Method.java:580)
at org.testng.internal.invokers.MethodInvocationHelper.invokeMethod(MethodInvocationHelper.java:141)
at org.testng.internal.invokers.TestInvoker.invokeMethod(TestInvoker.java:687)
at org.testng.internal.invokers.TestInvoker.invokeTestMethod(TestInvoker.java:230)
at org.testng.internal.invokers.MethodRunner.runInSequence(MethodRunner.java:63)
at org.testng.internal.invokers.TestInvoker$MethodInvocationAgent.invoke(TestInvoker.java:995)
at org.testng.internal.invokers.TestInvoker.invokeTestMethods(TestInvoker.java:203)
at org.testng.internal.invokers.TestMethodWorker.invokeTestMethods(TestMethodWorker.java:154)
at org.testng.internal.invokers.TestMethodWorker.run(TestMethodWorker.java:134)
at java.base/java.util.ArrayList.forEach(ArrayList.java:1596)
at org.testng.TestRunner.privateRun(TestRunner.java:741)
at org.testng.TestRunner.run(TestRunner.java:616)
at org.testng.SuiteRunner.runTest(SuiteRunner.java:421)
at org.testng.SuiteRunner.runSequentially(SuiteRunner.java:413)
at org.testng.SuiteRunner.privateRun(SuiteRunner.java:373)
at org.testng.SuiteRunner.run(SuiteRunner.java:312)
at org.testng.SuiteRunnerWorker.runSuite(SuiteRunnerWorker.java:52)
at org.testng.SuiteRunnerWorker.run(SuiteRunnerWorker.java:95)
at org.testng.TestNG.runSuitesSequentially(TestNG.java:1274)
at org.testng.TestNG.runSuitesLocally(TestNG.java:1208)
at org.testng.TestNG.runSuites(TestNG.java:1112)
at org.testng.TestNG.run(TestNG.java:1079)
at org.testng.remote.AbstractRemoteTestNG.run(AbstractRemoteTestNG.java:115)
at org.testng.remote.RemoteTestNG.initAndRun(RemoteTestNG.java:293)
at org.testng.remote.RemoteTestNG.main(RemoteTestNG.java:91)
]]>
            </full-stacktrace>
          </exception> <!-- java.lang.AssertionError -->
          <reporter-output>
          </reporter-output>
        </test-method> <!-- MonthWiseBarChartNavigationTest -->
        <test-method is-config="true" signature="configAM()[pri:0, instance:com.DowntimeAnalysisPage.MonthWiseBarChartNavigationTest@2dde1bff]" started-at="2026-04-23T13:01:46 IST" name="configAM" finished-at="2026-04-23T13:01:46 IST" duration-ms="65" status="PASS">
          <reporter-output>
          </reporter-output>
        </test-method> <!-- configAM -->
        <test-method is-config="true" signature="configAC()[pri:0, instance:com.DowntimeAnalysisPage.MonthWiseBarChartNavigationTest@2dde1bff]" started-at="2026-04-23T13:01:46 IST" name="configAC" finished-at="2026-04-23T13:01:46 IST" duration-ms="413" status="PASS">
          <reporter-output>
          </reporter-output>
        </test-method> <!-- configAC -->
      </class> <!-- com.DowntimeAnalysisPage.MonthWiseBarChartNavigationTest -->
      <class name="com.ReasonLinkingPage.BulkReasonLinkingCancelTest">
        <test-method is-config="true" signature="configBC()[pri:0, instance:com.ReasonLinkingPage.BulkReasonLinkingCancelTest@6631f5ca]" started-at="2026-04-23T12:55:13 IST" name="configBC" finished-at="2026-04-23T12:55:14 IST" duration-ms="1069" status="PASS">
          <reporter-output>
          </reporter-output>
        </test-method> <!-- configBC -->
        <test-method is-config="true" signature="configBM()[pri:0, instance:com.ReasonLinkingPage.BulkReasonLinkingCancelTest@6631f5ca]" started-at="2026-04-23T12:55:14 IST" name="configBM" finished-at="2026-04-23T12:55:15 IST" duration-ms="1512" status="PASS">
          <reporter-output>
          </reporter-output>
        </test-method> <!-- configBM -->
        <test-method signature="BulkReasonLinkingCancelTest()[pri:0, instance:com.ReasonLinkingPage.BulkReasonLinkingCancelTest@6631f5ca]" started-at="2026-04-23T12:55:15 IST" name="BulkReasonLinkingCancelTest" finished-at="2026-04-23T12:55:20 IST" duration-ms="4204" status="FAIL">
          <exception class="org.openqa.selenium.NoSuchElementException">
            <message>
              <![CDATA[Cannot locate option with index: 1
For documentation on this error, please visit: https://www.selenium.dev/documentation/webdriver/troubleshooting/errors#nosuchelementexception
Build info: version: '4.38.0', revision: '6b412e825c'
System info: os.name: 'Windows 11', os.arch: 'amd64', os.version: '10.0', java.version: '21.0.9'
Driver info: driver.version: unknown]]>
            </message>
            <full-stacktrace>
              <![CDATA[org.openqa.selenium.NoSuchElementException: Cannot locate option with index: 1
For documentation on this error, please visit: https://www.selenium.dev/documentation/webdriver/troubleshooting/errors#nosuchelementexception
Build info: version: '4.38.0', revision: '6b412e825c'
System info: os.name: 'Windows 11', os.arch: 'amd64', os.version: '10.0', java.version: '21.0.9'
Driver info: driver.version: unknown
at org.openqa.selenium.support.ui.Select.setSelectedByIndex(Select.java:318)
at org.openqa.selenium.support.ui.Select.selectByIndex(Select.java:173)
at com.sgplus.erp.genericutility.WebDriverUtility.select(WebDriverUtility.java:99)
at com.ReasonLinkingPage.BulkReasonLinkingCancelTest.BulkReasonLinkingCancelTest(BulkReasonLinkingCancelTest.java:101)
at java.base/jdk.internal.reflect.DirectMethodHandleAccessor.invoke(DirectMethodHandleAccessor.java:103)
at java.base/java.lang.reflect.Method.invoke(Method.java:580)
at org.testng.internal.invokers.MethodInvocationHelper.invokeMethod(MethodInvocationHelper.java:141)
at org.testng.internal.invokers.TestInvoker.invokeMethod(TestInvoker.java:687)
at org.testng.internal.invokers.TestInvoker.invokeTestMethod(TestInvoker.java:230)
at org.testng.internal.invokers.MethodRunner.runInSequence(MethodRunner.java:63)
at org.testng.internal.invokers.TestInvoker$MethodInvocationAgent.invoke(TestInvoker.java:995)
at org.testng.internal.invokers.TestInvoker.invokeTestMethods(TestInvoker.java:203)
at org.testng.internal.invokers.TestMethodWorker.invokeTestMethods(TestMethodWorker.java:154)
at org.testng.internal.invokers.TestMethodWorker.run(TestMethodWorker.java:134)
at java.base/java.util.ArrayList.forEach(ArrayList.java:1596)
at org.testng.TestRunner.privateRun(TestRunner.java:741)
at org.testng.TestRunner.run(TestRunner.java:616)
at org.testng.SuiteRunner.runTest(SuiteRunner.java:421)
at org.testng.SuiteRunner.runSequentially(SuiteRunner.java:413)
at org.testng.SuiteRunner.privateRun(SuiteRunner.java:373)
at org.testng.SuiteRunner.run(SuiteRunner.java:312)
at org.testng.SuiteRunnerWorker.runSuite(SuiteRunnerWorker.java:52)
at org.testng.SuiteRunnerWorker.run(SuiteRunnerWorker.java:95)
at org.testng.TestNG.runSuitesSequentially(TestNG.java:1274)
at org.testng.TestNG.runSuitesLocally(TestNG.java:1208)
at org.testng.TestNG.runSuites(TestNG.java:1112)
at org.testng.TestNG.run(TestNG.java:1079)
at org.testng.remote.AbstractRemoteTestNG.run(AbstractRemoteTestNG.java:115)
at org.testng.remote.RemoteTestNG.initAndRun(RemoteTestNG.java:293)
at org.testng.remote.RemoteTestNG.main(RemoteTestNG.java:91)
]]>
            </full-stacktrace>
          </exception> <!-- org.openqa.selenium.NoSuchElementException -->
          <reporter-output>
          </reporter-output>
        </test-method> <!-- BulkReasonLinkingCancelTest -->
        <test-method is-config="true" signature="configAM()[pri:0, instance:com.ReasonLinkingPage.BulkReasonLinkingCancelTest@6631f5ca]" started-at="2026-04-23T12:55:20 IST" name="configAM" finished-at="2026-04-23T12:55:21 IST" duration-ms="1060" status="FAIL">
          <exception class="org.openqa.selenium.ElementClickInterceptedException">
            <message>
              <![CDATA[element click intercepted: Element <span>...</span> is not clickable at point (1457, 42). Other element would receive the click: <div role="dialog" aria-modal="true" class="fade modal show" tabindex="-1" aria-labelledby="contained-modal-title-vcenter" style="display: block;">...</div>
  (Session info: chrome=147.0.7727.102)
Build info: version: '4.38.0', revision: '6b412e825c'
System info: os.name: 'Windows 11', os.arch: 'amd64', os.version: '10.0', java.version: '21.0.9'
Driver info: org.openqa.selenium.chrome.ChromeDriver
Command: [dbe9310911e61e23c052d6ef535759e6, clickElement {id=f.A412A633AEBF440B99A812782022C406.d.1369036E1EB46F899AC34FBE3923F32B.e.279}]
Capabilities {acceptInsecureCerts: false, browserName: chrome, browserVersion: 147.0.7727.102, chrome: {chromedriverVersion: 147.0.7727.117 (474cc805edd..., userDataDir: C:\Users\W066520\AppData\Lo...}, fedcm:accounts: true, goog:chromeOptions: {debuggerAddress: localhost:52712}, goog:processID: 34096, networkConnectionEnabled: false, pageLoadStrategy: normal, platformName: windows, proxy: Proxy(), se:cdp: ws://localhost:52712/devtoo..., se:cdpVersion: 147.0.7727.102, setWindowRect: true, strictFileInteractability: false, timeouts: {implicit: 0, pageLoad: 300000, script: 30000}, unhandledPromptBehavior: dismiss and notify, webauthn:extension:credBlob: true, webauthn:extension:largeBlob: true, webauthn:extension:minPinLength: true, webauthn:extension:prf: true, webauthn:virtualAuthenticators: true}
Element: [[ChromeDriver: chrome on windows (dbe9310911e61e23c052d6ef535759e6)] -> xpath: //span[text()="Logout"]]
Session ID: dbe9310911e61e23c052d6ef535759e6]]>
            </message>
            <full-stacktrace>
              <![CDATA[org.openqa.selenium.ElementClickInterceptedException: element click intercepted: Element <span>...</span> is not clickable at point (1457, 42). Other element would receive the click: <div role="dialog" aria-modal="true" class="fade modal show" tabindex="-1" aria-labelledby="contained-modal-title-vcenter" style="display: block;">...</div>
  (Session info: chrome=147.0.7727.102)
Build info: version: '4.38.0', revision: '6b412e825c'
System info: os.name: 'Windows 11', os.arch: 'amd64', os.version: '10.0', java.version: '21.0.9'
Driver info: org.openqa.selenium.chrome.ChromeDriver
Command: [dbe9310911e61e23c052d6ef535759e6, clickElement {id=f.A412A633AEBF440B99A812782022C406.d.1369036E1EB46F899AC34FBE3923F32B.e.279}]
Capabilities {acceptInsecureCerts: false, browserName: chrome, browserVersion: 147.0.7727.102, chrome: {chromedriverVersion: 147.0.7727.117 (474cc805edd..., userDataDir: C:\Users\W066520\AppData\Lo...}, fedcm:accounts: true, goog:chromeOptions: {debuggerAddress: localhost:52712}, goog:processID: 34096, networkConnectionEnabled: false, pageLoadStrategy: normal, platformName: windows, proxy: Proxy(), se:cdp: ws://localhost:52712/devtoo..., se:cdpVersion: 147.0.7727.102, setWindowRect: true, strictFileInteractability: false, timeouts: {implicit: 0, pageLoad: 300000, script: 30000}, unhandledPromptBehavior: dismiss and notify, webauthn:extension:credBlob: true, webauthn:extension:largeBlob: true, webauthn:extension:minPinLength: true, webauthn:extension:prf: true, webauthn:virtualAuthenticators: true}
Element: [[ChromeDriver: chrome on windows (dbe9310911e61e23c052d6ef535759e6)] -> xpath: //span[text()="Logout"]]
Session ID: dbe9310911e61e23c052d6ef535759e6
at java.base/jdk.internal.reflect.DirectConstructorHandleAccessor.newInstance(DirectConstructorHandleAccessor.java:62)
at java.base/java.lang.reflect.Constructor.newInstanceWithCaller(Constructor.java:502)
at java.base/java.lang.reflect.Constructor.newInstance(Constructor.java:486)
at org.openqa.selenium.remote.ErrorCodec.decode(ErrorCodec.java:167)
at org.openqa.selenium.remote.codec.w3c.W3CHttpResponseCodec.decode(W3CHttpResponseCodec.java:138)
at org.openqa.selenium.remote.codec.w3c.W3CHttpResponseCodec.decode(W3CHttpResponseCodec.java:50)
at org.openqa.selenium.remote.HttpCommandExecutor.execute(HttpCommandExecutor.java:215)
at org.openqa.selenium.remote.service.DriverCommandExecutor.invokeExecute(DriverCommandExecutor.java:216)
at org.openqa.selenium.remote.service.DriverCommandExecutor.execute(DriverCommandExecutor.java:174)
at org.openqa.selenium.remote.RemoteWebDriver.execute(RemoteWebDriver.java:557)
at org.openqa.selenium.remote.RemoteWebElement.execute(RemoteWebElement.java:223)
at org.openqa.selenium.remote.RemoteWebElement.click(RemoteWebElement.java:76)
at java.base/jdk.internal.reflect.DirectMethodHandleAccessor.invoke(DirectMethodHandleAccessor.java:103)
at java.base/java.lang.reflect.Method.invoke(Method.java:580)
at org.openqa.selenium.support.pagefactory.internal.LocatingElementHandler.invoke(LocatingElementHandler.java:51)
at jdk.proxy2/jdk.proxy2.$Proxy15.click(Unknown Source)
at com.sgplus.erp.genericutility.BaseClass.configAM(BaseClass.java:67)
at java.base/jdk.internal.reflect.DirectMethodHandleAccessor.invoke(DirectMethodHandleAccessor.java:103)
at java.base/java.lang.reflect.Method.invoke(Method.java:580)
at org.testng.internal.invokers.MethodInvocationHelper.invokeMethod(MethodInvocationHelper.java:141)
at org.testng.internal.invokers.MethodInvocationHelper.invokeMethodConsideringTimeout(MethodInvocationHelper.java:71)
at org.testng.internal.invokers.ConfigInvoker.invokeConfigurationMethod(ConfigInvoker.java:400)
at org.testng.internal.invokers.ConfigInvoker.invokeConfigurations(ConfigInvoker.java:333)
at org.testng.internal.invokers.TestInvoker.runConfigMethods(TestInvoker.java:836)
at org.testng.internal.invokers.TestInvoker.runAfterConfigurations(TestInvoker.java:805)
at org.testng.internal.invokers.TestInvoker.invokeMethod(TestInvoker.java:781)
at org.testng.internal.invokers.TestInvoker.invokeTestMethod(TestInvoker.java:230)
at org.testng.internal.invokers.MethodRunner.runInSequence(MethodRunner.java:63)
at org.testng.internal.invokers.TestInvoker$MethodInvocationAgent.invoke(TestInvoker.java:995)
at org.testng.internal.invokers.TestInvoker.invokeTestMethods(TestInvoker.java:203)
at org.testng.internal.invokers.TestMethodWorker.invokeTestMethods(TestMethodWorker.java:154)
at org.testng.internal.invokers.TestMethodWorker.run(TestMethodWorker.java:134)
at java.base/java.util.ArrayList.forEach(ArrayList.java:1596)
at org.testng.TestRunner.privateRun(TestRunner.java:741)
at org.testng.TestRunner.run(TestRunner.java:616)
at org.testng.SuiteRunner.runTest(SuiteRunner.java:421)
at org.testng.SuiteRunner.runSequentially(SuiteRunner.java:413)
at org.testng.SuiteRunner.privateRun(SuiteRunner.java:373)
at org.testng.SuiteRunner.run(SuiteRunner.java:312)
at org.testng.SuiteRunnerWorker.runSuite(SuiteRunnerWorker.java:52)
at org.testng.SuiteRunnerWorker.run(SuiteRunnerWorker.java:95)
at org.testng.TestNG.runSuitesSequentially(TestNG.java:1274)
at org.testng.TestNG.runSuitesLocally(TestNG.java:1208)
at org.testng.TestNG.runSuites(TestNG.java:1112)
at org.testng.TestNG.run(TestNG.java:1079)
at org.testng.remote.AbstractRemoteTestNG.run(AbstractRemoteTestNG.java:115)
at org.testng.remote.RemoteTestNG.initAndRun(RemoteTestNG.java:293)
at org.testng.remote.RemoteTestNG.main(RemoteTestNG.java:91)
]]>
            </full-stacktrace>
          </exception> <!-- org.openqa.selenium.ElementClickInterceptedException -->
          <reporter-output>
          </reporter-output>
        </test-method> <!-- configAM -->
        <test-method is-config="true" signature="configAC()[pri:0, instance:com.ReasonLinkingPage.BulkReasonLinkingCancelTest@6631f5ca]" started-at="2026-04-23T12:55:21 IST" name="configAC" finished-at="2026-04-23T12:55:21 IST" duration-ms="0" status="SKIP">
          <reporter-output>
          </reporter-output>
        </test-method> <!-- configAC -->
      </class> <!-- com.ReasonLinkingPage.BulkReasonLinkingCancelTest -->
      <class name="com.Settings.Departements.verifyRequiredFieldValidationTest">
        <test-method is-config="true" signature="configBC()[pri:0, instance:com.Settings.Departements.verifyRequiredFieldValidationTest@6d3a388c]" started-at="2026-04-23T13:05:22 IST" name="configBC" finished-at="2026-04-23T13:05:23 IST" duration-ms="1040" status="PASS">
          <reporter-output>
          </reporter-output>
        </test-method> <!-- configBC -->
        <test-method is-config="true" signature="configBM()[pri:0, instance:com.Settings.Departements.verifyRequiredFieldValidationTest@6d3a388c]" started-at="2026-04-23T13:05:23 IST" name="configBM" finished-at="2026-04-23T13:05:24 IST" duration-ms="1491" status="PASS">
          <reporter-output>
          </reporter-output>
        </test-method> <!-- configBM -->
        <test-method signature="verifyRequiredFieldValidationTest()[pri:0, instance:com.Settings.Departements.verifyRequiredFieldValidationTest@6d3a388c]" started-at="2026-04-23T13:05:24 IST" name="verifyRequiredFieldValidationTest" finished-at="2026-04-23T13:05:49 IST" duration-ms="24318" status="PASS">
          <reporter-output>
          </reporter-output>
        </test-method> <!-- verifyRequiredFieldValidationTest -->
        <test-method is-config="true" signature="configAM()[pri:0, instance:com.Settings.Departements.verifyRequiredFieldValidationTest@6d3a388c]" started-at="2026-04-23T13:05:49 IST" name="configAM" finished-at="2026-04-23T13:05:49 IST" duration-ms="84" status="PASS">
          <reporter-output>
          </reporter-output>
        </test-method> <!-- configAM -->
        <test-method is-config="true" signature="configAC()[pri:0, instance:com.Settings.Departements.verifyRequiredFieldValidationTest@6d3a388c]" started-at="2026-04-23T13:05:49 IST" name="configAC" finished-at="2026-04-23T13:05:49 IST" duration-ms="488" status="PASS">
          <reporter-output>
          </reporter-output>
        </test-method> <!-- configAC -->
      </class> <!-- com.Settings.Departements.verifyRequiredFieldValidationTest -->
      <class name="com.RecipeMasterPage.VerifyProductionTypeDropdownFunctionalityTest">
        <test-method is-config="true" signature="configBC()[pri:0, instance:com.RecipeMasterPage.VerifyProductionTypeDropdownFunctionalityTest@793be5ca]" started-at="2026-04-23T13:02:48 IST" name="configBC" finished-at="2026-04-23T13:02:49 IST" duration-ms="1055" status="PASS">
          <reporter-output>
          </reporter-output>
        </test-method> <!-- configBC -->
        <test-method is-config="true" signature="configBM()[pri:0, instance:com.RecipeMasterPage.VerifyProductionTypeDropdownFunctionalityTest@793be5ca]" started-at="2026-04-23T13:02:49 IST" name="configBM" finished-at="2026-04-23T13:02:50 IST" duration-ms="1314" status="PASS">
          <reporter-output>
          </reporter-output>
        </test-method> <!-- configBM -->
        <test-method signature="VerifyProductionTypeDropdownFunctionalityTest()[pri:0, instance:com.RecipeMasterPage.VerifyProductionTypeDropdownFunctionalityTest@793be5ca]" started-at="2026-04-23T13:02:50 IST" name="VerifyProductionTypeDropdownFunctionalityTest" finished-at="2026-04-23T13:03:15 IST" duration-ms="24640" status="PASS">
          <reporter-output>
          </reporter-output>
        </test-method> <!-- VerifyProductionTypeDropdownFunctionalityTest -->
        <test-method is-config="true" signature="configAM()[pri:0, instance:com.RecipeMasterPage.VerifyProductionTypeDropdownFunctionalityTest@793be5ca]" started-at="2026-04-23T13:03:15 IST" name="configAM" finished-at="2026-04-23T13:03:15 IST" duration-ms="51" status="PASS">
          <reporter-output>
          </reporter-output>
        </test-method> <!-- configAM -->
        <test-method is-config="true" signature="configAC()[pri:0, instance:com.RecipeMasterPage.VerifyProductionTypeDropdownFunctionalityTest@793be5ca]" started-at="2026-04-23T13:03:15 IST" name="configAC" finished-at="2026-04-23T13:03:15 IST" duration-ms="445" status="PASS">
          <reporter-output>
          </reporter-output>
        </test-method> <!-- configAC -->
      </class> <!-- com.RecipeMasterPage.VerifyProductionTypeDropdownFunctionalityTest -->
      <class name="com.DowntimeShiftview.VerifyShiftAViewDisplaysDataForDifferentShiftsTest">
        <test-method is-config="true" signature="configBC()[pri:0, instance:com.DowntimeShiftview.VerifyShiftAViewDisplaysDataForDifferentShiftsTest@5f9b2141]" started-at="2026-04-23T12:58:42 IST" name="configBC" finished-at="2026-04-23T12:58:43 IST" duration-ms="1064" status="PASS">
          <reporter-output>
          </reporter-output>
        </test-method> <!-- configBC -->
        <test-method is-config="true" signature="configBM()[pri:0, instance:com.DowntimeShiftview.VerifyShiftAViewDisplaysDataForDifferentShiftsTest@5f9b2141]" started-at="2026-04-23T12:58:43 IST" name="configBM" finished-at="2026-04-23T12:58:44 IST" duration-ms="1236" status="PASS">
          <reporter-output>
          </reporter-output>
        </test-method> <!-- configBM -->
        <test-method signature="VerifyShiftAViewDisplaysDataForDifferentShiftsTest()[pri:0, instance:com.DowntimeShiftview.VerifyShiftAViewDisplaysDataForDifferentShiftsTest@5f9b2141]" started-at="2026-04-23T12:58:44 IST" name="VerifyShiftAViewDisplaysDataForDifferentShiftsTest" finished-at="2026-04-23T12:58:51 IST" duration-ms="6571" status="PASS">
          <reporter-output>
          </reporter-output>
        </test-method> <!-- VerifyShiftAViewDisplaysDataForDifferentShiftsTest -->
        <test-method is-config="true" signature="configAM()[pri:0, instance:com.DowntimeShiftview.VerifyShiftAViewDisplaysDataForDifferentShiftsTest@5f9b2141]" started-at="2026-04-23T12:58:51 IST" name="configAM" finished-at="2026-04-23T12:58:51 IST" duration-ms="47" status="PASS">
          <reporter-output>
          </reporter-output>
        </test-method> <!-- configAM -->
        <test-method is-config="true" signature="configAC()[pri:0, instance:com.DowntimeShiftview.VerifyShiftAViewDisplaysDataForDifferentShiftsTest@5f9b2141]" started-at="2026-04-23T12:58:51 IST" name="configAC" finished-at="2026-04-23T12:58:51 IST" duration-ms="378" status="PASS">
          <reporter-output>
          </reporter-output>
        </test-method> <!-- configAC -->
      </class> <!-- com.DowntimeShiftview.VerifyShiftAViewDisplaysDataForDifferentShiftsTest -->
      <class name="com.Settings.Departements.verifySearchDepartmentTest">
        <test-method is-config="true" signature="configBC()[pri:0, instance:com.Settings.Departements.verifySearchDepartmentTest@193f604a]" started-at="2026-04-23T13:07:09 IST" name="configBC" finished-at="2026-04-23T13:07:10 IST" duration-ms="1107" status="PASS">
          <reporter-output>
          </reporter-output>
        </test-method> <!-- configBC -->
        <test-method is-config="true" signature="configBM()[pri:0, instance:com.Settings.Departements.verifySearchDepartmentTest@193f604a]" started-at="2026-04-23T13:07:10 IST" name="configBM" finished-at="2026-04-23T13:07:11 IST" duration-ms="1412" status="PASS">
          <reporter-output>
          </reporter-output>
        </test-method> <!-- configBM -->
        <test-method signature="VerifyAddDepartmentTest()[pri:0, instance:com.Settings.Departements.verifySearchDepartmentTest@193f604a]" started-at="2026-04-23T13:07:11 IST" name="VerifyAddDepartmentTest" finished-at="2026-04-23T13:07:34 IST" duration-ms="22993" status="PASS">
          <reporter-output>
          </reporter-output>
        </test-method> <!-- VerifyAddDepartmentTest -->
        <test-method is-config="true" signature="configAM()[pri:0, instance:com.Settings.Departements.verifySearchDepartmentTest@193f604a]" started-at="2026-04-23T13:07:34 IST" name="configAM" finished-at="2026-04-23T13:07:34 IST" duration-ms="50" status="PASS">
          <reporter-output>
          </reporter-output>
        </test-method> <!-- configAM -->
        <test-method is-config="true" signature="configAC()[pri:0, instance:com.Settings.Departements.verifySearchDepartmentTest@193f604a]" started-at="2026-04-23T13:07:34 IST" name="configAC" finished-at="2026-04-23T13:07:35 IST" duration-ms="516" status="PASS">
          <reporter-output>
          </reporter-output>
        </test-method> <!-- configAC -->
      </class> <!-- com.Settings.Departements.verifySearchDepartmentTest -->
      <class name="com.Settings.DepartmentGroup.verifyRequiredFieldValidationForNameTest">
        <test-method is-config="true" signature="configBC()[pri:0, instance:com.Settings.DepartmentGroup.verifyRequiredFieldValidationForNameTest@3514a4c0]" started-at="2026-04-23T13:11:11 IST" name="configBC" finished-at="2026-04-23T13:11:12 IST" duration-ms="1085" status="PASS">
          <reporter-output>
          </reporter-output>
        </test-method> <!-- configBC -->
        <test-method is-config="true" signature="configBM()[pri:0, instance:com.Settings.DepartmentGroup.verifyRequiredFieldValidationForNameTest@3514a4c0]" started-at="2026-04-23T13:11:12 IST" name="configBM" finished-at="2026-04-23T13:11:14 IST" duration-ms="1694" status="PASS">
          <reporter-output>
          </reporter-output>
        </test-method> <!-- configBM -->
        <test-method signature="verifyRequiredFieldValidationForNameTest()[pri:0, instance:com.Settings.DepartmentGroup.verifyRequiredFieldValidationForNameTest@3514a4c0]" started-at="2026-04-23T13:11:14 IST" name="verifyRequiredFieldValidationForNameTest" finished-at="2026-04-23T13:11:37 IST" duration-ms="22961" status="PASS">
          <reporter-output>
          </reporter-output>
        </test-method> <!-- verifyRequiredFieldValidationForNameTest -->
        <test-method is-config="true" signature="configAM()[pri:0, instance:com.Settings.DepartmentGroup.verifyRequiredFieldValidationForNameTest@3514a4c0]" started-at="2026-04-23T13:11:37 IST" name="configAM" finished-at="2026-04-23T13:11:37 IST" duration-ms="50" status="PASS">
          <reporter-output>
          </reporter-output>
        </test-method> <!-- configAM -->
        <test-method is-config="true" signature="configAC()[pri:0, instance:com.Settings.DepartmentGroup.verifyRequiredFieldValidationForNameTest@3514a4c0]" started-at="2026-04-23T13:11:37 IST" name="configAC" finished-at="2026-04-23T13:11:37 IST" duration-ms="358" status="PASS">
          <reporter-output>
          </reporter-output>
        </test-method> <!-- configAC -->
      </class> <!-- com.Settings.DepartmentGroup.verifyRequiredFieldValidationForNameTest -->
      <class name="com.Settings.Departements.verifyViewDepartmentTest">
        <test-method is-config="true" signature="configBC()[pri:0, instance:com.Settings.Departements.verifyViewDepartmentTest@20f5239f]" started-at="2026-04-23T13:09:06 IST" name="configBC" finished-at="2026-04-23T13:09:07 IST" duration-ms="1071" status="PASS">
          <reporter-output>
          </reporter-output>
        </test-method> <!-- configBC -->
        <test-method is-config="true" signature="configBM()[pri:0, instance:com.Settings.Departements.verifyViewDepartmentTest@20f5239f]" started-at="2026-04-23T13:09:07 IST" name="configBM" finished-at="2026-04-23T13:09:09 IST" duration-ms="1241" status="PASS">
          <reporter-output>
          </reporter-output>
        </test-method> <!-- configBM -->
        <test-method signature="verifyViewDepartmentTest()[pri:0, instance:com.Settings.Departements.verifyViewDepartmentTest@20f5239f]" started-at="2026-04-23T13:09:09 IST" name="verifyViewDepartmentTest" finished-at="2026-04-23T13:09:31 IST" duration-ms="22566" status="PASS">
          <reporter-output>
          </reporter-output>
        </test-method> <!-- verifyViewDepartmentTest -->
        <test-method is-config="true" signature="configAM()[pri:0, instance:com.Settings.Departements.verifyViewDepartmentTest@20f5239f]" started-at="2026-04-23T13:09:31 IST" name="configAM" finished-at="2026-04-23T13:09:31 IST" duration-ms="55" status="PASS">
          <reporter-output>
          </reporter-output>
        </test-method> <!-- configAM -->
        <test-method is-config="true" signature="configAC()[pri:0, instance:com.Settings.Departements.verifyViewDepartmentTest@20f5239f]" started-at="2026-04-23T13:09:31 IST" name="configAC" finished-at="2026-04-23T13:09:32 IST" duration-ms="428" status="PASS">
          <reporter-output>
          </reporter-output>
        </test-method> <!-- configAC -->
      </class> <!-- com.Settings.Departements.verifyViewDepartmentTest -->
      <class name="com.DowntimeAnalysisPage.DowntimeAnalysisNavigationTest">
        <test-method is-config="true" signature="configBC()[pri:0, instance:com.DowntimeAnalysisPage.DowntimeAnalysisNavigationTest@10163d6]" started-at="2026-04-23T12:58:32 IST" name="configBC" finished-at="2026-04-23T12:58:33 IST" duration-ms="1068" status="PASS">
          <reporter-output>
          </reporter-output>
        </test-method> <!-- configBC -->
        <test-method is-config="true" signature="configBM()[pri:0, instance:com.DowntimeAnalysisPage.DowntimeAnalysisNavigationTest@10163d6]" started-at="2026-04-23T12:58:33 IST" name="configBM" finished-at="2026-04-23T12:58:34 IST" duration-ms="1488" status="PASS">
          <reporter-output>
          </reporter-output>
        </test-method> <!-- configBM -->
        <test-method signature="DowntimeAnalysisNavigationTest()[pri:0, instance:com.DowntimeAnalysisPage.DowntimeAnalysisNavigationTest@10163d6]" started-at="2026-04-23T12:58:34 IST" name="DowntimeAnalysisNavigationTest" finished-at="2026-04-23T12:58:41 IST" duration-ms="7169" status="PASS">
          <reporter-output>
          </reporter-output>
        </test-method> <!-- DowntimeAnalysisNavigationTest -->
        <test-method is-config="true" signature="configAM()[pri:0, instance:com.DowntimeAnalysisPage.DowntimeAnalysisNavigationTest@10163d6]" started-at="2026-04-23T12:58:41 IST" name="configAM" finished-at="2026-04-23T12:58:41 IST" duration-ms="58" status="PASS">
          <reporter-output>
          </reporter-output>
        </test-method> <!-- configAM -->
        <test-method is-config="true" signature="configAC()[pri:0, instance:com.DowntimeAnalysisPage.DowntimeAnalysisNavigationTest@10163d6]" started-at="2026-04-23T12:58:41 IST" name="configAC" finished-at="2026-04-23T12:58:42 IST" duration-ms="328" status="PASS">
          <reporter-output>
          </reporter-output>
        </test-method> <!-- configAC -->
      </class> <!-- com.DowntimeAnalysisPage.DowntimeAnalysisNavigationTest -->
      <class name="com.OEEDashBoard.MachinlevelComparsiongraphNamesshowncorrectly">
        <test-method is-config="true" signature="configBC()[pri:0, instance:com.OEEDashBoard.MachinlevelComparsiongraphNamesshowncorrectly@101952da]" started-at="2026-04-23T12:57:19 IST" name="configBC" finished-at="2026-04-23T12:57:20 IST" duration-ms="1125" status="PASS">
          <reporter-output>
          </reporter-output>
        </test-method> <!-- configBC -->
        <test-method is-config="true" signature="configBM()[pri:0, instance:com.OEEDashBoard.MachinlevelComparsiongraphNamesshowncorrectly@101952da]" started-at="2026-04-23T12:57:20 IST" name="configBM" finished-at="2026-04-23T12:57:21 IST" duration-ms="1252" status="PASS">
          <reporter-output>
          </reporter-output>
        </test-method> <!-- configBM -->
        <test-method signature="VerifyMchinelevelComparisonGraphisdisplayedTest()[pri:0, instance:com.OEEDashBoard.MachinlevelComparsiongraphNamesshowncorrectly@101952da]" started-at="2026-04-23T12:57:21 IST" name="VerifyMchinelevelComparisonGraphisdisplayedTest" finished-at="2026-04-23T12:57:42 IST" duration-ms="20634" status="PASS">
          <reporter-output>
          </reporter-output>
        </test-method> <!-- VerifyMchinelevelComparisonGraphisdisplayedTest -->
        <test-method is-config="true" signature="configAM()[pri:0, instance:com.OEEDashBoard.MachinlevelComparsiongraphNamesshowncorrectly@101952da]" started-at="2026-04-23T12:57:42 IST" name="configAM" finished-at="2026-04-23T12:57:42 IST" duration-ms="71" status="PASS">
          <reporter-output>
          </reporter-output>
        </test-method> <!-- configAM -->
        <test-method is-config="true" signature="configAC()[pri:0, instance:com.OEEDashBoard.MachinlevelComparsiongraphNamesshowncorrectly@101952da]" started-at="2026-04-23T12:57:42 IST" name="configAC" finished-at="2026-04-23T12:57:42 IST" duration-ms="432" status="PASS">
          <reporter-output>
          </reporter-output>
        </test-method> <!-- configAC -->
      </class> <!-- com.OEEDashBoard.MachinlevelComparsiongraphNamesshowncorrectly -->
      <class name="com.OEEDashBoard.VerifyMchinelevelComparisonGraphisdisplayedTest">
[...]
          <reporter-output>
          </reporter-output>
        </test-method> <!-- configAC -->
      </class> <!-- com.DowntimeEnhacementPage.NavigateToDowntimeEnhancementPageTest -->
      <class name="com.DowntimeEnhacementPage.DowntimeEnhacemntTableDataTest">
        <test-method is-config="true" signature="configBC()[pri:0, instance:com.DowntimeEnhacementPage.DowntimeEnhacemntTableDataTest@702b8b12]" started-at="2026-04-23T12:58:14 IST" name="configBC" finished-at="2026-04-23T12:58:15 IST" duration-ms="1221" status="PASS">
          <reporter-output>
          </reporter-output>
        </test-method> <!-- configBC -->
        <test-method is-config="true" signature="configBM()[pri:0, instance:com.DowntimeEnhacementPage.DowntimeEnhacemntTableDataTest@702b8b12]" started-at="2026-04-23T12:58:15 IST" name="configBM" finished-at="2026-04-23T12:58:18 IST" duration-ms="3151" status="PASS">
          <reporter-output>
          </reporter-output>
        </test-method> <!-- configBM -->
        <test-method signature="DowntimeEnhacemntTableDataTest()[pri:0, instance:com.DowntimeEnhacementPage.DowntimeEnhacemntTableDataTest@702b8b12]" started-at="2026-04-23T12:58:18 IST" name="DowntimeEnhacemntTableDataTest" finished-at="2026-04-23T12:58:31 IST" duration-ms="12817" status="PASS">
          <reporter-output>
          </reporter-output>
        </test-method> <!-- DowntimeEnhacemntTableDataTest -->
        <test-method is-config="true" signature="configAM()[pri:0, instance:com.DowntimeEnhacementPage.DowntimeEnhacemntTableDataTest@702b8b12]" started-at="2026-04-23T12:58:31 IST" name="configAM" finished-at="2026-04-23T12:58:31 IST" duration-ms="46" status="PASS">
          <reporter-output>
          </reporter-output>
        </test-method> <!-- configAM -->
        <test-method is-config="true" signature="configAC()[pri:0, instance:com.DowntimeEnhacementPage.DowntimeEnhacemntTableDataTest@702b8b12]" started-at="2026-04-23T12:58:31 IST" name="configAC" finished-at="2026-04-23T12:58:32 IST" duration-ms="426" status="PASS">
          <reporter-output>
          </reporter-output>
        </test-method> <!-- configAC -->
      </class> <!-- com.DowntimeEnhacementPage.DowntimeEnhacemntTableDataTest -->
      <class name="com.RecipeMasterPage.VerifyCycleTimeFieldInputTest">
        <test-method is-config="true" signature="configBC()[pri:0, instance:com.RecipeMasterPage.VerifyCycleTimeFieldInputTest@69997e9d]" started-at="2026-04-23T12:59:44 IST" name="configBC" finished-at="2026-04-23T12:59:45 IST" duration-ms="1047" status="PASS">
          <reporter-output>
          </reporter-output>
        </test-method> <!-- configBC -->
        <test-method is-config="true" signature="configBM()[pri:0, instance:com.RecipeMasterPage.VerifyCycleTimeFieldInputTest@69997e9d]" started-at="2026-04-23T12:59:45 IST" name="configBM" finished-at="2026-04-23T12:59:47 IST" duration-ms="1505" status="PASS">
          <reporter-output>
          </reporter-output>
        </test-method> <!-- configBM -->
        <test-method signature="VerifyCycleTimeFieldInputTest()[pri:0, instance:com.RecipeMasterPage.VerifyCycleTimeFieldInputTest@69997e9d]" started-at="2026-04-23T12:59:47 IST" name="VerifyCycleTimeFieldInputTest" finished-at="2026-04-23T13:00:11 IST" duration-ms="24291" status="PASS">
          <reporter-output>
          </reporter-output>
        </test-method> <!-- VerifyCycleTimeFieldInputTest -->
        <test-method is-config="true" signature="configAM()[pri:0, instance:com.RecipeMasterPage.VerifyCycleTimeFieldInputTest@69997e9d]" started-at="2026-04-23T13:00:11 IST" name="configAM" finished-at="2026-04-23T13:00:11 IST" duration-ms="74" status="PASS">
          <reporter-output>
          </reporter-output>
        </test-method> <!-- configAM -->
        <test-method is-config="true" signature="configAC()[pri:0, instance:com.RecipeMasterPage.VerifyCycleTimeFieldInputTest@69997e9d]" started-at="2026-04-23T13:00:11 IST" name="configAC" finished-at="2026-04-23T13:00:12 IST" duration-ms="494" status="PASS">
          <reporter-output>
          </reporter-output>
        </test-method> <!-- configAC -->
      </class> <!-- com.RecipeMasterPage.VerifyCycleTimeFieldInputTest -->
      <class name="com.RecipeMasterPage.VerifyTheRecipeEditFunctionalityTest">
        <test-method is-config="true" signature="configBC()[pri:0, instance:com.RecipeMasterPage.VerifyTheRecipeEditFunctionalityTest@33990a0c]" started-at="2026-04-23T13:11:37 IST" name="configBC" finished-at="2026-04-23T13:11:38 IST" duration-ms="1030" status="PASS">
          <reporter-output>
          </reporter-output>
        </test-method> <!-- configBC -->
        <test-method is-config="true" signature="configBM()[pri:0, instance:com.RecipeMasterPage.VerifyTheRecipeEditFunctionalityTest@33990a0c]" started-at="2026-04-23T13:11:38 IST" name="configBM" finished-at="2026-04-23T13:11:39 IST" duration-ms="1215" status="PASS">
          <reporter-output>
          </reporter-output>
        </test-method> <!-- configBM -->
        <test-method signature="VerifytheRecipeEditfunctionalityTest()[pri:0, instance:com.RecipeMasterPage.VerifyTheRecipeEditFunctionalityTest@33990a0c]" started-at="2026-04-23T13:11:39 IST" name="VerifytheRecipeEditfunctionalityTest" finished-at="2026-04-23T13:12:03 IST" duration-ms="23203" status="PASS">
          <reporter-output>
          </reporter-output>
        </test-method> <!-- VerifytheRecipeEditfunctionalityTest -->
        <test-method is-config="true" signature="configAM()[pri:0, instance:com.RecipeMasterPage.VerifyTheRecipeEditFunctionalityTest@33990a0c]" started-at="2026-04-23T13:12:03 IST" name="configAM" finished-at="2026-04-23T13:12:03 IST" duration-ms="67" status="PASS">
          <reporter-output>
          </reporter-output>
        </test-method> <!-- configAM -->
        <test-method is-config="true" signature="configAC()[pri:0, instance:com.RecipeMasterPage.VerifyTheRecipeEditFunctionalityTest@33990a0c]" started-at="2026-04-23T13:12:03 IST" name="configAC" finished-at="2026-04-23T13:12:03 IST" duration-ms="455" status="PASS">
          <reporter-output>
          </reporter-output>
        </test-method> <!-- configAC -->
      </class> <!-- com.RecipeMasterPage.VerifyTheRecipeEditFunctionalityTest -->
      <class name="AddReasonPage.VerifytheReasonEditfunctionalityTest">
        <test-method is-config="true" signature="configBC()[pri:0, instance:AddReasonPage.VerifytheReasonEditfunctionalityTest@2053d869]" started-at="2026-04-23T13:00:38 IST" name="configBC" finished-at="2026-04-23T13:00:39 IST" duration-ms="1077" status="PASS">
          <reporter-output>
          </reporter-output>
        </test-method> <!-- configBC -->
        <test-method is-config="true" signature="configBM()[pri:0, instance:AddReasonPage.VerifytheReasonEditfunctionalityTest@2053d869]" started-at="2026-04-23T13:00:39 IST" name="configBM" finished-at="2026-04-23T13:00:41 IST" duration-ms="1442" status="PASS">
          <reporter-output>
          </reporter-output>
        </test-method> <!-- configBM -->
        <test-method signature="VerifytheReasonEditfunctionalityTest()[pri:0, instance:AddReasonPage.VerifytheReasonEditfunctionalityTest@2053d869]" started-at="2026-04-23T13:00:41 IST" name="VerifytheReasonEditfunctionalityTest" finished-at="2026-04-23T13:00:45 IST" duration-ms="3968" status="PASS">
          <reporter-output>
          </reporter-output>
        </test-method> <!-- VerifytheReasonEditfunctionalityTest -->
        <test-method is-config="true" signature="configAM()[pri:0, instance:AddReasonPage.VerifytheReasonEditfunctionalityTest@2053d869]" started-at="2026-04-23T13:00:45 IST" name="configAM" finished-at="2026-04-23T13:00:46 IST" duration-ms="1061" status="FAIL">
          <exception class="org.openqa.selenium.ElementClickInterceptedException">
            <message>
              <![CDATA[element click intercepted: Element <span>...</span> is not clickable at point (1457, 42). Other element would receive the click: <div id="ub35ayrac" class="Toastify__toast Toastify__toast--success">...</div>
  (Session info: chrome=147.0.7727.102)
Build info: version: '4.38.0', revision: '6b412e825c'
System info: os.name: 'Windows 11', os.arch: 'amd64', os.version: '10.0', java.version: '21.0.9'
Driver info: org.openqa.selenium.chrome.ChromeDriver
Command: [7e4c4a1dfbd60b5481b67cb64182141d, clickElement {id=f.CBCA92FD7B4AD940D96C7AD75A7CA10E.d.196C44DB37B9781176BE020EB24037DA.e.273}]
Capabilities {acceptInsecureCerts: false, browserName: chrome, browserVersion: 147.0.7727.102, chrome: {chromedriverVersion: 147.0.7727.117 (474cc805edd..., userDataDir: C:\Users\W066520\AppData\Lo...}, fedcm:accounts: true, goog:chromeOptions: {debuggerAddress: localhost:56758}, goog:processID: 26664, networkConnectionEnabled: false, pageLoadStrategy: normal, platformName: windows, proxy: Proxy(), se:cdp: ws://localhost:56758/devtoo..., se:cdpVersion: 147.0.7727.102, setWindowRect: true, strictFileInteractability: false, timeouts: {implicit: 0, pageLoad: 300000, script: 30000}, unhandledPromptBehavior: dismiss and notify, webauthn:extension:credBlob: true, webauthn:extension:largeBlob: true, webauthn:extension:minPinLength: true, webauthn:extension:prf: true, webauthn:virtualAuthenticators: true}
Element: [[ChromeDriver: chrome on windows (7e4c4a1dfbd60b5481b67cb64182141d)] -> xpath: //span[text()="Logout"]]
Session ID: 7e4c4a1dfbd60b5481b67cb64182141d]]>
            </message>
            <full-stacktrace>
              <![CDATA[org.openqa.selenium.ElementClickInterceptedException: element click intercepted: Element <span>...</span> is not clickable at point (1457, 42). Other element would receive the click: <div id="ub35ayrac" class="Toastify__toast Toastify__toast--success">...</div>
  (Session info: chrome=147.0.7727.102)
Build info: version: '4.38.0', revision: '6b412e825c'
System info: os.name: 'Windows 11', os.arch: 'amd64', os.version: '10.0', java.version: '21.0.9'
Driver info: org.openqa.selenium.chrome.ChromeDriver
Command: [7e4c4a1dfbd60b5481b67cb64182141d, clickElement {id=f.CBCA92FD7B4AD940D96C7AD75A7CA10E.d.196C44DB37B9781176BE020EB24037DA.e.273}]
Capabilities {acceptInsecureCerts: false, browserName: chrome, browserVersion: 147.0.7727.102, chrome: {chromedriverVersion: 147.0.7727.117 (474cc805edd..., userDataDir: C:\Users\W066520\AppData\Lo...}, fedcm:accounts: true, goog:chromeOptions: {debuggerAddress: localhost:56758}, goog:processID: 26664, networkConnectionEnabled: false, pageLoadStrategy: normal, platformName: windows, proxy: Proxy(), se:cdp: ws://localhost:56758/devtoo..., se:cdpVersion: 147.0.7727.102, setWindowRect: true, strictFileInteractability: false, timeouts: {implicit: 0, pageLoad: 300000, script: 30000}, unhandledPromptBehavior: dismiss and notify, webauthn:extension:credBlob: true, webauthn:extension:largeBlob: true, webauthn:extension:minPinLength: true, webauthn:extension:prf: true, webauthn:virtualAuthenticators: true}
Element: [[ChromeDriver: chrome on windows (7e4c4a1dfbd60b5481b67cb64182141d)] -> xpath: //span[text()="Logout"]]
Session ID: 7e4c4a1dfbd60b5481b67cb64182141d
at java.base/jdk.internal.reflect.DirectConstructorHandleAccessor.newInstance(DirectConstructorHandleAccessor.java:62)
at java.base/java.lang.reflect.Constructor.newInstanceWithCaller(Constructor.java:502)
at java.base/java.lang.reflect.Constructor.newInstance(Constructor.java:486)
at org.openqa.selenium.remote.ErrorCodec.decode(ErrorCodec.java:167)
at org.openqa.selenium.remote.codec.w3c.W3CHttpResponseCodec.decode(W3CHttpResponseCodec.java:138)
at org.openqa.selenium.remote.codec.w3c.W3CHttpResponseCodec.decode(W3CHttpResponseCodec.java:50)
at org.openqa.selenium.remote.HttpCommandExecutor.execute(HttpCommandExecutor.java:215)
at org.openqa.selenium.remote.service.DriverCommandExecutor.invokeExecute(DriverCommandExecutor.java:216)
at org.openqa.selenium.remote.service.DriverCommandExecutor.execute(DriverCommandExecutor.java:174)
at org.openqa.selenium.remote.RemoteWebDriver.execute(RemoteWebDriver.java:557)
at org.openqa.selenium.remote.RemoteWebElement.execute(RemoteWebElement.java:223)
at org.openqa.selenium.remote.RemoteWebElement.click(RemoteWebElement.java:76)
at java.base/jdk.internal.reflect.DirectMethodHandleAccessor.invoke(DirectMethodHandleAccessor.java:103)
at java.base/java.lang.reflect.Method.invoke(Method.java:580)
at org.openqa.selenium.support.pagefactory.internal.LocatingElementHandler.invoke(LocatingElementHandler.java:51)
at jdk.proxy2/jdk.proxy2.$Proxy15.click(Unknown Source)
at com.sgplus.erp.genericutility.BaseClass.configAM(BaseClass.java:67)
at java.base/jdk.internal.reflect.DirectMethodHandleAccessor.invoke(DirectMethodHandleAccessor.java:103)
at java.base/java.lang.reflect.Method.invoke(Method.java:580)
at org.testng.internal.invokers.MethodInvocationHelper.invokeMethod(MethodInvocationHelper.java:141)
at org.testng.internal.invokers.MethodInvocationHelper.invokeMethodConsideringTimeout(MethodInvocationHelper.java:71)
at org.testng.internal.invokers.ConfigInvoker.invokeConfigurationMethod(ConfigInvoker.java:400)
at org.testng.internal.invokers.ConfigInvoker.invokeConfigurations(ConfigInvoker.java:333)
at org.testng.internal.invokers.TestInvoker.runConfigMethods(TestInvoker.java:836)
at org.testng.internal.invokers.TestInvoker.runAfterConfigurations(TestInvoker.java:805)
at org.testng.internal.invokers.TestInvoker.invokeMethod(TestInvoker.java:781)
at org.testng.internal.invokers.TestInvoker.invokeTestMethod(TestInvoker.java:230)
at org.testng.internal.invokers.MethodRunner.runInSequence(MethodRunner.java:63)
at org.testng.internal.invokers.TestInvoker$MethodInvocationAgent.invoke(TestInvoker.java:995)
at org.testng.internal.invokers.TestInvoker.invokeTestMethods(TestInvoker.java:203)
at org.testng.internal.invokers.TestMethodWorker.invokeTestMethods(TestMethodWorker.java:154)
at org.testng.internal.invokers.TestMethodWorker.run(TestMethodWorker.java:134)
at java.base/java.util.ArrayList.forEach(ArrayList.java:1596)
at org.testng.TestRunner.privateRun(TestRunner.java:741)
at org.testng.TestRunner.run(TestRunner.java:616)
at org.testng.SuiteRunner.runTest(SuiteRunner.java:421)
at org.testng.SuiteRunner.runSequentially(SuiteRunner.java:413)
at org.testng.SuiteRunner.privateRun(SuiteRunner.java:373)
at org.testng.SuiteRunner.run(SuiteRunner.java:312)
at org.testng.SuiteRunnerWorker.runSuite(SuiteRunnerWorker.java:52)
at org.testng.SuiteRunnerWorker.run(SuiteRunnerWorker.java:95)
at org.testng.TestNG.runSuitesSequentially(TestNG.java:1274)
at org.testng.TestNG.runSuitesLocally(TestNG.java:1208)
at org.testng.TestNG.runSuites(TestNG.java:1112)
at org.testng.TestNG.run(TestNG.java:1079)
at org.testng.remote.AbstractRemoteTestNG.run(AbstractRemoteTestNG.java:115)
at org.testng.remote.RemoteTestNG.initAndRun(RemoteTestNG.java:293)
at org.testng.remote.RemoteTestNG.main(RemoteTestNG.java:91)
]]>
            </full-stacktrace>
          </exception> <!-- org.openqa.selenium.ElementClickInterceptedException -->
          <reporter-output>
          </reporter-output>
        </test-method> <!-- configAM -->
        <test-method is-config="true" signature="configAC()[pri:0, instance:AddReasonPage.VerifytheReasonEditfunctionalityTest@2053d869]" started-at="2026-04-23T13:00:46 IST" name="configAC" finished-at="2026-04-23T13:00:46 IST" duration-ms="0" status="SKIP">
          <reporter-output>
          </reporter-output>
        </test-method> <!-- configAC -->
      </class> <!-- AddReasonPage.VerifytheReasonEditfunctionalityTest -->
      <class name="com.Settings.Departements.VerifyAddDepartmentTest">
        <test-method is-config="true" signature="configBC()[pri:0, instance:com.Settings.Departements.VerifyAddDepartmentTest@6c130c45]" started-at="2026-04-23T12:55:58 IST" name="configBC" finished-at="2026-04-23T12:55:59 IST" duration-ms="1063" status="PASS">
          <reporter-output>
          </reporter-output>
        </test-method> <!-- configBC -->
        <test-method is-config="true" signature="configBM()[pri:0, instance:com.Settings.Departements.VerifyAddDepartmentTest@6c130c45]" started-at="2026-04-23T12:55:59 IST" name="configBM" finished-at="2026-04-23T12:56:00 IST" duration-ms="1378" status="PASS">
          <reporter-output>
          </reporter-output>
        </test-method> <!-- configBM -->
        <test-method signature="VerifyAddDepartmentTest()[pri:0, instance:com.Settings.Departements.VerifyAddDepartmentTest@6c130c45]" started-at="2026-04-23T12:56:00 IST" name="VerifyAddDepartmentTest" finished-at="2026-04-23T12:56:24 IST" duration-ms="24021" status="PASS">
          <reporter-output>
          </reporter-output>
        </test-method> <!-- VerifyAddDepartmentTest -->
        <test-method is-config="true" signature="configAM()[pri:0, instance:com.Settings.Departements.VerifyAddDepartmentTest@6c130c45]" started-at="2026-04-23T12:56:24 IST" name="configAM" finished-at="2026-04-23T12:56:24 IST" duration-ms="54" status="PASS">
          <reporter-output>
          </reporter-output>
        </test-method> <!-- configAM -->
        <test-method is-config="true" signature="configAC()[pri:0, instance:com.Settings.Departements.VerifyAddDepartmentTest@6c130c45]" started-at="2026-04-23T12:56:24 IST" name="configAC" finished-at="2026-04-23T12:56:25 IST" duration-ms="483" status="PASS">
          <reporter-output>
          </reporter-output>
        </test-method> <!-- configAC -->
      </class> <!-- com.Settings.Departements.VerifyAddDepartmentTest -->
      <class name="com.RecipeMasterPage.VerifytheaddRecipefunctionalityTest">
        <test-method is-config="true" signature="configBC()[pri:0, instance:com.RecipeMasterPage.VerifytheaddRecipefunctionalityTest@15aab8c6]" started-at="2026-04-23T13:09:58 IST" name="configBC" finished-at="2026-04-23T13:09:59 IST" duration-ms="1021" status="PASS">
          <reporter-output>
          </reporter-output>
        </test-method> <!-- configBC -->
        <test-method is-config="true" signature="configBM()[pri:0, instance:com.RecipeMasterPage.VerifytheaddRecipefunctionalityTest@15aab8c6]" started-at="2026-04-23T13:09:59 IST" name="configBM" finished-at="2026-04-23T13:10:00 IST" duration-ms="1328" status="PASS">
          <reporter-output>
          </reporter-output>
        </test-method> <!-- configBM -->
        <test-method signature="VerifytheaddRecipefunctionalityTest()[pri:0, instance:com.RecipeMasterPage.VerifytheaddRecipefunctionalityTest@15aab8c6]" started-at="2026-04-23T13:10:00 IST" name="VerifytheaddRecipefunctionalityTest" finished-at="2026-04-23T13:10:25 IST" duration-ms="24706" status="PASS">
          <reporter-output>
          </reporter-output>
        </test-method> <!-- VerifytheaddRecipefunctionalityTest -->
        <test-method is-config="true" signature="configAM()[pri:0, instance:com.RecipeMasterPage.VerifytheaddRecipefunctionalityTest@15aab8c6]" started-at="2026-04-23T13:10:25 IST" name="configAM" finished-at="2026-04-23T13:10:25 IST" duration-ms="52" status="PASS">
          <reporter-output>
          </reporter-output>
        </test-method> <!-- configAM -->
        <test-method is-config="true" signature="configAC()[pri:0, instance:com.RecipeMasterPage.VerifytheaddRecipefunctionalityTest@15aab8c6]" started-at="2026-04-23T13:10:25 IST" name="configAC" finished-at="2026-04-23T13:10:26 IST" duration-ms="457" status="PASS">
          <reporter-output>
          </reporter-output>
        </test-method> <!-- configAC -->
      </class> <!-- com.RecipeMasterPage.VerifytheaddRecipefunctionalityTest -->
    </test> <!-- Test -->
  </suite> <!-- Suite -->
</testng-results>
