<?xml version="1.0" encoding="UTF-8"?>
<testng-results ignored="0" total="1" passed="1" failed="0" skipped="0">
  <reporter-output>
  </reporter-output>
  <suite started-at="2026-01-19T18:15:38 IST" name="Default suite" finished-at="2026-01-19T18:15:46 IST" duration-ms="8529">
    <groups>
    </groups>
    <test started-at="2026-01-19T18:15:38 IST" name="Default test" finished-at="2026-01-19T18:15:46 IST" duration-ms="8529">
      <class name="com.Settings.DepartmentGroup.verifyAddDepartmentGroup">
        <test-method is-config="true" signature="configBC()[pri:0, instance:com.Settings.DepartmentGroup.verifyAddDepartmentGroup@6236eb5f]" started-at="2026-01-19T18:15:38 IST" name="configBC" finished-at="2026-01-19T18:15:40 IST" duration-ms="1710" status="PASS">
          <reporter-output>
          </reporter-output>
        </test-method> <!-- configBC -->
        <test-method is-config="true" signature="configBM()[pri:0, instance:com.Settings.DepartmentGroup.verifyAddDepartmentGroup@6236eb5f]" started-at="2026-01-19T18:15:40 IST" name="configBM" finished-at="2026-01-19T18:15:44 IST" duration-ms="4259" status="PASS">
          <reporter-output>
          </reporter-output>
        </test-method> <!-- configBM -->
        <test-method signature="verifyAddDepartmentGroup()[pri:0, instance:com.Settings.DepartmentGroup.verifyAddDepartmentGroup@6236eb5f]" started-at="2026-01-19T18:15:44 IST" name="verifyAddDepartmentGroup" finished-at="2026-01-19T18:15:46 IST" duration-ms="2502" status="PASS">
          <reporter-output>
          </reporter-output>
        </test-method> <!-- verifyAddDepartmentGroup -->
        <test-method is-config="true" signature="configAS()[pri:0, instance:com.Settings.DepartmentGroup.verifyAddDepartmentGroup@6236eb5f]" started-at="2026-01-19T18:15:46 IST" name="configAS" finished-at="2026-01-19T18:15:46 IST" duration-ms="1" status="PASS">
          <reporter-output>
          </reporter-output>
        </test-method> <!-- configAS -->
      </class> <!-- com.Settings.DepartmentGroup.verifyAddDepartmentGroup -->
    </test> <!-- Default test -->
  </suite> <!-- Default suite -->
</testng-results>
