<?xml version="1.0" encoding="UTF-8"?>
<testng-results ignored="0" total="1" passed="1" failed="0" skipped="0">
  <reporter-output>
  </reporter-output>
  <suite started-at="2026-02-02T16:52:34 IST" name="Default suite" finished-at="2026-02-02T16:52:45 IST" duration-ms="11273">
    <groups>
    </groups>
    <test started-at="2026-02-02T16:52:34 IST" name="Default test" finished-at="2026-02-02T16:52:45 IST" duration-ms="11273">
      <class name="com.Settings.Departements.verifyDepartmentNameInputTest">
        <test-method is-config="true" signature="configBC()[pri:0, instance:com.Settings.Departements.verifyDepartmentNameInputTest@6236eb5f]" started-at="2026-02-02T16:52:34 IST" name="configBC" finished-at="2026-02-02T16:52:35 IST" duration-ms="1641" status="PASS">
          <reporter-output>
          </reporter-output>
        </test-method> <!-- configBC -->
        <test-method is-config="true" signature="configBM()[pri:0, instance:com.Settings.Departements.verifyDepartmentNameInputTest@6236eb5f]" started-at="2026-02-02T16:52:35 IST" name="configBM" finished-at="2026-02-02T16:52:37 IST" duration-ms="1860" status="PASS">
          <reporter-output>
          </reporter-output>
        </test-method> <!-- configBM -->
        <test-method signature="verifyRequiredFieldValidationTest()[pri:0, instance:com.Settings.Departements.verifyDepartmentNameInputTest@6236eb5f]" started-at="2026-02-02T16:52:37 IST" name="verifyRequiredFieldValidationTest" finished-at="2026-02-02T16:52:45 IST" duration-ms="7725" status="PASS">
          <reporter-output>
          </reporter-output>
        </test-method> <!-- verifyRequiredFieldValidationTest -->
        <test-method is-config="true" signature="configAS()[pri:0, instance:com.Settings.Departements.verifyDepartmentNameInputTest@6236eb5f]" started-at="2026-02-02T16:52:45 IST" name="configAS" finished-at="2026-02-02T16:52:45 IST" duration-ms="1" status="PASS">
          <reporter-output>
          </reporter-output>
        </test-method> <!-- configAS -->
      </class> <!-- com.Settings.Departements.verifyDepartmentNameInputTest -->
    </test> <!-- Default test -->
  </suite> <!-- Default suite -->
</testng-results>
