<?xml version="1.0" encoding="UTF-8"?>
<testng-results ignored="0" total="1" passed="1" failed="0" skipped="0">
  <reporter-output>
  </reporter-output>
  <suite started-at="2026-07-01T11:39:29 IST" name="Default suite" finished-at="2026-07-01T11:39:54 IST" duration-ms="25431">
    <groups>
    </groups>
    <test started-at="2026-07-01T11:39:29 IST" name="Default test" finished-at="2026-07-01T11:39:54 IST" duration-ms="25431">
      <class name="com.RCAReport.VerifyMachinewiseSummaryBarChart">
        <test-method is-config="true" signature="configBC()[pri:0, instance:com.RCAReport.VerifyMachinewiseSummaryBarChart@394a2528]" started-at="2026-07-01T11:39:29 IST" name="configBC" finished-at="2026-07-01T11:39:33 IST" duration-ms="4453" status="PASS">
          <reporter-output>
          </reporter-output>
        </test-method> <!-- configBC -->
        <test-method is-config="true" signature="configBM()[pri:0, instance:com.RCAReport.VerifyMachinewiseSummaryBarChart@394a2528]" started-at="2026-07-01T11:39:33 IST" name="configBM" finished-at="2026-07-01T11:39:36 IST" duration-ms="2502" status="PASS">
          <reporter-output>
          </reporter-output>
        </test-method> <!-- configBM -->
        <test-method signature="VerifytheSkus()[pri:0, instance:com.RCAReport.VerifyMachinewiseSummaryBarChart@394a2528]" started-at="2026-07-01T11:39:36 IST" name="VerifytheSkus" finished-at="2026-07-01T11:39:54 IST" duration-ms="18377" status="PASS">
          <reporter-output>
          </reporter-output>
        </test-method> <!-- VerifytheSkus -->
      </class> <!-- com.RCAReport.VerifyMachinewiseSummaryBarChart -->
    </test> <!-- Default test -->
  </suite> <!-- Default suite -->
</testng-results>
