<?xml version="1.0" encoding="UTF-8"?>
<testng-results ignored="0" total="43" passed="38" failed="5" skipped="0">
  <reporter-output>
  </reporter-output>
  <suite started-at="2026-02-20T15:36:07 IST" name="Suite" finished-at="2026-02-20T16:30:55 IST" duration-ms="3288298">
    <groups>
    </groups>
    <test started-at="2026-02-20T15:36:07 IST" name="Test" finished-at="2026-02-20T16:30:55 IST" duration-ms="3288298">
      <class name="com.DowntimeAnalysisPage.YearlyToMonthlyChartNavigationTest">
        <test-method is-config="true" signature="configBC()[pri:0, instance:com.DowntimeAnalysisPage.YearlyToMonthlyChartNavigationTest@33c2bd]" started-at="2026-02-20T16:24:43 IST" name="configBC" finished-at="2026-02-20T16:24:45 IST" duration-ms="1817" status="PASS">
          <reporter-output>
          </reporter-output>
        </test-method> <!-- configBC -->
        <test-method is-config="true" signature="configBM()[pri:0, instance:com.DowntimeAnalysisPage.YearlyToMonthlyChartNavigationTest@33c2bd]" started-at="2026-02-20T16:24:45 IST" name="configBM" finished-at="2026-02-20T16:24:47 IST" duration-ms="2109" status="PASS">
          <reporter-output>
          </reporter-output>
        </test-method> <!-- configBM -->
        <test-method signature="YearlyToMonthlyChartNavigationTest()[pri:0, instance:com.DowntimeAnalysisPage.YearlyToMonthlyChartNavigationTest@33c2bd]" started-at="2026-02-20T16:24:47 IST" name="YearlyToMonthlyChartNavigationTest" finished-at="2026-02-20T16:25:14 IST" duration-ms="26381" status="FAIL">
          <exception class="java.lang.AssertionError">
            <message>
              <![CDATA[Year-wise chart not expanded. expected [true] but found [false]]]>
            </message>
            <full-stacktrace>
              <![CDATA[java.lang.AssertionError: Year-wise chart not expanded. expected [true] but found [false]
at org.testng.Assert.fail(Assert.java:111)
at org.testng.Assert.failNotEquals(Assert.java:1590)
at org.testng.Assert.assertTrue(Assert.java:57)
at com.DowntimeAnalysisPage.YearlyToMonthlyChartNavigationTest.YearlyToMonthlyChartNavigationTest(YearlyToMonthlyChartNavigationTest.java:97)
at java.base/jdk.internal.reflect.DirectMethodHandleAccessor.invoke(DirectMethodHandleAccessor.java:103)
at java.base/java.lang.reflect.Method.invoke(Method.java:580)
at org.testng.internal.invokers.MethodInvocationHelper.invokeMethod(MethodInvocationHelper.java:141)
at org.testng.internal.invokers.TestInvoker.invokeMethod(TestInvoker.java:687)
at org.testng.internal.invokers.TestInvoker.invokeTestMethod(TestInvoker.java:230)
at org.testng.internal.invokers.MethodRunner.runInSequence(MethodRunner.java:63)
at org.testng.internal.invokers.TestInvoker$MethodInvocationAgent.invoke(TestInvoker.java:995)
at org.testng.internal.invokers.TestInvoker.invokeTestMethods(TestInvoker.java:203)
at org.testng.internal.invokers.TestMethodWorker.invokeTestMethods(TestMethodWorker.java:154)
at org.testng.internal.invokers.TestMethodWorker.run(TestMethodWorker.java:134)
at java.base/java.util.ArrayList.forEach(ArrayList.java:1596)
at org.testng.TestRunner.privateRun(TestRunner.java:741)
at org.testng.TestRunner.run(TestRunner.java:616)
at org.testng.SuiteRunner.runTest(SuiteRunner.java:421)
at org.testng.SuiteRunner.runSequentially(SuiteRunner.java:413)
at org.testng.SuiteRunner.privateRun(SuiteRunner.java:373)
at org.testng.SuiteRunner.run(SuiteRunner.java:312)
at org.testng.SuiteRunnerWorker.runSuite(SuiteRunnerWorker.java:52)
at org.testng.SuiteRunnerWorker.run(SuiteRunnerWorker.java:95)
at org.testng.TestNG.runSuitesSequentially(TestNG.java:1274)
at org.testng.TestNG.runSuitesLocally(TestNG.java:1208)
at org.testng.TestNG.runSuites(TestNG.java:1112)
at org.testng.TestNG.run(TestNG.java:1079)
at org.testng.remote.AbstractRemoteTestNG.run(AbstractRemoteTestNG.java:115)
at org.testng.remote.RemoteTestNG.initAndRun(RemoteTestNG.java:293)
at org.testng.remote.RemoteTestNG.main(RemoteTestNG.java:91)
]]>
            </full-stacktrace>
          </exception> <!-- java.lang.AssertionError -->
          <reporter-output>
          </reporter-output>
        </test-method> <!-- YearlyToMonthlyChartNavigationTest -->
        <test-method is-config="true" signature="configAM()[pri:0, instance:com.DowntimeAnalysisPage.YearlyToMonthlyChartNavigationTest@33c2bd]" started-at="2026-02-20T16:25:14 IST" name="configAM" finished-at="2026-02-20T16:25:14 IST" duration-ms="132" status="PASS">
          <reporter-output>
          </reporter-output>
        </test-method> <!-- configAM -->
        <test-method is-config="true" signature="configAC()[pri:0, instance:com.DowntimeAnalysisPage.YearlyToMonthlyChartNavigationTest@33c2bd]" started-at="2026-02-20T16:25:14 IST" name="configAC" finished-at="2026-02-20T16:25:14 IST" duration-ms="549" status="PASS">
          <reporter-output>
          </reporter-output>
        </test-method> <!-- configAC -->
      </class> <!-- com.DowntimeAnalysisPage.YearlyToMonthlyChartNavigationTest -->
      <class name="com.Settings.DepartmentGroup.verifySearchDepartmentGroupTest">
        <test-method is-config="true" signature="configBC()[pri:0, instance:com.Settings.DepartmentGroup.verifySearchDepartmentGroupTest@3aaf4f07]" started-at="2026-02-20T16:29:34 IST" name="configBC" finished-at="2026-02-20T16:29:36 IST" duration-ms="1767" status="PASS">
          <reporter-output>
          </reporter-output>
        </test-method> <!-- configBC -->
        <test-method is-config="true" signature="configBM()[pri:0, instance:com.Settings.DepartmentGroup.verifySearchDepartmentGroupTest@3aaf4f07]" started-at="2026-02-20T16:29:36 IST" name="configBM" finished-at="2026-02-20T16:29:37 IST" duration-ms="1881" status="PASS">
          <reporter-output>
          </reporter-output>
        </test-method> <!-- configBM -->
        <test-method signature="verifySearchDepartmentGroupTest()[pri:0, instance:com.Settings.DepartmentGroup.verifySearchDepartmentGroupTest@3aaf4f07]" started-at="2026-02-20T16:29:37 IST" name="verifySearchDepartmentGroupTest" finished-at="2026-02-20T16:30:01 IST" duration-ms="23608" status="PASS">
          <reporter-output>
          </reporter-output>
        </test-method> <!-- verifySearchDepartmentGroupTest -->
        <test-method is-config="true" signature="configAM()[pri:0, instance:com.Settings.DepartmentGroup.verifySearchDepartmentGroupTest@3aaf4f07]" started-at="2026-02-20T16:30:01 IST" name="configAM" finished-at="2026-02-20T16:30:01 IST" duration-ms="111" status="PASS">
          <reporter-output>
          </reporter-output>
        </test-method> <!-- configAM -->
        <test-method is-config="true" signature="configAC()[pri:0, instance:com.Settings.DepartmentGroup.verifySearchDepartmentGroupTest@3aaf4f07]" started-at="2026-02-20T16:30:01 IST" name="configAC" finished-at="2026-02-20T16:30:02 IST" duration-ms="523" status="PASS">
          <reporter-output>
          </reporter-output>
        </test-method> <!-- configAC -->
      </class> <!-- com.Settings.DepartmentGroup.verifySearchDepartmentGroupTest -->
      <class name="com.ReasonLinkingPage.ReasonLinkingSingleLinkTest">
        <test-method is-config="true" signature="configBC()[pri:0, instance:com.ReasonLinkingPage.ReasonLinkingSingleLinkTest@3704122f]" started-at="2026-02-20T16:30:19 IST" name="configBC" finished-at="2026-02-20T16:30:21 IST" duration-ms="1871" status="PASS">
          <reporter-output>
          </reporter-output>
        </test-method> <!-- configBC -->
        <test-method is-config="true" signature="configBM()[pri:0, instance:com.ReasonLinkingPage.ReasonLinkingSingleLinkTest@3704122f]" started-at="2026-02-20T16:30:21 IST" name="configBM" finished-at="2026-02-20T16:30:23 IST" duration-ms="1748" status="PASS">
          <reporter-output>
          </reporter-output>
        </test-method> <!-- configBM -->
        <test-method signature="ReasonLinkingFunctionalityTest()[pri:0, instance:com.ReasonLinkingPage.ReasonLinkingSingleLinkTest@3704122f]" started-at="2026-02-20T16:30:23 IST" name="ReasonLinkingFunctionalityTest" finished-at="2026-02-20T16:30:30 IST" duration-ms="7176" status="PASS">
          <reporter-output>
          </reporter-output>
        </test-method> <!-- ReasonLinkingFunctionalityTest -->
        <test-method is-config="true" signature="configAM()[pri:0, instance:com.ReasonLinkingPage.ReasonLinkingSingleLinkTest@3704122f]" started-at="2026-02-20T16:30:30 IST" name="configAM" finished-at="2026-02-20T16:30:31 IST" duration-ms="929" status="PASS">
          <reporter-output>
          </reporter-output>
        </test-method> <!-- configAM -->
        <test-method is-config="true" signature="configAC()[pri:0, instance:com.ReasonLinkingPage.ReasonLinkingSingleLinkTest@3704122f]" started-at="2026-02-20T16:30:31 IST" name="configAC" finished-at="2026-02-20T16:30:32 IST" duration-ms="403" status="PASS">
          <reporter-output>
          </reporter-output>
        </test-method> <!-- configAC -->
      </class> <!-- com.ReasonLinkingPage.ReasonLinkingSingleLinkTest -->
      <class name="com.ReasonLinkingPage.ReasonLinkingHandlingSourceFilterTest">
        <test-method is-config="true" signature="configBC()[pri:0, instance:com.ReasonLinkingPage.ReasonLinkingHandlingSourceFilterTest@182b435b]" started-at="2026-02-20T16:28:43 IST" name="configBC" finished-at="2026-02-20T16:28:45 IST" duration-ms="1717" status="PASS">
          <reporter-output>
          </reporter-output>
        </test-method> <!-- configBC -->
        <test-method is-config="true" signature="configBM()[pri:0, instance:com.ReasonLinkingPage.ReasonLinkingHandlingSourceFilterTest@182b435b]" started-at="2026-02-20T16:28:45 IST" name="configBM" finished-at="2026-02-20T16:28:47 IST" duration-ms="2611" status="PASS">
          <reporter-output>
          </reporter-output>
        </test-method> <!-- configBM -->
        <test-method signature="ReasonLinkingHandlingSourceFilterTest()[pri:0, instance:com.ReasonLinkingPage.ReasonLinkingHandlingSourceFilterTest@182b435b]" started-at="2026-02-20T16:28:47 IST" name="ReasonLinkingHandlingSourceFilterTest" finished-at="2026-02-20T16:28:53 IST" duration-ms="5354" status="PASS">
          <reporter-output>
          </reporter-output>
        </test-method> <!-- ReasonLinkingHandlingSourceFilterTest -->
        <test-method is-config="true" signature="configAM()[pri:0, instance:com.ReasonLinkingPage.ReasonLinkingHandlingSourceFilterTest@182b435b]" started-at="2026-02-20T16:28:53 IST" name="configAM" finished-at="2026-02-20T16:28:53 IST" duration-ms="100" status="PASS">
          <reporter-output>
          </reporter-output>
        </test-method> <!-- configAM -->
        <test-method is-config="true" signature="configAC()[pri:0, instance:com.ReasonLinkingPage.ReasonLinkingHandlingSourceFilterTest@182b435b]" started-at="2026-02-20T16:28:53 IST" name="configAC" finished-at="2026-02-20T16:28:53 IST" duration-ms="365" status="PASS">
          <reporter-output>
          </reporter-output>
        </test-method> <!-- configAC -->
      </class> <!-- com.ReasonLinkingPage.ReasonLinkingHandlingSourceFilterTest -->
      <class name="com.Settings.DepartmentGroup.verifyNameTextboxBehaviorTest">
        <test-method is-config="true" signature="configBC()[pri:0, instance:com.Settings.DepartmentGroup.verifyNameTextboxBehaviorTest@27dc79f7]" started-at="2026-02-20T16:28:14 IST" name="configBC" finished-at="2026-02-20T16:28:16 IST" duration-ms="1844" status="PASS">
          <reporter-output>
          </reporter-output>
        </test-method> <!-- configBC -->
        <test-method is-config="true" signature="configBM()[pri:0, instance:com.Settings.DepartmentGroup.verifyNameTextboxBehaviorTest@27dc79f7]" started-at="2026-02-20T16:28:16 IST" name="configBM" finished-at="2026-02-20T16:28:18 IST" duration-ms="1621" status="PASS">
          <reporter-output>
          </reporter-output>
        </test-method> <!-- configBM -->
        <test-method signature="verifyNameTextboxBehaviorTest()[pri:0, instance:com.Settings.DepartmentGroup.verifyNameTextboxBehaviorTest@27dc79f7]" started-at="2026-02-20T16:28:18 IST" name="verifyNameTextboxBehaviorTest" finished-at="2026-02-20T16:28:42 IST" duration-ms="24622" status="PASS">
          <reporter-output>
          </reporter-output>
        </test-method> <!-- verifyNameTextboxBehaviorTest -->
        <test-method is-config="true" signature="configAM()[pri:0, instance:com.Settings.DepartmentGroup.verifyNameTextboxBehaviorTest@27dc79f7]" started-at="2026-02-20T16:28:42 IST" name="configAM" finished-at="2026-02-20T16:28:42 IST" duration-ms="109" status="PASS">
          <reporter-output>
          </reporter-output>
        </test-method> <!-- configAM -->
        <test-method is-config="true" signature="configAC()[pri:0, instance:com.Settings.DepartmentGroup.verifyNameTextboxBehaviorTest@27dc79f7]" started-at="2026-02-20T16:28:42 IST" name="configAC" finished-at="2026-02-20T16:28:43 IST" duration-ms="524" status="PASS">
          <reporter-output>
          </reporter-output>
        </test-method> <!-- configAC -->
      </class> <!-- com.Settings.DepartmentGroup.verifyNameTextboxBehaviorTest -->
      <class name="com.ReasonLinkingPage.ReasonLinkingNavigationTest">
        <test-method is-config="true" signature="configBC()[pri:0, instance:com.ReasonLinkingPage.ReasonLinkingNavigationTest@7577b641]" started-at="2026-02-20T16:30:11 IST" name="configBC" finished-at="2026-02-20T16:30:12 IST" duration-ms="1816" status="PASS">
          <reporter-output>
          </reporter-output>
        </test-method> <!-- configBC -->
        <test-method is-config="true" signature="configBM()[pri:0, instance:com.ReasonLinkingPage.ReasonLinkingNavigationTest@7577b641]" started-at="2026-02-20T16:30:12 IST" name="configBM" finished-at="2026-02-20T16:30:14 IST" duration-ms="2070" status="PASS">
          <reporter-output>
          </reporter-output>
        </test-method> <!-- configBM -->
        <test-method signature="ReasonLinkingNavigationTest()[pri:0, instance:com.ReasonLinkingPage.ReasonLinkingNavigationTest@7577b641]" started-at="2026-02-20T16:30:14 IST" name="ReasonLinkingNavigationTest" finished-at="2026-02-20T16:30:19 IST" duration-ms="4333" status="PASS">
          <reporter-output>
          </reporter-output>
        </test-method> <!-- ReasonLinkingNavigationTest -->
        <test-method is-config="true" signature="configAM()[pri:0, instance:com.ReasonLinkingPage.ReasonLinkingNavigationTest@7577b641]" started-at="2026-02-20T16:30:19 IST" name="configAM" finished-at="2026-02-20T16:30:19 IST" duration-ms="228" status="PASS">
          <reporter-output>
          </reporter-output>
        </test-method> <!-- configAM -->
        <test-method is-config="true" signature="configAC()[pri:0, instance:com.ReasonLinkingPage.ReasonLinkingNavigationTest@7577b641]" started-at="2026-02-20T16:30:19 IST" name="configAC" finished-at="2026-02-20T16:30:19 IST" duration-ms="466" status="PASS">
          <reporter-output>
          </reporter-output>
        </test-method> <!-- configAC -->
      </class> <!-- com.ReasonLinkingPage.ReasonLinkingNavigationTest -->
      <class name="com.ReasonLinkingPage.ReasonLinkingCombinedTest">
        <test-method is-config="true" signature="configBC()[pri:0, instance:com.ReasonLinkingPage.ReasonLinkingCombinedTest@475b7792]" started-at="2026-02-20T16:24:35 IST" name="configBC" finished-at="2026-02-20T16:24:37 IST" duration-ms="1732" status="PASS">
          <reporter-output>
          </reporter-output>
        </test-method> <!-- configBC -->
        <test-method is-config="true" signature="configBM()[pri:0, instance:com.ReasonLinkingPage.ReasonLinkingCombinedTest@475b7792]" started-at="2026-02-20T16:24:37 IST" name="configBM" finished-at="2026-02-20T16:24:39 IST" duration-ms="1943" status="PASS">
          <reporter-output>
          </reporter-output>
        </test-method> <!-- configBM -->
        <test-method signature="ReasonLinkingCombinedTest()[pri:0, instance:com.ReasonLinkingPage.ReasonLinkingCombinedTest@475b7792]" started-at="2026-02-20T16:24:39 IST" name="ReasonLinkingCombinedTest" finished-at="2026-02-20T16:24:43 IST" duration-ms="4321" status="PASS">
          <reporter-output>
          </reporter-output>
        </test-method> <!-- ReasonLinkingCombinedTest -->
        <test-method is-config="true" signature="configAM()[pri:0, instance:com.ReasonLinkingPage.ReasonLinkingCombinedTest@475b7792]" started-at="2026-02-20T16:24:43 IST" name="configAM" finished-at="2026-02-20T16:24:43 IST" duration-ms="190" status="PASS">
          <reporter-output>
          </reporter-output>
        </test-method> <!-- configAM -->
        <test-method is-config="true" signature="configAC()[pri:0, instance:com.ReasonLinkingPage.ReasonLinkingCombinedTest@475b7792]" started-at="2026-02-20T16:24:43 IST" name="configAC" finished-at="2026-02-20T16:24:43 IST" duration-ms="358" status="PASS">
          <reporter-output>
          </reporter-output>
        </test-method> <!-- configAC -->
      </class> <!-- com.ReasonLinkingPage.ReasonLinkingCombinedTest -->
      <class name="com.Settings.DepartmentGroup.verifyAddDepartmentGroupTest">
        <test-method is-config="true" signature="configBC()[pri:0, instance:com.Settings.DepartmentGroup.verifyAddDepartmentGroupTest@7bd69e82]" started-at="2026-02-20T15:50:18 IST" name="configBC" finished-at="2026-02-20T15:50:19 IST" duration-ms="1228" status="PASS">
          <reporter-output>
          </reporter-output>
        </test-method> <!-- configBC -->
        <test-method is-config="true" signature="configBM()[pri:0, instance:com.Settings.DepartmentGroup.verifyAddDepartmentGroupTest@7bd69e82]" started-at="2026-02-20T15:50:19 IST" name="configBM" finished-at="2026-02-20T15:50:21 IST" duration-ms="2020" status="PASS">
          <reporter-output>
          </reporter-output>
        </test-method> <!-- configBM -->
        <test-method signature="verifyAddDepartmentGroupTest()[pri:0, instance:com.Settings.DepartmentGroup.verifyAddDepartmentGroupTest@7bd69e82]" started-at="2026-02-20T15:50:21 IST" name="verifyAddDepartmentGroupTest" finished-at="2026-02-20T16:21:56 IST" duration-ms="1895159" status="FAIL">
          <exception class="org.openqa.selenium.NoSuchElementException">
            <message>
              <![CDATA[no such element: Unable to locate element: {"method":"xpath","selector":"//input[@placeholder="Department Group Name"]"}
  (Session info: chrome=145.0.7632.109)
For documentation on this error, please visit: https://www.selenium.dev/documentation/webdriver/troubleshooting/errors#nosuchelementexception
Build info: version: '4.38.0', revision: '6b412e825c'
System info: os.name: 'Windows 11', os.arch: 'amd64', os.version: '10.0', java.version: '21.0.9'
Driver info: org.openqa.selenium.chrome.ChromeDriver
Command: [c4f811f82ef574e10ef743da3f958bfe, findElement {value=//input[@placeholder="Department Group Name"], using=xpath}]
Capabilities {acceptInsecureCerts: false, browserName: chrome, browserVersion: 145.0.7632.109, chrome: {chromedriverVersion: 145.0.7632.77 (da516187054a..., userDataDir: C:\Users\W066520\AppData\Lo...}, fedcm:accounts: true, goog:chromeOptions: {debuggerAddress: localhost:53647}, goog:processID: 7376, networkConnectionEnabled: false, pageLoadStrategy: normal, platformName: windows, proxy: Proxy(), se:cdp: ws://localhost:53647/devtoo..., se:cdpVersion: 145.0.7632.109, setWindowRect: true, strictFileInteractability: false, timeouts: {implicit: 0, pageLoad: 300000, script: 30000}, unhandledPromptBehavior: dismiss and notify, webauthn:extension:credBlob: true, webauthn:extension:largeBlob: true, webauthn:extension:minPinLength: true, webauthn:extension:prf: true, webauthn:virtualAuthenticators: true}
Session ID: c4f811f82ef574e10ef743da3f958bfe]]>
            </message>
            <full-stacktrace>
              <![CDATA[org.openqa.selenium.NoSuchElementException: no such element: Unable to locate element: {"method":"xpath","selector":"//input[@placeholder="Department Group Name"]"}
  (Session info: chrome=145.0.7632.109)
For documentation on this error, please visit: https://www.selenium.dev/documentation/webdriver/troubleshooting/errors#nosuchelementexception
Build info: version: '4.38.0', revision: '6b412e825c'
System info: os.name: 'Windows 11', os.arch: 'amd64', os.version: '10.0', java.version: '21.0.9'
Driver info: org.openqa.selenium.chrome.ChromeDriver
Command: [c4f811f82ef574e10ef743da3f958bfe, findElement {value=//input[@placeholder="Department Group Name"], using=xpath}]
Capabilities {acceptInsecureCerts: false, browserName: chrome, browserVersion: 145.0.7632.109, chrome: {chromedriverVersion: 145.0.7632.77 (da516187054a..., userDataDir: C:\Users\W066520\AppData\Lo...}, fedcm:accounts: true, goog:chromeOptions: {debuggerAddress: localhost:53647}, goog:processID: 7376, networkConnectionEnabled: false, pageLoadStrategy: normal, platformName: windows, proxy: Proxy(), se:cdp: ws://localhost:53647/devtoo..., se:cdpVersion: 145.0.7632.109, setWindowRect: true, strictFileInteractability: false, timeouts: {implicit: 0, pageLoad: 300000, script: 30000}, unhandledPromptBehavior: dismiss and notify, webauthn:extension:credBlob: true, webauthn:extension:largeBlob: true, webauthn:extension:minPinLength: true, webauthn:extension:prf: true, webauthn:virtualAuthenticators: true}
Session ID: c4f811f82ef574e10ef743da3f958bfe
at java.base/jdk.internal.reflect.DirectConstructorHandleAccessor.newInstance(DirectConstructorHandleAccessor.java:62)
at java.base/java.lang.reflect.Constructor.newInstanceWithCaller(Constructor.java:502)
at java.base/java.lang.reflect.Constructor.newInstance(Constructor.java:486)
at org.openqa.selenium.remote.ErrorCodec.decode(ErrorCodec.java:167)
at org.openqa.selenium.remote.codec.w3c.W3CHttpResponseCodec.decode(W3CHttpResponseCodec.java:138)
at org.openqa.selenium.remote.codec.w3c.W3CHttpResponseCodec.decode(W3CHttpResponseCodec.java:50)
at org.openqa.selenium.remote.HttpCommandExecutor.execute(HttpCommandExecutor.java:215)
at org.openqa.selenium.remote.service.DriverCommandExecutor.invokeExecute(DriverCommandExecutor.java:216)
at org.openqa.selenium.remote.service.DriverCommandExecutor.execute(DriverCommandExecutor.java:174)
at org.openqa.selenium.remote.RemoteWebDriver.execute(RemoteWebDriver.java:557)
at org.openqa.selenium.remote.ElementLocation$ElementFinder$2.findElement(ElementLocation.java:165)
at org.openqa.selenium.remote.ElementLocation.findElement(ElementLocation.java:59)
at org.openqa.selenium.remote.RemoteWebDriver.findElement(RemoteWebDriver.java:380)
at org.openqa.selenium.remote.RemoteWebDriver.findElement(RemoteWebDriver.java:374)
at org.openqa.selenium.support.pagefactory.DefaultElementLocator.findElement(DefaultElementLocator.java:68)
at org.openqa.selenium.support.pagefactory.internal.LocatingElementHandler.invoke(LocatingElementHandler.java:38)
at jdk.proxy2/jdk.proxy2.$Proxy17.sendKeys(Unknown Source)
at com.Settings.DepartmentGroup.verifyAddDepartmentGroupTest.verifyAddDepartmentGroupTest(verifyAddDepartmentGroupTest.java:84)
at java.base/jdk.internal.reflect.DirectMethodHandleAccessor.invoke(DirectMethodHandleAccessor.java:103)
at java.base/java.lang.reflect.Method.invoke(Method.java:580)
at org.testng.internal.invokers.MethodInvocationHelper.invokeMethod(MethodInvocationHelper.java:141)
at org.testng.internal.invokers.TestInvoker.invokeMethod(TestInvoker.java:687)
at org.testng.internal.invokers.TestInvoker.invokeTestMethod(TestInvoker.java:230)
at org.testng.internal.invokers.MethodRunner.runInSequence(MethodRunner.java:63)
at org.testng.internal.invokers.TestInvoker$MethodInvocationAgent.invoke(TestInvoker.java:995)
at org.testng.internal.invokers.TestInvoker.invokeTestMethods(TestInvoker.java:203)
at org.testng.internal.invokers.TestMethodWorker.invokeTestMethods(TestMethodWorker.java:154)
at org.testng.internal.invokers.TestMethodWorker.run(TestMethodWorker.java:134)
at java.base/java.util.ArrayList.forEach(ArrayList.java:1596)
at org.testng.TestRunner.privateRun(TestRunner.java:741)
at org.testng.TestRunner.run(TestRunner.java:616)
at org.testng.SuiteRunner.runTest(SuiteRunner.java:421)
at org.testng.SuiteRunner.runSequentially(SuiteRunner.java:413)
at org.testng.SuiteRunner.privateRun(SuiteRunner.java:373)
at org.testng.SuiteRunner.run(SuiteRunner.java:312)
at org.testng.SuiteRunnerWorker.runSuite(SuiteRunnerWorker.java:52)
at org.testng.SuiteRunnerWorker.run(SuiteRunnerWorker.java:95)
at org.testng.TestNG.runSuitesSequentially(TestNG.java:1274)
at org.testng.TestNG.runSuitesLocally(TestNG.java:1208)
at org.testng.TestNG.runSuites(TestNG.java:1112)
at org.testng.TestNG.run(TestNG.java:1079)
at org.testng.remote.AbstractRemoteTestNG.run(AbstractRemoteTestNG.java:115)
at org.testng.remote.RemoteTestNG.initAndRun(RemoteTestNG.java:293)
at org.testng.remote.RemoteTestNG.main(RemoteTestNG.java:91)
]]>
            </full-stacktrace>
          </exception> <!-- org.openqa.selenium.NoSuchElementException -->
          <reporter-output>
          </reporter-output>
        </test-method> <!-- verifyAddDepartmentGroupTest -->
        <test-method is-config="true" signature="configAM()[pri:0, instance:com.Settings.DepartmentGroup.verifyAddDepartmentGroupTest@7bd69e82]" started-at="2026-02-20T16:21:56 IST" name="configAM" finished-at="2026-02-20T16:21:56 IST" duration-ms="133" status="PASS">
          <reporter-output>
          </reporter-output>
        </test-method> <!-- configAM -->
        <test-method is-config="true" signature="configAC()[pri:0, instance:com.Settings.DepartmentGroup.verifyAddDepartmentGroupTest@7bd69e82]" started-at="2026-02-20T16:21:56 IST" name="configAC" finished-at="2026-02-20T16:21:57 IST" duration-ms="699" status="PASS">
          <reporter-output>
          </reporter-output>
        </test-method> <!-- configAC -->
      </class> <!-- com.Settings.DepartmentGroup.verifyAddDepartmentGroupTest -->
      <class name="com.DowntimeAnalysisPage.DowntimeAnalysisDropdownValidationTest">
        <test-method is-config="true" signature="configBC()[pri:0, instance:com.DowntimeAnalysisPage.DowntimeAnalysisDropdownValidationTest@ea27e34]" started-at="2026-02-20T15:47:37 IST" name="configBC" finished-at="2026-02-20T15:47:39 IST" duration-ms="1397" status="PASS">
          <reporter-output>
          </reporter-output>
        </test-method> <!-- configBC -->
        <test-method is-config="true" signature="configBM()[pri:0, instance:com.DowntimeAnalysisPage.DowntimeAnalysisDropdownValidationTest@ea27e34]" started-at="2026-02-20T15:47:39 IST" name="configBM" finished-at="2026-02-20T15:47:41 IST" duration-ms="1878" status="PASS">
          <reporter-output>
          </reporter-output>
        </test-method> <!-- configBM -->
        <test-method signature="DowntimeAnalysisDropdownValidationTest()[pri:0, instance:com.DowntimeAnalysisPage.DowntimeAnalysisDropdownValidationTest@ea27e34]" started-at="2026-02-20T15:47:41 IST" name="DowntimeAnalysisDropdownValidationTest" finished-at="2026-02-20T15:47:47 IST" duration-ms="6239" status="FAIL">
          <exception class="org.openqa.selenium.NoSuchElementException">
            <message>
              <![CDATA[no such element: Unable to locate element: {"method":"xpath","selector":"//select[@name="department_grp_id"]"}
  (Session info: chrome=145.0.7632.109)
For documentation on this error, please visit: https://www.selenium.dev/documentation/webdriver/troubleshooting/errors#nosuchelementexception
Build info: version: '4.38.0', revision: '6b412e825c'
System info: os.name: 'Windows 11', os.arch: 'amd64', os.version: '10.0', java.version: '21.0.9'
Driver info: org.openqa.selenium.chrome.ChromeDriver
Command: [4269a5566e8407ff74e63d9e88df8a13, findElement {value=//select[@name="department_grp_id"], using=xpath}]
Capabilities {acceptInsecureCerts: false, browserName: chrome, browserVersion: 145.0.7632.109, chrome: {chromedriverVersion: 145.0.7632.77 (da516187054a..., userDataDir: C:\Users\W066520\AppData\Lo...}, fedcm:accounts: true, goog:chromeOptions: {debuggerAddress: localhost:63179}, goog:processID: 35504, networkConnectionEnabled: false, pageLoadStrategy: normal, platformName: windows, proxy: Proxy(), se:cdp: ws://localhost:63179/devtoo..., se:cdpVersion: 145.0.7632.109, setWindowRect: true, strictFileInteractability: false, timeouts: {implicit: 0, pageLoad: 300000, script: 30000}, unhandledPromptBehavior: dismiss and notify, webauthn:extension:credBlob: true, webauthn:extension:largeBlob: true, webauthn:extension:minPinLength: true, webauthn:extension:prf: true, webauthn:virtualAuthenticators: true}
Session ID: 4269a5566e8407ff74e63d9e88df8a13]]>
            </message>
            <full-stacktrace>
              <![CDATA[org.openqa.selenium.NoSuchElementException: no such element: Unable to locate element: {"method":"xpath","selector":"//select[@name="department_grp_id"]"}
  (Session info: chrome=145.0.7632.109)
For documentation on this error, please visit: https://www.selenium.dev/documentation/webdriver/troubleshooting/errors#nosuchelementexception
Build info: version: '4.38.0', revision: '6b412e825c'
System info: os.name: 'Windows 11', os.arch: 'amd64', os.version: '10.0', java.version: '21.0.9'
Driver info: org.openqa.selenium.chrome.ChromeDriver
Command: [4269a5566e8407ff74e63d9e88df8a13, findElement {value=//select[@name="department_grp_id"], using=xpath}]
Capabilities {acceptInsecureCerts: false, browserName: chrome, browserVersion: 145.0.7632.109, chrome: {chromedriverVersion: 145.0.7632.77 (da516187054a..., userDataDir: C:\Users\W066520\AppData\Lo...}, fedcm:accounts: true, goog:chromeOptions: {debuggerAddress: localhost:63179}, goog:processID: 35504, networkConnectionEnabled: false, pageLoadStrategy: normal, platformName: windows, proxy: Proxy(), se:cdp: ws://localhost:63179/devtoo..., se:cdpVersion: 145.0.7632.109, setWindowRect: true, strictFileInteractability: false, timeouts: {implicit: 0, pageLoad: 300000, script: 30000}, unhandledPromptBehavior: dismiss and notify, webauthn:extension:credBlob: true, webauthn:extension:largeBlob: true, webauthn:extension:minPinLength: true, webauthn:extension:prf: true, webauthn:virtualAuthenticators: true}
Session ID: 4269a5566e8407ff74e63d9e88df8a13
at java.base/jdk.internal.reflect.DirectConstructorHandleAccessor.newInstance(DirectConstructorHandleAccessor.java:62)
at java.base/java.lang.reflect.Constructor.newInstanceWithCaller(Constructor.java:502)
at java.base/java.lang.reflect.Constructor.newInstance(Constructor.java:486)
at org.openqa.selenium.remote.ErrorCodec.decode(ErrorCodec.java:167)
at org.openqa.selenium.remote.codec.w3c.W3CHttpResponseCodec.decode(W3CHttpResponseCodec.java:138)
at org.openqa.selenium.remote.codec.w3c.W3CHttpResponseCodec.decode(W3CHttpResponseCodec.java:50)
at org.openqa.selenium.remote.HttpCommandExecutor.execute(HttpCommandExecutor.java:215)
at org.openqa.selenium.remote.service.DriverCommandExecutor.invokeExecute(DriverCommandExecutor.java:216)
at org.openqa.selenium.remote.service.DriverCommandExecutor.execute(DriverCommandExecutor.java:174)
at org.openqa.selenium.remote.RemoteWebDriver.execute(RemoteWebDriver.java:557)
at org.openqa.selenium.remote.ElementLocation$ElementFinder$2.findElement(ElementLocation.java:165)
at org.openqa.selenium.remote.ElementLocation.findElement(ElementLocation.java:59)
at org.openqa.selenium.remote.RemoteWebDriver.findElement(RemoteWebDriver.java:380)
at org.openqa.selenium.remote.RemoteWebDriver.findElement(RemoteWebDriver.java:374)
at org.openqa.selenium.support.pagefactory.DefaultElementLocator.findElement(DefaultElementLocator.java:68)
at org.openqa.selenium.support.pagefactory.internal.LocatingElementHandler.invoke(LocatingElementHandler.java:38)
at jdk.proxy2/jdk.proxy2.$Proxy17.isEnabled(Unknown Source)
at org.openqa.selenium.support.ui.Select.assertSelectIsEnabled(Select.java:408)
at org.openqa.selenium.support.ui.Select.selectByVisibleText(Select.java:343)
at org.openqa.selenium.support.ui.Select.selectByVisibleText(Select.java:125)
at com.sgplus.erp.genericutility.WebDriverUtility.select(WebDriverUtility.java:106)
at com.DowntimeAnalysisPage.DowntimeAnalysisDropdownValidationTest.DowntimeAnalysisDropdownValidationTest(DowntimeAnalysisDropdownValidationTest.java:83)
at java.base/jdk.internal.reflect.DirectMethodHandleAccessor.invoke(DirectMethodHandleAccessor.java:103)
at java.base/java.lang.reflect.Method.invoke(Method.java:580)
at org.testng.internal.invokers.MethodInvocationHelper.invokeMethod(MethodInvocationHelper.java:141)
at org.testng.internal.invokers.TestInvoker.invokeMethod(TestInvoker.java:687)
at org.testng.internal.invokers.TestInvoker.invokeTestMethod(TestInvoker.java:230)
at org.testng.internal.invokers.MethodRunner.runInSequence(MethodRunner.java:63)
at org.testng.internal.invokers.TestInvoker$MethodInvocationAgent.invoke(TestInvoker.java:995)
at org.testng.internal.invokers.TestInvoker.invokeTestMethods(TestInvoker.java:203)
at org.testng.internal.invokers.TestMethodWorker.invokeTestMethods(TestMethodWorker.java:154)
at org.testng.internal.invokers.TestMethodWorker.run(TestMethodWorker.java:134)
at java.base/java.util.ArrayList.forEach(ArrayList.java:1596)
at org.testng.TestRunner.privateRun(TestRunner.java:741)
at org.testng.TestRunner.run(TestRunner.java:616)
at org.testng.SuiteRunner.runTest(SuiteRunner.java:421)
at org.testng.SuiteRunner.runSequentially(SuiteRunner.java:413)
at org.testng.SuiteRunner.privateRun(SuiteRunner.java:373)
at org.testng.SuiteRunner.run(SuiteRunner.java:312)
at org.testng.SuiteRunnerWorker.runSuite(SuiteRunnerWorker.java:52)
at org.testng.SuiteRunnerWorker.run(SuiteRunnerWorker.java:95)
at org.testng.TestNG.runSuitesSequentially(TestNG.java:1274)
at org.testng.TestNG.runSuitesLocally(TestNG.java:1208)
at org.testng.TestNG.runSuites(TestNG.java:1112)
at org.testng.TestNG.run(TestNG.java:1079)
at org.testng.remote.AbstractRemoteTestNG.run(AbstractRemoteTestNG.java:115)
at org.testng.remote.RemoteTestNG.initAndRun(RemoteTestNG.java:293)
at org.testng.remote.RemoteTestNG.main(RemoteTestNG.java:91)
]]>
            </full-stacktrace>
          </exception> <!-- org.openqa.selenium.NoSuchElementException -->
          <reporter-output>
          </reporter-output>
        </test-method> <!-- DowntimeAnalysisDropdownValidationTest -->
        <test-method is-config="true" signature="configAM()[pri:0, instance:com.DowntimeAnalysisPage.DowntimeAnalysisDropdownValidationTest@ea27e34]" started-at="2026-02-20T15:47:47 IST" name="configAM" finished-at="2026-02-20T15:47:47 IST" duration-ms="86" status="PASS">
          <reporter-output>
          </reporter-output>
        </test-method> <!-- configAM -->
        <test-method is-config="true" signature="configAC()[pri:0, instance:com.DowntimeAnalysisPage.DowntimeAnalysisDropdownValidationTest@ea27e34]" started-at="2026-02-20T15:47:47 IST" name="configAC" finished-at="2026-02-20T15:47:47 IST" duration-ms="281" status="PASS">
          <reporter-output>
          </reporter-output>
        </test-method> <!-- configAC -->
      </class> <!-- com.DowntimeAnalysisPage.DowntimeAnalysisDropdownValidationTest -->
      <class name="com.DowntimeShiftview.VerifyNavigationToShiftViewPageTest">
        <test-method is-config="true" signature="configBC()[pri:0, instance:com.DowntimeShiftview.VerifyNavigationToShiftViewPageTest@1dfd5f51]" started-at="2026-02-20T15:47:47 IST" name="configBC" finished-at="2026-02-20T15:47:48 IST" duration-ms="1298" status="PASS">
          <reporter-output>
          </reporter-output>
        </test-method> <!-- configBC -->
        <test-method is-config="true" signature="configBM()[pri:0, instance:com.DowntimeShiftview.VerifyNavigationToShiftViewPageTest@1dfd5f51]" started-at="2026-02-20T15:47:48 IST" name="configBM" finished-at="2026-02-20T15:47:50 IST" duration-ms="1663" status="PASS">
          <reporter-output>
          </reporter-output>
        </test-method> <!-- configBM -->
        <test-method signature="VerifyNavigationToShiftViewPageTest()[pri:0, instance:com.DowntimeShiftview.VerifyNavigationToShiftViewPageTest@1dfd5f51]" started-at="2026-02-20T15:47:50 IST" name="VerifyNavigationToShiftViewPageTest" finished-at="2026-02-20T15:47:54 IST" duration-ms="4375" status="PASS">
          <reporter-output>
          </reporter-output>
        </test-method> <!-- VerifyNavigationToShiftViewPageTest -->
        <test-method is-config="true" signature="configAM()[pri:0, instance:com.DowntimeShiftview.VerifyNavigationToShiftViewPageTest@1dfd5f51]" started-at="2026-02-20T15:47:54 IST" name="configAM" finished-at="2026-02-20T15:47:55 IST" duration-ms="88" status="PASS">
          <reporter-output>
          </reporter-output>
        </test-method> <!-- configAM -->
        <test-method is-config="true" signature="configAC()[pri:0, instance:com.DowntimeShiftview.VerifyNavigationToShiftViewPageTest@1dfd5f51]" started-at="2026-02-20T15:47:55 IST" name="configAC" finished-at="2026-02-20T15:47:55 IST" duration-ms="262" status="PASS">
          <reporter-output>
          </reporter-output>
        </test-method> <!-- configAC -->
      </class> <!-- com.DowntimeShiftview.VerifyNavigationToShiftViewPageTest -->
      <class name="com.DowntimeModule.DowntimeDashboardDataValidationTest">
        <test-method is-config="true" signature="configBC()[pri:0, instance:com.DowntimeModule.DowntimeDashboardDataValidationTest@512d92b]" started-at="2026-02-20T15:48:50 IST" name="configBC" finished-at="2026-02-20T15:48:51 IST" duration-ms="1346" status="PASS">
          <reporter-output>
          </reporter-output>
        </test-method> <!-- configBC -->
        <test-method is-config="true" signature="configBM()[pri:0, instance:com.DowntimeModule.DowntimeDashboardDataValidationTest@512d92b]" started-at="2026-02-20T15:48:51 IST" name="configBM" finished-at="2026-02-20T15:48:53 IST" duration-ms="1742" status="PASS">
          <reporter-output>
          </reporter-output>
        </test-method> <!-- configBM -->
        <test-method signature="DowntimeDashboardDataValidationTest()[pri:0, instance:com.DowntimeModule.DowntimeDashboardDataValidationTest@512d92b]" started-at="2026-02-20T15:48:53 IST" name="DowntimeDashboardDataValidationTest" finished-at="2026-02-20T15:49:04 IST" duration-ms="11339" status="PASS">
          <reporter-output>
          </reporter-output>
        </test-method> <!-- DowntimeDashboardDataValidationTest -->
        <test-method is-config="true" signature="configAM()[pri:0, instance:com.DowntimeModule.DowntimeDashboardDataValidationTest@512d92b]" started-at="2026-02-20T15:49:04 IST" name="configAM" finished-at="2026-02-20T15:49:04 IST" duration-ms="102" status="PASS">
          <reporter-output>
          </reporter-output>
        </test-method> <!-- configAM -->
        <test-method is-config="true" signature="configAC()[pri:0, instance:com.DowntimeModule.DowntimeDashboardDataValidationTest@512d92b]" started-at="2026-02-20T15:49:04 IST" name="configAC" finished-at="2026-02-20T15:49:05 IST" duration-ms="386" status="PASS">
          <reporter-output>
          </reporter-output>
        </test-method> <!-- configAC -->
      </class> <!-- com.DowntimeModule.DowntimeDashboardDataValidationTest -->
      <class name="com.ReasonLinkingPage.ReasonLinkingFilterDataValidationTest">
        <test-method is-config="true" signature="configBC()[pri:0, instance:com.ReasonLinkingPage.ReasonLinkingFilterDataValidationTest@160c3ec1]" started-at="2026-02-20T16:27:39 IST" name="configBC" finished-at="2026-02-20T16:27:40 IST" duration-ms="1756" status="PASS">
          <reporter-output>
          </reporter-output>
        </test-method> <!-- configBC -->
        <test-method is-config="true" signature="configBM()[pri:0, instance:com.ReasonLinkingPage.ReasonLinkingFilterDataValidationTest@160c3ec1]" started-at="2026-02-20T16:27:40 IST" name="configBM" finished-at="2026-02-20T16:27:42 IST" duration-ms="1883" status="PASS">
          <reporter-output>
          </reporter-output>
        </test-method> <!-- configBM -->
        <test-method signature="ReasonLinkingFilterDataValidationTest()[pri:0, instance:com.ReasonLinkingPage.ReasonLinkingFilterDataValidationTest@160c3ec1]" started-at="2026-02-20T16:27:42 IST" name="ReasonLinkingFilterDataValidationTest" finished-at="2026-02-20T16:27:46 IST" duration-ms="3410" status="PASS">
          <reporter-output>
          </reporter-output>
        </test-method> <!-- ReasonLinkingFilterDataValidationTest -->
        <test-method is-config="true" signature="configAM()[pri:0, instance:com.ReasonLinkingPage.ReasonLinkingFilterDataValidationTest@160c3ec1]" started-at="2026-02-20T16:27:46 IST" name="configAM" finished-at="2026-02-20T16:27:46 IST" duration-ms="145" status="PASS">
          <reporter-output>
          </reporter-output>
        </test-method> <!-- configAM -->
        <test-method is-config="true" signature="configAC()[pri:0, instance:com.ReasonLinkingPage.ReasonLinkingFilterDataValidationTest@160c3ec1]" started-at="2026-02-20T16:27:46 IST" name="configAC" finished-at="2026-02-20T16:27:46 IST" duration-ms="384" status="PASS">
          <reporter-output>
          </reporter-output>
        </test-method> <!-- configAC -->
      </class> <!-- com.ReasonLinkingPage.ReasonLinkingFilterDataValidationTest -->
      <class name="com.ReasonLinkingPage.ReasonLinkingCombinedExportTest">
        <test-method is-config="true" signature="configBC()[pri:0, instance:com.ReasonLinkingPage.ReasonLinkingCombinedExportTest@47d93e0d]" started-at="2026-02-20T16:22:08 IST" name="configBC" finished-at="2026-02-20T16:22:09 IST" duration-ms="1775" status="PASS">
          <reporter-output>
          </reporter-output>
        </test-method> <!-- configBC -->
        <test-method is-config="true" signature="configBM()[pri:0, instance:com.ReasonLinkingPage.ReasonLinkingCombinedExportTest@47d93e0d]" started-at="2026-02-20T16:22:09 IST" name="configBM" finished-at="2026-02-20T16:22:12 IST" duration-ms="2056" status="PASS">
          <reporter-output>
          </reporter-output>
        </test-method> <!-- configBM -->
        <test-method signature="ReasonLinkingCombinedExportTest()[pri:0, instance:com.ReasonLinkingPage.ReasonLinkingCombinedExportTest@47d93e0d]" started-at="2026-02-20T16:22:12 IST" name="ReasonLinkingCombinedExportTest" finished-at="2026-02-20T16:22:20 IST" duration-ms="8439" status="PASS">
          <reporter-output>
          </reporter-output>
        </test-method> <!-- ReasonLinkingCombinedExportTest -->
        <test-method is-config="true" signature="configAM()[pri:0, instance:com.ReasonLinkingPage.ReasonLinkingCombinedExportTest@47d93e0d]" started-at="2026-02-20T16:22:20 IST" name="configAM" finished-at="2026-02-20T16:22:21 IST" duration-ms="957" status="PASS">
          <reporter-output>
          </reporter-output>
        </test-method> <!-- configAM -->
        <test-method is-config="true" signature="configAC()[pri:0, instance:com.ReasonLinkingPage.ReasonLinkingCombinedExportTest@47d93e0d]" started-at="2026-02-20T16:22:21 IST" name="configAC" finished-at="2026-02-20T16:22:21 IST" duration-ms="519" status="PASS">
          <reporter-output>
          </reporter-output>
        </test-method> <!-- configAC -->
      </class> <!-- com.ReasonLinkingPage.ReasonLinkingCombinedExportTest -->
      <class name="com.ReasonLinkingPage.BulkReasonLinkingFunctionalityTest">
        <test-method is-config="true" signature="configBC()[pri:0, instance:com.ReasonLinkingPage.BulkReasonLinkingFunctionalityTest@88d6f9b]" started-at="2026-02-20T15:49:05 IST" name="configBC" finished-at="2026-02-20T15:49:06 IST" duration-ms="1356" status="PASS">
          <reporter-output>
          </reporter-output>
        </test-method> <!-- configBC -->
        <test-method is-config="true" signature="configBM()[pri:0, instance:com.ReasonLinkingPage.BulkReasonLinkingFunctionalityTest@88d6f9b]" started-at="2026-02-20T15:49:06 IST" name="configBM" finished-at="2026-02-20T15:49:08 IST" duration-ms="1904" status="PASS">
          <reporter-output>
          </reporter-output>
        </test-method> <!-- configBM -->
        <test-method signature="BulkReasonLinkingFunctionalityTest()[pri:0, instance:com.ReasonLinkingPage.BulkReasonLinkingFunctionalityTest@88d6f9b]" started-at="2026-02-20T15:49:08 IST" name="BulkReasonLinkingFunctionalityTest" finished-at="2026-02-20T15:49:15 IST" duration-ms="6930" status="PASS">
          <reporter-output>
          </reporter-output>
        </test-method> <!-- BulkReasonLinkingFunctionalityTest -->
        <test-method is-config="true" signature="configAM()[pri:0, instance:com.ReasonLinkingPage.BulkReasonLinkingFunctionalityTest@88d6f9b]" started-at="2026-02-20T15:49:15 IST" name="configAM" finished-at="2026-02-20T15:49:16 IST" duration-ms="958" status="PASS">
          <reporter-output>
          </reporter-output>
        </test-method> <!-- configAM -->
        <test-method is-config="true" signature="configAC()[pri:0, instance:com.ReasonLinkingPage.BulkReasonLinkingFunctionalityTest@88d6f9b]" started-at="2026-02-20T15:49:16 IST" name="configAC" finished-at="2026-02-20T15:49:16 IST" duration-ms="307" status="PASS">
          <reporter-output>
          </reporter-output>
        </test-method> <!-- configAC -->
      </class> <!-- com.ReasonLinkingPage.BulkReasonLinkingFunctionalityTest -->
      <class name="com.Settings.DepartmentGroup.verifyAddButtonDisabledStateTest">
        <test-method is-config="true" signature="configBC()[pri:0, instance:com.Settings.DepartmentGroup.verifyAddButtonDisabledStateTest@2c22a348]" started-at="2026-02-20T15:48:23 IST" name="configBC" finished-at="2026-02-20T15:48:24 IST" duration-ms="1176" status="PASS">
          <reporter-output>
          </reporter-output>
        </test-method> <!-- configBC -->
        <test-method is-config="true" signature="configBM()[pri:0, instance:com.Settings.DepartmentGroup.verifyAddButtonDisabledStateTest@2c22a348]" started-at="2026-02-20T15:48:24 IST" name="configBM" finished-at="2026-02-20T15:48:26 IST" duration-ms="1716" status="PASS">
          <reporter-output>
          </reporter-output>
        </test-method> <!-- configBM -->
        <test-method signature="verifyAddButtonDisabledStateTest()[pri:0, instance:com.Settings.DepartmentGroup.verifyAddButtonDisabledStateTest@2c22a348]" started-at="2026-02-20T15:48:26 IST" name="verifyAddButtonDisabledStateTest" finished-at="2026-02-20T15:48:49 IST" duration-ms="23144" status="PASS">
          <reporter-output>
          </reporter-output>
        </test-method> <!-- verifyAddButtonDisabledStateTest -->
        <test-method is-config="true" signature="configAM()[pri:0, instance:com.Settings.DepartmentGroup.verifyAddButtonDisabledStateTest@2c22a348]" started-at="2026-02-20T15:48:49 IST" name="configAM" finished-at="2026-02-20T15:48:49 IST" duration-ms="95" status="PASS">
          <reporter-output>
          </reporter-output>
        </test-method> <!-- configAM -->
        <test-method is-config="true" signature="configAC()[pri:0, instance:com.Settings.DepartmentGroup.verifyAddButtonDisabledStateTest@2c22a348]" started-at="2026-02-20T15:48:49 IST" name="configAC" finished-at="2026-02-20T15:48:50 IST" duration-ms="489" status="PASS">
          <reporter-output>
          </reporter-output>
        </test-method> <!-- configAC -->
      </class> <!-- com.Settings.DepartmentGroup.verifyAddButtonDisabledStateTest -->
      <class name="com.ReasonLinkingPage.ReasonLinkingUnlinkedExportTest">
        <test-method is-config="true" signature="configBC()[pri:0, instance:com.ReasonLinkingPage.ReasonLinkingUnlinkedExportTest@3153ddfc]" started-at="2026-02-20T16:30:32 IST" name="configBC" finished-at="2026-02-20T16:30:33 IST" duration-ms="1834" status="PASS">
          <reporter-output>
          </reporter-output>
        </test-method> <!-- configBC -->
        <test-method is-config="true" signature="configBM()[pri:0, instance:com.ReasonLinkingPage.ReasonLinkingUnlinkedExportTest@3153ddfc]" started-at="2026-02-20T16:30:33 IST" name="configBM" finished-at="2026-02-20T16:30:35 IST" duration-ms="1690" status="PASS">
          <reporter-output>
          </reporter-output>
        </test-method> <!-- configBM -->
        <test-method signature="ReasonLinkingUnlinkedExportTest()[pri:0, instance:com.ReasonLinkingPage.ReasonLinkingUnlinkedExportTest@3153ddfc]" started-at="2026-02-20T16:30:35 IST" name="ReasonLinkingUnlinkedExportTest" finished-at="2026-02-20T16:30:45 IST" duration-ms="10140" status="PASS">
          <reporter-output>
          </reporter-output>
        </test-method> <!-- ReasonLinkingUnlinkedExportTest -->
        <test-method is-config="true" signature="configAM()[pri:0, instance:com.ReasonLinkingPage.ReasonLinkingUnlinkedExportTest@3153ddfc]" started-at="2026-02-20T16:30:45 IST" name="configAM" finished-at="2026-02-20T16:30:46 IST" duration-ms="958" status="PASS">
          <reporter-output>
          </reporter-output>
        </test-method> <!-- configAM -->
        <test-method is-config="true" signature="configAC()[pri:0, instance:com.ReasonLinkingPage.ReasonLinkingUnlinkedExportTest@3153ddfc]" started-at="2026-02-20T16:30:46 IST" name="configAC" finished-at="2026-02-20T16:30:47 IST" duration-ms="474" status="PASS">
          <reporter-output>
          </reporter-output>
        </test-method> <!-- configAC -->
      </class> <!-- com.ReasonLinkingPage.ReasonLinkingUnlinkedExportTest -->
      <class name="com.Settings.Departements.verifyEditDepartmenTest">
        <test-method is-config="true" signature="configBC()[pri:0, instance:com.Settings.Departements.verifyEditDepartmenTest@3fabf088]" started-at="2026-02-20T16:23:20 IST" name="configBC" finished-at="2026-02-20T16:23:22 IST" duration-ms="1806" status="PASS">
          <reporter-output>
          </reporter-output>
        </test-method> <!-- configBC -->
        <test-method is-config="true" signature="configBM()[pri:0, instance:com.Settings.Departements.verifyEditDepartmenTest@3fabf088]" started-at="2026-02-20T16:23:22 IST" name="configBM" finished-at="2026-02-20T16:23:23 IST" duration-ms="1690" status="PASS">
          <reporter-output>
          </reporter-output>
        </test-method> <!-- configBM -->
        <test-method signature="verifyEditDepartmenTest()[pri:0, instance:com.Settings.Departements.verifyEditDepartmenTest@3fabf088]" started-at="2026-02-20T16:23:23 IST" name="verifyEditDepartmenTest" finished-at="2026-02-20T16:23:47 IST" duration-ms="23857" status="PASS">
          <reporter-output>
          </reporter-output>
        </test-method> <!-- verifyEditDepartmenTest -->
        <test-method is-config="true" signature="configAM()[pri:0, instance:com.Settings.Departements.verifyEditDepartmenTest@3fabf088]" started-at="2026-02-20T16:23:47 IST" name="configAM" finished-at="2026-02-20T16:23:47 IST" duration-ms="137" status="PASS">
          <reporter-output>
          </reporter-output>
        </test-method> <!-- configAM -->
        <test-method is-config="true" signature="configAC()[pri:0, instance:com.Settings.Departements.verifyEditDepartmenTest@3fabf088]" started-at="2026-02-20T16:23:47 IST" name="configAC" finished-at="2026-02-20T16:23:48 IST" duration-ms="521" status="PASS">
          <reporter-output>
          </reporter-output>
        </test-method> <!-- configAC -->
      </class> <!-- com.Settings.Departements.verifyEditDepartmenTest -->
      <class name="com.DowntimeEnhacementPage.DowntimeEnhacementTableExportTest">
        <test-method is-config="true" signature="configBC()[pri:0, instance:com.DowntimeEnhacementPage.DowntimeEnhacementTableExportTest@28a2a3e7]" started-at="2026-02-20T15:47:22 IST" name="configBC" finished-at="2026-02-20T15:47:23 IST" duration-ms="1338" status="PASS">
          <reporter-output>
          </reporter-output>
        </test-method> <!-- configBC -->
        <test-method is-config="true" signature="configBM()[pri:0, instance:com.DowntimeEnhacementPage.DowntimeEnhacementTableExportTest@28a2a3e7]" started-at="2026-02-20T15:47:23 IST" name="configBM" finished-at="2026-02-20T15:47:25 IST" duration-ms="1645" status="PASS">
          <reporter-output>
          </reporter-output>
        </test-method> <!-- configBM -->
        <test-method signature="DowntimeEnhacementTableExport()[pri:0, instance:com.DowntimeEnhacementPage.DowntimeEnhacementTableExportTest@28a2a3e7]" started-at="2026-02-20T15:47:25 IST" name="DowntimeEnhacementTableExport" finished-at="2026-02-20T15:47:37 IST" duration-ms="11787" status="PASS">
          <reporter-output>
          </reporter-output>
        </test-method> <!-- DowntimeEnhacementTableExport -->
        <test-method is-config="true" signature="configAM()[pri:0, instance:com.DowntimeEnhacementPage.DowntimeEnhacementTableExportTest@28a2a3e7]" started-at="2026-02-20T15:47:37 IST" name="configAM" finished-at="2026-02-20T15:47:37 IST" duration-ms="205" status="PASS">
          <reporter-output>
          </reporter-output>
        </test-method> <!-- configAM -->
        <test-method is-config="true" signature="configAC()[pri:0, instance:com.DowntimeEnhacementPage.DowntimeEnhacementTableExportTest@28a2a3e7]" started-at="2026-02-20T15:47:37 IST" name="configAC" finished-at="2026-02-20T15:47:37 IST" duration-ms="441" status="PASS">
          <reporter-output>
          </reporter-output>
        </test-method> <!-- configAC -->
      </class> <!-- com.DowntimeEnhacementPage.DowntimeEnhacementTableExportTest -->
      <class name="com.DowntimeShiftview.VerifyShiftViewPageDataTest">
        <test-method is-config="true" signature="configBC()[pri:0, instance:com.DowntimeShiftview.VerifyShiftViewPageDataTest@4d4d8fcf]" started-at="2026-02-20T16:26:33 IST" name="configBC" finished-at="2026-02-20T16:26:35 IST" duration-ms="1852" status="PASS">
          <reporter-output>
          </reporter-output>
        </test-method> <!-- configBC -->
        <test-method is-config="true" signature="configBM()[pri:0, instance:com.DowntimeShiftview.VerifyShiftViewPageDataTest@4d4d8fcf]" started-at="2026-02-20T16:26:35 IST" name="configBM" finished-at="2026-02-20T16:26:37 IST" duration-ms="1878" status="PASS">
          <reporter-output>
          </reporter-output>
        </test-method> <!-- configBM -->
        <test-method signature="VerifyShiftViewPageDataTest()[pri:0, instance:com.DowntimeShiftview.VerifyShiftViewPageDataTest@4d4d8fcf]" started-at="2026-02-20T16:26:37 IST" name="VerifyShiftViewPageDataTest" finished-at="2026-02-20T16:26:42 IST" duration-ms="5063" status="PASS">
          <reporter-output>
          </reporter-output>
        </test-method> <!-- VerifyShiftViewPageDataTest -->
        <test-method is-config="true" signature="configAM()[pri:0, instance:com.DowntimeShiftview.VerifyShiftViewPageDataTest@4d4d8fcf]" started-at="2026-02-20T16:26:42 IST" name="configAM" finished-at="2026-02-20T16:26:42 IST" duration-ms="124" status="PASS">
          <reporter-output>
          </reporter-output>
        </test-method> <!-- configAM -->
        <test-method is-config="true" signature="configAC()[pri:0, instance:com.DowntimeShiftview.VerifyShiftViewPageDataTest@4d4d8fcf]" started-at="2026-02-20T16:26:42 IST" name="configAC" finished-at="2026-02-20T16:26:42 IST" duration-ms="574" status="PASS">
          <reporter-output>
          </reporter-output>
        </test-method> <!-- configAC -->
      </class> <!-- com.DowntimeShiftview.VerifyShiftViewPageDataTest -->
      <class name="com.DowntimeModule.DowntimeDashboardNavigationTest">
        <test-method is-config="true" signature="configBC()[pri:0, instance:com.DowntimeModule.DowntimeDashboardNavigationTest@62c5bbdc]" started-at="2026-02-20T16:21:57 IST" name="configBC" finished-at="2026-02-20T16:21:59 IST" duration-ms="1860" status="PASS">
          <reporter-output>
          </reporter-output>
        </test-method> <!-- configBC -->
        <test-method is-config="true" signature="configBM()[pri:0, instance:com.DowntimeModule.DowntimeDashboardNavigationTest@62c5bbdc]" started-at="2026-02-20T16:21:59 IST" name="configBM" finished-at="2026-02-20T16:22:00 IST" duration-ms="1673" status="PASS">
          <reporter-output>
          </reporter-output>
        </test-method> <!-- configBM -->
        <test-method signature="DowntimeDashboardNavigationTest()[pri:0, instance:com.DowntimeModule.DowntimeDashboardNavigationTest@62c5bbdc]" started-at="2026-02-20T16:22:00 IST" name="DowntimeDashboardNavigationTest" finished-at="2026-02-20T16:22:07 IST" duration-ms="6784" status="PASS">
          <reporter-output>
          </reporter-output>
        </test-method> <!-- DowntimeDashboardNavigationTest -->
        <test-method is-config="true" signature="configAM()[pri:0, instance:com.DowntimeModule.DowntimeDashboardNavigationTest@62c5bbdc]" started-at="2026-02-20T16:22:07 IST" name="configAM" finished-at="2026-02-20T16:22:07 IST" duration-ms="134" status="PASS">
          <reporter-output>
          </reporter-output>
        </test-method> <!-- configAM -->
        <test-method is-config="true" signature="configAC()[pri:0, instance:com.DowntimeModule.DowntimeDashboardNavigationTest@62c5bbdc]" started-at="2026-02-20T16:22:07 IST" name="configAC" finished-at="2026-02-20T16:22:08 IST" duration-ms="396" status="PASS">
          <reporter-output>
          </reporter-output>
        </test-method> <!-- configAC -->
      </class> <!-- com.DowntimeModule.DowntimeDashboardNavigationTest -->
      <class name="com.Settings.DepartmentGroup.verifyMTTRMTBFSourceRadioButtonsTest">
        <test-method is-config="true" signature="configBC()[pri:0, instance:com.Settings.DepartmentGroup.verifyMTTRMTBFSourceRadioButtonsTest@6831d8fd]" started-at="2026-02-20T16:27:10 IST" name="configBC" finished-at="2026-02-20T16:27:12 IST" duration-ms="1799" status="PASS">
          <reporter-output>
          </reporter-output>
        </test-method> <!-- configBC -->
        <test-method is-config="true" signature="configBM()[pri:0, instance:com.Settings.DepartmentGroup.verifyMTTRMTBFSourceRadioButtonsTest@6831d8fd]" started-at="2026-02-20T16:27:12 IST" name="configBM" finished-at="2026-02-20T16:27:14 IST" duration-ms="2049" status="PASS">
          <reporter-output>
          </reporter-output>
        </test-method> <!-- configBM -->
        <test-method signature="verifyAddDepartmentGroupTest()[pri:0, instance:com.Settings.DepartmentGroup.verifyMTTRMTBFSourceRadioButtonsTest@6831d8fd]" started-at="2026-02-20T16:27:14 IST" name="verifyAddDepartmentGroupTest" finished-at="2026-02-20T16:27:38 IST" duration-ms="23975" status="PASS">
          <reporter-output>
          </reporter-output>
        </test-method> <!-- verifyAddDepartmentGroupTest -->
        <test-method is-config="true" signature="configAM()[pri:0, instance:com.Settings.DepartmentGroup.verifyMTTRMTBFSourceRadioButtonsTest@6831d8fd]" started-at="2026-02-20T16:27:38 IST" name="configAM" finished-at="2026-02-20T16:27:38 IST" duration-ms="167" status="PASS">
          <reporter-output>
          </reporter-output>
        </test-method> <!-- configAM -->
        <test-method is-config="true" signature="configAC()[pri:0, instance:com.Settings.DepartmentGroup.verifyMTTRMTBFSourceRadioButtonsTest@6831d8fd]" started-at="2026-02-20T16:27:38 IST" name="configAC" finished-at="2026-02-20T16:27:39 IST" duration-ms="499" status="PASS">
          <reporter-output>
          </reporter-output>
        </test-method> <!-- configAC -->
      </class> <!-- com.Settings.DepartmentGroup.verifyMTTRMTBFSourceRadioButtonsTest -->
      <class name="com.ReasonLinkingPage.ReasonLinkingCycleTimeSourceFilterTest">
        <test-method is-config="true" signature="configBC()[pri:0, instance:com.ReasonLinkingPage.ReasonLinkingCycleTimeSourceFilterTest@751e664e]" started-at="2026-02-20T16:26:22 IST" name="configBC" finished-at="2026-02-20T16:26:24 IST" duration-ms="2032" status="PASS">
          <reporter-output>
          </reporter-output>
        </test-method> <!-- configBC -->
        <test-method is-config="true" signature="configBM()[pri:0, instance:com.ReasonLinkingPage.ReasonLinkingCycleTimeSourceFilterTest@751e664e]" started-at="2026-02-20T16:26:24 IST" name="configBM" finished-at="2026-02-20T16:26:26 IST" duration-ms="1864" status="PASS">
          <reporter-output>
          </reporter-output>
        </test-method> <!-- configBM -->
        <test-method signature="ReasonLinkingCycleTimeSourceFilterTest()[pri:0, instance:com.ReasonLinkingPage.ReasonLinkingCycleTimeSourceFilterTest@751e664e]" started-at="2026-02-20T16:26:26 IST" name="ReasonLinkingCycleTimeSourceFilterTest" finished-at="2026-02-20T16:26:32 IST" duration-ms="6299" status="PASS">
          <reporter-output>
          </reporter-output>
        </test-method> <!-- ReasonLinkingCycleTimeSourceFilterTest -->
        <test-method is-config="true" signature="configAM()[pri:0, instance:com.ReasonLinkingPage.ReasonLinkingCycleTimeSourceFilterTest@751e664e]" started-at="2026-02-20T16:26:32 IST" name="configAM" finished-at="2026-02-20T16:26:32 IST" duration-ms="175" status="PASS">
          <reporter-output>
          </reporter-output>
        </test-method> <!-- configAM -->
        <test-method is-config="true" signature="configAC()[pri:0, instance:com.ReasonLinkingPage.ReasonLinkingCycleTimeSourceFilterTest@751e664e]" started-at="2026-02-20T16:26:32 IST" name="configAC" finished-at="2026-02-20T16:26:33 IST" duration-ms="524" status="PASS">
          <reporter-output>
          </reporter-output>
        </test-method> <!-- configAC -->
      </class> <!-- com.ReasonLinkingPage.ReasonLinkingCycleTimeSourceFilterTest -->
      <class name="com.ReasonLinkingPage.ReasonLinkingUnlinkedFilterTest">
        <test-method is-config="true" signature="configBC()[pri:0, instance:com.ReasonLinkingPage.ReasonLinkingUnlinkedFilterTest@60afd40d]" started-at="2026-02-20T16:30:47 IST" name="configBC" finished-at="2026-02-20T16:30:49 IST" duration-ms="1881" status="PASS">
          <reporter-output>
          </reporter-output>
        </test-method> <!-- configBC -->
        <test-method is-config="true" signature="configBM()[pri:0, instance:com.ReasonLinkingPage.ReasonLinkingUnlinkedFilterTest@60afd40d]" started-at="2026-02-20T16:30:49 IST" name="configBM" finished-at="2026-02-20T16:30:50 IST" duration-ms="1683" status="PASS">
          <reporter-output>
          </reporter-output>
        </test-method> <!-- configBM -->
        <test-method signature="ReasonLinkingUnlinkedFilterTest()[pri:0, instance:com.ReasonLinkingPage.ReasonLinkingUnlinkedFilterTest@60afd40d]" started-at="2026-02-20T16:30:50 IST" name="ReasonLinkingUnlinkedFilterTest" finished-at="2026-02-20T16:30:55 IST" duration-ms="4598" status="PASS">
          <reporter-output>
          </reporter-output>
        </test-method> <!-- ReasonLinkingUnlinkedFilterTest -->
        <test-method is-config="true" signature="configAM()[pri:0, instance:com.ReasonLinkingPage.ReasonLinkingUnlinkedFilterTest@60afd40d]" started-at="2026-02-20T16:30:55 IST" name="configAM" finished-at="2026-02-20T16:30:55 IST" duration-ms="101" status="PASS">
          <reporter-output>
          </reporter-output>
        </test-method> <!-- configAM -->
        <test-method is-config="true" signature="configAC()[pri:0, instance:com.ReasonLinkingPage.ReasonLinkingUnlinkedFilterTest@60afd40d]" started-at="2026-02-20T16:30:55 IST" name="configAC" finished-at="2026-02-20T16:30:55 IST" duration-ms="385" status="PASS">
          <reporter-output>
          </reporter-output>
        </test-method> <!-- configAC -->
      </class> <!-- com.ReasonLinkingPage.ReasonLinkingUnlinkedFilterTest -->
      <class name="com.ReasonLinkingPage.ReasonLinkingLinkedExportTest">
        <test-method is-config="true" signature="configBC()[pri:0, instance:com.ReasonLinkingPage.ReasonLinkingLinkedExportTest@4d0402b]" started-at="2026-02-20T16:29:22 IST" name="configBC" finished-at="2026-02-20T16:29:24 IST" duration-ms="1811" status="PASS">
          <reporter-output>
          </reporter-output>
        </test-method> <!-- configBC -->
        <test-method is-config="true" signature="configBM()[pri:0, instance:com.ReasonLinkingPage.ReasonLinkingLinkedExportTest@4d0402b]" started-at="2026-02-20T16:29:24 IST" name="configBM" finished-at="2026-02-20T16:29:26 IST" duration-ms="2040" status="PASS">
          <reporter-output>
          </reporter-output>
        </test-method> <!-- configBM -->
        <test-method signature="ReasonLinkingLinkedExportTest()[pri:0, instance:com.ReasonLinkingPage.ReasonLinkingLinkedExportTest@4d0402b]" started-at="2026-02-20T16:29:26 IST" name="ReasonLinkingLinkedExportTest" finished-at="2026-02-20T16:29:32 IST" duration-ms="6402" status="PASS">
          <reporter-output>
          </reporter-output>
        </test-method> <!-- ReasonLinkingLinkedExportTest -->
        <test-method is-config="true" signature="configAM()[pri:0, instance:com.ReasonLinkingPage.ReasonLinkingLinkedExportTest@4d0402b]" started-at="2026-02-20T16:29:32 IST" name="configAM" finished-at="2026-02-20T16:29:33 IST" duration-ms="957" status="PASS">
          <reporter-output>
          </reporter-output>
        </test-method> <!-- configAM -->
        <test-method is-config="true" signature="configAC()[pri:0, instance:com.ReasonLinkingPage.ReasonLinkingLinkedExportTest@4d0402b]" started-at="2026-02-20T16:29:33 IST" name="configAC" finished-at="2026-02-20T16:29:34 IST" duration-ms="485" status="PASS">
          <reporter-output>
          </reporter-output>
        </test-method> <!-- configAC -->
      </class> <!-- com.ReasonLinkingPage.ReasonLinkingLinkedExportTest -->
      <class name="com.Settings.DepartmentGroup.verifyEditDepartmentGroupTest">
        <test-method is-config="true" signature="configBC()[pri:0, instance:com.Settings.DepartmentGroup.verifyEditDepartmentGroupTest@51b01960]" started-at="2026-02-20T16:25:55 IST" name="configBC" finished-at="2026-02-20T16:25:56 IST" duration-ms="1758" status="PASS">
          <reporter-output>
          </reporter-output>
        </test-method> <!-- configBC -->
        <test-method is-config="true" signature="configBM()[pri:0, instance:com.Settings.DepartmentGroup.verifyEditDepartmentGroupTest@51b01960]" started-at="2026-02-20T16:25:56 IST" name="configBM" finished-at="2026-02-20T16:25:58 IST" duration-ms="1924" status="PASS">
          <reporter-output>
          </reporter-output>
        </test-method> <!-- configBM -->
        <test-method signature="verifyEditDepartmentGroupTest()[pri:0, instance:com.Settings.DepartmentGroup.verifyEditDepartmentGroupTest@51b01960]" started-at="2026-02-20T16:25:58 IST" name="verifyEditDepartmentGroupTest" finished-at="2026-02-20T16:26:21 IST" duration-ms="23057" status="PASS">
          <reporter-output>
          </reporter-output>
        </test-method> <!-- verifyEditDepartmentGroupTest -->
        <test-method is-config="true" signature="configAM()[pri:0, instance:com.Settings.DepartmentGroup.verifyEditDepartmentGroupTest@51b01960]" started-at="2026-02-20T16:26:21 IST" name="configAM" finished-at="2026-02-20T16:26:22 IST" duration-ms="112" status="PASS">
          <reporter-output>
          </reporter-output>
        </test-method> <!-- configAM -->
        <test-method is-config="true" signature="configAC()[pri:0, instance:com.Settings.DepartmentGroup.verifyEditDepartmentGroupTest@51b01960]" started-at="2026-02-20T16:26:22 IST" name="configAC" finished-at="2026-02-20T16:26:22 IST" duration-ms="534" status="PASS">
          <reporter-output>
          </reporter-output>
        </test-method> <!-- configAC -->
      </class> <!-- com.Settings.DepartmentGroup.verifyEditDepartmentGroupTest -->
      <class name="com.DowntimeAnalysisPage.MonthWiseBarChartNavigationTest">
        <test-method is-config="true" signature="configBC()[pri:0, instance:com.DowntimeAnalysisPage.MonthWiseBarChartNavigationTest@e72dba7]" started-at="2026-02-20T16:22:37 IST" name="configBC" finished-at="2026-02-20T16:22:39 IST" duration-ms="1805" status="PASS">
          <reporter-output>
          </reporter-output>
        </test-method> <!-- configBC -->
        <test-method is-config="true" signature="configBM()[pri:0, instance:com.DowntimeAnalysisPage.MonthWiseBarChartNavigationTest@e72dba7]" started-at="2026-02-20T16:22:39 IST" name="configBM" finished-at="2026-02-20T16:22:41 IST" duration-ms="2074" status="PASS">
          <reporter-output>
          </reporter-output>
        </test-method> <!-- configBM -->
        <test-method signature="MonthWiseBarChartNavigationTest()[pri:0, instance:com.DowntimeAnalysisPage.MonthWiseBarChartNavigationTest@e72dba7]" started-at="2026-02-20T16:22:41 IST" name="MonthWiseBarChartNavigationTest" finished-at="2026-02-20T16:23:07 IST" duration-ms="26373" status="FAIL">
          <exception class="java.lang.AssertionError">
            <message>
              <![CDATA[Day-wise chart not expanded. expected [true] but found [false]]]>
            </message>
            <full-stacktrace>
              <![CDATA[java.lang.AssertionError: Day-wise chart not expanded. expected [true] but found [false]
at org.testng.Assert.fail(Assert.java:111)
at org.testng.Assert.failNotEquals(Assert.java:1590)
at org.testng.Assert.assertTrue(Assert.java:57)
at com.DowntimeAnalysisPage.MonthWiseBarChartNavigationTest.MonthWiseBarChartNavigationTest(MonthWiseBarChartNavigationTest.java:96)
at java.base/jdk.internal.reflect.DirectMethodHandleAccessor.invoke(DirectMethodHandleAccessor.java:103)
at java.base/java.lang.reflect.Method.invoke(Method.java:580)
at org.testng.internal.invokers.MethodInvocationHelper.invokeMethod(MethodInvocationHelper.java:141)
at org.testng.internal.invokers.TestInvoker.invokeMethod(TestInvoker.java:687)
at org.testng.internal.invokers.TestInvoker.invokeTestMethod(TestInvoker.java:230)
at org.testng.internal.invokers.MethodRunner.runInSequence(MethodRunner.java:63)
at org.testng.internal.invokers.TestInvoker$MethodInvocationAgent.invoke(TestInvoker.java:995)
at org.testng.internal.invokers.TestInvoker.invokeTestMethods(TestInvoker.java:203)
at org.testng.internal.invokers.TestMethodWorker.invokeTestMethods(TestMethodWorker.java:154)
at org.testng.internal.invokers.TestMethodWorker.run(TestMethodWorker.java:134)
at java.base/java.util.ArrayList.forEach(ArrayList.java:1596)
at org.testng.TestRunner.privateRun(TestRunner.java:741)
at org.testng.TestRunner.run(TestRunner.java:616)
at org.testng.SuiteRunner.runTest(SuiteRunner.java:421)
at org.testng.SuiteRunner.runSequentially(SuiteRunner.java:413)
at org.testng.SuiteRunner.privateRun(SuiteRunner.java:373)
at org.testng.SuiteRunner.run(SuiteRunner.java:312)
at org.testng.SuiteRunnerWorker.runSuite(SuiteRunnerWorker.java:52)
at org.testng.SuiteRunnerWorker.run(SuiteRunnerWorker.java:95)
at org.testng.TestNG.runSuitesSequentially(TestNG.java:1274)
at org.testng.TestNG.runSuitesLocally(TestNG.java:1208)
at org.testng.TestNG.runSuites(TestNG.java:1112)
at org.testng.TestNG.run(TestNG.java:1079)
at org.testng.remote.AbstractRemoteTestNG.run(AbstractRemoteTestNG.java:115)
at org.testng.remote.RemoteTestNG.initAndRun(RemoteTestNG.java:293)
at org.testng.remote.RemoteTestNG.main(RemoteTestNG.java:91)
]]>
            </full-stacktrace>
          </exception> <!-- java.lang.AssertionError -->
          <reporter-output>
          </reporter-output>
        </test-method> <!-- MonthWiseBarChartNavigationTest -->
        <test-method is-config="true" signature="configAM()[pri:0, instance:com.DowntimeAnalysisPage.MonthWiseBarChartNavigationTest@e72dba7]" started-at="2026-02-20T16:23:07 IST" name="configAM" finished-at="2026-02-20T16:23:07 IST" duration-ms="103" status="PASS">
          <reporter-output>
          </reporter-output>
        </test-method> <!-- configAM -->
        <test-method is-config="true" signature="configAC()[pri:0, instance:com.DowntimeAnalysisPage.MonthWiseBarChartNavigationTest@e72dba7]" started-at="2026-02-20T16:23:07 IST" name="configAC" finished-at="2026-02-20T16:23:08 IST" duration-ms="561" status="PASS">
          <reporter-output>
          </reporter-output>
        </test-method> <!-- configAC -->
      </class> <!-- com.DowntimeAnalysisPage.MonthWiseBarChartNavigationTest -->
      <class name="com.ReasonLinkingPage.BulkReasonLinkingCancelTest">
        <test-method is-config="true" signature="configBC()[pri:0, instance:com.ReasonLinkingPage.BulkReasonLinkingCancelTest@1bc53649]" started-at="2026-02-20T15:36:25 IST" name="configBC" finished-at="2026-02-20T15:36:26 IST" duration-ms="1031" status="PASS">
          <reporter-output>
          </reporter-output>
        </test-method> <!-- configBC -->
        <test-method is-config="true" signature="configBM()[pri:0, instance:com.ReasonLinkingPage.BulkReasonLinkingCancelTest@1bc53649]" started-at="2026-02-20T15:36:26 IST" name="configBM" finished-at="2026-02-20T15:36:27 IST" duration-ms="1580" status="PASS">
          <reporter-output>
          </reporter-output>
        </test-method> <!-- configBM -->
        <test-method signature="BulkReasonLinkingCancelTest()[pri:0, instance:com.ReasonLinkingPage.BulkReasonLinkingCancelTest@1bc53649]" started-at="2026-02-20T15:36:27 IST" name="BulkReasonLinkingCancelTest" finished-at="2026-02-20T15:47:21 IST" duration-ms="653858" status="FAIL">
          <exception class="org.openqa.selenium.NoSuchElementException">
            <message>
              <![CDATA[no such element: Unable to locate element: {"method":"css selector","selector":"#formReasonId"}
  (Session info: chrome=145.0.7632.109)
For documentation on this error, please visit: https://www.selenium.dev/documentation/webdriver/troubleshooting/errors#nosuchelementexception
Build info: version: '4.38.0', revision: '6b412e825c'
System info: os.name: 'Windows 11', os.arch: 'amd64', os.version: '10.0', java.version: '21.0.9'
Driver info: org.openqa.selenium.chrome.ChromeDriver
Command: [d9a7de1c0d3f749b641467bd8ae6a982, findElement {value=formReasonId, using=id}]
Capabilities {acceptInsecureCerts: false, browserName: chrome, browserVersion: 145.0.7632.109, chrome: {chromedriverVersion: 145.0.7632.77 (da516187054a..., userDataDir: C:\Users\W066520\AppData\Lo...}, fedcm:accounts: true, goog:chromeOptions: {debuggerAddress: localhost:49677}, goog:processID: 4924, networkConnectionEnabled: false, pageLoadStrategy: normal, platformName: windows, proxy: Proxy(), se:cdp: ws://localhost:49677/devtoo..., se:cdpVersion: 145.0.7632.109, setWindowRect: true, strictFileInteractability: false, timeouts: {implicit: 0, pageLoad: 300000, script: 30000}, unhandledPromptBehavior: dismiss and notify, webauthn:extension:credBlob: true, webauthn:extension:largeBlob: true, webauthn:extension:minPinLength: true, webauthn:extension:prf: true, webauthn:virtualAuthenticators: true}
Session ID: d9a7de1c0d3f749b641467bd8ae6a982]]>
            </message>
            <full-stacktrace>
              <![CDATA[org.openqa.selenium.NoSuchElementException: no such element: Unable to locate element: {"method":"css selector","selector":"#formReasonId"}
  (Session info: chrome=145.0.7632.109)
For documentation on this error, please visit: https://www.selenium.dev/documentation/webdriver/troubleshooting/errors#nosuchelementexception
Build info: version: '4.38.0', revision: '6b412e825c'
System info: os.name: 'Windows 11', os.arch: 'amd64', os.version: '10.0', java.version: '21.0.9'
Driver info: org.openqa.selenium.chrome.ChromeDriver
Command: [d9a7de1c0d3f749b641467bd8ae6a982, findElement {value=formReasonId, using=id}]
Capabilities {acceptInsecureCerts: false, browserName: chrome, browserVersion: 145.0.7632.109, chrome: {chromedriverVersion: 145.0.7632.77 (da516187054a..., userDataDir: C:\Users\W066520\AppData\Lo...}, fedcm:accounts: true, goog:chromeOptions: {debuggerAddress: localhost:49677}, goog:processID: 4924, networkConnectionEnabled: false, pageLoadStrategy: normal, platformName: windows, proxy: Proxy(), se:cdp: ws://localhost:49677/devtoo..., se:cdpVersion: 145.0.7632.109, setWindowRect: true, strictFileInteractability: false, timeouts: {implicit: 0, pageLoad: 300000, script: 30000}, unhandledPromptBehavior: dismiss and notify, webauthn:extension:credBlob: true, webauthn:extension:largeBlob: true, webauthn:extension:minPinLength: true, webauthn:extension:prf: true, webauthn:virtualAuthenticators: true}
Session ID: d9a7de1c0d3f749b641467bd8ae6a982
at java.base/jdk.internal.reflect.DirectConstructorHandleAccessor.newInstance(DirectConstructorHandleAccessor.java:62)
at java.base/java.lang.reflect.Constructor.newInstanceWithCaller(Constructor.java:502)
at java.base/java.lang.reflect.Constructor.newInstance(Constructor.java:486)
at org.openqa.selenium.remote.ErrorCodec.decode(ErrorCodec.java:167)
at org.openqa.selenium.remote.codec.w3c.W3CHttpResponseCodec.decode(W3CHttpResponseCodec.java:138)
at org.openqa.selenium.remote.codec.w3c.W3CHttpResponseCodec.decode(W3CHttpResponseCodec.java:50)
at org.openqa.selenium.remote.HttpCommandExecutor.execute(HttpCommandExecutor.java:215)
at org.openqa.selenium.remote.service.DriverCommandExecutor.invokeExecute(DriverCommandExecutor.java:216)
at org.openqa.selenium.remote.service.DriverCommandExecutor.execute(DriverCommandExecutor.java:174)
at org.openqa.selenium.remote.RemoteWebDriver.execute(RemoteWebDriver.java:557)
at org.openqa.selenium.remote.ElementLocation$ElementFinder$2.findElement(ElementLocation.java:165)
at org.openqa.selenium.remote.ElementLocation.findElement(ElementLocation.java:59)
at org.openqa.selenium.remote.RemoteWebDriver.findElement(RemoteWebDriver.java:380)
at org.openqa.selenium.remote.RemoteWebDriver.findElement(RemoteWebDriver.java:374)
at org.openqa.selenium.support.pagefactory.DefaultElementLocator.findElement(DefaultElementLocator.java:68)
at org.openqa.selenium.support.pagefactory.internal.LocatingElementHandler.invoke(LocatingElementHandler.java:38)
at jdk.proxy2/jdk.proxy2.$Proxy17.getTagName(Unknown Source)
at org.openqa.selenium.support.ui.Select.<init>(Select.java:41)
at com.sgplus.erp.genericutility.WebDriverUtility.select(WebDriverUtility.java:98)
at com.ReasonLinkingPage.BulkReasonLinkingCancelTest.BulkReasonLinkingCancelTest(BulkReasonLinkingCancelTest.java:95)
at java.base/jdk.internal.reflect.DirectMethodHandleAccessor.invoke(DirectMethodHandleAccessor.java:103)
at java.base/java.lang.reflect.Method.invoke(Method.java:580)
at org.testng.internal.invokers.MethodInvocationHelper.invokeMethod(MethodInvocationHelper.java:141)
at org.testng.internal.invokers.TestInvoker.invokeMethod(TestInvoker.java:687)
at org.testng.internal.invokers.TestInvoker.invokeTestMethod(TestInvoker.java:230)
at org.testng.internal.invokers.MethodRunner.runInSequence(MethodRunner.java:63)
at org.testng.internal.invokers.TestInvoker$MethodInvocationAgent.invoke(TestInvoker.java:995)
at org.testng.internal.invokers.TestInvoker.invokeTestMethods(TestInvoker.java:203)
at org.testng.internal.invokers.TestMethodWorker.invokeTestMethods(TestMethodWorker.java:154)
at org.testng.internal.invokers.TestMethodWorker.run(TestMethodWorker.java:134)
at java.base/java.util.ArrayList.forEach(ArrayList.java:1596)
at org.testng.TestRunner.privateRun(TestRunner.java:741)
at org.testng.TestRunner.run(TestRunner.java:616)
at org.testng.SuiteRunner.runTest(SuiteRunner.java:421)
at org.testng.SuiteRunner.runSequentially(SuiteRunner.java:413)
at org.testng.SuiteRunner.privateRun(SuiteRunner.java:373)
at org.testng.SuiteRunner.run(SuiteRunner.java:312)
at org.testng.SuiteRunnerWorker.runSuite(SuiteRunnerWorker.java:52)
at org.testng.SuiteRunnerWorker.run(SuiteRunnerWorker.java:95)
at org.testng.TestNG.runSuitesSequentially(TestNG.java:1274)
at org.testng.TestNG.runSuitesLocally(TestNG.java:1208)
at org.testng.TestNG.runSuites(TestNG.java:1112)
at org.testng.TestNG.run(TestNG.java:1079)
at org.testng.remote.AbstractRemoteTestNG.run(AbstractRemoteTestNG.java:115)
at org.testng.remote.RemoteTestNG.initAndRun(RemoteTestNG.java:293)
at org.testng.remote.RemoteTestNG.main(RemoteTestNG.java:91)
]]>
            </full-stacktrace>
          </exception> <!-- org.openqa.selenium.NoSuchElementException -->
          <reporter-output>
          </reporter-output>
        </test-method> <!-- BulkReasonLinkingCancelTest -->
        <test-method is-config="true" signature="configAM()[pri:0, instance:com.ReasonLinkingPage.BulkReasonLinkingCancelTest@1bc53649]" started-at="2026-02-20T15:47:21 IST" name="configAM" finished-at="2026-02-20T15:47:21 IST" duration-ms="153" status="PASS">
          <reporter-output>
          </reporter-output>
        </test-method> <!-- configAM -->
        <test-method is-config="true" signature="configAC()[pri:0, instance:com.ReasonLinkingPage.BulkReasonLinkingCancelTest@1bc53649]" started-at="2026-02-20T15:47:21 IST" name="configAC" finished-at="2026-02-20T15:47:22 IST" duration-ms="578" status="PASS">
          <reporter-output>
          </reporter-output>
        </test-method> <!-- configAC -->
      </class> <!-- com.ReasonLinkingPage.BulkReasonLinkingCancelTest -->
      <class name="com.Settings.Departements.verifyRequiredFieldValidationTest">
        <test-method is-config="true" signature="configBC()[pri:0, instance:com.Settings.Departements.verifyRequiredFieldValidationTest@1e392345]" started-at="2026-02-20T16:25:25 IST" name="configBC" finished-at="2026-02-20T16:25:27 IST" duration-ms="1839" status="PASS">
          <reporter-output>
          </reporter-output>
        </test-method> <!-- configBC -->
        <test-method is-config="true" signature="configBM()[pri:0, instance:com.Settings.Departements.verifyRequiredFieldValidationTest@1e392345]" started-at="2026-02-20T16:25:27 IST" name="configBM" finished-at="2026-02-20T16:25:28 IST" duration-ms="1848" status="PASS">
          <reporter-output>
          </reporter-output>
        </test-method> <!-- configBM -->
        <test-method signature="verifyRequiredFieldValidationTest()[pri:0, instance:com.Settings.Departements.verifyRequiredFieldValidationTest@1e392345]" started-at="2026-02-20T16:25:28 IST" name="verifyRequiredFieldValidationTest" finished-at="2026-02-20T16:25:54 IST" duration-ms="25713" status="PASS">
          <reporter-output>
          </reporter-output>
        </test-method> <!-- verifyRequiredFieldValidationTest -->
        <test-method is-config="true" signature="configAM()[pri:0, instance:com.Settings.Departements.verifyRequiredFieldValidationTest@1e392345]" started-at="2026-02-20T16:25:54 IST" name="configAM" finished-at="2026-02-20T16:25:54 IST" duration-ms="100" status="PASS">
          <reporter-output>
          </reporter-output>
        </test-method> <!-- configAM -->
        <test-method is-config="true" signature="configAC()[pri:0, instance:com.Settings.Departements.verifyRequiredFieldValidationTest@1e392345]" started-at="2026-02-20T16:25:54 IST" name="configAC" finished-at="2026-02-20T16:25:55 IST" duration-ms="517" status="PASS">
          <reporter-output>
          </reporter-output>
        </test-method> <!-- configAC -->
      </class> <!-- com.Settings.Departements.verifyRequiredFieldValidationTest -->
      <class name="com.DowntimeShiftview.VerifyShiftBViewDisplaysDataForDifferentShiftsTest">
        <test-method is-config="true" signature="configBC()[pri:0, instance:com.DowntimeShiftview.VerifyShiftBViewDisplaysDataForDifferentShiftsTest@24855019]" started-at="2026-02-20T16:23:08 IST" name="configBC" finished-at="2026-02-20T16:23:10 IST" duration-ms="1825" status="PASS">
          <reporter-output>
          </reporter-output>
        </test-method> <!-- configBC -->
        <test-method is-config="true" signature="configBM()[pri:0, instance:com.DowntimeShiftview.VerifyShiftBViewDisplaysDataForDifferentShiftsTest@24855019]" started-at="2026-02-20T16:23:10 IST" name="configBM" finished-at="2026-02-20T16:23:11 IST" duration-ms="1826" status="PASS">
          <reporter-output>
          </reporter-output>
        </test-method> <!-- configBM -->
        <test-method signature="VerifyShiftBViewDisplaysDataForDifferentShiftsTest()[pri:0, instance:com.DowntimeShiftview.VerifyShiftBViewDisplaysDataForDifferentShiftsTest@24855019]" started-at="2026-02-20T16:23:11 IST" name="VerifyShiftBViewDisplaysDataForDifferentShiftsTest" finished-at="2026-02-20T16:23:19 IST" duration-ms="7885" status="PASS">
          <reporter-output>
          </reporter-output>
        </test-method> <!-- VerifyShiftBViewDisplaysDataForDifferentShiftsTest -->
        <test-method is-config="true" signature="configAM()[pri:0, instance:com.DowntimeShiftview.VerifyShiftBViewDisplaysDataForDifferentShiftsTest@24855019]" started-at="2026-02-20T16:23:19 IST" name="configAM" finished-at="2026-02-20T16:23:19 IST" duration-ms="106" status="PASS">
          <reporter-output>
          </reporter-output>
        </test-method> <!-- configAM -->
        <test-method is-config="true" signature="configAC()[pri:0, instance:com.DowntimeShiftview.VerifyShiftBViewDisplaysDataForDifferentShiftsTest@24855019]" started-at="2026-02-20T16:23:19 IST" name="configAC" finished-at="2026-02-20T16:23:20 IST" duration-ms="455" status="PASS">
          <reporter-output>
          </reporter-output>
        </test-method> <!-- configAC -->
      </class> <!-- com.DowntimeShiftview.VerifyShiftBViewDisplaysDataForDifferentShiftsTest -->
      <class name="com.ReasonLinkingPage.ReasonLinkingLinkedFilterTest">
        <test-method is-config="true" signature="configBC()[pri:0, instance:com.ReasonLinkingPage.ReasonLinkingLinkedFilterTest@2fa7ae9]" started-at="2026-02-20T16:30:02 IST" name="configBC" finished-at="2026-02-20T16:30:03 IST" duration-ms="1816" status="PASS">
          <reporter-output>
          </reporter-output>
        </test-method> <!-- configBC -->
        <test-method is-config="true" signature="configBM()[pri:0, instance:com.ReasonLinkingPage.ReasonLinkingLinkedFilterTest@2fa7ae9]" started-at="2026-02-20T16:30:03 IST" name="configBM" finished-at="2026-02-20T16:30:05 IST" duration-ms="1948" status="PASS">
          <reporter-output>
          </reporter-output>
        </test-method> <!-- configBM -->
        <test-method signature="ReasonLinkingLinkedFilterTest()[pri:0, instance:com.ReasonLinkingPage.ReasonLinkingLinkedFilterTest@2fa7ae9]" started-at="2026-02-20T16:30:05 IST" name="ReasonLinkingLinkedFilterTest" finished-at="2026-02-20T16:30:10 IST" duration-ms="4497" status="PASS">
          <reporter-output>
          </reporter-output>
        </test-method> <!-- ReasonLinkingLinkedFilterTest -->
        <test-method is-config="true" signature="configAM()[pri:0, instance:com.ReasonLinkingPage.ReasonLinkingLinkedFilterTest@2fa7ae9]" started-at="2026-02-20T16:30:10 IST" name="configAM" finished-at="2026-02-20T16:30:10 IST" duration-ms="170" status="PASS">
          <reporter-output>
          </reporter-output>
        </test-method> <!-- configAM -->
        <test-method is-config="true" signature="configAC()[pri:0, instance:com.ReasonLinkingPage.ReasonLinkingLinkedFilterTest@2fa7ae9]" started-at="2026-02-20T16:30:10 IST" name="configAC" finished-at="2026-02-20T16:30:11 IST" duration-ms="464" status="PASS">
          <reporter-output>
          </reporter-output>
        </test-method> <!-- configAC -->
      </class> <!-- com.ReasonLinkingPage.ReasonLinkingLinkedFilterTest -->
      <class name="com.DowntimeShiftview.VerifyShiftAViewDisplaysDataForDifferentShiftsTest">
        <test-method is-config="true" signature="configBC()[pri:0, instance:com.DowntimeShiftview.VerifyShiftAViewDisplaysDataForDifferentShiftsTest@3c321bdb]" started-at="2026-02-20T15:49:38 IST" name="configBC" finished-at="2026-02-20T15:49:40 IST" duration-ms="1385" status="PASS">
          <reporter-output>
          </reporter-output>
        </test-method> <!-- configBC -->
        <test-method is-config="true" signature="configBM()[pri:0, instance:com.DowntimeShiftview.VerifyShiftAViewDisplaysDataForDifferentShiftsTest@3c321bdb]" started-at="2026-02-20T15:49:40 IST" name="configBM" finished-at="2026-02-20T15:49:41 IST" duration-ms="1706" status="PASS">
          <reporter-output>
          </reporter-output>
        </test-method> <!-- configBM -->
        <test-method signature="VerifyShiftAViewDisplaysDataForDifferentShiftsTest()[pri:0, instance:com.DowntimeShiftview.VerifyShiftAViewDisplaysDataForDifferentShiftsTest@3c321bdb]" started-at="2026-02-20T15:49:41 IST" name="VerifyShiftAViewDisplaysDataForDifferentShiftsTest" finished-at="2026-02-20T15:49:48 IST" duration-ms="7228" status="PASS">
          <reporter-output>
          </reporter-output>
        </test-method> <!-- VerifyShiftAViewDisplaysDataForDifferentShiftsTest -->
        <test-method is-config="true" signature="configAM()[pri:0, instance:com.DowntimeShiftview.VerifyShiftAViewDisplaysDataForDifferentShiftsTest@3c321bdb]" started-at="2026-02-20T15:49:48 IST" name="configAM" finished-at="2026-02-20T15:49:49 IST" duration-ms="72" status="PASS">
          <reporter-output>
          </reporter-output>
        </test-method> <!-- configAM -->
        <test-method is-config="true" signature="configAC()[pri:0, instance:com.DowntimeShiftview.VerifyShiftAViewDisplaysDataForDifferentShiftsTest@3c321bdb]" started-at="2026-02-20T15:49:49 IST" name="configAC" finished-at="2026-02-20T15:49:49 IST" duration-ms="427" status="PASS">
          <reporter-output>
          </reporter-output>
        </test-method> <!-- configAC -->
      </class> <!-- com.DowntimeShiftview.VerifyShiftAViewDisplaysDataForDifferentShiftsTest -->
      <class name="com.Settings.Departements.verifySearchDepartmentTest">
        <test-method is-config="true" signature="configBC()[pri:0, instance:com.Settings.Departements.verifySearchDepartmentTest@12f3afb5]" started-at="2026-02-20T16:26:42 IST" name="configBC" finished-at="2026-02-20T16:26:44 IST" duration-ms="1858" status="PASS">
          <reporter-output>
          </reporter-output>
        </test-method> <!-- configBC -->
        <test-method is-config="true" signature="configBM()[pri:0, instance:com.Settings.Departements.verifySearchDepartmentTest@12f3afb5]" started-at="2026-02-20T16:26:44 IST" name="configBM" finished-at="2026-02-20T16:26:46 IST" duration-ms="1784" status="PASS">
          <reporter-output>
          </reporter-output>
        </test-method> <!-- configBM -->
        <test-method signature="VerifyAddDepartmentTest()[pri:0, instance:com.Settings.Departements.verifySearchDepartmentTest@12f3afb5]" started-at="2026-02-20T16:26:46 IST" name="VerifyAddDepartmentTest" finished-at="2026-02-20T16:27:09 IST" duration-ms="23169" status="PASS">
          <reporter-output>
          </reporter-output>
        </test-method> <!-- VerifyAddDepartmentTest -->
        <test-method is-config="true" signature="configAM()[pri:0, instance:com.Settings.Departements.verifySearchDepartmentTest@12f3afb5]" started-at="2026-02-20T16:27:09 IST" name="configAM" finished-at="2026-02-20T16:27:09 IST" duration-ms="196" status="PASS">
          <reporter-output>
          </reporter-output>
        </test-method> <!-- configAM -->
        <test-method is-config="true" signature="configAC()[pri:0, instance:com.Settings.Departements.verifySearchDepartmentTest@12f3afb5]" started-at="2026-02-20T16:27:09 IST" name="configAC" finished-at="2026-02-20T16:27:10 IST" duration-ms="537" status="PASS">
          <reporter-output>
          </reporter-output>
        </test-method> <!-- configAC -->
      </class> <!-- com.Settings.Departements.verifySearchDepartmentTest -->
      <class name="com.Settings.DepartmentGroup.verifyRequiredFieldValidationForNameTest">
        <test-method is-config="true" signature="configBC()[pri:0, instance:com.Settings.DepartmentGroup.verifyRequiredFieldValidationForNameTest@6b85300e]" started-at="2026-02-20T16:28:53 IST" name="configBC" finished-at="2026-02-20T16:28:55 IST" duration-ms="1784" status="PASS">
          <reporter-output>
          </reporter-output>
        </test-method> <!-- configBC -->
        <test-method is-config="true" signature="configBM()[pri:0, instance:com.Settings.DepartmentGroup.verifyRequiredFieldValidationForNameTest@6b85300e]" started-at="2026-02-20T16:28:55 IST" name="configBM" finished-at="2026-02-20T16:28:57 IST" duration-ms="2170" status="PASS">
          <reporter-output>
          </reporter-output>
        </test-method> <!-- configBM -->
        <test-method signature="verifyRequiredFieldValidationForNameTest()[pri:0, instance:com.Settings.DepartmentGroup.verifyRequiredFieldValidationForNameTest@6b85300e]" started-at="2026-02-20T16:28:57 IST" name="verifyRequiredFieldValidationForNameTest" finished-at="2026-02-20T16:29:21 IST" duration-ms="24355" status="PASS">
          <reporter-output>
          </reporter-output>
        </test-method> <!-- verifyRequiredFieldValidationForNameTest -->
        <test-method is-config="true" signature="configAM()[pri:0, instance:com.Settings.DepartmentGroup.verifyRequiredFieldValidationForNameTest@6b85300e]" started-at="2026-02-20T16:29:21 IST" name="configAM" finished-at="2026-02-20T16:29:22 IST" duration-ms="121" status="PASS">
          <reporter-output>
          </reporter-output>
        </test-method> <!-- configAM -->
        <test-method is-config="true" signature="configAC()[pri:0, instance:com.Settings.DepartmentGroup.verifyRequiredFieldValidationForNameTest@6b85300e]" started-at="2026-02-20T16:29:22 IST" name="configAC" finished-at="2026-02-20T16:29:22 IST" duration-ms="510" status="PASS">
          <reporter-output>
          </reporter-output>
        </test-method> <!-- configAC -->
      </class> <!-- com.Settings.DepartmentGroup.verifyRequiredFieldValidationForNameTest -->
      <class name="com.Settings.Departements.verifyViewDepartmentTest">
        <test-method is-config="true" signature="configBC()[pri:0, instance:com.Settings.Departements.verifyViewDepartmentTest@4ced35ed]" started-at="2026-02-20T16:27:46 IST" name="configBC" finished-at="2026-02-20T16:27:48 IST" duration-ms="1811" status="PASS">
          <reporter-output>
          </reporter-output>
        </test-method> <!-- configBC -->
        <test-method is-config="true" signature="configBM()[pri:0, instance:com.Settings.Departements.verifyViewDepartmentTest@4ced35ed]" started-at="2026-02-20T16:27:48 IST" name="configBM" finished-at="2026-02-20T16:27:50 IST" duration-ms="2139" status="PASS">
          <reporter-output>
          </reporter-output>
        </test-method> <!-- configBM -->
        <test-method signature="verifyViewDepartmentTest()[pri:0, instance:com.Settings.Departements.verifyViewDepartmentTest@4ced35ed]" started-at="2026-02-20T16:27:50 IST" name="verifyViewDepartmentTest" finished-at="2026-02-20T16:28:14 IST" duration-ms="23506" status="PASS">
          <reporter-output>
          </reporter-output>
        </test-method> <!-- verifyViewDepartmentTest -->
        <test-method is-config="true" signature="configAM()[pri:0, instance:com.Settings.Departements.verifyViewDepartmentTest@4ced35ed]" started-at="2026-02-20T16:28:14 IST" name="configAM" finished-at="2026-02-20T16:28:14 IST" duration-ms="117" status="PASS">
          <reporter-output>
          </reporter-output>
        </test-method> <!-- configAM -->
        <test-method is-config="true" signature="configAC()[pri:0, instance:com.Settings.Departements.verifyViewDepartmentTest@4ced35ed]" started-at="2026-02-20T16:28:14 IST" name="configAC" finished-at="2026-02-20T16:28:14 IST" duration-ms="532" status="PASS">
          <reporter-output>
          </reporter-output>
        </test-method> <!-- configAC -->
      </class> <!-- com.Settings.Departements.verifyViewDepartmentTest -->
      <class name="com.DowntimeEnhacementPage.NavigateToDowntimeEnhancementPageTest">
        <test-method is-config="true" signature="configBC()[pri:0, instance:com.DowntimeEnhacementPage.NavigateToDowntimeEnhancementPageTest@10b3df93]" started-at="2026-02-20T16:22:21 IST" name="configBC" finished-at="2026-02-20T16:22:23 IST" duration-ms="1803" status="PASS">
          <reporter-output>
          </reporter-output>
        </test-method> <!-- configBC -->
        <test-method is-config="true" signature="configBM()[pri:0, instance:com.DowntimeEnhacementPage.NavigateToDowntimeEnhancementPageTest@10b3df93]" started-at="2026-02-20T16:22:23 IST" name="configBM" finished-at="2026-02-20T16:22:26 IST" duration-ms="2396" status="PASS">
          <reporter-output>
          </reporter-output>
        </test-method> <!-- configBM -->
        <test-method signature="NavigateToDowntimeEnhancementPage()[pri:0, instance:com.DowntimeEnhacementPage.NavigateToDowntimeEnhancementPageTest@10b3df93]" started-at="2026-02-20T16:22:26 IST" name="NavigateToDowntimeEnhancementPage" finished-at="2026-02-20T16:22:36 IST" duration-ms="10634" status="PASS">
          <reporter-output>
          </reporter-output>
        </test-method> <!-- NavigateToDowntimeEnhancementPage -->
        <test-method is-config="true" signature="configAM()[pri:0, instance:com.DowntimeEnhacementPage.NavigateToDowntimeEnhancementPageTest@10b3df93]" started-at="2026-02-20T16:22:36 IST" name="configAM" finished-at="2026-02-20T16:22:36 IST" duration-ms="103" status="PASS">
          <reporter-output>
          </reporter-output>
        </test-method> <!-- configAM -->
        <test-method is-config="true" signature="configAC()[pri:0, instance:com.DowntimeEnhacementPage.NavigateToDowntimeEnhancementPageTest@10b3df93]" started-at="2026-02-20T16:22:36 IST" name="configAC" finished-at="2026-02-20T16:22:37 IST" duration-ms="471" status="PASS">
          <reporter-output>
          </reporter-output>
        </test-method> <!-- configAC -->
      </class> <!-- com.DowntimeEnhacementPage.NavigateToDowntimeEnhancementPageTest -->
      <class name="com.DowntimeEnhacementPage.DowntimeEnhacemntTableDataTest">
        <test-method is-config="true" signature="configBC()[pri:0, instance:com.DowntimeEnhacementPage.DowntimeEnhacemntTableDataTest@3f2049b6]" started-at="2026-02-20T15:49:16 IST" name="configBC" finished-at="2026-02-20T15:49:18 IST" duration-ms="1241" status="PASS">
          <reporter-output>
          </reporter-output>
        </test-method> <!-- configBC -->
        <test-method is-config="true" signature="configBM()[pri:0, instance:com.DowntimeEnhacementPage.DowntimeEnhacemntTableDataTest@3f2049b6]" started-at="2026-02-20T15:49:18 IST" name="configBM" finished-at="2026-02-20T15:49:19 IST" duration-ms="1686" status="PASS">
          <reporter-output>
          </reporter-output>
        </test-method> <!-- configBM -->
        <test-method signature="DowntimeEnhacemntTableDataTest()[pri:0, instance:com.DowntimeEnhacementPage.DowntimeEnhacemntTableDataTest@3f2049b6]" started-at="2026-02-20T15:49:19 IST" name="DowntimeEnhacemntTableDataTest" finished-at="2026-02-20T15:49:28 IST" duration-ms="8638" status="PASS">
          <reporter-output>
          </reporter-output>
        </test-method> <!-- DowntimeEnhacemntTableDataTest -->
        <test-method is-config="true" signature="configAM()[pri:0, instance:com.DowntimeEnhacementPage.DowntimeEnhacemntTableDataTest@3f2049b6]" started-at="2026-02-20T15:49:28 IST" name="configAM" finished-at="2026-02-20T15:49:28 IST" duration-ms="87" status="PASS">
          <reporter-output>
          </reporter-output>
        </test-method> <!-- configAM -->
        <test-method is-config="true" signature="configAC()[pri:0, instance:com.DowntimeEnhacementPage.DowntimeEnhacemntTableDataTest@3f2049b6]" started-at="2026-02-20T15:49:28 IST" name="configAC" finished-at="2026-02-20T15:49:28 IST" duration-ms="372" status="PASS">
          <reporter-output>
          </reporter-output>
        </test-method> <!-- configAC -->
      </class> <!-- com.DowntimeEnhacementPage.DowntimeEnhacemntTableDataTest -->
      <class name="com.DowntimeAnalysisPage.DowntimeAnalysisNavigationTest">
        <test-method is-config="true" signature="configBC()[pri:0, instance:com.DowntimeAnalysisPage.DowntimeAnalysisNavigationTest@33a2499c]" started-at="2026-02-20T15:49:28 IST" name="configBC" finished-at="2026-02-20T15:49:30 IST" duration-ms="1250" status="PASS">
          <reporter-output>
          </reporter-output>
        </test-method> <!-- configBC -->
        <test-method is-config="true" signature="configBM()[pri:0, instance:com.DowntimeAnalysisPage.DowntimeAnalysisNavigationTest@33a2499c]" started-at="2026-02-20T15:49:30 IST" name="configBM" finished-at="2026-02-20T15:49:32 IST" duration-ms="2126" status="PASS">
          <reporter-output>
          </reporter-output>
        </test-method> <!-- configBM -->
        <test-method signature="DowntimeAnalysisNavigationTest()[pri:0, instance:com.DowntimeAnalysisPage.DowntimeAnalysisNavigationTest@33a2499c]" started-at="2026-02-20T15:49:32 IST" name="DowntimeAnalysisNavigationTest" finished-at="2026-02-20T15:49:38 IST" duration-ms="6051" status="PASS">
          <reporter-output>
          </reporter-output>
        </test-method> <!-- DowntimeAnalysisNavigationTest -->
        <test-method is-config="true" signature="configAM()[pri:0, instance:com.DowntimeAnalysisPage.DowntimeAnalysisNavigationTest@33a2499c]" started-at="2026-02-20T15:49:38 IST" name="configAM" finished-at="2026-02-20T15:49:38 IST" duration-ms="90" status="PASS">
          <reporter-output>
          </reporter-output>
        </test-method> <!-- configAM -->
        <test-method is-config="true" signature="configAC()[pri:0, instance:com.DowntimeAnalysisPage.DowntimeAnalysisNavigationTest@33a2499c]" started-at="2026-02-20T15:49:38 IST" name="configAC" finished-at="2026-02-20T15:49:38 IST" duration-ms="296" status="PASS">
          <reporter-output>
          </reporter-output>
        </test-method> <!-- configAC -->
      </class> <!-- com.DowntimeAnalysisPage.DowntimeAnalysisNavigationTest -->
      <class name="com.Settings.DepartmentGroup.verifyDefaultMTTRMTBFSourceSelectionTest">
        <test-method is-config="true" signature="configBC()[pri:0, instance:com.Settings.DepartmentGroup.verifyDefaultMTTRMTBFSourceSelectionTest@74d7184a]" started-at="2026-02-20T16:23:48 IST" name="configBC" finished-at="2026-02-20T16:23:50 IST" duration-ms="1790" status="PASS">
          <reporter-output>
          </reporter-output>
        </test-method> <!-- configBC -->
        <test-method is-config="true" signature="configBM()[pri:0, instance:com.Settings.DepartmentGroup.verifyDefaultMTTRMTBFSourceSelectionTest@74d7184a]" started-at="2026-02-20T16:23:50 IST" name="configBM" finished-at="2026-02-20T16:23:52 IST" duration-ms="2180" status="PASS">
          <reporter-output>
          </reporter-output>
        </test-method> <!-- configBM -->
        <test-method signature="verifyDefaultMTTRMTBFSourceSelectionTest()[pri:0, instance:com.Settings.DepartmentGroup.verifyDefaultMTTRMTBFSourceSelectionTest@74d7184a]" started-at="2026-02-20T16:23:52 IST" name="verifyDefaultMTTRMTBFSourceSelectionTest" finished-at="2026-02-20T16:24:16 IST" duration-ms="23830" status="PASS">
          <reporter-output>
          </reporter-output>
        </test-method> <!-- verifyDefaultMTTRMTBFSourceSelectionTest -->
        <test-method is-config="true" signature="configAM()[pri:0, instance:com.Settings.DepartmentGroup.verifyDefaultMTTRMTBFSourceSelectionTest@74d7184a]" started-at="2026-02-20T16:24:16 IST" name="configAM" finished-at="2026-02-20T16:24:16 IST" duration-ms="101" status="PASS">
          <reporter-output>
          </reporter-output>
        </test-method> <!-- configAM -->
        <test-method is-config="true" signature="configAC()[pri:0, instance:com.Settings.DepartmentGroup.verifyDefaultMTTRMTBFSourceSelectionTest@74d7184a]" started-at="2026-02-20T16:24:16 IST" name="configAC" finished-at="2026-02-20T16:24:16 IST" duration-ms="583" status="PASS">
          <reporter-output>
          </reporter-output>
        </test-method> <!-- configAC -->
      </class> <!-- com.Settings.DepartmentGroup.verifyDefaultMTTRMTBFSourceSelectionTest -->
      <class name="com.Settings.Departements.VerifyAddDepartmentTest">
        <test-method is-config="true" signature="configBC()[pri:0, instance:com.Settings.Departements.VerifyAddDepartmentTest@610db97e]" started-at="2026-02-20T15:47:55 IST" name="configBC" finished-at="2026-02-20T15:47:56 IST" duration-ms="1178" status="PASS">
          <reporter-output>
          </reporter-output>
        </test-method> <!-- configBC -->
        <test-method is-config="true" signature="configBM()[pri:0, instance:com.Settings.Departements.VerifyAddDepartmentTest@610db97e]" started-at="2026-02-20T15:47:56 IST" name="configBM" finished-at="2026-02-20T15:47:58 IST" duration-ms="1826" status="PASS">
          <reporter-output>
          </reporter-output>
        </test-method> <!-- configBM -->
        <test-method signature="VerifyAddDepartmentTest()[pri:0, instance:com.Settings.Departements.VerifyAddDepartmentTest@610db97e]" started-at="2026-02-20T15:47:58 IST" name="VerifyAddDepartmentTest" finished-at="2026-02-20T15:48:23 IST" duration-ms="24969" status="PASS">
          <reporter-output>
          </reporter-output>
        </test-method> <!-- VerifyAddDepartmentTest -->
        <test-method is-config="true" signature="configAM()[pri:0, instance:com.Settings.Departements.VerifyAddDepartmentTest@610db97e]" started-at="2026-02-20T15:48:23 IST" name="configAM" finished-at="2026-02-20T15:48:23 IST" duration-ms="100" status="PASS">
          <reporter-output>
          </reporter-output>
        </test-method> <!-- configAM -->
        <test-method is-config="true" signature="configAC()[pri:0, instance:com.Settings.Departements.VerifyAddDepartmentTest@610db97e]" started-at="2026-02-20T15:48:23 IST" name="configAC" finished-at="2026-02-20T15:48:23 IST" duration-ms="397" status="PASS">
          <reporter-output>
          </reporter-output>
        </test-method> <!-- configAC -->
      </class> <!-- com.Settings.Departements.VerifyAddDepartmentTest -->
      <class name="com.DowntimeShiftview.VerifyShiftCViewDisplaysDataForDifferentShiftsTest">
        <test-method is-config="true" signature="configBC()[pri:0, instance:com.DowntimeShiftview.VerifyShiftCViewDisplaysDataForDifferentShiftsTest@3abd581e]" started-at="2026-02-20T16:25:14 IST" name="configBC" finished-at="2026-02-20T16:25:16 IST" duration-ms="1867" status="PASS">
          <reporter-output>
          </reporter-output>
        </test-method> <!-- configBC -->
        <test-method is-config="true" signature="configBM()[pri:0, instance:com.DowntimeShiftview.VerifyShiftCViewDisplaysDataForDifferentShiftsTest@3abd581e]" started-at="2026-02-20T16:25:16 IST" name="configBM" finished-at="2026-02-20T16:25:18 IST" duration-ms="2000" status="PASS">
          <reporter-output>
          </reporter-output>
        </test-method> <!-- configBM -->
        <test-method signature="VerifyShiftBViewDisplaysDataForDifferentShiftsTest()[pri:0, instance:com.DowntimeShiftview.VerifyShiftCViewDisplaysDataForDifferentShiftsTest@3abd581e]" started-at="2026-02-20T16:25:18 IST" name="VerifyShiftBViewDisplaysDataForDifferentShiftsTest" finished-at="2026-02-20T16:25:24 IST" duration-ms="5875" status="PASS">
          <reporter-output>
          </reporter-output>
        </test-method> <!-- VerifyShiftBViewDisplaysDataForDifferentShiftsTest -->
        <test-method is-config="true" signature="configAM()[pri:0, instance:com.DowntimeShiftview.VerifyShiftCViewDisplaysDataForDifferentShiftsTest@3abd581e]" started-at="2026-02-20T16:25:24 IST" name="configAM" finished-at="2026-02-20T16:25:24 IST" duration-ms="121" status="PASS">
          <reporter-output>
          </reporter-output>
        </test-method> <!-- configAM -->
        <test-method is-config="true" signature="configAC()[pri:0, instance:com.DowntimeShiftview.VerifyShiftCViewDisplaysDataForDifferentShiftsTest@3abd581e]" started-at="2026-02-20T16:25:24 IST" name="configAC" finished-at="2026-02-20T16:25:25 IST" duration-ms="401" status="PASS">
          <reporter-output>
          </reporter-output>
        </test-method> <!-- configAC -->
      </class> <!-- com.DowntimeShiftview.VerifyShiftCViewDisplaysDataForDifferentShiftsTest -->
      <class name="com.DowntimeModule.DowntimeWorstMachineTest">
        <test-method is-config="true" signature="configBC()[pri:0, instance:com.DowntimeModule.DowntimeWorstMachineTest@7bdf6bb7]" started-at="2026-02-20T16:24:16 IST" name="configBC" finished-at="2026-02-20T16:24:18 IST" duration-ms="1757" status="PASS">
          <reporter-output>
          </reporter-output>
        </test-method> <!-- configBC -->
        <test-method is-config="true" signature="configBM()[pri:0, instance:com.DowntimeModule.DowntimeWorstMachineTest@7bdf6bb7]" started-at="2026-02-20T16:24:18 IST" name="configBM" finished-at="2026-02-20T16:24:20 IST" duration-ms="1942" status="PASS">
          <reporter-output>
          </reporter-output>
        </test-method> <!-- configBM -->
        <test-method signature="DowntimeWorstMachineTest()[pri:0, instance:com.DowntimeModule.DowntimeWorstMachineTest@7bdf6bb7]" started-at="2026-02-20T16:24:20 IST" name="DowntimeWorstMachineTest" finished-at="2026-02-20T16:24:34 IST" duration-ms="14195" status="PASS">
          <reporter-output>
          </reporter-output>
        </test-method> <!-- DowntimeWorstMachineTest -->
        <test-method is-config="true" signature="configAM()[pri:0, instance:com.DowntimeModule.DowntimeWorstMachineTest@7bdf6bb7]" started-at="2026-02-20T16:24:34 IST" name="configAM" finished-at="2026-02-20T16:24:34 IST" duration-ms="110" status="PASS">
          <reporter-output>
          </reporter-output>
        </test-method> <!-- configAM -->
        <test-method is-config="true" signature="configAC()[pri:0, instance:com.DowntimeModule.DowntimeWorstMachineTest@7bdf6bb7]" started-at="2026-02-20T16:24:34 IST" name="configAC" finished-at="2026-02-20T16:24:35 IST" duration-ms="467" status="PASS">
          <reporter-output>
          </reporter-output>
        </test-method> <!-- configAC -->
      </class> <!-- com.DowntimeModule.DowntimeWorstMachineTest -->
      <class name="com.DowntimeModule.DowntimeBestMachineTest">
        <test-method is-config="true" signature="configBC()[pri:0, instance:com.DowntimeModule.DowntimeBestMachineTest@51c929ae]" started-at="2026-02-20T15:36:07 IST" name="configBC" finished-at="2026-02-20T15:36:10 IST" duration-ms="2705" status="PASS">
          <reporter-output>
          </reporter-output>
        </test-method> <!-- configBC -->
        <test-method is-config="true" signature="configBM()[pri:0, instance:com.DowntimeModule.DowntimeBestMachineTest@51c929ae]" started-at="2026-02-20T15:36:10 IST" name="configBM" finished-at="2026-02-20T15:36:11 IST" duration-ms="1616" status="PASS">
          <reporter-output>
          </reporter-output>
        </test-method> <!-- configBM -->
        <test-method signature="DowntimeBestMachineTest()[pri:0, instance:com.DowntimeModule.DowntimeBestMachineTest@51c929ae]" started-at="2026-02-20T15:36:11 IST" name="DowntimeBestMachineTest" finished-at="2026-02-20T15:36:24 IST" duration-ms="12614" status="PASS">
          <reporter-output>
          </reporter-output>
        </test-method> <!-- DowntimeBestMachineTest -->
        <test-method is-config="true" signature="configAM()[pri:0, instance:com.DowntimeModule.DowntimeBestMachineTest@51c929ae]" started-at="2026-02-20T15:36:24 IST" name="configAM" finished-at="2026-02-20T15:36:24 IST" duration-ms="137" status="PASS">
          <reporter-output>
          </reporter-output>
        </test-method> <!-- configAM -->
        <test-method is-config="true" signature="configAC()[pri:0, instance:com.DowntimeModule.DowntimeBestMachineTest@51c929ae]" started-at="2026-02-20T15:36:24 IST" name="configAC" finished-at="2026-02-20T15:36:25 IST" duration-ms="385" status="PASS">
          <reporter-output>
          </reporter-output>
        </test-method> <!-- configAC -->
      </class> <!-- com.DowntimeModule.DowntimeBestMachineTest -->
      <class name="com.Settings.Departements.verifyDepartmentNameInputTest">
        <test-method is-config="true" signature="configBC()[pri:0, instance:com.Settings.Departements.verifyDepartmentNameInputTest@6f0628de]" started-at="2026-02-20T15:49:49 IST" name="configBC" finished-at="2026-02-20T15:49:50 IST" duration-ms="1388" status="PASS">
          <reporter-output>
          </reporter-output>
        </test-method> <!-- configBC -->
        <test-method is-config="true" signature="configBM()[pri:0, instance:com.Settings.Departements.verifyDepartmentNameInputTest@6f0628de]" started-at="2026-02-20T15:49:50 IST" name="configBM" finished-at="2026-02-20T15:49:52 IST" duration-ms="1984" status="PASS">
          <reporter-output>
          </reporter-output>
        </test-method> <!-- configBM -->
        <test-method signature="verifyRequiredFieldValidationTest()[pri:0, instance:com.Settings.Departements.verifyDepartmentNameInputTest@6f0628de]" started-at="2026-02-20T15:49:52 IST" name="verifyRequiredFieldValidationTest" finished-at="2026-02-20T15:50:17 IST" duration-ms="24847" status="PASS">
          <reporter-output>
          </reporter-output>
        </test-method> <!-- verifyRequiredFieldValidationTest -->
        <test-method is-config="true" signature="configAM()[pri:0, instance:com.Settings.Departements.verifyDepartmentNameInputTest@6f0628de]" started-at="2026-02-20T15:50:17 IST" name="configAM" finished-at="2026-02-20T15:50:17 IST" duration-ms="126" status="PASS">
          <reporter-output>
          </reporter-output>
        </test-method> <!-- configAM -->
        <test-method is-config="true" signature="configAC()[pri:0, instance:com.Settings.Departements.verifyDepartmentNameInputTest@6f0628de]" started-at="2026-02-20T15:50:17 IST" name="configAC" finished-at="2026-02-20T15:50:18 IST" duration-ms="317" status="PASS">
          <reporter-output>
          </reporter-output>
        </test-method> <!-- configAC -->
      </class> <!-- com.Settings.Departements.verifyDepartmentNameInputTest -->
    </test> <!-- Test -->
  </suite> <!-- Suite -->
</testng-results>
