<?xml version="1.0" encoding="UTF-8"?>
<testng-results ignored="0" total="13" passed="13" failed="0" skipped="0">
  <reporter-output>
  </reporter-output>
  <suite started-at="2026-01-21T17:34:07 IST" name="Default suite" finished-at="2026-01-21T17:37:00 IST" duration-ms="173279">
    <groups>
    </groups>
    <test started-at="2026-01-21T17:34:07 IST" name="Default test" finished-at="2026-01-21T17:37:00 IST" duration-ms="173279">
      <class name="com.ReasonLinkingPage.ReasonLinkingCycleTimeSourceFilterTest">
        <test-method is-config="true" signature="configBC()[pri:0, instance:com.ReasonLinkingPage.ReasonLinkingCycleTimeSourceFilterTest@65b3f4a4]" started-at="2026-01-21T17:34:07 IST" name="configBC" finished-at="2026-01-21T17:34:09 IST" duration-ms="1676" status="PASS">
          <reporter-output>
          </reporter-output>
        </test-method> <!-- configBC -->
        <test-method is-config="true" signature="configBM()[pri:0, instance:com.ReasonLinkingPage.ReasonLinkingCycleTimeSourceFilterTest@65b3f4a4]" started-at="2026-01-21T17:34:09 IST" name="configBM" finished-at="2026-01-21T17:34:13 IST" duration-ms="4149" status="PASS">
          <reporter-output>
          </reporter-output>
        </test-method> <!-- configBM -->
        <test-method signature="ReasonLinkingCycleTimeSourceFilterTest()[pri:0, instance:com.ReasonLinkingPage.ReasonLinkingCycleTimeSourceFilterTest@65b3f4a4]" started-at="2026-01-21T17:34:13 IST" name="ReasonLinkingCycleTimeSourceFilterTest" finished-at="2026-01-21T17:34:19 IST" duration-ms="6260" status="PASS">
          <reporter-output>
          </reporter-output>
        </test-method> <!-- ReasonLinkingCycleTimeSourceFilterTest -->
        <test-method is-config="true" signature="configAS()[pri:0, instance:com.ReasonLinkingPage.ReasonLinkingCycleTimeSourceFilterTest@65b3f4a4]" started-at="2026-01-21T17:34:19 IST" name="configAS" finished-at="2026-01-21T17:34:19 IST" duration-ms="0" status="PASS">
          <reporter-output>
          </reporter-output>
        </test-method> <!-- configAS -->
      </class> <!-- com.ReasonLinkingPage.ReasonLinkingCycleTimeSourceFilterTest -->
      <class name="com.ReasonLinkingPage.ReasonLinkingSingleLinkTest">
        <test-method is-config="true" signature="configBC()[pri:0, instance:com.ReasonLinkingPage.ReasonLinkingSingleLinkTest@186f8716]" started-at="2026-01-21T17:34:19 IST" name="configBC" finished-at="2026-01-21T17:34:21 IST" duration-ms="1401" status="PASS">
          <reporter-output>
          </reporter-output>
        </test-method> <!-- configBC -->
        <test-method is-config="true" signature="configBM()[pri:0, instance:com.ReasonLinkingPage.ReasonLinkingSingleLinkTest@186f8716]" started-at="2026-01-21T17:34:21 IST" name="configBM" finished-at="2026-01-21T17:34:25 IST" duration-ms="4479" status="PASS">
          <reporter-output>
          </reporter-output>
        </test-method> <!-- configBM -->
        <test-method signature="ReasonLinkingFunctionalityTest()[pri:0, instance:com.ReasonLinkingPage.ReasonLinkingSingleLinkTest@186f8716]" started-at="2026-01-21T17:34:25 IST" name="ReasonLinkingFunctionalityTest" finished-at="2026-01-21T17:34:31 IST" duration-ms="5332" status="PASS">
          <reporter-output>
          </reporter-output>
        </test-method> <!-- ReasonLinkingFunctionalityTest -->
        <test-method is-config="true" signature="configAS()[pri:0, instance:com.ReasonLinkingPage.ReasonLinkingSingleLinkTest@186f8716]" started-at="2026-01-21T17:34:31 IST" name="configAS" finished-at="2026-01-21T17:34:31 IST" duration-ms="1" status="PASS">
          <reporter-output>
          </reporter-output>
        </test-method> <!-- configAS -->
      </class> <!-- com.ReasonLinkingPage.ReasonLinkingSingleLinkTest -->
      <class name="com.ReasonLinkingPage.ReasonLinkingUnlinkedFilterTest">
        <test-method is-config="true" signature="configBC()[pri:0, instance:com.ReasonLinkingPage.ReasonLinkingUnlinkedFilterTest@45ca843]" started-at="2026-01-21T17:34:41 IST" name="configBC" finished-at="2026-01-21T17:34:42 IST" duration-ms="1631" status="PASS">
          <reporter-output>
          </reporter-output>
        </test-method> <!-- configBC -->
        <test-method is-config="true" signature="configBM()[pri:0, instance:com.ReasonLinkingPage.ReasonLinkingUnlinkedFilterTest@45ca843]" started-at="2026-01-21T17:34:42 IST" name="configBM" finished-at="2026-01-21T17:34:47 IST" duration-ms="4858" status="PASS">
          <reporter-output>
          </reporter-output>
        </test-method> <!-- configBM -->
        <test-method signature="ReasonLinkingUnlinkedFilterTest()[pri:0, instance:com.ReasonLinkingPage.ReasonLinkingUnlinkedFilterTest@45ca843]" started-at="2026-01-21T17:34:47 IST" name="ReasonLinkingUnlinkedFilterTest" finished-at="2026-01-21T17:34:51 IST" duration-ms="3840" status="PASS">
          <reporter-output>
          </reporter-output>
        </test-method> <!-- ReasonLinkingUnlinkedFilterTest -->
        <test-method is-config="true" signature="configAS()[pri:0, instance:com.ReasonLinkingPage.ReasonLinkingUnlinkedFilterTest@45ca843]" started-at="2026-01-21T17:34:51 IST" name="configAS" finished-at="2026-01-21T17:34:51 IST" duration-ms="0" status="PASS">
          <reporter-output>
          </reporter-output>
        </test-method> <!-- configAS -->
      </class> <!-- com.ReasonLinkingPage.ReasonLinkingUnlinkedFilterTest -->
      <class name="com.ReasonLinkingPage.ReasonLinkingLinkedExportTest">
        <test-method is-config="true" signature="configBC()[pri:0, instance:com.ReasonLinkingPage.ReasonLinkingLinkedExportTest@1d8bd0de]" started-at="2026-01-21T17:34:31 IST" name="configBC" finished-at="2026-01-21T17:34:32 IST" duration-ms="1372" status="PASS">
          <reporter-output>
          </reporter-output>
        </test-method> <!-- configBC -->
        <test-method is-config="true" signature="configBM()[pri:0, instance:com.ReasonLinkingPage.ReasonLinkingLinkedExportTest@1d8bd0de]" started-at="2026-01-21T17:34:32 IST" name="configBM" finished-at="2026-01-21T17:34:37 IST" duration-ms="4576" status="PASS">
          <reporter-output>
          </reporter-output>
        </test-method> <!-- configBM -->
        <test-method signature="ReasonLinkingLinkedExportTest()[pri:0, instance:com.ReasonLinkingPage.ReasonLinkingLinkedExportTest@1d8bd0de]" started-at="2026-01-21T17:34:37 IST" name="ReasonLinkingLinkedExportTest" finished-at="2026-01-21T17:34:41 IST" duration-ms="4029" status="PASS">
          <reporter-output>
          </reporter-output>
        </test-method> <!-- ReasonLinkingLinkedExportTest -->
        <test-method is-config="true" signature="configAS()[pri:0, instance:com.ReasonLinkingPage.ReasonLinkingLinkedExportTest@1d8bd0de]" started-at="2026-01-21T17:34:41 IST" name="configAS" finished-at="2026-01-21T17:34:41 IST" duration-ms="1" status="PASS">
          <reporter-output>
          </reporter-output>
        </test-method> <!-- configAS -->
      </class> <!-- com.ReasonLinkingPage.ReasonLinkingLinkedExportTest -->
      <class name="com.ReasonLinkingPage.ReasonLinkingHandlingSourceFilterTest">
        <test-method is-config="true" signature="configBC()[pri:0, instance:com.ReasonLinkingPage.ReasonLinkingHandlingSourceFilterTest@11c9af63]" started-at="2026-01-21T17:34:51 IST" name="configBC" finished-at="2026-01-21T17:34:52 IST" duration-ms="1423" status="PASS">
          <reporter-output>
          </reporter-output>
        </test-method> <!-- configBC -->
        <test-method is-config="true" signature="configBM()[pri:0, instance:com.ReasonLinkingPage.ReasonLinkingHandlingSourceFilterTest@11c9af63]" started-at="2026-01-21T17:34:52 IST" name="configBM" finished-at="2026-01-21T17:34:57 IST" duration-ms="5059" status="PASS">
          <reporter-output>
          </reporter-output>
        </test-method> <!-- configBM -->
        <test-method signature="ReasonLinkingHandlingSourceFilterTest()[pri:0, instance:com.ReasonLinkingPage.ReasonLinkingHandlingSourceFilterTest@11c9af63]" started-at="2026-01-21T17:34:57 IST" name="ReasonLinkingHandlingSourceFilterTest" finished-at="2026-01-21T17:35:02 IST" duration-ms="4332" status="PASS">
          <reporter-output>
          </reporter-output>
        </test-method> <!-- ReasonLinkingHandlingSourceFilterTest -->
        <test-method is-config="true" signature="configAS()[pri:0, instance:com.ReasonLinkingPage.ReasonLinkingHandlingSourceFilterTest@11c9af63]" started-at="2026-01-21T17:35:02 IST" name="configAS" finished-at="2026-01-21T17:35:02 IST" duration-ms="0" status="PASS">
          <reporter-output>
          </reporter-output>
        </test-method> <!-- configAS -->
      </class> <!-- com.ReasonLinkingPage.ReasonLinkingHandlingSourceFilterTest -->
      <class name="com.ReasonLinkingPage.BulkReasonLinkingCancelTest">
        <test-method is-config="true" signature="configBC()[pri:0, instance:com.ReasonLinkingPage.BulkReasonLinkingCancelTest@36b4fe2a]" started-at="2026-01-21T17:35:11 IST" name="configBC" finished-at="2026-01-21T17:35:12 IST" duration-ms="1411" status="PASS">
          <reporter-output>
          </reporter-output>
        </test-method> <!-- configBC -->
        <test-method is-config="true" signature="configBM()[pri:0, instance:com.ReasonLinkingPage.BulkReasonLinkingCancelTest@36b4fe2a]" started-at="2026-01-21T17:35:12 IST" name="configBM" finished-at="2026-01-21T17:35:18 IST" duration-ms="6246" status="PASS">
          <reporter-output>
          </reporter-output>
        </test-method> <!-- configBM -->
        <test-method signature="BulkReasonLinkingCancelTest()[pri:0, instance:com.ReasonLinkingPage.BulkReasonLinkingCancelTest@36b4fe2a]" started-at="2026-01-21T17:35:18 IST" name="BulkReasonLinkingCancelTest" finished-at="2026-01-21T17:35:55 IST" duration-ms="36208" status="PASS">
          <reporter-output>
          </reporter-output>
        </test-method> <!-- BulkReasonLinkingCancelTest -->
        <test-method is-config="true" signature="configAS()[pri:0, instance:com.ReasonLinkingPage.BulkReasonLinkingCancelTest@36b4fe2a]" started-at="2026-01-21T17:35:55 IST" name="configAS" finished-at="2026-01-21T17:35:55 IST" duration-ms="0" status="PASS">
          <reporter-output>
          </reporter-output>
        </test-method> <!-- configAS -->
      </class> <!-- com.ReasonLinkingPage.BulkReasonLinkingCancelTest -->
      <class name="com.ReasonLinkingPage.ReasonLinkingNavigationTest">
        <test-method is-config="true" signature="configBC()[pri:0, instance:com.ReasonLinkingPage.ReasonLinkingNavigationTest@757acd7b]" started-at="2026-01-21T17:35:02 IST" name="configBC" finished-at="2026-01-21T17:35:03 IST" duration-ms="1536" status="PASS">
          <reporter-output>
          </reporter-output>
        </test-method> <!-- configBC -->
        <test-method is-config="true" signature="configBM()[pri:0, instance:com.ReasonLinkingPage.ReasonLinkingNavigationTest@757acd7b]" started-at="2026-01-21T17:35:03 IST" name="configBM" finished-at="2026-01-21T17:35:08 IST" duration-ms="4713" status="PASS">
          <reporter-output>
          </reporter-output>
        </test-method> <!-- configBM -->
        <test-method signature="ReasonLinkingNavigationTest()[pri:0, instance:com.ReasonLinkingPage.ReasonLinkingNavigationTest@757acd7b]" started-at="2026-01-21T17:35:08 IST" name="ReasonLinkingNavigationTest" finished-at="2026-01-21T17:35:11 IST" duration-ms="2727" status="PASS">
          <reporter-output>
          </reporter-output>
        </test-method> <!-- ReasonLinkingNavigationTest -->
        <test-method is-config="true" signature="configAS()[pri:0, instance:com.ReasonLinkingPage.ReasonLinkingNavigationTest@757acd7b]" started-at="2026-01-21T17:35:11 IST" name="configAS" finished-at="2026-01-21T17:35:11 IST" duration-ms="0" status="PASS">
          <reporter-output>
          </reporter-output>
        </test-method> <!-- configAS -->
      </class> <!-- com.ReasonLinkingPage.ReasonLinkingNavigationTest -->
      <class name="com.ReasonLinkingPage.ReasonLinkingCombinedTest">
        <test-method is-config="true" signature="configBC()[pri:0, instance:com.ReasonLinkingPage.ReasonLinkingCombinedTest@ba54932]" started-at="2026-01-21T17:36:03 IST" name="configBC" finished-at="2026-01-21T17:36:04 IST" duration-ms="1432" status="PASS">
          <reporter-output>
          </reporter-output>
        </test-method> <!-- configBC -->
        <test-method is-config="true" signature="configBM()[pri:0, instance:com.ReasonLinkingPage.ReasonLinkingCombinedTest@ba54932]" started-at="2026-01-21T17:36:04 IST" name="configBM" finished-at="2026-01-21T17:36:09 IST" duration-ms="4550" status="PASS">
          <reporter-output>
          </reporter-output>
        </test-method> <!-- configBM -->
        <test-method signature="ReasonLinkingCombinedTest()[pri:0, instance:com.ReasonLinkingPage.ReasonLinkingCombinedTest@ba54932]" started-at="2026-01-21T17:36:09 IST" name="ReasonLinkingCombinedTest" finished-at="2026-01-21T17:36:12 IST" duration-ms="2699" status="PASS">
          <reporter-output>
          </reporter-output>
        </test-method> <!-- ReasonLinkingCombinedTest -->
        <test-method is-config="true" signature="configAS()[pri:0, instance:com.ReasonLinkingPage.ReasonLinkingCombinedTest@ba54932]" started-at="2026-01-21T17:36:12 IST" name="configAS" finished-at="2026-01-21T17:36:12 IST" duration-ms="1" status="PASS">
          <reporter-output>
          </reporter-output>
        </test-method> <!-- configAS -->
      </class> <!-- com.ReasonLinkingPage.ReasonLinkingCombinedTest -->
      <class name="com.ReasonLinkingPage.ReasonLinkingLinkedFilterTest">
        <test-method is-config="true" signature="configBC()[pri:0, instance:com.ReasonLinkingPage.ReasonLinkingLinkedFilterTest@574b560f]" started-at="2026-01-21T17:35:55 IST" name="configBC" finished-at="2026-01-21T17:35:56 IST" duration-ms="1204" status="PASS">
          <reporter-output>
          </reporter-output>
        </test-method> <!-- configBC -->
        <test-method is-config="true" signature="configBM()[pri:0, instance:com.ReasonLinkingPage.ReasonLinkingLinkedFilterTest@574b560f]" started-at="2026-01-21T17:35:56 IST" name="configBM" finished-at="2026-01-21T17:36:00 IST" duration-ms="4445" status="PASS">
          <reporter-output>
          </reporter-output>
        </test-method> <!-- configBM -->
        <test-method signature="ReasonLinkingLinkedFilterTest()[pri:0, instance:com.ReasonLinkingPage.ReasonLinkingLinkedFilterTest@574b560f]" started-at="2026-01-21T17:36:00 IST" name="ReasonLinkingLinkedFilterTest" finished-at="2026-01-21T17:36:03 IST" duration-ms="2652" status="PASS">
          <reporter-output>
          </reporter-output>
        </test-method> <!-- ReasonLinkingLinkedFilterTest -->
        <test-method is-config="true" signature="configAS()[pri:0, instance:com.ReasonLinkingPage.ReasonLinkingLinkedFilterTest@574b560f]" started-at="2026-01-21T17:36:03 IST" name="configAS" finished-at="2026-01-21T17:36:03 IST" duration-ms="1" status="PASS">
          <reporter-output>
          </reporter-output>
        </test-method> <!-- configAS -->
      </class> <!-- com.ReasonLinkingPage.ReasonLinkingLinkedFilterTest -->
      <class name="com.ReasonLinkingPage.ReasonLinkingFilterDataValidationTest">
        <test-method is-config="true" signature="configBC()[pri:0, instance:com.ReasonLinkingPage.ReasonLinkingFilterDataValidationTest@28975c28]" started-at="2026-01-21T17:36:12 IST" name="configBC" finished-at="2026-01-21T17:36:13 IST" duration-ms="1570" status="PASS">
          <reporter-output>
          </reporter-output>
        </test-method> <!-- configBC -->
        <test-method is-config="true" signature="configBM()[pri:0, instance:com.ReasonLinkingPage.ReasonLinkingFilterDataValidationTest@28975c28]" started-at="2026-01-21T17:36:13 IST" name="configBM" finished-at="2026-01-21T17:36:18 IST" duration-ms="5087" status="PASS">
          <reporter-output>
          </reporter-output>
        </test-method> <!-- configBM -->
        <test-method signature="ReasonLinkingFilterDataValidationTest()[pri:0, instance:com.ReasonLinkingPage.ReasonLinkingFilterDataValidationTest@28975c28]" started-at="2026-01-21T17:36:18 IST" name="ReasonLinkingFilterDataValidationTest" finished-at="2026-01-21T17:36:21 IST" duration-ms="2650" status="PASS">
          <reporter-output>
          </reporter-output>
        </test-method> <!-- ReasonLinkingFilterDataValidationTest -->
        <test-method is-config="true" signature="configAS()[pri:0, instance:com.ReasonLinkingPage.ReasonLinkingFilterDataValidationTest@28975c28]" started-at="2026-01-21T17:36:21 IST" name="configAS" finished-at="2026-01-21T17:36:21 IST" duration-ms="0" status="PASS">
          <reporter-output>
          </reporter-output>
        </test-method> <!-- configAS -->
      </class> <!-- com.ReasonLinkingPage.ReasonLinkingFilterDataValidationTest -->
      <class name="com.ReasonLinkingPage.ReasonLinkingCombinedExportTest">
        <test-method is-config="true" signature="configBC()[pri:0, instance:com.ReasonLinkingPage.ReasonLinkingCombinedExportTest@343570b7]" started-at="2026-01-21T17:36:32 IST" name="configBC" finished-at="2026-01-21T17:36:34 IST" duration-ms="1522" status="PASS">
          <reporter-output>
          </reporter-output>
        </test-method> <!-- configBC -->
        <test-method is-config="true" signature="configBM()[pri:0, instance:com.ReasonLinkingPage.ReasonLinkingCombinedExportTest@343570b7]" started-at="2026-01-21T17:36:34 IST" name="configBM" finished-at="2026-01-21T17:36:39 IST" duration-ms="5150" status="PASS">
          <reporter-output>
          </reporter-output>
        </test-method> <!-- configBM -->
        <test-method signature="ReasonLinkingCombinedExportTest()[pri:0, instance:com.ReasonLinkingPage.ReasonLinkingCombinedExportTest@343570b7]" started-at="2026-01-21T17:36:39 IST" name="ReasonLinkingCombinedExportTest" finished-at="2026-01-21T17:36:46 IST" duration-ms="6394" status="PASS">
          <reporter-output>
          </reporter-output>
        </test-method> <!-- ReasonLinkingCombinedExportTest -->
        <test-method is-config="true" signature="configAS()[pri:0, instance:com.ReasonLinkingPage.ReasonLinkingCombinedExportTest@343570b7]" started-at="2026-01-21T17:36:46 IST" name="configAS" finished-at="2026-01-21T17:36:46 IST" duration-ms="1" status="PASS">
          <reporter-output>
          </reporter-output>
        </test-method> <!-- configAS -->
      </class> <!-- com.ReasonLinkingPage.ReasonLinkingCombinedExportTest -->
      <class name="com.ReasonLinkingPage.BulkReasonLinkingFunctionalityTest">
        <test-method is-config="true" signature="configBC()[pri:0, instance:com.ReasonLinkingPage.BulkReasonLinkingFunctionalityTest@3943a2be]" started-at="2026-01-21T17:36:21 IST" name="configBC" finished-at="2026-01-21T17:36:22 IST" duration-ms="1347" status="PASS">
          <reporter-output>
          </reporter-output>
        </test-method> <!-- configBC -->
        <test-method is-config="true" signature="configBM()[pri:0, instance:com.ReasonLinkingPage.BulkReasonLinkingFunctionalityTest@3943a2be]" started-at="2026-01-21T17:36:22 IST" name="configBM" finished-at="2026-01-21T17:36:27 IST" duration-ms="4404" status="PASS">
          <reporter-output>
          </reporter-output>
        </test-method> <!-- configBM -->
        <test-method signature="BulkReasonLinkingFunctionalityTest()[pri:0, instance:com.ReasonLinkingPage.BulkReasonLinkingFunctionalityTest@3943a2be]" started-at="2026-01-21T17:36:27 IST" name="BulkReasonLinkingFunctionalityTest" finished-at="2026-01-21T17:36:32 IST" duration-ms="5869" status="PASS">
          <reporter-output>
          </reporter-output>
        </test-method> <!-- BulkReasonLinkingFunctionalityTest -->
        <test-method is-config="true" signature="configAS()[pri:0, instance:com.ReasonLinkingPage.BulkReasonLinkingFunctionalityTest@3943a2be]" started-at="2026-01-21T17:36:32 IST" name="configAS" finished-at="2026-01-21T17:36:32 IST" duration-ms="1" status="PASS">
          <reporter-output>
          </reporter-output>
        </test-method> <!-- configAS -->
      </class> <!-- com.ReasonLinkingPage.BulkReasonLinkingFunctionalityTest -->
      <class name="com.ReasonLinkingPage.ReasonLinkingUnlinkedExportTest">
        <test-method is-config="true" signature="configBC()[pri:0, instance:com.ReasonLinkingPage.ReasonLinkingUnlinkedExportTest@157853da]" started-at="2026-01-21T17:36:46 IST" name="configBC" finished-at="2026-01-21T17:36:47 IST" duration-ms="1656" status="PASS">
          <reporter-output>
          </reporter-output>
        </test-method> <!-- configBC -->
        <test-method is-config="true" signature="configBM()[pri:0, instance:com.ReasonLinkingPage.ReasonLinkingUnlinkedExportTest@157853da]" started-at="2026-01-21T17:36:47 IST" name="configBM" finished-at="2026-01-21T17:36:51 IST" duration-ms="4211" status="PASS">
          <reporter-output>
          </reporter-output>
        </test-method> <!-- configBM -->
        <test-method signature="ReasonLinkingUnlinkedExportTest()[pri:0, instance:com.ReasonLinkingPage.ReasonLinkingUnlinkedExportTest@157853da]" started-at="2026-01-21T17:36:51 IST" name="ReasonLinkingUnlinkedExportTest" finished-at="2026-01-21T17:37:00 IST" duration-ms="9060" status="PASS">
          <reporter-output>
          </reporter-output>
        </test-method> <!-- ReasonLinkingUnlinkedExportTest -->
        <test-method is-config="true" signature="configAS()[pri:0, instance:com.ReasonLinkingPage.ReasonLinkingUnlinkedExportTest@157853da]" started-at="2026-01-21T17:37:00 IST" name="configAS" finished-at="2026-01-21T17:37:00 IST" duration-ms="0" status="PASS">
          <reporter-output>
          </reporter-output>
        </test-method> <!-- configAS -->
      </class> <!-- com.ReasonLinkingPage.ReasonLinkingUnlinkedExportTest -->
    </test> <!-- Default test -->
  </suite> <!-- Default suite -->
</testng-results>
