<?xml version="1.0" encoding="UTF-8"?>
<testng-results ignored="0" total="1" passed="1" failed="0" skipped="0">
  <reporter-output>
  </reporter-output>
  <suite started-at="2026-02-17T15:27:21 IST" name="Default suite" finished-at="2026-02-17T15:27:29 IST" duration-ms="8205">
    <groups>
    </groups>
    <test started-at="2026-02-17T15:27:21 IST" name="Default test" finished-at="2026-02-17T15:27:29 IST" duration-ms="8205">
      <class name="AddReasonPage.VerifytheReasonEditfunctionalityTest">
        <test-method is-config="true" signature="configBC()[pri:0, instance:AddReasonPage.VerifytheReasonEditfunctionalityTest@394a2528]" started-at="2026-02-17T15:27:21 IST" name="configBC" finished-at="2026-02-17T15:27:23 IST" duration-ms="2311" status="PASS">
          <reporter-output>
          </reporter-output>
        </test-method> <!-- configBC -->
        <test-method is-config="true" signature="configBM()[pri:0, instance:AddReasonPage.VerifytheReasonEditfunctionalityTest@394a2528]" started-at="2026-02-17T15:27:23 IST" name="configBM" finished-at="2026-02-17T15:27:25 IST" duration-ms="2044" status="PASS">
          <reporter-output>
          </reporter-output>
        </test-method> <!-- configBM -->
        <test-method signature="VerifytheReasonEditfunctionalityTest()[pri:0, instance:AddReasonPage.VerifytheReasonEditfunctionalityTest@394a2528]" started-at="2026-02-17T15:27:25 IST" name="VerifytheReasonEditfunctionalityTest" finished-at="2026-02-17T15:27:29 IST" duration-ms="3785" status="PASS">
          <reporter-output>
          </reporter-output>
        </test-method> <!-- VerifytheReasonEditfunctionalityTest -->
      </class> <!-- AddReasonPage.VerifytheReasonEditfunctionalityTest -->
    </test> <!-- Default test -->
  </suite> <!-- Default suite -->
</testng-results>
