<?xml version="1.0" encoding="UTF-8"?>
<testng-results ignored="0" total="1" passed="1" failed="0" skipped="0">
  <reporter-output>
  </reporter-output>
  <suite started-at="2026-04-09T16:47:50 IST" name="Default suite" finished-at="2026-04-09T16:47:58 IST" duration-ms="7646">
    <groups>
    </groups>
    <test started-at="2026-04-09T16:47:50 IST" name="Default test" finished-at="2026-04-09T16:47:58 IST" duration-ms="7646">
      <class name="com.RecipeMasterPage.VerifytheaddRecipefunctionalityTest">
        <test-method is-config="true" signature="configBC()[pri:0, instance:com.RecipeMasterPage.VerifytheaddRecipefunctionalityTest@394a2528]" started-at="2026-04-09T16:47:50 IST" name="configBC" finished-at="2026-04-09T16:47:52 IST" duration-ms="1808" status="PASS">
          <reporter-output>
          </reporter-output>
        </test-method> <!-- configBC -->
        <test-method is-config="true" signature="configBM()[pri:0, instance:com.RecipeMasterPage.VerifytheaddRecipefunctionalityTest@394a2528]" started-at="2026-04-09T16:47:52 IST" name="configBM" finished-at="2026-04-09T16:47:55 IST" duration-ms="2373" status="PASS">
          <reporter-output>
          </reporter-output>
        </test-method> <!-- configBM -->
        <test-method signature="VerifytheaddRecipefunctionalityTest()[pri:0, instance:com.RecipeMasterPage.VerifytheaddRecipefunctionalityTest@394a2528]" started-at="2026-04-09T16:47:55 IST" name="VerifytheaddRecipefunctionalityTest" finished-at="2026-04-09T16:47:58 IST" duration-ms="3425" status="PASS">
          <reporter-output>
          </reporter-output>
        </test-method> <!-- VerifytheaddRecipefunctionalityTest -->
      </class> <!-- com.RecipeMasterPage.VerifytheaddRecipefunctionalityTest -->
    </test> <!-- Default test -->
  </suite> <!-- Default suite -->
</testng-results>
