<?xml version="1.0" encoding="UTF-8"?>
<testng-results ignored="0" total="17" passed="16" failed="0" skipped="1">
  <reporter-output>
  </reporter-output>
  <suite started-at="2026-09-10T16:11:11 IST" name="Default suite" finished-at="2026-09-10T16:18:03 IST" duration-ms="411748">
    <groups>
    </groups>
    <test started-at="2026-09-10T16:11:11 IST" name="Default test" finished-at="2026-09-10T16:18:03 IST" duration-ms="411748">
      <class name="com.RCAReport.VerifytheElementWiseSummaryViewTable">
        <test-method is-config="true" signature="configBC()[pri:0, instance:com.RCAReport.VerifytheElementWiseSummaryViewTable@ba54932]" started-at="2026-09-10T16:11:11 IST" name="configBC" finished-at="2026-09-10T16:11:18 IST" duration-ms="6389" status="PASS">
          <reporter-output>
          </reporter-output>
        </test-method> <!-- configBC -->
        <test-method is-config="true" signature="configBM()[pri:0, instance:com.RCAReport.VerifytheElementWiseSummaryViewTable@ba54932]" started-at="2026-09-10T16:11:18 IST" name="configBM" finished-at="2026-09-10T16:11:20 IST" duration-ms="2317" status="PASS">
          <reporter-output>
          </reporter-output>
        </test-method> <!-- configBM -->
        <test-method signature="VerifytheElementWiseSummaryViewTable()[pri:0, instance:com.RCAReport.VerifytheElementWiseSummaryViewTable@ba54932]" started-at="2026-09-10T16:11:20 IST" name="VerifytheElementWiseSummaryViewTable" finished-at="2026-09-10T16:11:34 IST" duration-ms="13928" status="PASS">
          <reporter-output>
          </reporter-output>
        </test-method> <!-- VerifytheElementWiseSummaryViewTable -->
        <test-method is-config="true" signature="configAM()[pri:0, instance:com.RCAReport.VerifytheElementWiseSummaryViewTable@ba54932]" started-at="2026-09-10T16:11:34 IST" name="configAM" finished-at="2026-09-10T16:11:34 IST" duration-ms="270" status="PASS">
          <reporter-output>
          </reporter-output>
        </test-method> <!-- configAM -->
        <test-method is-config="true" signature="configAC()[pri:0, instance:com.RCAReport.VerifytheElementWiseSummaryViewTable@ba54932]" started-at="2026-09-10T16:11:34 IST" name="configAC" finished-at="2026-09-10T16:11:35 IST" duration-ms="1016" status="PASS">
          <reporter-output>
          </reporter-output>
        </test-method> <!-- configAC -->
      </class> <!-- com.RCAReport.VerifytheElementWiseSummaryViewTable -->
      <class name="com.RCAReport.VerifytheAggregatedSummaryViewTable">
        <test-method is-config="true" signature="configBC()[pri:0, instance:com.RCAReport.VerifytheAggregatedSummaryViewTable@3cc1435c]" started-at="2026-09-10T16:11:52 IST" name="configBC" finished-at="2026-09-10T16:11:55 IST" duration-ms="3375" status="PASS">
          <reporter-output>
          </reporter-output>
        </test-method> <!-- configBC -->
        <test-method is-config="true" signature="configBM()[pri:0, instance:com.RCAReport.VerifytheAggregatedSummaryViewTable@3cc1435c]" started-at="2026-09-10T16:11:55 IST" name="configBM" finished-at="2026-09-10T16:11:57 IST" duration-ms="2140" status="PASS">
          <reporter-output>
          </reporter-output>
        </test-method> <!-- configBM -->
        <test-method signature="VerifytheAggregatedSummaryViewTable()[pri:0, instance:com.RCAReport.VerifytheAggregatedSummaryViewTable@3cc1435c]" started-at="2026-09-10T16:11:57 IST" name="VerifytheAggregatedSummaryViewTable" finished-at="2026-09-10T16:12:11 IST" duration-ms="13587" status="PASS">
          <reporter-output>
          </reporter-output>
        </test-method> <!-- VerifytheAggregatedSummaryViewTable -->
        <test-method is-config="true" signature="configAM()[pri:0, instance:com.RCAReport.VerifytheAggregatedSummaryViewTable@3cc1435c]" started-at="2026-09-10T16:12:11 IST" name="configAM" finished-at="2026-09-10T16:12:11 IST" duration-ms="211" status="PASS">
          <reporter-output>
          </reporter-output>
        </test-method> <!-- configAM -->
        <test-method is-config="true" signature="configAC()[pri:0, instance:com.RCAReport.VerifytheAggregatedSummaryViewTable@3cc1435c]" started-at="2026-09-10T16:12:11 IST" name="configAC" finished-at="2026-09-10T16:12:12 IST" duration-ms="1006" status="PASS">
          <reporter-output>
          </reporter-output>
        </test-method> <!-- configAC -->
      </class> <!-- com.RCAReport.VerifytheAggregatedSummaryViewTable -->
      <class name="com.RCAReport.VerifytheRCAReportPageNavigation">
        <test-method is-config="true" signature="configBC()[pri:0, instance:com.RCAReport.VerifytheRCAReportPageNavigation@236e3f4e]" started-at="2026-09-10T16:11:35 IST" name="configBC" finished-at="2026-09-10T16:11:38 IST" duration-ms="2755" status="PASS">
          <reporter-output>
          </reporter-output>
        </test-method> <!-- configBC -->
        <test-method is-config="true" signature="configBM()[pri:0, instance:com.RCAReport.VerifytheRCAReportPageNavigation@236e3f4e]" started-at="2026-09-10T16:11:38 IST" name="configBM" finished-at="2026-09-10T16:11:41 IST" duration-ms="2578" status="PASS">
          <reporter-output>
          </reporter-output>
        </test-method> <!-- configBM -->
        <test-method signature="VerifytheRCAReportPageNavigation()[pri:0, instance:com.RCAReport.VerifytheRCAReportPageNavigation@236e3f4e]" started-at="2026-09-10T16:11:41 IST" name="VerifytheRCAReportPageNavigation" finished-at="2026-09-10T16:11:50 IST" duration-ms="9164" status="PASS">
          <reporter-output>
          </reporter-output>
        </test-method> <!-- VerifytheRCAReportPageNavigation -->
        <test-method is-config="true" signature="configAM()[pri:0, instance:com.RCAReport.VerifytheRCAReportPageNavigation@236e3f4e]" started-at="2026-09-10T16:11:50 IST" name="configAM" finished-at="2026-09-10T16:11:51 IST" duration-ms="1036" status="PASS">
          <reporter-output>
          </reporter-output>
        </test-method> <!-- configAM -->
        <test-method is-config="true" signature="configAC()[pri:0, instance:com.RCAReport.VerifytheRCAReportPageNavigation@236e3f4e]" started-at="2026-09-10T16:11:51 IST" name="configAC" finished-at="2026-09-10T16:11:52 IST" duration-ms="833" status="PASS">
          <reporter-output>
          </reporter-output>
        </test-method> <!-- configAC -->
      </class> <!-- com.RCAReport.VerifytheRCAReportPageNavigation -->
      <class name="com.RCAReport.VerifytheSkus">
        <test-method is-config="true" signature="configBC()[pri:0, instance:com.RCAReport.VerifytheSkus@dd0c991]" started-at="2026-09-10T16:12:29 IST" name="configBC" finished-at="2026-09-10T16:12:32 IST" duration-ms="3588" status="PASS">
          <reporter-output>
          </reporter-output>
        </test-method> <!-- configBC -->
        <test-method is-config="true" signature="configBM()[pri:0, instance:com.RCAReport.VerifytheSkus@dd0c991]" started-at="2026-09-10T16:12:32 IST" name="configBM" finished-at="2026-09-10T16:12:35 IST" duration-ms="2279" status="PASS">
          <reporter-output>
          </reporter-output>
        </test-method> <!-- configBM -->
        <test-method signature="VerifytheSkus()[pri:0, instance:com.RCAReport.VerifytheSkus@dd0c991]" started-at="2026-09-10T16:12:35 IST" name="VerifytheSkus" finished-at="2026-09-10T16:12:45 IST" duration-ms="10780" status="PASS">
          <reporter-output>
          </reporter-output>
        </test-method> <!-- VerifytheSkus -->
        <test-method is-config="true" signature="configAM()[pri:0, instance:com.RCAReport.VerifytheSkus@dd0c991]" started-at="2026-09-10T16:12:45 IST" name="configAM" finished-at="2026-09-10T16:12:46 IST" duration-ms="285" status="PASS">
          <reporter-output>
          </reporter-output>
        </test-method> <!-- configAM -->
        <test-method is-config="true" signature="configAC()[pri:0, instance:com.RCAReport.VerifytheSkus@dd0c991]" started-at="2026-09-10T16:12:46 IST" name="configAC" finished-at="2026-09-10T16:12:46 IST" duration-ms="791" status="PASS">
          <reporter-output>
          </reporter-output>
        </test-method> <!-- configAC -->
      </class> <!-- com.RCAReport.VerifytheSkus -->
      <class name="com.RCAReport.VerifytheGreenProductiondata">
        <test-method is-config="true" signature="configBC()[pri:0, instance:com.RCAReport.VerifytheGreenProductiondata@6bf0219d]" started-at="2026-09-10T16:12:12 IST" name="configBC" finished-at="2026-09-10T16:12:16 IST" duration-ms="3703" status="PASS">
          <reporter-output>
          </reporter-output>
        </test-method> <!-- configBC -->
        <test-method is-config="true" signature="configBM()[pri:0, instance:com.RCAReport.VerifytheGreenProductiondata@6bf0219d]" started-at="2026-09-10T16:12:16 IST" name="configBM" finished-at="2026-09-10T16:12:18 IST" duration-ms="1946" status="PASS">
          <reporter-output>
          </reporter-output>
        </test-method> <!-- configBM -->
        <test-method signature="VerifytheGreenProductiondata()[pri:0, instance:com.RCAReport.VerifytheGreenProductiondata@6bf0219d]" started-at="2026-09-10T16:12:18 IST" name="VerifytheGreenProductiondata" finished-at="2026-09-10T16:12:27 IST" duration-ms="9829" status="PASS">
          <reporter-output>
          </reporter-output>
        </test-method> <!-- VerifytheGreenProductiondata -->
        <test-method is-config="true" signature="configAM()[pri:0, instance:com.RCAReport.VerifytheGreenProductiondata@6bf0219d]" started-at="2026-09-10T16:12:27 IST" name="configAM" finished-at="2026-09-10T16:12:28 IST" duration-ms="295" status="PASS">
          <reporter-output>
          </reporter-output>
        </test-method> <!-- configAM -->
        <test-method is-config="true" signature="configAC()[pri:0, instance:com.RCAReport.VerifytheGreenProductiondata@6bf0219d]" started-at="2026-09-10T16:12:28 IST" name="configAC" finished-at="2026-09-10T16:12:29 IST" duration-ms="936" status="PASS">
          <reporter-output>
          </reporter-output>
        </test-method> <!-- configAC -->
      </class> <!-- com.RCAReport.VerifytheGreenProductiondata -->
      <class name="com.RCAReport.VerifytheRunningCTModeANDTargetCT">
        <test-method is-config="true" signature="configBC()[pri:0, instance:com.RCAReport.VerifytheRunningCTModeANDTargetCT@5f16132a]" started-at="2026-09-10T16:12:46 IST" name="configBC" finished-at="2026-09-10T16:12:49 IST" duration-ms="2821" status="PASS">
          <reporter-output>
          </reporter-output>
        </test-method> <!-- configBC -->
        <test-method is-config="true" signature="configBM()[pri:0, instance:com.RCAReport.VerifytheRunningCTModeANDTargetCT@5f16132a]" started-at="2026-09-10T16:12:49 IST" name="configBM" finished-at="2026-09-10T16:12:52 IST" duration-ms="2292" status="PASS">
          <reporter-output>
          </reporter-output>
        </test-method> <!-- configBM -->
        <test-method signature="VerifytheRunningCTModeANDTargetCT()[pri:0, instance:com.RCAReport.VerifytheRunningCTModeANDTargetCT@5f16132a]" started-at="2026-09-10T16:12:52 IST" name="VerifytheRunningCTModeANDTargetCT" finished-at="2026-09-10T16:13:05 IST" duration-ms="13012" status="PASS">
          <reporter-output>
          </reporter-output>
        </test-method> <!-- VerifytheRunningCTModeANDTargetCT -->
        <test-method is-config="true" signature="configAM()[pri:0, instance:com.RCAReport.VerifytheRunningCTModeANDTargetCT@5f16132a]" started-at="2026-09-10T16:13:05 IST" name="configAM" finished-at="2026-09-10T16:13:05 IST" duration-ms="279" status="PASS">
          <reporter-output>
          </reporter-output>
        </test-method> <!-- configAM -->
        <test-method is-config="true" signature="configAC()[pri:0, instance:com.RCAReport.VerifytheRunningCTModeANDTargetCT@5f16132a]" started-at="2026-09-10T16:13:05 IST" name="configAC" finished-at="2026-09-10T16:13:06 IST" duration-ms="1502" status="PASS">
          <reporter-output>
          </reporter-output>
        </test-method> <!-- configAC -->
      </class> <!-- com.RCAReport.VerifytheRunningCTModeANDTargetCT -->
      <class name="com.RCAReport.VerifyMachinewiseSummaryBarChart">
        <test-method is-config="true" signature="configBC()[pri:0, instance:com.RCAReport.VerifyMachinewiseSummaryBarChart@69fb6037]" started-at="2026-09-10T16:13:06 IST" name="configBC" finished-at="2026-09-10T16:13:12 IST" duration-ms="5771" status="PASS">
          <reporter-output>
          </reporter-output>
        </test-method> <!-- configBC -->
        <test-method is-config="true" signature="configBM()[pri:0, instance:com.RCAReport.VerifyMachinewiseSummaryBarChart@69fb6037]" started-at="2026-09-10T16:13:12 IST" name="configBM" finished-at="2026-09-10T16:13:15 IST" duration-ms="2558" status="PASS">
          <reporter-output>
          </reporter-output>
        </test-method> <!-- configBM -->
        <test-method signature="VerifyMachinewiseSummaryBarChart()[pri:0, instance:com.RCAReport.VerifyMachinewiseSummaryBarChart@69fb6037]" started-at="2026-09-10T16:13:15 IST" name="VerifyMachinewiseSummaryBarChart" finished-at="2026-09-10T16:13:29 IST" duration-ms="14644" status="PASS">
          <reporter-output>
          </reporter-output>
        </test-method> <!-- VerifyMachinewiseSummaryBarChart -->
        <test-method is-config="true" signature="configAM()[pri:0, instance:com.RCAReport.VerifyMachinewiseSummaryBarChart@69fb6037]" started-at="2026-09-10T16:13:29 IST" name="configAM" finished-at="2026-09-10T16:13:30 IST" duration-ms="209" status="PASS">
          <reporter-output>
          </reporter-output>
        </test-method> <!-- configAM -->
        <test-method is-config="true" signature="configAC()[pri:0, instance:com.RCAReport.VerifyMachinewiseSummaryBarChart@69fb6037]" started-at="2026-09-10T16:13:30 IST" name="configAC" finished-at="2026-09-10T16:13:32 IST" duration-ms="2764" status="PASS">
          <reporter-output>
          </reporter-output>
        </test-method> <!-- configAC -->
      </class> <!-- com.RCAReport.VerifyMachinewiseSummaryBarChart -->
      <class name="com.RCAReport.VerifytheAggregatedSummaryViewExporttButton">
        <test-method is-config="true" signature="configBC()[pri:0, instance:com.RCAReport.VerifytheAggregatedSummaryViewExporttButton@36d585c]" started-at="2026-09-10T16:13:32 IST" name="configBC" finished-at="2026-09-10T16:13:35 IST" duration-ms="2860" status="PASS">
          <reporter-output>
          </reporter-output>
        </test-method> <!-- configBC -->
        <test-method is-config="true" signature="configBM()[pri:0, instance:com.RCAReport.VerifytheAggregatedSummaryViewExporttButton@36d585c]" started-at="2026-09-10T16:13:35 IST" name="configBM" finished-at="2026-09-10T16:13:38 IST" duration-ms="2993" status="PASS">
          <reporter-output>
          </reporter-output>
        </test-method> <!-- configBM -->
        <test-method signature="VerifytheAggregatedSummaryViewExportButton()[pri:0, instance:com.RCAReport.VerifytheAggregatedSummaryViewExporttButton@36d585c]" started-at="2026-09-10T16:13:38 IST" name="VerifytheAggregatedSummaryViewExportButton" finished-at="2026-09-10T16:13:51 IST" duration-ms="13084" status="PASS">
          <reporter-output>
          </reporter-output>
        </test-method> <!-- VerifytheAggregatedSummaryViewExportButton -->
        <test-method is-config="true" signature="configAM()[pri:0, instance:com.RCAReport.VerifytheAggregatedSummaryViewExporttButton@36d585c]" started-at="2026-09-10T16:13:51 IST" name="configAM" finished-at="2026-09-10T16:13:51 IST" duration-ms="195" status="PASS">
          <reporter-output>
          </reporter-output>
        </test-method> <!-- configAM -->
        <test-method is-config="true" signature="configAC()[pri:0, instance:com.RCAReport.VerifytheAggregatedSummaryViewExporttButton@36d585c]" started-at="2026-09-10T16:13:51 IST" name="configAC" finished-at="2026-09-10T16:13:53 IST" duration-ms="1059" status="PASS">
          <reporter-output>
          </reporter-output>
        </test-method> <!-- configAC -->
      </class> <!-- com.RCAReport.VerifytheAggregatedSummaryViewExporttButton -->
      <class name="com.RCAReport.VerifytheRedProductionData">
        <test-method is-config="true" signature="configBC()[pri:0, instance:com.RCAReport.VerifytheRedProductionData@87a85e1]" started-at="2026-09-10T16:13:53 IST" name="configBC" finished-at="2026-09-10T16:13:57 IST" duration-ms="4366" status="PASS">
          <reporter-output>
          </reporter-output>
        </test-method> <!-- configBC -->
        <test-method is-config="true" signature="configBM()[pri:0, instance:com.RCAReport.VerifytheRedProductionData@87a85e1]" started-at="2026-09-10T16:13:57 IST" name="configBM" finished-at="2026-09-10T16:14:01 IST" duration-ms="4404" status="PASS">
          <reporter-output>
          </reporter-output>
        </test-method> <!-- configBM -->
        <test-method signature="VerifytheRedProductionData()[pri:0, instance:com.RCAReport.VerifytheRedProductionData@87a85e1]" started-at="2026-09-10T16:14:01 IST" name="VerifytheRedProductionData" finished-at="2026-09-10T16:14:14 IST" duration-ms="12403" status="PASS">
          <reporter-output>
          </reporter-output>
        </test-method> <!-- VerifytheRedProductionData -->
        <test-method is-config="true" signature="configAM()[pri:0, instance:com.RCAReport.VerifytheRedProductionData@87a85e1]" started-at="2026-09-10T16:14:14 IST" name="configAM" finished-at="2026-09-10T16:14:14 IST" duration-ms="330" status="PASS">
          <reporter-output>
          </reporter-output>
        </test-method> <!-- configAM -->
        <test-method is-config="true" signature="configAC()[pri:0, instance:com.RCAReport.VerifytheRedProductionData@87a85e1]" started-at="2026-09-10T16:14:14 IST" name="configAC" finished-at="2026-09-10T16:14:15 IST" duration-ms="1311" status="PASS">
          <reporter-output>
          </reporter-output>
        </test-method> <!-- configAC -->
      </class> <!-- com.RCAReport.VerifytheRedProductionData -->
      <class name="com.RCAReport.VerifytheWeightedAveragesModeValuedata">
        <test-method is-config="true" signature="configBC()[pri:0, instance:com.RCAReport.VerifytheWeightedAveragesModeValuedata@671a5887]" started-at="2026-09-10T16:14:15 IST" name="configBC" finished-at="2026-09-10T16:14:19 IST" duration-ms="3150" status="PASS">
          <reporter-output>
          </reporter-output>
        </test-method> <!-- configBC -->
        <test-method is-config="true" signature="configBM()[pri:0, instance:com.RCAReport.VerifytheWeightedAveragesModeValuedata@671a5887]" started-at="2026-09-10T16:14:19 IST" name="configBM" finished-at="2026-09-10T16:14:21 IST" duration-ms="2493" status="PASS">
          <reporter-output>
          </reporter-output>
        </test-method> <!-- configBM -->
        <test-method signature="VerifytheWeightedAveragesModeValuedata()[pri:0, instance:com.RCAReport.VerifytheWeightedAveragesModeValuedata@671a5887]" started-at="2026-09-10T16:14:21 IST" name="VerifytheWeightedAveragesModeValuedata" finished-at="2026-09-10T16:14:33 IST" duration-ms="11766" status="PASS">
          <reporter-output>
          </reporter-output>
        </test-method> <!-- VerifytheWeightedAveragesModeValuedata -->
        <test-method is-config="true" signature="configAM()[pri:0, instance:com.RCAReport.VerifytheWeightedAveragesModeValuedata@671a5887]" started-at="2026-09-10T16:14:33 IST" name="configAM" finished-at="2026-09-10T16:14:33 IST" duration-ms="281" status="PASS">
          <reporter-output>
          </reporter-output>
        </test-method> <!-- configAM -->
        <test-method is-config="true" signature="configAC()[pri:0, instance:com.RCAReport.VerifytheWeightedAveragesModeValuedata@671a5887]" started-at="2026-09-10T16:14:33 IST" name="configAC" finished-at="2026-09-10T16:14:34 IST" duration-ms="1015" status="PASS">
          <reporter-output>
          </reporter-output>
        </test-method> <!-- configAC -->
      </class> <!-- com.RCAReport.VerifytheWeightedAveragesModeValuedata -->
      <class name="com.RCAReport.VerifytheMachinepotentiolLossgraph">
        <test-method is-config="true" signature="configBC()[pri:0, instance:com.RCAReport.VerifytheMachinepotentiolLossgraph@5552768b]" started-at="2026-09-10T16:14:34 IST" name="configBC" finished-at="2026-09-10T16:14:37 IST" duration-ms="2921" status="PASS">
          <reporter-output>
          </reporter-output>
        </test-method> <!-- configBC -->
        <test-method is-config="true" signature="configBM()[pri:0, instance:com.RCAReport.VerifytheMachinepotentiolLossgraph@5552768b]" started-at="2026-09-10T16:14:37 IST" name="configBM" finished-at="2026-09-10T16:14:39 IST" duration-ms="2494" status="PASS">
          <reporter-output>
          </reporter-output>
        </test-method> <!-- configBM -->
        <test-method signature="VerifytheMachinepotentiolLossgraph()[pri:0, instance:com.RCAReport.VerifytheMachinepotentiolLossgraph@5552768b]" started-at="2026-09-10T16:14:39 IST" name="VerifytheMachinepotentiolLossgraph" finished-at="2026-09-10T16:14:51 IST" duration-ms="11248" status="PASS">
          <reporter-output>
          </reporter-output>
        </test-method> <!-- VerifytheMachinepotentiolLossgraph -->
        <test-method is-config="true" signature="configAM()[pri:0, instance:com.RCAReport.VerifytheMachinepotentiolLossgraph@5552768b]" started-at="2026-09-10T16:14:51 IST" name="configAM" finished-at="2026-09-10T16:14:51 IST" duration-ms="166" status="PASS">
          <reporter-output>
          </reporter-output>
        </test-method> <!-- configAM -->
        <test-method is-config="true" signature="configAC()[pri:0, instance:com.RCAReport.VerifytheMachinepotentiolLossgraph@5552768b]" started-at="2026-09-10T16:14:51 IST" name="configAC" finished-at="2026-09-10T16:14:52 IST" duration-ms="995" status="PASS">
          <reporter-output>
          </reporter-output>
        </test-method> <!-- configAC -->
      </class> <!-- com.RCAReport.VerifytheMachinepotentiolLossgraph -->
      <class name="com.RCAReport.VerifytheAggregatedSummaryTableisNotEmpty">
        <test-method is-config="true" signature="configBC()[pri:0, instance:com.RCAReport.VerifytheAggregatedSummaryTableisNotEmpty@3c947bc5]" started-at="2026-09-10T16:14:52 IST" name="configBC" finished-at="2026-09-10T16:14:56 IST" duration-ms="4591" status="PASS">
          <reporter-output>
          </reporter-output>
        </test-method> <!-- configBC -->
        <test-method is-config="true" signature="configBM()[pri:0, instance:com.RCAReport.VerifytheAggregatedSummaryTableisNotEmpty@3c947bc5]" started-at="2026-09-10T16:14:56 IST" name="configBM" finished-at="2026-09-10T16:14:59 IST" duration-ms="2083" status="PASS">
          <reporter-output>
          </reporter-output>
        </test-method> <!-- configBM -->
        <test-method signature="VerifytheAggregatedSummaryTableisNotEmpty()[pri:0, instance:com.RCAReport.VerifytheAggregatedSummaryTableisNotEmpty@3c947bc5]" started-at="2026-09-10T16:14:59 IST" name="VerifytheAggregatedSummaryTableisNotEmpty" finished-at="2026-09-10T16:15:13 IST" duration-ms="14361" status="PASS">
          <reporter-output>
          </reporter-output>
        </test-method> <!-- VerifytheAggregatedSummaryTableisNotEmpty -->
        <test-method is-config="true" signature="configAM()[pri:0, instance:com.RCAReport.VerifytheAggregatedSummaryTableisNotEmpty@3c947bc5]" started-at="2026-09-10T16:15:13 IST" name="configAM" finished-at="2026-09-10T16:15:13 IST" duration-ms="233" status="PASS">
          <reporter-output>
          </reporter-output>
        </test-method> <!-- configAM -->
        <test-method is-config="true" signature="configAC()[pri:0, instance:com.RCAReport.VerifytheAggregatedSummaryTableisNotEmpty@3c947bc5]" started-at="2026-09-10T16:15:13 IST" name="configAC" finished-at="2026-09-10T16:15:14 IST" duration-ms="826" status="PASS">
          <reporter-output>
          </reporter-output>
        </test-method> <!-- configAC -->
      </class> <!-- com.RCAReport.VerifytheAggregatedSummaryTableisNotEmpty -->
      <class name="com.RCAReport.VerifytheTotalProductionData">
        <test-method is-config="true" signature="configBC()[pri:0, instance:com.RCAReport.VerifytheTotalProductionData@1356d4d4]" started-at="2026-09-10T16:16:32 IST" name="configBC" finished-at="2026-09-10T16:16:34 IST" duration-ms="2971" status="PASS">
          <reporter-output>
          </reporter-output>
        </test-method> <!-- configBC -->
        <test-method is-config="true" signature="configBM()[pri:0, instance:com.RCAReport.VerifytheTotalProductionData@1356d4d4]" started-at="2026-09-10T16:16:34 IST" name="configBM" finished-at="2026-09-10T16:16:56 IST" duration-ms="21404" status="FAIL">
          <exception class="org.openqa.selenium.WebDriverException">
            <message>
              <![CDATA[unknown error: net::ERR_CONNECTION_TIMED_OUT
  (Session info: chrome=152.0.7977.84)
Build info: version: '4.38.0', revision: '6b412e825c'
System info: os.name: 'Windows 11', os.arch: 'amd64', os.version: '10.0', java.version: '21.0.9'
Driver info: org.openqa.selenium.chrome.ChromeDriver
Command: [1b913a6f7c199c31270d480c78ce76bc, get {url=http://192.168.5.77:3000/login}]
Capabilities {acceptInsecureCerts: false, browserName: chrome, browserVersion: 152.0.7977.84, chrome: {chromedriverVersion: 152.0.7977.82 (d04cdb24d67b..., userDataDir: C:\Users\W066520\AppData\Lo...}, fedcm:accounts: true, goog:chromeOptions: {debuggerAddress: localhost:56137}, goog:processID: 23848, networkConnectionEnabled: false, pageLoadStrategy: normal, platformName: windows, proxy: Proxy(), se:cdp: ws://localhost:56137/devtoo..., se:cdpVersion: 152.0.7977.84, setWindowRect: true, strictFileInteractability: false, timeouts: {implicit: 0, pageLoad: 300000, script: 30000}, unhandledPromptBehavior: dismiss and notify, webauthn:extension:credBlob: true, webauthn:extension:largeBlob: true, webauthn:extension:minPinLength: true, webauthn:extension:prf: true, webauthn:virtualAuthenticators: true}
Session ID: 1b913a6f7c199c31270d480c78ce76bc]]>
            </message>
            <full-stacktrace>
              <![CDATA[org.openqa.selenium.WebDriverException: unknown error: net::ERR_CONNECTION_TIMED_OUT
  (Session info: chrome=152.0.7977.84)
Build info: version: '4.38.0', revision: '6b412e825c'
System info: os.name: 'Windows 11', os.arch: 'amd64', os.version: '10.0', java.version: '21.0.9'
Driver info: org.openqa.selenium.chrome.ChromeDriver
Command: [1b913a6f7c199c31270d480c78ce76bc, get {url=http://192.168.5.77:3000/login}]
Capabilities {acceptInsecureCerts: false, browserName: chrome, browserVersion: 152.0.7977.84, chrome: {chromedriverVersion: 152.0.7977.82 (d04cdb24d67b..., userDataDir: C:\Users\W066520\AppData\Lo...}, fedcm:accounts: true, goog:chromeOptions: {debuggerAddress: localhost:56137}, goog:processID: 23848, networkConnectionEnabled: false, pageLoadStrategy: normal, platformName: windows, proxy: Proxy(), se:cdp: ws://localhost:56137/devtoo..., se:cdpVersion: 152.0.7977.84, setWindowRect: true, strictFileInteractability: false, timeouts: {implicit: 0, pageLoad: 300000, script: 30000}, unhandledPromptBehavior: dismiss and notify, webauthn:extension:credBlob: true, webauthn:extension:largeBlob: true, webauthn:extension:minPinLength: true, webauthn:extension:prf: true, webauthn:virtualAuthenticators: true}
Session ID: 1b913a6f7c199c31270d480c78ce76bc
at java.base/jdk.internal.reflect.DirectConstructorHandleAccessor.newInstance(DirectConstructorHandleAccessor.java:62)
at java.base/java.lang.reflect.Constructor.newInstanceWithCaller(Constructor.java:502)
at java.base/java.lang.reflect.Constructor.newInstance(Constructor.java:486)
at org.openqa.selenium.remote.ErrorCodec.decode(ErrorCodec.java:167)
at org.openqa.selenium.remote.codec.w3c.W3CHttpResponseCodec.decode(W3CHttpResponseCodec.java:138)
at org.openqa.selenium.remote.codec.w3c.W3CHttpResponseCodec.decode(W3CHttpResponseCodec.java:50)
at org.openqa.selenium.remote.HttpCommandExecutor.execute(HttpCommandExecutor.java:215)
at org.openqa.selenium.remote.service.DriverCommandExecutor.invokeExecute(DriverCommandExecutor.java:216)
at org.openqa.selenium.remote.service.DriverCommandExecutor.execute(DriverCommandExecutor.java:174)
at org.openqa.selenium.remote.RemoteWebDriver.execute(RemoteWebDriver.java:557)
at org.openqa.selenium.remote.RemoteWebDriver.get(RemoteWebDriver.java:325)
at com.sgplus.erp.genericutility.BaseClass.configBM(BaseClass.java:51)
at java.base/jdk.internal.reflect.DirectMethodHandleAccessor.invoke(DirectMethodHandleAccessor.java:103)
at java.base/java.lang.reflect.Method.invoke(Method.java:580)
at org.testng.internal.invokers.MethodInvocationHelper.invokeMethod(MethodInvocationHelper.java:141)
at org.testng.internal.invokers.MethodInvocationHelper.invokeMethodConsideringTimeout(MethodInvocationHelper.java:71)
at org.testng.internal.invokers.ConfigInvoker.invokeConfigurationMethod(ConfigInvoker.java:400)
at org.testng.internal.invokers.ConfigInvoker.invokeConfigurations(ConfigInvoker.java:333)
at org.testng.internal.invokers.TestInvoker.runConfigMethods(TestInvoker.java:836)
at org.testng.internal.invokers.TestInvoker.invokeMethod(TestInvoker.java:601)
at org.testng.internal.invokers.TestInvoker.invokeTestMethod(TestInvoker.java:230)
at org.testng.internal.invokers.MethodRunner.runInSequence(MethodRunner.java:63)
at org.testng.internal.invokers.TestInvoker$MethodInvocationAgent.invoke(TestInvoker.java:995)
at org.testng.internal.invokers.TestInvoker.invokeTestMethods(TestInvoker.java:203)
at org.testng.internal.invokers.TestMethodWorker.invokeTestMethods(TestMethodWorker.java:154)
at org.testng.internal.invokers.TestMethodWorker.run(TestMethodWorker.java:134)
at java.base/java.util.ArrayList.forEach(ArrayList.java:1596)
at org.testng.TestRunner.privateRun(TestRunner.java:741)
at org.testng.TestRunner.run(TestRunner.java:616)
at org.testng.SuiteRunner.runTest(SuiteRunner.java:421)
at org.testng.SuiteRunner.runSequentially(SuiteRunner.java:413)
at org.testng.SuiteRunner.privateRun(SuiteRunner.java:373)
at org.testng.SuiteRunner.run(SuiteRunner.java:312)
at org.testng.SuiteRunnerWorker.runSuite(SuiteRunnerWorker.java:52)
at org.testng.SuiteRunnerWorker.run(SuiteRunnerWorker.java:95)
at org.testng.TestNG.runSuitesSequentially(TestNG.java:1274)
at org.testng.TestNG.runSuitesLocally(TestNG.java:1208)
at org.testng.TestNG.runSuites(TestNG.java:1112)
at org.testng.TestNG.run(TestNG.java:1079)
at org.testng.remote.AbstractRemoteTestNG.run(AbstractRemoteTestNG.java:115)
at org.testng.remote.RemoteTestNG.initAndRun(RemoteTestNG.java:293)
at org.testng.remote.RemoteTestNG.main(RemoteTestNG.java:91)
]]>
            </full-stacktrace>
          </exception> <!-- org.openqa.selenium.WebDriverException -->
          <reporter-output>
          </reporter-output>
        </test-method> <!-- configBM -->
        <test-method signature="VerifytheTotalProductionData()[pri:0, instance:com.RCAReport.VerifytheTotalProductionData@1356d4d4]" started-at="2026-09-10T16:16:56 IST" name="VerifytheTotalProductionData" finished-at="2026-09-10T16:16:56 IST" duration-ms="0" status="SKIP">
          <exception class="org.openqa.selenium.WebDriverException">
            <message>
              <![CDATA[unknown error: net::ERR_CONNECTION_TIMED_OUT
  (Session info: chrome=152.0.7977.84)
Build info: version: '4.38.0', revision: '6b412e825c'
System info: os.name: 'Windows 11', os.arch: 'amd64', os.version: '10.0', java.version: '21.0.9'
Driver info: org.openqa.selenium.chrome.ChromeDriver
Command: [1b913a6f7c199c31270d480c78ce76bc, get {url=http://192.168.5.77:3000/login}]
Capabilities {acceptInsecureCerts: false, browserName: chrome, browserVersion: 152.0.7977.84, chrome: {chromedriverVersion: 152.0.7977.82 (d04cdb24d67b..., userDataDir: C:\Users\W066520\AppData\Lo...}, fedcm:accounts: true, goog:chromeOptions: {debuggerAddress: localhost:56137}, goog:processID: 23848, networkConnectionEnabled: false, pageLoadStrategy: normal, platformName: windows, proxy: Proxy(), se:cdp: ws://localhost:56137/devtoo..., se:cdpVersion: 152.0.7977.84, setWindowRect: true, strictFileInteractability: false, timeouts: {implicit: 0, pageLoad: 300000, script: 30000}, unhandledPromptBehavior: dismiss and notify, webauthn:extension:credBlob: true, webauthn:extension:largeBlob: true, webauthn:extension:minPinLength: true, webauthn:extension:prf: true, webauthn:virtualAuthenticators: true}
Session ID: 1b913a6f7c199c31270d480c78ce76bc]]>
            </message>
            <full-stacktrace>
              <![CDATA[org.openqa.selenium.WebDriverException: unknown error: net::ERR_CONNECTION_TIMED_OUT
  (Session info: chrome=152.0.7977.84)
Build info: version: '4.38.0', revision: '6b412e825c'
System info: os.name: 'Windows 11', os.arch: 'amd64', os.version: '10.0', java.version: '21.0.9'
Driver info: org.openqa.selenium.chrome.ChromeDriver
Command: [1b913a6f7c199c31270d480c78ce76bc, get {url=http://192.168.5.77:3000/login}]
Capabilities {acceptInsecureCerts: false, browserName: chrome, browserVersion: 152.0.7977.84, chrome: {chromedriverVersion: 152.0.7977.82 (d04cdb24d67b..., userDataDir: C:\Users\W066520\AppData\Lo...}, fedcm:accounts: true, goog:chromeOptions: {debuggerAddress: localhost:56137}, goog:processID: 23848, networkConnectionEnabled: false, pageLoadStrategy: normal, platformName: windows, proxy: Proxy(), se:cdp: ws://localhost:56137/devtoo..., se:cdpVersion: 152.0.7977.84, setWindowRect: true, strictFileInteractability: false, timeouts: {implicit: 0, pageLoad: 300000, script: 30000}, unhandledPromptBehavior: dismiss and notify, webauthn:extension:credBlob: true, webauthn:extension:largeBlob: true, webauthn:extension:minPinLength: true, webauthn:extension:prf: true, webauthn:virtualAuthenticators: true}
Session ID: 1b913a6f7c199c31270d480c78ce76bc
at java.base/jdk.internal.reflect.DirectConstructorHandleAccessor.newInstance(DirectConstructorHandleAccessor.java:62)
at java.base/java.lang.reflect.Constructor.newInstanceWithCaller(Constructor.java:502)
at java.base/java.lang.reflect.Constructor.newInstance(Constructor.java:486)
at org.openqa.selenium.remote.ErrorCodec.decode(ErrorCodec.java:167)
at org.openqa.selenium.remote.codec.w3c.W3CHttpResponseCodec.decode(W3CHttpResponseCodec.java:138)
at org.openqa.selenium.remote.codec.w3c.W3CHttpResponseCodec.decode(W3CHttpResponseCodec.java:50)
at org.openqa.selenium.remote.HttpCommandExecutor.execute(HttpCommandExecutor.java:215)
at org.openqa.selenium.remote.service.DriverCommandExecutor.invokeExecute(DriverCommandExecutor.java:216)
at org.openqa.selenium.remote.service.DriverCommandExecutor.execute(DriverCommandExecutor.java:174)
at org.openqa.selenium.remote.RemoteWebDriver.execute(RemoteWebDriver.java:557)
at org.openqa.selenium.remote.RemoteWebDriver.get(RemoteWebDriver.java:325)
at com.sgplus.erp.genericutility.BaseClass.configBM(BaseClass.java:51)
at java.base/jdk.internal.reflect.DirectMethodHandleAccessor.invoke(DirectMethodHandleAccessor.java:103)
at java.base/java.lang.reflect.Method.invoke(Method.java:580)
at org.testng.internal.invokers.MethodInvocationHelper.invokeMethod(MethodInvocationHelper.java:141)
at org.testng.internal.invokers.MethodInvocationHelper.invokeMethodConsideringTimeout(MethodInvocationHelper.java:71)
at org.testng.internal.invokers.ConfigInvoker.invokeConfigurationMethod(ConfigInvoker.java:400)
at org.testng.internal.invokers.ConfigInvoker.invokeConfigurations(ConfigInvoker.java:333)
at org.testng.internal.invokers.TestInvoker.runConfigMethods(TestInvoker.java:836)
at org.testng.internal.invokers.TestInvoker.invokeMethod(TestInvoker.java:601)
at org.testng.internal.invokers.TestInvoker.invokeTestMethod(TestInvoker.java:230)
at org.testng.internal.invokers.MethodRunner.runInSequence(MethodRunner.java:63)
at org.testng.internal.invokers.TestInvoker$MethodInvocationAgent.invoke(TestInvoker.java:995)
at org.testng.internal.invokers.TestInvoker.invokeTestMethods(TestInvoker.java:203)
at org.testng.internal.invokers.TestMethodWorker.invokeTestMethods(TestMethodWorker.java:154)
at org.testng.internal.invokers.TestMethodWorker.run(TestMethodWorker.java:134)
at java.base/java.util.ArrayList.forEach(ArrayList.java:1596)
at org.testng.TestRunner.privateRun(TestRunner.java:741)
at org.testng.TestRunner.run(TestRunner.java:616)
at org.testng.SuiteRunner.runTest(SuiteRunner.java:421)
at org.testng.SuiteRunner.runSequentially(SuiteRunner.java:413)
at org.testng.SuiteRunner.privateRun(SuiteRunner.java:373)
at org.testng.SuiteRunner.run(SuiteRunner.java:312)
at org.testng.SuiteRunnerWorker.runSuite(SuiteRunnerWorker.java:52)
at org.testng.SuiteRunnerWorker.run(SuiteRunnerWorker.java:95)
at org.testng.TestNG.runSuitesSequentially(TestNG.java:1274)
at org.testng.TestNG.runSuitesLocally(TestNG.java:1208)
at org.testng.TestNG.runSuites(TestNG.java:1112)
at org.testng.TestNG.run(TestNG.java:1079)
at org.testng.remote.AbstractRemoteTestNG.run(AbstractRemoteTestNG.java:115)
at org.testng.remote.RemoteTestNG.initAndRun(RemoteTestNG.java:293)
at org.testng.remote.RemoteTestNG.main(RemoteTestNG.java:91)
]]>
            </full-stacktrace>
          </exception> <!-- org.openqa.selenium.WebDriverException -->
          <reporter-output>
          </reporter-output>
        </test-method> <!-- VerifytheTotalProductionData -->
        <test-method is-config="true" signature="configAM()[pri:0, instance:com.RCAReport.VerifytheTotalProductionData@1356d4d4]" started-at="2026-09-10T16:16:56 IST" name="configAM" finished-at="2026-09-10T16:16:56 IST" duration-ms="0" status="SKIP">
          <reporter-output>
          </reporter-output>
        </test-method> <!-- configAM -->
        <test-method is-config="true" signature="configAC()[pri:0, instance:com.RCAReport.VerifytheTotalProductionData@1356d4d4]" started-at="2026-09-10T16:16:56 IST" name="configAC" finished-at="2026-09-10T16:16:56 IST" duration-ms="0" status="SKIP">
          <reporter-output>
          </reporter-output>
        </test-method> <!-- configAC -->
      </class> <!-- com.RCAReport.VerifytheTotalProductionData -->
      <class name="com.RCAReport.VeriftheMachinePotentialGrahpBarchart">
        <test-method is-config="true" signature="configBC()[pri:0, instance:com.RCAReport.VeriftheMachinePotentialGrahpBarchart@c03cf28]" started-at="2026-09-10T16:16:56 IST" name="configBC" finished-at="2026-09-10T16:16:59 IST" duration-ms="2604" status="PASS">
          <reporter-output>
          </reporter-output>
        </test-method> <!-- configBC -->
        <test-method is-config="true" signature="configBM()[pri:0, instance:com.RCAReport.VeriftheMachinePotentialGrahpBarchart@c03cf28]" started-at="2026-09-10T16:16:59 IST" name="configBM" finished-at="2026-09-10T16:17:30 IST" duration-ms="31728" status="PASS">
          <reporter-output>
          </reporter-output>
        </test-method> <!-- configBM -->
        <test-method signature="VerifytheMachinePotentilaGraphBarchart()[pri:0, instance:com.RCAReport.VeriftheMachinePotentialGrahpBarchart@c03cf28]" started-at="2026-09-10T16:17:30 IST" name="VerifytheMachinePotentilaGraphBarchart" finished-at="2026-09-10T16:17:44 IST" duration-ms="13832" status="PASS">
          <reporter-output>
          </reporter-output>
        </test-method> <!-- VerifytheMachinePotentilaGraphBarchart -->
        <test-method is-config="true" signature="configAM()[pri:0, instance:com.RCAReport.VeriftheMachinePotentialGrahpBarchart@c03cf28]" started-at="2026-09-10T16:17:44 IST" name="configAM" finished-at="2026-09-10T16:17:44 IST" duration-ms="208" status="PASS">
          <reporter-output>
          </reporter-output>
        </test-method> <!-- configAM -->
        <test-method is-config="true" signature="configAC()[pri:0, instance:com.RCAReport.VeriftheMachinePotentialGrahpBarchart@c03cf28]" started-at="2026-09-10T16:17:44 IST" name="configAC" finished-at="2026-09-10T16:17:45 IST" duration-ms="946" status="PASS">
          <reporter-output>
          </reporter-output>
        </test-method> <!-- configAC -->
      </class> <!-- com.RCAReport.VeriftheMachinePotentialGrahpBarchart -->
      <class name="com.RCAReport.VerifytheElementSummaryviewTableHeadersAndData">
        <test-method is-config="true" signature="configBC()[pri:0, instance:com.RCAReport.VerifytheElementSummaryviewTableHeadersAndData@55f616cf]" started-at="2026-09-10T16:15:31 IST" name="configBC" finished-at="2026-09-10T16:15:34 IST" duration-ms="3304" status="PASS">
          <reporter-output>
          </reporter-output>
        </test-method> <!-- configBC -->
        <test-method is-config="true" signature="configBM()[pri:0, instance:com.RCAReport.VerifytheElementSummaryviewTableHeadersAndData@55f616cf]" started-at="2026-09-10T16:15:34 IST" name="configBM" finished-at="2026-09-10T16:15:37 IST" duration-ms="2753" status="PASS">
          <reporter-output>
          </reporter-output>
        </test-method> <!-- configBM -->
        <test-method signature="VerifytheElementSummaryViewtableHeadersAndData()[pri:0, instance:com.RCAReport.VerifytheElementSummaryviewTableHeadersAndData@55f616cf]" started-at="2026-09-10T16:15:37 IST" name="VerifytheElementSummaryViewtableHeadersAndData" finished-at="2026-09-10T16:16:30 IST" duration-ms="53879" status="PASS">
          <reporter-output>
          </reporter-output>
        </test-method> <!-- VerifytheElementSummaryViewtableHeadersAndData -->
        <test-method is-config="true" signature="configAM()[pri:0, instance:com.RCAReport.VerifytheElementSummaryviewTableHeadersAndData@55f616cf]" started-at="2026-09-10T16:16:30 IST" name="configAM" finished-at="2026-09-10T16:16:31 IST" duration-ms="222" status="PASS">
          <reporter-output>
          </reporter-output>
        </test-method> <!-- configAM -->
        <test-method is-config="true" signature="configAC()[pri:0, instance:com.RCAReport.VerifytheElementSummaryviewTableHeadersAndData@55f616cf]" started-at="2026-09-10T16:16:31 IST" name="configAC" finished-at="2026-09-10T16:16:32 IST" duration-ms="827" status="PASS">
          <reporter-output>
          </reporter-output>
        </test-method> <!-- configAC -->
      </class> <!-- com.RCAReport.VerifytheElementSummaryviewTableHeadersAndData -->
      <class name="com.RCAReport.VerifytheWieghtedAveragesSetValueData">
        <test-method is-config="true" signature="configBC()[pri:0, instance:com.RCAReport.VerifytheWieghtedAveragesSetValueData@609db43b]" started-at="2026-09-10T16:15:14 IST" name="configBC" finished-at="2026-09-10T16:15:17 IST" duration-ms="3177" status="PASS">
          <reporter-output>
          </reporter-output>
        </test-method> <!-- configBC -->
        <test-method is-config="true" signature="configBM()[pri:0, instance:com.RCAReport.VerifytheWieghtedAveragesSetValueData@609db43b]" started-at="2026-09-10T16:15:17 IST" name="configBM" finished-at="2026-09-10T16:15:19 IST" duration-ms="2201" status="PASS">
          <reporter-output>
          </reporter-output>
        </test-method> <!-- configBM -->
        <test-method signature="VerifytheWieghtedAveragesData()[pri:0, instance:com.RCAReport.VerifytheWieghtedAveragesSetValueData@609db43b]" started-at="2026-09-10T16:15:19 IST" name="VerifytheWieghtedAveragesData" finished-at="2026-09-10T16:15:29 IST" duration-ms="9856" status="PASS">
          <reporter-output>
          </reporter-output>
        </test-method> <!-- VerifytheWieghtedAveragesData -->
        <test-method is-config="true" signature="configAM()[pri:0, instance:com.RCAReport.VerifytheWieghtedAveragesSetValueData@609db43b]" started-at="2026-09-10T16:15:29 IST" name="configAM" finished-at="2026-09-10T16:15:29 IST" duration-ms="251" status="PASS">
          <reporter-output>
          </reporter-output>
        </test-method> <!-- configAM -->
        <test-method is-config="true" signature="configAC()[pri:0, instance:com.RCAReport.VerifytheWieghtedAveragesSetValueData@609db43b]" started-at="2026-09-10T16:15:29 IST" name="configAC" finished-at="2026-09-10T16:15:31 IST" duration-ms="1026" status="PASS">
          <reporter-output>
          </reporter-output>
        </test-method> <!-- configAC -->
      </class> <!-- com.RCAReport.VerifytheWieghtedAveragesSetValueData -->
      <class name="com.RCAReport.VerifytheWeightedAveragesActulaValueData">
        <test-method is-config="true" signature="configBC()[pri:0, instance:com.RCAReport.VerifytheWeightedAveragesActulaValueData@1329eff]" started-at="2026-09-10T16:17:45 IST" name="configBC" finished-at="2026-09-10T16:17:48 IST" duration-ms="2916" status="PASS">
          <reporter-output>
          </reporter-output>
        </test-method> <!-- configBC -->
        <test-method is-config="true" signature="configBM()[pri:0, instance:com.RCAReport.VerifytheWeightedAveragesActulaValueData@1329eff]" started-at="2026-09-10T16:17:48 IST" name="configBM" finished-at="2026-09-10T16:17:51 IST" duration-ms="2844" status="PASS">
          <reporter-output>
          </reporter-output>
        </test-method> <!-- configBM -->
        <test-method signature="VerifytheWeightedAveragesActulaValueData()[pri:0, instance:com.RCAReport.VerifytheWeightedAveragesActulaValueData@1329eff]" started-at="2026-09-10T16:17:51 IST" name="VerifytheWeightedAveragesActulaValueData" finished-at="2026-09-10T16:18:02 IST" duration-ms="10828" status="PASS">
          <reporter-output>
          </reporter-output>
        </test-method> <!-- VerifytheWeightedAveragesActulaValueData -->
        <test-method is-config="true" signature="configAM()[pri:0, instance:com.RCAReport.VerifytheWeightedAveragesActulaValueData@1329eff]" started-at="2026-09-10T16:18:02 IST" name="configAM" finished-at="2026-09-10T16:18:02 IST" duration-ms="251" status="PASS">
          <reporter-output>
          </reporter-output>
        </test-method> <!-- configAM -->
        <test-method is-config="true" signature="configAC()[pri:0, instance:com.RCAReport.VerifytheWeightedAveragesActulaValueData@1329eff]" started-at="2026-09-10T16:18:02 IST" name="configAC" finished-at="2026-09-10T16:18:03 IST" duration-ms="901" status="PASS">
          <reporter-output>
          </reporter-output>
        </test-method> <!-- configAC -->
      </class> <!-- com.RCAReport.VerifytheWeightedAveragesActulaValueData -->
    </test> <!-- Default test -->
  </suite> <!-- Default suite -->
</testng-results>
