<?xml version="1.0" encoding="UTF-8"?>
<testng-results ignored="0" total="1" passed="1" failed="0" skipped="0">
  <reporter-output>
  </reporter-output>
  <suite started-at="2026-02-16T17:59:45 IST" name="Default suite" finished-at="2026-02-16T17:59:51 IST" duration-ms="5784">
    <groups>
    </groups>
    <test started-at="2026-02-16T17:59:45 IST" name="Default test" finished-at="2026-02-16T17:59:51 IST" duration-ms="5784">
      <class name="AddReasonPage.VerifytheReasonEditfunctionalityTest">
        <test-method is-config="true" signature="configBC()[pri:0, instance:AddReasonPage.VerifytheReasonEditfunctionalityTest@394a2528]" started-at="2026-02-16T17:59:45 IST" name="configBC" finished-at="2026-02-16T17:59:47 IST" duration-ms="1721" status="PASS">
          <reporter-output>
          </reporter-output>
        </test-method> <!-- configBC -->
        <test-method is-config="true" signature="configBM()[pri:0, instance:AddReasonPage.VerifytheReasonEditfunctionalityTest@394a2528]" started-at="2026-02-16T17:59:47 IST" name="configBM" finished-at="2026-02-16T17:59:49 IST" duration-ms="1913" status="PASS">
          <reporter-output>
          </reporter-output>
        </test-method> <!-- configBM -->
        <test-method signature="VerifytheReasonEditfunctionalityTest()[pri:0, instance:AddReasonPage.VerifytheReasonEditfunctionalityTest@394a2528]" started-at="2026-02-16T17:59:49 IST" name="VerifytheReasonEditfunctionalityTest" finished-at="2026-02-16T17:59:51 IST" duration-ms="2097" status="PASS">
          <reporter-output>
          </reporter-output>
        </test-method> <!-- VerifytheReasonEditfunctionalityTest -->
      </class> <!-- AddReasonPage.VerifytheReasonEditfunctionalityTest -->
    </test> <!-- Default test -->
  </suite> <!-- Default suite -->
</testng-results>
