<?xml version="1.0" encoding="UTF-8"?>
<testng-results ignored="0" total="17" passed="11" failed="6" skipped="0">
  <reporter-output>
  </reporter-output>
  <suite started-at="2026-08-06T16:07:04 IST" name="Default suite" finished-at="2026-08-06T16:20:19 IST" duration-ms="794438">
    <groups>
    </groups>
    <test started-at="2026-08-06T16:07:04 IST" name="Default test" finished-at="2026-08-06T16:20:19 IST" duration-ms="794438">
      <class name="com.RCAReport.VerifytheElementWiseSummaryViewTable">
        <test-method is-config="true" signature="configBC()[pri:0, instance:com.RCAReport.VerifytheElementWiseSummaryViewTable@ba54932]" started-at="2026-08-06T16:07:04 IST" name="configBC" finished-at="2026-08-06T16:07:06 IST" duration-ms="1754" status="PASS">
          <reporter-output>
          </reporter-output>
        </test-method> <!-- configBC -->
        <test-method is-config="true" signature="configBM()[pri:0, instance:com.RCAReport.VerifytheElementWiseSummaryViewTable@ba54932]" started-at="2026-08-06T16:07:06 IST" name="configBM" finished-at="2026-08-06T16:07:08 IST" duration-ms="1932" status="PASS">
          <reporter-output>
          </reporter-output>
        </test-method> <!-- configBM -->
        <test-method signature="VerifytheElementWiseSummaryViewTable()[pri:0, instance:com.RCAReport.VerifytheElementWiseSummaryViewTable@ba54932]" started-at="2026-08-06T16:07:08 IST" name="VerifytheElementWiseSummaryViewTable" finished-at="2026-08-06T16:07:18 IST" duration-ms="10093" status="PASS">
          <reporter-output>
          </reporter-output>
        </test-method> <!-- VerifytheElementWiseSummaryViewTable -->
        <test-method is-config="true" signature="configAM()[pri:0, instance:com.RCAReport.VerifytheElementWiseSummaryViewTable@ba54932]" started-at="2026-08-06T16:07:18 IST" name="configAM" finished-at="2026-08-06T16:07:18 IST" duration-ms="71" status="PASS">
          <reporter-output>
          </reporter-output>
        </test-method> <!-- configAM -->
        <test-method is-config="true" signature="configAC()[pri:0, instance:com.RCAReport.VerifytheElementWiseSummaryViewTable@ba54932]" started-at="2026-08-06T16:07:18 IST" name="configAC" finished-at="2026-08-06T16:07:19 IST" duration-ms="381" status="PASS">
          <reporter-output>
          </reporter-output>
        </test-method> <!-- configAC -->
      </class> <!-- com.RCAReport.VerifytheElementWiseSummaryViewTable -->
      <class name="com.RCAReport.VerifytheAggregatedSummaryViewTable">
        <test-method is-config="true" signature="configBC()[pri:0, instance:com.RCAReport.VerifytheAggregatedSummaryViewTable@3cc1435c]" started-at="2026-08-06T16:07:26 IST" name="configBC" finished-at="2026-08-06T16:07:27 IST" duration-ms="1134" status="PASS">
          <reporter-output>
          </reporter-output>
        </test-method> <!-- configBC -->
        <test-method is-config="true" signature="configBM()[pri:0, instance:com.RCAReport.VerifytheAggregatedSummaryViewTable@3cc1435c]" started-at="2026-08-06T16:07:27 IST" name="configBM" finished-at="2026-08-06T16:07:29 IST" duration-ms="2009" status="PASS">
          <reporter-output>
          </reporter-output>
        </test-method> <!-- configBM -->
        <test-method signature="VerifytheAggregatedSummaryViewTable()[pri:0, instance:com.RCAReport.VerifytheAggregatedSummaryViewTable@3cc1435c]" started-at="2026-08-06T16:07:29 IST" name="VerifytheAggregatedSummaryViewTable" finished-at="2026-08-06T16:08:09 IST" duration-ms="39381" status="PASS">
          <reporter-output>
          </reporter-output>
        </test-method> <!-- VerifytheAggregatedSummaryViewTable -->
        <test-method is-config="true" signature="configAM()[pri:0, instance:com.RCAReport.VerifytheAggregatedSummaryViewTable@3cc1435c]" started-at="2026-08-06T16:08:09 IST" name="configAM" finished-at="2026-08-06T16:08:09 IST" duration-ms="47" status="PASS">
          <reporter-output>
          </reporter-output>
        </test-method> <!-- configAM -->
        <test-method is-config="true" signature="configAC()[pri:0, instance:com.RCAReport.VerifytheAggregatedSummaryViewTable@3cc1435c]" started-at="2026-08-06T16:08:09 IST" name="configAC" finished-at="2026-08-06T16:08:09 IST" duration-ms="417" status="PASS">
          <reporter-output>
          </reporter-output>
        </test-method> <!-- configAC -->
      </class> <!-- com.RCAReport.VerifytheAggregatedSummaryViewTable -->
      <class name="com.RCAReport.VerifytheRCAReportPageNavigation">
        <test-method is-config="true" signature="configBC()[pri:0, instance:com.RCAReport.VerifytheRCAReportPageNavigation@236e3f4e]" started-at="2026-08-06T16:07:19 IST" name="configBC" finished-at="2026-08-06T16:07:20 IST" duration-ms="1208" status="PASS">
          <reporter-output>
          </reporter-output>
        </test-method> <!-- configBC -->
        <test-method is-config="true" signature="configBM()[pri:0, instance:com.RCAReport.VerifytheRCAReportPageNavigation@236e3f4e]" started-at="2026-08-06T16:07:20 IST" name="configBM" finished-at="2026-08-06T16:07:22 IST" duration-ms="1818" status="PASS">
          <reporter-output>
          </reporter-output>
        </test-method> <!-- configBM -->
        <test-method signature="VerifytheRCAReportPageNavigation()[pri:0, instance:com.RCAReport.VerifytheRCAReportPageNavigation@236e3f4e]" started-at="2026-08-06T16:07:22 IST" name="VerifytheRCAReportPageNavigation" finished-at="2026-08-06T16:07:26 IST" duration-ms="3838" status="PASS">
          <reporter-output>
          </reporter-output>
        </test-method> <!-- VerifytheRCAReportPageNavigation -->
        <test-method is-config="true" signature="configAM()[pri:0, instance:com.RCAReport.VerifytheRCAReportPageNavigation@236e3f4e]" started-at="2026-08-06T16:07:26 IST" name="configAM" finished-at="2026-08-06T16:07:26 IST" duration-ms="50" status="PASS">
          <reporter-output>
          </reporter-output>
        </test-method> <!-- configAM -->
        <test-method is-config="true" signature="configAC()[pri:0, instance:com.RCAReport.VerifytheRCAReportPageNavigation@236e3f4e]" started-at="2026-08-06T16:07:26 IST" name="configAC" finished-at="2026-08-06T16:07:26 IST" duration-ms="402" status="PASS">
          <reporter-output>
          </reporter-output>
        </test-method> <!-- configAC -->
      </class> <!-- com.RCAReport.VerifytheRCAReportPageNavigation -->
      <class name="com.RCAReport.VerifytheGreenProductiondata">
        <test-method is-config="true" signature="configBC()[pri:0, instance:com.RCAReport.VerifytheGreenProductiondata@6bf0219d]" started-at="2026-08-06T16:08:09 IST" name="configBC" finished-at="2026-08-06T16:08:10 IST" duration-ms="1168" status="PASS">
          <reporter-output>
          </reporter-output>
        </test-method> <!-- configBC -->
        <test-method is-config="true" signature="configBM()[pri:0, instance:com.RCAReport.VerifytheGreenProductiondata@6bf0219d]" started-at="2026-08-06T16:08:10 IST" name="configBM" finished-at="2026-08-06T16:08:12 IST" duration-ms="2205" status="PASS">
          <reporter-output>
          </reporter-output>
        </test-method> <!-- configBM -->
        <test-method signature="VerifytheGreenProductiondata()[pri:0, instance:com.RCAReport.VerifytheGreenProductiondata@6bf0219d]" started-at="2026-08-06T16:08:12 IST" name="VerifytheGreenProductiondata" finished-at="2026-08-06T16:08:47 IST" duration-ms="35049" status="FAIL">
          <exception class="org.openqa.selenium.TimeoutException">
            <message>
              <![CDATA[Expected condition failed: waiting for visibility of element located by By.xpath: //span[contains(.,'Green Production')] (tried for 30 second(s) with 500 milliseconds interval)
Build info: version: '4.38.0', revision: '6b412e825c'
System info: os.name: 'Windows 11', os.arch: 'amd64', os.version: '10.0', java.version: '21.0.9'
Driver info: org.openqa.selenium.chrome.ChromeDriver
Capabilities {acceptInsecureCerts: false, browserName: chrome, browserVersion: 151.0.7922.76, chrome: {chromedriverVersion: 151.0.7922.76 (031bfd60f544..., userDataDir: C:\Users\W066520\AppData\Lo...}, fedcm:accounts: true, goog:chromeOptions: {debuggerAddress: localhost:60732}, goog:processID: 20620, networkConnectionEnabled: false, pageLoadStrategy: normal, platformName: windows, proxy: Proxy(), se:cdp: ws://localhost:60732/devtoo..., se:cdpVersion: 151.0.7922.76, setWindowRect: true, strictFileInteractability: false, timeouts: {implicit: 0, pageLoad: 300000, script: 30000}, unhandledPromptBehavior: dismiss and notify, webauthn:extension:credBlob: true, webauthn:extension:largeBlob: true, webauthn:extension:minPinLength: true, webauthn:extension:prf: true, webauthn:virtualAuthenticators: true}
Session ID: 43938fccc625772a277189f7cd20706e]]>
            </message>
            <full-stacktrace>
              <![CDATA[org.openqa.selenium.TimeoutException: Expected condition failed: waiting for visibility of element located by By.xpath: //span[contains(.,'Green Production')] (tried for 30 second(s) with 500 milliseconds interval)
Build info: version: '4.38.0', revision: '6b412e825c'
System info: os.name: 'Windows 11', os.arch: 'amd64', os.version: '10.0', java.version: '21.0.9'
Driver info: org.openqa.selenium.chrome.ChromeDriver
Capabilities {acceptInsecureCerts: false, browserName: chrome, browserVersion: 151.0.7922.76, chrome: {chromedriverVersion: 151.0.7922.76 (031bfd60f544..., userDataDir: C:\Users\W066520\AppData\Lo...}, fedcm:accounts: true, goog:chromeOptions: {debuggerAddress: localhost:60732}, goog:processID: 20620, networkConnectionEnabled: false, pageLoadStrategy: normal, platformName: windows, proxy: Proxy(), se:cdp: ws://localhost:60732/devtoo..., se:cdpVersion: 151.0.7922.76, setWindowRect: true, strictFileInteractability: false, timeouts: {implicit: 0, pageLoad: 300000, script: 30000}, unhandledPromptBehavior: dismiss and notify, webauthn:extension:credBlob: true, webauthn:extension:largeBlob: true, webauthn:extension:minPinLength: true, webauthn:extension:prf: true, webauthn:virtualAuthenticators: true}
Session ID: 43938fccc625772a277189f7cd20706e
at org.openqa.selenium.support.ui.WebDriverWait.timeoutException(WebDriverWait.java:84)
at org.openqa.selenium.support.ui.FluentWait.until(FluentWait.java:228)
at com.RCAReport.VerifytheGreenProductiondata.VerifytheGreenProductiondata(VerifytheGreenProductiondata.java:106)
at java.base/jdk.internal.reflect.DirectMethodHandleAccessor.invoke(DirectMethodHandleAccessor.java:103)
at java.base/java.lang.reflect.Method.invoke(Method.java:580)
at org.testng.internal.invokers.MethodInvocationHelper.invokeMethod(MethodInvocationHelper.java:141)
at org.testng.internal.invokers.TestInvoker.invokeMethod(TestInvoker.java:687)
at org.testng.internal.invokers.TestInvoker.invokeTestMethod(TestInvoker.java:230)
at org.testng.internal.invokers.MethodRunner.runInSequence(MethodRunner.java:63)
at org.testng.internal.invokers.TestInvoker$MethodInvocationAgent.invoke(TestInvoker.java:995)
at org.testng.internal.invokers.TestInvoker.invokeTestMethods(TestInvoker.java:203)
at org.testng.internal.invokers.TestMethodWorker.invokeTestMethods(TestMethodWorker.java:154)
at org.testng.internal.invokers.TestMethodWorker.run(TestMethodWorker.java:134)
at java.base/java.util.ArrayList.forEach(ArrayList.java:1596)
at org.testng.TestRunner.privateRun(TestRunner.java:741)
at org.testng.TestRunner.run(TestRunner.java:616)
at org.testng.SuiteRunner.runTest(SuiteRunner.java:421)
at org.testng.SuiteRunner.runSequentially(SuiteRunner.java:413)
at org.testng.SuiteRunner.privateRun(SuiteRunner.java:373)
at org.testng.SuiteRunner.run(SuiteRunner.java:312)
at org.testng.SuiteRunnerWorker.runSuite(SuiteRunnerWorker.java:52)
at org.testng.SuiteRunnerWorker.run(SuiteRunnerWorker.java:95)
at org.testng.TestNG.runSuitesSequentially(TestNG.java:1274)
at org.testng.TestNG.runSuitesLocally(TestNG.java:1208)
at org.testng.TestNG.runSuites(TestNG.java:1112)
at org.testng.TestNG.run(TestNG.java:1079)
at org.testng.remote.AbstractRemoteTestNG.run(AbstractRemoteTestNG.java:115)
at org.testng.remote.RemoteTestNG.initAndRun(RemoteTestNG.java:293)
at org.testng.remote.RemoteTestNG.main(RemoteTestNG.java:91)
]]>
            </full-stacktrace>
          </exception> <!-- org.openqa.selenium.TimeoutException -->
          <reporter-output>
          </reporter-output>
        </test-method> <!-- VerifytheGreenProductiondata -->
        <test-method is-config="true" signature="configAM()[pri:0, instance:com.RCAReport.VerifytheGreenProductiondata@6bf0219d]" started-at="2026-08-06T16:08:47 IST" name="configAM" finished-at="2026-08-06T16:08:48 IST" duration-ms="51" status="PASS">
          <reporter-output>
          </reporter-output>
        </test-method> <!-- configAM -->
        <test-method is-config="true" signature="configAC()[pri:0, instance:com.RCAReport.VerifytheGreenProductiondata@6bf0219d]" started-at="2026-08-06T16:08:48 IST" name="configAC" finished-at="2026-08-06T16:08:48 IST" duration-ms="284" status="PASS">
          <reporter-output>
          </reporter-output>
        </test-method> <!-- configAC -->
      </class> <!-- com.RCAReport.VerifytheGreenProductiondata -->
      <class name="com.RCAReport.VerifytheSkus">
        <test-method is-config="true" signature="configBC()[pri:0, instance:com.RCAReport.VerifytheSkus@dd0c991]" started-at="2026-08-06T16:08:48 IST" name="configBC" finished-at="2026-08-06T16:08:49 IST" duration-ms="1160" status="PASS">
          <reporter-output>
          </reporter-output>
        </test-method> <!-- configBC -->
        <test-method is-config="true" signature="configBM()[pri:0, instance:com.RCAReport.VerifytheSkus@dd0c991]" started-at="2026-08-06T16:08:49 IST" name="configBM" finished-at="2026-08-06T16:08:51 IST" duration-ms="1640" status="PASS">
          <reporter-output>
          </reporter-output>
        </test-method> <!-- configBM -->
        <test-method signature="VerifytheSkus()[pri:0, instance:com.RCAReport.VerifytheSkus@dd0c991]" started-at="2026-08-06T16:08:51 IST" name="VerifytheSkus" finished-at="2026-08-06T16:09:11 IST" duration-ms="20607" status="PASS">
          <reporter-output>
          </reporter-output>
        </test-method> <!-- VerifytheSkus -->
        <test-method is-config="true" signature="configAM()[pri:0, instance:com.RCAReport.VerifytheSkus@dd0c991]" started-at="2026-08-06T16:09:11 IST" name="configAM" finished-at="2026-08-06T16:09:11 IST" duration-ms="43" status="PASS">
          <reporter-output>
          </reporter-output>
        </test-method> <!-- configAM -->
        <test-method is-config="true" signature="configAC()[pri:0, instance:com.RCAReport.VerifytheSkus@dd0c991]" started-at="2026-08-06T16:09:11 IST" name="configAC" finished-at="2026-08-06T16:09:12 IST" duration-ms="397" status="PASS">
          <reporter-output>
          </reporter-output>
        </test-method> <!-- configAC -->
      </class> <!-- com.RCAReport.VerifytheSkus -->
      <class name="com.RCAReport.VerifytheRunningCTModeANDTargetCT">
        <test-method is-config="true" signature="configBC()[pri:0, instance:com.RCAReport.VerifytheRunningCTModeANDTargetCT@5f16132a]" started-at="2026-08-06T16:09:12 IST" name="configBC" finished-at="2026-08-06T16:09:13 IST" duration-ms="1147" status="PASS">
          <reporter-output>
          </reporter-output>
        </test-method> <!-- configBC -->
        <test-method is-config="true" signature="configBM()[pri:0, instance:com.RCAReport.VerifytheRunningCTModeANDTargetCT@5f16132a]" started-at="2026-08-06T16:09:13 IST" name="configBM" finished-at="2026-08-06T16:09:14 IST" duration-ms="1648" status="PASS">
          <reporter-output>
          </reporter-output>
        </test-method> <!-- configBM -->
        <test-method signature="VerifytheRunningCTModeANDTargetCT()[pri:0, instance:com.RCAReport.VerifytheRunningCTModeANDTargetCT@5f16132a]" started-at="2026-08-06T16:09:14 IST" name="VerifytheRunningCTModeANDTargetCT" finished-at="2026-08-06T16:09:42 IST" duration-ms="27508" status="PASS">
          <reporter-output>
          </reporter-output>
        </test-method> <!-- VerifytheRunningCTModeANDTargetCT -->
        <test-method is-config="true" signature="configAM()[pri:0, instance:com.RCAReport.VerifytheRunningCTModeANDTargetCT@5f16132a]" started-at="2026-08-06T16:09:42 IST" name="configAM" finished-at="2026-08-06T16:09:42 IST" duration-ms="65" status="PASS">
          <reporter-output>
          </reporter-output>
        </test-method> <!-- configAM -->
        <test-method is-config="true" signature="configAC()[pri:0, instance:com.RCAReport.VerifytheRunningCTModeANDTargetCT@5f16132a]" started-at="2026-08-06T16:09:42 IST" name="configAC" finished-at="2026-08-06T16:09:42 IST" duration-ms="306" status="PASS">
          <reporter-output>
          </reporter-output>
        </test-method> <!-- configAC -->
      </class> <!-- com.RCAReport.VerifytheRunningCTModeANDTargetCT -->
      <class name="com.RCAReport.VerifyMachinewiseSummaryBarChart">
        <test-method is-config="true" signature="configBC()[pri:0, instance:com.RCAReport.VerifyMachinewiseSummaryBarChart@69fb6037]" started-at="2026-08-06T16:09:42 IST" name="configBC" finished-at="2026-08-06T16:09:43 IST" duration-ms="1161" status="PASS">
          <reporter-output>
          </reporter-output>
        </test-method> <!-- configBC -->
        <test-method is-config="true" signature="configBM()[pri:0, instance:com.RCAReport.VerifyMachinewiseSummaryBarChart@69fb6037]" started-at="2026-08-06T16:09:43 IST" name="configBM" finished-at="2026-08-06T16:09:45 IST" duration-ms="1773" status="PASS">
          <reporter-output>
          </reporter-output>
        </test-method> <!-- configBM -->
        <test-method signature="VerifyMachinewiseSummaryBarChart()[pri:0, instance:com.RCAReport.VerifyMachinewiseSummaryBarChart@69fb6037]" started-at="2026-08-06T16:09:45 IST" name="VerifyMachinewiseSummaryBarChart" finished-at="2026-08-06T16:10:03 IST" duration-ms="18129" status="PASS">
          <reporter-output>
          </reporter-output>
        </test-method> <!-- VerifyMachinewiseSummaryBarChart -->
        <test-method is-config="true" signature="configAM()[pri:0, instance:com.RCAReport.VerifyMachinewiseSummaryBarChart@69fb6037]" started-at="2026-08-06T16:10:03 IST" name="configAM" finished-at="2026-08-06T16:10:03 IST" duration-ms="52" status="PASS">
          <reporter-output>
          </reporter-output>
        </test-method> <!-- configAM -->
        <test-method is-config="true" signature="configAC()[pri:0, instance:com.RCAReport.VerifyMachinewiseSummaryBarChart@69fb6037]" started-at="2026-08-06T16:10:03 IST" name="configAC" finished-at="2026-08-06T16:10:04 IST" duration-ms="394" status="PASS">
          <reporter-output>
          </reporter-output>
        </test-method> <!-- configAC -->
      </class> <!-- com.RCAReport.VerifyMachinewiseSummaryBarChart -->
      <class name="com.RCAReport.VerifytheAggregatedSummaryViewExporttButton">
        <test-method is-config="true" signature="configBC()[pri:0, instance:com.RCAReport.VerifytheAggregatedSummaryViewExporttButton@36d585c]" started-at="2026-08-06T16:10:04 IST" name="configBC" finished-at="2026-08-06T16:10:05 IST" duration-ms="1189" status="PASS">
          <reporter-output>
          </reporter-output>
        </test-method> <!-- configBC -->
        <test-method is-config="true" signature="configBM()[pri:0, instance:com.RCAReport.VerifytheAggregatedSummaryViewExporttButton@36d585c]" started-at="2026-08-06T16:10:05 IST" name="configBM" finished-at="2026-08-06T16:10:07 IST" duration-ms="1638" status="PASS">
          <reporter-output>
          </reporter-output>
        </test-method> <!-- configBM -->
        <test-method signature="VerifytheAggregatedSummaryViewExportButton()[pri:0, instance:com.RCAReport.VerifytheAggregatedSummaryViewExporttButton@36d585c]" started-at="2026-08-06T16:10:07 IST" name="VerifytheAggregatedSummaryViewExportButton" finished-at="2026-08-06T16:10:52 IST" duration-ms="44993" status="PASS">
          <reporter-output>
          </reporter-output>
        </test-method> <!-- VerifytheAggregatedSummaryViewExportButton -->
        <test-method is-config="true" signature="configAM()[pri:0, instance:com.RCAReport.VerifytheAggregatedSummaryViewExporttButton@36d585c]" started-at="2026-08-06T16:10:52 IST" name="configAM" finished-at="2026-08-06T16:10:52 IST" duration-ms="172" status="PASS">
          <reporter-output>
          </reporter-output>
        </test-method> <!-- configAM -->
        <test-method is-config="true" signature="configAC()[pri:0, instance:com.RCAReport.VerifytheAggregatedSummaryViewExporttButton@36d585c]" started-at="2026-08-06T16:10:52 IST" name="configAC" finished-at="2026-08-06T16:10:52 IST" duration-ms="393" status="PASS">
          <reporter-output>
          </reporter-output>
        </test-method> <!-- configAC -->
      </class> <!-- com.RCAReport.VerifytheAggregatedSummaryViewExporttButton -->
      <class name="com.RCAReport.VerifytheRedProductionData">
        <test-method is-config="true" signature="configBC()[pri:0, instance:com.RCAReport.VerifytheRedProductionData@87a85e1]" started-at="2026-08-06T16:10:52 IST" name="configBC" finished-at="2026-08-06T16:10:53 IST" duration-ms="1150" status="PASS">
          <reporter-output>
          </reporter-output>
        </test-method> <!-- configBC -->
        <test-method is-config="true" signature="configBM()[pri:0, instance:com.RCAReport.VerifytheRedProductionData@87a85e1]" started-at="2026-08-06T16:10:53 IST" name="configBM" finished-at="2026-08-06T16:10:56 IST" duration-ms="2395" status="PASS">
          <reporter-output>
          </reporter-output>
        </test-method> <!-- configBM -->
        <test-method signature="VerifytheRedProductionData()[pri:0, instance:com.RCAReport.VerifytheRedProductionData@87a85e1]" started-at="2026-08-06T16:10:56 IST" name="VerifytheRedProductionData" finished-at="2026-08-06T16:11:31 IST" duration-ms="34722" status="FAIL">
          <exception class="org.openqa.selenium.TimeoutException">
            <message>
              <![CDATA[Expected condition failed: waiting for visibility of element located by By.xpath: //span[contains(.,'Red Production')] (tried for 30 second(s) with 500 milliseconds interval)
Build info: version: '4.38.0', revision: '6b412e825c'
System info: os.name: 'Windows 11', os.arch: 'amd64', os.version: '10.0', java.version: '21.0.9'
Driver info: org.openqa.selenium.chrome.ChromeDriver
Capabilities {acceptInsecureCerts: false, browserName: chrome, browserVersion: 151.0.7922.76, chrome: {chromedriverVersion: 151.0.7922.76 (031bfd60f544..., userDataDir: C:\Users\W066520\AppData\Lo...}, fedcm:accounts: true, goog:chromeOptions: {debuggerAddress: localhost:57974}, goog:processID: 22020, networkConnectionEnabled: false, pageLoadStrategy: normal, platformName: windows, proxy: Proxy(), se:cdp: ws://localhost:57974/devtoo..., se:cdpVersion: 151.0.7922.76, setWindowRect: true, strictFileInteractability: false, timeouts: {implicit: 0, pageLoad: 300000, script: 30000}, unhandledPromptBehavior: dismiss and notify, webauthn:extension:credBlob: true, webauthn:extension:largeBlob: true, webauthn:extension:minPinLength: true, webauthn:extension:prf: true, webauthn:virtualAuthenticators: true}
Session ID: dc9d78ee4742b93b53299a8274ab2600]]>
            </message>
            <full-stacktrace>
              <![CDATA[org.openqa.selenium.TimeoutException: Expected condition failed: waiting for visibility of element located by By.xpath: //span[contains(.,'Red Production')] (tried for 30 second(s) with 500 milliseconds interval)
Build info: version: '4.38.0', revision: '6b412e825c'
System info: os.name: 'Windows 11', os.arch: 'amd64', os.version: '10.0', java.version: '21.0.9'
Driver info: org.openqa.selenium.chrome.ChromeDriver
Capabilities {acceptInsecureCerts: false, browserName: chrome, browserVersion: 151.0.7922.76, chrome: {chromedriverVersion: 151.0.7922.76 (031bfd60f544..., userDataDir: C:\Users\W066520\AppData\Lo...}, fedcm:accounts: true, goog:chromeOptions: {debuggerAddress: localhost:57974}, goog:processID: 22020, networkConnectionEnabled: false, pageLoadStrategy: normal, platformName: windows, proxy: Proxy(), se:cdp: ws://localhost:57974/devtoo..., se:cdpVersion: 151.0.7922.76, setWindowRect: true, strictFileInteractability: false, timeouts: {implicit: 0, pageLoad: 300000, script: 30000}, unhandledPromptBehavior: dismiss and notify, webauthn:extension:credBlob: true, webauthn:extension:largeBlob: true, webauthn:extension:minPinLength: true, webauthn:extension:prf: true, webauthn:virtualAuthenticators: true}
Session ID: dc9d78ee4742b93b53299a8274ab2600
at org.openqa.selenium.support.ui.WebDriverWait.timeoutException(WebDriverWait.java:84)
at org.openqa.selenium.support.ui.FluentWait.until(FluentWait.java:228)
at com.RCAReport.VerifytheRedProductionData.VerifytheRedProductionData(VerifytheRedProductionData.java:106)
at java.base/jdk.internal.reflect.DirectMethodHandleAccessor.invoke(DirectMethodHandleAccessor.java:103)
at java.base/java.lang.reflect.Method.invoke(Method.java:580)
at org.testng.internal.invokers.MethodInvocationHelper.invokeMethod(MethodInvocationHelper.java:141)
at org.testng.internal.invokers.TestInvoker.invokeMethod(TestInvoker.java:687)
at org.testng.internal.invokers.TestInvoker.invokeTestMethod(TestInvoker.java:230)
at org.testng.internal.invokers.MethodRunner.runInSequence(MethodRunner.java:63)
at org.testng.internal.invokers.TestInvoker$MethodInvocationAgent.invoke(TestInvoker.java:995)
at org.testng.internal.invokers.TestInvoker.invokeTestMethods(TestInvoker.java:203)
at org.testng.internal.invokers.TestMethodWorker.invokeTestMethods(TestMethodWorker.java:154)
at org.testng.internal.invokers.TestMethodWorker.run(TestMethodWorker.java:134)
at java.base/java.util.ArrayList.forEach(ArrayList.java:1596)
at org.testng.TestRunner.privateRun(TestRunner.java:741)
at org.testng.TestRunner.run(TestRunner.java:616)
at org.testng.SuiteRunner.runTest(SuiteRunner.java:421)
at org.testng.SuiteRunner.runSequentially(SuiteRunner.java:413)
at org.testng.SuiteRunner.privateRun(SuiteRunner.java:373)
at org.testng.SuiteRunner.run(SuiteRunner.java:312)
at org.testng.SuiteRunnerWorker.runSuite(SuiteRunnerWorker.java:52)
at org.testng.SuiteRunnerWorker.run(SuiteRunnerWorker.java:95)
at org.testng.TestNG.runSuitesSequentially(TestNG.java:1274)
at org.testng.TestNG.runSuitesLocally(TestNG.java:1208)
at org.testng.TestNG.runSuites(TestNG.java:1112)
at org.testng.TestNG.run(TestNG.java:1079)
at org.testng.remote.AbstractRemoteTestNG.run(AbstractRemoteTestNG.java:115)
at org.testng.remote.RemoteTestNG.initAndRun(RemoteTestNG.java:293)
at org.testng.remote.RemoteTestNG.main(RemoteTestNG.java:91)
]]>
            </full-stacktrace>
          </exception> <!-- org.openqa.selenium.TimeoutException -->
          <reporter-output>
          </reporter-output>
        </test-method> <!-- VerifytheRedProductionData -->
        <test-method is-config="true" signature="configAM()[pri:0, instance:com.RCAReport.VerifytheRedProductionData@87a85e1]" started-at="2026-08-06T16:11:31 IST" name="configAM" finished-at="2026-08-06T16:11:31 IST" duration-ms="41" status="PASS">
          <reporter-output>
          </reporter-output>
        </test-method> <!-- configAM -->
        <test-method is-config="true" signature="configAC()[pri:0, instance:com.RCAReport.VerifytheRedProductionData@87a85e1]" started-at="2026-08-06T16:11:31 IST" name="configAC" finished-at="2026-08-06T16:11:31 IST" duration-ms="422" status="PASS">
          <reporter-output>
          </reporter-output>
        </test-method> <!-- configAC -->
      </class> <!-- com.RCAReport.VerifytheRedProductionData -->
      <class name="com.RCAReport.VerifytheWeightedAveragesModeValuedata">
        <test-method is-config="true" signature="configBC()[pri:0, instance:com.RCAReport.VerifytheWeightedAveragesModeValuedata@671a5887]" started-at="2026-08-06T16:11:31 IST" name="configBC" finished-at="2026-08-06T16:11:32 IST" duration-ms="1273" status="PASS">
          <reporter-output>
          </reporter-output>
        </test-method> <!-- configBC -->
        <test-method is-config="true" signature="configBM()[pri:0, instance:com.RCAReport.VerifytheWeightedAveragesModeValuedata@671a5887]" started-at="2026-08-06T16:11:32 IST" name="configBM" finished-at="2026-08-06T16:11:34 IST" duration-ms="1628" status="PASS">
          <reporter-output>
          </reporter-output>
        </test-method> <!-- configBM -->
        <test-method signature="VerifytheWeightedAveragesModeValuedata()[pri:0, instance:com.RCAReport.VerifytheWeightedAveragesModeValuedata@671a5887]" started-at="2026-08-06T16:11:34 IST" name="VerifytheWeightedAveragesModeValuedata" finished-at="2026-08-06T16:12:07 IST" duration-ms="33171" status="PASS">
          <reporter-output>
          </reporter-output>
        </test-method> <!-- VerifytheWeightedAveragesModeValuedata -->
        <test-method is-config="true" signature="configAM()[pri:0, instance:com.RCAReport.VerifytheWeightedAveragesModeValuedata@671a5887]" started-at="2026-08-06T16:12:07 IST" name="configAM" finished-at="2026-08-06T16:12:07 IST" duration-ms="56" status="PASS">
          <reporter-output>
          </reporter-output>
        </test-method> <!-- configAM -->
        <test-method is-config="true" signature="configAC()[pri:0, instance:com.RCAReport.VerifytheWeightedAveragesModeValuedata@671a5887]" started-at="2026-08-06T16:12:07 IST" name="configAC" finished-at="2026-08-06T16:12:07 IST" duration-ms="303" status="PASS">
          <reporter-output>
          </reporter-output>
        </test-method> <!-- configAC -->
      </class> <!-- com.RCAReport.VerifytheWeightedAveragesModeValuedata -->
      <class name="com.RCAReport.VerifytheMachinepotentiolLossgraph">
        <test-method is-config="true" signature="configBC()[pri:0, instance:com.RCAReport.VerifytheMachinepotentiolLossgraph@5552768b]" started-at="2026-08-06T16:12:07 IST" name="configBC" finished-at="2026-08-06T16:12:09 IST" duration-ms="1145" status="PASS">
          <reporter-output>
          </reporter-output>
        </test-method> <!-- configBC -->
        <test-method is-config="true" signature="configBM()[pri:0, instance:com.RCAReport.VerifytheMachinepotentiolLossgraph@5552768b]" started-at="2026-08-06T16:12:09 IST" name="configBM" finished-at="2026-08-06T16:12:10 IST" duration-ms="1741" status="PASS">
          <reporter-output>
          </reporter-output>
        </test-method> <!-- configBM -->
        <test-method signature="VerifytheMachinepotentiolLossgraph()[pri:0, instance:com.RCAReport.VerifytheMachinepotentiolLossgraph@5552768b]" started-at="2026-08-06T16:12:10 IST" name="VerifytheMachinepotentiolLossgraph" finished-at="2026-08-06T16:13:51 IST" duration-ms="100476" status="FAIL">
          <exception class="org.openqa.selenium.TimeoutException">
            <message>
              <![CDATA[Expected condition failed: waiting for visibility of element located by By.xpath: //*[text()='Machine Potential Loss Graph'] (tried for 30 second(s) with 500 milliseconds interval)
Build info: version: '4.38.0', revision: '6b412e825c'
System info: os.name: 'Windows 11', os.arch: 'amd64', os.version: '10.0', java.version: '21.0.9'
Driver info: org.openqa.selenium.chrome.ChromeDriver
Capabilities {acceptInsecureCerts: false, browserName: chrome, browserVersion: 151.0.7922.76, chrome: {chromedriverVersion: 151.0.7922.76 (031bfd60f544..., userDataDir: C:\Users\W066520\AppData\Lo...}, fedcm:accounts: true, goog:chromeOptions: {debuggerAddress: localhost:51510}, goog:processID: 30500, networkConnectionEnabled: false, pageLoadStrategy: normal, platformName: windows, proxy: Proxy(), se:cdp: ws://localhost:51510/devtoo..., se:cdpVersion: 151.0.7922.76, setWindowRect: true, strictFileInteractability: false, timeouts: {implicit: 0, pageLoad: 300000, script: 30000}, unhandledPromptBehavior: dismiss and notify, webauthn:extension:credBlob: true, webauthn:extension:largeBlob: true, webauthn:extension:minPinLength: true, webauthn:extension:prf: true, webauthn:virtualAuthenticators: true}
Session ID: 3bc0b99b25bb74b918080392a2bd8ddf]]>
            </message>
            <full-stacktrace>
              <![CDATA[org.openqa.selenium.TimeoutException: Expected condition failed: waiting for visibility of element located by By.xpath: //*[text()='Machine Potential Loss Graph'] (tried for 30 second(s) with 500 milliseconds interval)
Build info: version: '4.38.0', revision: '6b412e825c'
System info: os.name: 'Windows 11', os.arch: 'amd64', os.version: '10.0', java.version: '21.0.9'
Driver info: org.openqa.selenium.chrome.ChromeDriver
Capabilities {acceptInsecureCerts: false, browserName: chrome, browserVersion: 151.0.7922.76, chrome: {chromedriverVersion: 151.0.7922.76 (031bfd60f544..., userDataDir: C:\Users\W066520\AppData\Lo...}, fedcm:accounts: true, goog:chromeOptions: {debuggerAddress: localhost:51510}, goog:processID: 30500, networkConnectionEnabled: false, pageLoadStrategy: normal, platformName: windows, proxy: Proxy(), se:cdp: ws://localhost:51510/devtoo..., se:cdpVersion: 151.0.7922.76, setWindowRect: true, strictFileInteractability: false, timeouts: {implicit: 0, pageLoad: 300000, script: 30000}, unhandledPromptBehavior: dismiss and notify, webauthn:extension:credBlob: true, webauthn:extension:largeBlob: true, webauthn:extension:minPinLength: true, webauthn:extension:prf: true, webauthn:virtualAuthenticators: true}
Session ID: 3bc0b99b25bb74b918080392a2bd8ddf
at org.openqa.selenium.support.ui.WebDriverWait.timeoutException(WebDriverWait.java:84)
at org.openqa.selenium.support.ui.FluentWait.until(FluentWait.java:228)
at com.RCAReport.VerifytheMachinepotentiolLossgraph.VerifytheMachinepotentiolLossgraph(VerifytheMachinepotentiolLossgraph.java:118)
at java.base/jdk.internal.reflect.DirectMethodHandleAccessor.invoke(DirectMethodHandleAccessor.java:103)
at java.base/java.lang.reflect.Method.invoke(Method.java:580)
at org.testng.internal.invokers.MethodInvocationHelper.invokeMethod(MethodInvocationHelper.java:141)
at org.testng.internal.invokers.TestInvoker.invokeMethod(TestInvoker.java:687)
at org.testng.internal.invokers.TestInvoker.invokeTestMethod(TestInvoker.java:230)
at org.testng.internal.invokers.MethodRunner.runInSequence(MethodRunner.java:63)
at org.testng.internal.invokers.TestInvoker$MethodInvocationAgent.invoke(TestInvoker.java:995)
at org.testng.internal.invokers.TestInvoker.invokeTestMethods(TestInvoker.java:203)
at org.testng.internal.invokers.TestMethodWorker.invokeTestMethods(TestMethodWorker.java:154)
at org.testng.internal.invokers.TestMethodWorker.run(TestMethodWorker.java:134)
at java.base/java.util.ArrayList.forEach(ArrayList.java:1596)
at org.testng.TestRunner.privateRun(TestRunner.java:741)
at org.testng.TestRunner.run(TestRunner.java:616)
at org.testng.SuiteRunner.runTest(SuiteRunner.java:421)
at org.testng.SuiteRunner.runSequentially(SuiteRunner.java:413)
at org.testng.SuiteRunner.privateRun(SuiteRunner.java:373)
at org.testng.SuiteRunner.run(SuiteRunner.java:312)
at org.testng.SuiteRunnerWorker.runSuite(SuiteRunnerWorker.java:52)
at org.testng.SuiteRunnerWorker.run(SuiteRunnerWorker.java:95)
at org.testng.TestNG.runSuitesSequentially(TestNG.java:1274)
at org.testng.TestNG.runSuitesLocally(TestNG.java:1208)
at org.testng.TestNG.runSuites(TestNG.java:1112)
at org.testng.TestNG.run(TestNG.java:1079)
at org.testng.remote.AbstractRemoteTestNG.run(AbstractRemoteTestNG.java:115)
at org.testng.remote.RemoteTestNG.initAndRun(RemoteTestNG.java:293)
at org.testng.remote.RemoteTestNG.main(RemoteTestNG.java:91)
]]>
            </full-stacktrace>
          </exception> <!-- org.openqa.selenium.TimeoutException -->
          <reporter-output>
          </reporter-output>
        </test-method> <!-- VerifytheMachinepotentiolLossgraph -->
        <test-method is-config="true" signature="configAM()[pri:0, instance:com.RCAReport.VerifytheMachinepotentiolLossgraph@5552768b]" started-at="2026-08-06T16:13:51 IST" name="configAM" finished-at="2026-08-06T16:13:51 IST" duration-ms="67" status="PASS">
          <reporter-output>
          </reporter-output>
        </test-method> <!-- configAM -->
        <test-method is-config="true" signature="configAC()[pri:0, instance:com.RCAReport.VerifytheMachinepotentiolLossgraph@5552768b]" started-at="2026-08-06T16:13:51 IST" name="configAC" finished-at="2026-08-06T16:13:51 IST" duration-ms="583" status="PASS">
          <reporter-output>
          </reporter-output>
        </test-method> <!-- configAC -->
      </class> <!-- com.RCAReport.VerifytheMachinepotentiolLossgraph -->
      <class name="com.RCAReport.VerifytheAggregatedSummaryTableisNotEmpty">
        <test-method is-config="true" signature="configBC()[pri:0, instance:com.RCAReport.VerifytheAggregatedSummaryTableisNotEmpty@3c947bc5]" started-at="2026-08-06T16:13:51 IST" name="configBC" finished-at="2026-08-06T16:13:53 IST" duration-ms="1192" status="PASS">
          <reporter-output>
          </reporter-output>
        </test-method> <!-- configBC -->
        <test-method is-config="true" signature="configBM()[pri:0, instance:com.RCAReport.VerifytheAggregatedSummaryTableisNotEmpty@3c947bc5]" started-at="2026-08-06T16:13:53 IST" name="configBM" finished-at="2026-08-06T16:13:56 IST" duration-ms="3064" status="PASS">
          <reporter-output>
          </reporter-output>
        </test-method> <!-- configBM -->
        <test-method signature="VerifytheAggregatedSummaryTableisNotEmpty()[pri:0, instance:com.RCAReport.VerifytheAggregatedSummaryTableisNotEmpty@3c947bc5]" started-at="2026-08-06T16:13:56 IST" name="VerifytheAggregatedSummaryTableisNotEmpty" finished-at="2026-08-06T16:14:35 IST" duration-ms="38852" status="FAIL">
          <exception class="org.openqa.selenium.TimeoutException">
            <message>
              <![CDATA[Expected condition failed: waiting for visibility of element located by By.id: Aggregated_table (tried for 30 second(s) with 500 milliseconds interval)
Build info: version: '4.38.0', revision: '6b412e825c'
System info: os.name: 'Windows 11', os.arch: 'amd64', os.version: '10.0', java.version: '21.0.9'
Driver info: org.openqa.selenium.chrome.ChromeDriver
Capabilities {acceptInsecureCerts: false, browserName: chrome, browserVersion: 151.0.7922.76, chrome: {chromedriverVersion: 151.0.7922.76 (031bfd60f544..., userDataDir: C:\Users\W066520\AppData\Lo...}, fedcm:accounts: true, goog:chromeOptions: {debuggerAddress: localhost:51213}, goog:processID: 16360, networkConnectionEnabled: false, pageLoadStrategy: normal, platformName: windows, proxy: Proxy(), se:cdp: ws://localhost:51213/devtoo..., se:cdpVersion: 151.0.7922.76, setWindowRect: true, strictFileInteractability: false, timeouts: {implicit: 0, pageLoad: 300000, script: 30000}, unhandledPromptBehavior: dismiss and notify, webauthn:extension:credBlob: true, webauthn:extension:largeBlob: true, webauthn:extension:minPinLength: true, webauthn:extension:prf: true, webauthn:virtualAuthenticators: true}
Session ID: b6e4dfc9c69ac191dbc6d94aca65e9e2]]>
            </message>
            <full-stacktrace>
              <![CDATA[org.openqa.selenium.TimeoutException: Expected condition failed: waiting for visibility of element located by By.id: Aggregated_table (tried for 30 second(s) with 500 milliseconds interval)
Build info: version: '4.38.0', revision: '6b412e825c'
System info: os.name: 'Windows 11', os.arch: 'amd64', os.version: '10.0', java.version: '21.0.9'
Driver info: org.openqa.selenium.chrome.ChromeDriver
Capabilities {acceptInsecureCerts: false, browserName: chrome, browserVersion: 151.0.7922.76, chrome: {chromedriverVersion: 151.0.7922.76 (031bfd60f544..., userDataDir: C:\Users\W066520\AppData\Lo...}, fedcm:accounts: true, goog:chromeOptions: {debuggerAddress: localhost:51213}, goog:processID: 16360, networkConnectionEnabled: false, pageLoadStrategy: normal, platformName: windows, proxy: Proxy(), se:cdp: ws://localhost:51213/devtoo..., se:cdpVersion: 151.0.7922.76, setWindowRect: true, strictFileInteractability: false, timeouts: {implicit: 0, pageLoad: 300000, script: 30000}, unhandledPromptBehavior: dismiss and notify, webauthn:extension:credBlob: true, webauthn:extension:largeBlob: true, webauthn:extension:minPinLength: true, webauthn:extension:prf: true, webauthn:virtualAuthenticators: true}
Session ID: b6e4dfc9c69ac191dbc6d94aca65e9e2
at org.openqa.selenium.support.ui.WebDriverWait.timeoutException(WebDriverWait.java:84)
at org.openqa.selenium.support.ui.FluentWait.until(FluentWait.java:228)
at com.RCAReport.VerifytheAggregatedSummaryTableisNotEmpty.VerifytheAggregatedSummaryTableisNotEmpty(VerifytheAggregatedSummaryTableisNotEmpty.java:120)
at java.base/jdk.internal.reflect.DirectMethodHandleAccessor.invoke(DirectMethodHandleAccessor.java:103)
at java.base/java.lang.reflect.Method.invoke(Method.java:580)
at org.testng.internal.invokers.MethodInvocationHelper.invokeMethod(MethodInvocationHelper.java:141)
at org.testng.internal.invokers.TestInvoker.invokeMethod(TestInvoker.java:687)
at org.testng.internal.invokers.TestInvoker.invokeTestMethod(TestInvoker.java:230)
at org.testng.internal.invokers.MethodRunner.runInSequence(MethodRunner.java:63)
at org.testng.internal.invokers.TestInvoker$MethodInvocationAgent.invoke(TestInvoker.java:995)
at org.testng.internal.invokers.TestInvoker.invokeTestMethods(TestInvoker.java:203)
at org.testng.internal.invokers.TestMethodWorker.invokeTestMethods(TestMethodWorker.java:154)
at org.testng.internal.invokers.TestMethodWorker.run(TestMethodWorker.java:134)
at java.base/java.util.ArrayList.forEach(ArrayList.java:1596)
at org.testng.TestRunner.privateRun(TestRunner.java:741)
at org.testng.TestRunner.run(TestRunner.java:616)
at org.testng.SuiteRunner.runTest(SuiteRunner.java:421)
at org.testng.SuiteRunner.runSequentially(SuiteRunner.java:413)
at org.testng.SuiteRunner.privateRun(SuiteRunner.java:373)
at org.testng.SuiteRunner.run(SuiteRunner.java:312)
at org.testng.SuiteRunnerWorker.runSuite(SuiteRunnerWorker.java:52)
at org.testng.SuiteRunnerWorker.run(SuiteRunnerWorker.java:95)
at org.testng.TestNG.runSuitesSequentially(TestNG.java:1274)
at org.testng.TestNG.runSuitesLocally(TestNG.java:1208)
at org.testng.TestNG.runSuites(TestNG.java:1112)
at org.testng.TestNG.run(TestNG.java:1079)
at org.testng.remote.AbstractRemoteTestNG.run(AbstractRemoteTestNG.java:115)
at org.testng.remote.RemoteTestNG.initAndRun(RemoteTestNG.java:293)
at org.testng.remote.RemoteTestNG.main(RemoteTestNG.java:91)
]]>
            </full-stacktrace>
          </exception> <!-- org.openqa.selenium.TimeoutException -->
          <reporter-output>
          </reporter-output>
        </test-method> <!-- VerifytheAggregatedSummaryTableisNotEmpty -->
        <test-method is-config="true" signature="configAM()[pri:0, instance:com.RCAReport.VerifytheAggregatedSummaryTableisNotEmpty@3c947bc5]" started-at="2026-08-06T16:14:35 IST" name="configAM" finished-at="2026-08-06T16:14:35 IST" duration-ms="47" status="PASS">
          <reporter-output>
          </reporter-output>
        </test-method> <!-- configAM -->
        <test-method is-config="true" signature="configAC()[pri:0, instance:com.RCAReport.VerifytheAggregatedSummaryTableisNotEmpty@3c947bc5]" started-at="2026-08-06T16:14:35 IST" name="configAC" finished-at="2026-08-06T16:14:35 IST" duration-ms="392" status="PASS">
          <reporter-output>
          </reporter-output>
        </test-method> <!-- configAC -->
      </class> <!-- com.RCAReport.VerifytheAggregatedSummaryTableisNotEmpty -->
      <class name="com.RCAReport.VeriftheMachinePotentialGrahpBarchart">
        <test-method is-config="true" signature="configBC()[pri:0, instance:com.RCAReport.VeriftheMachinePotentialGrahpBarchart@55f616cf]" started-at="2026-08-06T16:15:13 IST" name="configBC" finished-at="2026-08-06T16:15:14 IST" duration-ms="1173" status="PASS">
          <reporter-output>
          </reporter-output>
        </test-method> <!-- configBC -->
        <test-method is-config="true" signature="configBM()[pri:0, instance:com.RCAReport.VeriftheMachinePotentialGrahpBarchart@55f616cf]" started-at="2026-08-06T16:15:14 IST" name="configBM" finished-at="2026-08-06T16:15:16 IST" duration-ms="1640" status="PASS">
          <reporter-output>
          </reporter-output>
        </test-method> <!-- configBM -->
        <test-method signature="VerifytheMachinePotentilaGraphBarchart()[pri:0, instance:com.RCAReport.VeriftheMachinePotentialGrahpBarchart@55f616cf]" started-at="2026-08-06T16:15:16 IST" name="VerifytheMachinePotentilaGraphBarchart" finished-at="2026-08-06T16:18:42 IST" duration-ms="206279" status="FAIL">
          <exception class="org.openqa.selenium.NoSuchWindowException">
            <message>
              <![CDATA[no such window: target window already closed
from unknown error: web view not found
  (Session info: chrome=151.0.7922.76)
Build info: version: '4.38.0', revision: '6b412e825c'
System info: os.name: 'Windows 11', os.arch: 'amd64', os.version: '10.0', java.version: '21.0.9'
Driver info: org.openqa.selenium.chrome.ChromeDriver
Command: [04446a0bb3498aebb5fb61d781980fe7, executeScript {args=[], script=window.scrollBy(0,1000)}]
Capabilities {acceptInsecureCerts: false, browserName: chrome, browserVersion: 151.0.7922.76, chrome: {chromedriverVersion: 151.0.7922.76 (031bfd60f544..., userDataDir: C:\Users\W066520\AppData\Lo...}, fedcm:accounts: true, goog:chromeOptions: {debuggerAddress: localhost:63269}, goog:processID: 10324, networkConnectionEnabled: false, pageLoadStrategy: normal, platformName: windows, proxy: Proxy(), se:cdp: ws://localhost:63269/devtoo..., se:cdpVersion: 151.0.7922.76, setWindowRect: true, strictFileInteractability: false, timeouts: {implicit: 0, pageLoad: 300000, script: 30000}, unhandledPromptBehavior: dismiss and notify, webauthn:extension:credBlob: true, webauthn:extension:largeBlob: true, webauthn:extension:minPinLength: true, webauthn:extension:prf: true, webauthn:virtualAuthenticators: true}
Session ID: 04446a0bb3498aebb5fb61d781980fe7]]>
            </message>
            <full-stacktrace>
              <![CDATA[org.openqa.selenium.NoSuchWindowException: no such window: target window already closed
from unknown error: web view not found
  (Session info: chrome=151.0.7922.76)
Build info: version: '4.38.0', revision: '6b412e825c'
System info: os.name: 'Windows 11', os.arch: 'amd64', os.version: '10.0', java.version: '21.0.9'
Driver info: org.openqa.selenium.chrome.ChromeDriver
Command: [04446a0bb3498aebb5fb61d781980fe7, executeScript {args=[], script=window.scrollBy(0,1000)}]
Capabilities {acceptInsecureCerts: false, browserName: chrome, browserVersion: 151.0.7922.76, chrome: {chromedriverVersion: 151.0.7922.76 (031bfd60f544..., userDataDir: C:\Users\W066520\AppData\Lo...}, fedcm:accounts: true, goog:chromeOptions: {debuggerAddress: localhost:63269}, goog:processID: 10324, networkConnectionEnabled: false, pageLoadStrategy: normal, platformName: windows, proxy: Proxy(), se:cdp: ws://localhost:63269/devtoo..., se:cdpVersion: 151.0.7922.76, setWindowRect: true, strictFileInteractability: false, timeouts: {implicit: 0, pageLoad: 300000, script: 30000}, unhandledPromptBehavior: dismiss and notify, webauthn:extension:credBlob: true, webauthn:extension:largeBlob: true, webauthn:extension:minPinLength: true, webauthn:extension:prf: true, webauthn:virtualAuthenticators: true}
Session ID: 04446a0bb3498aebb5fb61d781980fe7
at java.base/jdk.internal.reflect.DirectConstructorHandleAccessor.newInstance(DirectConstructorHandleAccessor.java:62)
at java.base/java.lang.reflect.Constructor.newInstanceWithCaller(Constructor.java:502)
at java.base/java.lang.reflect.Constructor.newInstance(Constructor.java:486)
at org.openqa.selenium.remote.ErrorCodec.decode(ErrorCodec.java:167)
at org.openqa.selenium.remote.codec.w3c.W3CHttpResponseCodec.decode(W3CHttpResponseCodec.java:138)
at org.openqa.selenium.remote.codec.w3c.W3CHttpResponseCodec.decode(W3CHttpResponseCodec.java:50)
at org.openqa.selenium.remote.HttpCommandExecutor.execute(HttpCommandExecutor.java:215)
at org.openqa.selenium.remote.service.DriverCommandExecutor.invokeExecute(DriverCommandExecutor.java:216)
at org.openqa.selenium.remote.service.DriverCommandExecutor.execute(DriverCommandExecutor.java:174)
at org.openqa.selenium.remote.RemoteWebDriver.execute(RemoteWebDriver.java:557)
at org.openqa.selenium.remote.RemoteWebDriver.executeScript(RemoteWebDriver.java:488)
at com.RCAReport.VeriftheMachinePotentialGrahpBarchart.VerifytheMachinePotentilaGraphBarchart(VeriftheMachinePotentialGrahpBarchart.java:115)
at java.base/jdk.internal.reflect.DirectMethodHandleAccessor.invoke(DirectMethodHandleAccessor.java:103)
at java.base/java.lang.reflect.Method.invoke(Method.java:580)
at org.testng.internal.invokers.MethodInvocationHelper.invokeMethod(MethodInvocationHelper.java:141)
at org.testng.internal.invokers.TestInvoker.invokeMethod(TestInvoker.java:687)
at org.testng.internal.invokers.TestInvoker.invokeTestMethod(TestInvoker.java:230)
at org.testng.internal.invokers.MethodRunner.runInSequence(MethodRunner.java:63)
at org.testng.internal.invokers.TestInvoker$MethodInvocationAgent.invoke(TestInvoker.java:995)
at org.testng.internal.invokers.TestInvoker.invokeTestMethods(TestInvoker.java:203)
at org.testng.internal.invokers.TestMethodWorker.invokeTestMethods(TestMethodWorker.java:154)
at org.testng.internal.invokers.TestMethodWorker.run(TestMethodWorker.java:134)
at java.base/java.util.ArrayList.forEach(ArrayList.java:1596)
at org.testng.TestRunner.privateRun(TestRunner.java:741)
at org.testng.TestRunner.run(TestRunner.java:616)
at org.testng.SuiteRunner.runTest(SuiteRunner.java:421)
at org.testng.SuiteRunner.runSequentially(SuiteRunner.java:413)
at org.testng.SuiteRunner.privateRun(SuiteRunner.java:373)
at org.testng.SuiteRunner.run(SuiteRunner.java:312)
at org.testng.SuiteRunnerWorker.runSuite(SuiteRunnerWorker.java:52)
at org.testng.SuiteRunnerWorker.run(SuiteRunnerWorker.java:95)
at org.testng.TestNG.runSuitesSequentially(TestNG.java:1274)
at org.testng.TestNG.runSuitesLocally(TestNG.java:1208)
at org.testng.TestNG.runSuites(TestNG.java:1112)
at org.testng.TestNG.run(TestNG.java:1079)
at org.testng.remote.AbstractRemoteTestNG.run(AbstractRemoteTestNG.java:115)
at org.testng.remote.RemoteTestNG.initAndRun(RemoteTestNG.java:293)
at org.testng.remote.RemoteTestNG.main(RemoteTestNG.java:91)
]]>
            </full-stacktrace>
          </exception> <!-- org.openqa.selenium.NoSuchWindowException -->
          <reporter-output>
          </reporter-output>
        </test-method> <!-- VerifytheMachinePotentilaGraphBarchart -->
        <test-method is-config="true" signature="configAM()[pri:0, instance:com.RCAReport.VeriftheMachinePotentialGrahpBarchart@55f616cf]" started-at="2026-08-06T16:18:42 IST" name="configAM" finished-at="2026-08-06T16:18:42 IST" duration-ms="8" status="FAIL">
          <exception class="org.openqa.selenium.NoSuchWindowException">
            <message>
              <![CDATA[no such window: target window already closed
from unknown error: web view not found
  (Session info: chrome=151.0.7922.76)
Build info: version: '4.38.0', revision: '6b412e825c'
System info: os.name: 'Windows 11', os.arch: 'amd64', os.version: '10.0', java.version: '21.0.9'
Driver info: org.openqa.selenium.chrome.ChromeDriver
Command: [04446a0bb3498aebb5fb61d781980fe7, findElement {value=//span[text()="Logout"], using=xpath}]
Capabilities {acceptInsecureCerts: false, browserName: chrome, browserVersion: 151.0.7922.76, chrome: {chromedriverVersion: 151.0.7922.76 (031bfd60f544..., userDataDir: C:\Users\W066520\AppData\Lo...}, fedcm:accounts: true, goog:chromeOptions: {debuggerAddress: localhost:63269}, goog:processID: 10324, networkConnectionEnabled: false, pageLoadStrategy: normal, platformName: windows, proxy: Proxy(), se:cdp: ws://localhost:63269/devtoo..., se:cdpVersion: 151.0.7922.76, setWindowRect: true, strictFileInteractability: false, timeouts: {implicit: 0, pageLoad: 300000, script: 30000}, unhandledPromptBehavior: dismiss and notify, webauthn:extension:credBlob: true, webauthn:extension:largeBlob: true, webauthn:extension:minPinLength: true, webauthn:extension:prf: true, webauthn:virtualAuthenticators: true}
Session ID: 04446a0bb3498aebb5fb61d781980fe7]]>
            </message>
            <full-stacktrace>
              <![CDATA[org.openqa.selenium.NoSuchWindowException: no such window: target window already closed
from unknown error: web view not found
  (Session info: chrome=151.0.7922.76)
Build info: version: '4.38.0', revision: '6b412e825c'
System info: os.name: 'Windows 11', os.arch: 'amd64', os.version: '10.0', java.version: '21.0.9'
Driver info: org.openqa.selenium.chrome.ChromeDriver
Command: [04446a0bb3498aebb5fb61d781980fe7, findElement {value=//span[text()="Logout"], using=xpath}]
Capabilities {acceptInsecureCerts: false, browserName: chrome, browserVersion: 151.0.7922.76, chrome: {chromedriverVersion: 151.0.7922.76 (031bfd60f544..., userDataDir: C:\Users\W066520\AppData\Lo...}, fedcm:accounts: true, goog:chromeOptions: {debuggerAddress: localhost:63269}, goog:processID: 10324, networkConnectionEnabled: false, pageLoadStrategy: normal, platformName: windows, proxy: Proxy(), se:cdp: ws://localhost:63269/devtoo..., se:cdpVersion: 151.0.7922.76, setWindowRect: true, strictFileInteractability: false, timeouts: {implicit: 0, pageLoad: 300000, script: 30000}, unhandledPromptBehavior: dismiss and notify, webauthn:extension:credBlob: true, webauthn:extension:largeBlob: true, webauthn:extension:minPinLength: true, webauthn:extension:prf: true, webauthn:virtualAuthenticators: true}
Session ID: 04446a0bb3498aebb5fb61d781980fe7
at java.base/jdk.internal.reflect.DirectConstructorHandleAccessor.newInstance(DirectConstructorHandleAccessor.java:62)
at java.base/java.lang.reflect.Constructor.newInstanceWithCaller(Constructor.java:502)
at java.base/java.lang.reflect.Constructor.newInstance(Constructor.java:486)
at org.openqa.selenium.remote.ErrorCodec.decode(ErrorCodec.java:167)
at org.openqa.selenium.remote.codec.w3c.W3CHttpResponseCodec.decode(W3CHttpResponseCodec.java:138)
at org.openqa.selenium.remote.codec.w3c.W3CHttpResponseCodec.decode(W3CHttpResponseCodec.java:50)
at org.openqa.selenium.remote.HttpCommandExecutor.execute(HttpCommandExecutor.java:215)
at org.openqa.selenium.remote.service.DriverCommandExecutor.invokeExecute(DriverCommandExecutor.java:216)
at org.openqa.selenium.remote.service.DriverCommandExecutor.execute(DriverCommandExecutor.java:174)
at org.openqa.selenium.remote.RemoteWebDriver.execute(RemoteWebDriver.java:557)
at org.openqa.selenium.remote.ElementLocation$ElementFinder$2.findElement(ElementLocation.java:165)
at org.openqa.selenium.remote.ElementLocation.findElement(ElementLocation.java:59)
at org.openqa.selenium.remote.RemoteWebDriver.findElement(RemoteWebDriver.java:380)
at org.openqa.selenium.remote.RemoteWebDriver.findElement(RemoteWebDriver.java:374)
at org.openqa.selenium.support.pagefactory.DefaultElementLocator.findElement(DefaultElementLocator.java:68)
at org.openqa.selenium.support.pagefactory.internal.LocatingElementHandler.invoke(LocatingElementHandler.java:38)
at jdk.proxy2/jdk.proxy2.$Proxy15.click(Unknown Source)
at com.sgplus.erp.genericutility.BaseClass.configAM(BaseClass.java:65)
at java.base/jdk.internal.reflect.DirectMethodHandleAccessor.invoke(DirectMethodHandleAccessor.java:103)
at java.base/java.lang.reflect.Method.invoke(Method.java:580)
at org.testng.internal.invokers.MethodInvocationHelper.invokeMethod(MethodInvocationHelper.java:141)
at org.testng.internal.invokers.MethodInvocationHelper.invokeMethodConsideringTimeout(MethodInvocationHelper.java:71)
at org.testng.internal.invokers.ConfigInvoker.invokeConfigurationMethod(ConfigInvoker.java:400)
at org.testng.internal.invokers.ConfigInvoker.invokeConfigurations(ConfigInvoker.java:333)
at org.testng.internal.invokers.TestInvoker.runConfigMethods(TestInvoker.java:836)
at org.testng.internal.invokers.TestInvoker.runAfterConfigurations(TestInvoker.java:805)
at org.testng.internal.invokers.TestInvoker.invokeMethod(TestInvoker.java:781)
at org.testng.internal.invokers.TestInvoker.invokeTestMethod(TestInvoker.java:230)
at org.testng.internal.invokers.MethodRunner.runInSequence(MethodRunner.java:63)
at org.testng.internal.invokers.TestInvoker$MethodInvocationAgent.invoke(TestInvoker.java:995)
at org.testng.internal.invokers.TestInvoker.invokeTestMethods(TestInvoker.java:203)
at org.testng.internal.invokers.TestMethodWorker.invokeTestMethods(TestMethodWorker.java:154)
at org.testng.internal.invokers.TestMethodWorker.run(TestMethodWorker.java:134)
at java.base/java.util.ArrayList.forEach(ArrayList.java:1596)
at org.testng.TestRunner.privateRun(TestRunner.java:741)
at org.testng.TestRunner.run(TestRunner.java:616)
at org.testng.SuiteRunner.runTest(SuiteRunner.java:421)
at org.testng.SuiteRunner.runSequentially(SuiteRunner.java:413)
at org.testng.SuiteRunner.privateRun(SuiteRunner.java:373)
at org.testng.SuiteRunner.run(SuiteRunner.java:312)
at org.testng.SuiteRunnerWorker.runSuite(SuiteRunnerWorker.java:52)
at org.testng.SuiteRunnerWorker.run(SuiteRunnerWorker.java:95)
at org.testng.TestNG.runSuitesSequentially(TestNG.java:1274)
at org.testng.TestNG.runSuitesLocally(TestNG.java:1208)
at org.testng.TestNG.runSuites(TestNG.java:1112)
at org.testng.TestNG.run(TestNG.java:1079)
at org.testng.remote.AbstractRemoteTestNG.run(AbstractRemoteTestNG.java:115)
at org.testng.remote.RemoteTestNG.initAndRun(RemoteTestNG.java:293)
at org.testng.remote.RemoteTestNG.main(RemoteTestNG.java:91)
]]>
            </full-stacktrace>
          </exception> <!-- org.openqa.selenium.NoSuchWindowException -->
          <reporter-output>
          </reporter-output>
        </test-method> <!-- configAM -->
        <test-method is-config="true" signature="configAC()[pri:0, instance:com.RCAReport.VeriftheMachinePotentialGrahpBarchart@55f616cf]" started-at="2026-08-06T16:18:42 IST" name="configAC" finished-at="2026-08-06T16:18:42 IST" duration-ms="0" status="SKIP">
          <reporter-output>
          </reporter-output>
        </test-method> <!-- configAC -->
      </class> <!-- com.RCAReport.VeriftheMachinePotentialGrahpBarchart -->
      <class name="com.RCAReport.VerifytheTotalProductionData">
        <test-method is-config="true" signature="configBC()[pri:0, instance:com.RCAReport.VerifytheTotalProductionData@609db43b]" started-at="2026-08-06T16:14:35 IST" name="configBC" finished-at="2026-08-06T16:14:36 IST" duration-ms="1132" status="PASS">
          <reporter-output>
          </reporter-output>
        </test-method> <!-- configBC -->
        <test-method is-config="true" signature="configBM()[pri:0, instance:com.RCAReport.VerifytheTotalProductionData@609db43b]" started-at="2026-08-06T16:14:36 IST" name="configBM" finished-at="2026-08-06T16:14:39 IST" duration-ms="3079" status="PASS">
          <reporter-output>
          </reporter-output>
        </test-method> <!-- configBM -->
        <test-method signature="VerifytheTotalProductionData()[pri:0, instance:com.RCAReport.VerifytheTotalProductionData@609db43b]" started-at="2026-08-06T16:14:39 IST" name="VerifytheTotalProductionData" finished-at="2026-08-06T16:15:13 IST" duration-ms="33531" status="FAIL">
          <exception class="org.openqa.selenium.TimeoutException">
            <message>
              <![CDATA[Expected condition failed: waiting for visibility of element located by By.xpath: //span[contains(.,'Total Production')] (tried for 30 second(s) with 500 milliseconds interval)
Build info: version: '4.38.0', revision: '6b412e825c'
System info: os.name: 'Windows 11', os.arch: 'amd64', os.version: '10.0', java.version: '21.0.9'
Driver info: org.openqa.selenium.chrome.ChromeDriver
Capabilities {acceptInsecureCerts: false, browserName: chrome, browserVersion: 151.0.7922.76, chrome: {chromedriverVersion: 151.0.7922.76 (031bfd60f544..., userDataDir: C:\Users\W066520\AppData\Lo...}, fedcm:accounts: true, goog:chromeOptions: {debuggerAddress: localhost:61221}, goog:processID: 12088, networkConnectionEnabled: false, pageLoadStrategy: normal, platformName: windows, proxy: Proxy(), se:cdp: ws://localhost:61221/devtoo..., se:cdpVersion: 151.0.7922.76, setWindowRect: true, strictFileInteractability: false, timeouts: {implicit: 0, pageLoad: 300000, script: 30000}, unhandledPromptBehavior: dismiss and notify, webauthn:extension:credBlob: true, webauthn:extension:largeBlob: true, webauthn:extension:minPinLength: true, webauthn:extension:prf: true, webauthn:virtualAuthenticators: true}
Session ID: abe3e9d969272192200d95fe398ff0a4]]>
            </message>
            <full-stacktrace>
              <![CDATA[org.openqa.selenium.TimeoutException: Expected condition failed: waiting for visibility of element located by By.xpath: //span[contains(.,'Total Production')] (tried for 30 second(s) with 500 milliseconds interval)
Build info: version: '4.38.0', revision: '6b412e825c'
System info: os.name: 'Windows 11', os.arch: 'amd64', os.version: '10.0', java.version: '21.0.9'
Driver info: org.openqa.selenium.chrome.ChromeDriver
Capabilities {acceptInsecureCerts: false, browserName: chrome, browserVersion: 151.0.7922.76, chrome: {chromedriverVersion: 151.0.7922.76 (031bfd60f544..., userDataDir: C:\Users\W066520\AppData\Lo...}, fedcm:accounts: true, goog:chromeOptions: {debuggerAddress: localhost:61221}, goog:processID: 12088, networkConnectionEnabled: false, pageLoadStrategy: normal, platformName: windows, proxy: Proxy(), se:cdp: ws://localhost:61221/devtoo..., se:cdpVersion: 151.0.7922.76, setWindowRect: true, strictFileInteractability: false, timeouts: {implicit: 0, pageLoad: 300000, script: 30000}, unhandledPromptBehavior: dismiss and notify, webauthn:extension:credBlob: true, webauthn:extension:largeBlob: true, webauthn:extension:minPinLength: true, webauthn:extension:prf: true, webauthn:virtualAuthenticators: true}
Session ID: abe3e9d969272192200d95fe398ff0a4
at org.openqa.selenium.support.ui.WebDriverWait.timeoutException(WebDriverWait.java:84)
at org.openqa.selenium.support.ui.FluentWait.until(FluentWait.java:228)
at com.RCAReport.VerifytheTotalProductionData.VerifytheTotalProductionData(VerifytheTotalProductionData.java:106)
at java.base/jdk.internal.reflect.DirectMethodHandleAccessor.invoke(DirectMethodHandleAccessor.java:103)
at java.base/java.lang.reflect.Method.invoke(Method.java:580)
at org.testng.internal.invokers.MethodInvocationHelper.invokeMethod(MethodInvocationHelper.java:141)
at org.testng.internal.invokers.TestInvoker.invokeMethod(TestInvoker.java:687)
at org.testng.internal.invokers.TestInvoker.invokeTestMethod(TestInvoker.java:230)
at org.testng.internal.invokers.MethodRunner.runInSequence(MethodRunner.java:63)
at org.testng.internal.invokers.TestInvoker$MethodInvocationAgent.invoke(TestInvoker.java:995)
at org.testng.internal.invokers.TestInvoker.invokeTestMethods(TestInvoker.java:203)
at org.testng.internal.invokers.TestMethodWorker.invokeTestMethods(TestMethodWorker.java:154)
at org.testng.internal.invokers.TestMethodWorker.run(TestMethodWorker.java:134)
at java.base/java.util.ArrayList.forEach(ArrayList.java:1596)
at org.testng.TestRunner.privateRun(TestRunner.java:741)
at org.testng.TestRunner.run(TestRunner.java:616)
at org.testng.SuiteRunner.runTest(SuiteRunner.java:421)
at org.testng.SuiteRunner.runSequentially(SuiteRunner.java:413)
at org.testng.SuiteRunner.privateRun(SuiteRunner.java:373)
at org.testng.SuiteRunner.run(SuiteRunner.java:312)
at org.testng.SuiteRunnerWorker.runSuite(SuiteRunnerWorker.java:52)
at org.testng.SuiteRunnerWorker.run(SuiteRunnerWorker.java:95)
at org.testng.TestNG.runSuitesSequentially(TestNG.java:1274)
at org.testng.TestNG.runSuitesLocally(TestNG.java:1208)
at org.testng.TestNG.runSuites(TestNG.java:1112)
at org.testng.TestNG.run(TestNG.java:1079)
at org.testng.remote.AbstractRemoteTestNG.run(AbstractRemoteTestNG.java:115)
at org.testng.remote.RemoteTestNG.initAndRun(RemoteTestNG.java:293)
at org.testng.remote.RemoteTestNG.main(RemoteTestNG.java:91)
]]>
            </full-stacktrace>
          </exception> <!-- org.openqa.selenium.TimeoutException -->
          <reporter-output>
          </reporter-output>
        </test-method> <!-- VerifytheTotalProductionData -->
        <test-method is-config="true" signature="configAM()[pri:0, instance:com.RCAReport.VerifytheTotalProductionData@609db43b]" started-at="2026-08-06T16:15:13 IST" name="configAM" finished-at="2026-08-06T16:15:13 IST" duration-ms="44" status="PASS">
          <reporter-output>
          </reporter-output>
        </test-method> <!-- configAM -->
        <test-method is-config="true" signature="configAC()[pri:0, instance:com.RCAReport.VerifytheTotalProductionData@609db43b]" started-at="2026-08-06T16:15:13 IST" name="configAC" finished-at="2026-08-06T16:15:13 IST" duration-ms="415" status="PASS">
          <reporter-output>
          </reporter-output>
        </test-method> <!-- configAC -->
      </class> <!-- com.RCAReport.VerifytheTotalProductionData -->
      <class name="com.RCAReport.VerifytheElementSummaryviewTableHeadersAndData">
        <test-method is-config="true" signature="configBC()[pri:0, instance:com.RCAReport.VerifytheElementSummaryviewTableHeadersAndData@c03cf28]" started-at="2026-08-06T16:19:20 IST" name="configBC" finished-at="2026-08-06T16:19:22 IST" duration-ms="1223" status="PASS">
          <reporter-output>
          </reporter-output>
        </test-method> <!-- configBC -->
        <test-method is-config="true" signature="configBM()[pri:0, instance:com.RCAReport.VerifytheElementSummaryviewTableHeadersAndData@c03cf28]" started-at="2026-08-06T16:19:22 IST" name="configBM" finished-at="2026-08-06T16:19:23 IST" duration-ms="1428" status="PASS">
          <reporter-output>
          </reporter-output>
        </test-method> <!-- configBM -->
        <test-method signature="VerifytheElementSummaryViewtableHeadersAndData()[pri:0, instance:com.RCAReport.VerifytheElementSummaryviewTableHeadersAndData@c03cf28]" started-at="2026-08-06T16:19:23 IST" name="VerifytheElementSummaryViewtableHeadersAndData" finished-at="2026-08-06T16:19:42 IST" duration-ms="19004" status="PASS">
          <reporter-output>
          </reporter-output>
        </test-method> <!-- VerifytheElementSummaryViewtableHeadersAndData -->
        <test-method is-config="true" signature="configAM()[pri:0, instance:com.RCAReport.VerifytheElementSummaryviewTableHeadersAndData@c03cf28]" started-at="2026-08-06T16:19:42 IST" name="configAM" finished-at="2026-08-06T16:19:42 IST" duration-ms="53" status="PASS">
          <reporter-output>
          </reporter-output>
        </test-method> <!-- configAM -->
        <test-method is-config="true" signature="configAC()[pri:0, instance:com.RCAReport.VerifytheElementSummaryviewTableHeadersAndData@c03cf28]" started-at="2026-08-06T16:19:42 IST" name="configAC" finished-at="2026-08-06T16:19:42 IST" duration-ms="365" status="PASS">
          <reporter-output>
          </reporter-output>
        </test-method> <!-- configAC -->
      </class> <!-- com.RCAReport.VerifytheElementSummaryviewTableHeadersAndData -->
      <class name="com.RCAReport.VerifytheWieghtedAveragesSetValueData">
        <test-method is-config="true" signature="configBC()[pri:0, instance:com.RCAReport.VerifytheWieghtedAveragesSetValueData@1356d4d4]" started-at="2026-08-06T16:18:42 IST" name="configBC" finished-at="2026-08-06T16:18:44 IST" duration-ms="1410" status="PASS">
          <reporter-output>
          </reporter-output>
        </test-method> <!-- configBC -->
        <test-method is-config="true" signature="configBM()[pri:0, instance:com.RCAReport.VerifytheWieghtedAveragesSetValueData@1356d4d4]" started-at="2026-08-06T16:18:44 IST" name="configBM" finished-at="2026-08-06T16:18:45 IST" duration-ms="1773" status="PASS">
          <reporter-output>
          </reporter-output>
        </test-method> <!-- configBM -->
        <test-method signature="VerifytheWieghtedAveragesData()[pri:0, instance:com.RCAReport.VerifytheWieghtedAveragesSetValueData@1356d4d4]" started-at="2026-08-06T16:18:45 IST" name="VerifytheWieghtedAveragesData" finished-at="2026-08-06T16:19:20 IST" duration-ms="34496" status="PASS">
          <reporter-output>
          </reporter-output>
        </test-method> <!-- VerifytheWieghtedAveragesData -->
        <test-method is-config="true" signature="configAM()[pri:0, instance:com.RCAReport.VerifytheWieghtedAveragesSetValueData@1356d4d4]" started-at="2026-08-06T16:19:20 IST" name="configAM" finished-at="2026-08-06T16:19:20 IST" duration-ms="58" status="PASS">
          <reporter-output>
          </reporter-output>
        </test-method> <!-- configAM -->
        <test-method is-config="true" signature="configAC()[pri:0, instance:com.RCAReport.VerifytheWieghtedAveragesSetValueData@1356d4d4]" started-at="2026-08-06T16:19:20 IST" name="configAC" finished-at="2026-08-06T16:19:20 IST" duration-ms="375" status="PASS">
          <reporter-output>
          </reporter-output>
        </test-method> <!-- configAC -->
      </class> <!-- com.RCAReport.VerifytheWieghtedAveragesSetValueData -->
      <class name="com.RCAReport.VerifytheWeightedAveragesActulaValueData">
        <test-method is-config="true" signature="configBC()[pri:0, instance:com.RCAReport.VerifytheWeightedAveragesActulaValueData@1329eff]" started-at="2026-08-06T16:19:42 IST" name="configBC" finished-at="2026-08-06T16:19:44 IST" duration-ms="1172" status="PASS">
          <reporter-output>
          </reporter-output>
        </test-method> <!-- configBC -->
        <test-method is-config="true" signature="configBM()[pri:0, instance:com.RCAReport.VerifytheWeightedAveragesActulaValueData@1329eff]" started-at="2026-08-06T16:19:44 IST" name="configBM" finished-at="2026-08-06T16:19:46 IST" duration-ms="2680" status="PASS">
          <reporter-output>
          </reporter-output>
        </test-method> <!-- configBM -->
        <test-method signature="VerifytheWeightedAveragesActulaValueData()[pri:0, instance:com.RCAReport.VerifytheWeightedAveragesActulaValueData@1329eff]" started-at="2026-08-06T16:19:46 IST" name="VerifytheWeightedAveragesActulaValueData" finished-at="2026-08-06T16:20:18 IST" duration-ms="32070" status="PASS">
          <reporter-output>
          </reporter-output>
        </test-method> <!-- VerifytheWeightedAveragesActulaValueData -->
        <test-method is-config="true" signature="configAM()[pri:0, instance:com.RCAReport.VerifytheWeightedAveragesActulaValueData@1329eff]" started-at="2026-08-06T16:20:18 IST" name="configAM" finished-at="2026-08-06T16:20:18 IST" duration-ms="59" status="PASS">
          <reporter-output>
          </reporter-output>
        </test-method> <!-- configAM -->
        <test-method is-config="true" signature="configAC()[pri:0, instance:com.RCAReport.VerifytheWeightedAveragesActulaValueData@1329eff]" started-at="2026-08-06T16:20:18 IST" name="configAC" finished-at="2026-08-06T16:20:19 IST" duration-ms="438" status="PASS">
          <reporter-output>
          </reporter-output>
        </test-method> <!-- configAC -->
      </class> <!-- com.RCAReport.VerifytheWeightedAveragesActulaValueData -->
    </test> <!-- Default test -->
  </suite> <!-- Default suite -->
</testng-results>
