<?xml version="1.0" encoding="UTF-8"?>
<testng-results ignored="0" total="1" passed="1" failed="0" skipped="0">
  <reporter-output>
  </reporter-output>
  <suite started-at="2025-08-13T17:06:36 IST" name="Default suite" finished-at="2025-08-13T17:06:47 IST" duration-ms="10893">
    <groups>
    </groups>
    <test started-at="2025-08-13T17:06:36 IST" name="Default test" finished-at="2025-08-13T17:06:47 IST" duration-ms="10893">
      <class name="com.DowntimeModule.DownTimeDasboardData">
        <test-method is-config="true" signature="configBC()[pri:0, instance:com.DowntimeModule.DownTimeDasboardData@7ef82753]" started-at="2025-08-13T17:06:36 IST" name="configBC" finished-at="2025-08-13T17:06:39 IST" duration-ms="2887" status="PASS">
          <reporter-output>
          </reporter-output>
        </test-method> <!-- configBC -->
        <test-method is-config="true" signature="configBM()[pri:0, instance:com.DowntimeModule.DownTimeDasboardData@7ef82753]" started-at="2025-08-13T17:06:39 IST" name="configBM" finished-at="2025-08-13T17:06:43 IST" duration-ms="4139" status="PASS">
          <reporter-output>
          </reporter-output>
        </test-method> <!-- configBM -->
        <test-method signature="DownTimeDasboardData()[pri:0, instance:com.DowntimeModule.DownTimeDasboardData@7ef82753]" started-at="2025-08-13T17:06:43 IST" name="DownTimeDasboardData" finished-at="2025-08-13T17:06:47 IST" duration-ms="3839" status="PASS">
          <reporter-output>
          </reporter-output>
        </test-method> <!-- DownTimeDasboardData -->
      </class> <!-- com.DowntimeModule.DownTimeDasboardData -->
    </test> <!-- Default test -->
  </suite> <!-- Default suite -->
</testng-results>
