<?xml version="1.0" encoding="UTF-8"?>
<testng-results ignored="0" total="1" passed="1" failed="0" skipped="0">
  <reporter-output>
  </reporter-output>
  <suite started-at="2026-07-02T15:56:18 IST" name="Default suite" finished-at="2026-07-02T15:58:49 IST" duration-ms="151017">
    <groups>
    </groups>
    <test started-at="2026-07-02T15:56:18 IST" name="Default test" finished-at="2026-07-02T15:58:49 IST" duration-ms="151017">
      <class name="com.RCAReport.VerifytheElementSummaryviewTableHeadersAndData">
        <test-method is-config="true" signature="configBC()[pri:0, instance:com.RCAReport.VerifytheElementSummaryviewTableHeadersAndData@3f56875e]" started-at="2026-07-02T15:56:18 IST" name="configBC" finished-at="2026-07-02T15:56:19 IST" duration-ms="1675" status="PASS">
          <reporter-output>
          </reporter-output>
        </test-method> <!-- configBC -->
        <test-method is-config="true" signature="configBM()[pri:0, instance:com.RCAReport.VerifytheElementSummaryviewTableHeadersAndData@3f56875e]" started-at="2026-07-02T15:56:19 IST" name="configBM" finished-at="2026-07-02T15:56:22 IST" duration-ms="2819" status="PASS">
          <reporter-output>
          </reporter-output>
        </test-method> <!-- configBM -->
        <test-method signature="VerifytheElementSummaryViewtableHeadersAndData()[pri:0, instance:com.RCAReport.VerifytheElementSummaryviewTableHeadersAndData@3f56875e]" started-at="2026-07-02T15:56:22 IST" name="VerifytheElementSummaryViewtableHeadersAndData" finished-at="2026-07-02T15:58:48 IST" duration-ms="145899" status="PASS">
          <reporter-output>
          </reporter-output>
        </test-method> <!-- VerifytheElementSummaryViewtableHeadersAndData -->
        <test-method is-config="true" signature="configAM()[pri:0, instance:com.RCAReport.VerifytheElementSummaryviewTableHeadersAndData@3f56875e]" started-at="2026-07-02T15:58:48 IST" name="configAM" finished-at="2026-07-02T15:58:48 IST" duration-ms="250" status="PASS">
          <reporter-output>
          </reporter-output>
        </test-method> <!-- configAM -->
        <test-method is-config="true" signature="configAC()[pri:0, instance:com.RCAReport.VerifytheElementSummaryviewTableHeadersAndData@3f56875e]" started-at="2026-07-02T15:58:48 IST" name="configAC" finished-at="2026-07-02T15:58:49 IST" duration-ms="322" status="PASS">
          <reporter-output>
          </reporter-output>
        </test-method> <!-- configAC -->
      </class> <!-- com.RCAReport.VerifytheElementSummaryviewTableHeadersAndData -->
    </test> <!-- Default test -->
  </suite> <!-- Default suite -->
</testng-results>
