<?xml version="1.0" encoding="UTF-8"?>
<testng-results ignored="0" total="22" passed="21" failed="1" skipped="0">
  <reporter-output>
  </reporter-output>
  <suite started-at="2026-06-30T17:00:49 IST" name="Default suite" finished-at="2026-06-30T17:06:00 IST" duration-ms="311275">
    <groups>
    </groups>
    <test started-at="2026-06-30T17:00:49 IST" name="Default test" finished-at="2026-06-30T17:06:00 IST" duration-ms="311275">
      <class name="com.CycleTimeDashboard.VerifytheXaxisdropdownselectingByEquipementvalue">
        <test-method is-config="true" signature="configBC()[pri:0, instance:com.CycleTimeDashboard.VerifytheXaxisdropdownselectingByEquipementvalue@3c947bc5]" started-at="2026-06-30T17:01:02 IST" name="configBC" finished-at="2026-06-30T17:01:03 IST" duration-ms="1117" status="PASS">
          <reporter-output>
          </reporter-output>
        </test-method> <!-- configBC -->
        <test-method is-config="true" signature="configBM()[pri:0, instance:com.CycleTimeDashboard.VerifytheXaxisdropdownselectingByEquipementvalue@3c947bc5]" started-at="2026-06-30T17:01:03 IST" name="configBM" finished-at="2026-06-30T17:01:04 IST" duration-ms="1410" status="PASS">
          <reporter-output>
          </reporter-output>
        </test-method> <!-- configBM -->
        <test-method signature="VeirfytheXaxixdropdownslectingByEquipementvalue()[pri:0, instance:com.CycleTimeDashboard.VerifytheXaxisdropdownselectingByEquipementvalue@3c947bc5]" started-at="2026-06-30T17:01:04 IST" name="VeirfytheXaxixdropdownslectingByEquipementvalue" finished-at="2026-06-30T17:01:18 IST" duration-ms="13617" status="PASS">
          <reporter-output>
          </reporter-output>
        </test-method> <!-- VeirfytheXaxixdropdownslectingByEquipementvalue -->
        <test-method is-config="true" signature="configAM()[pri:0, instance:com.CycleTimeDashboard.VerifytheXaxisdropdownselectingByEquipementvalue@3c947bc5]" started-at="2026-06-30T17:01:18 IST" name="configAM" finished-at="2026-06-30T17:01:18 IST" duration-ms="56" status="PASS">
          <reporter-output>
          </reporter-output>
        </test-method> <!-- configAM -->
        <test-method is-config="true" signature="configAC()[pri:0, instance:com.CycleTimeDashboard.VerifytheXaxisdropdownselectingByEquipementvalue@3c947bc5]" started-at="2026-06-30T17:01:18 IST" name="configAC" finished-at="2026-06-30T17:01:18 IST" duration-ms="426" status="PASS">
          <reporter-output>
          </reporter-output>
        </test-method> <!-- configAC -->
      </class> <!-- com.CycleTimeDashboard.VerifytheXaxisdropdownselectingByEquipementvalue -->
      <class name="com.CycleTimeDashboard.VerifytheBadQuantity">
        <test-method is-config="true" signature="configBC()[pri:0, instance:com.CycleTimeDashboard.VerifytheBadQuantity@5f16132a]" started-at="2026-06-30T17:00:49 IST" name="configBC" finished-at="2026-06-30T17:00:50 IST" duration-ms="1710" status="PASS">
          <reporter-output>
          </reporter-output>
        </test-method> <!-- configBC -->
        <test-method is-config="true" signature="configBM()[pri:0, instance:com.CycleTimeDashboard.VerifytheBadQuantity@5f16132a]" started-at="2026-06-30T17:00:50 IST" name="configBM" finished-at="2026-06-30T17:00:52 IST" duration-ms="1512" status="PASS">
          <reporter-output>
          </reporter-output>
        </test-method> <!-- configBM -->
        <test-method signature="verifytheTotalBaDQuantity()[pri:0, instance:com.CycleTimeDashboard.VerifytheBadQuantity@5f16132a]" started-at="2026-06-30T17:00:52 IST" name="verifytheTotalBaDQuantity" finished-at="2026-06-30T17:01:01 IST" duration-ms="9196" status="PASS">
          <reporter-output>
          </reporter-output>
        </test-method> <!-- verifytheTotalBaDQuantity -->
        <test-method is-config="true" signature="configAM()[pri:0, instance:com.CycleTimeDashboard.VerifytheBadQuantity@5f16132a]" started-at="2026-06-30T17:01:01 IST" name="configAM" finished-at="2026-06-30T17:01:01 IST" duration-ms="47" status="PASS">
          <reporter-output>
          </reporter-output>
        </test-method> <!-- configAM -->
        <test-method is-config="true" signature="configAC()[pri:0, instance:com.CycleTimeDashboard.VerifytheBadQuantity@5f16132a]" started-at="2026-06-30T17:01:01 IST" name="configAC" finished-at="2026-06-30T17:01:02 IST" duration-ms="396" status="PASS">
          <reporter-output>
          </reporter-output>
        </test-method> <!-- configAC -->
      </class> <!-- com.CycleTimeDashboard.VerifytheBadQuantity -->
      <class name="com.CycleTimeDashboard.VerifytheTotalProduction">
        <test-method is-config="true" signature="configBC()[pri:0, instance:com.CycleTimeDashboard.VerifytheTotalProduction@55f616cf]" started-at="2026-06-30T17:01:29 IST" name="configBC" finished-at="2026-06-30T17:01:30 IST" duration-ms="1203" status="PASS">
          <reporter-output>
          </reporter-output>
        </test-method> <!-- configBC -->
        <test-method is-config="true" signature="configBM()[pri:0, instance:com.CycleTimeDashboard.VerifytheTotalProduction@55f616cf]" started-at="2026-06-30T17:01:30 IST" name="configBM" finished-at="2026-06-30T17:01:32 IST" duration-ms="1494" status="PASS">
          <reporter-output>
          </reporter-output>
        </test-method> <!-- configBM -->
        <test-method signature="verifytheTotalProduction()[pri:0, instance:com.CycleTimeDashboard.VerifytheTotalProduction@55f616cf]" started-at="2026-06-30T17:01:32 IST" name="verifytheTotalProduction" finished-at="2026-06-30T17:01:40 IST" duration-ms="8374" status="PASS">
          <reporter-output>
          </reporter-output>
        </test-method> <!-- verifytheTotalProduction -->
        <test-method is-config="true" signature="configAM()[pri:0, instance:com.CycleTimeDashboard.VerifytheTotalProduction@55f616cf]" started-at="2026-06-30T17:01:40 IST" name="configAM" finished-at="2026-06-30T17:01:40 IST" duration-ms="44" status="PASS">
          <reporter-output>
          </reporter-output>
        </test-method> <!-- configAM -->
        <test-method is-config="true" signature="configAC()[pri:0, instance:com.CycleTimeDashboard.VerifytheTotalProduction@55f616cf]" started-at="2026-06-30T17:01:40 IST" name="configAC" finished-at="2026-06-30T17:01:41 IST" duration-ms="374" status="PASS">
          <reporter-output>
          </reporter-output>
        </test-method> <!-- configAC -->
      </class> <!-- com.CycleTimeDashboard.VerifytheTotalProduction -->
      <class name="com.CycleTimeDashboard.VerfytheTotalGoodQuantity">
        <test-method is-config="true" signature="configBC()[pri:0, instance:com.CycleTimeDashboard.VerfytheTotalGoodQuantity@609db43b]" started-at="2026-06-30T17:01:18 IST" name="configBC" finished-at="2026-06-30T17:01:19 IST" duration-ms="1130" status="PASS">
          <reporter-output>
          </reporter-output>
        </test-method> <!-- configBC -->
        <test-method is-config="true" signature="configBM()[pri:0, instance:com.CycleTimeDashboard.VerfytheTotalGoodQuantity@609db43b]" started-at="2026-06-30T17:01:19 IST" name="configBM" finished-at="2026-06-30T17:01:21 IST" duration-ms="1392" status="PASS">
          <reporter-output>
          </reporter-output>
        </test-method> <!-- configBM -->
        <test-method signature="verifytheTotalGoodQuantity()[pri:0, instance:com.CycleTimeDashboard.VerfytheTotalGoodQuantity@609db43b]" started-at="2026-06-30T17:01:21 IST" name="verifytheTotalGoodQuantity" finished-at="2026-06-30T17:01:29 IST" duration-ms="8116" status="PASS">
          <reporter-output>
          </reporter-output>
        </test-method> <!-- verifytheTotalGoodQuantity -->
        <test-method is-config="true" signature="configAM()[pri:0, instance:com.CycleTimeDashboard.VerfytheTotalGoodQuantity@609db43b]" started-at="2026-06-30T17:01:29 IST" name="configAM" finished-at="2026-06-30T17:01:29 IST" duration-ms="51" status="PASS">
          <reporter-output>
          </reporter-output>
        </test-method> <!-- configAM -->
        <test-method is-config="true" signature="configAC()[pri:0, instance:com.CycleTimeDashboard.VerfytheTotalGoodQuantity@609db43b]" started-at="2026-06-30T17:01:29 IST" name="configAC" finished-at="2026-06-30T17:01:29 IST" duration-ms="367" status="PASS">
          <reporter-output>
          </reporter-output>
        </test-method> <!-- configAC -->
      </class> <!-- com.CycleTimeDashboard.VerfytheTotalGoodQuantity -->
      <class name="com.CycleTimeDashboard.verifyCycleTimeDashboardPageNavigationTest">
        <test-method is-config="true" signature="configBC()[pri:0, instance:com.CycleTimeDashboard.verifyCycleTimeDashboardPageNavigationTest@1356d4d4]" started-at="2026-06-30T17:01:41 IST" name="configBC" finished-at="2026-06-30T17:01:42 IST" duration-ms="1105" status="PASS">
          <reporter-output>
          </reporter-output>
        </test-method> <!-- configBC -->
        <test-method is-config="true" signature="configBM()[pri:0, instance:com.CycleTimeDashboard.verifyCycleTimeDashboardPageNavigationTest@1356d4d4]" started-at="2026-06-30T17:01:42 IST" name="configBM" finished-at="2026-06-30T17:01:43 IST" duration-ms="1461" status="PASS">
          <reporter-output>
          </reporter-output>
        </test-method> <!-- configBM -->
        <test-method signature="verifyCycleTimeDashboardNavigationTest()[pri:0, instance:com.CycleTimeDashboard.verifyCycleTimeDashboardPageNavigationTest@1356d4d4]" started-at="2026-06-30T17:01:43 IST" name="verifyCycleTimeDashboardNavigationTest" finished-at="2026-06-30T17:01:49 IST" duration-ms="5715" status="PASS">
          <reporter-output>
          </reporter-output>
        </test-method> <!-- verifyCycleTimeDashboardNavigationTest -->
        <test-method is-config="true" signature="configAM()[pri:0, instance:com.CycleTimeDashboard.verifyCycleTimeDashboardPageNavigationTest@1356d4d4]" started-at="2026-06-30T17:01:49 IST" name="configAM" finished-at="2026-06-30T17:01:49 IST" duration-ms="49" status="PASS">
          <reporter-output>
          </reporter-output>
        </test-method> <!-- configAM -->
        <test-method is-config="true" signature="configAC()[pri:0, instance:com.CycleTimeDashboard.verifyCycleTimeDashboardPageNavigationTest@1356d4d4]" started-at="2026-06-30T17:01:49 IST" name="configAC" finished-at="2026-06-30T17:01:49 IST" duration-ms="376" status="PASS">
          <reporter-output>
          </reporter-output>
        </test-method> <!-- configAC -->
      </class> <!-- com.CycleTimeDashboard.verifyCycleTimeDashboardPageNavigationTest -->
      <class name="com.CycleTimeDashboard.VeriftyheExportFeatureBySelectingOperator">
        <test-method is-config="true" signature="configBC()[pri:0, instance:com.CycleTimeDashboard.VeriftyheExportFeatureBySelectingOperator@c03cf28]" started-at="2026-06-30T17:01:49 IST" name="configBC" finished-at="2026-06-30T17:01:51 IST" duration-ms="1115" status="PASS">
          <reporter-output>
          </reporter-output>
        </test-method> <!-- configBC -->
        <test-method is-config="true" signature="configBM()[pri:0, instance:com.CycleTimeDashboard.VeriftyheExportFeatureBySelectingOperator@c03cf28]" started-at="2026-06-30T17:01:51 IST" name="configBM" finished-at="2026-06-30T17:01:52 IST" duration-ms="1414" status="PASS">
          <reporter-output>
          </reporter-output>
        </test-method> <!-- configBM -->
        <test-method signature="VeriftyheExportFeatureBySelectingOperator()[pri:0, instance:com.CycleTimeDashboard.VeriftyheExportFeatureBySelectingOperator@c03cf28]" started-at="2026-06-30T17:01:52 IST" name="VeriftyheExportFeatureBySelectingOperator" finished-at="2026-06-30T17:02:15 IST" duration-ms="23200" status="PASS">
          <reporter-output>
          </reporter-output>
        </test-method> <!-- VeriftyheExportFeatureBySelectingOperator -->
        <test-method is-config="true" signature="configAM()[pri:0, instance:com.CycleTimeDashboard.VeriftyheExportFeatureBySelectingOperator@c03cf28]" started-at="2026-06-30T17:02:15 IST" name="configAM" finished-at="2026-06-30T17:02:15 IST" duration-ms="69" status="PASS">
          <reporter-output>
          </reporter-output>
        </test-method> <!-- configAM -->
        <test-method is-config="true" signature="configAC()[pri:0, instance:com.CycleTimeDashboard.VeriftyheExportFeatureBySelectingOperator@c03cf28]" started-at="2026-06-30T17:02:15 IST" name="configAC" finished-at="2026-06-30T17:02:16 IST" duration-ms="370" status="PASS">
          <reporter-output>
          </reporter-output>
        </test-method> <!-- configAC -->
      </class> <!-- com.CycleTimeDashboard.VeriftyheExportFeatureBySelectingOperator -->
      <class name="com.CycleTimeDashboard.VerifytheWeightedAvgCycleTime">
        <test-method is-config="true" signature="configBC()[pri:0, instance:com.CycleTimeDashboard.VerifytheWeightedAvgCycleTime@6497b078]" started-at="2026-06-30T17:02:24 IST" name="configBC" finished-at="2026-06-30T17:02:25 IST" duration-ms="1146" status="PASS">
          <reporter-output>
          </reporter-output>
        </test-method> <!-- configBC -->
        <test-method is-config="true" signature="configBM()[pri:0, instance:com.CycleTimeDashboard.VerifytheWeightedAvgCycleTime@6497b078]" started-at="2026-06-30T17:02:25 IST" name="configBM" finished-at="2026-06-30T17:02:27 IST" duration-ms="1394" status="PASS">
          <reporter-output>
          </reporter-output>
        </test-method> <!-- configBM -->
        <test-method signature="verifytheWeightedAvgCycleTime()[pri:0, instance:com.CycleTimeDashboard.VerifytheWeightedAvgCycleTime@6497b078]" started-at="2026-06-30T17:02:27 IST" name="verifytheWeightedAvgCycleTime" finished-at="2026-06-30T17:02:36 IST" duration-ms="8952" status="PASS">
          <reporter-output>
          </reporter-output>
        </test-method> <!-- verifytheWeightedAvgCycleTime -->
        <test-method is-config="true" signature="configAM()[pri:0, instance:com.CycleTimeDashboard.VerifytheWeightedAvgCycleTime@6497b078]" started-at="2026-06-30T17:02:36 IST" name="configAM" finished-at="2026-06-30T17:02:36 IST" duration-ms="68" status="PASS">
          <reporter-output>
          </reporter-output>
        </test-method> <!-- configAM -->
        <test-method is-config="true" signature="configAC()[pri:0, instance:com.CycleTimeDashboard.VerifytheWeightedAvgCycleTime@6497b078]" started-at="2026-06-30T17:02:36 IST" name="configAC" finished-at="2026-06-30T17:02:36 IST" duration-ms="380" status="PASS">
          <reporter-output>
          </reporter-output>
        </test-method> <!-- configAC -->
      </class> <!-- com.CycleTimeDashboard.VerifytheWeightedAvgCycleTime -->
      <class name="com.CycleTimeDashboard.VerifytheRecipesdropdown">
        <test-method is-config="true" signature="configBC()[pri:0, instance:com.CycleTimeDashboard.VerifytheRecipesdropdown@1329eff]" started-at="2026-06-30T17:02:16 IST" name="configBC" finished-at="2026-06-30T17:02:17 IST" duration-ms="1104" status="PASS">
          <reporter-output>
          </reporter-output>
        </test-method> <!-- configBC -->
        <test-method is-config="true" signature="configBM()[pri:0, instance:com.CycleTimeDashboard.VerifytheRecipesdropdown@1329eff]" started-at="2026-06-30T17:02:17 IST" name="configBM" finished-at="2026-06-30T17:02:18 IST" duration-ms="1362" status="PASS">
          <reporter-output>
          </reporter-output>
        </test-method> <!-- configBM -->
        <test-method signature="VerifytheRecipesdropdown()[pri:0, instance:com.CycleTimeDashboard.VerifytheRecipesdropdown@1329eff]" started-at="2026-06-30T17:02:18 IST" name="VerifytheRecipesdropdown" finished-at="2026-06-30T17:02:24 IST" duration-ms="5668" status="PASS">
          <reporter-output>
          </reporter-output>
        </test-method> <!-- VerifytheRecipesdropdown -->
        <test-method is-config="true" signature="configAM()[pri:0, instance:com.CycleTimeDashboard.VerifytheRecipesdropdown@1329eff]" started-at="2026-06-30T17:02:24 IST" name="configAM" finished-at="2026-06-30T17:02:24 IST" duration-ms="64" status="PASS">
          <reporter-output>
          </reporter-output>
        </test-method> <!-- configAM -->
        <test-method is-config="true" signature="configAC()[pri:0, instance:com.CycleTimeDashboard.VerifytheRecipesdropdown@1329eff]" started-at="2026-06-30T17:02:24 IST" name="configAC" finished-at="2026-06-30T17:02:24 IST" duration-ms="322" status="PASS">
          <reporter-output>
          </reporter-output>
        </test-method> <!-- configAC -->
      </class> <!-- com.CycleTimeDashboard.VerifytheRecipesdropdown -->
      <class name="com.CycleTimeDashboard.VerifytehMinuteSetValue">
        <test-method is-config="true" signature="configBC()[pri:0, instance:com.CycleTimeDashboard.VerifytehMinuteSetValue@41c2284a]" started-at="2026-06-30T17:02:36 IST" name="configBC" finished-at="2026-06-30T17:02:37 IST" duration-ms="1143" status="PASS">
          <reporter-output>
          </reporter-output>
        </test-method> <!-- configBC -->
        <test-method is-config="true" signature="configBM()[pri:0, instance:com.CycleTimeDashboard.VerifytehMinuteSetValue@41c2284a]" started-at="2026-06-30T17:02:37 IST" name="configBM" finished-at="2026-06-30T17:02:39 IST" duration-ms="1762" status="PASS">
          <reporter-output>
          </reporter-output>
        </test-method> <!-- configBM -->
        <test-method signature="VeirfytheMinutesetvalue()[pri:0, instance:com.CycleTimeDashboard.VerifytehMinuteSetValue@41c2284a]" started-at="2026-06-30T17:02:39 IST" name="VeirfytheMinutesetvalue" finished-at="2026-06-30T17:02:52 IST" duration-ms="12751" status="PASS">
          <reporter-output>
          </reporter-output>
        </test-method> <!-- VeirfytheMinutesetvalue -->
        <test-method is-config="true" signature="configAM()[pri:0, instance:com.CycleTimeDashboard.VerifytehMinuteSetValue@41c2284a]" started-at="2026-06-30T17:02:52 IST" name="configAM" finished-at="2026-06-30T17:02:52 IST" duration-ms="66" status="PASS">
          <reporter-output>
          </reporter-output>
        </test-method> <!-- configAM -->
        <test-method is-config="true" signature="configAC()[pri:0, instance:com.CycleTimeDashboard.VerifytehMinuteSetValue@41c2284a]" started-at="2026-06-30T17:02:52 IST" name="configAC" finished-at="2026-06-30T17:02:52 IST" duration-ms="384" status="PASS">
          <reporter-output>
          </reporter-output>
        </test-method> <!-- configAC -->
      </class> <!-- com.CycleTimeDashboard.VerifytehMinuteSetValue -->
      <class name="com.CycleTimeDashboard.VerifytheXaxisdropdownselectingByOperatorvalue">
        <test-method is-config="true" signature="configBC()[pri:0, instance:com.CycleTimeDashboard.VerifytheXaxisdropdownselectingByOperatorvalue@46fa7c39]" started-at="2026-06-30T17:03:04 IST" name="configBC" finished-at="2026-06-30T17:03:05 IST" duration-ms="1102" status="PASS">
          <reporter-output>
          </reporter-output>
        </test-method> <!-- configBC -->
        <test-method is-config="true" signature="configBM()[pri:0, instance:com.CycleTimeDashboard.VerifytheXaxisdropdownselectingByOperatorvalue@46fa7c39]" started-at="2026-06-30T17:03:05 IST" name="configBM" finished-at="2026-06-30T17:03:06 IST" duration-ms="1452" status="PASS">
          <reporter-output>
          </reporter-output>
        </test-method> <!-- configBM -->
        <test-method signature="VerifytheXaxisdropdownselectingByOperatorvalue()[pri:0, instance:com.CycleTimeDashboard.VerifytheXaxisdropdownselectingByOperatorvalue@46fa7c39]" started-at="2026-06-30T17:03:06 IST" name="VerifytheXaxisdropdownselectingByOperatorvalue" finished-at="2026-06-30T17:03:10 IST" duration-ms="3857" status="FAIL">
          <exception class="org.openqa.selenium.NoSuchElementException">
            <message>
              <![CDATA[Cannot locate option with text: Unistage
For documentation on this error, please visit: https://www.selenium.dev/documentation/webdriver/troubleshooting/errors#nosuchelementexception
Build info: version: '4.38.0', revision: '6b412e825c'
System info: os.name: 'Windows 11', os.arch: 'amd64', os.version: '10.0', java.version: '21.0.9'
Driver info: driver.version: unknown]]>
            </message>
            <full-stacktrace>
              <![CDATA[org.openqa.selenium.NoSuchElementException: Cannot locate option with text: Unistage
For documentation on this error, please visit: https://www.selenium.dev/documentation/webdriver/troubleshooting/errors#nosuchelementexception
Build info: version: '4.38.0', revision: '6b412e825c'
System info: os.name: 'Windows 11', os.arch: 'amd64', os.version: '10.0', java.version: '21.0.9'
Driver info: driver.version: unknown
at org.openqa.selenium.support.ui.Select.selectByVisibleText(Select.java:397)
at org.openqa.selenium.support.ui.Select.selectByVisibleText(Select.java:125)
at com.sgplus.erp.genericutility.WebDriverUtility.select(WebDriverUtility.java:106)
at com.CycleTimeDashboard.VerifytheXaxisdropdownselectingByOperatorvalue.VerifytheXaxisdropdownselectingByOperatorvalue(VerifytheXaxisdropdownselectingByOperatorvalue.java:60)
at java.base/jdk.internal.reflect.DirectMethodHandleAccessor.invoke(DirectMethodHandleAccessor.java:103)
at java.base/java.lang.reflect.Method.invoke(Method.java:580)
at org.testng.internal.invokers.MethodInvocationHelper.invokeMethod(MethodInvocationHelper.java:141)
at org.testng.internal.invokers.TestInvoker.invokeMethod(TestInvoker.java:687)
at org.testng.internal.invokers.TestInvoker.invokeTestMethod(TestInvoker.java:230)
at org.testng.internal.invokers.MethodRunner.runInSequence(MethodRunner.java:63)
at org.testng.internal.invokers.TestInvoker$MethodInvocationAgent.invoke(TestInvoker.java:995)
at org.testng.internal.invokers.TestInvoker.invokeTestMethods(TestInvoker.java:203)
at org.testng.internal.invokers.TestMethodWorker.invokeTestMethods(TestMethodWorker.java:154)
at org.testng.internal.invokers.TestMethodWorker.run(TestMethodWorker.java:134)
at java.base/java.util.ArrayList.forEach(ArrayList.java:1596)
at org.testng.TestRunner.privateRun(TestRunner.java:741)
at org.testng.TestRunner.run(TestRunner.java:616)
at org.testng.SuiteRunner.runTest(SuiteRunner.java:421)
at org.testng.SuiteRunner.runSequentially(SuiteRunner.java:413)
at org.testng.SuiteRunner.privateRun(SuiteRunner.java:373)
at org.testng.SuiteRunner.run(SuiteRunner.java:312)
at org.testng.SuiteRunnerWorker.runSuite(SuiteRunnerWorker.java:52)
at org.testng.SuiteRunnerWorker.run(SuiteRunnerWorker.java:95)
at org.testng.TestNG.runSuitesSequentially(TestNG.java:1274)
at org.testng.TestNG.runSuitesLocally(TestNG.java:1208)
at org.testng.TestNG.runSuites(TestNG.java:1112)
at org.testng.TestNG.run(TestNG.java:1079)
at org.testng.remote.AbstractRemoteTestNG.run(AbstractRemoteTestNG.java:115)
at org.testng.remote.RemoteTestNG.initAndRun(RemoteTestNG.java:293)
at org.testng.remote.RemoteTestNG.main(RemoteTestNG.java:91)
]]>
            </full-stacktrace>
          </exception> <!-- org.openqa.selenium.NoSuchElementException -->
          <reporter-output>
          </reporter-output>
        </test-method> <!-- VerifytheXaxisdropdownselectingByOperatorvalue -->
        <test-method is-config="true" signature="configAM()[pri:0, instance:com.CycleTimeDashboard.VerifytheXaxisdropdownselectingByOperatorvalue@46fa7c39]" started-at="2026-06-30T17:03:10 IST" name="configAM" finished-at="2026-06-30T17:03:11 IST" duration-ms="1085" status="FAIL">
          <exception class="org.openqa.selenium.ElementClickInterceptedException">
            <message>
              <![CDATA[element click intercepted: Element <span>...</span> is not clickable at point (1457, 42). Other element would receive the click: <div class="headerContent">...</div>
  (Session info: chrome=148.0.7778.217)
Build info: version: '4.38.0', revision: '6b412e825c'
System info: os.name: 'Windows 11', os.arch: 'amd64', os.version: '10.0', java.version: '21.0.9'
Driver info: org.openqa.selenium.chrome.ChromeDriver
Command: [53ee6a53c253713ceb430ce5ab7ad284, clickElement {id=f.77BF13F794453CE895A2639D0BF10C28.d.BA8D6A01C36AC9E3EC2DC4EF3803A08C.e.82}]
Capabilities {acceptInsecureCerts: false, browserName: chrome, browserVersion: 148.0.7778.217, chrome: {chromedriverVersion: 148.0.7778.178 (d096af1c9e9..., userDataDir: C:\Users\W066520\AppData\Lo...}, fedcm:accounts: true, goog:chromeOptions: {debuggerAddress: localhost:62217}, goog:processID: 22896, networkConnectionEnabled: false, pageLoadStrategy: normal, platformName: windows, proxy: Proxy(), se:cdp: ws://localhost:62217/devtoo..., se:cdpVersion: 148.0.7778.217, setWindowRect: true, strictFileInteractability: false, timeouts: {implicit: 0, pageLoad: 300000, script: 30000}, unhandledPromptBehavior: dismiss and notify, webauthn:extension:credBlob: true, webauthn:extension:largeBlob: true, webauthn:extension:minPinLength: true, webauthn:extension:prf: true, webauthn:virtualAuthenticators: true}
Element: [[ChromeDriver: chrome on windows (53ee6a53c253713ceb430ce5ab7ad284)] -> xpath: //span[text()="Logout"]]
Session ID: 53ee6a53c253713ceb430ce5ab7ad284]]>
            </message>
            <full-stacktrace>
              <![CDATA[org.openqa.selenium.ElementClickInterceptedException: element click intercepted: Element <span>...</span> is not clickable at point (1457, 42). Other element would receive the click: <div class="headerContent">...</div>
  (Session info: chrome=148.0.7778.217)
Build info: version: '4.38.0', revision: '6b412e825c'
System info: os.name: 'Windows 11', os.arch: 'amd64', os.version: '10.0', java.version: '21.0.9'
Driver info: org.openqa.selenium.chrome.ChromeDriver
Command: [53ee6a53c253713ceb430ce5ab7ad284, clickElement {id=f.77BF13F794453CE895A2639D0BF10C28.d.BA8D6A01C36AC9E3EC2DC4EF3803A08C.e.82}]
Capabilities {acceptInsecureCerts: false, browserName: chrome, browserVersion: 148.0.7778.217, chrome: {chromedriverVersion: 148.0.7778.178 (d096af1c9e9..., userDataDir: C:\Users\W066520\AppData\Lo...}, fedcm:accounts: true, goog:chromeOptions: {debuggerAddress: localhost:62217}, goog:processID: 22896, networkConnectionEnabled: false, pageLoadStrategy: normal, platformName: windows, proxy: Proxy(), se:cdp: ws://localhost:62217/devtoo..., se:cdpVersion: 148.0.7778.217, setWindowRect: true, strictFileInteractability: false, timeouts: {implicit: 0, pageLoad: 300000, script: 30000}, unhandledPromptBehavior: dismiss and notify, webauthn:extension:credBlob: true, webauthn:extension:largeBlob: true, webauthn:extension:minPinLength: true, webauthn:extension:prf: true, webauthn:virtualAuthenticators: true}
Element: [[ChromeDriver: chrome on windows (53ee6a53c253713ceb430ce5ab7ad284)] -> xpath: //span[text()="Logout"]]
Session ID: 53ee6a53c253713ceb430ce5ab7ad284
at java.base/jdk.internal.reflect.DirectConstructorHandleAccessor.newInstance(DirectConstructorHandleAccessor.java:62)
at java.base/java.lang.reflect.Constructor.newInstanceWithCaller(Constructor.java:502)
at java.base/java.lang.reflect.Constructor.newInstance(Constructor.java:486)
at org.openqa.selenium.remote.ErrorCodec.decode(ErrorCodec.java:167)
at org.openqa.selenium.remote.codec.w3c.W3CHttpResponseCodec.decode(W3CHttpResponseCodec.java:138)
at org.openqa.selenium.remote.codec.w3c.W3CHttpResponseCodec.decode(W3CHttpResponseCodec.java:50)
at org.openqa.selenium.remote.HttpCommandExecutor.execute(HttpCommandExecutor.java:215)
at org.openqa.selenium.remote.service.DriverCommandExecutor.invokeExecute(DriverCommandExecutor.java:216)
at org.openqa.selenium.remote.service.DriverCommandExecutor.execute(DriverCommandExecutor.java:174)
at org.openqa.selenium.remote.RemoteWebDriver.execute(RemoteWebDriver.java:557)
at org.openqa.selenium.remote.RemoteWebElement.execute(RemoteWebElement.java:223)
at org.openqa.selenium.remote.RemoteWebElement.click(RemoteWebElement.java:76)
at java.base/jdk.internal.reflect.DirectMethodHandleAccessor.invoke(DirectMethodHandleAccessor.java:103)
at java.base/java.lang.reflect.Method.invoke(Method.java:580)
at org.openqa.selenium.support.pagefactory.internal.LocatingElementHandler.invoke(LocatingElementHandler.java:51)
at jdk.proxy2/jdk.proxy2.$Proxy15.click(Unknown Source)
at com.sgplus.erp.genericutility.BaseClass.configAM(BaseClass.java:65)
at java.base/jdk.internal.reflect.DirectMethodHandleAccessor.invoke(DirectMethodHandleAccessor.java:103)
at java.base/java.lang.reflect.Method.invoke(Method.java:580)
at org.testng.internal.invokers.MethodInvocationHelper.invokeMethod(MethodInvocationHelper.java:141)
at org.testng.internal.invokers.MethodInvocationHelper.invokeMethodConsideringTimeout(MethodInvocationHelper.java:71)
at org.testng.internal.invokers.ConfigInvoker.invokeConfigurationMethod(ConfigInvoker.java:400)
at org.testng.internal.invokers.ConfigInvoker.invokeConfigurations(ConfigInvoker.java:333)
at org.testng.internal.invokers.TestInvoker.runConfigMethods(TestInvoker.java:836)
at org.testng.internal.invokers.TestInvoker.runAfterConfigurations(TestInvoker.java:805)
at org.testng.internal.invokers.TestInvoker.invokeMethod(TestInvoker.java:781)
at org.testng.internal.invokers.TestInvoker.invokeTestMethod(TestInvoker.java:230)
at org.testng.internal.invokers.MethodRunner.runInSequence(MethodRunner.java:63)
at org.testng.internal.invokers.TestInvoker$MethodInvocationAgent.invoke(TestInvoker.java:995)
at org.testng.internal.invokers.TestInvoker.invokeTestMethods(TestInvoker.java:203)
at org.testng.internal.invokers.TestMethodWorker.invokeTestMethods(TestMethodWorker.java:154)
at org.testng.internal.invokers.TestMethodWorker.run(TestMethodWorker.java:134)
at java.base/java.util.ArrayList.forEach(ArrayList.java:1596)
at org.testng.TestRunner.privateRun(TestRunner.java:741)
at org.testng.TestRunner.run(TestRunner.java:616)
at org.testng.SuiteRunner.runTest(SuiteRunner.java:421)
at org.testng.SuiteRunner.runSequentially(SuiteRunner.java:413)
at org.testng.SuiteRunner.privateRun(SuiteRunner.java:373)
at org.testng.SuiteRunner.run(SuiteRunner.java:312)
at org.testng.SuiteRunnerWorker.runSuite(SuiteRunnerWorker.java:52)
at org.testng.SuiteRunnerWorker.run(SuiteRunnerWorker.java:95)
at org.testng.TestNG.runSuitesSequentially(TestNG.java:1274)
at org.testng.TestNG.runSuitesLocally(TestNG.java:1208)
at org.testng.TestNG.runSuites(TestNG.java:1112)
at org.testng.TestNG.run(TestNG.java:1079)
at org.testng.remote.AbstractRemoteTestNG.run(AbstractRemoteTestNG.java:115)
at org.testng.remote.RemoteTestNG.initAndRun(RemoteTestNG.java:293)
at org.testng.remote.RemoteTestNG.main(RemoteTestNG.java:91)
]]>
            </full-stacktrace>
          </exception> <!-- org.openqa.selenium.ElementClickInterceptedException -->
          <reporter-output>
          </reporter-output>
        </test-method> <!-- configAM -->
        <test-method is-config="true" signature="configAC()[pri:0, instance:com.CycleTimeDashboard.VerifytheXaxisdropdownselectingByOperatorvalue@46fa7c39]" started-at="2026-06-30T17:03:11 IST" name="configAC" finished-at="2026-06-30T17:03:11 IST" duration-ms="0" status="SKIP">
          <reporter-output>
          </reporter-output>
        </test-method> <!-- configAC -->
      </class> <!-- com.CycleTimeDashboard.VerifytheXaxisdropdownselectingByOperatorvalue -->
      <class name="com.CycleTimeDashboard.VerifytheXaxisdropdown">
        <test-method is-config="true" signature="configBC()[pri:0, instance:com.CycleTimeDashboard.VerifytheXaxisdropdown@53aad5d5]" started-at="2026-06-30T17:02:52 IST" name="configBC" finished-at="2026-06-30T17:02:53 IST" duration-ms="1095" status="PASS">
          <reporter-output>
          </reporter-output>
        </test-method> <!-- configBC -->
        <test-method is-config="true" signature="configBM()[pri:0, instance:com.CycleTimeDashboard.VerifytheXaxisdropdown@53aad5d5]" started-at="2026-06-30T17:02:53 IST" name="configBM" finished-at="2026-06-30T17:02:55 IST" duration-ms="1431" status="PASS">
          <reporter-output>
          </reporter-output>
        </test-method> <!-- configBM -->
        <test-method signature="VeirfytheAaxisdropdown()[pri:0, instance:com.CycleTimeDashboard.VerifytheXaxisdropdown@53aad5d5]" started-at="2026-06-30T17:02:55 IST" name="VeirfytheAaxisdropdown" finished-at="2026-06-30T17:03:03 IST" duration-ms="8383" status="PASS">
          <reporter-output>
          </reporter-output>
        </test-method> <!-- VeirfytheAaxisdropdown -->
        <test-method is-config="true" signature="configAM()[pri:0, instance:com.CycleTimeDashboard.VerifytheXaxisdropdown@53aad5d5]" started-at="2026-06-30T17:03:03 IST" name="configAM" finished-at="2026-06-30T17:03:03 IST" duration-ms="66" status="PASS">
          <reporter-output>
          </reporter-output>
        </test-method> <!-- configAM -->
        <test-method is-config="true" signature="configAC()[pri:0, instance:com.CycleTimeDashboard.VerifytheXaxisdropdown@53aad5d5]" started-at="2026-06-30T17:03:03 IST" name="configAC" finished-at="2026-06-30T17:03:04 IST" duration-ms="353" status="PASS">
          <reporter-output>
          </reporter-output>
        </test-method> <!-- configAC -->
      </class> <!-- com.CycleTimeDashboard.VerifytheXaxisdropdown -->
      <class name="com.CycleTimeDashboard.VerifytheTooltipdatabyselectingByEquipementvalue">
        <test-method is-config="true" signature="configBC()[pri:0, instance:com.CycleTimeDashboard.VerifytheTooltipdatabyselectingByEquipementvalue@1fb700ee]" started-at="2026-06-30T17:03:11 IST" name="configBC" finished-at="2026-06-30T17:03:12 IST" duration-ms="1123" status="PASS">
          <reporter-output>
          </reporter-output>
        </test-method> <!-- configBC -->
        <test-method is-config="true" signature="configBM()[pri:0, instance:com.CycleTimeDashboard.VerifytheTooltipdatabyselectingByEquipementvalue@1fb700ee]" started-at="2026-06-30T17:03:12 IST" name="configBM" finished-at="2026-06-30T17:03:16 IST" duration-ms="3795" status="PASS">
          <reporter-output>
          </reporter-output>
        </test-method> <!-- configBM -->
        <test-method signature="VerifytheTooltipdatabyselectingByEquipementvalue()[pri:0, instance:com.CycleTimeDashboard.VerifytheTooltipdatabyselectingByEquipementvalue@1fb700ee]" started-at="2026-06-30T17:03:16 IST" name="VerifytheTooltipdatabyselectingByEquipementvalue" finished-at="2026-06-30T17:03:31 IST" duration-ms="15117" status="PASS">
          <reporter-output>
          </reporter-output>
        </test-method> <!-- VerifytheTooltipdatabyselectingByEquipementvalue -->
        <test-method is-config="true" signature="configAM()[pri:0, instance:com.CycleTimeDashboard.VerifytheTooltipdatabyselectingByEquipementvalue@1fb700ee]" started-at="2026-06-30T17:03:31 IST" name="configAM" finished-at="2026-06-30T17:03:31 IST" duration-ms="63" status="PASS">
          <reporter-output>
          </reporter-output>
        </test-method> <!-- configAM -->
        <test-method is-config="true" signature="configAC()[pri:0, instance:com.CycleTimeDashboard.VerifytheTooltipdatabyselectingByEquipementvalue@1fb700ee]" started-at="2026-06-30T17:03:31 IST" name="configAC" finished-at="2026-06-30T17:03:32 IST" duration-ms="340" status="PASS">
          <reporter-output>
          </reporter-output>
        </test-method> <!-- configAC -->
      </class> <!-- com.CycleTimeDashboard.VerifytheTooltipdatabyselectingByEquipementvalue -->
      <class name="com.CycleTimeDashboard.VerifytheTooltipdatabyselectingByOperatorvalue">
        <test-method is-config="true" signature="configBC()[pri:0, instance:com.CycleTimeDashboard.VerifytheTooltipdatabyselectingByOperatorvalue@4a668b6e]" started-at="2026-06-30T17:03:47 IST" name="configBC" finished-at="2026-06-30T17:03:48 IST" duration-ms="1172" status="PASS">
          <reporter-output>
          </reporter-output>
        </test-method> <!-- configBC -->
        <test-method is-config="true" signature="configBM()[pri:0, instance:com.CycleTimeDashboard.VerifytheTooltipdatabyselectingByOperatorvalue@4a668b6e]" started-at="2026-06-30T17:03:48 IST" name="configBM" finished-at="2026-06-30T17:03:50 IST" duration-ms="1348" status="PASS">
          <reporter-output>
          </reporter-output>
        </test-method> <!-- configBM -->
        <test-method signature="VerifytheTooltipdatabyselectingByOperatorvalue()[pri:0, instance:com.CycleTimeDashboard.VerifytheTooltipdatabyselectingByOperatorvalue@4a668b6e]" started-at="2026-06-30T17:03:50 IST" name="VerifytheTooltipdatabyselectingByOperatorvalue" finished-at="2026-06-30T17:04:03 IST" duration-ms="13833" status="PASS">
          <reporter-output>
          </reporter-output>
        </test-method> <!-- VerifytheTooltipdatabyselectingByOperatorvalue -->
        <test-method is-config="true" signature="configAM()[pri:0, instance:com.CycleTimeDashboard.VerifytheTooltipdatabyselectingByOperatorvalue@4a668b6e]" started-at="2026-06-30T17:04:03 IST" name="configAM" finished-at="2026-06-30T17:04:03 IST" duration-ms="57" status="PASS">
          <reporter-output>
          </reporter-output>
        </test-method> <!-- configAM -->
        <test-method is-config="true" signature="configAC()[pri:0, instance:com.CycleTimeDashboard.VerifytheTooltipdatabyselectingByOperatorvalue@4a668b6e]" started-at="2026-06-30T17:04:03 IST" name="configAC" finished-at="2026-06-30T17:04:04 IST" duration-ms="471" status="PASS">
          <reporter-output>
          </reporter-output>
        </test-method> <!-- configAC -->
      </class> <!-- com.CycleTimeDashboard.VerifytheTooltipdatabyselectingByOperatorvalue -->
      <class name="com.CycleTimeDashboard.VerifytheMinutevalueTooltipdata">
        <test-method is-config="true" signature="configBC()[pri:0, instance:com.CycleTimeDashboard.VerifytheMinutevalueTooltipdata@4f67eb2a]" started-at="2026-06-30T17:03:32 IST" name="configBC" finished-at="2026-06-30T17:03:33 IST" duration-ms="1085" status="PASS">
          <reporter-output>
          </reporter-output>
        </test-method> <!-- configBC -->
        <test-method is-config="true" signature="configBM()[pri:0, instance:com.CycleTimeDashboard.VerifytheMinutevalueTooltipdata@4f67eb2a]" started-at="2026-06-30T17:03:33 IST" name="configBM" finished-at="2026-06-30T17:03:34 IST" duration-ms="1463" status="PASS">
          <reporter-output>
          </reporter-output>
        </test-method> <!-- configBM -->
        <test-method signature="VeirfytheMinutevalueTooltipdata()[pri:0, instance:com.CycleTimeDashboard.VerifytheMinutevalueTooltipdata@4f67eb2a]" started-at="2026-06-30T17:03:34 IST" name="VeirfytheMinutevalueTooltipdata" finished-at="2026-06-30T17:03:47 IST" duration-ms="12482" status="PASS">
          <reporter-output>
          </reporter-output>
        </test-method> <!-- VeirfytheMinutevalueTooltipdata -->
        <test-method is-config="true" signature="configAM()[pri:0, instance:com.CycleTimeDashboard.VerifytheMinutevalueTooltipdata@4f67eb2a]" started-at="2026-06-30T17:03:47 IST" name="configAM" finished-at="2026-06-30T17:03:47 IST" duration-ms="64" status="PASS">
          <reporter-output>
          </reporter-output>
        </test-method> <!-- configAM -->
        <test-method is-config="true" signature="configAC()[pri:0, instance:com.CycleTimeDashboard.VerifytheMinutevalueTooltipdata@4f67eb2a]" started-at="2026-06-30T17:03:47 IST" name="configAC" finished-at="2026-06-30T17:03:47 IST" duration-ms="400" status="PASS">
          <reporter-output>
          </reporter-output>
        </test-method> <!-- configAC -->
      </class> <!-- com.CycleTimeDashboard.VerifytheMinutevalueTooltipdata -->
      <class name="com.CycleTimeDashboard.verifyTheBarChart">
        <test-method is-config="true" signature="configBC()[pri:0, instance:com.CycleTimeDashboard.verifyTheBarChart@5f683daf]" started-at="2026-06-30T17:04:04 IST" name="configBC" finished-at="2026-06-30T17:04:05 IST" duration-ms="1116" status="PASS">
          <reporter-output>
          </reporter-output>
        </test-method> <!-- configBC -->
        <test-method is-config="true" signature="configBM()[pri:0, instance:com.CycleTimeDashboard.verifyTheBarChart@5f683daf]" started-at="2026-06-30T17:04:05 IST" name="configBM" finished-at="2026-06-30T17:04:07 IST" duration-ms="1598" status="PASS">
          <reporter-output>
          </reporter-output>
        </test-method> <!-- configBM -->
        <test-method signature="VerifyTheBarchart()[pri:0, instance:com.CycleTimeDashboard.verifyTheBarChart@5f683daf]" started-at="2026-06-30T17:04:07 IST" name="VerifyTheBarchart" finished-at="2026-06-30T17:04:15 IST" duration-ms="8408" status="PASS">
          <reporter-output>
          </reporter-output>
        </test-method> <!-- VerifyTheBarchart -->
        <test-method is-config="true" signature="configAM()[pri:0, instance:com.CycleTimeDashboard.verifyTheBarChart@5f683daf]" started-at="2026-06-30T17:04:15 IST" name="configAM" finished-at="2026-06-30T17:04:15 IST" duration-ms="48" status="PASS">
          <reporter-output>
          </reporter-output>
        </test-method> <!-- configAM -->
        <test-method is-config="true" signature="configAC()[pri:0, instance:com.CycleTimeDashboard.verifyTheBarChart@5f683daf]" started-at="2026-06-30T17:04:15 IST" name="configAC" finished-at="2026-06-30T17:04:15 IST" duration-ms="376" status="PASS">
          <reporter-output>
          </reporter-output>
        </test-method> <!-- configAC -->
      </class> <!-- com.CycleTimeDashboard.verifyTheBarChart -->
      <class name="com.CycleTimeDashboard.VerifytheWeightedAvgCTinMinute">
        <test-method is-config="true" signature="configBC()[pri:0, instance:com.CycleTimeDashboard.VerifytheWeightedAvgCTinMinute@78ffe6dc]" started-at="2026-06-30T17:04:15 IST" name="configBC" finished-at="2026-06-30T17:04:17 IST" duration-ms="1080" status="PASS">
          <reporter-output>
          </reporter-output>
        </test-method> <!-- configBC -->
        <test-method is-config="true" signature="configBM()[pri:0, instance:com.CycleTimeDashboard.VerifytheWeightedAvgCTinMinute@78ffe6dc]" started-at="2026-06-30T17:04:17 IST" name="configBM" finished-at="2026-06-30T17:04:18 IST" duration-ms="1574" status="PASS">
          <reporter-output>
          </reporter-output>
        </test-method> <!-- configBM -->
        <test-method signature="verifytheWeightedAvgCTMinute()[pri:0, instance:com.CycleTimeDashboard.VerifytheWeightedAvgCTinMinute@78ffe6dc]" started-at="2026-06-30T17:04:18 IST" name="verifytheWeightedAvgCTMinute" finished-at="2026-06-30T17:04:27 IST" duration-ms="9101" status="PASS">
          <reporter-output>
          </reporter-output>
        </test-method> <!-- verifytheWeightedAvgCTMinute -->
        <test-method is-config="true" signature="configAM()[pri:0, instance:com.CycleTimeDashboard.VerifytheWeightedAvgCTinMinute@78ffe6dc]" started-at="2026-06-30T17:04:27 IST" name="configAM" finished-at="2026-06-30T17:04:27 IST" duration-ms="64" status="PASS">
          <reporter-output>
          </reporter-output>
        </test-method> <!-- configAM -->
        <test-method is-config="true" signature="configAC()[pri:0, instance:com.CycleTimeDashboard.VerifytheWeightedAvgCTinMinute@78ffe6dc]" started-at="2026-06-30T17:04:27 IST" name="configAC" finished-at="2026-06-30T17:04:28 IST" duration-ms="365" status="PASS">
          <reporter-output>
          </reporter-output>
        </test-method> <!-- configAC -->
      </class> <!-- com.CycleTimeDashboard.VerifytheWeightedAvgCTinMinute -->
      <class name="com.CycleTimeDashboard.VerifytheUnitdropdown">
        <test-method is-config="true" signature="configBC()[pri:0, instance:com.CycleTimeDashboard.VerifytheUnitdropdown@8317c52]" started-at="2026-06-30T17:04:28 IST" name="configBC" finished-at="2026-06-30T17:04:29 IST" duration-ms="1126" status="PASS">
          <reporter-output>
          </reporter-output>
        </test-method> <!-- configBC -->
        <test-method is-config="true" signature="configBM()[pri:0, instance:com.CycleTimeDashboard.VerifytheUnitdropdown@8317c52]" started-at="2026-06-30T17:04:29 IST" name="configBM" finished-at="2026-06-30T17:04:30 IST" duration-ms="1325" status="PASS">
          <reporter-output>
          </reporter-output>
        </test-method> <!-- configBM -->
        <test-method signature="VeirfytheUnitdropdown()[pri:0, instance:com.CycleTimeDashboard.VerifytheUnitdropdown@8317c52]" started-at="2026-06-30T17:04:30 IST" name="VeirfytheUnitdropdown" finished-at="2026-06-30T17:04:38 IST" duration-ms="7856" status="PASS">
          <reporter-output>
          </reporter-output>
        </test-method> <!-- VeirfytheUnitdropdown -->
        <test-method is-config="true" signature="configAM()[pri:0, instance:com.CycleTimeDashboard.VerifytheUnitdropdown@8317c52]" started-at="2026-06-30T17:04:38 IST" name="configAM" finished-at="2026-06-30T17:04:38 IST" duration-ms="46" status="PASS">
          <reporter-output>
          </reporter-output>
        </test-method> <!-- configAM -->
        <test-method is-config="true" signature="configAC()[pri:0, instance:com.CycleTimeDashboard.VerifytheUnitdropdown@8317c52]" started-at="2026-06-30T17:04:38 IST" name="configAC" finished-at="2026-06-30T17:04:38 IST" duration-ms="394" status="PASS">
          <reporter-output>
          </reporter-output>
        </test-method> <!-- configAC -->
      </class> <!-- com.CycleTimeDashboard.VerifytheUnitdropdown -->
      <class name="com.CycleTimeDashboard.VerifythethedropdownSeletingSecondsToMinutevalue">
        <test-method is-config="true" signature="configBC()[pri:0, instance:com.CycleTimeDashboard.VerifythethedropdownSeletingSecondsToMinutevalue@76f2bbc1]" started-at="2026-06-30T17:04:38 IST" name="configBC" finished-at="2026-06-30T17:04:39 IST" duration-ms="1102" status="PASS">
          <reporter-output>
          </reporter-output>
        </test-method> <!-- configBC -->
        <test-method is-config="true" signature="configBM()[pri:0, instance:com.CycleTimeDashboard.VerifythethedropdownSeletingSecondsToMinutevalue@76f2bbc1]" started-at="2026-06-30T17:04:39 IST" name="configBM" finished-at="2026-06-30T17:04:41 IST" duration-ms="1278" status="PASS">
          <reporter-output>
          </reporter-output>
        </test-method> <!-- configBM -->
        <test-method signature="VeirfythedropdownSeletingSecondsToMinutevalue()[pri:0, instance:com.CycleTimeDashboard.VerifythethedropdownSeletingSecondsToMinutevalue@76f2bbc1]" started-at="2026-06-30T17:04:41 IST" name="VeirfythedropdownSeletingSecondsToMinutevalue" finished-at="2026-06-30T17:04:50 IST" duration-ms="8945" status="PASS">
          <reporter-output>
          </reporter-output>
        </test-method> <!-- VeirfythedropdownSeletingSecondsToMinutevalue -->
        <test-method is-config="true" signature="configAM()[pri:0, instance:com.CycleTimeDashboard.VerifythethedropdownSeletingSecondsToMinutevalue@76f2bbc1]" started-at="2026-06-30T17:04:50 IST" name="configAM" finished-at="2026-06-30T17:04:50 IST" duration-ms="52" status="PASS">
          <reporter-output>
          </reporter-output>
        </test-method> <!-- configAM -->
        <test-method is-config="true" signature="configAC()[pri:0, instance:com.CycleTimeDashboard.VerifythethedropdownSeletingSecondsToMinutevalue@76f2bbc1]" started-at="2026-06-30T17:04:50 IST" name="configAC" finished-at="2026-06-30T17:04:50 IST" duration-ms="379" status="PASS">
          <reporter-output>
          </reporter-output>
        </test-method> <!-- configAC -->
      </class> <!-- com.CycleTimeDashboard.VerifythethedropdownSeletingSecondsToMinutevalue -->
      <class name="com.CycleTimeDashboard.verifyCycleTimeDataTable">
        <test-method is-config="true" signature="configBC()[pri:0, instance:com.CycleTimeDashboard.verifyCycleTimeDataTable@68e965f5]" started-at="2026-06-30T17:04:50 IST" name="configBC" finished-at="2026-06-30T17:04:51 IST" duration-ms="1113" status="PASS">
          <reporter-output>
          </reporter-output>
        </test-method> <!-- configBC -->
        <test-method is-config="true" signature="configBM()[pri:0, instance:com.CycleTimeDashboard.verifyCycleTimeDataTable@68e965f5]" started-at="2026-06-30T17:04:51 IST" name="configBM" finished-at="2026-06-30T17:04:53 IST" duration-ms="1423" status="PASS">
          <reporter-output>
          </reporter-output>
        </test-method> <!-- configBM -->
        <test-method signature="verifCycleTimeDataTable()[pri:0, instance:com.CycleTimeDashboard.verifyCycleTimeDataTable@68e965f5]" started-at="2026-06-30T17:04:53 IST" name="verifCycleTimeDataTable" finished-at="2026-06-30T17:05:04 IST" duration-ms="11052" status="PASS">
          <reporter-output>
          </reporter-output>
        </test-method> <!-- verifCycleTimeDataTable -->
        <test-method is-config="true" signature="configAM()[pri:0, instance:com.CycleTimeDashboard.verifyCycleTimeDataTable@68e965f5]" started-at="2026-06-30T17:05:04 IST" name="configAM" finished-at="2026-06-30T17:05:04 IST" duration-ms="82" status="PASS">
          <reporter-output>
          </reporter-output>
        </test-method> <!-- configAM -->
        <test-method is-config="true" signature="configAC()[pri:0, instance:com.CycleTimeDashboard.verifyCycleTimeDataTable@68e965f5]" started-at="2026-06-30T17:05:04 IST" name="configAC" finished-at="2026-06-30T17:05:04 IST" duration-ms="407" status="PASS">
          <reporter-output>
          </reporter-output>
        </test-method> <!-- configAC -->
      </class> <!-- com.CycleTimeDashboard.verifyCycleTimeDataTable -->
      <class name="com.CycleTimeDashboard.VeriftyheExportFeatureBySelectingEquipement">
        <test-method is-config="true" signature="configBC()[pri:0, instance:com.CycleTimeDashboard.VeriftyheExportFeatureBySelectingEquipement@f381794]" started-at="2026-06-30T17:05:30 IST" name="configBC" finished-at="2026-06-30T17:05:31 IST" duration-ms="1070" status="PASS">
          <reporter-output>
          </reporter-output>
        </test-method> <!-- configBC -->
        <test-method is-config="true" signature="configBM()[pri:0, instance:com.CycleTimeDashboard.VeriftyheExportFeatureBySelectingEquipement@f381794]" started-at="2026-06-30T17:05:31 IST" name="configBM" finished-at="2026-06-30T17:05:33 IST" duration-ms="1554" status="PASS">
          <reporter-output>
          </reporter-output>
        </test-method> <!-- configBM -->
        <test-method signature="VeriftyheExportFeatureBySelectingEquipement()[pri:0, instance:com.CycleTimeDashboard.VeriftyheExportFeatureBySelectingEquipement@f381794]" started-at="2026-06-30T17:05:33 IST" name="VeriftyheExportFeatureBySelectingEquipement" finished-at="2026-06-30T17:05:58 IST" duration-ms="25273" status="PASS">
          <reporter-output>
          </reporter-output>
        </test-method> <!-- VeriftyheExportFeatureBySelectingEquipement -->
        <test-method is-config="true" signature="configAM()[pri:0, instance:com.CycleTimeDashboard.VeriftyheExportFeatureBySelectingEquipement@f381794]" started-at="2026-06-30T17:05:58 IST" name="configAM" finished-at="2026-06-30T17:05:58 IST" duration-ms="90" status="PASS">
          <reporter-output>
          </reporter-output>
        </test-method> <!-- configAM -->
        <test-method is-config="true" signature="configAC()[pri:0, instance:com.CycleTimeDashboard.VeriftyheExportFeatureBySelectingEquipement@f381794]" started-at="2026-06-30T17:05:58 IST" name="configAC" finished-at="2026-06-30T17:06:00 IST" duration-ms="1982" status="PASS">
          <reporter-output>
          </reporter-output>
        </test-method> <!-- configAC -->
      </class> <!-- com.CycleTimeDashboard.VeriftyheExportFeatureBySelectingEquipement -->
      <class name="com.CycleTimeDashboard.VerifytheTotalSetValue">
        <test-method is-config="true" signature="configBC()[pri:0, instance:com.CycleTimeDashboard.VerifytheTotalSetValue@6c779568]" started-at="2026-06-30T17:05:18 IST" name="configBC" finished-at="2026-06-30T17:05:19 IST" duration-ms="1102" status="PASS">
          <reporter-output>
          </reporter-output>
        </test-method> <!-- configBC -->
        <test-method is-config="true" signature="configBM()[pri:0, instance:com.CycleTimeDashboard.VerifytheTotalSetValue@6c779568]" started-at="2026-06-30T17:05:19 IST" name="configBM" finished-at="2026-06-30T17:05:21 IST" duration-ms="1745" status="PASS">
          <reporter-output>
          </reporter-output>
        </test-method> <!-- configBM -->
        <test-method signature="verifytheTotalSetValue()[pri:0, instance:com.CycleTimeDashboard.VerifytheTotalSetValue@6c779568]" started-at="2026-06-30T17:05:21 IST" name="verifytheTotalSetValue" finished-at="2026-06-30T17:05:30 IST" duration-ms="8427" status="PASS">
          <reporter-output>
          </reporter-output>
        </test-method> <!-- verifytheTotalSetValue -->
        <test-method is-config="true" signature="configAM()[pri:0, instance:com.CycleTimeDashboard.VerifytheTotalSetValue@6c779568]" started-at="2026-06-30T17:05:30 IST" name="configAM" finished-at="2026-06-30T17:05:30 IST" duration-ms="68" status="PASS">
          <reporter-output>
          </reporter-output>
        </test-method> <!-- configAM -->
        <test-method is-config="true" signature="configAC()[pri:0, instance:com.CycleTimeDashboard.VerifytheTotalSetValue@6c779568]" started-at="2026-06-30T17:05:30 IST" name="configAC" finished-at="2026-06-30T17:05:30 IST" duration-ms="402" status="PASS">
          <reporter-output>
          </reporter-output>
        </test-method> <!-- configAC -->
      </class> <!-- com.CycleTimeDashboard.VerifytheTotalSetValue -->
      <class name="com.CycleTimeDashboard.VerifytheTooltipdataOfBarchart">
        <test-method is-config="true" signature="configBC()[pri:0, instance:com.CycleTimeDashboard.VerifytheTooltipdataOfBarchart@6f27a732]" started-at="2026-06-30T17:05:04 IST" name="configBC" finished-at="2026-06-30T17:05:05 IST" duration-ms="1149" status="PASS">
          <reporter-output>
          </reporter-output>
        </test-method> <!-- configBC -->
        <test-method is-config="true" signature="configBM()[pri:0, instance:com.CycleTimeDashboard.VerifytheTooltipdataOfBarchart@6f27a732]" started-at="2026-06-30T17:05:05 IST" name="configBM" finished-at="2026-06-30T17:05:07 IST" duration-ms="1422" status="PASS">
          <reporter-output>
          </reporter-output>
        </test-method> <!-- configBM -->
        <test-method signature="VeirfytheTooltipdataBarchart()[pri:0, instance:com.CycleTimeDashboard.VerifytheTooltipdataOfBarchart@6f27a732]" started-at="2026-06-30T17:05:07 IST" name="VeirfytheTooltipdataBarchart" finished-at="2026-06-30T17:05:18 IST" duration-ms="11072" status="PASS">
          <reporter-output>
          </reporter-output>
        </test-method> <!-- VeirfytheTooltipdataBarchart -->
        <test-method is-config="true" signature="configAM()[pri:0, instance:com.CycleTimeDashboard.VerifytheTooltipdataOfBarchart@6f27a732]" started-at="2026-06-30T17:05:18 IST" name="configAM" finished-at="2026-06-30T17:05:18 IST" duration-ms="68" status="PASS">
          <reporter-output>
          </reporter-output>
        </test-method> <!-- configAM -->
        <test-method is-config="true" signature="configAC()[pri:0, instance:com.CycleTimeDashboard.VerifytheTooltipdataOfBarchart@6f27a732]" started-at="2026-06-30T17:05:18 IST" name="configAC" finished-at="2026-06-30T17:05:18 IST" duration-ms="318" status="PASS">
          <reporter-output>
          </reporter-output>
        </test-method> <!-- configAC -->
      </class> <!-- com.CycleTimeDashboard.VerifytheTooltipdataOfBarchart -->
    </test> <!-- Default test -->
  </suite> <!-- Default suite -->
</testng-results>
