<?xml version="1.0" encoding="UTF-8"?>
<testng-results ignored="0" total="1" passed="1" failed="0" skipped="0">
  <reporter-output>
  </reporter-output>
  <suite started-at="2025-09-09T16:44:09 IST" name="Default suite" finished-at="2025-09-09T16:44:18 IST" duration-ms="8664">
    <groups>
    </groups>
    <test started-at="2025-09-09T16:44:09 IST" name="Default test" finished-at="2025-09-09T16:44:18 IST" duration-ms="8664">
      <class name="com.ReasonLinkingPage.ReasonLinkingUnlinkedFilterTest">
        <test-method is-config="true" signature="configBC()[pri:0, instance:com.ReasonLinkingPage.ReasonLinkingUnlinkedFilterTest@7ef82753]" started-at="2025-09-09T16:44:09 IST" name="configBC" finished-at="2025-09-09T16:44:11 IST" duration-ms="2269" status="PASS">
          <reporter-output>
          </reporter-output>
        </test-method> <!-- configBC -->
        <test-method is-config="true" signature="configBM()[pri:0, instance:com.ReasonLinkingPage.ReasonLinkingUnlinkedFilterTest@7ef82753]" started-at="2025-09-09T16:44:11 IST" name="configBM" finished-at="2025-09-09T16:44:16 IST" duration-ms="4130" status="PASS">
          <reporter-output>
          </reporter-output>
        </test-method> <!-- configBM -->
        <test-method signature="Reasonlinkingpage()[pri:0, instance:com.ReasonLinkingPage.ReasonLinkingUnlinkedFilterTest@7ef82753]" started-at="2025-09-09T16:44:16 IST" name="Reasonlinkingpage" finished-at="2025-09-09T16:44:18 IST" duration-ms="2242" status="PASS">
          <reporter-output>
          </reporter-output>
        </test-method> <!-- Reasonlinkingpage -->
      </class> <!-- com.ReasonLinkingPage.ReasonLinkingUnlinkedFilterTest -->
    </test> <!-- Default test -->
  </suite> <!-- Default suite -->
</testng-results>
