<?xml version="1.0" encoding="UTF-8"?>
<testng-results ignored="0" total="9" passed="9" failed="0" skipped="0">
  <reporter-output>
  </reporter-output>
  <suite started-at="2026-04-10T14:48:36 IST" name="Default suite" finished-at="2026-04-10T14:52:18 IST" duration-ms="222270">
    <groups>
    </groups>
    <test started-at="2026-04-10T14:48:36 IST" name="Default test" finished-at="2026-04-10T14:52:18 IST" duration-ms="222270">
      <class name="com.RecipeMasterPage.VerifyTheRecipeSearchFunctionalityTest">
        <test-method is-config="true" signature="configBC()[pri:0, instance:com.RecipeMasterPage.VerifyTheRecipeSearchFunctionalityTest@4470f8a6]" started-at="2026-04-10T14:48:36 IST" name="configBC" finished-at="2026-04-10T14:48:37 IST" duration-ms="1614" status="PASS">
          <reporter-output>
          </reporter-output>
        </test-method> <!-- configBC -->
        <test-method is-config="true" signature="configBM()[pri:0, instance:com.RecipeMasterPage.VerifyTheRecipeSearchFunctionalityTest@4470f8a6]" started-at="2026-04-10T14:48:37 IST" name="configBM" finished-at="2026-04-10T14:48:39 IST" duration-ms="1476" status="PASS">
          <reporter-output>
          </reporter-output>
        </test-method> <!-- configBM -->
        <test-method signature="VerifytheRecipeSearchfunctionalityTest()[pri:0, instance:com.RecipeMasterPage.VerifyTheRecipeSearchFunctionalityTest@4470f8a6]" started-at="2026-04-10T14:48:39 IST" name="VerifytheRecipeSearchfunctionalityTest" finished-at="2026-04-10T14:48:42 IST" duration-ms="2757" status="PASS">
          <reporter-output>
          </reporter-output>
        </test-method> <!-- VerifytheRecipeSearchfunctionalityTest -->
      </class> <!-- com.RecipeMasterPage.VerifyTheRecipeSearchFunctionalityTest -->
      <class name="com.RecipeMasterPage.VerifyCycleTimeFieldInputTest">
        <test-method is-config="true" signature="configBC()[pri:0, instance:com.RecipeMasterPage.VerifyCycleTimeFieldInputTest@60015ef5]" started-at="2026-04-10T14:48:42 IST" name="configBC" finished-at="2026-04-10T14:48:43 IST" duration-ms="1113" status="PASS">
          <reporter-output>
          </reporter-output>
        </test-method> <!-- configBC -->
        <test-method is-config="true" signature="configBM()[pri:0, instance:com.RecipeMasterPage.VerifyCycleTimeFieldInputTest@60015ef5]" started-at="2026-04-10T14:48:43 IST" name="configBM" finished-at="2026-04-10T14:48:44 IST" duration-ms="1374" status="PASS">
          <reporter-output>
          </reporter-output>
        </test-method> <!-- configBM -->
        <test-method signature="VerifyCycleTimeFieldInputTest()[pri:0, instance:com.RecipeMasterPage.VerifyCycleTimeFieldInputTest@60015ef5]" started-at="2026-04-10T14:48:44 IST" name="VerifyCycleTimeFieldInputTest" finished-at="2026-04-10T14:49:09 IST" duration-ms="24456" status="PASS">
          <reporter-output>
          </reporter-output>
        </test-method> <!-- VerifyCycleTimeFieldInputTest -->
      </class> <!-- com.RecipeMasterPage.VerifyCycleTimeFieldInputTest -->
      <class name="com.RecipeMasterPage.VerifyTheRecipeViewFunctionalityTest">
        <test-method is-config="true" signature="configBC()[pri:0, instance:com.RecipeMasterPage.VerifyTheRecipeViewFunctionalityTest@2f54a33d]" started-at="2026-04-10T14:49:09 IST" name="configBC" finished-at="2026-04-10T14:49:10 IST" duration-ms="1103" status="PASS">
          <reporter-output>
          </reporter-output>
        </test-method> <!-- configBC -->
        <test-method is-config="true" signature="configBM()[pri:0, instance:com.RecipeMasterPage.VerifyTheRecipeViewFunctionalityTest@2f54a33d]" started-at="2026-04-10T14:49:10 IST" name="configBM" finished-at="2026-04-10T14:49:11 IST" duration-ms="1207" status="PASS">
          <reporter-output>
          </reporter-output>
        </test-method> <!-- configBM -->
        <test-method signature="VerifytheRecipeViewfunctionalityTest()[pri:0, instance:com.RecipeMasterPage.VerifyTheRecipeViewFunctionalityTest@2f54a33d]" started-at="2026-04-10T14:49:11 IST" name="VerifytheRecipeViewfunctionalityTest" finished-at="2026-04-10T14:49:34 IST" duration-ms="22982" status="PASS">
          <reporter-output>
          </reporter-output>
        </test-method> <!-- VerifytheRecipeViewfunctionalityTest -->
      </class> <!-- com.RecipeMasterPage.VerifyTheRecipeViewFunctionalityTest -->
      <class name="com.RecipeMasterPage.ValidateRequiredFieldsInAddRecipeFormTest">
        <test-method is-config="true" signature="configBC()[pri:0, instance:com.RecipeMasterPage.ValidateRequiredFieldsInAddRecipeFormTest@1018bde2]" started-at="2026-04-10T14:49:34 IST" name="configBC" finished-at="2026-04-10T14:49:35 IST" duration-ms="1049" status="PASS">
          <reporter-output>
          </reporter-output>
        </test-method> <!-- configBC -->
        <test-method is-config="true" signature="configBM()[pri:0, instance:com.RecipeMasterPage.ValidateRequiredFieldsInAddRecipeFormTest@1018bde2]" started-at="2026-04-10T14:49:35 IST" name="configBM" finished-at="2026-04-10T14:49:37 IST" duration-ms="1766" status="PASS">
          <reporter-output>
          </reporter-output>
        </test-method> <!-- configBM -->
        <test-method signature="ValidateRequiredFieldsInAddRecipeFormTest()[pri:0, instance:com.RecipeMasterPage.ValidateRequiredFieldsInAddRecipeFormTest@1018bde2]" started-at="2026-04-10T14:49:37 IST" name="ValidateRequiredFieldsInAddRecipeFormTest" finished-at="2026-04-10T14:50:01 IST" duration-ms="24629" status="PASS">
          <reporter-output>
          </reporter-output>
        </test-method> <!-- ValidateRequiredFieldsInAddRecipeFormTest -->
      </class> <!-- com.RecipeMasterPage.ValidateRequiredFieldsInAddRecipeFormTest -->
      <class name="com.RecipeMasterPage.VerifyTheRecipeEditFunctionalityTest">
        <test-method is-config="true" signature="configBC()[pri:0, instance:com.RecipeMasterPage.VerifyTheRecipeEditFunctionalityTest@65b3f4a4]" started-at="2026-04-10T14:50:01 IST" name="configBC" finished-at="2026-04-10T14:50:02 IST" duration-ms="1054" status="PASS">
          <reporter-output>
          </reporter-output>
        </test-method> <!-- configBC -->
        <test-method is-config="true" signature="configBM()[pri:0, instance:com.RecipeMasterPage.VerifyTheRecipeEditFunctionalityTest@65b3f4a4]" started-at="2026-04-10T14:50:02 IST" name="configBM" finished-at="2026-04-10T14:50:04 IST" duration-ms="1419" status="PASS">
          <reporter-output>
          </reporter-output>
        </test-method> <!-- configBM -->
        <test-method signature="VerifytheRecipeEditfunctionalityTest()[pri:0, instance:com.RecipeMasterPage.VerifyTheRecipeEditFunctionalityTest@65b3f4a4]" started-at="2026-04-10T14:50:04 IST" name="VerifytheRecipeEditfunctionalityTest" finished-at="2026-04-10T14:50:28 IST" duration-ms="24375" status="PASS">
          <reporter-output>
          </reporter-output>
        </test-method> <!-- VerifytheRecipeEditfunctionalityTest -->
      </class> <!-- com.RecipeMasterPage.VerifyTheRecipeEditFunctionalityTest -->
      <class name="com.RecipeMasterPage.VerifyRecipeCodeFieldInputTest">
        <test-method is-config="true" signature="configBC()[pri:0, instance:com.RecipeMasterPage.VerifyRecipeCodeFieldInputTest@f2ff811]" started-at="2026-04-10T14:50:28 IST" name="configBC" finished-at="2026-04-10T14:50:29 IST" duration-ms="1060" status="PASS">
          <reporter-output>
          </reporter-output>
        </test-method> <!-- configBC -->
        <test-method is-config="true" signature="configBM()[pri:0, instance:com.RecipeMasterPage.VerifyRecipeCodeFieldInputTest@f2ff811]" started-at="2026-04-10T14:50:29 IST" name="configBM" finished-at="2026-04-10T14:50:32 IST" duration-ms="2461" status="PASS">
          <reporter-output>
          </reporter-output>
        </test-method> <!-- configBM -->
        <test-method signature="VerifyRecipeCodeFieldInputTest()[pri:0, instance:com.RecipeMasterPage.VerifyRecipeCodeFieldInputTest@f2ff811]" started-at="2026-04-10T14:50:32 IST" name="VerifyRecipeCodeFieldInputTest" finished-at="2026-04-10T14:50:56 IST" duration-ms="24480" status="PASS">
          <reporter-output>
          </reporter-output>
        </test-method> <!-- VerifyRecipeCodeFieldInputTest -->
      </class> <!-- com.RecipeMasterPage.VerifyRecipeCodeFieldInputTest -->
      <class name="com.RecipeMasterPage.VerifySAPCodeFieldInputTest">
        <test-method is-config="true" signature="configBC()[pri:0, instance:com.RecipeMasterPage.VerifySAPCodeFieldInputTest@568ff82]" started-at="2026-04-10T14:50:56 IST" name="configBC" finished-at="2026-04-10T14:50:57 IST" duration-ms="1085" status="PASS">
          <reporter-output>
          </reporter-output>
        </test-method> <!-- configBC -->
        <test-method is-config="true" signature="configBM()[pri:0, instance:com.RecipeMasterPage.VerifySAPCodeFieldInputTest@568ff82]" started-at="2026-04-10T14:50:57 IST" name="configBM" finished-at="2026-04-10T14:50:59 IST" duration-ms="1675" status="PASS">
          <reporter-output>
          </reporter-output>
        </test-method> <!-- configBM -->
        <test-method signature="VerifySAPCodeFieldInputTest()[pri:0, instance:com.RecipeMasterPage.VerifySAPCodeFieldInputTest@568ff82]" started-at="2026-04-10T14:50:59 IST" name="VerifySAPCodeFieldInputTest" finished-at="2026-04-10T14:51:24 IST" duration-ms="24666" status="PASS">
          <reporter-output>
          </reporter-output>
        </test-method> <!-- VerifySAPCodeFieldInputTest -->
      </class> <!-- com.RecipeMasterPage.VerifySAPCodeFieldInputTest -->
      <class name="com.RecipeMasterPage.VerifyProductionTypeDropdownFunctionalityTest">
        <test-method is-config="true" signature="configBC()[pri:0, instance:com.RecipeMasterPage.VerifyProductionTypeDropdownFunctionalityTest@50caa560]" started-at="2026-04-10T14:51:24 IST" name="configBC" finished-at="2026-04-10T14:51:25 IST" duration-ms="1164" status="PASS">
          <reporter-output>
          </reporter-output>
        </test-method> <!-- configBC -->
        <test-method is-config="true" signature="configBM()[pri:0, instance:com.RecipeMasterPage.VerifyProductionTypeDropdownFunctionalityTest@50caa560]" started-at="2026-04-10T14:51:25 IST" name="configBM" finished-at="2026-04-10T14:51:26 IST" duration-ms="1386" status="PASS">
          <reporter-output>
          </reporter-output>
        </test-method> <!-- configBM -->
        <test-method signature="VerifyProductionTypeDropdownFunctionalityTest()[pri:0, instance:com.RecipeMasterPage.VerifyProductionTypeDropdownFunctionalityTest@50caa560]" started-at="2026-04-10T14:51:26 IST" name="VerifyProductionTypeDropdownFunctionalityTest" finished-at="2026-04-10T14:51:51 IST" duration-ms="24578" status="PASS">
          <reporter-output>
          </reporter-output>
        </test-method> <!-- VerifyProductionTypeDropdownFunctionalityTest -->
      </class> <!-- com.RecipeMasterPage.VerifyProductionTypeDropdownFunctionalityTest -->
      <class name="com.RecipeMasterPage.VerifytheaddRecipefunctionalityTest">
        <test-method is-config="true" signature="configBC()[pri:0, instance:com.RecipeMasterPage.VerifytheaddRecipefunctionalityTest@2a266d09]" started-at="2026-04-10T14:51:51 IST" name="configBC" finished-at="2026-04-10T14:51:52 IST" duration-ms="1156" status="PASS">
          <reporter-output>
          </reporter-output>
        </test-method> <!-- configBC -->
        <test-method is-config="true" signature="configBM()[pri:0, instance:com.RecipeMasterPage.VerifytheaddRecipefunctionalityTest@2a266d09]" started-at="2026-04-10T14:51:52 IST" name="configBM" finished-at="2026-04-10T14:51:53 IST" duration-ms="1499" status="PASS">
          <reporter-output>
          </reporter-output>
        </test-method> <!-- configBM -->
        <test-method signature="VerifytheaddRecipefunctionalityTest()[pri:0, instance:com.RecipeMasterPage.VerifytheaddRecipefunctionalityTest@2a266d09]" started-at="2026-04-10T14:51:53 IST" name="VerifytheaddRecipefunctionalityTest" finished-at="2026-04-10T14:52:18 IST" duration-ms="24608" status="PASS">
          <reporter-output>
          </reporter-output>
        </test-method> <!-- VerifytheaddRecipefunctionalityTest -->
      </class> <!-- com.RecipeMasterPage.VerifytheaddRecipefunctionalityTest -->
    </test> <!-- Default test -->
  </suite> <!-- Default suite -->
</testng-results>
