<?xml version="1.0" encoding="UTF-8"?>
<testng-results ignored="0" total="1" passed="1" failed="0" skipped="0">
  <reporter-output>
  </reporter-output>
  <suite started-at="2025-08-20T15:47:48 IST" name="Default suite" finished-at="2025-08-20T15:47:58 IST" duration-ms="9321">
    <groups>
    </groups>
    <test started-at="2025-08-20T15:47:48 IST" name="Default test" finished-at="2025-08-20T15:47:58 IST" duration-ms="9321">
      <class name="com.ReasonLinkingPage.NavigatetoReasonLinkingPage">
        <test-method is-config="true" signature="configBC()[pri:0, instance:com.ReasonLinkingPage.NavigatetoReasonLinkingPage@7ef82753]" started-at="2025-08-20T15:47:48 IST" name="configBC" finished-at="2025-08-20T15:47:50 IST" duration-ms="2282" status="PASS">
          <reporter-output>
          </reporter-output>
        </test-method> <!-- configBC -->
        <test-method is-config="true" signature="configBM()[pri:0, instance:com.ReasonLinkingPage.NavigatetoReasonLinkingPage@7ef82753]" started-at="2025-08-20T15:47:51 IST" name="configBM" finished-at="2025-08-20T15:47:55 IST" duration-ms="4644" status="PASS">
          <reporter-output>
          </reporter-output>
        </test-method> <!-- configBM -->
        <test-method signature="Reasonlinkingpage()[pri:0, instance:com.ReasonLinkingPage.NavigatetoReasonLinkingPage@7ef82753]" started-at="2025-08-20T15:47:55 IST" name="Reasonlinkingpage" finished-at="2025-08-20T15:47:58 IST" duration-ms="2368" status="PASS">
          <reporter-output>
          </reporter-output>
        </test-method> <!-- Reasonlinkingpage -->
      </class> <!-- com.ReasonLinkingPage.NavigatetoReasonLinkingPage -->
    </test> <!-- Default test -->
  </suite> <!-- Default suite -->
</testng-results>
