<?xml version="1.0" encoding="UTF-8"?>
<testng-results ignored="0" total="183" passed="170" failed="13" skipped="0">
  <reporter-output>
  </reporter-output>
  <suite started-at="2026-08-17T11:17:47 IST" name="Suite" finished-at="2026-08-17T13:08:34 IST" duration-ms="6646958">
    <groups>
    </groups>
    <test started-at="2026-08-17T11:17:47 IST" name="Test" finished-at="2026-08-17T13:08:34 IST" duration-ms="6646958">
      <class name="com.CycleTimeDashboard.VerifytheXaxisdropdownselectingByEquipementvalue">
        <test-method is-config="true" signature="configBC()[pri:0, instance:com.CycleTimeDashboard.VerifytheXaxisdropdownselectingByEquipementvalue@242b836]" started-at="2026-08-17T13:05:10 IST" name="configBC" finished-at="2026-08-17T13:05:12 IST" duration-ms="1662" status="PASS">
          <reporter-output>
          </reporter-output>
        </test-method> <!-- configBC -->
        <test-method is-config="true" signature="configBM()[pri:0, instance:com.CycleTimeDashboard.VerifytheXaxisdropdownselectingByEquipementvalue@242b836]" started-at="2026-08-17T13:05:12 IST" name="configBM" finished-at="2026-08-17T13:05:13 IST" duration-ms="1564" status="PASS">
          <reporter-output>
          </reporter-output>
        </test-method> <!-- configBM -->
        <test-method signature="VeirfytheXaxixdropdownslectingByEquipementvalue()[pri:0, instance:com.CycleTimeDashboard.VerifytheXaxisdropdownselectingByEquipementvalue@242b836]" started-at="2026-08-17T13:05:13 IST" name="VeirfytheXaxixdropdownslectingByEquipementvalue" finished-at="2026-08-17T13:06:51 IST" duration-ms="98010" status="PASS">
          <reporter-output>
          </reporter-output>
        </test-method> <!-- VeirfytheXaxixdropdownslectingByEquipementvalue -->
        <test-method is-config="true" signature="configAM()[pri:0, instance:com.CycleTimeDashboard.VerifytheXaxisdropdownselectingByEquipementvalue@242b836]" started-at="2026-08-17T13:06:51 IST" name="configAM" finished-at="2026-08-17T13:06:51 IST" duration-ms="65" status="PASS">
          <reporter-output>
          </reporter-output>
        </test-method> <!-- configAM -->
        <test-method is-config="true" signature="configAC()[pri:0, instance:com.CycleTimeDashboard.VerifytheXaxisdropdownselectingByEquipementvalue@242b836]" started-at="2026-08-17T13:06:51 IST" name="configAC" finished-at="2026-08-17T13:06:52 IST" duration-ms="643" status="PASS">
          <reporter-output>
          </reporter-output>
        </test-method> <!-- configAC -->
      </class> <!-- com.CycleTimeDashboard.VerifytheXaxisdropdownselectingByEquipementvalue -->
      <class name="com.CycleTimeDashboard.VerifytheBadQuantity">
        <test-method is-config="true" signature="configBC()[pri:0, instance:com.CycleTimeDashboard.VerifytheBadQuantity@b9b00e0]" started-at="2026-08-17T12:21:52 IST" name="configBC" finished-at="2026-08-17T12:21:53 IST" duration-ms="1258" status="PASS">
          <reporter-output>
          </reporter-output>
        </test-method> <!-- configBC -->
        <test-method is-config="true" signature="configBM()[pri:0, instance:com.CycleTimeDashboard.VerifytheBadQuantity@b9b00e0]" started-at="2026-08-17T12:21:53 IST" name="configBM" finished-at="2026-08-17T12:21:54 IST" duration-ms="1352" status="PASS">
          <reporter-output>
          </reporter-output>
        </test-method> <!-- configBM -->
        <test-method signature="verifytheTotalBaDQuantity()[pri:0, instance:com.CycleTimeDashboard.VerifytheBadQuantity@b9b00e0]" started-at="2026-08-17T12:21:54 IST" name="verifytheTotalBaDQuantity" finished-at="2026-08-17T12:22:00 IST" duration-ms="5773" status="PASS">
          <reporter-output>
          </reporter-output>
        </test-method> <!-- verifytheTotalBaDQuantity -->
        <test-method is-config="true" signature="configAM()[pri:0, instance:com.CycleTimeDashboard.VerifytheBadQuantity@b9b00e0]" started-at="2026-08-17T12:22:00 IST" name="configAM" finished-at="2026-08-17T12:22:00 IST" duration-ms="46" status="PASS">
          <reporter-output>
          </reporter-output>
        </test-method> <!-- configAM -->
        <test-method is-config="true" signature="configAC()[pri:0, instance:com.CycleTimeDashboard.VerifytheBadQuantity@b9b00e0]" started-at="2026-08-17T12:22:00 IST" name="configAC" finished-at="2026-08-17T12:22:01 IST" duration-ms="428" status="PASS">
          <reporter-output>
          </reporter-output>
        </test-method> <!-- configAC -->
      </class> <!-- com.CycleTimeDashboard.VerifytheBadQuantity -->
      <class name="com.CycleTimeDashboard.VerifytheTotalProduction">
        <test-method is-config="true" signature="configBC()[pri:0, instance:com.CycleTimeDashboard.VerifytheTotalProduction@7db12bb6]" started-at="2026-08-17T13:02:58 IST" name="configBC" finished-at="2026-08-17T13:03:00 IST" duration-ms="1850" status="PASS">
          <reporter-output>
          </reporter-output>
        </test-method> <!-- configBC -->
        <test-method is-config="true" signature="configBM()[pri:0, instance:com.CycleTimeDashboard.VerifytheTotalProduction@7db12bb6]" started-at="2026-08-17T13:03:00 IST" name="configBM" finished-at="2026-08-17T13:03:02 IST" duration-ms="1817" status="PASS">
          <reporter-output>
          </reporter-output>
        </test-method> <!-- configBM -->
        <test-method signature="verifytheTotalProduction()[pri:0, instance:com.CycleTimeDashboard.VerifytheTotalProduction@7db12bb6]" started-at="2026-08-17T13:03:02 IST" name="verifytheTotalProduction" finished-at="2026-08-17T13:03:08 IST" duration-ms="5971" status="PASS">
          <reporter-output>
          </reporter-output>
        </test-method> <!-- verifytheTotalProduction -->
        <test-method is-config="true" signature="configAM()[pri:0, instance:com.CycleTimeDashboard.VerifytheTotalProduction@7db12bb6]" started-at="2026-08-17T13:03:08 IST" name="configAM" finished-at="2026-08-17T13:03:08 IST" duration-ms="54" status="PASS">
          <reporter-output>
          </reporter-output>
        </test-method> <!-- configAM -->
        <test-method is-config="true" signature="configAC()[pri:0, instance:com.CycleTimeDashboard.VerifytheTotalProduction@7db12bb6]" started-at="2026-08-17T13:03:08 IST" name="configAC" finished-at="2026-08-17T13:03:08 IST" duration-ms="604" status="PASS">
          <reporter-output>
          </reporter-output>
        </test-method> <!-- configAC -->
      </class> <!-- com.CycleTimeDashboard.VerifytheTotalProduction -->
      <class name="com.RoleCreateModule.VerifytheRoleChangeStatusFuctionality">
        <test-method is-config="true" signature="configBC()[pri:0, instance:com.RoleCreateModule.VerifytheRoleChangeStatusFuctionality@6d4d66d2]" started-at="2026-08-17T12:19:52 IST" name="configBC" finished-at="2026-08-17T12:19:53 IST" duration-ms="1268" status="PASS">
          <reporter-output>
          </reporter-output>
        </test-method> <!-- configBC -->
        <test-method is-config="true" signature="configBM()[pri:0, instance:com.RoleCreateModule.VerifytheRoleChangeStatusFuctionality@6d4d66d2]" started-at="2026-08-17T12:19:53 IST" name="configBM" finished-at="2026-08-17T12:19:55 IST" duration-ms="1403" status="PASS">
          <reporter-output>
          </reporter-output>
        </test-method> <!-- configBM -->
        <test-method signature="VerifytheRoleChangeStatusFuctionality()[pri:0, instance:com.RoleCreateModule.VerifytheRoleChangeStatusFuctionality@6d4d66d2]" started-at="2026-08-17T12:19:55 IST" name="VerifytheRoleChangeStatusFuctionality" finished-at="2026-08-17T12:20:03 IST" duration-ms="8201" status="PASS">
          <reporter-output>
          </reporter-output>
        </test-method> <!-- VerifytheRoleChangeStatusFuctionality -->
        <test-method is-config="true" signature="configAM()[pri:0, instance:com.RoleCreateModule.VerifytheRoleChangeStatusFuctionality@6d4d66d2]" started-at="2026-08-17T12:20:03 IST" name="configAM" finished-at="2026-08-17T12:20:03 IST" duration-ms="625" status="PASS">
          <reporter-output>
          </reporter-output>
        </test-method> <!-- configAM -->
        <test-method is-config="true" signature="configAC()[pri:0, instance:com.RoleCreateModule.VerifytheRoleChangeStatusFuctionality@6d4d66d2]" started-at="2026-08-17T12:20:03 IST" name="configAC" finished-at="2026-08-17T12:20:04 IST" duration-ms="485" status="PASS">
          <reporter-output>
          </reporter-output>
        </test-method> <!-- configAC -->
      </class> <!-- com.RoleCreateModule.VerifytheRoleChangeStatusFuctionality -->
      <class name="com.CycleTimeDashboard.VeriftyheExportFeatureBySelectingOperator">
        <test-method is-config="true" signature="configBC()[pri:0, instance:com.CycleTimeDashboard.VeriftyheExportFeatureBySelectingOperator@4efac082]" started-at="2026-08-17T11:42:07 IST" name="configBC" finished-at="2026-08-17T11:42:10 IST" duration-ms="2836" status="PASS">
          <reporter-output>
          </reporter-output>
        </test-method> <!-- configBC -->
        <test-method is-config="true" signature="configBM()[pri:0, instance:com.CycleTimeDashboard.VeriftyheExportFeatureBySelectingOperator@4efac082]" started-at="2026-08-17T11:42:10 IST" name="configBM" finished-at="2026-08-17T11:42:12 IST" duration-ms="2191" status="PASS">
          <reporter-output>
          </reporter-output>
        </test-method> <!-- configBM -->
        <test-method signature="VeriftyheExportFeatureBySelectingOperator()[pri:0, instance:com.CycleTimeDashboard.VeriftyheExportFeatureBySelectingOperator@4efac082]" started-at="2026-08-17T11:42:12 IST" name="VeriftyheExportFeatureBySelectingOperator" finished-at="2026-08-17T11:42:33 IST" duration-ms="20738" status="PASS">
          <reporter-output>
          </reporter-output>
        </test-method> <!-- VeriftyheExportFeatureBySelectingOperator -->
        <test-method is-config="true" signature="configAM()[pri:0, instance:com.CycleTimeDashboard.VeriftyheExportFeatureBySelectingOperator@4efac082]" started-at="2026-08-17T11:42:33 IST" name="configAM" finished-at="2026-08-17T11:42:33 IST" duration-ms="234" status="PASS">
          <reporter-output>
          </reporter-output>
        </test-method> <!-- configAM -->
        <test-method is-config="true" signature="configAC()[pri:0, instance:com.CycleTimeDashboard.VeriftyheExportFeatureBySelectingOperator@4efac082]" started-at="2026-08-17T11:42:33 IST" name="configAC" finished-at="2026-08-17T11:42:36 IST" duration-ms="2677" status="PASS">
          <reporter-output>
          </reporter-output>
        </test-method> <!-- configAC -->
      </class> <!-- com.CycleTimeDashboard.VeriftyheExportFeatureBySelectingOperator -->
      <class name="com.ReasonLinkingPage.ReasonLinkingSingleLinkTest">
        <test-method is-config="true" signature="configBC()[pri:0, instance:com.ReasonLinkingPage.ReasonLinkingSingleLinkTest@576d5deb]" started-at="2026-08-17T12:55:14 IST" name="configBC" finished-at="2026-08-17T12:55:16 IST" duration-ms="1964" status="PASS">
          <reporter-output>
          </reporter-output>
        </test-method> <!-- configBC -->
        <test-method is-config="true" signature="configBM()[pri:0, instance:com.ReasonLinkingPage.ReasonLinkingSingleLinkTest@576d5deb]" started-at="2026-08-17T12:55:16 IST" name="configBM" finished-at="2026-08-17T12:55:18 IST" duration-ms="1769" status="PASS">
          <reporter-output>
          </reporter-output>
        </test-method> <!-- configBM -->
        <test-method signature="ReasonLinkingFunctionalityTest()[pri:0, instance:com.ReasonLinkingPage.ReasonLinkingSingleLinkTest@576d5deb]" started-at="2026-08-17T12:55:18 IST" name="ReasonLinkingFunctionalityTest" finished-at="2026-08-17T12:55:25 IST" duration-ms="6368" status="PASS">
          <reporter-output>
          </reporter-output>
        </test-method> <!-- ReasonLinkingFunctionalityTest -->
        <test-method is-config="true" signature="configAM()[pri:0, instance:com.ReasonLinkingPage.ReasonLinkingSingleLinkTest@576d5deb]" started-at="2026-08-17T12:55:25 IST" name="configAM" finished-at="2026-08-17T12:55:26 IST" duration-ms="952" status="PASS">
          <reporter-output>
          </reporter-output>
        </test-method> <!-- configAM -->
        <test-method is-config="true" signature="configAC()[pri:0, instance:com.ReasonLinkingPage.ReasonLinkingSingleLinkTest@576d5deb]" started-at="2026-08-17T12:55:26 IST" name="configAC" finished-at="2026-08-17T12:55:26 IST" duration-ms="507" status="PASS">
          <reporter-output>
          </reporter-output>
        </test-method> <!-- configAC -->
      </class> <!-- com.ReasonLinkingPage.ReasonLinkingSingleLinkTest -->
      <class name="com.DowntimeTarget.VerifytheCancelBulkUpdateFuctionality">
        <test-method is-config="true" signature="configBC()[pri:0, instance:com.DowntimeTarget.VerifytheCancelBulkUpdateFuctionality@235ecd9f]" started-at="2026-08-17T11:38:44 IST" name="configBC" finished-at="2026-08-17T11:38:47 IST" duration-ms="2863" status="PASS">
          <reporter-output>
          </reporter-output>
        </test-method> <!-- configBC -->
        <test-method is-config="true" signature="configBM()[pri:0, instance:com.DowntimeTarget.VerifytheCancelBulkUpdateFuctionality@235ecd9f]" started-at="2026-08-17T11:38:47 IST" name="configBM" finished-at="2026-08-17T11:38:49 IST" duration-ms="2059" status="PASS">
          <reporter-output>
          </reporter-output>
        </test-method> <!-- configBM -->
        <test-method signature="VerifytheCancelBulkUpdateFuctionality()[pri:0, instance:com.DowntimeTarget.VerifytheCancelBulkUpdateFuctionality@235ecd9f]" started-at="2026-08-17T11:38:49 IST" name="VerifytheCancelBulkUpdateFuctionality" finished-at="2026-08-17T11:39:54 IST" duration-ms="65519" status="PASS">
          <reporter-output>
          </reporter-output>
        </test-method> <!-- VerifytheCancelBulkUpdateFuctionality -->
        <test-method is-config="true" signature="configAM()[pri:0, instance:com.DowntimeTarget.VerifytheCancelBulkUpdateFuctionality@235ecd9f]" started-at="2026-08-17T11:39:54 IST" name="configAM" finished-at="2026-08-17T11:39:54 IST" duration-ms="174" status="PASS">
          <reporter-output>
          </reporter-output>
        </test-method> <!-- configAM -->
        <test-method is-config="true" signature="configAC()[pri:0, instance:com.DowntimeTarget.VerifytheCancelBulkUpdateFuctionality@235ecd9f]" started-at="2026-08-17T11:39:54 IST" name="configAC" finished-at="2026-08-17T11:39:56 IST" duration-ms="1073" status="PASS">
          <reporter-output>
          </reporter-output>
        </test-method> <!-- configAC -->
      </class> <!-- com.DowntimeTarget.VerifytheCancelBulkUpdateFuctionality -->
      <class name="com.OEEDashBoard.VerifyBestPerformingMachineDisplayed">
        <test-method is-config="true" signature="configBC()[pri:0, instance:com.OEEDashBoard.VerifyBestPerformingMachineDisplayed@1a942c18]" started-at="2026-08-17T12:50:15 IST" name="configBC" finished-at="2026-08-17T12:50:16 IST" duration-ms="1473" status="PASS">
          <reporter-output>
          </reporter-output>
        </test-method> <!-- configBC -->
        <test-method is-config="true" signature="configBM()[pri:0, instance:com.OEEDashBoard.VerifyBestPerformingMachineDisplayed@1a942c18]" started-at="2026-08-17T12:50:16 IST" name="configBM" finished-at="2026-08-17T12:50:18 IST" duration-ms="1773" status="PASS">
          <reporter-output>
          </reporter-output>
        </test-method> <!-- configBM -->
        <test-method signature="VerifyBestPerformingMachineDisplayed()[pri:0, instance:com.OEEDashBoard.VerifyBestPerformingMachineDisplayed@1a942c18]" started-at="2026-08-17T12:50:18 IST" name="VerifyBestPerformingMachineDisplayed" finished-at="2026-08-17T12:50:36 IST" duration-ms="17883" status="PASS">
          <reporter-output>
          </reporter-output>
        </test-method> <!-- VerifyBestPerformingMachineDisplayed -->
        <test-method is-config="true" signature="configAM()[pri:0, instance:com.OEEDashBoard.VerifyBestPerformingMachineDisplayed@1a942c18]" started-at="2026-08-17T12:50:36 IST" name="configAM" finished-at="2026-08-17T12:50:36 IST" duration-ms="111" status="PASS">
          <reporter-output>
          </reporter-output>
        </test-method> <!-- configAM -->
        <test-method is-config="true" signature="configAC()[pri:0, instance:com.OEEDashBoard.VerifyBestPerformingMachineDisplayed@1a942c18]" started-at="2026-08-17T12:50:36 IST" name="configAC" finished-at="2026-08-17T12:50:37 IST" duration-ms="794" status="PASS">
          <reporter-output>
          </reporter-output>
        </test-method> <!-- configAC -->
      </class> <!-- com.OEEDashBoard.VerifyBestPerformingMachineDisplayed -->
      <class name="com.UserCreate.VerifytheEditpageNavigation">
        <test-method is-config="true" signature="configBC()[pri:0, instance:com.UserCreate.VerifytheEditpageNavigation@3e27aa33]" started-at="2026-08-17T12:19:14 IST" name="configBC" finished-at="2026-08-17T12:19:15 IST" duration-ms="1338" status="PASS">
          <reporter-output>
          </reporter-output>
        </test-method> <!-- configBC -->
        <test-method is-config="true" signature="configBM()[pri:0, instance:com.UserCreate.VerifytheEditpageNavigation@3e27aa33]" started-at="2026-08-17T12:19:15 IST" name="configBM" finished-at="2026-08-17T12:19:17 IST" duration-ms="1643" status="PASS">
          <reporter-output>
          </reporter-output>
        </test-method> <!-- configBM -->
        <test-method signature="VerifytheEditpageNavigation()[pri:0, instance:com.UserCreate.VerifytheEditpageNavigation@3e27aa33]" started-at="2026-08-17T12:19:17 IST" name="VerifytheEditpageNavigation" finished-at="2026-08-17T12:19:51 IST" duration-ms="34547" status="PASS">
          <reporter-output>
          </reporter-output>
        </test-method> <!-- VerifytheEditpageNavigation -->
        <test-method is-config="true" signature="configAM()[pri:0, instance:com.UserCreate.VerifytheEditpageNavigation@3e27aa33]" started-at="2026-08-17T12:19:51 IST" name="configAM" finished-at="2026-08-17T12:19:51 IST" duration-ms="47" status="PASS">
          <reporter-output>
          </reporter-output>
        </test-method> <!-- configAM -->
        <test-method is-config="true" signature="configAC()[pri:0, instance:com.UserCreate.VerifytheEditpageNavigation@3e27aa33]" started-at="2026-08-17T12:19:51 IST" name="configAC" finished-at="2026-08-17T12:19:52 IST" duration-ms="539" status="PASS">
          <reporter-output>
          </reporter-output>
        </test-method> <!-- configAC -->
      </class> <!-- com.UserCreate.VerifytheEditpageNavigation -->
      <class name="com.AddReasonPage.VerifythePrintheExistingReason">
        <test-method is-config="true" signature="configBC()[pri:0, instance:com.AddReasonPage.VerifythePrintheExistingReason@117159c0]" started-at="2026-08-17T12:20:32 IST" name="configBC" finished-at="2026-08-17T12:20:34 IST" duration-ms="1854" status="PASS">
          <reporter-output>
          </reporter-output>
        </test-method> <!-- configBC -->
        <test-method is-config="true" signature="configBM()[pri:0, instance:com.AddReasonPage.VerifythePrintheExistingReason@117159c0]" started-at="2026-08-17T12:20:34 IST" name="configBM" finished-at="2026-08-17T12:20:36 IST" duration-ms="1554" status="PASS">
          <reporter-output>
          </reporter-output>
        </test-method> <!-- configBM -->
        <test-method signature="VerifythePrintheExistingReason()[pri:0, instance:com.AddReasonPage.VerifythePrintheExistingReason@117159c0]" started-at="2026-08-17T12:20:36 IST" name="VerifythePrintheExistingReason" finished-at="2026-08-17T12:20:39 IST" duration-ms="3011" status="PASS">
          <reporter-output>
          </reporter-output>
        </test-method> <!-- VerifythePrintheExistingReason -->
        <test-method is-config="true" signature="configAM()[pri:0, instance:com.AddReasonPage.VerifythePrintheExistingReason@117159c0]" started-at="2026-08-17T12:20:39 IST" name="configAM" finished-at="2026-08-17T12:20:39 IST" duration-ms="75" status="PASS">
          <reporter-output>
          </reporter-output>
        </test-method> <!-- configAM -->
        <test-method is-config="true" signature="configAC()[pri:0, instance:com.AddReasonPage.VerifythePrintheExistingReason@117159c0]" started-at="2026-08-17T12:20:39 IST" name="configAC" finished-at="2026-08-17T12:20:39 IST" duration-ms="498" status="PASS">
          <reporter-output>
          </reporter-output>
        </test-method> <!-- configAC -->
      </class> <!-- com.AddReasonPage.VerifythePrintheExistingReason -->
      <class name="com.RoleCreateModule.VerifytheEditRoleFuctionality">
        <test-method is-config="true" signature="configBC()[pri:0, instance:com.RoleCreateModule.VerifytheEditRoleFuctionality@1ed4ae0f]" started-at="2026-08-17T12:03:26 IST" name="configBC" finished-at="2026-08-17T12:03:29 IST" duration-ms="2951" status="PASS">
          <reporter-output>
          </reporter-output>
        </test-method> <!-- configBC -->
        <test-method is-config="true" signature="configBM()[pri:0, instance:com.RoleCreateModule.VerifytheEditRoleFuctionality@1ed4ae0f]" started-at="2026-08-17T12:03:29 IST" name="configBM" finished-at="2026-08-17T12:03:31 IST" duration-ms="2130" status="PASS">
          <reporter-output>
          </reporter-output>
        </test-method> <!-- configBM -->
        <test-method signature="VerifytheEditRoleFuctionality()[pri:0, instance:com.RoleCreateModule.VerifytheEditRoleFuctionality@1ed4ae0f]" started-at="2026-08-17T12:03:31 IST" name="VerifytheEditRoleFuctionality" finished-at="2026-08-17T12:03:40 IST" duration-ms="9028" status="PASS">
          <reporter-output>
          </reporter-output>
        </test-method> <!-- VerifytheEditRoleFuctionality -->
        <test-method is-config="true" signature="configAM()[pri:0, instance:com.RoleCreateModule.VerifytheEditRoleFuctionality@1ed4ae0f]" started-at="2026-08-17T12:03:40 IST" name="configAM" finished-at="2026-08-17T12:03:41 IST" duration-ms="513" status="PASS">
          <reporter-output>
          </reporter-output>
        </test-method> <!-- configAM -->
        <test-method is-config="true" signature="configAC()[pri:0, instance:com.RoleCreateModule.VerifytheEditRoleFuctionality@1ed4ae0f]" started-at="2026-08-17T12:03:41 IST" name="configAC" finished-at="2026-08-17T12:03:42 IST" duration-ms="1091" status="PASS">
          <reporter-output>
          </reporter-output>
        </test-method> <!-- configAC -->
      </class> <!-- com.RoleCreateModule.VerifytheEditRoleFuctionality -->
      <class name="com.DowntimeShiftview.VerifyNavigationToShiftViewPageTest">
        <test-method is-config="true" signature="configBC()[pri:0, instance:com.DowntimeShiftview.VerifyNavigationToShiftViewPageTest@6fdbe764]" started-at="2026-08-17T11:20:23 IST" name="configBC" finished-at="2026-08-17T11:20:25 IST" duration-ms="2563" status="PASS">
          <reporter-output>
          </reporter-output>
        </test-method> <!-- configBC -->
        <test-method is-config="true" signature="configBM()[pri:0, instance:com.DowntimeShiftview.VerifyNavigationToShiftViewPageTest@6fdbe764]" started-at="2026-08-17T11:20:25 IST" name="configBM" finished-at="2026-08-17T11:20:27 IST" duration-ms="1911" status="PASS">
          <reporter-output>
          </reporter-output>
        </test-method> <!-- configBM -->
        <test-method signature="VerifyNavigationToShiftViewPageTest()[pri:0, instance:com.DowntimeShiftview.VerifyNavigationToShiftViewPageTest@6fdbe764]" started-at="2026-08-17T11:20:27 IST" name="VerifyNavigationToShiftViewPageTest" finished-at="2026-08-17T11:20:34 IST" duration-ms="6501" status="PASS">
          <reporter-output>
          </reporter-output>
        </test-method> <!-- VerifyNavigationToShiftViewPageTest -->
        <test-method is-config="true" signature="configAM()[pri:0, instance:com.DowntimeShiftview.VerifyNavigationToShiftViewPageTest@6fdbe764]" started-at="2026-08-17T11:20:34 IST" name="configAM" finished-at="2026-08-17T11:20:34 IST" duration-ms="110" status="PASS">
          <reporter-output>
          </reporter-output>
        </test-method> <!-- configAM -->
        <test-method is-config="true" signature="configAC()[pri:0, instance:com.DowntimeShiftview.VerifyNavigationToShiftViewPageTest@6fdbe764]" started-at="2026-08-17T11:20:34 IST" name="configAC" finished-at="2026-08-17T11:20:35 IST" duration-ms="911" status="PASS">
          <reporter-output>
          </reporter-output>
        </test-method> <!-- configAC -->
      </class> <!-- com.DowntimeShiftview.VerifyNavigationToShiftViewPageTest -->
      <class name="com.OEEDashBoard.VerifytheShiftproductionreportEquipemntwise">
        <test-method is-config="true" signature="configBC()[pri:0, instance:com.OEEDashBoard.VerifytheShiftproductionreportEquipemntwise@71ba6d4e]" started-at="2026-08-17T12:58:49 IST" name="configBC" finished-at="2026-08-17T12:58:51 IST" duration-ms="1561" status="PASS">
          <reporter-output>
          </reporter-output>
        </test-method> <!-- configBC -->
        <test-method is-config="true" signature="configBM()[pri:0, instance:com.OEEDashBoard.VerifytheShiftproductionreportEquipemntwise@71ba6d4e]" started-at="2026-08-17T12:58:51 IST" name="configBM" finished-at="2026-08-17T12:58:53 IST" duration-ms="1621" status="PASS">
          <reporter-output>
          </reporter-output>
        </test-method> <!-- configBM -->
        <test-method signature="VerifytheShiftproductionreportEquipemntwise()[pri:0, instance:com.OEEDashBoard.VerifytheShiftproductionreportEquipemntwise@71ba6d4e]" started-at="2026-08-17T12:58:53 IST" name="VerifytheShiftproductionreportEquipemntwise" finished-at="2026-08-17T12:59:13 IST" duration-ms="20426" status="PASS">
          <reporter-output>
          </reporter-output>
        </test-method> <!-- VerifytheShiftproductionreportEquipemntwise -->
        <test-method is-config="true" signature="configAM()[pri:0, instance:com.OEEDashBoard.VerifytheShiftproductionreportEquipemntwise@71ba6d4e]" started-at="2026-08-17T12:59:13 IST" name="configAM" finished-at="2026-08-17T12:59:13 IST" duration-ms="82" status="PASS">
          <reporter-output>
          </reporter-output>
        </test-method> <!-- configAM -->
        <test-method is-config="true" signature="configAC()[pri:0, instance:com.OEEDashBoard.VerifytheShiftproductionreportEquipemntwise@71ba6d4e]" started-at="2026-08-17T12:59:13 IST" name="configAC" finished-at="2026-08-17T12:59:14 IST" duration-ms="914" status="PASS">
          <reporter-output>
          </reporter-output>
        </test-method> <!-- configAC -->
      </class> <!-- com.OEEDashBoard.VerifytheShiftproductionreportEquipemntwise -->
      <class name="com.DowntimeModule.DowntimeDashboardDataValidationTest">
        <test-method is-config="true" signature="configBC()[pri:0, instance:com.DowntimeModule.DowntimeDashboardDataValidationTest@54a7079e]" started-at="2026-08-17T11:26:39 IST" name="configBC" finished-at="2026-08-17T11:26:42 IST" duration-ms="2886" status="PASS">
          <reporter-output>
          </reporter-output>
        </test-method> <!-- configBC -->
        <test-method is-config="true" signature="configBM()[pri:0, instance:com.DowntimeModule.DowntimeDashboardDataValidationTest@54a7079e]" started-at="2026-08-17T11:26:42 IST" name="configBM" finished-at="2026-08-17T11:26:44 IST" duration-ms="2138" status="PASS">
          <reporter-output>
          </reporter-output>
        </test-method> <!-- configBM -->
        <test-method signature="DowntimeDashboardDataValidationTest()[pri:0, instance:com.DowntimeModule.DowntimeDashboardDataValidationTest@54a7079e]" started-at="2026-08-17T11:26:44 IST" name="DowntimeDashboardDataValidationTest" finished-at="2026-08-17T11:27:01 IST" duration-ms="17312" status="PASS">
          <reporter-output>
          </reporter-output>
        </test-method> <!-- DowntimeDashboardDataValidationTest -->
        <test-method is-config="true" signature="configAM()[pri:0, instance:com.DowntimeModule.DowntimeDashboardDataValidationTest@54a7079e]" started-at="2026-08-17T11:27:01 IST" name="configAM" finished-at="2026-08-17T11:27:01 IST" duration-ms="217" status="PASS">
          <reporter-output>
          </reporter-output>
        </test-method> <!-- configAM -->
        <test-method is-config="true" signature="configAC()[pri:0, instance:com.DowntimeModule.DowntimeDashboardDataValidationTest@54a7079e]" started-at="2026-08-17T11:27:01 IST" name="configAC" finished-at="2026-08-17T11:27:02 IST" duration-ms="1025" status="PASS">
          <reporter-output>
          </reporter-output>
        </test-method> <!-- configAC -->
      </class> <!-- com.DowntimeModule.DowntimeDashboardDataValidationTest -->
      <class name="com.OverallSummary.VerifytheProductionLossAnalysisBarchart">
        <test-method is-config="true" signature="configBC()[pri:0, instance:com.OverallSummary.VerifytheProductionLossAnalysisBarchart@53fb3dab]" started-at="2026-08-17T11:57:05 IST" name="configBC" finished-at="2026-08-17T11:57:09 IST" duration-ms="3712" status="PASS">
          <reporter-output>
          </reporter-output>
        </test-method> <!-- configBC -->
        <test-method is-config="true" signature="configBM()[pri:0, instance:com.OverallSummary.VerifytheProductionLossAnalysisBarchart@53fb3dab]" started-at="2026-08-17T11:57:09 IST" name="configBM" finished-at="2026-08-17T11:57:12 IST" duration-ms="2638" status="PASS">
          <reporter-output>
          </reporter-output>
        </test-method> <!-- configBM -->
        <test-method signature="VerifytheProductionLossAnalysisBarchart()[pri:0, instance:com.OverallSummary.VerifytheProductionLossAnalysisBarchart@53fb3dab]" started-at="2026-08-17T11:57:12 IST" name="VerifytheProductionLossAnalysisBarchart" finished-at="2026-08-17T11:58:22 IST" duration-ms="69986" status="FAIL">
          <exception class="org.openqa.selenium.TimeoutException">
            <message>
              <![CDATA[Expected condition failed: waiting for visibility of all elements located by By.xpath: (//*[name()='svg']//*[contains(@class,'highcharts-point')])[1] (tried for 60 second(s) with 500 milliseconds interval)
Build info: version: '4.38.0', revision: '6b412e825c'
System info: os.name: 'Windows 11', os.arch: 'amd64', os.version: '10.0', java.version: '21.0.9'
Driver info: org.openqa.selenium.chrome.ChromeDriver
Capabilities {acceptInsecureCerts: false, browserName: chrome, browserVersion: 151.0.7922.138, chrome: {chromedriverVersion: 151.0.7922.138 (41fa8244239..., userDataDir: C:\Users\W066520\AppData\Lo...}, fedcm:accounts: true, goog:chromeOptions: {debuggerAddress: localhost:62078}, goog:processID: 23640, networkConnectionEnabled: false, pageLoadStrategy: normal, platformName: windows, proxy: Proxy(), se:cdp: ws://localhost:62078/devtoo..., se:cdpVersion: 151.0.7922.138, setWindowRect: true, strictFileInteractability: false, timeouts: {implicit: 0, pageLoad: 300000, script: 30000}, unhandledPromptBehavior: dismiss and notify, webauthn:extension:credBlob: true, webauthn:extension:largeBlob: true, webauthn:extension:minPinLength: true, webauthn:extension:prf: true, webauthn:virtualAuthenticators: true}
Session ID: af288a7ba271665c256733447955c19b]]>
            </message>
            <full-stacktrace>
              <![CDATA[org.openqa.selenium.TimeoutException: Expected condition failed: waiting for visibility of all elements located by By.xpath: (//*[name()='svg']//*[contains(@class,'highcharts-point')])[1] (tried for 60 second(s) with 500 milliseconds interval)
Build info: version: '4.38.0', revision: '6b412e825c'
System info: os.name: 'Windows 11', os.arch: 'amd64', os.version: '10.0', java.version: '21.0.9'
Driver info: org.openqa.selenium.chrome.ChromeDriver
Capabilities {acceptInsecureCerts: false, browserName: chrome, browserVersion: 151.0.7922.138, chrome: {chromedriverVersion: 151.0.7922.138 (41fa8244239..., userDataDir: C:\Users\W066520\AppData\Lo...}, fedcm:accounts: true, goog:chromeOptions: {debuggerAddress: localhost:62078}, goog:processID: 23640, networkConnectionEnabled: false, pageLoadStrategy: normal, platformName: windows, proxy: Proxy(), se:cdp: ws://localhost:62078/devtoo..., se:cdpVersion: 151.0.7922.138, setWindowRect: true, strictFileInteractability: false, timeouts: {implicit: 0, pageLoad: 300000, script: 30000}, unhandledPromptBehavior: dismiss and notify, webauthn:extension:credBlob: true, webauthn:extension:largeBlob: true, webauthn:extension:minPinLength: true, webauthn:extension:prf: true, webauthn:virtualAuthenticators: true}
Session ID: af288a7ba271665c256733447955c19b
at org.openqa.selenium.support.ui.WebDriverWait.timeoutException(WebDriverWait.java:84)
at org.openqa.selenium.support.ui.FluentWait.until(FluentWait.java:228)
at com.OverallSummary.VerifytheProductionLossAnalysisBarchart.VerifytheProductionLossAnalysisBarchart(VerifytheProductionLossAnalysisBarchart.java:115)
at java.base/jdk.internal.reflect.DirectMethodHandleAccessor.invoke(DirectMethodHandleAccessor.java:103)
at java.base/java.lang.reflect.Method.invoke(Method.java:580)
at org.testng.internal.invokers.MethodInvocationHelper.invokeMethod(MethodInvocationHelper.java:141)
at org.testng.internal.invokers.TestInvoker.invokeMethod(TestInvoker.java:687)
at org.testng.internal.invokers.TestInvoker.invokeTestMethod(TestInvoker.java:230)
at org.testng.internal.invokers.MethodRunner.runInSequence(MethodRunner.java:63)
at org.testng.internal.invokers.TestInvoker$MethodInvocationAgent.invoke(TestInvoker.java:995)
at org.testng.internal.invokers.TestInvoker.invokeTestMethods(TestInvoker.java:203)
at org.testng.internal.invokers.TestMethodWorker.invokeTestMethods(TestMethodWorker.java:154)
at org.testng.internal.invokers.TestMethodWorker.run(TestMethodWorker.java:134)
at java.base/java.util.ArrayList.forEach(ArrayList.java:1596)
at org.testng.TestRunner.privateRun(TestRunner.java:741)
at org.testng.TestRunner.run(TestRunner.java:616)
at org.testng.SuiteRunner.runTest(SuiteRunner.java:421)
at org.testng.SuiteRunner.runSequentially(SuiteRunner.java:413)
at org.testng.SuiteRunner.privateRun(SuiteRunner.java:373)
at org.testng.SuiteRunner.run(SuiteRunner.java:312)
at org.testng.SuiteRunnerWorker.runSuite(SuiteRunnerWorker.java:52)
at org.testng.SuiteRunnerWorker.run(SuiteRunnerWorker.java:95)
at org.testng.TestNG.runSuitesSequentially(TestNG.java:1274)
at org.testng.TestNG.runSuitesLocally(TestNG.java:1208)
at org.testng.TestNG.runSuites(TestNG.java:1112)
at org.testng.TestNG.run(TestNG.java:1079)
at org.testng.remote.AbstractRemoteTestNG.run(AbstractRemoteTestNG.java:115)
at org.testng.remote.RemoteTestNG.initAndRun(RemoteTestNG.java:293)
at org.testng.remote.RemoteTestNG.main(RemoteTestNG.java:91)
]]>
            </full-stacktrace>
          </exception> <!-- org.openqa.selenium.TimeoutException -->
          <reporter-output>
          </reporter-output>
        </test-method> <!-- VerifytheProductionLossAnalysisBarchart -->
        <test-method is-config="true" signature="configAM()[pri:0, instance:com.OverallSummary.VerifytheProductionLossAnalysisBarchart@53fb3dab]" started-at="2026-08-17T11:58:22 IST" name="configAM" finished-at="2026-08-17T11:58:22 IST" duration-ms="9" status="FAIL">
          <exception class="org.openqa.selenium.NoSuchWindowException">
            <message>
              <![CDATA[no such window: target window already closed
from unknown error: web view not found
  (Session info: chrome=151.0.7922.138)
Build info: version: '4.38.0', revision: '6b412e825c'
System info: os.name: 'Windows 11', os.arch: 'amd64', os.version: '10.0', java.version: '21.0.9'
Driver info: org.openqa.selenium.chrome.ChromeDriver
Command: [af288a7ba271665c256733447955c19b, findElement {value=//span[text()="Logout"], using=xpath}]
Capabilities {acceptInsecureCerts: false, browserName: chrome, browserVersion: 151.0.7922.138, chrome: {chromedriverVersion: 151.0.7922.138 (41fa8244239..., userDataDir: C:\Users\W066520\AppData\Lo...}, fedcm:accounts: true, goog:chromeOptions: {debuggerAddress: localhost:62078}, goog:processID: 23640, networkConnectionEnabled: false, pageLoadStrategy: normal, platformName: windows, proxy: Proxy(), se:cdp: ws://localhost:62078/devtoo..., se:cdpVersion: 151.0.7922.138, setWindowRect: true, strictFileInteractability: false, timeouts: {implicit: 0, pageLoad: 300000, script: 30000}, unhandledPromptBehavior: dismiss and notify, webauthn:extension:credBlob: true, webauthn:extension:largeBlob: true, webauthn:extension:minPinLength: true, webauthn:extension:prf: true, webauthn:virtualAuthenticators: true}
Session ID: af288a7ba271665c256733447955c19b]]>
            </message>
            <full-stacktrace>
              <![CDATA[org.openqa.selenium.NoSuchWindowException: no such window: target window already closed
from unknown error: web view not found
  (Session info: chrome=151.0.7922.138)
Build info: version: '4.38.0', revision: '6b412e825c'
System info: os.name: 'Windows 11', os.arch: 'amd64', os.version: '10.0', java.version: '21.0.9'
Driver info: org.openqa.selenium.chrome.ChromeDriver
Command: [af288a7ba271665c256733447955c19b, findElement {value=//span[text()="Logout"], using=xpath}]
Capabilities {acceptInsecureCerts: false, browserName: chrome, browserVersion: 151.0.7922.138, chrome: {chromedriverVersion: 151.0.7922.138 (41fa8244239..., userDataDir: C:\Users\W066520\AppData\Lo...}, fedcm:accounts: true, goog:chromeOptions: {debuggerAddress: localhost:62078}, goog:processID: 23640, networkConnectionEnabled: false, pageLoadStrategy: normal, platformName: windows, proxy: Proxy(), se:cdp: ws://localhost:62078/devtoo..., se:cdpVersion: 151.0.7922.138, setWindowRect: true, strictFileInteractability: false, timeouts: {implicit: 0, pageLoad: 300000, script: 30000}, unhandledPromptBehavior: dismiss and notify, webauthn:extension:credBlob: true, webauthn:extension:largeBlob: true, webauthn:extension:minPinLength: true, webauthn:extension:prf: true, webauthn:virtualAuthenticators: true}
Session ID: af288a7ba271665c256733447955c19b
at java.base/jdk.internal.reflect.DirectConstructorHandleAccessor.newInstance(DirectConstructorHandleAccessor.java:62)
at java.base/java.lang.reflect.Constructor.newInstanceWithCaller(Constructor.java:502)
at java.base/java.lang.reflect.Constructor.newInstance(Constructor.java:486)
at org.openqa.selenium.remote.ErrorCodec.decode(ErrorCodec.java:167)
at org.openqa.selenium.remote.codec.w3c.W3CHttpResponseCodec.decode(W3CHttpResponseCodec.java:138)
at org.openqa.selenium.remote.codec.w3c.W3CHttpResponseCodec.decode(W3CHttpResponseCodec.java:50)
at org.openqa.selenium.remote.HttpCommandExecutor.execute(HttpCommandExecutor.java:215)
at org.openqa.selenium.remote.service.DriverCommandExecutor.invokeExecute(DriverCommandExecutor.java:216)
at org.openqa.selenium.remote.service.DriverCommandExecutor.execute(DriverCommandExecutor.java:174)
at org.openqa.selenium.remote.RemoteWebDriver.execute(RemoteWebDriver.java:557)
at org.openqa.selenium.remote.ElementLocation$ElementFinder$2.findElement(ElementLocation.java:165)
at org.openqa.selenium.remote.ElementLocation.findElement(ElementLocation.java:59)
at org.openqa.selenium.remote.RemoteWebDriver.findElement(RemoteWebDriver.java:380)
at org.openqa.selenium.remote.RemoteWebDriver.findElement(RemoteWebDriver.java:374)
at org.openqa.selenium.support.pagefactory.DefaultElementLocator.findElement(DefaultElementLocator.java:68)
at org.openqa.selenium.support.pagefactory.internal.LocatingElementHandler.invoke(LocatingElementHandler.java:38)
at jdk.proxy2/jdk.proxy2.$Proxy15.click(Unknown Source)
at com.sgplus.erp.genericutility.BaseClass.configAM(BaseClass.java:65)
at java.base/jdk.internal.reflect.DirectMethodHandleAccessor.invoke(DirectMethodHandleAccessor.java:103)
at java.base/java.lang.reflect.Method.invoke(Method.java:580)
at org.testng.internal.invokers.MethodInvocationHelper.invokeMethod(MethodInvocationHelper.java:141)
at org.testng.internal.invokers.MethodInvocationHelper.invokeMethodConsideringTimeout(MethodInvocationHelper.java:71)
at org.testng.internal.invokers.ConfigInvoker.invokeConfigurationMethod(ConfigInvoker.java:400)
at org.testng.internal.invokers.ConfigInvoker.invokeConfigurations(ConfigInvoker.java:333)
at org.testng.internal.invokers.TestInvoker.runConfigMethods(TestInvoker.java:836)
at org.testng.internal.invokers.TestInvoker.runAfterConfigurations(TestInvoker.java:805)
at org.testng.internal.invokers.TestInvoker.invokeMethod(TestInvoker.java:781)
at org.testng.internal.invokers.TestInvoker.invokeTestMethod(TestInvoker.java:230)
at org.testng.internal.invokers.MethodRunner.runInSequence(MethodRunner.java:63)
at org.testng.internal.invokers.TestInvoker$MethodInvocationAgent.invoke(TestInvoker.java:995)
at org.testng.internal.invokers.TestInvoker.invokeTestMethods(TestInvoker.java:203)
at org.testng.internal.invokers.TestMethodWorker.invokeTestMethods(TestMethodWorker.java:154)
at org.testng.internal.invokers.TestMethodWorker.run(TestMethodWorker.java:134)
at java.base/java.util.ArrayList.forEach(ArrayList.java:1596)
at org.testng.TestRunner.privateRun(TestRunner.java:741)
at org.testng.TestRunner.run(TestRunner.java:616)
at org.testng.SuiteRunner.runTest(SuiteRunner.java:421)
at org.testng.SuiteRunner.runSequentially(SuiteRunner.java:413)
at org.testng.SuiteRunner.privateRun(SuiteRunner.java:373)
at org.testng.SuiteRunner.run(SuiteRunner.java:312)
at org.testng.SuiteRunnerWorker.runSuite(SuiteRunnerWorker.java:52)
at org.testng.SuiteRunnerWorker.run(SuiteRunnerWorker.java:95)
at org.testng.TestNG.runSuitesSequentially(TestNG.java:1274)
at org.testng.TestNG.runSuitesLocally(TestNG.java:1208)
at org.testng.TestNG.runSuites(TestNG.java:1112)
at org.testng.TestNG.run(TestNG.java:1079)
at org.testng.remote.AbstractRemoteTestNG.run(AbstractRemoteTestNG.java:115)
at org.testng.remote.RemoteTestNG.initAndRun(RemoteTestNG.java:293)
at org.testng.remote.RemoteTestNG.main(RemoteTestNG.java:91)
]]>
            </full-stacktrace>
          </exception> <!-- org.openqa.selenium.NoSuchWindowException -->
          <reporter-output>
          </reporter-output>
        </test-method> <!-- configAM -->
        <test-method is-config="true" signature="configAC()[pri:0, instance:com.OverallSummary.VerifytheProductionLossAnalysisBarchart@53fb3dab]" started-at="2026-08-17T11:58:22 IST" name="configAC" finished-at="2026-08-17T11:58:22 IST" duration-ms="0" status="SKIP">
          <reporter-output>
          </reporter-output>
        </test-method> <!-- configAC -->
      </class> <!-- com.OverallSummary.VerifytheProductionLossAnalysisBarchart -->
      <class name="com.ReasonLinkingPage.ReasonLinkingFilterDataValidationTest">
        <test-method is-config="true" signature="configBC()[pri:0, instance:com.ReasonLinkingPage.ReasonLinkingFilterDataValidationTest@4f80542f]" started-at="2026-08-17T12:17:23 IST" name="configBC" finished-at="2026-08-17T12:17:24 IST" duration-ms="1324" status="PASS">
          <reporter-output>
          </reporter-output>
        </test-method> <!-- configBC -->
        <test-method is-config="true" signature="configBM()[pri:0, instance:com.ReasonLinkingPage.ReasonLinkingFilterDataValidationTest@4f80542f]" started-at="2026-08-17T12:17:24 IST" name="configBM" finished-at="2026-08-17T12:17:26 IST" duration-ms="1430" status="PASS">
          <reporter-output>
          </reporter-output>
        </test-method> <!-- configBM -->
        <test-method signature="ReasonLinkingFilterDataValidationTest()[pri:0, instance:com.ReasonLinkingPage.ReasonLinkingFilterDataValidationTest@4f80542f]" started-at="2026-08-17T12:17:26 IST" name="ReasonLinkingFilterDataValidationTest" finished-at="2026-08-17T12:17:30 IST" duration-ms="4431" status="PASS">
          <reporter-output>
          </reporter-output>
        </test-method> <!-- ReasonLinkingFilterDataValidationTest -->
        <test-method is-config="true" signature="configAM()[pri:0, instance:com.ReasonLinkingPage.ReasonLinkingFilterDataValidationTest@4f80542f]" started-at="2026-08-17T12:17:30 IST" name="configAM" finished-at="2026-08-17T12:17:30 IST" duration-ms="50" status="PASS">
          <reporter-output>
          </reporter-output>
        </test-method> <!-- configAM -->
        <test-method is-config="true" signature="configAC()[pri:0, instance:com.ReasonLinkingPage.ReasonLinkingFilterDataValidationTest@4f80542f]" started-at="2026-08-17T12:17:30 IST" name="configAC" finished-at="2026-08-17T12:17:30 IST" duration-ms="468" status="PASS">
          <reporter-output>
          </reporter-output>
        </test-method> <!-- configAC -->
      </class> <!-- com.ReasonLinkingPage.ReasonLinkingFilterDataValidationTest -->
      <class name="com.ReasonLinkingPage.ReasonLinkingUnlinkedExportTest">
        <test-method is-config="true" signature="configBC()[pri:0, instance:com.ReasonLinkingPage.ReasonLinkingUnlinkedExportTest@5d534f5d]" started-at="2026-08-17T12:58:36 IST" name="configBC" finished-at="2026-08-17T12:58:37 IST" duration-ms="1324" status="PASS">
          <reporter-output>
          </reporter-output>
        </test-method> <!-- configBC -->
        <test-method is-config="true" signature="configBM()[pri:0, instance:com.ReasonLinkingPage.ReasonLinkingUnlinkedExportTest@5d534f5d]" started-at="2026-08-17T12:58:37 IST" name="configBM" finished-at="2026-08-17T12:58:38 IST" duration-ms="1366" status="PASS">
          <reporter-output>
          </reporter-output>
        </test-method> <!-- configBM -->
        <test-method signature="ReasonLinkingUnlinkedExportTest()[pri:0, instance:com.ReasonLinkingPage.ReasonLinkingUnlinkedExportTest@5d534f5d]" started-at="2026-08-17T12:58:38 IST" name="ReasonLinkingUnlinkedExportTest" finished-at="2026-08-17T12:58:48 IST" duration-ms="9510" status="PASS">
          <reporter-output>
          </reporter-output>
        </test-method> <!-- ReasonLinkingUnlinkedExportTest -->
        <test-method is-config="true" signature="configAM()[pri:0, instance:com.ReasonLinkingPage.ReasonLinkingUnlinkedExportTest@5d534f5d]" started-at="2026-08-17T12:58:48 IST" name="configAM" finished-at="2026-08-17T12:58:49 IST" duration-ms="973" status="PASS">
          <reporter-output>
          </reporter-output>
        </test-method> <!-- configAM -->
        <test-method is-config="true" signature="configAC()[pri:0, instance:com.ReasonLinkingPage.ReasonLinkingUnlinkedExportTest@5d534f5d]" started-at="2026-08-17T12:58:49 IST" name="configAC" finished-at="2026-08-17T12:58:49 IST" duration-ms="503" status="PASS">
          <reporter-output>
          </reporter-output>
        </test-method> <!-- configAC -->
      </class> <!-- com.ReasonLinkingPage.ReasonLinkingUnlinkedExportTest -->
      <class name="com.Settings.Departements.verifyEditDepartmenTest">
        <test-method is-config="true" signature="configBC()[pri:0, instance:com.Settings.Departements.verifyEditDepartmenTest@25641d39]" started-at="2026-08-17T11:43:16 IST" name="configBC" finished-at="2026-08-17T11:43:18 IST" duration-ms="2812" status="PASS">
          <reporter-output>
          </reporter-output>
        </test-method> <!-- configBC -->
        <test-method is-config="true" signature="configBM()[pri:0, instance:com.Settings.Departements.verifyEditDepartmenTest@25641d39]" started-at="2026-08-17T11:43:18 IST" name="configBM" finished-at="2026-08-17T11:43:20 IST" duration-ms="1815" status="PASS">
          <reporter-output>
          </reporter-output>
        </test-method> <!-- configBM -->
        <test-method signature="verifyEditDepartmenTest()[pri:0, instance:com.Settings.Departements.verifyEditDepartmenTest@25641d39]" started-at="2026-08-17T11:43:20 IST" name="verifyEditDepartmenTest" finished-at="2026-08-17T11:43:44 IST" duration-ms="23737" status="PASS">
          <reporter-output>
          </reporter-output>
        </test-method> <!-- verifyEditDepartmenTest -->
        <test-method is-config="true" signature="configAM()[pri:0, instance:com.Settings.Departements.verifyEditDepartmenTest@25641d39]" started-at="2026-08-17T11:43:44 IST" name="configAM" finished-at="2026-08-17T11:43:44 IST" duration-ms="82" status="PASS">
          <reporter-output>
          </reporter-output>
        </test-method> <!-- configAM -->
        <test-method is-config="true" signature="configAC()[pri:0, instance:com.Settings.Departements.verifyEditDepartmenTest@25641d39]" started-at="2026-08-17T11:43:44 IST" name="configAC" finished-at="2026-08-17T11:43:45 IST" duration-ms="982" status="PASS">
          <reporter-output>
          </reporter-output>
        </test-method> <!-- configAC -->
      </class> <!-- com.Settings.Departements.verifyEditDepartmenTest -->
      <class name="com.DowntimeEnhacementPage.DowntimeEnhacementTableExportTest">
        <test-method is-config="true" signature="configBC()[pri:0, instance:com.DowntimeEnhacementPage.DowntimeEnhacementTableExportTest@70e9c95d]" started-at="2026-08-17T11:20:09 IST" name="configBC" finished-at="2026-08-17T11:20:12 IST" duration-ms="2714" status="PASS">
          <reporter-output>
          </reporter-output>
        </test-method> <!-- configBC -->
        <test-method is-config="true" signature="configBM()[pri:0, instance:com.DowntimeEnhacementPage.DowntimeEnhacementTableExportTest@70e9c95d]" started-at="2026-08-17T11:20:12 IST" name="configBM" finished-at="2026-08-17T11:20:14 IST" duration-ms="2219" status="PASS">
          <reporter-output>
          </reporter-output>
        </test-method> <!-- configBM -->
        <test-method signature="DowntimeEnhacementTableExport()[pri:0, instance:com.DowntimeEnhacementPage.DowntimeEnhacementTableExportTest@70e9c95d]" started-at="2026-08-17T11:20:14 IST" name="DowntimeEnhacementTableExport" finished-at="2026-08-17T11:20:22 IST" duration-ms="7232" status="PASS">
          <reporter-output>
          </reporter-output>
        </test-method> <!-- DowntimeEnhacementTableExport -->
        <test-method is-config="true" signature="configAM()[pri:0, instance:com.DowntimeEnhacementPage.DowntimeEnhacementTableExportTest@70e9c95d]" started-at="2026-08-17T11:20:22 IST" name="configAM" finished-at="2026-08-17T11:20:22 IST" duration-ms="292" status="PASS">
          <reporter-output>
          </reporter-output>
        </test-method> <!-- configAM -->
        <test-method is-config="true" signature="configAC()[pri:0, instance:com.DowntimeEnhacementPage.DowntimeEnhacementTableExportTest@70e9c95d]" started-at="2026-08-17T11:20:22 IST" name="configAC" finished-at="2026-08-17T11:20:23 IST" duration-ms="818" status="PASS">
          <reporter-output>
          </reporter-output>
        </test-method> <!-- configAC -->
      </class> <!-- com.DowntimeEnhacementPage.DowntimeEnhacementTableExportTest -->
      <class name="com.DowntimeShiftview.VerifyShiftViewPageDataTest">
        <test-method is-config="true" signature="configBC()[pri:0, instance:com.DowntimeShiftview.VerifyShiftViewPageDataTest@52719fb6]" started-at="2026-08-17T12:08:50 IST" name="configBC" finished-at="2026-08-17T12:08:53 IST" duration-ms="2912" status="PASS">
          <reporter-output>
          </reporter-output>
        </test-method> <!-- configBC -->
        <test-method is-config="true" signature="configBM()[pri:0, instance:com.DowntimeShiftview.VerifyShiftViewPageDataTest@52719fb6]" started-at="2026-08-17T12:08:53 IST" name="configBM" finished-at="2026-08-17T12:08:55 IST" duration-ms="1967" status="PASS">
          <reporter-output>
          </reporter-output>
        </test-method> <!-- configBM -->
        <test-method signature="VerifyShiftViewPageDataTest()[pri:0, instance:com.DowntimeShiftview.VerifyShiftViewPageDataTest@52719fb6]" started-at="2026-08-17T12:08:55 IST" name="VerifyShiftViewPageDataTest" finished-at="2026-08-17T12:09:01 IST" duration-ms="6404" status="PASS">
          <reporter-output>
          </reporter-output>
        </test-method> <!-- VerifyShiftViewPageDataTest -->
        <test-method is-config="true" signature="configAM()[pri:0, instance:com.DowntimeShiftview.VerifyShiftViewPageDataTest@52719fb6]" started-at="2026-08-17T12:09:01 IST" name="configAM" finished-at="2026-08-17T12:09:01 IST" duration-ms="157" status="PASS">
          <reporter-output>
          </reporter-output>
        </test-method> <!-- configAM -->
        <test-method is-config="true" signature="configAC()[pri:0, instance:com.DowntimeShiftview.VerifyShiftViewPageDataTest@52719fb6]" started-at="2026-08-17T12:09:01 IST" name="configAC" finished-at="2026-08-17T12:09:02 IST" duration-ms="1079" status="PASS">
          <reporter-output>
          </reporter-output>
        </test-method> <!-- configAC -->
      </class> <!-- com.DowntimeShiftview.VerifyShiftViewPageDataTest -->
      <class name="com.RoleCreateModule.VerifytheAddRoleFunctionality">
        <test-method is-config="true" signature="configBC()[pri:0, instance:com.RoleCreateModule.VerifytheAddRoleFunctionality@f78a47e]" started-at="2026-08-17T11:23:49 IST" name="configBC" finished-at="2026-08-17T11:23:52 IST" duration-ms="3173" status="PASS">
          <reporter-output>
          </reporter-output>
        </test-method> <!-- configBC -->
        <test-method is-config="true" signature="configBM()[pri:0, instance:com.RoleCreateModule.VerifytheAddRoleFunctionality@f78a47e]" started-at="2026-08-17T11:23:52 IST" name="configBM" finished-at="2026-08-17T11:23:54 IST" duration-ms="2022" status="PASS">
          <reporter-output>
          </reporter-output>
        </test-method> <!-- configBM -->
        <test-method signature="VerifytheAddRoleFunctionality()[pri:0, instance:com.RoleCreateModule.VerifytheAddRoleFunctionality@f78a47e]" started-at="2026-08-17T11:23:54 IST" name="VerifytheAddRoleFunctionality" finished-at="2026-08-17T11:24:04 IST" duration-ms="9119" status="PASS">
          <reporter-output>
          </reporter-output>
        </test-method> <!-- VerifytheAddRoleFunctionality -->
        <test-method is-config="true" signature="configAM()[pri:0, instance:com.RoleCreateModule.VerifytheAddRoleFunctionality@f78a47e]" started-at="2026-08-17T11:24:04 IST" name="configAM" finished-at="2026-08-17T11:24:04 IST" duration-ms="517" status="PASS">
          <reporter-output>
          </reporter-output>
        </test-method> <!-- configAM -->
        <test-method is-config="true" signature="configAC()[pri:0, instance:com.RoleCreateModule.VerifytheAddRoleFunctionality@f78a47e]" started-at="2026-08-17T11:24:04 IST" name="configAC" finished-at="2026-08-17T11:24:07 IST" duration-ms="2570" status="PASS">
          <reporter-output>
          </reporter-output>
        </test-method> <!-- configAC -->
      </class> <!-- com.RoleCreateModule.VerifytheAddRoleFunctionality -->
      <class name="com.AddAssociates.VerifytheAddAssociatesPageNavigation">
        <test-method is-config="true" signature="configBC()[pri:0, instance:com.AddAssociates.VerifytheAddAssociatesPageNavigation@27406a17]" started-at="2026-08-17T12:20:27 IST" name="configBC" finished-at="2026-08-17T12:20:28 IST" duration-ms="1726" status="PASS">
          <reporter-output>
          </reporter-output>
        </test-method> <!-- configBC -->
        <test-method is-config="true" signature="configBM()[pri:0, instance:com.AddAssociates.VerifytheAddAssociatesPageNavigation@27406a17]" started-at="2026-08-17T12:20:28 IST" name="configBM" finished-at="2026-08-17T12:20:30 IST" duration-ms="1516" status="PASS">
          <reporter-output>
          </reporter-output>
        </test-method> <!-- configBM -->
        <test-method signature="VerifytheAddAssociatesPageNavigation()[pri:0, instance:com.AddAssociates.VerifytheAddAssociatesPageNavigation@27406a17]" started-at="2026-08-17T12:20:30 IST" name="VerifytheAddAssociatesPageNavigation" finished-at="2026-08-17T12:20:32 IST" duration-ms="2004" status="PASS">
          <reporter-output>
          </reporter-output>
        </test-method> <!-- VerifytheAddAssociatesPageNavigation -->
        <test-method is-config="true" signature="configAM()[pri:0, instance:com.AddAssociates.VerifytheAddAssociatesPageNavigation@27406a17]" started-at="2026-08-17T12:20:32 IST" name="configAM" finished-at="2026-08-17T12:20:32 IST" duration-ms="79" status="PASS">
          <reporter-output>
          </reporter-output>
        </test-method> <!-- configAM -->
        <test-method is-config="true" signature="configAC()[pri:0, instance:com.AddAssociates.VerifytheAddAssociatesPageNavigation@27406a17]" started-at="2026-08-17T12:20:32 IST" name="configAC" finished-at="2026-08-17T12:20:32 IST" duration-ms="548" status="PASS">
          <reporter-output>
          </reporter-output>
        </test-method> <!-- configAC -->
      </class> <!-- com.AddAssociates.VerifytheAddAssociatesPageNavigation -->
      <class name="com.UserCreate.VerifytheonlySingleGroupToUser">
        <test-method is-config="true" signature="configBC()[pri:0, instance:com.UserCreate.VerifytheonlySingleGroupToUser@2e385cce]" started-at="2026-08-17T12:23:15 IST" name="configBC" finished-at="2026-08-17T12:23:16 IST" duration-ms="1281" status="PASS">
          <reporter-output>
          </reporter-output>
        </test-method> <!-- configBC -->
        <test-method is-config="true" signature="configBM()[pri:0, instance:com.UserCreate.VerifytheonlySingleGroupToUser@2e385cce]" started-at="2026-08-17T12:23:16 IST" name="configBM" finished-at="2026-08-17T12:23:17 IST" duration-ms="1344" status="PASS">
          <reporter-output>
          </reporter-output>
        </test-method> <!-- configBM -->
        <test-method signature="VerifytheonlySingleGroupToUser()[pri:0, instance:com.UserCreate.VerifytheonlySingleGroupToUser@2e385cce]" started-at="2026-08-17T12:23:17 IST" name="VerifytheonlySingleGroupToUser" finished-at="2026-08-17T12:23:27 IST" duration-ms="10227" status="PASS">
          <reporter-output>
          </reporter-output>
        </test-method> <!-- VerifytheonlySingleGroupToUser -->
        <test-method is-config="true" signature="configAM()[pri:0, instance:com.UserCreate.VerifytheonlySingleGroupToUser@2e385cce]" started-at="2026-08-17T12:23:27 IST" name="configAM" finished-at="2026-08-17T12:23:28 IST" duration-ms="541" status="PASS">
          <reporter-output>
          </reporter-output>
        </test-method> <!-- configAM -->
        <test-method is-config="true" signature="configAC()[pri:0, instance:com.UserCreate.VerifytheonlySingleGroupToUser@2e385cce]" started-at="2026-08-17T12:23:28 IST" name="configAC" finished-at="2026-08-17T12:23:28 IST" duration-ms="498" status="PASS">
          <reporter-output>
          </reporter-output>
        </test-method> <!-- configAC -->
      </class> <!-- com.UserCreate.VerifytheonlySingleGroupToUser -->
      <class name="com.Settings.DepartmentGroup.verifyMTTRMTBFSourceRadioButtonsTest">
        <test-method is-config="true" signature="configBC()[pri:0, instance:com.Settings.DepartmentGroup.verifyMTTRMTBFSourceRadioButtonsTest@229c6181]" started-at="2026-08-17T12:09:33 IST" name="configBC" finished-at="2026-08-17T12:09:36 IST" duration-ms="3063" status="PASS">
          <reporter-output>
          </reporter-output>
        </test-method> <!-- configBC -->
        <test-method is-config="true" signature="configBM()[pri:0, instance:com.Settings.DepartmentGroup.verifyMTTRMTBFSourceRadioButtonsTest@229c6181]" started-at="2026-08-17T12:09:36 IST" name="configBM" finished-at="2026-08-17T12:09:38 IST" duration-ms="1901" status="PASS">
          <reporter-output>
          </reporter-output>
        </test-method> <!-- configBM -->
        <test-method signature="verifyAddDepartmentGroupTest()[pri:0, instance:com.Settings.DepartmentGroup.verifyMTTRMTBFSourceRadioButtonsTest@229c6181]" started-at="2026-08-17T12:09:38 IST" name="verifyAddDepartmentGroupTest" finished-at="2026-08-17T12:10:03 IST" duration-ms="24948" status="PASS">
          <reporter-output>
          </reporter-output>
        </test-method> <!-- verifyAddDepartmentGroupTest -->
        <test-method is-config="true" signature="configAM()[pri:0, instance:com.Settings.DepartmentGroup.verifyMTTRMTBFSourceRadioButtonsTest@229c6181]" started-at="2026-08-17T12:10:03 IST" name="configAM" finished-at="2026-08-17T12:10:03 IST" duration-ms="120" status="PASS">
          <reporter-output>
          </reporter-output>
        </test-method> <!-- configAM -->
        <test-method is-config="true" signature="configAC()[pri:0, instance:com.Settings.DepartmentGroup.verifyMTTRMTBFSourceRadioButtonsTest@229c6181]" started-at="2026-08-17T12:10:03 IST" name="configAC" finished-at="2026-08-17T12:10:04 IST" duration-ms="1115" status="PASS">
          <reporter-output>
          </reporter-output>
        </test-method> <!-- configAC -->
      </class> <!-- com.Settings.DepartmentGroup.verifyMTTRMTBFSourceRadioButtonsTest -->
      <class name="com.OEETarget.VerifyCloseBulkLinkingFunctionality">
        <test-method is-config="true" signature="configBC()[pri:0, instance:com.OEETarget.VerifyCloseBulkLinkingFunctionality@1cf6d1be]" started-at="2026-08-17T11:25:08 IST" name="configBC" finished-at="2026-08-17T11:25:11 IST" duration-ms="2584" status="PASS">
          <reporter-output>
          </reporter-output>
        </test-method> <!-- configBC -->
        <test-method is-config="true" signature="configBM()[pri:0, instance:com.OEETarget.VerifyCloseBulkLinkingFunctionality@1cf6d1be]" started-at="2026-08-17T11:25:11 IST" name="configBM" finished-at="2026-08-17T11:25:13 IST" duration-ms="2078" status="PASS">
          <reporter-output>
          </reporter-output>
        </test-method> <!-- configBM -->
        <test-method signature="VerifyCloseBulkLinkingFunctionality()[pri:0, instance:com.OEETarget.VerifyCloseBulkLinkingFunctionality@1cf6d1be]" started-at="2026-08-17T11:25:13 IST" name="VerifyCloseBulkLinkingFunctionality" finished-at="2026-08-17T11:26:19 IST" duration-ms="65479" status="PASS">
          <reporter-output>
          </reporter-output>
        </test-method> <!-- VerifyCloseBulkLinkingFunctionality -->
        <test-method is-config="true" signature="configAM()[pri:0, instance:com.OEETarget.VerifyCloseBulkLinkingFunctionality@1cf6d1be]" started-at="2026-08-17T11:26:19 IST" name="configAM" finished-at="2026-08-17T11:26:19 IST" duration-ms="121" status="PASS">
          <reporter-output>
          </reporter-output>
        </test-method> <!-- configAM -->
        <test-method is-config="true" signature="configAC()[pri:0, instance:com.OEETarget.VerifyCloseBulkLinkingFunctionality@1cf6d1be]" started-at="2026-08-17T11:26:19 IST" name="configAC" finished-at="2026-08-17T11:26:20 IST" duration-ms="1027" status="PASS">
          <reporter-output>
          </reporter-output>
        </test-method> <!-- configAC -->
      </class> <!-- com.OEETarget.VerifyCloseBulkLinkingFunctionality -->
      <class name="com.UserCreate.VerifyAssignOnlySingleAreaToUser">
        <test-method is-config="true" signature="configBC()[pri:0, instance:com.UserCreate.VerifyAssignOnlySingleAreaToUser@2892d68]" started-at="2026-08-17T11:30:22 IST" name="configBC" finished-at="2026-08-17T11:30:24 IST" duration-ms="2502" status="PASS">
          <reporter-output>
          </reporter-output>
        </test-method> <!-- configBC -->
        <test-method is-config="true" signature="configBM()[pri:0, instance:com.UserCreate.VerifyAssignOnlySingleAreaToUser@2892d68]" started-at="2026-08-17T11:30:24 IST" name="configBM" finished-at="2026-08-17T11:30:26 IST" duration-ms="2049" status="PASS">
          <reporter-output>
          </reporter-output>
        </test-method> <!-- configBM -->
        <test-method signature="VerifyAssignOnlySingleAreaToUser()[pri:0, instance:com.UserCreate.VerifyAssignOnlySingleAreaToUser@2892d68]" started-at="2026-08-17T11:30:26 IST" name="VerifyAssignOnlySingleAreaToUser" finished-at="2026-08-17T11:30:37 IST" duration-ms="10908" status="PASS">
          <reporter-output>
          </reporter-output>
        </test-method> <!-- VerifyAssignOnlySingleAreaToUser -->
        <test-method is-config="true" signature="configAM()[pri:0, instance:com.UserCreate.VerifyAssignOnlySingleAreaToUser@2892d68]" started-at="2026-08-17T11:30:37 IST" name="configAM" finished-at="2026-08-17T11:30:38 IST" duration-ms="516" status="PASS">
          <reporter-output>
          </reporter-output>
        </test-method> <!-- configAM -->
        <test-method is-config="true" signature="configAC()[pri:0, instance:com.UserCreate.VerifyAssignOnlySingleAreaToUser@2892d68]" started-at="2026-08-17T11:30:38 IST" name="configAC" finished-at="2026-08-17T11:30:39 IST" duration-ms="914" status="PASS">
          <reporter-output>
          </reporter-output>
        </test-method> <!-- configAC -->
      </class> <!-- com.UserCreate.VerifyAssignOnlySingleAreaToUser -->
      <class name="com.CycleTimeDashboard.VeriftyheExportFeatureBySelectingEquipement">
        <test-method is-config="true" signature="configBC()[pri:0, instance:com.CycleTimeDashboard.VeriftyheExportFeatureBySelectingEquipement@59505b48]" started-at="2026-08-17T11:27:14 IST" name="configBC" finished-at="2026-08-17T11:27:17 IST" duration-ms="2654" status="PASS">
          <reporter-output>
          </reporter-output>
        </test-method> <!-- configBC -->
        <test-method is-config="true" signature="configBM()[pri:0, instance:com.CycleTimeDashboard.VeriftyheExportFeatureBySelectingEquipement@59505b48]" started-at="2026-08-17T11:27:17 IST" name="configBM" finished-at="2026-08-17T11:27:19 IST" duration-ms="1962" status="PASS">
          <reporter-output>
          </reporter-output>
        </test-method> <!-- configBM -->
        <test-method signature="VeriftyheExportFeatureBySelectingEquipement()[pri:0, instance:com.CycleTimeDashboard.VeriftyheExportFeatureBySelectingEquipement@59505b48]" started-at="2026-08-17T11:27:19 IST" name="VeriftyheExportFeatureBySelectingEquipement" finished-at="2026-08-17T11:27:39 IST" duration-ms="20270" status="PASS">
          <reporter-output>
          </reporter-output>
        </test-method> <!-- VeriftyheExportFeatureBySelectingEquipement -->
        <test-method is-config="true" signature="configAM()[pri:0, instance:com.CycleTimeDashboard.VeriftyheExportFeatureBySelectingEquipement@59505b48]" started-at="2026-08-17T11:27:39 IST" name="configAM" finished-at="2026-08-17T11:27:39 IST" duration-ms="167" status="PASS">
          <reporter-output>
          </reporter-output>
        </test-method> <!-- configAM -->
        <test-method is-config="true" signature="configAC()[pri:0, instance:com.CycleTimeDashboard.VeriftyheExportFeatureBySelectingEquipement@59505b48]" started-at="2026-08-17T11:27:39 IST" name="configAC" finished-at="2026-08-17T11:27:42 IST" duration-ms="2864" status="PASS">
          <reporter-output>
          </reporter-output>
        </test-method> <!-- configAC -->
      </class> <!-- com.CycleTimeDashboard.VeriftyheExportFeatureBySelectingEquipement -->
      <class name="com.AddAssociates.VerifyAddAssociatesBtn">
        <test-method is-config="true" signature="configBC()[pri:0, instance:com.AddAssociates.VerifyAddAssociatesBtn@25ce9dc4]" started-at="2026-08-17T11:38:17 IST" name="configBC" finished-at="2026-08-17T11:38:20 IST" duration-ms="3253" status="PASS">
          <reporter-output>
          </reporter-output>
        </test-method> <!-- configBC -->
        <test-method is-config="true" signature="configBM()[pri:0, instance:com.AddAssociates.VerifyAddAssociatesBtn@25ce9dc4]" started-at="2026-08-17T11:38:20 IST" name="configBM" finished-at="2026-08-17T11:38:22 IST" duration-ms="2269" status="PASS">
          <reporter-output>
          </reporter-output>
        </test-method> <!-- configBM -->
        <test-method signature="VerifyAddAssociatesBtn()[pri:0, instance:com.AddAssociates.VerifyAddAssociatesBtn@25ce9dc4]" started-at="2026-08-17T11:38:22 IST" name="VerifyAddAssociatesBtn" finished-at="2026-08-17T11:38:25 IST" duration-ms="2743" status="PASS">
          <reporter-output>
          </reporter-output>
        </test-method> <!-- VerifyAddAssociatesBtn -->
        <test-method is-config="true" signature="configAM()[pri:0, instance:com.AddAssociates.VerifyAddAssociatesBtn@25ce9dc4]" started-at="2026-08-17T11:38:25 IST" name="configAM" finished-at="2026-08-17T11:38:25 IST" duration-ms="140" status="PASS">
          <reporter-output>
          </reporter-output>
        </test-method> <!-- configAM -->
        <test-method is-config="true" signature="configAC()[pri:0, instance:com.AddAssociates.VerifyAddAssociatesBtn@25ce9dc4]" started-at="2026-08-17T11:38:25 IST" name="configAC" finished-at="2026-08-17T11:38:26 IST" duration-ms="976" status="PASS">
          <reporter-output>
          </reporter-output>
        </test-method> <!-- configAC -->
      </class> <!-- com.AddAssociates.VerifyAddAssociatesBtn -->
      <class name="com.OEEDashBoard.VerifythEWorstperfmingMachineName">
        <test-method is-config="true" signature="configBC()[pri:0, instance:com.OEEDashBoard.VerifythEWorstperfmingMachineName@63376bed]" started-at="2026-08-17T13:03:08 IST" name="configBC" finished-at="2026-08-17T13:03:10 IST" duration-ms="2211" status="PASS">
          <reporter-output>
          </reporter-output>
        </test-method> <!-- configBC -->
        <test-method is-config="true" signature="configBM()[pri:0, instance:com.OEEDashBoard.VerifythEWorstperfmingMachineName@63376bed]" started-at="2026-08-17T13:03:10 IST" name="configBM" finished-at="2026-08-17T13:03:12 IST" duration-ms="1870" status="PASS">
          <reporter-output>
          </reporter-output>
        </test-method> <!-- configBM -->
        <test-method signature="VerifyDisplaytheBestPerformingMachine()[pri:0, instance:com.OEEDashBoard.VerifythEWorstperfmingMachineName@63376bed]" started-at="2026-08-17T13:03:12 IST" name="VerifyDisplaytheBestPerformingMachine" finished-at="2026-08-17T13:03:28 IST" duration-ms="16074" status="PASS">
          <reporter-output>
          </reporter-output>
        </test-method> <!-- VerifyDisplaytheBestPerformingMachine -->
        <test-method is-config="true" signature="configAM()[pri:0, instance:com.OEEDashBoard.VerifythEWorstperfmingMachineName@63376bed]" started-at="2026-08-17T13:03:28 IST" name="configAM" finished-at="2026-08-17T13:03:29 IST" duration-ms="301" status="PASS">
          <reporter-output>
          </reporter-output>
        </test-method> <!-- configAM -->
        <test-method is-config="true" signature="configAC()[pri:0, instance:com.OEEDashBoard.VerifythEWorstperfmingMachineName@63376bed]" started-at="2026-08-17T13:03:29 IST" name="configAC" finished-at="2026-08-17T13:03:30 IST" duration-ms="966" status="PASS">
          <reporter-output>
          </reporter-output>
        </test-method> <!-- configAC -->
      </class> <!-- com.OEEDashBoard.VerifythEWorstperfmingMachineName -->
      <class name="com.ReasonLinkingPage.ReasonLinkingLinkedExportTest">
        <test-method is-config="true" signature="configBC()[pri:0, instance:com.ReasonLinkingPage.ReasonLinkingLinkedExportTest@121314f7]" started-at="2026-08-17T12:29:23 IST" name="configBC" finished-at="2026-08-17T12:29:29 IST" duration-ms="5469" status="PASS">
          <reporter-output>
          </reporter-output>
        </test-method> <!-- configBC -->
        <test-method is-config="true" signature="configBM()[pri:0, instance:com.ReasonLinkingPage.ReasonLinkingLinkedExportTest@121314f7]" started-at="2026-08-17T12:29:29 IST" name="configBM" finished-at="2026-08-17T12:29:33 IST" duration-ms="4069" status="PASS">
          <reporter-output>
          </reporter-output>
        </test-method> <!-- configBM -->
        <test-method signature="ReasonLinkingLinkedExportTest()[pri:0, instance:com.ReasonLinkingPage.ReasonLinkingLinkedExportTest@121314f7]" started-at="2026-08-17T12:29:33 IST" name="ReasonLinkingLinkedExportTest" finished-at="2026-08-17T12:29:41 IST" duration-ms="7934" status="PASS">
          <reporter-output>
          </reporter-output>
        </test-method> <!-- ReasonLinkingLinkedExportTest -->
        <test-method is-config="true" signature="configAM()[pri:0, instance:com.ReasonLinkingPage.ReasonLinkingLinkedExportTest@121314f7]" started-at="2026-08-17T12:29:41 IST" name="configAM" finished-at="2026-08-17T12:29:42 IST" duration-ms="1116" status="PASS">
          <reporter-output>
          </reporter-output>
        </test-method> <!-- configAM -->
        <test-method is-config="true" signature="configAC()[pri:0, instance:com.ReasonLinkingPage.ReasonLinkingLinkedExportTest@121314f7]" started-at="2026-08-17T12:29:42 IST" name="configAC" finished-at="2026-08-17T12:29:45 IST" duration-ms="3356" status="PASS">
          <reporter-output>
          </reporter-output>
        </test-method> <!-- configAC -->
      </class> <!-- com.ReasonLinkingPage.ReasonLinkingLinkedExportTest -->
      <class name="com.UserCreate.VerifytheUserResetPasswordCancelFunctionality">
        <test-method is-config="true" signature="configBC()[pri:0, instance:com.UserCreate.VerifytheUserResetPasswordCancelFunctionality@740cae06]" started-at="2026-08-17T13:00:37 IST" name="configBC" finished-at="2026-08-17T13:00:39 IST" duration-ms="2130" status="PASS">
          <reporter-output>
          </reporter-output>
        </test-method> <!-- configBC -->
        <test-method is-config="true" signature="configBM()[pri:0, instance:com.UserCreate.VerifytheUserResetPasswordCancelFunctionality@740cae06]" started-at="2026-08-17T13:00:39 IST" name="configBM" finished-at="2026-08-17T13:00:41 IST" duration-ms="1550" status="PASS">
          <reporter-output>
          </reporter-output>
        </test-method> <!-- configBM -->
        <test-method signature="VerifytheUserResetPasswordCancelFunctionality()[pri:0, instance:com.UserCreate.VerifytheUserResetPasswordCancelFunctionality@740cae06]" started-at="2026-08-17T13:00:41 IST" name="VerifytheUserResetPasswordCancelFunctionality" finished-at="2026-08-17T13:01:21 IST" duration-ms="40378" status="FAIL">
          <exception class="org.openqa.selenium.NoSuchSessionException">
            <message>
              <![CDATA[invalid session id: session deleted as the browser has closed the connection
from disconnected: unable to send message to renderer
  (Session info: chrome=151.0.7922.138)
Build info: version: '4.38.0', revision: '6b412e825c'
System info: os.name: 'Windows 11', os.arch: 'amd64', os.version: '10.0', java.version: '21.0.9'
Driver info: org.openqa.selenium.chrome.ChromeDriver
Command: [910af581a30877e2265140a76c16fec7, findElement {value=.Toastify__toast-body, using=css selector}]
Capabilities {acceptInsecureCerts: false, browserName: chrome, browserVersion: 151.0.7922.138, chrome: {chromedriverVersion: 151.0.7922.138 (41fa8244239..., userDataDir: C:\Users\W066520\AppData\Lo...}, fedcm:accounts: true, goog:chromeOptions: {debuggerAddress: localhost:56865}, goog:processID: 28840, networkConnectionEnabled: false, pageLoadStrategy: normal, platformName: windows, proxy: Proxy(), se:cdp: ws://localhost:56865/devtoo..., se:cdpVersion: 151.0.7922.138, setWindowRect: true, strictFileInteractability: false, timeouts: {implicit: 0, pageLoad: 300000, script: 30000}, unhandledPromptBehavior: dismiss and notify, webauthn:extension:credBlob: true, webauthn:extension:largeBlob: true, webauthn:extension:minPinLength: true, webauthn:extension:prf: true, webauthn:virtualAuthenticators: true}
Session ID: 910af581a30877e2265140a76c16fec7]]>
            </message>
            <full-stacktrace>
              <![CDATA[org.openqa.selenium.NoSuchSessionException: invalid session id: session deleted as the browser has closed the connection
from disconnected: unable to send message to renderer
  (Session info: chrome=151.0.7922.138)
Build info: version: '4.38.0', revision: '6b412e825c'
System info: os.name: 'Windows 11', os.arch: 'amd64', os.version: '10.0', java.version: '21.0.9'
Driver info: org.openqa.selenium.chrome.ChromeDriver
Command: [910af581a30877e2265140a76c16fec7, findElement {value=.Toastify__toast-body, using=css selector}]
Capabilities {acceptInsecureCerts: false, browserName: chrome, browserVersion: 151.0.7922.138, chrome: {chromedriverVersion: 151.0.7922.138 (41fa8244239..., userDataDir: C:\Users\W066520\AppData\Lo...}, fedcm:accounts: true, goog:chromeOptions: {debuggerAddress: localhost:56865}, goog:processID: 28840, networkConnectionEnabled: false, pageLoadStrategy: normal, platformName: windows, proxy: Proxy(), se:cdp: ws://localhost:56865/devtoo..., se:cdpVersion: 151.0.7922.138, setWindowRect: true, strictFileInteractability: false, timeouts: {implicit: 0, pageLoad: 300000, script: 30000}, unhandledPromptBehavior: dismiss and notify, webauthn:extension:credBlob: true, webauthn:extension:largeBlob: true, webauthn:extension:minPinLength: true, webauthn:extension:prf: true, webauthn:virtualAuthenticators: true}
Session ID: 910af581a30877e2265140a76c16fec7
at java.base/jdk.internal.reflect.DirectConstructorHandleAccessor.newInstance(DirectConstructorHandleAccessor.java:62)
at java.base/java.lang.reflect.Constructor.newInstanceWithCaller(Constructor.java:502)
at java.base/java.lang.reflect.Constructor.newInstance(Constructor.java:486)
at org.openqa.selenium.remote.ErrorCodec.decode(ErrorCodec.java:167)
at org.openqa.selenium.remote.codec.w3c.W3CHttpResponseCodec.decode(W3CHttpResponseCodec.java:138)
at org.openqa.selenium.remote.codec.w3c.W3CHttpResponseCodec.decode(W3CHttpResponseCodec.java:50)
at org.openqa.selenium.remote.HttpCommandExecutor.execute(HttpCommandExecutor.java:215)
at org.openqa.selenium.remote.service.DriverCommandExecutor.invokeExecute(DriverCommandExecutor.java:216)
at org.openqa.selenium.remote.service.DriverCommandExecutor.execute(DriverCommandExecutor.java:174)
at org.openqa.selenium.remote.RemoteWebDriver.execute(RemoteWebDriver.java:557)
at org.openqa.selenium.remote.ElementLocation$ElementFinder$2.findElement(ElementLocation.java:165)
at org.openqa.selenium.remote.ElementLocation.findElement(ElementLocation.java:59)
at org.openqa.selenium.remote.RemoteWebDriver.findElement(RemoteWebDriver.java:380)
at org.openqa.selenium.remote.RemoteWebDriver.findElement(RemoteWebDriver.java:374)
at org.openqa.selenium.support.ui.ExpectedConditions$20.apply(ExpectedConditions.java:574)
at org.openqa.selenium.support.ui.ExpectedConditions$20.apply(ExpectedConditions.java:570)
at org.openqa.selenium.support.ui.FluentWait.until(FluentWait.java:203)
at com.UserCreate.VerifytheUserResetPasswordCancelFunctionality.VerifytheUserResetPasswordCancelFunctionality(VerifytheUserResetPasswordCancelFunctionality.java:85)
at java.base/jdk.internal.reflect.DirectMethodHandleAccessor.invoke(DirectMethodHandleAccessor.java:103)
at java.base/java.lang.reflect.Method.invoke(Method.java:580)
at org.testng.internal.invokers.MethodInvocationHelper.invokeMethod(MethodInvocationHelper.java:141)
[...]
          <reporter-output>
          </reporter-output>
        </test-method> <!-- configBM -->
        <test-method signature="VerifyExportfeature()[pri:0, instance:com.AssociatePerformancereport.VerifyExportfeature@4b0d79fc]" started-at="2026-08-17T12:27:38 IST" name="VerifyExportfeature" finished-at="2026-08-17T12:29:01 IST" duration-ms="83265" status="PASS">
          <reporter-output>
          </reporter-output>
        </test-method> <!-- VerifyExportfeature -->
        <test-method is-config="true" signature="configAM()[pri:0, instance:com.AssociatePerformancereport.VerifyExportfeature@4b0d79fc]" started-at="2026-08-17T12:29:01 IST" name="configAM" finished-at="2026-08-17T12:29:02 IST" duration-ms="130" status="PASS">
          <reporter-output>
          </reporter-output>
        </test-method> <!-- configAM -->
        <test-method is-config="true" signature="configAC()[pri:0, instance:com.AssociatePerformancereport.VerifyExportfeature@4b0d79fc]" started-at="2026-08-17T12:29:02 IST" name="configAC" finished-at="2026-08-17T12:29:02 IST" duration-ms="708" status="PASS">
          <reporter-output>
          </reporter-output>
        </test-method> <!-- configAC -->
      </class> <!-- com.AssociatePerformancereport.VerifyExportfeature -->
      <class name="com.DowntimeTarget.VerifytheDowntimepageNavigation">
        <test-method is-config="true" signature="configBC()[pri:0, instance:com.DowntimeTarget.VerifytheDowntimepageNavigation@58cbafc2]" started-at="2026-08-17T12:04:21 IST" name="configBC" finished-at="2026-08-17T12:04:24 IST" duration-ms="3053" status="PASS">
          <reporter-output>
          </reporter-output>
        </test-method> <!-- configBC -->
        <test-method is-config="true" signature="configBM()[pri:0, instance:com.DowntimeTarget.VerifytheDowntimepageNavigation@58cbafc2]" started-at="2026-08-17T12:04:24 IST" name="configBM" finished-at="2026-08-17T12:04:26 IST" duration-ms="2042" status="PASS">
          <reporter-output>
          </reporter-output>
        </test-method> <!-- configBM -->
        <test-method signature="VerifytheDowntimepageNavigation()[pri:0, instance:com.DowntimeTarget.VerifytheDowntimepageNavigation@58cbafc2]" started-at="2026-08-17T12:04:26 IST" name="VerifytheDowntimepageNavigation" finished-at="2026-08-17T12:04:30 IST" duration-ms="4534" status="PASS">
          <reporter-output>
          </reporter-output>
        </test-method> <!-- VerifytheDowntimepageNavigation -->
        <test-method is-config="true" signature="configAM()[pri:0, instance:com.DowntimeTarget.VerifytheDowntimepageNavigation@58cbafc2]" started-at="2026-08-17T12:04:30 IST" name="configAM" finished-at="2026-08-17T12:04:30 IST" duration-ms="174" status="PASS">
          <reporter-output>
          </reporter-output>
        </test-method> <!-- configAM -->
        <test-method is-config="true" signature="configAC()[pri:0, instance:com.DowntimeTarget.VerifytheDowntimepageNavigation@58cbafc2]" started-at="2026-08-17T12:04:30 IST" name="configAC" finished-at="2026-08-17T12:04:31 IST" duration-ms="977" status="PASS">
          <reporter-output>
          </reporter-output>
        </test-method> <!-- configAC -->
      </class> <!-- com.DowntimeTarget.VerifytheDowntimepageNavigation -->
      <class name="com.RecipeMasterPage.VerifyTheRecipeEditFunctionalityTest">
        <test-method is-config="true" signature="configBC()[pri:0, instance:com.RecipeMasterPage.VerifyTheRecipeEditFunctionalityTest@6340e5f0]" started-at="2026-08-17T12:22:37 IST" name="configBC" finished-at="2026-08-17T12:22:38 IST" duration-ms="1757" status="PASS">
          <reporter-output>
          </reporter-output>
        </test-method> <!-- configBC -->
        <test-method is-config="true" signature="configBM()[pri:0, instance:com.RecipeMasterPage.VerifyTheRecipeEditFunctionalityTest@6340e5f0]" started-at="2026-08-17T12:22:38 IST" name="configBM" finished-at="2026-08-17T12:22:40 IST" duration-ms="1685" status="PASS">
          <reporter-output>
          </reporter-output>
        </test-method> <!-- configBM -->
        <test-method signature="VerifytheRecipeEditfunctionalityTest()[pri:0, instance:com.RecipeMasterPage.VerifyTheRecipeEditFunctionalityTest@6340e5f0]" started-at="2026-08-17T12:22:40 IST" name="VerifytheRecipeEditfunctionalityTest" finished-at="2026-08-17T12:23:04 IST" duration-ms="23577" status="PASS">
          <reporter-output>
          </reporter-output>
        </test-method> <!-- VerifytheRecipeEditfunctionalityTest -->
        <test-method is-config="true" signature="configAM()[pri:0, instance:com.RecipeMasterPage.VerifyTheRecipeEditFunctionalityTest@6340e5f0]" started-at="2026-08-17T12:23:04 IST" name="configAM" finished-at="2026-08-17T12:23:04 IST" duration-ms="65" status="PASS">
          <reporter-output>
          </reporter-output>
        </test-method> <!-- configAM -->
        <test-method is-config="true" signature="configAC()[pri:0, instance:com.RecipeMasterPage.VerifyTheRecipeEditFunctionalityTest@6340e5f0]" started-at="2026-08-17T12:23:04 IST" name="configAC" finished-at="2026-08-17T12:23:04 IST" duration-ms="513" status="PASS">
          <reporter-output>
          </reporter-output>
        </test-method> <!-- configAC -->
      </class> <!-- com.RecipeMasterPage.VerifyTheRecipeEditFunctionalityTest -->
      <class name="com.Settings.Departements.VerifyAddDepartmentTest">
        <test-method is-config="true" signature="configBC()[pri:0, instance:com.Settings.Departements.VerifyAddDepartmentTest@3012646b]" started-at="2026-08-17T11:20:35 IST" name="configBC" finished-at="2026-08-17T11:20:37 IST" duration-ms="2540" status="PASS">
          <reporter-output>
          </reporter-output>
        </test-method> <!-- configBC -->
        <test-method is-config="true" signature="configBM()[pri:0, instance:com.Settings.Departements.VerifyAddDepartmentTest@3012646b]" started-at="2026-08-17T11:20:37 IST" name="configBM" finished-at="2026-08-17T11:20:40 IST" duration-ms="2458" status="PASS">
          <reporter-output>
          </reporter-output>
        </test-method> <!-- configBM -->
        <test-method signature="VerifyAddDepartmentTest()[pri:0, instance:com.Settings.Departements.VerifyAddDepartmentTest@3012646b]" started-at="2026-08-17T11:20:40 IST" name="VerifyAddDepartmentTest" finished-at="2026-08-17T11:21:06 IST" duration-ms="26619" status="PASS">
          <reporter-output>
          </reporter-output>
        </test-method> <!-- VerifyAddDepartmentTest -->
        <test-method is-config="true" signature="configAM()[pri:0, instance:com.Settings.Departements.VerifyAddDepartmentTest@3012646b]" started-at="2026-08-17T11:21:06 IST" name="configAM" finished-at="2026-08-17T11:21:07 IST" duration-ms="153" status="PASS">
          <reporter-output>
          </reporter-output>
        </test-method> <!-- configAM -->
        <test-method is-config="true" signature="configAC()[pri:0, instance:com.Settings.Departements.VerifyAddDepartmentTest@3012646b]" started-at="2026-08-17T11:21:07 IST" name="configAC" finished-at="2026-08-17T11:21:08 IST" duration-ms="1148" status="PASS">
          <reporter-output>
          </reporter-output>
        </test-method> <!-- configAC -->
      </class> <!-- com.Settings.Departements.VerifyAddDepartmentTest -->
      <class name="com.CycleTimeDashboard.VerifytheWeightedAvgCTinMinute">
        <test-method is-config="true" signature="configBC()[pri:0, instance:com.CycleTimeDashboard.VerifytheWeightedAvgCTinMinute@73e9cf30]" started-at="2026-08-17T13:04:40 IST" name="configBC" finished-at="2026-08-17T13:04:42 IST" duration-ms="1990" status="PASS">
          <reporter-output>
          </reporter-output>
        </test-method> <!-- configBC -->
        <test-method is-config="true" signature="configBM()[pri:0, instance:com.CycleTimeDashboard.VerifytheWeightedAvgCTinMinute@73e9cf30]" started-at="2026-08-17T13:04:42 IST" name="configBM" finished-at="2026-08-17T13:04:43 IST" duration-ms="1491" status="PASS">
          <reporter-output>
          </reporter-output>
        </test-method> <!-- configBM -->
        <test-method signature="verifytheWeightedAvgCTMinute()[pri:0, instance:com.CycleTimeDashboard.VerifytheWeightedAvgCTinMinute@73e9cf30]" started-at="2026-08-17T13:04:43 IST" name="verifytheWeightedAvgCTMinute" finished-at="2026-08-17T13:04:50 IST" duration-ms="6572" status="PASS">
          <reporter-output>
          </reporter-output>
        </test-method> <!-- verifytheWeightedAvgCTMinute -->
        <test-method is-config="true" signature="configAM()[pri:0, instance:com.CycleTimeDashboard.VerifytheWeightedAvgCTinMinute@73e9cf30]" started-at="2026-08-17T13:04:50 IST" name="configAM" finished-at="2026-08-17T13:04:50 IST" duration-ms="56" status="PASS">
          <reporter-output>
          </reporter-output>
        </test-method> <!-- configAM -->
        <test-method is-config="true" signature="configAC()[pri:0, instance:com.CycleTimeDashboard.VerifytheWeightedAvgCTinMinute@73e9cf30]" started-at="2026-08-17T13:04:50 IST" name="configAC" finished-at="2026-08-17T13:04:50 IST" duration-ms="479" status="PASS">
          <reporter-output>
          </reporter-output>
        </test-method> <!-- configAC -->
      </class> <!-- com.CycleTimeDashboard.VerifytheWeightedAvgCTinMinute -->
      <class name="com.DowntimeTarget.VerifytheDowntimeTargetTablepageHeaders">
        <test-method is-config="true" signature="configBC()[pri:0, instance:com.DowntimeTarget.VerifytheDowntimeTargetTablepageHeaders@7161d8d1]" started-at="2026-08-17T12:40:42 IST" name="configBC" finished-at="2026-08-17T12:40:44 IST" duration-ms="1454" status="PASS">
          <reporter-output>
          </reporter-output>
        </test-method> <!-- configBC -->
        <test-method is-config="true" signature="configBM()[pri:0, instance:com.DowntimeTarget.VerifytheDowntimeTargetTablepageHeaders@7161d8d1]" started-at="2026-08-17T12:40:44 IST" name="configBM" finished-at="2026-08-17T12:40:45 IST" duration-ms="1313" status="PASS">
          <reporter-output>
          </reporter-output>
        </test-method> <!-- configBM -->
        <test-method signature="VerifytheDowntimeTargetTablepageHeaders()[pri:0, instance:com.DowntimeTarget.VerifytheDowntimeTargetTablepageHeaders@7161d8d1]" started-at="2026-08-17T12:40:45 IST" name="VerifytheDowntimeTargetTablepageHeaders" finished-at="2026-08-17T12:40:49 IST" duration-ms="3532" status="PASS">
          <reporter-output>
          </reporter-output>
        </test-method> <!-- VerifytheDowntimeTargetTablepageHeaders -->
        <test-method is-config="true" signature="configAM()[pri:0, instance:com.DowntimeTarget.VerifytheDowntimeTargetTablepageHeaders@7161d8d1]" started-at="2026-08-17T12:40:49 IST" name="configAM" finished-at="2026-08-17T12:40:49 IST" duration-ms="74" status="PASS">
          <reporter-output>
          </reporter-output>
        </test-method> <!-- configAM -->
        <test-method is-config="true" signature="configAC()[pri:0, instance:com.DowntimeTarget.VerifytheDowntimeTargetTablepageHeaders@7161d8d1]" started-at="2026-08-17T12:40:49 IST" name="configAC" finished-at="2026-08-17T12:40:49 IST" duration-ms="499" status="PASS">
          <reporter-output>
          </reporter-output>
        </test-method> <!-- configAC -->
      </class> <!-- com.DowntimeTarget.VerifytheDowntimeTargetTablepageHeaders -->
      <class name="com.RCAReport.VerifytheElementSummaryviewTableHeadersAndData">
        <test-method is-config="true" signature="configBC()[pri:0, instance:com.RCAReport.VerifytheElementSummaryviewTableHeadersAndData@5b1669c0]" started-at="2026-08-17T12:20:04 IST" name="configBC" finished-at="2026-08-17T12:20:05 IST" duration-ms="1232" status="PASS">
          <reporter-output>
          </reporter-output>
        </test-method> <!-- configBC -->
        <test-method is-config="true" signature="configBM()[pri:0, instance:com.RCAReport.VerifytheElementSummaryviewTableHeadersAndData@5b1669c0]" started-at="2026-08-17T12:20:05 IST" name="configBM" finished-at="2026-08-17T12:20:07 IST" duration-ms="1494" status="PASS">
          <reporter-output>
          </reporter-output>
        </test-method> <!-- configBM -->
        <test-method signature="VerifytheElementSummaryViewtableHeadersAndData()[pri:0, instance:com.RCAReport.VerifytheElementSummaryviewTableHeadersAndData@5b1669c0]" started-at="2026-08-17T12:20:07 IST" name="VerifytheElementSummaryViewtableHeadersAndData" finished-at="2026-08-17T12:20:26 IST" duration-ms="19269" status="PASS">
          <reporter-output>
          </reporter-output>
        </test-method> <!-- VerifytheElementSummaryViewtableHeadersAndData -->
        <test-method is-config="true" signature="configAM()[pri:0, instance:com.RCAReport.VerifytheElementSummaryviewTableHeadersAndData@5b1669c0]" started-at="2026-08-17T12:20:26 IST" name="configAM" finished-at="2026-08-17T12:20:26 IST" duration-ms="83" status="PASS">
          <reporter-output>
          </reporter-output>
        </test-method> <!-- configAM -->
        <test-method is-config="true" signature="configAC()[pri:0, instance:com.RCAReport.VerifytheElementSummaryviewTableHeadersAndData@5b1669c0]" started-at="2026-08-17T12:20:26 IST" name="configAC" finished-at="2026-08-17T12:20:27 IST" duration-ms="546" status="PASS">
          <reporter-output>
          </reporter-output>
        </test-method> <!-- configAC -->
      </class> <!-- com.RCAReport.VerifytheElementSummaryviewTableHeadersAndData -->
      <class name="com.AddAssociates.VerifytheAddAsscociatesFuctionality">
        <test-method is-config="true" signature="configBC()[pri:0, instance:com.AddAssociates.VerifytheAddAsscociatesFuctionality@76b1e9b8]" started-at="2026-08-17T12:12:29 IST" name="configBC" finished-at="2026-08-17T12:12:30 IST" duration-ms="1305" status="PASS">
          <reporter-output>
          </reporter-output>
        </test-method> <!-- configBC -->
        <test-method is-config="true" signature="configBM()[pri:0, instance:com.AddAssociates.VerifytheAddAsscociatesFuctionality@76b1e9b8]" started-at="2026-08-17T12:12:30 IST" name="configBM" finished-at="2026-08-17T12:12:32 IST" duration-ms="1388" status="PASS">
          <reporter-output>
          </reporter-output>
        </test-method> <!-- configBM -->
        <test-method signature="VerifytheAddAsscociatesFuctionality()[pri:0, instance:com.AddAssociates.VerifytheAddAsscociatesFuctionality@76b1e9b8]" started-at="2026-08-17T12:12:32 IST" name="VerifytheAddAsscociatesFuctionality" finished-at="2026-08-17T12:12:40 IST" duration-ms="8676" status="PASS">
          <reporter-output>
          </reporter-output>
        </test-method> <!-- VerifytheAddAsscociatesFuctionality -->
        <test-method is-config="true" signature="configAM()[pri:0, instance:com.AddAssociates.VerifytheAddAsscociatesFuctionality@76b1e9b8]" started-at="2026-08-17T12:12:40 IST" name="configAM" finished-at="2026-08-17T12:12:41 IST" duration-ms="581" status="PASS">
          <reporter-output>
          </reporter-output>
        </test-method> <!-- configAM -->
        <test-method is-config="true" signature="configAC()[pri:0, instance:com.AddAssociates.VerifytheAddAsscociatesFuctionality@76b1e9b8]" started-at="2026-08-17T12:12:41 IST" name="configAC" finished-at="2026-08-17T12:12:41 IST" duration-ms="485" status="PASS">
          <reporter-output>
          </reporter-output>
        </test-method> <!-- configAC -->
      </class> <!-- com.AddAssociates.VerifytheAddAsscociatesFuctionality -->
      <class name="com.CycleTimeDashboard.VerifytheTotalSetValue">
        <test-method is-config="true" signature="configBC()[pri:0, instance:com.CycleTimeDashboard.VerifytheTotalSetValue@783a467b]" started-at="2026-08-17T13:03:40 IST" name="configBC" finished-at="2026-08-17T13:03:42 IST" duration-ms="1885" status="PASS">
          <reporter-output>
          </reporter-output>
        </test-method> <!-- configBC -->
        <test-method is-config="true" signature="configBM()[pri:0, instance:com.CycleTimeDashboard.VerifytheTotalSetValue@783a467b]" started-at="2026-08-17T13:03:42 IST" name="configBM" finished-at="2026-08-17T13:03:43 IST" duration-ms="1648" status="PASS">
          <reporter-output>
          </reporter-output>
        </test-method> <!-- configBM -->
        <test-method signature="verifytheTotalSetValue()[pri:0, instance:com.CycleTimeDashboard.VerifytheTotalSetValue@783a467b]" started-at="2026-08-17T13:03:43 IST" name="verifytheTotalSetValue" finished-at="2026-08-17T13:03:49 IST" duration-ms="5498" status="PASS">
          <reporter-output>
          </reporter-output>
        </test-method> <!-- verifytheTotalSetValue -->
        <test-method is-config="true" signature="configAM()[pri:0, instance:com.CycleTimeDashboard.VerifytheTotalSetValue@783a467b]" started-at="2026-08-17T13:03:49 IST" name="configAM" finished-at="2026-08-17T13:03:49 IST" duration-ms="61" status="PASS">
          <reporter-output>
          </reporter-output>
        </test-method> <!-- configAM -->
        <test-method is-config="true" signature="configAC()[pri:0, instance:com.CycleTimeDashboard.VerifytheTotalSetValue@783a467b]" started-at="2026-08-17T13:03:49 IST" name="configAC" finished-at="2026-08-17T13:03:49 IST" duration-ms="488" status="PASS">
          <reporter-output>
          </reporter-output>
        </test-method> <!-- configAC -->
      </class> <!-- com.CycleTimeDashboard.VerifytheTotalSetValue -->
      <class name="com.AssociatePerformancereport.VerifytheAssociateperformancetable">
        <test-method is-config="true" signature="configBC()[pri:0, instance:com.AssociatePerformancereport.VerifytheAssociateperformancetable@d9345cd]" started-at="2026-08-17T12:52:59 IST" name="configBC" finished-at="2026-08-17T12:53:00 IST" duration-ms="1398" status="PASS">
          <reporter-output>
          </reporter-output>
        </test-method> <!-- configBC -->
        <test-method is-config="true" signature="configBM()[pri:0, instance:com.AssociatePerformancereport.VerifytheAssociateperformancetable@d9345cd]" started-at="2026-08-17T12:53:00 IST" name="configBM" finished-at="2026-08-17T12:53:02 IST" duration-ms="1389" status="PASS">
          <reporter-output>
          </reporter-output>
        </test-method> <!-- configBM -->
        <test-method signature="VerifytheAssociateperformancetable()[pri:0, instance:com.AssociatePerformancereport.VerifytheAssociateperformancetable@d9345cd]" started-at="2026-08-17T12:53:02 IST" name="VerifytheAssociateperformancetable" finished-at="2026-08-17T12:55:02 IST" duration-ms="120461" status="PASS">
          <reporter-output>
          </reporter-output>
        </test-method> <!-- VerifytheAssociateperformancetable -->
        <test-method is-config="true" signature="configAM()[pri:0, instance:com.AssociatePerformancereport.VerifytheAssociateperformancetable@d9345cd]" started-at="2026-08-17T12:55:02 IST" name="configAM" finished-at="2026-08-17T12:55:02 IST" duration-ms="65" status="PASS">
          <reporter-output>
          </reporter-output>
        </test-method> <!-- configAM -->
        <test-method is-config="true" signature="configAC()[pri:0, instance:com.AssociatePerformancereport.VerifytheAssociateperformancetable@d9345cd]" started-at="2026-08-17T12:55:02 IST" name="configAC" finished-at="2026-08-17T12:55:03 IST" duration-ms="652" status="PASS">
          <reporter-output>
          </reporter-output>
        </test-method> <!-- configAC -->
      </class> <!-- com.AssociatePerformancereport.VerifytheAssociateperformancetable -->
    </test> <!-- Test -->
  </suite> <!-- Suite -->
</testng-results>
