<?xml version="1.0" encoding="UTF-8"?>
<testng-results ignored="0" total="1" passed="1" failed="0" skipped="0">
  <reporter-output>
  </reporter-output>
  <suite started-at="2026-02-05T16:34:54 IST" name="Default suite" finished-at="2026-02-05T16:35:15 IST" duration-ms="21727">
    <groups>
    </groups>
    <test started-at="2026-02-05T16:34:54 IST" name="Default test" finished-at="2026-02-05T16:35:15 IST" duration-ms="21727">
      <class name="com.OEEDashBoard.ProductionCapacitylossgraphTest">
        <test-method is-config="true" signature="configBC()[pri:0, instance:com.OEEDashBoard.ProductionCapacitylossgraphTest@6236eb5f]" started-at="2026-02-05T16:34:54 IST" name="configBC" finished-at="2026-02-05T16:34:55 IST" duration-ms="1847" status="PASS">
          <reporter-output>
          </reporter-output>
        </test-method> <!-- configBC -->
        <test-method is-config="true" signature="configBM()[pri:0, instance:com.OEEDashBoard.ProductionCapacitylossgraphTest@6236eb5f]" started-at="2026-02-05T16:34:55 IST" name="configBM" finished-at="2026-02-05T16:34:57 IST" duration-ms="1820" status="PASS">
          <reporter-output>
          </reporter-output>
        </test-method> <!-- configBM -->
        <test-method signature="ProductionCapacitylossgraphTest()[pri:0, instance:com.OEEDashBoard.ProductionCapacitylossgraphTest@6236eb5f]" started-at="2026-02-05T16:34:57 IST" name="ProductionCapacitylossgraphTest" finished-at="2026-02-05T16:35:15 IST" duration-ms="18004" status="PASS">
          <reporter-output>
          </reporter-output>
        </test-method> <!-- ProductionCapacitylossgraphTest -->
        <test-method is-config="true" signature="configAS()[pri:0, instance:com.OEEDashBoard.ProductionCapacitylossgraphTest@6236eb5f]" started-at="2026-02-05T16:35:15 IST" name="configAS" finished-at="2026-02-05T16:35:15 IST" duration-ms="1" status="PASS">
          <reporter-output>
          </reporter-output>
        </test-method> <!-- configAS -->
      </class> <!-- com.OEEDashBoard.ProductionCapacitylossgraphTest -->
    </test> <!-- Default test -->
  </suite> <!-- Default suite -->
</testng-results>
