<?xml version="1.0" encoding="UTF-8"?>
<testng-results ignored="0" total="72" passed="51" failed="21" skipped="0">
  <reporter-output>
  </reporter-output>
  <suite started-at="2026-05-21T17:12:46 IST" name="Suite" finished-at="2026-05-21T17:58:35 IST" duration-ms="2749186">
    <groups>
    </groups>
    <test started-at="2026-05-21T17:12:46 IST" name="Test" finished-at="2026-05-21T17:58:35 IST" duration-ms="2749186">
      <class name="com.ReasonLinkingPage.ReasonLinkingSingleLinkTest">
        <test-method is-config="true" signature="configBC()[pri:0, instance:com.ReasonLinkingPage.ReasonLinkingSingleLinkTest@48974e45]" started-at="2026-05-21T17:54:40 IST" name="configBC" finished-at="2026-05-21T17:54:41 IST" duration-ms="1190" status="PASS">
          <reporter-output>
          </reporter-output>
        </test-method> <!-- configBC -->
        <test-method is-config="true" signature="configBM()[pri:0, instance:com.ReasonLinkingPage.ReasonLinkingSingleLinkTest@48974e45]" started-at="2026-05-21T17:54:41 IST" name="configBM" finished-at="2026-05-21T17:54:43 IST" duration-ms="1589" status="PASS">
          <reporter-output>
          </reporter-output>
        </test-method> <!-- configBM -->
        <test-method signature="ReasonLinkingFunctionalityTest()[pri:0, instance:com.ReasonLinkingPage.ReasonLinkingSingleLinkTest@48974e45]" started-at="2026-05-21T17:54:43 IST" name="ReasonLinkingFunctionalityTest" finished-at="2026-05-21T17:54:47 IST" duration-ms="4165" status="FAIL">
          <exception class="org.openqa.selenium.NoSuchElementException">
            <message>
              <![CDATA[Cannot locate option with index: 1
For documentation on this error, please visit: https://www.selenium.dev/documentation/webdriver/troubleshooting/errors#nosuchelementexception
Build info: version: '4.38.0', revision: '6b412e825c'
System info: os.name: 'Windows 11', os.arch: 'amd64', os.version: '10.0', java.version: '21.0.9'
Driver info: driver.version: unknown]]>
            </message>
            <full-stacktrace>
              <![CDATA[org.openqa.selenium.NoSuchElementException: Cannot locate option with index: 1
For documentation on this error, please visit: https://www.selenium.dev/documentation/webdriver/troubleshooting/errors#nosuchelementexception
Build info: version: '4.38.0', revision: '6b412e825c'
System info: os.name: 'Windows 11', os.arch: 'amd64', os.version: '10.0', java.version: '21.0.9'
Driver info: driver.version: unknown
at org.openqa.selenium.support.ui.Select.setSelectedByIndex(Select.java:318)
at org.openqa.selenium.support.ui.Select.selectByIndex(Select.java:173)
at com.sgplus.erp.genericutility.WebDriverUtility.select(WebDriverUtility.java:99)
at com.ReasonLinkingPage.ReasonLinkingSingleLinkTest.ReasonLinkingFunctionalityTest(ReasonLinkingSingleLinkTest.java:103)
at java.base/jdk.internal.reflect.DirectMethodHandleAccessor.invoke(DirectMethodHandleAccessor.java:103)
at java.base/java.lang.reflect.Method.invoke(Method.java:580)
at org.testng.internal.invokers.MethodInvocationHelper.invokeMethod(MethodInvocationHelper.java:141)
at org.testng.internal.invokers.TestInvoker.invokeMethod(TestInvoker.java:687)
at org.testng.internal.invokers.TestInvoker.invokeTestMethod(TestInvoker.java:230)
at org.testng.internal.invokers.MethodRunner.runInSequence(MethodRunner.java:63)
at org.testng.internal.invokers.TestInvoker$MethodInvocationAgent.invoke(TestInvoker.java:995)
at org.testng.internal.invokers.TestInvoker.invokeTestMethods(TestInvoker.java:203)
at org.testng.internal.invokers.TestMethodWorker.invokeTestMethods(TestMethodWorker.java:154)
at org.testng.internal.invokers.TestMethodWorker.run(TestMethodWorker.java:134)
at java.base/java.util.ArrayList.forEach(ArrayList.java:1596)
at org.testng.TestRunner.privateRun(TestRunner.java:741)
at org.testng.TestRunner.run(TestRunner.java:616)
at org.testng.SuiteRunner.runTest(SuiteRunner.java:421)
at org.testng.SuiteRunner.runSequentially(SuiteRunner.java:413)
at org.testng.SuiteRunner.privateRun(SuiteRunner.java:373)
at org.testng.SuiteRunner.run(SuiteRunner.java:312)
at org.testng.SuiteRunnerWorker.runSuite(SuiteRunnerWorker.java:52)
at org.testng.SuiteRunnerWorker.run(SuiteRunnerWorker.java:95)
at org.testng.TestNG.runSuitesSequentially(TestNG.java:1274)
at org.testng.TestNG.runSuitesLocally(TestNG.java:1208)
at org.testng.TestNG.runSuites(TestNG.java:1112)
at org.testng.TestNG.run(TestNG.java:1079)
at org.testng.remote.AbstractRemoteTestNG.run(AbstractRemoteTestNG.java:115)
at org.testng.remote.RemoteTestNG.initAndRun(RemoteTestNG.java:293)
at org.testng.remote.RemoteTestNG.main(RemoteTestNG.java:91)
]]>
            </full-stacktrace>
          </exception> <!-- org.openqa.selenium.NoSuchElementException -->
          <reporter-output>
          </reporter-output>
        </test-method> <!-- ReasonLinkingFunctionalityTest -->
        <test-method is-config="true" signature="configAM()[pri:0, instance:com.ReasonLinkingPage.ReasonLinkingSingleLinkTest@48974e45]" started-at="2026-05-21T17:54:47 IST" name="configAM" finished-at="2026-05-21T17:54:48 IST" duration-ms="1080" status="FAIL">
          <exception class="org.openqa.selenium.ElementClickInterceptedException">
            <message>
              <![CDATA[element click intercepted: Element <span>...</span> is not clickable at point (1457, 42). Other element would receive the click: <div role="dialog" aria-modal="true" class="fade modal show" tabindex="-1" aria-labelledby="contained-modal-title-vcenter" style="display: block; padding-left: 0px;">...</div>
  (Session info: chrome=148.0.7778.169)
Build info: version: '4.38.0', revision: '6b412e825c'
System info: os.name: 'Windows 11', os.arch: 'amd64', os.version: '10.0', java.version: '21.0.9'
Driver info: org.openqa.selenium.chrome.ChromeDriver
Command: [e5259b5d794e8289a4c1adfdf2773326, clickElement {id=f.7D238F3AAEDFC03F3E06D39F5648BEC7.d.3FE450A178048125742D80FFD58953E0.e.207}]
Capabilities {acceptInsecureCerts: false, browserName: chrome, browserVersion: 148.0.7778.169, chrome: {chromedriverVersion: 148.0.7778.178 (d096af1c9e9..., userDataDir: C:\Users\W066520\AppData\Lo...}, fedcm:accounts: true, goog:chromeOptions: {debuggerAddress: localhost:52656}, goog:processID: 27280, networkConnectionEnabled: false, pageLoadStrategy: normal, platformName: windows, proxy: Proxy(), se:cdp: ws://localhost:52656/devtoo..., se:cdpVersion: 148.0.7778.169, setWindowRect: true, strictFileInteractability: false, timeouts: {implicit: 0, pageLoad: 300000, script: 30000}, unhandledPromptBehavior: dismiss and notify, webauthn:extension:credBlob: true, webauthn:extension:largeBlob: true, webauthn:extension:minPinLength: true, webauthn:extension:prf: true, webauthn:virtualAuthenticators: true}
Element: [[ChromeDriver: chrome on windows (e5259b5d794e8289a4c1adfdf2773326)] -> xpath: //span[text()="Logout"]]
Session ID: e5259b5d794e8289a4c1adfdf2773326]]>
            </message>
            <full-stacktrace>
              <![CDATA[org.openqa.selenium.ElementClickInterceptedException: element click intercepted: Element <span>...</span> is not clickable at point (1457, 42). Other element would receive the click: <div role="dialog" aria-modal="true" class="fade modal show" tabindex="-1" aria-labelledby="contained-modal-title-vcenter" style="display: block; padding-left: 0px;">...</div>
  (Session info: chrome=148.0.7778.169)
Build info: version: '4.38.0', revision: '6b412e825c'
System info: os.name: 'Windows 11', os.arch: 'amd64', os.version: '10.0', java.version: '21.0.9'
Driver info: org.openqa.selenium.chrome.ChromeDriver
Command: [e5259b5d794e8289a4c1adfdf2773326, clickElement {id=f.7D238F3AAEDFC03F3E06D39F5648BEC7.d.3FE450A178048125742D80FFD58953E0.e.207}]
Capabilities {acceptInsecureCerts: false, browserName: chrome, browserVersion: 148.0.7778.169, chrome: {chromedriverVersion: 148.0.7778.178 (d096af1c9e9..., userDataDir: C:\Users\W066520\AppData\Lo...}, fedcm:accounts: true, goog:chromeOptions: {debuggerAddress: localhost:52656}, goog:processID: 27280, networkConnectionEnabled: false, pageLoadStrategy: normal, platformName: windows, proxy: Proxy(), se:cdp: ws://localhost:52656/devtoo..., se:cdpVersion: 148.0.7778.169, setWindowRect: true, strictFileInteractability: false, timeouts: {implicit: 0, pageLoad: 300000, script: 30000}, unhandledPromptBehavior: dismiss and notify, webauthn:extension:credBlob: true, webauthn:extension:largeBlob: true, webauthn:extension:minPinLength: true, webauthn:extension:prf: true, webauthn:virtualAuthenticators: true}
Element: [[ChromeDriver: chrome on windows (e5259b5d794e8289a4c1adfdf2773326)] -> xpath: //span[text()="Logout"]]
Session ID: e5259b5d794e8289a4c1adfdf2773326
at java.base/jdk.internal.reflect.DirectConstructorHandleAccessor.newInstance(DirectConstructorHandleAccessor.java:62)
at java.base/java.lang.reflect.Constructor.newInstanceWithCaller(Constructor.java:502)
at java.base/java.lang.reflect.Constructor.newInstance(Constructor.java:486)
at org.openqa.selenium.remote.ErrorCodec.decode(ErrorCodec.java:167)
at org.openqa.selenium.remote.codec.w3c.W3CHttpResponseCodec.decode(W3CHttpResponseCodec.java:138)
at org.openqa.selenium.remote.codec.w3c.W3CHttpResponseCodec.decode(W3CHttpResponseCodec.java:50)
at org.openqa.selenium.remote.HttpCommandExecutor.execute(HttpCommandExecutor.java:215)
at org.openqa.selenium.remote.service.DriverCommandExecutor.invokeExecute(DriverCommandExecutor.java:216)
at org.openqa.selenium.remote.service.DriverCommandExecutor.execute(DriverCommandExecutor.java:174)
at org.openqa.selenium.remote.RemoteWebDriver.execute(RemoteWebDriver.java:557)
at org.openqa.selenium.remote.RemoteWebElement.execute(RemoteWebElement.java:223)
at org.openqa.selenium.remote.RemoteWebElement.click(RemoteWebElement.java:76)
at java.base/jdk.internal.reflect.DirectMethodHandleAccessor.invoke(DirectMethodHandleAccessor.java:103)
at java.base/java.lang.reflect.Method.invoke(Method.java:580)
at org.openqa.selenium.support.pagefactory.internal.LocatingElementHandler.invoke(LocatingElementHandler.java:51)
at jdk.proxy2/jdk.proxy2.$Proxy15.click(Unknown Source)
at com.sgplus.erp.genericutility.BaseClass.configAM(BaseClass.java:67)
at java.base/jdk.internal.reflect.DirectMethodHandleAccessor.invoke(DirectMethodHandleAccessor.java:103)
at java.base/java.lang.reflect.Method.invoke(Method.java:580)
at org.testng.internal.invokers.MethodInvocationHelper.invokeMethod(MethodInvocationHelper.java:141)
at org.testng.internal.invokers.MethodInvocationHelper.invokeMethodConsideringTimeout(MethodInvocationHelper.java:71)
at org.testng.internal.invokers.ConfigInvoker.invokeConfigurationMethod(ConfigInvoker.java:400)
at org.testng.internal.invokers.ConfigInvoker.invokeConfigurations(ConfigInvoker.java:333)
at org.testng.internal.invokers.TestInvoker.runConfigMethods(TestInvoker.java:836)
at org.testng.internal.invokers.TestInvoker.runAfterConfigurations(TestInvoker.java:805)
at org.testng.internal.invokers.TestInvoker.invokeMethod(TestInvoker.java:781)
at org.testng.internal.invokers.TestInvoker.invokeTestMethod(TestInvoker.java:230)
at org.testng.internal.invokers.MethodRunner.runInSequence(MethodRunner.java:63)
at org.testng.internal.invokers.TestInvoker$MethodInvocationAgent.invoke(TestInvoker.java:995)
at org.testng.internal.invokers.TestInvoker.invokeTestMethods(TestInvoker.java:203)
at org.testng.internal.invokers.TestMethodWorker.invokeTestMethods(TestMethodWorker.java:154)
at org.testng.internal.invokers.TestMethodWorker.run(TestMethodWorker.java:134)
at java.base/java.util.ArrayList.forEach(ArrayList.java:1596)
at org.testng.TestRunner.privateRun(TestRunner.java:741)
at org.testng.TestRunner.run(TestRunner.java:616)
at org.testng.SuiteRunner.runTest(SuiteRunner.java:421)
at org.testng.SuiteRunner.runSequentially(SuiteRunner.java:413)
at org.testng.SuiteRunner.privateRun(SuiteRunner.java:373)
at org.testng.SuiteRunner.run(SuiteRunner.java:312)
at org.testng.SuiteRunnerWorker.runSuite(SuiteRunnerWorker.java:52)
at org.testng.SuiteRunnerWorker.run(SuiteRunnerWorker.java:95)
at org.testng.TestNG.runSuitesSequentially(TestNG.java:1274)
at org.testng.TestNG.runSuitesLocally(TestNG.java:1208)
at org.testng.TestNG.runSuites(TestNG.java:1112)
at org.testng.TestNG.run(TestNG.java:1079)
at org.testng.remote.AbstractRemoteTestNG.run(AbstractRemoteTestNG.java:115)
at org.testng.remote.RemoteTestNG.initAndRun(RemoteTestNG.java:293)
at org.testng.remote.RemoteTestNG.main(RemoteTestNG.java:91)
]]>
            </full-stacktrace>
          </exception> <!-- org.openqa.selenium.ElementClickInterceptedException -->
          <reporter-output>
          </reporter-output>
        </test-method> <!-- configAM -->
        <test-method is-config="true" signature="configAC()[pri:0, instance:com.ReasonLinkingPage.ReasonLinkingSingleLinkTest@48974e45]" started-at="2026-05-21T17:54:48 IST" name="configAC" finished-at="2026-05-21T17:54:48 IST" duration-ms="0" status="SKIP">
          <reporter-output>
          </reporter-output>
        </test-method> <!-- configAC -->
      </class> <!-- com.ReasonLinkingPage.ReasonLinkingSingleLinkTest -->
      <class name="com.OEEDashBoard.ProductionCapacitylossgraphTest">
        <test-method is-config="true" signature="configBC()[pri:0, instance:com.OEEDashBoard.ProductionCapacitylossgraphTest@49c7b90e]" started-at="2026-05-21T17:52:01 IST" name="configBC" finished-at="2026-05-21T17:52:02 IST" duration-ms="1020" status="PASS">
          <reporter-output>
          </reporter-output>
        </test-method> <!-- configBC -->
        <test-method is-config="true" signature="configBM()[pri:0, instance:com.OEEDashBoard.ProductionCapacitylossgraphTest@49c7b90e]" started-at="2026-05-21T17:52:02 IST" name="configBM" finished-at="2026-05-21T17:52:03 IST" duration-ms="1374" status="PASS">
          <reporter-output>
          </reporter-output>
        </test-method> <!-- configBM -->
        <test-method signature="ProductionCapacitylossgraphTest()[pri:0, instance:com.OEEDashBoard.ProductionCapacitylossgraphTest@49c7b90e]" started-at="2026-05-21T17:52:03 IST" name="ProductionCapacitylossgraphTest" finished-at="2026-05-21T17:52:33 IST" duration-ms="29325" status="PASS">
          <reporter-output>
          </reporter-output>
        </test-method> <!-- ProductionCapacitylossgraphTest -->
        <test-method is-config="true" signature="configAM()[pri:0, instance:com.OEEDashBoard.ProductionCapacitylossgraphTest@49c7b90e]" started-at="2026-05-21T17:52:33 IST" name="configAM" finished-at="2026-05-21T17:52:33 IST" duration-ms="81" status="PASS">
          <reporter-output>
          </reporter-output>
        </test-method> <!-- configAM -->
        <test-method is-config="true" signature="configAC()[pri:0, instance:com.OEEDashBoard.ProductionCapacitylossgraphTest@49c7b90e]" started-at="2026-05-21T17:52:33 IST" name="configAC" finished-at="2026-05-21T17:52:33 IST" duration-ms="382" status="PASS">
          <reporter-output>
          </reporter-output>
        </test-method> <!-- configAC -->
      </class> <!-- com.OEEDashBoard.ProductionCapacitylossgraphTest -->
      <class name="com.OEEDashBoard.VerifyBestPerformingMachineDisplayed">
        <test-method is-config="true" signature="configBC()[pri:0, instance:com.OEEDashBoard.VerifyBestPerformingMachineDisplayed@4d5b6aac]" started-at="2026-05-21T17:54:09 IST" name="configBC" finished-at="2026-05-21T17:54:10 IST" duration-ms="1134" status="PASS">
          <reporter-output>
          </reporter-output>
        </test-method> <!-- configBC -->
        <test-method is-config="true" signature="configBM()[pri:0, instance:com.OEEDashBoard.VerifyBestPerformingMachineDisplayed@4d5b6aac]" started-at="2026-05-21T17:54:10 IST" name="configBM" finished-at="2026-05-21T17:54:12 IST" duration-ms="1358" status="PASS">
          <reporter-output>
          </reporter-output>
        </test-method> <!-- configBM -->
        <test-method signature="VerifyBestPerformingMachineDisplayed()[pri:0, instance:com.OEEDashBoard.VerifyBestPerformingMachineDisplayed@4d5b6aac]" started-at="2026-05-21T17:54:12 IST" name="VerifyBestPerformingMachineDisplayed" finished-at="2026-05-21T17:54:39 IST" duration-ms="27724" status="PASS">
          <reporter-output>
          </reporter-output>
        </test-method> <!-- VerifyBestPerformingMachineDisplayed -->
        <test-method is-config="true" signature="configAM()[pri:0, instance:com.OEEDashBoard.VerifyBestPerformingMachineDisplayed@4d5b6aac]" started-at="2026-05-21T17:54:39 IST" name="configAM" finished-at="2026-05-21T17:54:39 IST" duration-ms="59" status="PASS">
          <reporter-output>
          </reporter-output>
        </test-method> <!-- configAM -->
        <test-method is-config="true" signature="configAC()[pri:0, instance:com.OEEDashBoard.VerifyBestPerformingMachineDisplayed@4d5b6aac]" started-at="2026-05-21T17:54:39 IST" name="configAC" finished-at="2026-05-21T17:54:40 IST" duration-ms="432" status="PASS">
          <reporter-output>
          </reporter-output>
        </test-method> <!-- configAC -->
      </class> <!-- com.OEEDashBoard.VerifyBestPerformingMachineDisplayed -->
      <class name="com.DowntimeAnalysisPage.DowntimeAnalysisDropdownValidationTest">
        <test-method is-config="true" signature="configBC()[pri:0, instance:com.DowntimeAnalysisPage.DowntimeAnalysisDropdownValidationTest@193f604a]" started-at="2026-05-21T17:13:35 IST" name="configBC" finished-at="2026-05-21T17:13:36 IST" duration-ms="1301" status="PASS">
          <reporter-output>
          </reporter-output>
        </test-method> <!-- configBC -->
        <test-method is-config="true" signature="configBM()[pri:0, instance:com.DowntimeAnalysisPage.DowntimeAnalysisDropdownValidationTest@193f604a]" started-at="2026-05-21T17:13:36 IST" name="configBM" finished-at="2026-05-21T17:13:37 IST" duration-ms="1226" status="PASS">
          <reporter-output>
          </reporter-output>
        </test-method> <!-- configBM -->
        <test-method signature="DowntimeAnalysisDropdownValidationTest()[pri:0, instance:com.DowntimeAnalysisPage.DowntimeAnalysisDropdownValidationTest@193f604a]" started-at="2026-05-21T17:13:37 IST" name="DowntimeAnalysisDropdownValidationTest" finished-at="2026-05-21T17:13:43 IST" duration-ms="5404" status="FAIL">
          <exception class="org.openqa.selenium.StaleElementReferenceException">
            <message>
              <![CDATA[stale element reference: stale element not found in the current frame
  (Session info: chrome=148.0.7778.169)
For documentation on this error, please visit: https://www.selenium.dev/documentation/webdriver/troubleshooting/errors#staleelementreferenceexception
Build info: version: '4.38.0', revision: '6b412e825c'
System info: os.name: 'Windows 11', os.arch: 'amd64', os.version: '10.0', java.version: '21.0.9'
Driver info: org.openqa.selenium.chrome.ChromeDriver
Command: [c6108ff70ec72344ae7958cb71357665, getElementTagName {id=f.F1825AED6CDC8632E4418C6A8833FFEB.d.DD3E54292B1427D76D6BFAD9E2F81C47.e.108}]
Capabilities {acceptInsecureCerts: false, browserName: chrome, browserVersion: 148.0.7778.169, chrome: {chromedriverVersion: 148.0.7778.178 (d096af1c9e9..., userDataDir: C:\Users\W066520\AppData\Lo...}, fedcm:accounts: true, goog:chromeOptions: {debuggerAddress: localhost:64210}, goog:processID: 43720, networkConnectionEnabled: false, pageLoadStrategy: normal, platformName: windows, proxy: Proxy(), se:cdp: ws://localhost:64210/devtoo..., se:cdpVersion: 148.0.7778.169, setWindowRect: true, strictFileInteractability: false, timeouts: {implicit: 0, pageLoad: 300000, script: 30000}, unhandledPromptBehavior: dismiss and notify, webauthn:extension:credBlob: true, webauthn:extension:largeBlob: true, webauthn:extension:minPinLength: true, webauthn:extension:prf: true, webauthn:virtualAuthenticators: true}
Element: [[ChromeDriver: chrome on windows (c6108ff70ec72344ae7958cb71357665)] -> xpath: //select[@name="department_grp_id"]]
Session ID: c6108ff70ec72344ae7958cb71357665]]>
            </message>
            <full-stacktrace>
              <![CDATA[org.openqa.selenium.StaleElementReferenceException: stale element reference: stale element not found in the current frame
  (Session info: chrome=148.0.7778.169)
For documentation on this error, please visit: https://www.selenium.dev/documentation/webdriver/troubleshooting/errors#staleelementreferenceexception
Build info: version: '4.38.0', revision: '6b412e825c'
System info: os.name: 'Windows 11', os.arch: 'amd64', os.version: '10.0', java.version: '21.0.9'
Driver info: org.openqa.selenium.chrome.ChromeDriver
Command: [c6108ff70ec72344ae7958cb71357665, getElementTagName {id=f.F1825AED6CDC8632E4418C6A8833FFEB.d.DD3E54292B1427D76D6BFAD9E2F81C47.e.108}]
Capabilities {acceptInsecureCerts: false, browserName: chrome, browserVersion: 148.0.7778.169, chrome: {chromedriverVersion: 148.0.7778.178 (d096af1c9e9..., userDataDir: C:\Users\W066520\AppData\Lo...}, fedcm:accounts: true, goog:chromeOptions: {debuggerAddress: localhost:64210}, goog:processID: 43720, networkConnectionEnabled: false, pageLoadStrategy: normal, platformName: windows, proxy: Proxy(), se:cdp: ws://localhost:64210/devtoo..., se:cdpVersion: 148.0.7778.169, setWindowRect: true, strictFileInteractability: false, timeouts: {implicit: 0, pageLoad: 300000, script: 30000}, unhandledPromptBehavior: dismiss and notify, webauthn:extension:credBlob: true, webauthn:extension:largeBlob: true, webauthn:extension:minPinLength: true, webauthn:extension:prf: true, webauthn:virtualAuthenticators: true}
Element: [[ChromeDriver: chrome on windows (c6108ff70ec72344ae7958cb71357665)] -> xpath: //select[@name="department_grp_id"]]
Session ID: c6108ff70ec72344ae7958cb71357665
at java.base/jdk.internal.reflect.DirectConstructorHandleAccessor.newInstance(DirectConstructorHandleAccessor.java:62)
at java.base/java.lang.reflect.Constructor.newInstanceWithCaller(Constructor.java:502)
at java.base/java.lang.reflect.Constructor.newInstance(Constructor.java:486)
at org.openqa.selenium.remote.ErrorCodec.decode(ErrorCodec.java:167)
at org.openqa.selenium.remote.codec.w3c.W3CHttpResponseCodec.decode(W3CHttpResponseCodec.java:138)
at org.openqa.selenium.remote.codec.w3c.W3CHttpResponseCodec.decode(W3CHttpResponseCodec.java:50)
at org.openqa.selenium.remote.HttpCommandExecutor.execute(HttpCommandExecutor.java:215)
at org.openqa.selenium.remote.service.DriverCommandExecutor.invokeExecute(DriverCommandExecutor.java:216)
at org.openqa.selenium.remote.service.DriverCommandExecutor.execute(DriverCommandExecutor.java:174)
at org.openqa.selenium.remote.RemoteWebDriver.execute(RemoteWebDriver.java:557)
at org.openqa.selenium.remote.RemoteWebElement.execute(RemoteWebElement.java:223)
at org.openqa.selenium.remote.RemoteWebElement.getTagName(RemoteWebElement.java:134)
at java.base/jdk.internal.reflect.DirectMethodHandleAccessor.invoke(DirectMethodHandleAccessor.java:103)
at java.base/java.lang.reflect.Method.invoke(Method.java:580)
at org.openqa.selenium.support.pagefactory.internal.LocatingElementHandler.invoke(LocatingElementHandler.java:51)
at jdk.proxy2/jdk.proxy2.$Proxy15.getTagName(Unknown Source)
at org.openqa.selenium.support.ui.Select.<init>(Select.java:41)
at com.sgplus.erp.genericutility.WebDriverUtility.select(WebDriverUtility.java:105)
at com.DowntimeAnalysisPage.DowntimeAnalysisDropdownValidationTest.DowntimeAnalysisDropdownValidationTest(DowntimeAnalysisDropdownValidationTest.java:83)
at java.base/jdk.internal.reflect.DirectMethodHandleAccessor.invoke(DirectMethodHandleAccessor.java:103)
at java.base/java.lang.reflect.Method.invoke(Method.java:580)
at org.testng.internal.invokers.MethodInvocationHelper.invokeMethod(MethodInvocationHelper.java:141)
at org.testng.internal.invokers.TestInvoker.invokeMethod(TestInvoker.java:687)
at org.testng.internal.invokers.TestInvoker.invokeTestMethod(TestInvoker.java:230)
at org.testng.internal.invokers.MethodRunner.runInSequence(MethodRunner.java:63)
at org.testng.internal.invokers.TestInvoker$MethodInvocationAgent.invoke(TestInvoker.java:995)
at org.testng.internal.invokers.TestInvoker.invokeTestMethods(TestInvoker.java:203)
at org.testng.internal.invokers.TestMethodWorker.invokeTestMethods(TestMethodWorker.java:154)
at org.testng.internal.invokers.TestMethodWorker.run(TestMethodWorker.java:134)
at java.base/java.util.ArrayList.forEach(ArrayList.java:1596)
at org.testng.TestRunner.privateRun(TestRunner.java:741)
at org.testng.TestRunner.run(TestRunner.java:616)
at org.testng.SuiteRunner.runTest(SuiteRunner.java:421)
at org.testng.SuiteRunner.runSequentially(SuiteRunner.java:413)
at org.testng.SuiteRunner.privateRun(SuiteRunner.java:373)
at org.testng.SuiteRunner.run(SuiteRunner.java:312)
at org.testng.SuiteRunnerWorker.runSuite(SuiteRunnerWorker.java:52)
at org.testng.SuiteRunnerWorker.run(SuiteRunnerWorker.java:95)
at org.testng.TestNG.runSuitesSequentially(TestNG.java:1274)
at org.testng.TestNG.runSuitesLocally(TestNG.java:1208)
at org.testng.TestNG.runSuites(TestNG.java:1112)
at org.testng.TestNG.run(TestNG.java:1079)
at org.testng.remote.AbstractRemoteTestNG.run(AbstractRemoteTestNG.java:115)
at org.testng.remote.RemoteTestNG.initAndRun(RemoteTestNG.java:293)
at org.testng.remote.RemoteTestNG.main(RemoteTestNG.java:91)
]]>
            </full-stacktrace>
          </exception> <!-- org.openqa.selenium.StaleElementReferenceException -->
          <reporter-output>
          </reporter-output>
        </test-method> <!-- DowntimeAnalysisDropdownValidationTest -->
        <test-method is-config="true" signature="configAM()[pri:0, instance:com.DowntimeAnalysisPage.DowntimeAnalysisDropdownValidationTest@193f604a]" started-at="2026-05-21T17:13:43 IST" name="configAM" finished-at="2026-05-21T17:13:43 IST" duration-ms="93" status="PASS">
          <reporter-output>
          </reporter-output>
        </test-method> <!-- configAM -->
        <test-method is-config="true" signature="configAC()[pri:0, instance:com.DowntimeAnalysisPage.DowntimeAnalysisDropdownValidationTest@193f604a]" started-at="2026-05-21T17:13:43 IST" name="configAC" finished-at="2026-05-21T17:13:43 IST" duration-ms="354" status="PASS">
          <reporter-output>
          </reporter-output>
        </test-method> <!-- configAC -->
      </class> <!-- com.DowntimeAnalysisPage.DowntimeAnalysisDropdownValidationTest -->
      <class name="com.DowntimeShiftview.VerifyNavigationToShiftViewPageTest">
        <test-method is-config="true" signature="configBC()[pri:0, instance:com.DowntimeShiftview.VerifyNavigationToShiftViewPageTest@932bc4a]" started-at="2026-05-21T17:13:43 IST" name="configBC" finished-at="2026-05-21T17:13:44 IST" duration-ms="1051" status="PASS">
          <reporter-output>
          </reporter-output>
        </test-method> <!-- configBC -->
        <test-method is-config="true" signature="configBM()[pri:0, instance:com.DowntimeShiftview.VerifyNavigationToShiftViewPageTest@932bc4a]" started-at="2026-05-21T17:13:44 IST" name="configBM" finished-at="2026-05-21T17:13:46 IST" duration-ms="1407" status="PASS">
          <reporter-output>
          </reporter-output>
        </test-method> <!-- configBM -->
        <test-method signature="VerifyNavigationToShiftViewPageTest()[pri:0, instance:com.DowntimeShiftview.VerifyNavigationToShiftViewPageTest@932bc4a]" started-at="2026-05-21T17:13:46 IST" name="VerifyNavigationToShiftViewPageTest" finished-at="2026-05-21T17:13:50 IST" duration-ms="4505" status="PASS">
          <reporter-output>
          </reporter-output>
        </test-method> <!-- VerifyNavigationToShiftViewPageTest -->
        <test-method is-config="true" signature="configAM()[pri:0, instance:com.DowntimeShiftview.VerifyNavigationToShiftViewPageTest@932bc4a]" started-at="2026-05-21T17:13:50 IST" name="configAM" finished-at="2026-05-21T17:13:50 IST" duration-ms="64" status="PASS">
          <reporter-output>
          </reporter-output>
        </test-method> <!-- configAM -->
        <test-method is-config="true" signature="configAC()[pri:0, instance:com.DowntimeShiftview.VerifyNavigationToShiftViewPageTest@932bc4a]" started-at="2026-05-21T17:13:50 IST" name="configAC" finished-at="2026-05-21T17:13:51 IST" duration-ms="311" status="PASS">
          <reporter-output>
          </reporter-output>
        </test-method> <!-- configAC -->
      </class> <!-- com.DowntimeShiftview.VerifyNavigationToShiftViewPageTest -->
      <class name="com.OEEDashBoard.VerifytheShiftproductionreportEquipemntwise">
        <test-method is-config="true" signature="configBC()[pri:0, instance:com.OEEDashBoard.VerifytheShiftproductionreportEquipemntwise@4a7f959b]" started-at="2026-05-21T17:55:36 IST" name="configBC" finished-at="2026-05-21T17:55:38 IST" duration-ms="1128" status="PASS">
          <reporter-output>
          </reporter-output>
        </test-method> <!-- configBC -->
        <test-method is-config="true" signature="configBM()[pri:0, instance:com.OEEDashBoard.VerifytheShiftproductionreportEquipemntwise@4a7f959b]" started-at="2026-05-21T17:55:38 IST" name="configBM" finished-at="2026-05-21T17:55:39 IST" duration-ms="1347" status="PASS">
          <reporter-output>
          </reporter-output>
        </test-method> <!-- configBM -->
        <test-method signature="VerifytheShiftproductionreportEquipemntwise()[pri:0, instance:com.OEEDashBoard.VerifytheShiftproductionreportEquipemntwise@4a7f959b]" started-at="2026-05-21T17:55:39 IST" name="VerifytheShiftproductionreportEquipemntwise" finished-at="2026-05-21T17:56:04 IST" duration-ms="25029" status="PASS">
          <reporter-output>
          </reporter-output>
        </test-method> <!-- VerifytheShiftproductionreportEquipemntwise -->
        <test-method is-config="true" signature="configAM()[pri:0, instance:com.OEEDashBoard.VerifytheShiftproductionreportEquipemntwise@4a7f959b]" started-at="2026-05-21T17:56:04 IST" name="configAM" finished-at="2026-05-21T17:56:04 IST" duration-ms="91" status="PASS">
          <reporter-output>
          </reporter-output>
        </test-method> <!-- configAM -->
        <test-method is-config="true" signature="configAC()[pri:0, instance:com.OEEDashBoard.VerifytheShiftproductionreportEquipemntwise@4a7f959b]" started-at="2026-05-21T17:56:04 IST" name="configAC" finished-at="2026-05-21T17:56:05 IST" duration-ms="507" status="PASS">
          <reporter-output>
          </reporter-output>
        </test-method> <!-- configAC -->
      </class> <!-- com.OEEDashBoard.VerifytheShiftproductionreportEquipemntwise -->
      <class name="com.DowntimeModule.DowntimeDashboardDataValidationTest">
        <test-method is-config="true" signature="configBC()[pri:0, instance:com.DowntimeModule.DowntimeDashboardDataValidationTest@1cbb87f3]" started-at="2026-05-21T17:23:13 IST" name="configBC" finished-at="2026-05-21T17:23:14 IST" duration-ms="1051" status="PASS">
          <reporter-output>
          </reporter-output>
        </test-method> <!-- configBC -->
        <test-method is-config="true" signature="configBM()[pri:0, instance:com.DowntimeModule.DowntimeDashboardDataValidationTest@1cbb87f3]" started-at="2026-05-21T17:23:14 IST" name="configBM" finished-at="2026-05-21T17:23:15 IST" duration-ms="1344" status="PASS">
          <reporter-output>
          </reporter-output>
        </test-method> <!-- configBM -->
        <test-method signature="DowntimeDashboardDataValidationTest()[pri:0, instance:com.DowntimeModule.DowntimeDashboardDataValidationTest@1cbb87f3]" started-at="2026-05-21T17:23:15 IST" name="DowntimeDashboardDataValidationTest" finished-at="2026-05-21T17:23:26 IST" duration-ms="11422" status="PASS">
          <reporter-output>
          </reporter-output>
        </test-method> <!-- DowntimeDashboardDataValidationTest -->
        <test-method is-config="true" signature="configAM()[pri:0, instance:com.DowntimeModule.DowntimeDashboardDataValidationTest@1cbb87f3]" started-at="2026-05-21T17:23:26 IST" name="configAM" finished-at="2026-05-21T17:23:27 IST" duration-ms="75" status="PASS">
          <reporter-output>
          </reporter-output>
        </test-method> <!-- configAM -->
        <test-method is-config="true" signature="configAC()[pri:0, instance:com.DowntimeModule.DowntimeDashboardDataValidationTest@1cbb87f3]" started-at="2026-05-21T17:23:27 IST" name="configAC" finished-at="2026-05-21T17:23:27 IST" duration-ms="346" status="PASS">
          <reporter-output>
          </reporter-output>
        </test-method> <!-- configAC -->
      </class> <!-- com.DowntimeModule.DowntimeDashboardDataValidationTest -->
      <class name="com.ReasonLinkingPage.ReasonLinkingFilterDataValidationTest">
        <test-method is-config="true" signature="configBC()[pri:0, instance:com.ReasonLinkingPage.ReasonLinkingFilterDataValidationTest@2dde1bff]" started-at="2026-05-21T17:45:16 IST" name="configBC" finished-at="2026-05-21T17:45:18 IST" duration-ms="1536" status="PASS">
          <reporter-output>
          </reporter-output>
        </test-method> <!-- configBC -->
        <test-method is-config="true" signature="configBM()[pri:0, instance:com.ReasonLinkingPage.ReasonLinkingFilterDataValidationTest@2dde1bff]" started-at="2026-05-21T17:45:18 IST" name="configBM" finished-at="2026-05-21T17:45:19 IST" duration-ms="1433" status="PASS">
          <reporter-output>
          </reporter-output>
        </test-method> <!-- configBM -->
        <test-method signature="ReasonLinkingFilterDataValidationTest()[pri:0, instance:com.ReasonLinkingPage.ReasonLinkingFilterDataValidationTest@2dde1bff]" started-at="2026-05-21T17:45:19 IST" name="ReasonLinkingFilterDataValidationTest" finished-at="2026-05-21T17:45:23 IST" duration-ms="3800" status="PASS">
          <reporter-output>
          </reporter-output>
        </test-method> <!-- ReasonLinkingFilterDataValidationTest -->
        <test-method is-config="true" signature="configAM()[pri:0, instance:com.ReasonLinkingPage.ReasonLinkingFilterDataValidationTest@2dde1bff]" started-at="2026-05-21T17:45:23 IST" name="configAM" finished-at="2026-05-21T17:45:23 IST" duration-ms="88" status="PASS">
          <reporter-output>
          </reporter-output>
        </test-method> <!-- configAM -->
        <test-method is-config="true" signature="configAC()[pri:0, instance:com.ReasonLinkingPage.ReasonLinkingFilterDataValidationTest@2dde1bff]" started-at="2026-05-21T17:45:23 IST" name="configAC" finished-at="2026-05-21T17:45:23 IST" duration-ms="405" status="PASS">
          <reporter-output>
          </reporter-output>
        </test-method> <!-- configAC -->
      </class> <!-- com.ReasonLinkingPage.ReasonLinkingFilterDataValidationTest -->
      <class name="com.ReasonLinkingPage.ReasonLinkingUnlinkedExportTest">
        <test-method is-config="true" signature="configBC()[pri:0, instance:com.ReasonLinkingPage.ReasonLinkingUnlinkedExportTest@6a84a97d]" started-at="2026-05-21T17:55:22 IST" name="configBC" finished-at="2026-05-21T17:55:23 IST" duration-ms="1098" status="PASS">
          <reporter-output>
          </reporter-output>
        </test-method> <!-- configBC -->
        <test-method is-config="true" signature="configBM()[pri:0, instance:com.ReasonLinkingPage.ReasonLinkingUnlinkedExportTest@6a84a97d]" started-at="2026-05-21T17:55:23 IST" name="configBM" finished-at="2026-05-21T17:55:24 IST" duration-ms="1475" status="PASS">
          <reporter-output>
          </reporter-output>
        </test-method> <!-- configBM -->
        <test-method signature="ReasonLinkingUnlinkedExportTest()[pri:0, instance:com.ReasonLinkingPage.ReasonLinkingUnlinkedExportTest@6a84a97d]" started-at="2026-05-21T17:55:24 IST" name="ReasonLinkingUnlinkedExportTest" finished-at="2026-05-21T17:55:35 IST" duration-ms="10782" status="PASS">
          <reporter-output>
          </reporter-output>
        </test-method> <!-- ReasonLinkingUnlinkedExportTest -->
        <test-method is-config="true" signature="configAM()[pri:0, instance:com.ReasonLinkingPage.ReasonLinkingUnlinkedExportTest@6a84a97d]" started-at="2026-05-21T17:55:35 IST" name="configAM" finished-at="2026-05-21T17:55:36 IST" duration-ms="926" status="PASS">
          <reporter-output>
          </reporter-output>
        </test-method> <!-- configAM -->
        <test-method is-config="true" signature="configAC()[pri:0, instance:com.ReasonLinkingPage.ReasonLinkingUnlinkedExportTest@6a84a97d]" started-at="2026-05-21T17:55:36 IST" name="configAC" finished-at="2026-05-21T17:55:36 IST" duration-ms="391" status="PASS">
          <reporter-output>
          </reporter-output>
        </test-method> <!-- configAC -->
      </class> <!-- com.ReasonLinkingPage.ReasonLinkingUnlinkedExportTest -->
      <class name="AddReasonPage.VerifytheReasonsearchfunctionalityTest">
        <test-method is-config="true" signature="configBC()[pri:0, instance:AddReasonPage.VerifytheReasonsearchfunctionalityTest@32b260fa]" started-at="2026-05-21T17:41:37 IST" name="configBC" finished-at="2026-05-21T17:41:38 IST" duration-ms="1102" status="PASS">
          <reporter-output>
          </reporter-output>
        </test-method> <!-- configBC -->
        <test-method is-config="true" signature="configBM()[pri:0, instance:AddReasonPage.VerifytheReasonsearchfunctionalityTest@32b260fa]" started-at="2026-05-21T17:41:39 IST" name="configBM" finished-at="2026-05-21T17:41:40 IST" duration-ms="1977" status="PASS">
          <reporter-output>
          </reporter-output>
        </test-method> <!-- configBM -->
        <test-method signature="VerifytheReasonsearchfunctionalityTest()[pri:0, instance:AddReasonPage.VerifytheReasonsearchfunctionalityTest@32b260fa]" started-at="2026-05-21T17:41:40 IST" name="VerifytheReasonsearchfunctionalityTest" finished-at="2026-05-21T17:42:13 IST" duration-ms="32034" status="FAIL">
          <exception class="org.openqa.selenium.NoSuchElementException">
            <message>
              <![CDATA[no such element: Unable to locate element: {"method":"xpath","selector":"//input[@placeholder="Search"]"}
  (Session info: chrome=148.0.7778.169)
For documentation on this error, please visit: https://www.selenium.dev/documentation/webdriver/troubleshooting/errors#nosuchelementexception
Build info: version: '4.38.0', revision: '6b412e825c'
System info: os.name: 'Windows 11', os.arch: 'amd64', os.version: '10.0', java.version: '21.0.9'
Driver info: org.openqa.selenium.chrome.ChromeDriver
Command: [f1a947795634b8513ca2618e6302f6d4, findElement {value=//input[@placeholder="Search"], using=xpath}]
Capabilities {acceptInsecureCerts: false, browserName: chrome, browserVersion: 148.0.7778.169, chrome: {chromedriverVersion: 148.0.7778.178 (d096af1c9e9..., userDataDir: C:\Users\W066520\AppData\Lo...}, fedcm:accounts: true, goog:chromeOptions: {debuggerAddress: localhost:50801}, goog:processID: 47564, networkConnectionEnabled: false, pageLoadStrategy: normal, platformName: windows, proxy: Proxy(), se:cdp: ws://localhost:50801/devtoo..., se:cdpVersion: 148.0.7778.169, setWindowRect: true, strictFileInteractability: false, timeouts: {implicit: 0, pageLoad: 300000, script: 30000}, unhandledPromptBehavior: dismiss and notify, webauthn:extension:credBlob: true, webauthn:extension:largeBlob: true, webauthn:extension:minPinLength: true, webauthn:extension:prf: true, webauthn:virtualAuthenticators: true}
Session ID: f1a947795634b8513ca2618e6302f6d4]]>
            </message>
            <full-stacktrace>
              <![CDATA[org.openqa.selenium.NoSuchElementException: no such element: Unable to locate element: {"method":"xpath","selector":"//input[@placeholder="Search"]"}
  (Session info: chrome=148.0.7778.169)
For documentation on this error, please visit: https://www.selenium.dev/documentation/webdriver/troubleshooting/errors#nosuchelementexception
Build info: version: '4.38.0', revision: '6b412e825c'
System info: os.name: 'Windows 11', os.arch: 'amd64', os.version: '10.0', java.version: '21.0.9'
Driver info: org.openqa.selenium.chrome.ChromeDriver
Command: [f1a947795634b8513ca2618e6302f6d4, findElement {value=//input[@placeholder="Search"], using=xpath}]
Capabilities {acceptInsecureCerts: false, browserName: chrome, browserVersion: 148.0.7778.169, chrome: {chromedriverVersion: 148.0.7778.178 (d096af1c9e9..., userDataDir: C:\Users\W066520\AppData\Lo...}, fedcm:accounts: true, goog:chromeOptions: {debuggerAddress: localhost:50801}, goog:processID: 47564, networkConnectionEnabled: false, pageLoadStrategy: normal, platformName: windows, proxy: Proxy(), se:cdp: ws://localhost:50801/devtoo..., se:cdpVersion: 148.0.7778.169, setWindowRect: true, strictFileInteractability: false, timeouts: {implicit: 0, pageLoad: 300000, script: 30000}, unhandledPromptBehavior: dismiss and notify, webauthn:extension:credBlob: true, webauthn:extension:largeBlob: true, webauthn:extension:minPinLength: true, webauthn:extension:prf: true, webauthn:virtualAuthenticators: true}
Session ID: f1a947795634b8513ca2618e6302f6d4
at java.base/jdk.internal.reflect.DirectConstructorHandleAccessor.newInstance(DirectConstructorHandleAccessor.java:62)
at java.base/java.lang.reflect.Constructor.newInstanceWithCaller(Constructor.java:502)
at java.base/java.lang.reflect.Constructor.newInstance(Constructor.java:486)
at org.openqa.selenium.remote.ErrorCodec.decode(ErrorCodec.java:167)
at org.openqa.selenium.remote.codec.w3c.W3CHttpResponseCodec.decode(W3CHttpResponseCodec.java:138)
at org.openqa.selenium.remote.codec.w3c.W3CHttpResponseCodec.decode(W3CHttpResponseCodec.java:50)
at org.openqa.selenium.remote.HttpCommandExecutor.execute(HttpCommandExecutor.java:215)
at org.openqa.selenium.remote.service.DriverCommandExecutor.invokeExecute(DriverCommandExecutor.java:216)
at org.openqa.selenium.remote.service.DriverCommandExecutor.execute(DriverCommandExecutor.java:174)
at org.openqa.selenium.remote.RemoteWebDriver.execute(RemoteWebDriver.java:557)
at org.openqa.selenium.remote.ElementLocation$ElementFinder$2.findElement(ElementLocation.java:165)
at org.openqa.selenium.remote.ElementLocation.findElement(ElementLocation.java:59)
at org.openqa.selenium.remote.RemoteWebDriver.findElement(RemoteWebDriver.java:380)
at org.openqa.selenium.remote.RemoteWebDriver.findElement(RemoteWebDriver.java:374)
at org.openqa.selenium.support.pagefactory.DefaultElementLocator.findElement(DefaultElementLocator.java:68)
at org.openqa.selenium.support.pagefactory.internal.LocatingElementHandler.invoke(LocatingElementHandler.java:38)
at jdk.proxy2/jdk.proxy2.$Proxy15.clear(Unknown Source)
at AddReasonPage.VerifytheReasonsearchfunctionalityTest.VerifytheReasonsearchfunctionalityTest(VerifytheReasonsearchfunctionalityTest.java:71)
at java.base/jdk.internal.reflect.DirectMethodHandleAccessor.invoke(DirectMethodHandleAccessor.java:103)
at java.base/java.lang.reflect.Method.invoke(Method.java:580)
at org.testng.internal.invokers.MethodInvocationHelper.invokeMethod(MethodInvocationHelper.java:141)
at org.testng.internal.invokers.TestInvoker.invokeMethod(TestInvoker.java:687)
at org.testng.internal.invokers.TestInvoker.invokeTestMethod(TestInvoker.java:230)
at org.testng.internal.invokers.MethodRunner.runInSequence(MethodRunner.java:63)
at org.testng.internal.invokers.TestInvoker$MethodInvocationAgent.invoke(TestInvoker.java:995)
at org.testng.internal.invokers.TestInvoker.invokeTestMethods(TestInvoker.java:203)
at org.testng.internal.invokers.TestMethodWorker.invokeTestMethods(TestMethodWorker.java:154)
at org.testng.internal.invokers.TestMethodWorker.run(TestMethodWorker.java:134)
at java.base/java.util.ArrayList.forEach(ArrayList.java:1596)
at org.testng.TestRunner.privateRun(TestRunner.java:741)
at org.testng.TestRunner.run(TestRunner.java:616)
at org.testng.SuiteRunner.runTest(SuiteRunner.java:421)
at org.testng.SuiteRunner.runSequentially(SuiteRunner.java:413)
at org.testng.SuiteRunner.privateRun(SuiteRunner.java:373)
at org.testng.SuiteRunner.run(SuiteRunner.java:312)
at org.testng.SuiteRunnerWorker.runSuite(SuiteRunnerWorker.java:52)
at org.testng.SuiteRunnerWorker.run(SuiteRunnerWorker.java:95)
at org.testng.TestNG.runSuitesSequentially(TestNG.java:1274)
at org.testng.TestNG.runSuitesLocally(TestNG.java:1208)
at org.testng.TestNG.runSuites(TestNG.java:1112)
at org.testng.TestNG.run(TestNG.java:1079)
at org.testng.remote.AbstractRemoteTestNG.run(AbstractRemoteTestNG.java:115)
at org.testng.remote.RemoteTestNG.initAndRun(RemoteTestNG.java:293)
at org.testng.remote.RemoteTestNG.main(RemoteTestNG.java:91)
]]>
            </full-stacktrace>
          </exception> <!-- org.openqa.selenium.NoSuchElementException -->
          <reporter-output>
          </reporter-output>
        </test-method> <!-- VerifytheReasonsearchfunctionalityTest -->
        <test-method is-config="true" signature="configAM()[pri:0, instance:AddReasonPage.VerifytheReasonsearchfunctionalityTest@32b260fa]" started-at="2026-05-21T17:42:13 IST" name="configAM" finished-at="2026-05-21T17:42:13 IST" duration-ms="46" status="PASS">
          <reporter-output>
          </reporter-output>
        </test-method> <!-- configAM -->
        <test-method is-config="true" signature="configAC()[pri:0, instance:AddReasonPage.VerifytheReasonsearchfunctionalityTest@32b260fa]" started-at="2026-05-21T17:42:13 IST" name="configAC" finished-at="2026-05-21T17:42:13 IST" duration-ms="301" status="PASS">
          <reporter-output>
          </reporter-output>
        </test-method> <!-- configAC -->
      </class> <!-- AddReasonPage.VerifytheReasonsearchfunctionalityTest -->
      <class name="com.Settings.Departements.verifyEditDepartmenTest">
        <test-method is-config="true" signature="configBC()[pri:0, instance:com.Settings.Departements.verifyEditDepartmenTest@69997e9d]" started-at="2026-05-21T17:28:13 IST" name="configBC" finished-at="2026-05-21T17:28:14 IST" duration-ms="1034" status="PASS">
          <reporter-output>
          </reporter-output>
        </test-method> <!-- configBC -->
        <test-method is-config="true" signature="configBM()[pri:0, instance:com.Settings.Departements.verifyEditDepartmenTest@69997e9d]" started-at="2026-05-21T17:28:14 IST" name="configBM" finished-at="2026-05-21T17:28:16 IST" duration-ms="1231" status="PASS">
          <reporter-output>
          </reporter-output>
        </test-method> <!-- configBM -->
        <test-method signature="verifyEditDepartmenTest()[pri:0, instance:com.Settings.Departements.verifyEditDepartmenTest@69997e9d]" started-at="2026-05-21T17:28:16 IST" name="verifyEditDepartmenTest" finished-at="2026-05-21T17:28:39 IST" duration-ms="23608" status="PASS">
          <reporter-output>
          </reporter-output>
        </test-method> <!-- verifyEditDepartmenTest -->
        <test-method is-config="true" signature="configAM()[pri:0, instance:com.Settings.Departements.verifyEditDepartmenTest@69997e9d]" started-at="2026-05-21T17:28:39 IST" name="configAM" finished-at="2026-05-21T17:28:39 IST" duration-ms="88" status="PASS">
          <reporter-output>
          </reporter-output>
        </test-method> <!-- configAM -->
        <test-method is-config="true" signature="configAC()[pri:0, instance:com.Settings.Departements.verifyEditDepartmenTest@69997e9d]" started-at="2026-05-21T17:28:39 IST" name="configAC" finished-at="2026-05-21T17:28:40 IST" duration-ms="411" status="PASS">
          <reporter-output>
          </reporter-output>
        </test-method> <!-- configAC -->
      </class> <!-- com.Settings.Departements.verifyEditDepartmenTest -->
      <class name="com.DowntimeEnhacementPage.DowntimeEnhacementTableExportTest">
        <test-method is-config="true" signature="configBC()[pri:0, instance:com.DowntimeEnhacementPage.DowntimeEnhacementTableExportTest@50ad3bc1]" started-at="2026-05-21T17:13:18 IST" name="configBC" finished-at="2026-05-21T17:13:19 IST" duration-ms="1072" status="PASS">
          <reporter-output>
          </reporter-output>
        </test-method> <!-- configBC -->
        <test-method is-config="true" signature="configBM()[pri:0, instance:com.DowntimeEnhacementPage.DowntimeEnhacementTableExportTest@50ad3bc1]" started-at="2026-05-21T17:13:19 IST" name="configBM" finished-at="2026-05-21T17:13:22 IST" duration-ms="2335" status="PASS">
          <reporter-output>
          </reporter-output>
        </test-method> <!-- configBM -->
        <test-method signature="DowntimeEnhacementTableExport()[pri:0, instance:com.DowntimeEnhacementPage.DowntimeEnhacementTableExportTest@50ad3bc1]" started-at="2026-05-21T17:13:22 IST" name="DowntimeEnhacementTableExport" finished-at="2026-05-21T17:13:34 IST" duration-ms="12358" status="PASS">
          <reporter-output>
          </reporter-output>
        </test-method> <!-- DowntimeEnhacementTableExport -->
        <test-method is-config="true" signature="configAM()[pri:0, instance:com.DowntimeEnhacementPage.DowntimeEnhacementTableExportTest@50ad3bc1]" started-at="2026-05-21T17:13:34 IST" name="configAM" finished-at="2026-05-21T17:13:34 IST" duration-ms="263" status="PASS">
          <reporter-output>
          </reporter-output>
        </test-method> <!-- configAM -->
        <test-method is-config="true" signature="configAC()[pri:0, instance:com.DowntimeEnhacementPage.DowntimeEnhacementTableExportTest@50ad3bc1]" started-at="2026-05-21T17:13:34 IST" name="configAC" finished-at="2026-05-21T17:13:35 IST" duration-ms="508" status="PASS">
          <reporter-output>
          </reporter-output>
        </test-method> <!-- configAC -->
      </class> <!-- com.DowntimeEnhacementPage.DowntimeEnhacementTableExportTest -->
      <class name="com.RecipeMasterPage.ValidateRequiredFieldsInAddRecipeFormTest">
        <test-method is-config="true" signature="configBC()[pri:0, instance:com.RecipeMasterPage.ValidateRequiredFieldsInAddRecipeFormTest@24fcf36f]" started-at="2026-05-21T17:14:45 IST" name="configBC" finished-at="2026-05-21T17:14:46 IST" duration-ms="1041" status="PASS">
          <reporter-output>
          </reporter-output>
        </test-method> <!-- configBC -->
        <test-method is-config="true" signature="configBM()[pri:0, instance:com.RecipeMasterPage.ValidateRequiredFieldsInAddRecipeFormTest@24fcf36f]" started-at="2026-05-21T17:14:46 IST" name="configBM" finished-at="2026-05-21T17:14:48 IST" duration-ms="1685" status="PASS">
          <reporter-output>
          </reporter-output>
        </test-method> <!-- configBM -->
        <test-method signature="ValidateRequiredFieldsInAddRecipeFormTest()[pri:0, instance:com.RecipeMasterPage.ValidateRequiredFieldsInAddRecipeFormTest@24fcf36f]" started-at="2026-05-21T17:14:48 IST" name="ValidateRequiredFieldsInAddRecipeFormTest" finished-at="2026-05-21T17:15:23 IST" duration-ms="34796" status="FAIL">
          <exception class="org.openqa.selenium.TimeoutException">
            <message>
              <![CDATA[Expected condition failed: waiting for visibility of element located by By.xpath: //div[contains(text(),'Recipe created successfully')] (tried for 10 second(s) with 500 milliseconds interval)
Build info: version: '4.38.0', revision: '6b412e825c'
System info: os.name: 'Windows 11', os.arch: 'amd64', os.version: '10.0', java.version: '21.0.9'
Driver info: org.openqa.selenium.chrome.ChromeDriver
Capabilities {acceptInsecureCerts: false, browserName: chrome, browserVersion: 148.0.7778.169, chrome: {chromedriverVersion: 148.0.7778.178 (d096af1c9e9..., userDataDir: C:\Users\W066520\AppData\Lo...}, fedcm:accounts: true, goog:chromeOptions: {debuggerAddress: localhost:53492}, goog:processID: 27036, networkConnectionEnabled: false, pageLoadStrategy: normal, platformName: windows, proxy: Proxy(), se:cdp: ws://localhost:53492/devtoo..., se:cdpVersion: 148.0.7778.169, setWindowRect: true, strictFileInteractability: false, timeouts: {implicit: 0, pageLoad: 300000, script: 30000}, unhandledPromptBehavior: dismiss and notify, webauthn:extension:credBlob: true, webauthn:extension:largeBlob: true, webauthn:extension:minPinLength: true, webauthn:extension:prf: true, webauthn:virtualAuthenticators: true}
Session ID: 14fa526af054b798840c683fe87fafc4]]>
            </message>
            <full-stacktrace>
              <![CDATA[org.openqa.selenium.TimeoutException: Expected condition failed: waiting for visibility of element located by By.xpath: //div[contains(text(),'Recipe created successfully')] (tried for 10 second(s) with 500 milliseconds interval)
Build info: version: '4.38.0', revision: '6b412e825c'
System info: os.name: 'Windows 11', os.arch: 'amd64', os.version: '10.0', java.version: '21.0.9'
Driver info: org.openqa.selenium.chrome.ChromeDriver
Capabilities {acceptInsecureCerts: false, browserName: chrome, browserVersion: 148.0.7778.169, chrome: {chromedriverVersion: 148.0.7778.178 (d096af1c9e9..., userDataDir: C:\Users\W066520\AppData\Lo...}, fedcm:accounts: true, goog:chromeOptions: {debuggerAddress: localhost:53492}, goog:processID: 27036, networkConnectionEnabled: false, pageLoadStrategy: normal, platformName: windows, proxy: Proxy(), se:cdp: ws://localhost:53492/devtoo..., se:cdpVersion: 148.0.7778.169, setWindowRect: true, strictFileInteractability: false, timeouts: {implicit: 0, pageLoad: 300000, script: 30000}, unhandledPromptBehavior: dismiss and notify, webauthn:extension:credBlob: true, webauthn:extension:largeBlob: true, webauthn:extension:minPinLength: true, webauthn:extension:prf: true, webauthn:virtualAuthenticators: true}
Session ID: 14fa526af054b798840c683fe87fafc4
at org.openqa.selenium.support.ui.WebDriverWait.timeoutException(WebDriverWait.java:84)
at org.openqa.selenium.support.ui.FluentWait.until(FluentWait.java:228)
at com.RecipeMasterPage.ValidateRequiredFieldsInAddRecipeFormTest.ValidateRequiredFieldsInAddRecipeFormTest(ValidateRequiredFieldsInAddRecipeFormTest.java:104)
at java.base/jdk.internal.reflect.DirectMethodHandleAccessor.invoke(DirectMethodHandleAccessor.java:103)
at java.base/java.lang.reflect.Method.invoke(Method.java:580)
at org.testng.internal.invokers.MethodInvocationHelper.invokeMethod(MethodInvocationHelper.java:141)
at org.testng.internal.invokers.TestInvoker.invokeMethod(TestInvoker.java:687)
at org.testng.internal.invokers.TestInvoker.invokeTestMethod(TestInvoker.java:230)
at org.testng.internal.invokers.MethodRunner.runInSequence(MethodRunner.java:63)
at org.testng.internal.invokers.TestInvoker$MethodInvocationAgent.invoke(TestInvoker.java:995)
at org.testng.internal.invokers.TestInvoker.invokeTestMethods(TestInvoker.java:203)
at org.testng.internal.invokers.TestMethodWorker.invokeTestMethods(TestMethodWorker.java:154)
at org.testng.internal.invokers.TestMethodWorker.run(TestMethodWorker.java:134)
at java.base/java.util.ArrayList.forEach(ArrayList.java:1596)
at org.testng.TestRunner.privateRun(TestRunner.java:741)
at org.testng.TestRunner.run(TestRunner.java:616)
at org.testng.SuiteRunner.runTest(SuiteRunner.java:421)
at org.testng.SuiteRunner.runSequentially(SuiteRunner.java:413)
at org.testng.SuiteRunner.privateRun(SuiteRunner.java:373)
at org.testng.SuiteRunner.run(SuiteRunner.java:312)
at org.testng.SuiteRunnerWorker.runSuite(SuiteRunnerWorker.java:52)
at org.testng.SuiteRunnerWorker.run(SuiteRunnerWorker.java:95)
at org.testng.TestNG.runSuitesSequentially(TestNG.java:1274)
at org.testng.TestNG.runSuitesLocally(TestNG.java:1208)
at org.testng.TestNG.runSuites(TestNG.java:1112)
at org.testng.TestNG.run(TestNG.java:1079)
at org.testng.remote.AbstractRemoteTestNG.run(AbstractRemoteTestNG.java:115)
at org.testng.remote.RemoteTestNG.initAndRun(RemoteTestNG.java:293)
at org.testng.remote.RemoteTestNG.main(RemoteTestNG.java:91)
]]>
            </full-stacktrace>
          </exception> <!-- org.openqa.selenium.TimeoutException -->
          <reporter-output>
          </reporter-output>
        </test-method> <!-- ValidateRequiredFieldsInAddRecipeFormTest -->
        <test-method is-config="true" signature="configAM()[pri:0, instance:com.RecipeMasterPage.ValidateRequiredFieldsInAddRecipeFormTest@24fcf36f]" started-at="2026-05-21T17:15:23 IST" name="configAM" finished-at="2026-05-21T17:15:53 IST" duration-ms="30007" status="FAIL">
          <exception class="org.openqa.selenium.NoSuchElementException">
            <message>
              <![CDATA[no such element: Unable to locate element: {"method":"xpath","selector":"//span[text()="Logout"]"}
  (Session info: chrome=148.0.7778.169)
For documentation on this error, please visit: https://www.selenium.dev/documentation/webdriver/troubleshooting/errors#nosuchelementexception
Build info: version: '4.38.0', revision: '6b412e825c'
System info: os.name: 'Windows 11', os.arch: 'amd64', os.version: '10.0', java.version: '21.0.9'
Driver info: org.openqa.selenium.chrome.ChromeDriver
Command: [14fa526af054b798840c683fe87fafc4, findElement {value=//span[text()="Logout"], using=xpath}]
Capabilities {acceptInsecureCerts: false, browserName: chrome, browserVersion: 148.0.7778.169, chrome: {chromedriverVersion: 148.0.7778.178 (d096af1c9e9..., userDataDir: C:\Users\W066520\AppData\Lo...}, fedcm:accounts: true, goog:chromeOptions: {debuggerAddress: localhost:53492}, goog:processID: 27036, networkConnectionEnabled: false, pageLoadStrategy: normal, platformName: windows, proxy: Proxy(), se:cdp: ws://localhost:53492/devtoo..., se:cdpVersion: 148.0.7778.169, setWindowRect: true, strictFileInteractability: false, timeouts: {implicit: 0, pageLoad: 300000, script: 30000}, unhandledPromptBehavior: dismiss and notify, webauthn:extension:credBlob: true, webauthn:extension:largeBlob: true, webauthn:extension:minPinLength: true, webauthn:extension:prf: true, webauthn:virtualAuthenticators: true}
Session ID: 14fa526af054b798840c683fe87fafc4]]>
            </message>
            <full-stacktrace>
              <![CDATA[org.openqa.selenium.NoSuchElementException: no such element: Unable to locate element: {"method":"xpath","selector":"//span[text()="Logout"]"}
  (Session info: chrome=148.0.7778.169)
For documentation on this error, please visit: https://www.selenium.dev/documentation/webdriver/troubleshooting/errors#nosuchelementexception
Build info: version: '4.38.0', revision: '6b412e825c'
System info: os.name: 'Windows 11', os.arch: 'amd64', os.version: '10.0', java.version: '21.0.9'
Driver info: org.openqa.selenium.chrome.ChromeDriver
Command: [14fa526af054b798840c683fe87fafc4, findElement {value=//span[text()="Logout"], using=xpath}]
Capabilities {acceptInsecureCerts: false, browserName: chrome, browserVersion: 148.0.7778.169, chrome: {chromedriverVersion: 148.0.7778.178 (d096af1c9e9..., userDataDir: C:\Users\W066520\AppData\Lo...}, fedcm:accounts: true, goog:chromeOptions: {debuggerAddress: localhost:53492}, goog:processID: 27036, networkConnectionEnabled: false, pageLoadStrategy: normal, platformName: windows, proxy: Proxy(), se:cdp: ws://localhost:53492/devtoo..., se:cdpVersion: 148.0.7778.169, setWindowRect: true, strictFileInteractability: false, timeouts: {implicit: 0, pageLoad: 300000, script: 30000}, unhandledPromptBehavior: dismiss and notify, webauthn:extension:credBlob: true, webauthn:extension:largeBlob: true, webauthn:extension:minPinLength: true, webauthn:extension:prf: true, webauthn:virtualAuthenticators: true}
Session ID: 14fa526af054b798840c683fe87fafc4
at java.base/jdk.internal.reflect.DirectConstructorHandleAccessor.newInstance(DirectConstructorHandleAccessor.java:62)
at java.base/java.lang.reflect.Constructor.newInstanceWithCaller(Constructor.java:502)
at java.base/java.lang.reflect.Constructor.newInstance(Constructor.java:486)
at org.openqa.selenium.remote.ErrorCodec.decode(ErrorCodec.java:167)
at org.openqa.selenium.remote.codec.w3c.W3CHttpResponseCodec.decode(W3CHttpResponseCodec.java:138)
at org.openqa.selenium.remote.codec.w3c.W3CHttpResponseCodec.decode(W3CHttpResponseCodec.java:50)
at org.openqa.selenium.remote.HttpCommandExecutor.execute(HttpCommandExecutor.java:215)
at org.openqa.selenium.remote.service.DriverCommandExecutor.invokeExecute(DriverCommandExecutor.java:216)
at org.openqa.selenium.remote.service.DriverCommandExecutor.execute(DriverCommandExecutor.java:174)
at org.openqa.selenium.remote.RemoteWebDriver.execute(RemoteWebDriver.java:557)
at org.openqa.selenium.remote.ElementLocation$ElementFinder$2.findElement(ElementLocation.java:165)
at org.openqa.selenium.remote.ElementLocation.findElement(ElementLocation.java:59)
at org.openqa.selenium.remote.RemoteWebDriver.findElement(RemoteWebDriver.java:380)
at org.openqa.selenium.remote.RemoteWebDriver.findElement(RemoteWebDriver.java:374)
at org.openqa.selenium.support.pagefactory.DefaultElementLocator.findElement(DefaultElementLocator.java:68)
at org.openqa.selenium.support.pagefactory.internal.LocatingElementHandler.invoke(LocatingElementHandler.java:38)
at jdk.proxy2/jdk.proxy2.$Proxy15.click(Unknown Source)
at com.sgplus.erp.genericutility.BaseClass.configAM(BaseClass.java:67)
at java.base/jdk.internal.reflect.DirectMethodHandleAccessor.invoke(DirectMethodHandleAccessor.java:103)
at java.base/java.lang.reflect.Method.invoke(Method.java:580)
at org.testng.internal.invokers.MethodInvocationHelper.invokeMethod(MethodInvocationHelper.java:141)
at org.testng.internal.invokers.MethodInvocationHelper.invokeMethodConsideringTimeout(MethodInvocationHelper.java:71)
at org.testng.internal.invokers.ConfigInvoker.invokeConfigurationMethod(ConfigInvoker.java:400)
at org.testng.internal.invokers.ConfigInvoker.invokeConfigurations(ConfigInvoker.java:333)
at org.testng.internal.invokers.TestInvoker.runConfigMethods(TestInvoker.java:836)
at org.testng.internal.invokers.TestInvoker.runAfterConfigurations(TestInvoker.java:805)
at org.testng.internal.invokers.TestInvoker.invokeMethod(TestInvoker.java:781)
at org.testng.internal.invokers.TestInvoker.invokeTestMethod(TestInvoker.java:230)
at org.testng.internal.invokers.MethodRunner.runInSequence(MethodRunner.java:63)
at org.testng.internal.invokers.TestInvoker$MethodInvocationAgent.invoke(TestInvoker.java:995)
at org.testng.internal.invokers.TestInvoker.invokeTestMethods(TestInvoker.java:203)
at org.testng.internal.invokers.TestMethodWorker.invokeTestMethods(TestMethodWorker.java:154)
at org.testng.internal.invokers.TestMethodWorker.run(TestMethodWorker.java:134)
at java.base/java.util.ArrayList.forEach(ArrayList.java:1596)
at org.testng.TestRunner.privateRun(TestRunner.java:741)
at org.testng.TestRunner.run(TestRunner.java:616)
at org.testng.SuiteRunner.runTest(SuiteRunner.java:421)
at org.testng.SuiteRunner.runSequentially(SuiteRunner.java:413)
at org.testng.SuiteRunner.privateRun(SuiteRunner.java:373)
at org.testng.SuiteRunner.run(SuiteRunner.java:312)
at org.testng.SuiteRunnerWorker.runSuite(SuiteRunnerWorker.java:52)
at org.testng.SuiteRunnerWorker.run(SuiteRunnerWorker.java:95)
at org.testng.TestNG.runSuitesSequentially(TestNG.java:1274)
at org.testng.TestNG.runSuitesLocally(TestNG.java:1208)
at org.testng.TestNG.runSuites(TestNG.java:1112)
at org.testng.TestNG.run(TestNG.java:1079)
at org.testng.remote.AbstractRemoteTestNG.run(AbstractRemoteTestNG.java:115)
at org.testng.remote.RemoteTestNG.initAndRun(RemoteTestNG.java:293)
at org.testng.remote.RemoteTestNG.main(RemoteTestNG.java:91)
]]>
            </full-stacktrace>
          </exception> <!-- org.openqa.selenium.NoSuchElementException -->
          <reporter-output>
          </reporter-output>
        </test-method> <!-- configAM -->
        <test-method is-config="true" signature="configAC()[pri:0, instance:com.RecipeMasterPage.ValidateRequiredFieldsInAddRecipeFormTest@24fcf36f]" started-at="2026-05-21T17:15:53 IST" name="configAC" finished-at="2026-05-21T17:15:53 IST" duration-ms="0" status="SKIP">
          <reporter-output>
          </reporter-output>
        </test-method> <!-- configAC -->
      </class> <!-- com.RecipeMasterPage.ValidateRequiredFieldsInAddRecipeFormTest -->
      <class name="com.DowntimeShiftview.VerifyShiftViewPageDataTest">
        <test-method is-config="true" signature="configBC()[pri:0, instance:com.DowntimeShiftview.VerifyShiftViewPageDataTest@3514a4c0]" started-at="2026-05-21T17:42:21 IST" name="configBC" finished-at="2026-05-21T17:42:22 IST" duration-ms="1015" status="PASS">
          <reporter-output>
          </reporter-output>
        </test-method> <!-- configBC -->
        <test-method is-config="true" signature="configBM()[pri:0, instance:com.DowntimeShiftview.VerifyShiftViewPageDataTest@3514a4c0]" started-at="2026-05-21T17:42:22 IST" name="configBM" finished-at="2026-05-21T17:42:23 IST" duration-ms="1228" status="PASS">
          <reporter-output>
          </reporter-output>
        </test-method> <!-- configBM -->
        <test-method signature="VerifyShiftViewPageDataTest()[pri:0, instance:com.DowntimeShiftview.VerifyShiftViewPageDataTest@3514a4c0]" started-at="2026-05-21T17:42:23 IST" name="VerifyShiftViewPageDataTest" finished-at="2026-05-21T17:42:26 IST" duration-ms="2781" status="PASS">
          <reporter-output>
          </reporter-output>
        </test-method> <!-- VerifyShiftViewPageDataTest -->
        <test-method is-config="true" signature="configAM()[pri:0, instance:com.DowntimeShiftview.VerifyShiftViewPageDataTest@3514a4c0]" started-at="2026-05-21T17:42:26 IST" name="configAM" finished-at="2026-05-21T17:42:26 IST" duration-ms="54" status="PASS">
          <reporter-output>
          </reporter-output>
        </test-method> <!-- configAM -->
        <test-method is-config="true" signature="configAC()[pri:0, instance:com.DowntimeShiftview.VerifyShiftViewPageDataTest@3514a4c0]" started-at="2026-05-21T17:42:26 IST" name="configAC" finished-at="2026-05-21T17:42:26 IST" duration-ms="314" status="PASS">
          <reporter-output>
          </reporter-output>
        </test-method> <!-- configAC -->
      </class> <!-- com.DowntimeShiftview.VerifyShiftViewPageDataTest -->
      <class name="com.Settings.DepartmentGroup.verifyMTTRMTBFSourceRadioButtonsTest">
        <test-method is-config="true" signature="configBC()[pri:0, instance:com.Settings.DepartmentGroup.verifyMTTRMTBFSourceRadioButtonsTest@101952da]" started-at="2026-05-21T17:42:52 IST" name="configBC" finished-at="2026-05-21T17:42:53 IST" duration-ms="1040" status="PASS">
          <reporter-output>
          </reporter-output>
        </test-method> <!-- configBC -->
        <test-method is-config="true" signature="configBM()[pri:0, instance:com.Settings.DepartmentGroup.verifyMTTRMTBFSourceRadioButtonsTest@101952da]" started-at="2026-05-21T17:42:53 IST" name="configBM" finished-at="2026-05-21T17:42:54 IST" duration-ms="1387" status="PASS">
          <reporter-output>
          </reporter-output>
        </test-method> <!-- configBM -->
        <test-method signature="verifyAddDepartmentGroupTest()[pri:0, instance:com.Settings.DepartmentGroup.verifyMTTRMTBFSourceRadioButtonsTest@101952da]" started-at="2026-05-21T17:42:54 IST" name="verifyAddDepartmentGroupTest" finished-at="2026-05-21T17:43:18 IST" duration-ms="23743" status="PASS">
          <reporter-output>
          </reporter-output>
        </test-method> <!-- verifyAddDepartmentGroupTest -->
        <test-method is-config="true" signature="configAM()[pri:0, instance:com.Settings.DepartmentGroup.verifyMTTRMTBFSourceRadioButtonsTest@101952da]" started-at="2026-05-21T17:43:18 IST" name="configAM" finished-at="2026-05-21T17:43:18 IST" duration-ms="46" status="PASS">
          <reporter-output>
          </reporter-output>
        </test-method> <!-- configAM -->
        <test-method is-config="true" signature="configAC()[pri:0, instance:com.Settings.DepartmentGroup.verifyMTTRMTBFSourceRadioButtonsTest@101952da]" started-at="2026-05-21T17:43:18 IST" name="configAC" finished-at="2026-05-21T17:43:18 IST" duration-ms="366" status="PASS">
          <reporter-output>
          </reporter-output>
        </test-method> <!-- configAC -->
      </class> <!-- com.Settings.DepartmentGroup.verifyMTTRMTBFSourceRadioButtonsTest -->
      <class name="com.OEEDashBoard.VerifythEWorstperfmingMachineName">
        <test-method is-config="true" signature="configBC()[pri:0, instance:com.OEEDashBoard.VerifythEWorstperfmingMachineName@483f6d77]" started-at="2026-05-21T17:57:53 IST" name="configBC" finished-at="2026-05-21T17:57:54 IST" duration-ms="1178" status="PASS">
          <reporter-output>
          </reporter-output>
        </test-method> <!-- configBC -->
        <test-method is-config="true" signature="configBM()[pri:0, instance:com.OEEDashBoard.VerifythEWorstperfmingMachineName@483f6d77]" started-at="2026-05-21T17:57:54 IST" name="configBM" finished-at="2026-05-21T17:57:56 IST" duration-ms="1570" status="PASS">
          <reporter-output>
          </reporter-output>
        </test-method> <!-- configBM -->
        <test-method signature="VerifyDisplaytheBestPerformingMachine()[pri:0, instance:com.OEEDashBoard.VerifythEWorstperfmingMachineName@483f6d77]" started-at="2026-05-21T17:57:56 IST" name="VerifyDisplaytheBestPerformingMachine" finished-at="2026-05-21T17:58:22 IST" duration-ms="26145" status="PASS">
          <reporter-output>
          </reporter-output>
        </test-method> <!-- VerifyDisplaytheBestPerformingMachine -->
        <test-method is-config="true" signature="configAM()[pri:0, instance:com.OEEDashBoard.VerifythEWorstperfmingMachineName@483f6d77]" started-at="2026-05-21T17:58:22 IST" name="configAM" finished-at="2026-05-21T17:58:22 IST" duration-ms="70" status="PASS">
          <reporter-output>
          </reporter-output>
        </test-method> <!-- configAM -->
        <test-method is-config="true" signature="configAC()[pri:0, instance:com.OEEDashBoard.VerifythEWorstperfmingMachineName@483f6d77]" started-at="2026-05-21T17:58:22 IST" name="configAC" finished-at="2026-05-21T17:58:22 IST" duration-ms="515" status="PASS">
          <reporter-output>
          </reporter-output>
        </test-method> <!-- configAC -->
      </class> <!-- com.OEEDashBoard.VerifythEWorstperfmingMachineName -->
      <class name="com.ReasonLinkingPage.ReasonLinkingLinkedExportTest">
        <test-method is-config="true" signature="configBC()[pri:0, instance:com.ReasonLinkingPage.ReasonLinkingLinkedExportTest@550ee7e5]" started-at="2026-05-21T17:50:20 IST" name="configBC" finished-at="2026-05-21T17:50:21 IST" duration-ms="1022" status="PASS">
          <reporter-output>
          </reporter-output>
        </test-method> <!-- configBC -->
        <test-method is-config="true" signature="configBM()[pri:0, instance:com.ReasonLinkingPage.ReasonLinkingLinkedExportTest@550ee7e5]" started-at="2026-05-21T17:50:21 IST" name="configBM" finished-at="2026-05-21T17:50:23 IST" duration-ms="1321" status="PASS">
          <reporter-output>
          </reporter-output>
        </test-method> <!-- configBM -->
        <test-method signature="ReasonLinkingLinkedExportTest()[pri:0, instance:com.ReasonLinkingPage.ReasonLinkingLinkedExportTest@550ee7e5]" started-at="2026-05-21T17:50:23 IST" name="ReasonLinkingLinkedExportTest" finished-at="2026-05-21T17:50:29 IST" duration-ms="6484" status="PASS">
          <reporter-output>
          </reporter-output>
        </test-method> <!-- ReasonLinkingLinkedExportTest -->
        <test-method is-config="true" signature="configAM()[pri:0, instance:com.ReasonLinkingPage.ReasonLinkingLinkedExportTest@550ee7e5]" started-at="2026-05-21T17:50:29 IST" name="configAM" finished-at="2026-05-21T17:50:30 IST" duration-ms="957" status="PASS">
          <reporter-output>
          </reporter-output>
        </test-method> <!-- configAM -->
        <test-method is-config="true" signature="configAC()[pri:0, instance:com.ReasonLinkingPage.ReasonLinkingLinkedExportTest@550ee7e5]" started-at="2026-05-21T17:50:30 IST" name="configAC" finished-at="2026-05-21T17:50:31 IST" duration-ms="364" status="PASS">
          <reporter-output>
          </reporter-output>
        </test-method> <!-- configAC -->
      </class> <!-- com.ReasonLinkingPage.ReasonLinkingLinkedExportTest -->
      <class name="com.DowntimeAnalysisPage.MonthWiseBarChartNavigationTest">
        <test-method is-config="true" signature="configBC()[pri:0, instance:com.DowntimeAnalysisPage.MonthWiseBarChartNavigationTest@57af006c]" started-at="2026-05-21T17:27:33 IST" name="configBC" finished-at="2026-05-21T17:27:34 IST" duration-ms="1022" status="PASS">
          <reporter-output>
          </reporter-output>
        </test-method> <!-- configBC -->
        <test-method is-config="true" signature="configBM()[pri:0, instance:com.DowntimeAnalysisPage.MonthWiseBarChartNavigationTest@57af006c]" started-at="2026-05-21T17:27:34 IST" name="configBM" finished-at="2026-05-21T17:27:37 IST" duration-ms="2660" status="PASS">
          <reporter-output>
          </reporter-output>
        </test-method> <!-- configBM -->
        <test-method signature="MonthWiseBarChartNavigationTest()[pri:0, instance:com.DowntimeAnalysisPage.MonthWiseBarChartNavigationTest@57af006c]" started-at="2026-05-21T17:27:37 IST" name="MonthWiseBarChartNavigationTest" finished-at="2026-05-21T17:28:04 IST" duration-ms="27978" status="FAIL">
          <exception class="java.lang.AssertionError">
            <message>
              <![CDATA[Day-wise chart not expanded. expected [true] but found [false]]]>
            </message>
            <full-stacktrace>
              <![CDATA[java.lang.AssertionError: Day-wise chart not expanded. expected [true] but found [false]
at org.testng.Assert.fail(Assert.java:111)
at org.testng.Assert.failNotEquals(Assert.java:1590)
at org.testng.Assert.assertTrue(Assert.java:57)
at com.DowntimeAnalysisPage.MonthWiseBarChartNavigationTest.MonthWiseBarChartNavigationTest(MonthWiseBarChartNavigationTest.java:96)
at java.base/jdk.internal.reflect.DirectMethodHandleAccessor.invoke(DirectMethodHandleAccessor.java:103)
at java.base/java.lang.reflect.Method.invoke(Method.java:580)
at org.testng.internal.invokers.MethodInvocationHelper.invokeMethod(MethodInvocationHelper.java:141)
at org.testng.internal.invokers.TestInvoker.invokeMethod(TestInvoker.java:687)
at org.testng.internal.invokers.TestInvoker.invokeTestMethod(TestInvoker.java:230)
at org.testng.internal.invokers.MethodRunner.runInSequence(MethodRunner.java:63)
at org.testng.internal.invokers.TestInvoker$MethodInvocationAgent.invoke(TestInvoker.java:995)
at org.testng.internal.invokers.TestInvoker.invokeTestMethods(TestInvoker.java:203)
at org.testng.internal.invokers.TestMethodWorker.invokeTestMethods(TestMethodWorker.java:154)
at org.testng.internal.invokers.TestMethodWorker.run(TestMethodWorker.java:134)
at java.base/java.util.ArrayList.forEach(ArrayList.java:1596)
at org.testng.TestRunner.privateRun(TestRunner.java:741)
at org.testng.TestRunner.run(TestRunner.java:616)
at org.testng.SuiteRunner.runTest(SuiteRunner.java:421)
at org.testng.SuiteRunner.runSequentially(SuiteRunner.java:413)
at org.testng.SuiteRunner.privateRun(SuiteRunner.java:373)
at org.testng.SuiteRunner.run(SuiteRunner.java:312)
at org.testng.SuiteRunnerWorker.runSuite(SuiteRunnerWorker.java:52)
at org.testng.SuiteRunnerWorker.run(SuiteRunnerWorker.java:95)
at org.testng.TestNG.runSuitesSequentially(TestNG.java:1274)
at org.testng.TestNG.runSuitesLocally(TestNG.java:1208)
at org.testng.TestNG.runSuites(TestNG.java:1112)
at org.testng.TestNG.run(TestNG.java:1079)
at org.testng.remote.AbstractRemoteTestNG.run(AbstractRemoteTestNG.java:115)
at org.testng.remote.RemoteTestNG.initAndRun(RemoteTestNG.java:293)
at org.testng.remote.RemoteTestNG.main(RemoteTestNG.java:91)
]]>
            </full-stacktrace>
          </exception> <!-- java.lang.AssertionError -->
          <reporter-output>
          </reporter-output>
        </test-method> <!-- MonthWiseBarChartNavigationTest -->
        <test-method is-config="true" signature="configAM()[pri:0, instance:com.DowntimeAnalysisPage.MonthWiseBarChartNavigationTest@57af006c]" started-at="2026-05-21T17:28:04 IST" name="configAM" finished-at="2026-05-21T17:28:05 IST" duration-ms="60" status="PASS">
          <reporter-output>
          </reporter-output>
        </test-method> <!-- configAM -->
        <test-method is-config="true" signature="configAC()[pri:0, instance:com.DowntimeAnalysisPage.MonthWiseBarChartNavigationTest@57af006c]" started-at="2026-05-21T17:28:05 IST" name="configAC" finished-at="2026-05-21T17:28:05 IST" duration-ms="412" status="PASS">
          <reporter-output>
          </reporter-output>
        </test-method> <!-- configAC -->
      </class> <!-- com.DowntimeAnalysisPage.MonthWiseBarChartNavigationTest -->
      <class name="com.ReasonLinkingPage.BulkReasonLinkingCancelTest">
        <test-method is-config="true" signature="configBC()[pri:0, instance:com.ReasonLinkingPage.BulkReasonLinkingCancelTest@306f16f3]" started-at="2026-05-21T17:13:10 IST" name="configBC" finished-at="2026-05-21T17:13:11 IST" duration-ms="1168" status="PASS">
          <reporter-output>
          </reporter-output>
        </test-method> <!-- configBC -->
        <test-method is-config="true" signature="configBM()[pri:0, instance:com.ReasonLinkingPage.BulkReasonLinkingCancelTest@306f16f3]" started-at="2026-05-21T17:13:11 IST" name="configBM" finished-at="2026-05-21T17:13:13 IST" duration-ms="1354" status="PASS">
          <reporter-output>
          </reporter-output>
        </test-method> <!-- configBM -->
        <test-method signature="BulkReasonLinkingCancelTest()[pri:0, instance:com.ReasonLinkingPage.BulkReasonLinkingCancelTest@306f16f3]" started-at="2026-05-21T17:13:13 IST" name="BulkReasonLinkingCancelTest" finished-at="2026-05-21T17:13:17 IST" duration-ms="4537" status="FAIL">
          <exception class="org.openqa.selenium.NoSuchElementException">
            <message>
              <![CDATA[Cannot locate option with index: 1
For documentation on this error, please visit: https://www.selenium.dev/documentation/webdriver/troubleshooting/errors#nosuchelementexception
Build info: version: '4.38.0', revision: '6b412e825c'
System info: os.name: 'Windows 11', os.arch: 'amd64', os.version: '10.0', java.version: '21.0.9'
Driver info: driver.version: unknown]]>
            </message>
            <full-stacktrace>
              <![CDATA[org.openqa.selenium.NoSuchElementException: Cannot locate option with index: 1
For documentation on this error, please visit: https://www.selenium.dev/documentation/webdriver/troubleshooting/errors#nosuchelementexception
Build info: version: '4.38.0', revision: '6b412e825c'
System info: os.name: 'Windows 11', os.arch: 'amd64', os.version: '10.0', java.version: '21.0.9'
Driver info: driver.version: unknown
at org.openqa.selenium.support.ui.Select.setSelectedByIndex(Select.java:318)
at org.openqa.selenium.support.ui.Select.selectByIndex(Select.java:173)
at com.sgplus.erp.genericutility.WebDriverUtility.select(WebDriverUtility.java:99)
at com.ReasonLinkingPage.BulkReasonLinkingCancelTest.BulkReasonLinkingCancelTest(BulkReasonLinkingCancelTest.java:101)
at java.base/jdk.internal.reflect.DirectMethodHandleAccessor.invoke(DirectMethodHandleAccessor.java:103)
at java.base/java.lang.reflect.Method.invoke(Method.java:580)
at org.testng.internal.invokers.MethodInvocationHelper.invokeMethod(MethodInvocationHelper.java:141)
at org.testng.internal.invokers.TestInvoker.invokeMethod(TestInvoker.java:687)
at org.testng.internal.invokers.TestInvoker.invokeTestMethod(TestInvoker.java:230)
[...]
at org.testng.internal.invokers.ConfigInvoker.invokeConfigurations(ConfigInvoker.java:333)
at org.testng.internal.invokers.TestInvoker.runConfigMethods(TestInvoker.java:836)
at org.testng.internal.invokers.TestInvoker.runAfterConfigurations(TestInvoker.java:805)
at org.testng.internal.invokers.TestInvoker.invokeMethod(TestInvoker.java:781)
at org.testng.internal.invokers.TestInvoker.invokeTestMethod(TestInvoker.java:230)
at org.testng.internal.invokers.MethodRunner.runInSequence(MethodRunner.java:63)
at org.testng.internal.invokers.TestInvoker$MethodInvocationAgent.invoke(TestInvoker.java:995)
at org.testng.internal.invokers.TestInvoker.invokeTestMethods(TestInvoker.java:203)
at org.testng.internal.invokers.TestMethodWorker.invokeTestMethods(TestMethodWorker.java:154)
at org.testng.internal.invokers.TestMethodWorker.run(TestMethodWorker.java:134)
at java.base/java.util.ArrayList.forEach(ArrayList.java:1596)
at org.testng.TestRunner.privateRun(TestRunner.java:741)
at org.testng.TestRunner.run(TestRunner.java:616)
at org.testng.SuiteRunner.runTest(SuiteRunner.java:421)
at org.testng.SuiteRunner.runSequentially(SuiteRunner.java:413)
at org.testng.SuiteRunner.privateRun(SuiteRunner.java:373)
at org.testng.SuiteRunner.run(SuiteRunner.java:312)
at org.testng.SuiteRunnerWorker.runSuite(SuiteRunnerWorker.java:52)
at org.testng.SuiteRunnerWorker.run(SuiteRunnerWorker.java:95)
at org.testng.TestNG.runSuitesSequentially(TestNG.java:1274)
at org.testng.TestNG.runSuitesLocally(TestNG.java:1208)
at org.testng.TestNG.runSuites(TestNG.java:1112)
at org.testng.TestNG.run(TestNG.java:1079)
at org.testng.remote.AbstractRemoteTestNG.run(AbstractRemoteTestNG.java:115)
at org.testng.remote.RemoteTestNG.initAndRun(RemoteTestNG.java:293)
at org.testng.remote.RemoteTestNG.main(RemoteTestNG.java:91)
]]>
            </full-stacktrace>
          </exception> <!-- org.openqa.selenium.NoSuchSessionException -->
          <reporter-output>
          </reporter-output>
        </test-method> <!-- configAM -->
        <test-method is-config="true" signature="configAC()[pri:0, instance:AddReasonPage.VerifytheReasonEditfunctionalityTest@1b1426f4]" started-at="2026-05-21T17:35:50 IST" name="configAC" finished-at="2026-05-21T17:35:50 IST" duration-ms="0" status="SKIP">
          <reporter-output>
          </reporter-output>
        </test-method> <!-- configAC -->
      </class> <!-- AddReasonPage.VerifytheReasonEditfunctionalityTest -->
      <class name="com.Settings.Departements.VerifyAddDepartmentTest">
        <test-method is-config="true" signature="configBC()[pri:0, instance:com.Settings.Departements.VerifyAddDepartmentTest@212b5695]" started-at="2026-05-21T17:13:51 IST" name="configBC" finished-at="2026-05-21T17:13:52 IST" duration-ms="1086" status="PASS">
          <reporter-output>
          </reporter-output>
        </test-method> <!-- configBC -->
        <test-method is-config="true" signature="configBM()[pri:0, instance:com.Settings.Departements.VerifyAddDepartmentTest@212b5695]" started-at="2026-05-21T17:13:52 IST" name="configBM" finished-at="2026-05-21T17:13:53 IST" duration-ms="1849" status="PASS">
          <reporter-output>
          </reporter-output>
        </test-method> <!-- configBM -->
        <test-method signature="VerifyAddDepartmentTest()[pri:0, instance:com.Settings.Departements.VerifyAddDepartmentTest@212b5695]" started-at="2026-05-21T17:13:53 IST" name="VerifyAddDepartmentTest" finished-at="2026-05-21T17:14:18 IST" duration-ms="24931" status="PASS">
          <reporter-output>
          </reporter-output>
        </test-method> <!-- VerifyAddDepartmentTest -->
        <test-method is-config="true" signature="configAM()[pri:0, instance:com.Settings.Departements.VerifyAddDepartmentTest@212b5695]" started-at="2026-05-21T17:14:18 IST" name="configAM" finished-at="2026-05-21T17:14:18 IST" duration-ms="58" status="PASS">
          <reporter-output>
          </reporter-output>
        </test-method> <!-- configAM -->
        <test-method is-config="true" signature="configAC()[pri:0, instance:com.Settings.Departements.VerifyAddDepartmentTest@212b5695]" started-at="2026-05-21T17:14:18 IST" name="configAC" finished-at="2026-05-21T17:14:19 IST" duration-ms="252" status="PASS">
          <reporter-output>
          </reporter-output>
        </test-method> <!-- configAC -->
      </class> <!-- com.Settings.Departements.VerifyAddDepartmentTest -->
      <class name="com.RecipeMasterPage.VerifytheaddRecipefunctionalityTest">
        <test-method is-config="true" signature="configBC()[pri:0, instance:com.RecipeMasterPage.VerifytheaddRecipefunctionalityTest@2b48a640]" started-at="2026-05-21T17:46:19 IST" name="configBC" finished-at="2026-05-21T17:46:20 IST" duration-ms="1039" status="PASS">
          <reporter-output>
          </reporter-output>
        </test-method> <!-- configBC -->
        <test-method is-config="true" signature="configBM()[pri:0, instance:com.RecipeMasterPage.VerifytheaddRecipefunctionalityTest@2b48a640]" started-at="2026-05-21T17:46:20 IST" name="configBM" finished-at="2026-05-21T17:46:22 IST" duration-ms="1635" status="PASS">
          <reporter-output>
          </reporter-output>
        </test-method> <!-- configBM -->
        <test-method signature="VerifytheaddRecipefunctionalityTest()[pri:0, instance:com.RecipeMasterPage.VerifytheaddRecipefunctionalityTest@2b48a640]" started-at="2026-05-21T17:46:22 IST" name="VerifytheaddRecipefunctionalityTest" finished-at="2026-05-21T17:46:43 IST" duration-ms="20985" status="FAIL">
          <exception class="org.openqa.selenium.NoSuchSessionException">
            <message>
              <![CDATA[invalid session id: session deleted as the browser has closed the connection
from disconnected: unable to send message to renderer
  (Session info: chrome=148.0.7778.169)
Build info: version: '4.38.0', revision: '6b412e825c'
System info: os.name: 'Windows 11', os.arch: 'amd64', os.version: '10.0', java.version: '21.0.9'
Driver info: org.openqa.selenium.chrome.ChromeDriver
Command: [154a234863a73520999701f9de1c10f5, findElement {value=//div[contains(text(),'Recipe created successfully')], using=xpath}]
Capabilities {acceptInsecureCerts: false, browserName: chrome, browserVersion: 148.0.7778.169, chrome: {chromedriverVersion: 148.0.7778.178 (d096af1c9e9..., userDataDir: C:\Users\W066520\AppData\Lo...}, fedcm:accounts: true, goog:chromeOptions: {debuggerAddress: localhost:50281}, goog:processID: 43696, networkConnectionEnabled: false, pageLoadStrategy: normal, platformName: windows, proxy: Proxy(), se:cdp: ws://localhost:50281/devtoo..., se:cdpVersion: 148.0.7778.169, setWindowRect: true, strictFileInteractability: false, timeouts: {implicit: 0, pageLoad: 300000, script: 30000}, unhandledPromptBehavior: dismiss and notify, webauthn:extension:credBlob: true, webauthn:extension:largeBlob: true, webauthn:extension:minPinLength: true, webauthn:extension:prf: true, webauthn:virtualAuthenticators: true}
Session ID: 154a234863a73520999701f9de1c10f5]]>
            </message>
            <full-stacktrace>
              <![CDATA[org.openqa.selenium.NoSuchSessionException: invalid session id: session deleted as the browser has closed the connection
from disconnected: unable to send message to renderer
  (Session info: chrome=148.0.7778.169)
Build info: version: '4.38.0', revision: '6b412e825c'
System info: os.name: 'Windows 11', os.arch: 'amd64', os.version: '10.0', java.version: '21.0.9'
Driver info: org.openqa.selenium.chrome.ChromeDriver
Command: [154a234863a73520999701f9de1c10f5, findElement {value=//div[contains(text(),'Recipe created successfully')], using=xpath}]
Capabilities {acceptInsecureCerts: false, browserName: chrome, browserVersion: 148.0.7778.169, chrome: {chromedriverVersion: 148.0.7778.178 (d096af1c9e9..., userDataDir: C:\Users\W066520\AppData\Lo...}, fedcm:accounts: true, goog:chromeOptions: {debuggerAddress: localhost:50281}, goog:processID: 43696, networkConnectionEnabled: false, pageLoadStrategy: normal, platformName: windows, proxy: Proxy(), se:cdp: ws://localhost:50281/devtoo..., se:cdpVersion: 148.0.7778.169, setWindowRect: true, strictFileInteractability: false, timeouts: {implicit: 0, pageLoad: 300000, script: 30000}, unhandledPromptBehavior: dismiss and notify, webauthn:extension:credBlob: true, webauthn:extension:largeBlob: true, webauthn:extension:minPinLength: true, webauthn:extension:prf: true, webauthn:virtualAuthenticators: true}
Session ID: 154a234863a73520999701f9de1c10f5
at java.base/jdk.internal.reflect.DirectConstructorHandleAccessor.newInstance(DirectConstructorHandleAccessor.java:62)
at java.base/java.lang.reflect.Constructor.newInstanceWithCaller(Constructor.java:502)
at java.base/java.lang.reflect.Constructor.newInstance(Constructor.java:486)
at org.openqa.selenium.remote.ErrorCodec.decode(ErrorCodec.java:167)
at org.openqa.selenium.remote.codec.w3c.W3CHttpResponseCodec.decode(W3CHttpResponseCodec.java:138)
at org.openqa.selenium.remote.codec.w3c.W3CHttpResponseCodec.decode(W3CHttpResponseCodec.java:50)
at org.openqa.selenium.remote.HttpCommandExecutor.execute(HttpCommandExecutor.java:215)
at org.openqa.selenium.remote.service.DriverCommandExecutor.invokeExecute(DriverCommandExecutor.java:216)
at org.openqa.selenium.remote.service.DriverCommandExecutor.execute(DriverCommandExecutor.java:174)
at org.openqa.selenium.remote.RemoteWebDriver.execute(RemoteWebDriver.java:557)
at org.openqa.selenium.remote.ElementLocation$ElementFinder$2.findElement(ElementLocation.java:165)
at org.openqa.selenium.remote.ElementLocation.findElement(ElementLocation.java:59)
at org.openqa.selenium.remote.RemoteWebDriver.findElement(RemoteWebDriver.java:380)
at org.openqa.selenium.remote.RemoteWebDriver.findElement(RemoteWebDriver.java:374)
at org.openqa.selenium.support.ui.ExpectedConditions$7.apply(ExpectedConditions.java:198)
at org.openqa.selenium.support.ui.ExpectedConditions$7.apply(ExpectedConditions.java:194)
at org.openqa.selenium.support.ui.FluentWait.until(FluentWait.java:203)
at com.RecipeMasterPage.VerifytheaddRecipefunctionalityTest.VerifytheaddRecipefunctionalityTest(VerifytheaddRecipefunctionalityTest.java:106)
at java.base/jdk.internal.reflect.DirectMethodHandleAccessor.invoke(DirectMethodHandleAccessor.java:103)
at java.base/java.lang.reflect.Method.invoke(Method.java:580)
at org.testng.internal.invokers.MethodInvocationHelper.invokeMethod(MethodInvocationHelper.java:141)
at org.testng.internal.invokers.TestInvoker.invokeMethod(TestInvoker.java:687)
at org.testng.internal.invokers.TestInvoker.invokeTestMethod(TestInvoker.java:230)
at org.testng.internal.invokers.MethodRunner.runInSequence(MethodRunner.java:63)
at org.testng.internal.invokers.TestInvoker$MethodInvocationAgent.invoke(TestInvoker.java:995)
at org.testng.internal.invokers.TestInvoker.invokeTestMethods(TestInvoker.java:203)
at org.testng.internal.invokers.TestMethodWorker.invokeTestMethods(TestMethodWorker.java:154)
at org.testng.internal.invokers.TestMethodWorker.run(TestMethodWorker.java:134)
at java.base/java.util.ArrayList.forEach(ArrayList.java:1596)
at org.testng.TestRunner.privateRun(TestRunner.java:741)
at org.testng.TestRunner.run(TestRunner.java:616)
at org.testng.SuiteRunner.runTest(SuiteRunner.java:421)
at org.testng.SuiteRunner.runSequentially(SuiteRunner.java:413)
at org.testng.SuiteRunner.privateRun(SuiteRunner.java:373)
at org.testng.SuiteRunner.run(SuiteRunner.java:312)
at org.testng.SuiteRunnerWorker.runSuite(SuiteRunnerWorker.java:52)
at org.testng.SuiteRunnerWorker.run(SuiteRunnerWorker.java:95)
at org.testng.TestNG.runSuitesSequentially(TestNG.java:1274)
at org.testng.TestNG.runSuitesLocally(TestNG.java:1208)
at org.testng.TestNG.runSuites(TestNG.java:1112)
at org.testng.TestNG.run(TestNG.java:1079)
at org.testng.remote.AbstractRemoteTestNG.run(AbstractRemoteTestNG.java:115)
at org.testng.remote.RemoteTestNG.initAndRun(RemoteTestNG.java:293)
at org.testng.remote.RemoteTestNG.main(RemoteTestNG.java:91)
]]>
            </full-stacktrace>
          </exception> <!-- org.openqa.selenium.NoSuchSessionException -->
          <reporter-output>
          </reporter-output>
        </test-method> <!-- VerifytheaddRecipefunctionalityTest -->
        <test-method is-config="true" signature="configAM()[pri:0, instance:com.RecipeMasterPage.VerifytheaddRecipefunctionalityTest@2b48a640]" started-at="2026-05-21T17:46:43 IST" name="configAM" finished-at="2026-05-21T17:46:43 IST" duration-ms="108" status="FAIL">
          <exception class="org.openqa.selenium.NoSuchSessionException">
            <message>
              <![CDATA[invalid session id
Build info: version: '4.38.0', revision: '6b412e825c'
System info: os.name: 'Windows 11', os.arch: 'amd64', os.version: '10.0', java.version: '21.0.9'
Driver info: org.openqa.selenium.chrome.ChromeDriver
Command: [154a234863a73520999701f9de1c10f5, findElement {value=//span[text()="Logout"], using=xpath}]
Capabilities {acceptInsecureCerts: false, browserName: chrome, browserVersion: 148.0.7778.169, chrome: {chromedriverVersion: 148.0.7778.178 (d096af1c9e9..., userDataDir: C:\Users\W066520\AppData\Lo...}, fedcm:accounts: true, goog:chromeOptions: {debuggerAddress: localhost:50281}, goog:processID: 43696, networkConnectionEnabled: false, pageLoadStrategy: normal, platformName: windows, proxy: Proxy(), se:cdp: ws://localhost:50281/devtoo..., se:cdpVersion: 148.0.7778.169, setWindowRect: true, strictFileInteractability: false, timeouts: {implicit: 0, pageLoad: 300000, script: 30000}, unhandledPromptBehavior: dismiss and notify, webauthn:extension:credBlob: true, webauthn:extension:largeBlob: true, webauthn:extension:minPinLength: true, webauthn:extension:prf: true, webauthn:virtualAuthenticators: true}
Session ID: 154a234863a73520999701f9de1c10f5]]>
            </message>
            <full-stacktrace>
              <![CDATA[org.openqa.selenium.NoSuchSessionException: invalid session id
Build info: version: '4.38.0', revision: '6b412e825c'
System info: os.name: 'Windows 11', os.arch: 'amd64', os.version: '10.0', java.version: '21.0.9'
Driver info: org.openqa.selenium.chrome.ChromeDriver
Command: [154a234863a73520999701f9de1c10f5, findElement {value=//span[text()="Logout"], using=xpath}]
Capabilities {acceptInsecureCerts: false, browserName: chrome, browserVersion: 148.0.7778.169, chrome: {chromedriverVersion: 148.0.7778.178 (d096af1c9e9..., userDataDir: C:\Users\W066520\AppData\Lo...}, fedcm:accounts: true, goog:chromeOptions: {debuggerAddress: localhost:50281}, goog:processID: 43696, networkConnectionEnabled: false, pageLoadStrategy: normal, platformName: windows, proxy: Proxy(), se:cdp: ws://localhost:50281/devtoo..., se:cdpVersion: 148.0.7778.169, setWindowRect: true, strictFileInteractability: false, timeouts: {implicit: 0, pageLoad: 300000, script: 30000}, unhandledPromptBehavior: dismiss and notify, webauthn:extension:credBlob: true, webauthn:extension:largeBlob: true, webauthn:extension:minPinLength: true, webauthn:extension:prf: true, webauthn:virtualAuthenticators: true}
Session ID: 154a234863a73520999701f9de1c10f5
at java.base/jdk.internal.reflect.DirectConstructorHandleAccessor.newInstance(DirectConstructorHandleAccessor.java:62)
at java.base/java.lang.reflect.Constructor.newInstanceWithCaller(Constructor.java:502)
at java.base/java.lang.reflect.Constructor.newInstance(Constructor.java:486)
at org.openqa.selenium.remote.ErrorCodec.decode(ErrorCodec.java:167)
at org.openqa.selenium.remote.codec.w3c.W3CHttpResponseCodec.decode(W3CHttpResponseCodec.java:138)
at org.openqa.selenium.remote.codec.w3c.W3CHttpResponseCodec.decode(W3CHttpResponseCodec.java:50)
at org.openqa.selenium.remote.HttpCommandExecutor.execute(HttpCommandExecutor.java:215)
at org.openqa.selenium.remote.service.DriverCommandExecutor.invokeExecute(DriverCommandExecutor.java:216)
at org.openqa.selenium.remote.service.DriverCommandExecutor.execute(DriverCommandExecutor.java:174)
at org.openqa.selenium.remote.RemoteWebDriver.execute(RemoteWebDriver.java:557)
at org.openqa.selenium.remote.ElementLocation$ElementFinder$2.findElement(ElementLocation.java:165)
at org.openqa.selenium.remote.ElementLocation.findElement(ElementLocation.java:59)
at org.openqa.selenium.remote.RemoteWebDriver.findElement(RemoteWebDriver.java:380)
at org.openqa.selenium.remote.RemoteWebDriver.findElement(RemoteWebDriver.java:374)
at org.openqa.selenium.support.pagefactory.DefaultElementLocator.findElement(DefaultElementLocator.java:68)
at org.openqa.selenium.support.pagefactory.internal.LocatingElementHandler.invoke(LocatingElementHandler.java:38)
at jdk.proxy2/jdk.proxy2.$Proxy15.click(Unknown Source)
at com.sgplus.erp.genericutility.BaseClass.configAM(BaseClass.java:67)
at java.base/jdk.internal.reflect.DirectMethodHandleAccessor.invoke(DirectMethodHandleAccessor.java:103)
at java.base/java.lang.reflect.Method.invoke(Method.java:580)
at org.testng.internal.invokers.MethodInvocationHelper.invokeMethod(MethodInvocationHelper.java:141)
at org.testng.internal.invokers.MethodInvocationHelper.invokeMethodConsideringTimeout(MethodInvocationHelper.java:71)
at org.testng.internal.invokers.ConfigInvoker.invokeConfigurationMethod(ConfigInvoker.java:400)
at org.testng.internal.invokers.ConfigInvoker.invokeConfigurations(ConfigInvoker.java:333)
at org.testng.internal.invokers.TestInvoker.runConfigMethods(TestInvoker.java:836)
at org.testng.internal.invokers.TestInvoker.runAfterConfigurations(TestInvoker.java:805)
at org.testng.internal.invokers.TestInvoker.invokeMethod(TestInvoker.java:781)
at org.testng.internal.invokers.TestInvoker.invokeTestMethod(TestInvoker.java:230)
at org.testng.internal.invokers.MethodRunner.runInSequence(MethodRunner.java:63)
at org.testng.internal.invokers.TestInvoker$MethodInvocationAgent.invoke(TestInvoker.java:995)
at org.testng.internal.invokers.TestInvoker.invokeTestMethods(TestInvoker.java:203)
at org.testng.internal.invokers.TestMethodWorker.invokeTestMethods(TestMethodWorker.java:154)
at org.testng.internal.invokers.TestMethodWorker.run(TestMethodWorker.java:134)
at java.base/java.util.ArrayList.forEach(ArrayList.java:1596)
at org.testng.TestRunner.privateRun(TestRunner.java:741)
at org.testng.TestRunner.run(TestRunner.java:616)
at org.testng.SuiteRunner.runTest(SuiteRunner.java:421)
at org.testng.SuiteRunner.runSequentially(SuiteRunner.java:413)
at org.testng.SuiteRunner.privateRun(SuiteRunner.java:373)
at org.testng.SuiteRunner.run(SuiteRunner.java:312)
at org.testng.SuiteRunnerWorker.runSuite(SuiteRunnerWorker.java:52)
at org.testng.SuiteRunnerWorker.run(SuiteRunnerWorker.java:95)
at org.testng.TestNG.runSuitesSequentially(TestNG.java:1274)
at org.testng.TestNG.runSuitesLocally(TestNG.java:1208)
at org.testng.TestNG.runSuites(TestNG.java:1112)
at org.testng.TestNG.run(TestNG.java:1079)
at org.testng.remote.AbstractRemoteTestNG.run(AbstractRemoteTestNG.java:115)
at org.testng.remote.RemoteTestNG.initAndRun(RemoteTestNG.java:293)
at org.testng.remote.RemoteTestNG.main(RemoteTestNG.java:91)
]]>
            </full-stacktrace>
          </exception> <!-- org.openqa.selenium.NoSuchSessionException -->
          <reporter-output>
          </reporter-output>
        </test-method> <!-- configAM -->
        <test-method is-config="true" signature="configAC()[pri:0, instance:com.RecipeMasterPage.VerifytheaddRecipefunctionalityTest@2b48a640]" started-at="2026-05-21T17:46:43 IST" name="configAC" finished-at="2026-05-21T17:46:43 IST" duration-ms="0" status="SKIP">
          <reporter-output>
          </reporter-output>
        </test-method> <!-- configAC -->
      </class> <!-- com.RecipeMasterPage.VerifytheaddRecipefunctionalityTest -->
    </test> <!-- Test -->
  </suite> <!-- Suite -->
</testng-results>
