<?xml version="1.0" encoding="UTF-8"?>
<testng-results ignored="0" total="13" passed="13" failed="0" skipped="0">
  <reporter-output>
  </reporter-output>
  <suite started-at="2025-11-25T16:34:11 IST" name="Default suite" finished-at="2025-11-25T16:36:47 IST" duration-ms="155713">
    <groups>
    </groups>
    <test started-at="2025-11-25T16:34:11 IST" name="Default test" finished-at="2025-11-25T16:36:47 IST" duration-ms="155713">
      <class name="com.ReasonLinkingPage.ReasonLinkingCycleTimeSourceFilterTest">
        <test-method is-config="true" signature="configBC()[pri:0, instance:com.ReasonLinkingPage.ReasonLinkingCycleTimeSourceFilterTest@350aac89]" started-at="2025-11-25T16:34:11 IST" name="configBC" finished-at="2025-11-25T16:34:13 IST" duration-ms="2161" status="PASS">
          <reporter-output>
          </reporter-output>
        </test-method> <!-- configBC -->
        <test-method is-config="true" signature="configBM()[pri:0, instance:com.ReasonLinkingPage.ReasonLinkingCycleTimeSourceFilterTest@350aac89]" started-at="2025-11-25T16:34:13 IST" name="configBM" finished-at="2025-11-25T16:34:17 IST" duration-ms="3968" status="PASS">
          <reporter-output>
          </reporter-output>
        </test-method> <!-- configBM -->
        <test-method signature="ReasonLinkingCycleTimeSourceFilterTest()[pri:0, instance:com.ReasonLinkingPage.ReasonLinkingCycleTimeSourceFilterTest@350aac89]" started-at="2025-11-25T16:34:17 IST" name="ReasonLinkingCycleTimeSourceFilterTest" finished-at="2025-11-25T16:34:21 IST" duration-ms="3645" status="PASS">
          <reporter-output>
          </reporter-output>
        </test-method> <!-- ReasonLinkingCycleTimeSourceFilterTest -->
        <test-method is-config="true" signature="configAM()[pri:0, instance:com.ReasonLinkingPage.ReasonLinkingCycleTimeSourceFilterTest@350aac89]" started-at="2025-11-25T16:34:21 IST" name="configAM" finished-at="2025-11-25T16:34:21 IST" duration-ms="57" status="PASS">
          <reporter-output>
          </reporter-output>
        </test-method> <!-- configAM -->
        <test-method is-config="true" signature="configAC()[pri:0, instance:com.ReasonLinkingPage.ReasonLinkingCycleTimeSourceFilterTest@350aac89]" started-at="2025-11-25T16:34:21 IST" name="configAC" finished-at="2025-11-25T16:34:21 IST" duration-ms="325" status="PASS">
          <reporter-output>
          </reporter-output>
        </test-method> <!-- configAC -->
      </class> <!-- com.ReasonLinkingPage.ReasonLinkingCycleTimeSourceFilterTest -->
      <class name="com.ReasonLinkingPage.ReasonLinkingSingleLinkTest">
        <test-method is-config="true" signature="configBC()[pri:0, instance:com.ReasonLinkingPage.ReasonLinkingSingleLinkTest@4b29d1d2]" started-at="2025-11-25T16:34:21 IST" name="configBC" finished-at="2025-11-25T16:34:23 IST" duration-ms="1635" status="PASS">
          <reporter-output>
          </reporter-output>
        </test-method> <!-- configBC -->
        <test-method is-config="true" signature="configBM()[pri:0, instance:com.ReasonLinkingPage.ReasonLinkingSingleLinkTest@4b29d1d2]" started-at="2025-11-25T16:34:23 IST" name="configBM" finished-at="2025-11-25T16:34:27 IST" duration-ms="3902" status="PASS">
          <reporter-output>
          </reporter-output>
        </test-method> <!-- configBM -->
        <test-method signature="ReasonLinkingFunctionalityTest()[pri:0, instance:com.ReasonLinkingPage.ReasonLinkingSingleLinkTest@4b29d1d2]" started-at="2025-11-25T16:34:27 IST" name="ReasonLinkingFunctionalityTest" finished-at="2025-11-25T16:34:31 IST" duration-ms="3765" status="PASS">
          <reporter-output>
          </reporter-output>
        </test-method> <!-- ReasonLinkingFunctionalityTest -->
        <test-method is-config="true" signature="configAM()[pri:0, instance:com.ReasonLinkingPage.ReasonLinkingSingleLinkTest@4b29d1d2]" started-at="2025-11-25T16:34:31 IST" name="configAM" finished-at="2025-11-25T16:34:32 IST" duration-ms="934" status="PASS">
          <reporter-output>
          </reporter-output>
        </test-method> <!-- configAM -->
        <test-method is-config="true" signature="configAC()[pri:0, instance:com.ReasonLinkingPage.ReasonLinkingSingleLinkTest@4b29d1d2]" started-at="2025-11-25T16:34:32 IST" name="configAC" finished-at="2025-11-25T16:34:32 IST" duration-ms="225" status="PASS">
          <reporter-output>
          </reporter-output>
        </test-method> <!-- configAC -->
      </class> <!-- com.ReasonLinkingPage.ReasonLinkingSingleLinkTest -->
      <class name="com.ReasonLinkingPage.ReasonLinkingLinkedExportTest">
        <test-method is-config="true" signature="configBC()[pri:0, instance:com.ReasonLinkingPage.ReasonLinkingLinkedExportTest@28261e8e]" started-at="2025-11-25T16:34:41 IST" name="configBC" finished-at="2025-11-25T16:34:43 IST" duration-ms="1657" status="PASS">
          <reporter-output>
          </reporter-output>
        </test-method> <!-- configBC -->
        <test-method is-config="true" signature="configBM()[pri:0, instance:com.ReasonLinkingPage.ReasonLinkingLinkedExportTest@28261e8e]" started-at="2025-11-25T16:34:43 IST" name="configBM" finished-at="2025-11-25T16:34:47 IST" duration-ms="4019" status="PASS">
          <reporter-output>
          </reporter-output>
        </test-method> <!-- configBM -->
        <test-method signature="ReasonLinkingLinkedExportTest()[pri:0, instance:com.ReasonLinkingPage.ReasonLinkingLinkedExportTest@28261e8e]" started-at="2025-11-25T16:34:47 IST" name="ReasonLinkingLinkedExportTest" finished-at="2025-11-25T16:34:50 IST" duration-ms="3433" status="PASS">
          <reporter-output>
          </reporter-output>
        </test-method> <!-- ReasonLinkingLinkedExportTest -->
        <test-method is-config="true" signature="configAM()[pri:0, instance:com.ReasonLinkingPage.ReasonLinkingLinkedExportTest@28261e8e]" started-at="2025-11-25T16:34:50 IST" name="configAM" finished-at="2025-11-25T16:34:51 IST" duration-ms="962" status="PASS">
          <reporter-output>
          </reporter-output>
        </test-method> <!-- configAM -->
        <test-method is-config="true" signature="configAC()[pri:0, instance:com.ReasonLinkingPage.ReasonLinkingLinkedExportTest@28261e8e]" started-at="2025-11-25T16:34:51 IST" name="configAC" finished-at="2025-11-25T16:34:51 IST" duration-ms="356" status="PASS">
          <reporter-output>
          </reporter-output>
        </test-method> <!-- configAC -->
      </class> <!-- com.ReasonLinkingPage.ReasonLinkingLinkedExportTest -->
      <class name="com.ReasonLinkingPage.ReasonLinkingUnlinkedFilterTest">
        <test-method is-config="true" signature="configBC()[pri:0, instance:com.ReasonLinkingPage.ReasonLinkingUnlinkedFilterTest@7f485fda]" started-at="2025-11-25T16:34:32 IST" name="configBC" finished-at="2025-11-25T16:34:33 IST" duration-ms="1682" status="PASS">
          <reporter-output>
          </reporter-output>
        </test-method> <!-- configBC -->
        <test-method is-config="true" signature="configBM()[pri:0, instance:com.ReasonLinkingPage.ReasonLinkingUnlinkedFilterTest@7f485fda]" started-at="2025-11-25T16:34:33 IST" name="configBM" finished-at="2025-11-25T16:34:37 IST" duration-ms="3936" status="PASS">
          <reporter-output>
          </reporter-output>
        </test-method> <!-- configBM -->
        <test-method signature="ReasonLinkingUnlinkedFilterTest()[pri:0, instance:com.ReasonLinkingPage.ReasonLinkingUnlinkedFilterTest@7f485fda]" started-at="2025-11-25T16:34:37 IST" name="ReasonLinkingUnlinkedFilterTest" finished-at="2025-11-25T16:34:41 IST" duration-ms="3194" status="PASS">
          <reporter-output>
          </reporter-output>
        </test-method> <!-- ReasonLinkingUnlinkedFilterTest -->
        <test-method is-config="true" signature="configAM()[pri:0, instance:com.ReasonLinkingPage.ReasonLinkingUnlinkedFilterTest@7f485fda]" started-at="2025-11-25T16:34:41 IST" name="configAM" finished-at="2025-11-25T16:34:41 IST" duration-ms="59" status="PASS">
          <reporter-output>
          </reporter-output>
        </test-method> <!-- configAM -->
        <test-method is-config="true" signature="configAC()[pri:0, instance:com.ReasonLinkingPage.ReasonLinkingUnlinkedFilterTest@7f485fda]" started-at="2025-11-25T16:34:41 IST" name="configAC" finished-at="2025-11-25T16:34:41 IST" duration-ms="355" status="PASS">
          <reporter-output>
          </reporter-output>
        </test-method> <!-- configAC -->
      </class> <!-- com.ReasonLinkingPage.ReasonLinkingUnlinkedFilterTest -->
      <class name="com.ReasonLinkingPage.ReasonLinkingHandlingSourceFilterTest">
        <test-method is-config="true" signature="configBC()[pri:0, instance:com.ReasonLinkingPage.ReasonLinkingHandlingSourceFilterTest@d737b89]" started-at="2025-11-25T16:34:51 IST" name="configBC" finished-at="2025-11-25T16:34:53 IST" duration-ms="1664" status="PASS">
          <reporter-output>
          </reporter-output>
        </test-method> <!-- configBC -->
        <test-method is-config="true" signature="configBM()[pri:0, instance:com.ReasonLinkingPage.ReasonLinkingHandlingSourceFilterTest@d737b89]" started-at="2025-11-25T16:34:53 IST" name="configBM" finished-at="2025-11-25T16:34:57 IST" duration-ms="3919" status="PASS">
          <reporter-output>
          </reporter-output>
        </test-method> <!-- configBM -->
        <test-method signature="ReasonLinkingHandlingSourceFilterTest()[pri:0, instance:com.ReasonLinkingPage.ReasonLinkingHandlingSourceFilterTest@d737b89]" started-at="2025-11-25T16:34:57 IST" name="ReasonLinkingHandlingSourceFilterTest" finished-at="2025-11-25T16:35:01 IST" duration-ms="3656" status="PASS">
          <reporter-output>
          </reporter-output>
        </test-method> <!-- ReasonLinkingHandlingSourceFilterTest -->
        <test-method is-config="true" signature="configAM()[pri:0, instance:com.ReasonLinkingPage.ReasonLinkingHandlingSourceFilterTest@d737b89]" started-at="2025-11-25T16:35:01 IST" name="configAM" finished-at="2025-11-25T16:35:01 IST" duration-ms="69" status="PASS">
          <reporter-output>
          </reporter-output>
        </test-method> <!-- configAM -->
        <test-method is-config="true" signature="configAC()[pri:0, instance:com.ReasonLinkingPage.ReasonLinkingHandlingSourceFilterTest@d737b89]" started-at="2025-11-25T16:35:01 IST" name="configAC" finished-at="2025-11-25T16:35:01 IST" duration-ms="292" status="PASS">
          <reporter-output>
          </reporter-output>
        </test-method> <!-- configAC -->
      </class> <!-- com.ReasonLinkingPage.ReasonLinkingHandlingSourceFilterTest -->
      <class name="com.ReasonLinkingPage.ReasonLinkingNavigationTest">
        <test-method is-config="true" signature="configBC()[pri:0, instance:com.ReasonLinkingPage.ReasonLinkingNavigationTest@8519cb4]" started-at="2025-11-25T16:35:01 IST" name="configBC" finished-at="2025-11-25T16:35:03 IST" duration-ms="1687" status="PASS">
          <reporter-output>
          </reporter-output>
        </test-method> <!-- configBC -->
        <test-method is-config="true" signature="configBM()[pri:0, instance:com.ReasonLinkingPage.ReasonLinkingNavigationTest@8519cb4]" started-at="2025-11-25T16:35:03 IST" name="configBM" finished-at="2025-11-25T16:35:07 IST" duration-ms="3933" status="PASS">
          <reporter-output>
          </reporter-output>
        </test-method> <!-- configBM -->
        <test-method signature="ReasonLinkingNavigationTest()[pri:0, instance:com.ReasonLinkingPage.ReasonLinkingNavigationTest@8519cb4]" started-at="2025-11-25T16:35:07 IST" name="ReasonLinkingNavigationTest" finished-at="2025-11-25T16:35:09 IST" duration-ms="2172" status="PASS">
          <reporter-output>
          </reporter-output>
        </test-method> <!-- ReasonLinkingNavigationTest -->
        <test-method is-config="true" signature="configAM()[pri:0, instance:com.ReasonLinkingPage.ReasonLinkingNavigationTest@8519cb4]" started-at="2025-11-25T16:35:09 IST" name="configAM" finished-at="2025-11-25T16:35:09 IST" duration-ms="80" status="PASS">
          <reporter-output>
          </reporter-output>
        </test-method> <!-- configAM -->
        <test-method is-config="true" signature="configAC()[pri:0, instance:com.ReasonLinkingPage.ReasonLinkingNavigationTest@8519cb4]" started-at="2025-11-25T16:35:09 IST" name="configAC" finished-at="2025-11-25T16:35:09 IST" duration-ms="291" status="PASS">
          <reporter-output>
          </reporter-output>
        </test-method> <!-- configAC -->
      </class> <!-- com.ReasonLinkingPage.ReasonLinkingNavigationTest -->
      <class name="com.ReasonLinkingPage.BulkReasonLinkingCancelTest">
        <test-method is-config="true" signature="configBC()[pri:0, instance:com.ReasonLinkingPage.BulkReasonLinkingCancelTest@35dab4eb]" started-at="2025-11-25T16:35:09 IST" name="configBC" finished-at="2025-11-25T16:35:11 IST" duration-ms="1719" status="PASS">
          <reporter-output>
          </reporter-output>
        </test-method> <!-- configBC -->
        <test-method is-config="true" signature="configBM()[pri:0, instance:com.ReasonLinkingPage.BulkReasonLinkingCancelTest@35dab4eb]" started-at="2025-11-25T16:35:11 IST" name="configBM" finished-at="2025-11-25T16:35:15 IST" duration-ms="3949" status="PASS">
          <reporter-output>
          </reporter-output>
        </test-method> <!-- configBM -->
        <test-method signature="BulkReasonLinkingCancelTest()[pri:0, instance:com.ReasonLinkingPage.BulkReasonLinkingCancelTest@35dab4eb]" started-at="2025-11-25T16:35:15 IST" name="BulkReasonLinkingCancelTest" finished-at="2025-11-25T16:35:49 IST" duration-ms="33738" status="PASS">
          <reporter-output>
          </reporter-output>
        </test-method> <!-- BulkReasonLinkingCancelTest -->
        <test-method is-config="true" signature="configAM()[pri:0, instance:com.ReasonLinkingPage.BulkReasonLinkingCancelTest@35dab4eb]" started-at="2025-11-25T16:35:49 IST" name="configAM" finished-at="2025-11-25T16:35:49 IST" duration-ms="45" status="PASS">
          <reporter-output>
          </reporter-output>
        </test-method> <!-- configAM -->
        <test-method is-config="true" signature="configAC()[pri:0, instance:com.ReasonLinkingPage.BulkReasonLinkingCancelTest@35dab4eb]" started-at="2025-11-25T16:35:49 IST" name="configAC" finished-at="2025-11-25T16:35:49 IST" duration-ms="402" status="PASS">
          <reporter-output>
          </reporter-output>
        </test-method> <!-- configAC -->
      </class> <!-- com.ReasonLinkingPage.BulkReasonLinkingCancelTest -->
      <class name="com.ReasonLinkingPage.ReasonLinkingLinkedFilterTest">
        <test-method is-config="true" signature="configBC()[pri:0, instance:com.ReasonLinkingPage.ReasonLinkingLinkedFilterTest@5f049ea1]" started-at="2025-11-25T16:35:57 IST" name="configBC" finished-at="2025-11-25T16:35:59 IST" duration-ms="1627" status="PASS">
          <reporter-output>
          </reporter-output>
        </test-method> <!-- configBC -->
        <test-method is-config="true" signature="configBM()[pri:0, instance:com.ReasonLinkingPage.ReasonLinkingLinkedFilterTest@5f049ea1]" started-at="2025-11-25T16:35:59 IST" name="configBM" finished-at="2025-11-25T16:36:00 IST" duration-ms="1095" status="PASS">
          <reporter-output>
          </reporter-output>
        </test-method> <!-- configBM -->
        <test-method signature="ReasonLinkingLinkedFilterTest()[pri:0, instance:com.ReasonLinkingPage.ReasonLinkingLinkedFilterTest@5f049ea1]" started-at="2025-11-25T16:36:00 IST" name="ReasonLinkingLinkedFilterTest" finished-at="2025-11-25T16:36:02 IST" duration-ms="2026" status="PASS">
          <reporter-output>
          </reporter-output>
        </test-method> <!-- ReasonLinkingLinkedFilterTest -->
        <test-method is-config="true" signature="configAM()[pri:0, instance:com.ReasonLinkingPage.ReasonLinkingLinkedFilterTest@5f049ea1]" started-at="2025-11-25T16:36:02 IST" name="configAM" finished-at="2025-11-25T16:36:02 IST" duration-ms="51" status="PASS">
          <reporter-output>
          </reporter-output>
        </test-method> <!-- configAM -->
        <test-method is-config="true" signature="configAC()[pri:0, instance:com.ReasonLinkingPage.ReasonLinkingLinkedFilterTest@5f049ea1]" started-at="2025-11-25T16:36:02 IST" name="configAC" finished-at="2025-11-25T16:36:02 IST" duration-ms="226" status="PASS">
          <reporter-output>
          </reporter-output>
        </test-method> <!-- configAC -->
      </class> <!-- com.ReasonLinkingPage.ReasonLinkingLinkedFilterTest -->
      <class name="com.ReasonLinkingPage.ReasonLinkingCombinedTest">
        <test-method is-config="true" signature="configBC()[pri:0, instance:com.ReasonLinkingPage.ReasonLinkingCombinedTest@3f191845]" started-at="2025-11-25T16:35:49 IST" name="configBC" finished-at="2025-11-25T16:35:51 IST" duration-ms="1656" status="PASS">
          <reporter-output>
          </reporter-output>
        </test-method> <!-- configBC -->
        <test-method is-config="true" signature="configBM()[pri:0, instance:com.ReasonLinkingPage.ReasonLinkingCombinedTest@3f191845]" started-at="2025-11-25T16:35:51 IST" name="configBM" finished-at="2025-11-25T16:35:55 IST" duration-ms="4038" status="PASS">
          <reporter-output>
          </reporter-output>
        </test-method> <!-- configBM -->
        <test-method signature="ReasonLinkingCombinedTest()[pri:0, instance:com.ReasonLinkingPage.ReasonLinkingCombinedTest@3f191845]" started-at="2025-11-25T16:35:55 IST" name="ReasonLinkingCombinedTest" finished-at="2025-11-25T16:35:57 IST" duration-ms="2029" status="PASS">
          <reporter-output>
          </reporter-output>
        </test-method> <!-- ReasonLinkingCombinedTest -->
        <test-method is-config="true" signature="configAM()[pri:0, instance:com.ReasonLinkingPage.ReasonLinkingCombinedTest@3f191845]" started-at="2025-11-25T16:35:57 IST" name="configAM" finished-at="2025-11-25T16:35:57 IST" duration-ms="56" status="PASS">
          <reporter-output>
          </reporter-output>
        </test-method> <!-- configAM -->
        <test-method is-config="true" signature="configAC()[pri:0, instance:com.ReasonLinkingPage.ReasonLinkingCombinedTest@3f191845]" started-at="2025-11-25T16:35:57 IST" name="configAC" finished-at="2025-11-25T16:35:57 IST" duration-ms="281" status="PASS">
          <reporter-output>
          </reporter-output>
        </test-method> <!-- configAC -->
      </class> <!-- com.ReasonLinkingPage.ReasonLinkingCombinedTest -->
      <class name="com.ReasonLinkingPage.ReasonLinkingFilterDataValidationTest">
        <test-method is-config="true" signature="configBC()[pri:0, instance:com.ReasonLinkingPage.ReasonLinkingFilterDataValidationTest@72cc7e6f]" started-at="2025-11-25T16:36:02 IST" name="configBC" finished-at="2025-11-25T16:36:04 IST" duration-ms="1693" status="PASS">
          <reporter-output>
          </reporter-output>
        </test-method> <!-- configBC -->
        <test-method is-config="true" signature="configBM()[pri:0, instance:com.ReasonLinkingPage.ReasonLinkingFilterDataValidationTest@72cc7e6f]" started-at="2025-11-25T16:36:04 IST" name="configBM" finished-at="2025-11-25T16:36:08 IST" duration-ms="3985" status="PASS">
          <reporter-output>
          </reporter-output>
        </test-method> <!-- configBM -->
        <test-method signature="ReasonLinkingFilterDataValidationTest()[pri:0, instance:com.ReasonLinkingPage.ReasonLinkingFilterDataValidationTest@72cc7e6f]" started-at="2025-11-25T16:36:08 IST" name="ReasonLinkingFilterDataValidationTest" finished-at="2025-11-25T16:36:11 IST" duration-ms="3098" status="PASS">
          <reporter-output>
          </reporter-output>
        </test-method> <!-- ReasonLinkingFilterDataValidationTest -->
        <test-method is-config="true" signature="configAM()[pri:0, instance:com.ReasonLinkingPage.ReasonLinkingFilterDataValidationTest@72cc7e6f]" started-at="2025-11-25T16:36:11 IST" name="configAM" finished-at="2025-11-25T16:36:11 IST" duration-ms="54" status="PASS">
          <reporter-output>
          </reporter-output>
        </test-method> <!-- configAM -->
        <test-method is-config="true" signature="configAC()[pri:0, instance:com.ReasonLinkingPage.ReasonLinkingFilterDataValidationTest@72cc7e6f]" started-at="2025-11-25T16:36:11 IST" name="configAC" finished-at="2025-11-25T16:36:11 IST" duration-ms="311" status="PASS">
          <reporter-output>
          </reporter-output>
        </test-method> <!-- configAC -->
      </class> <!-- com.ReasonLinkingPage.ReasonLinkingFilterDataValidationTest -->
      <class name="com.ReasonLinkingPage.BulkReasonLinkingFunctionalityTest">
        <test-method is-config="true" signature="configBC()[pri:0, instance:com.ReasonLinkingPage.BulkReasonLinkingFunctionalityTest@5afa3c9]" started-at="2025-11-25T16:36:11 IST" name="configBC" finished-at="2025-11-25T16:36:13 IST" duration-ms="1624" status="PASS">
          <reporter-output>
          </reporter-output>
        </test-method> <!-- configBC -->
        <test-method is-config="true" signature="configBM()[pri:0, instance:com.ReasonLinkingPage.BulkReasonLinkingFunctionalityTest@5afa3c9]" started-at="2025-11-25T16:36:13 IST" name="configBM" finished-at="2025-11-25T16:36:17 IST" duration-ms="3986" status="PASS">
          <reporter-output>
          </reporter-output>
        </test-method> <!-- configBM -->
        <test-method signature="BulkReasonLinkingFunctionalityTest()[pri:0, instance:com.ReasonLinkingPage.BulkReasonLinkingFunctionalityTest@5afa3c9]" started-at="2025-11-25T16:36:17 IST" name="BulkReasonLinkingFunctionalityTest" finished-at="2025-11-25T16:36:21 IST" duration-ms="4122" status="PASS">
          <reporter-output>
          </reporter-output>
        </test-method> <!-- BulkReasonLinkingFunctionalityTest -->
        <test-method is-config="true" signature="configAM()[pri:0, instance:com.ReasonLinkingPage.BulkReasonLinkingFunctionalityTest@5afa3c9]" started-at="2025-11-25T16:36:21 IST" name="configAM" finished-at="2025-11-25T16:36:22 IST" duration-ms="905" status="PASS">
          <reporter-output>
          </reporter-output>
        </test-method> <!-- configAM -->
        <test-method is-config="true" signature="configAC()[pri:0, instance:com.ReasonLinkingPage.BulkReasonLinkingFunctionalityTest@5afa3c9]" started-at="2025-11-25T16:36:22 IST" name="configAC" finished-at="2025-11-25T16:36:22 IST" duration-ms="310" status="PASS">
          <reporter-output>
          </reporter-output>
        </test-method> <!-- configAC -->
      </class> <!-- com.ReasonLinkingPage.BulkReasonLinkingFunctionalityTest -->
      <class name="com.ReasonLinkingPage.ReasonLinkingCombinedExportTest">
        <test-method is-config="true" signature="configBC()[pri:0, instance:com.ReasonLinkingPage.ReasonLinkingCombinedExportTest@72035809]" started-at="2025-11-25T16:36:22 IST" name="configBC" finished-at="2025-11-25T16:36:24 IST" duration-ms="1625" status="PASS">
          <reporter-output>
          </reporter-output>
        </test-method> <!-- configBC -->
        <test-method is-config="true" signature="configBM()[pri:0, instance:com.ReasonLinkingPage.ReasonLinkingCombinedExportTest@72035809]" started-at="2025-11-25T16:36:24 IST" name="configBM" finished-at="2025-11-25T16:36:28 IST" duration-ms="3944" status="PASS">
          <reporter-output>
          </reporter-output>
        </test-method> <!-- configBM -->
        <test-method signature="ReasonLinkingCombinedExportTest()[pri:0, instance:com.ReasonLinkingPage.ReasonLinkingCombinedExportTest@72035809]" started-at="2025-11-25T16:36:28 IST" name="ReasonLinkingCombinedExportTest" finished-at="2025-11-25T16:36:33 IST" duration-ms="5471" status="PASS">
          <reporter-output>
          </reporter-output>
        </test-method> <!-- ReasonLinkingCombinedExportTest -->
        <test-method is-config="true" signature="configAM()[pri:0, instance:com.ReasonLinkingPage.ReasonLinkingCombinedExportTest@72035809]" started-at="2025-11-25T16:36:33 IST" name="configAM" finished-at="2025-11-25T16:36:34 IST" duration-ms="906" status="PASS">
          <reporter-output>
          </reporter-output>
        </test-method> <!-- configAM -->
        <test-method is-config="true" signature="configAC()[pri:0, instance:com.ReasonLinkingPage.ReasonLinkingCombinedExportTest@72035809]" started-at="2025-11-25T16:36:34 IST" name="configAC" finished-at="2025-11-25T16:36:35 IST" duration-ms="384" status="PASS">
          <reporter-output>
          </reporter-output>
        </test-method> <!-- configAC -->
      </class> <!-- com.ReasonLinkingPage.ReasonLinkingCombinedExportTest -->
      <class name="com.ReasonLinkingPage.ReasonLinkingUnlinkedExportTest">
        <test-method is-config="true" signature="configBC()[pri:0, instance:com.ReasonLinkingPage.ReasonLinkingUnlinkedExportTest@909217e]" started-at="2025-11-25T16:36:35 IST" name="configBC" finished-at="2025-11-25T16:36:36 IST" duration-ms="1771" status="PASS">
          <reporter-output>
          </reporter-output>
        </test-method> <!-- configBC -->
        <test-method is-config="true" signature="configBM()[pri:0, instance:com.ReasonLinkingPage.ReasonLinkingUnlinkedExportTest@909217e]" started-at="2025-11-25T16:36:36 IST" name="configBM" finished-at="2025-11-25T16:36:40 IST" duration-ms="3913" status="PASS">
          <reporter-output>
          </reporter-output>
        </test-method> <!-- configBM -->
        <test-method signature="ReasonLinkingUnlinkedExportTest()[pri:0, instance:com.ReasonLinkingPage.ReasonLinkingUnlinkedExportTest@909217e]" started-at="2025-11-25T16:36:40 IST" name="ReasonLinkingUnlinkedExportTest" finished-at="2025-11-25T16:36:46 IST" duration-ms="5296" status="PASS">
          <reporter-output>
          </reporter-output>
        </test-method> <!-- ReasonLinkingUnlinkedExportTest -->
        <test-method is-config="true" signature="configAM()[pri:0, instance:com.ReasonLinkingPage.ReasonLinkingUnlinkedExportTest@909217e]" started-at="2025-11-25T16:36:46 IST" name="configAM" finished-at="2025-11-25T16:36:46 IST" duration-ms="915" status="PASS">
          <reporter-output>
          </reporter-output>
        </test-method> <!-- configAM -->
        <test-method is-config="true" signature="configAC()[pri:0, instance:com.ReasonLinkingPage.ReasonLinkingUnlinkedExportTest@909217e]" started-at="2025-11-25T16:36:46 IST" name="configAC" finished-at="2025-11-25T16:36:47 IST" duration-ms="377" status="PASS">
          <reporter-output>
          </reporter-output>
        </test-method> <!-- configAC -->
      </class> <!-- com.ReasonLinkingPage.ReasonLinkingUnlinkedExportTest -->
    </test> <!-- Default test -->
  </suite> <!-- Default suite -->
</testng-results>
