<?xml version="1.0" encoding="UTF-8"?>
<testng-results ignored="0" total="14" passed="14" failed="0" skipped="0">
  <reporter-output>
  </reporter-output>
  <suite started-at="2026-06-19T13:05:10 IST" name="Default suite" finished-at="2026-06-19T13:08:10 IST" duration-ms="179632">
    <groups>
    </groups>
    <test started-at="2026-06-19T13:05:10 IST" name="Default test" finished-at="2026-06-19T13:08:10 IST" duration-ms="179632">
      <class name="com.UserCreate.VerifytheUserChangeStatusFunationality">
        <test-method is-config="true" signature="configBC()[pri:0, instance:com.UserCreate.VerifytheUserChangeStatusFunationality@1d8bd0de]" started-at="2026-06-19T13:05:11 IST" name="configBC" finished-at="2026-06-19T13:05:12 IST" duration-ms="1642" status="PASS">
          <reporter-output>
          </reporter-output>
        </test-method> <!-- configBC -->
        <test-method is-config="true" signature="configBM()[pri:0, instance:com.UserCreate.VerifytheUserChangeStatusFunationality@1d8bd0de]" started-at="2026-06-19T13:05:12 IST" name="configBM" finished-at="2026-06-19T13:05:14 IST" duration-ms="1409" status="PASS">
          <reporter-output>
          </reporter-output>
        </test-method> <!-- configBM -->
        <test-method signature="VerifytheUserChangeStatusFunationality()[pri:0, instance:com.UserCreate.VerifytheUserChangeStatusFunationality@1d8bd0de]" started-at="2026-06-19T13:05:14 IST" name="VerifytheUserChangeStatusFunationality" finished-at="2026-06-19T13:05:23 IST" duration-ms="9249" status="PASS">
          <reporter-output>
          </reporter-output>
        </test-method> <!-- VerifytheUserChangeStatusFunationality -->
        <test-method is-config="true" signature="configAM()[pri:0, instance:com.UserCreate.VerifytheUserChangeStatusFunationality@1d8bd0de]" started-at="2026-06-19T13:05:23 IST" name="configAM" finished-at="2026-06-19T13:05:23 IST" duration-ms="224" status="PASS">
          <reporter-output>
          </reporter-output>
        </test-method> <!-- configAM -->
        <test-method is-config="true" signature="configAC()[pri:0, instance:com.UserCreate.VerifytheUserChangeStatusFunationality@1d8bd0de]" started-at="2026-06-19T13:05:23 IST" name="configAC" finished-at="2026-06-19T13:05:23 IST" duration-ms="397" status="PASS">
          <reporter-output>
          </reporter-output>
        </test-method> <!-- configAC -->
      </class> <!-- com.UserCreate.VerifytheUserChangeStatusFunationality -->
      <class name="com.UserCreate.VerifytheUserResetPasswordCancelFunctionality">
        <test-method is-config="true" signature="configBC()[pri:0, instance:com.UserCreate.VerifytheUserResetPasswordCancelFunctionality@ba54932]" started-at="2026-06-19T13:05:23 IST" name="configBC" finished-at="2026-06-19T13:05:25 IST" duration-ms="1106" status="PASS">
          <reporter-output>
          </reporter-output>
        </test-method> <!-- configBC -->
        <test-method is-config="true" signature="configBM()[pri:0, instance:com.UserCreate.VerifytheUserResetPasswordCancelFunctionality@ba54932]" started-at="2026-06-19T13:05:25 IST" name="configBM" finished-at="2026-06-19T13:05:27 IST" duration-ms="2424" status="PASS">
          <reporter-output>
          </reporter-output>
        </test-method> <!-- configBM -->
        <test-method signature="VerifytheUserResetPasswordCancelFunctionality()[pri:0, instance:com.UserCreate.VerifytheUserResetPasswordCancelFunctionality@ba54932]" started-at="2026-06-19T13:05:27 IST" name="VerifytheUserResetPasswordCancelFunctionality" finished-at="2026-06-19T13:05:31 IST" duration-ms="3853" status="PASS">
          <reporter-output>
          </reporter-output>
        </test-method> <!-- VerifytheUserResetPasswordCancelFunctionality -->
        <test-method is-config="true" signature="configAM()[pri:0, instance:com.UserCreate.VerifytheUserResetPasswordCancelFunctionality@ba54932]" started-at="2026-06-19T13:05:31 IST" name="configAM" finished-at="2026-06-19T13:05:31 IST" duration-ms="143" status="PASS">
          <reporter-output>
          </reporter-output>
        </test-method> <!-- configAM -->
        <test-method is-config="true" signature="configAC()[pri:0, instance:com.UserCreate.VerifytheUserResetPasswordCancelFunctionality@ba54932]" started-at="2026-06-19T13:05:31 IST" name="configAC" finished-at="2026-06-19T13:05:31 IST" duration-ms="348" status="PASS">
          <reporter-output>
          </reporter-output>
        </test-method> <!-- configAC -->
      </class> <!-- com.UserCreate.VerifytheUserResetPasswordCancelFunctionality -->
      <class name="com.UserCreate.VerifytheUserViewFuctionality">
        <test-method is-config="true" signature="configBC()[pri:0, instance:com.UserCreate.VerifytheUserViewFuctionality@28975c28]" started-at="2026-06-19T13:05:31 IST" name="configBC" finished-at="2026-06-19T13:05:32 IST" duration-ms="1120" status="PASS">
          <reporter-output>
          </reporter-output>
        </test-method> <!-- configBC -->
        <test-method is-config="true" signature="configBM()[pri:0, instance:com.UserCreate.VerifytheUserViewFuctionality@28975c28]" started-at="2026-06-19T13:05:32 IST" name="configBM" finished-at="2026-06-19T13:05:34 IST" duration-ms="1751" status="PASS">
          <reporter-output>
          </reporter-output>
        </test-method> <!-- configBM -->
        <test-method signature="VerifytheUserViewFuctionality()[pri:0, instance:com.UserCreate.VerifytheUserViewFuctionality@28975c28]" started-at="2026-06-19T13:05:34 IST" name="VerifytheUserViewFuctionality" finished-at="2026-06-19T13:05:38 IST" duration-ms="4101" status="PASS">
          <reporter-output>
          </reporter-output>
        </test-method> <!-- VerifytheUserViewFuctionality -->
        <test-method is-config="true" signature="configAM()[pri:0, instance:com.UserCreate.VerifytheUserViewFuctionality@28975c28]" started-at="2026-06-19T13:05:38 IST" name="configAM" finished-at="2026-06-19T13:05:38 IST" duration-ms="51" status="PASS">
          <reporter-output>
          </reporter-output>
        </test-method> <!-- configAM -->
        <test-method is-config="true" signature="configAC()[pri:0, instance:com.UserCreate.VerifytheUserViewFuctionality@28975c28]" started-at="2026-06-19T13:05:38 IST" name="configAC" finished-at="2026-06-19T13:05:39 IST" duration-ms="343" status="PASS">
          <reporter-output>
          </reporter-output>
        </test-method> <!-- configAC -->
      </class> <!-- com.UserCreate.VerifytheUserViewFuctionality -->
      <class name="com.UserCreate.VerifytheEditpageNavigation">
        <test-method is-config="true" signature="configBC()[pri:0, instance:com.UserCreate.VerifytheEditpageNavigation@3943a2be]" started-at="2026-06-19T13:05:39 IST" name="configBC" finished-at="2026-06-19T13:05:40 IST" duration-ms="1225" status="PASS">
          <reporter-output>
          </reporter-output>
        </test-method> <!-- configBC -->
        <test-method is-config="true" signature="configBM()[pri:0, instance:com.UserCreate.VerifytheEditpageNavigation@3943a2be]" started-at="2026-06-19T13:05:40 IST" name="configBM" finished-at="2026-06-19T13:05:43 IST" duration-ms="3191" status="PASS">
          <reporter-output>
          </reporter-output>
        </test-method> <!-- configBM -->
        <test-method signature="VerifytheEditpageNavigation()[pri:0, instance:com.UserCreate.VerifytheEditpageNavigation@3943a2be]" started-at="2026-06-19T13:05:43 IST" name="VerifytheEditpageNavigation" finished-at="2026-06-19T13:05:47 IST" duration-ms="4035" status="PASS">
          <reporter-output>
          </reporter-output>
        </test-method> <!-- VerifytheEditpageNavigation -->
        <test-method is-config="true" signature="configAM()[pri:0, instance:com.UserCreate.VerifytheEditpageNavigation@3943a2be]" started-at="2026-06-19T13:05:47 IST" name="configAM" finished-at="2026-06-19T13:05:47 IST" duration-ms="47" status="PASS">
          <reporter-output>
          </reporter-output>
        </test-method> <!-- configAM -->
        <test-method is-config="true" signature="configAC()[pri:0, instance:com.UserCreate.VerifytheEditpageNavigation@3943a2be]" started-at="2026-06-19T13:05:47 IST" name="configAC" finished-at="2026-06-19T13:05:48 IST" duration-ms="368" status="PASS">
          <reporter-output>
          </reporter-output>
        </test-method> <!-- configAC -->
      </class> <!-- com.UserCreate.VerifytheEditpageNavigation -->
      <class name="com.UserCreate.VerifyAssignOnlySingleEquipementToUser">
        <test-method is-config="true" signature="configBC()[pri:0, instance:com.UserCreate.VerifyAssignOnlySingleEquipementToUser@157853da]" started-at="2026-06-19T13:06:04 IST" name="configBC" finished-at="2026-06-19T13:06:05 IST" duration-ms="1121" status="PASS">
          <reporter-output>
          </reporter-output>
        </test-method> <!-- configBC -->
        <test-method is-config="true" signature="configBM()[pri:0, instance:com.UserCreate.VerifyAssignOnlySingleEquipementToUser@157853da]" started-at="2026-06-19T13:06:05 IST" name="configBM" finished-at="2026-06-19T13:06:07 IST" duration-ms="1425" status="PASS">
          <reporter-output>
          </reporter-output>
        </test-method> <!-- configBM -->
        <test-method signature="VerifyAssignOnlySingleEquipementToUser()[pri:0, instance:com.UserCreate.VerifyAssignOnlySingleEquipementToUser@157853da]" started-at="2026-06-19T13:06:07 IST" name="VerifyAssignOnlySingleEquipementToUser" finished-at="2026-06-19T13:06:39 IST" duration-ms="32125" status="PASS">
          <reporter-output>
          </reporter-output>
        </test-method> <!-- VerifyAssignOnlySingleEquipementToUser -->
        <test-method is-config="true" signature="configAM()[pri:0, instance:com.UserCreate.VerifyAssignOnlySingleEquipementToUser@157853da]" started-at="2026-06-19T13:06:39 IST" name="configAM" finished-at="2026-06-19T13:06:39 IST" duration-ms="330" status="PASS">
          <reporter-output>
          </reporter-output>
        </test-method> <!-- configAM -->
        <test-method is-config="true" signature="configAC()[pri:0, instance:com.UserCreate.VerifyAssignOnlySingleEquipementToUser@157853da]" started-at="2026-06-19T13:06:39 IST" name="configAC" finished-at="2026-06-19T13:06:39 IST" duration-ms="378" status="PASS">
          <reporter-output>
          </reporter-output>
        </test-method> <!-- configAC -->
      </class> <!-- com.UserCreate.VerifyAssignOnlySingleEquipementToUser -->
      <class name="com.UserCreate.VerifytheUserEditFunctionality">
        <test-method is-config="true" signature="configBC()[pri:0, instance:com.UserCreate.VerifytheUserEditFunctionality@343570b7]" started-at="2026-06-19T13:05:48 IST" name="configBC" finished-at="2026-06-19T13:05:49 IST" duration-ms="1082" status="PASS">
          <reporter-output>
          </reporter-output>
        </test-method> <!-- configBC -->
        <test-method is-config="true" signature="configBM()[pri:0, instance:com.UserCreate.VerifytheUserEditFunctionality@343570b7]" started-at="2026-06-19T13:05:49 IST" name="configBM" finished-at="2026-06-19T13:05:50 IST" duration-ms="1679" status="PASS">
          <reporter-output>
          </reporter-output>
        </test-method> <!-- configBM -->
        <test-method signature="VerifytheUserEditFunctionality()[pri:0, instance:com.UserCreate.VerifytheUserEditFunctionality@343570b7]" started-at="2026-06-19T13:05:50 IST" name="VerifytheUserEditFunctionality" finished-at="2026-06-19T13:06:01 IST" duration-ms="11076" status="PASS">
          <reporter-output>
          </reporter-output>
        </test-method> <!-- VerifytheUserEditFunctionality -->
        <test-method is-config="true" signature="configAM()[pri:0, instance:com.UserCreate.VerifytheUserEditFunctionality@343570b7]" started-at="2026-06-19T13:06:01 IST" name="configAM" finished-at="2026-06-19T13:06:02 IST" duration-ms="641" status="PASS">
          <reporter-output>
          </reporter-output>
        </test-method> <!-- configAM -->
        <test-method is-config="true" signature="configAC()[pri:0, instance:com.UserCreate.VerifytheUserEditFunctionality@343570b7]" started-at="2026-06-19T13:06:02 IST" name="configAC" finished-at="2026-06-19T13:06:04 IST" duration-ms="1911" status="PASS">
          <reporter-output>
          </reporter-output>
        </test-method> <!-- configAC -->
      </class> <!-- com.UserCreate.VerifytheUserEditFunctionality -->
      <class name="com.UserCreate.VerifytheSearchfieldFuctionality">
        <test-method is-config="true" signature="configBC()[pri:0, instance:com.UserCreate.VerifytheSearchfieldFuctionality@236e3f4e]" started-at="2026-06-19T13:06:46 IST" name="configBC" finished-at="2026-06-19T13:06:47 IST" duration-ms="1094" status="PASS">
          <reporter-output>
          </reporter-output>
        </test-method> <!-- configBC -->
        <test-method is-config="true" signature="configBM()[pri:0, instance:com.UserCreate.VerifytheSearchfieldFuctionality@236e3f4e]" started-at="2026-06-19T13:06:47 IST" name="configBM" finished-at="2026-06-19T13:06:49 IST" duration-ms="1523" status="PASS">
          <reporter-output>
          </reporter-output>
        </test-method> <!-- configBM -->
        <test-method signature="VerifytheSearchfieldFuctionality()[pri:0, instance:com.UserCreate.VerifytheSearchfieldFuctionality@236e3f4e]" started-at="2026-06-19T13:06:49 IST" name="VerifytheSearchfieldFuctionality" finished-at="2026-06-19T13:06:53 IST" duration-ms="4018" status="PASS">
          <reporter-output>
          </reporter-output>
        </test-method> <!-- VerifytheSearchfieldFuctionality -->
        <test-method is-config="true" signature="configAM()[pri:0, instance:com.UserCreate.VerifytheSearchfieldFuctionality@236e3f4e]" started-at="2026-06-19T13:06:53 IST" name="configAM" finished-at="2026-06-19T13:06:53 IST" duration-ms="45" status="PASS">
          <reporter-output>
          </reporter-output>
        </test-method> <!-- configAM -->
        <test-method is-config="true" signature="configAC()[pri:0, instance:com.UserCreate.VerifytheSearchfieldFuctionality@236e3f4e]" started-at="2026-06-19T13:06:53 IST" name="configAC" finished-at="2026-06-19T13:06:53 IST" duration-ms="299" status="PASS">
          <reporter-output>
          </reporter-output>
        </test-method> <!-- configAC -->
      </class> <!-- com.UserCreate.VerifytheSearchfieldFuctionality -->
      <class name="com.UserCreate.VerifytheUserChangeStatusCancelFuctionality">
        <test-method is-config="true" signature="configBC()[pri:0, instance:com.UserCreate.VerifytheUserChangeStatusCancelFuctionality@71c3b41]" started-at="2026-06-19T13:06:39 IST" name="configBC" finished-at="2026-06-19T13:06:40 IST" duration-ms="1091" status="PASS">
          <reporter-output>
          </reporter-output>
        </test-method> <!-- configBC -->
        <test-method is-config="true" signature="configBM()[pri:0, instance:com.UserCreate.VerifytheUserChangeStatusCancelFuctionality@71c3b41]" started-at="2026-06-19T13:06:40 IST" name="configBM" finished-at="2026-06-19T13:06:42 IST" duration-ms="1364" status="PASS">
          <reporter-output>
          </reporter-output>
        </test-method> <!-- configBM -->
        <test-method signature="VerifytheUserChangeStatusCancelFuctionality()[pri:0, instance:com.UserCreate.VerifytheUserChangeStatusCancelFuctionality@71c3b41]" started-at="2026-06-19T13:06:42 IST" name="VerifytheUserChangeStatusCancelFuctionality" finished-at="2026-06-19T13:06:45 IST" duration-ms="3649" status="PASS">
          <reporter-output>
          </reporter-output>
        </test-method> <!-- VerifytheUserChangeStatusCancelFuctionality -->
        <test-method is-config="true" signature="configAM()[pri:0, instance:com.UserCreate.VerifytheUserChangeStatusCancelFuctionality@71c3b41]" started-at="2026-06-19T13:06:45 IST" name="configAM" finished-at="2026-06-19T13:06:46 IST" duration-ms="65" status="PASS">
          <reporter-output>
          </reporter-output>
        </test-method> <!-- configAM -->
        <test-method is-config="true" signature="configAC()[pri:0, instance:com.UserCreate.VerifytheUserChangeStatusCancelFuctionality@71c3b41]" started-at="2026-06-19T13:06:46 IST" name="configAC" finished-at="2026-06-19T13:06:46 IST" duration-ms="395" status="PASS">
          <reporter-output>
          </reporter-output>
        </test-method> <!-- configAC -->
      </class> <!-- com.UserCreate.VerifytheUserChangeStatusCancelFuctionality -->
      <class name="com.UserCreate.UserDeleteCancelFuctionality">
        <test-method is-config="true" signature="configBC()[pri:0, instance:com.UserCreate.UserDeleteCancelFuctionality@3cc1435c]" started-at="2026-06-19T13:06:53 IST" name="configBC" finished-at="2026-06-19T13:06:54 IST" duration-ms="1090" status="PASS">
          <reporter-output>
          </reporter-output>
        </test-method> <!-- configBC -->
        <test-method is-config="true" signature="configBM()[pri:0, instance:com.UserCreate.UserDeleteCancelFuctionality@3cc1435c]" started-at="2026-06-19T13:06:54 IST" name="configBM" finished-at="2026-06-19T13:06:56 IST" duration-ms="2036" status="PASS">
          <reporter-output>
          </reporter-output>
        </test-method> <!-- configBM -->
        <test-method signature="UserDeleteCancelFuctionality()[pri:0, instance:com.UserCreate.UserDeleteCancelFuctionality@3cc1435c]" started-at="2026-06-19T13:06:56 IST" name="UserDeleteCancelFuctionality" finished-at="2026-06-19T13:07:00 IST" duration-ms="3591" status="PASS">
          <reporter-output>
          </reporter-output>
        </test-method> <!-- UserDeleteCancelFuctionality -->
        <test-method is-config="true" signature="configAM()[pri:0, instance:com.UserCreate.UserDeleteCancelFuctionality@3cc1435c]" started-at="2026-06-19T13:07:00 IST" name="configAM" finished-at="2026-06-19T13:07:00 IST" duration-ms="60" status="PASS">
          <reporter-output>
          </reporter-output>
        </test-method> <!-- configAM -->
        <test-method is-config="true" signature="configAC()[pri:0, instance:com.UserCreate.UserDeleteCancelFuctionality@3cc1435c]" started-at="2026-06-19T13:07:00 IST" name="configAC" finished-at="2026-06-19T13:07:00 IST" duration-ms="355" status="PASS">
          <reporter-output>
          </reporter-output>
        </test-method> <!-- configAC -->
      </class> <!-- com.UserCreate.UserDeleteCancelFuctionality -->
      <class name="com.UserCreate.VerifytheonlySingleGroupToUser">
        <test-method is-config="true" signature="configBC()[pri:0, instance:com.UserCreate.VerifytheonlySingleGroupToUser@dd0c991]" started-at="2026-06-19T13:07:13 IST" name="configBC" finished-at="2026-06-19T13:07:14 IST" duration-ms="1100" status="PASS">
          <reporter-output>
          </reporter-output>
        </test-method> <!-- configBC -->
        <test-method is-config="true" signature="configBM()[pri:0, instance:com.UserCreate.VerifytheonlySingleGroupToUser@dd0c991]" started-at="2026-06-19T13:07:14 IST" name="configBM" finished-at="2026-06-19T13:07:17 IST" duration-ms="2202" status="PASS">
          <reporter-output>
          </reporter-output>
        </test-method> <!-- configBM -->
        <test-method signature="VerifytheonlySingleGroupToUser()[pri:0, instance:com.UserCreate.VerifytheonlySingleGroupToUser@dd0c991]" started-at="2026-06-19T13:07:17 IST" name="VerifytheonlySingleGroupToUser" finished-at="2026-06-19T13:07:28 IST" duration-ms="11394" status="PASS">
          <reporter-output>
          </reporter-output>
        </test-method> <!-- VerifytheonlySingleGroupToUser -->
        <test-method is-config="true" signature="configAM()[pri:0, instance:com.UserCreate.VerifytheonlySingleGroupToUser@dd0c991]" started-at="2026-06-19T13:07:28 IST" name="configAM" finished-at="2026-06-19T13:07:28 IST" duration-ms="310" status="PASS">
          <reporter-output>
          </reporter-output>
        </test-method> <!-- configAM -->
        <test-method is-config="true" signature="configAC()[pri:0, instance:com.UserCreate.VerifytheonlySingleGroupToUser@dd0c991]" started-at="2026-06-19T13:07:28 IST" name="configAC" finished-at="2026-06-19T13:07:29 IST" duration-ms="359" status="PASS">
          <reporter-output>
          </reporter-output>
        </test-method> <!-- configAC -->
      </class> <!-- com.UserCreate.VerifytheonlySingleGroupToUser -->
      <class name="com.UserCreate.VerifytheResetPasswordFunctionality">
        <test-method is-config="true" signature="configBC()[pri:0, instance:com.UserCreate.VerifytheResetPasswordFunctionality@6bf0219d]" started-at="2026-06-19T13:07:00 IST" name="configBC" finished-at="2026-06-19T13:07:01 IST" duration-ms="1119" status="PASS">
          <reporter-output>
          </reporter-output>
        </test-method> <!-- configBC -->
        <test-method is-config="true" signature="configBM()[pri:0, instance:com.UserCreate.VerifytheResetPasswordFunctionality@6bf0219d]" started-at="2026-06-19T13:07:01 IST" name="configBM" finished-at="2026-06-19T13:07:03 IST" duration-ms="1707" status="PASS">
          <reporter-output>
          </reporter-output>
        </test-method> <!-- configBM -->
        <test-method signature="VerifytheResetPasswordFunctionality()[pri:0, instance:com.UserCreate.VerifytheResetPasswordFunctionality@6bf0219d]" started-at="2026-06-19T13:07:03 IST" name="VerifytheResetPasswordFunctionality" finished-at="2026-06-19T13:07:13 IST" duration-ms="9790" status="PASS">
          <reporter-output>
          </reporter-output>
        </test-method> <!-- VerifytheResetPasswordFunctionality -->
        <test-method is-config="true" signature="configAM()[pri:0, instance:com.UserCreate.VerifytheResetPasswordFunctionality@6bf0219d]" started-at="2026-06-19T13:07:13 IST" name="configAM" finished-at="2026-06-19T13:07:13 IST" duration-ms="249" status="PASS">
          <reporter-output>
          </reporter-output>
        </test-method> <!-- configAM -->
        <test-method is-config="true" signature="configAC()[pri:0, instance:com.UserCreate.VerifytheResetPasswordFunctionality@6bf0219d]" started-at="2026-06-19T13:07:13 IST" name="configAC" finished-at="2026-06-19T13:07:13 IST" duration-ms="343" status="PASS">
          <reporter-output>
          </reporter-output>
        </test-method> <!-- configAC -->
      </class> <!-- com.UserCreate.VerifytheResetPasswordFunctionality -->
      <class name="com.UserCreate.VerifytheDeleteUserFunctionality">
        <test-method is-config="true" signature="configBC()[pri:0, instance:com.UserCreate.VerifytheDeleteUserFunctionality@5f16132a]" started-at="2026-06-19T13:07:29 IST" name="configBC" finished-at="2026-06-19T13:07:30 IST" duration-ms="1182" status="PASS">
          <reporter-output>
          </reporter-output>
        </test-method> <!-- configBC -->
        <test-method is-config="true" signature="configBM()[pri:0, instance:com.UserCreate.VerifytheDeleteUserFunctionality@5f16132a]" started-at="2026-06-19T13:07:30 IST" name="configBM" finished-at="2026-06-19T13:07:31 IST" duration-ms="1345" status="PASS">
          <reporter-output>
          </reporter-output>
        </test-method> <!-- configBM -->
        <test-method signature="VerifytheDeleteUserFunctionality()[pri:0, instance:com.UserCreate.VerifytheDeleteUserFunctionality@5f16132a]" started-at="2026-06-19T13:07:31 IST" name="VerifytheDeleteUserFunctionality" finished-at="2026-06-19T13:07:41 IST" duration-ms="9398" status="PASS">
          <reporter-output>
          </reporter-output>
        </test-method> <!-- VerifytheDeleteUserFunctionality -->
        <test-method is-config="true" signature="configAM()[pri:0, instance:com.UserCreate.VerifytheDeleteUserFunctionality@5f16132a]" started-at="2026-06-19T13:07:41 IST" name="configAM" finished-at="2026-06-19T13:07:41 IST" duration-ms="248" status="PASS">
          <reporter-output>
          </reporter-output>
        </test-method> <!-- configAM -->
        <test-method is-config="true" signature="configAC()[pri:0, instance:com.UserCreate.VerifytheDeleteUserFunctionality@5f16132a]" started-at="2026-06-19T13:07:41 IST" name="configAC" finished-at="2026-06-19T13:07:41 IST" duration-ms="370" status="PASS">
          <reporter-output>
          </reporter-output>
        </test-method> <!-- configAC -->
      </class> <!-- com.UserCreate.VerifytheDeleteUserFunctionality -->
      <class name="com.UserCreate.VerifyAssignOnlySingleAreaToUser">
        <test-method is-config="true" signature="configBC()[pri:0, instance:com.UserCreate.VerifyAssignOnlySingleAreaToUser@69fb6037]" started-at="2026-06-19T13:07:41 IST" name="configBC" finished-at="2026-06-19T13:07:42 IST" duration-ms="1175" status="PASS">
          <reporter-output>
          </reporter-output>
        </test-method> <!-- configBC -->
        <test-method is-config="true" signature="configBM()[pri:0, instance:com.UserCreate.VerifyAssignOnlySingleAreaToUser@69fb6037]" started-at="2026-06-19T13:07:42 IST" name="configBM" finished-at="2026-06-19T13:07:44 IST" duration-ms="1592" status="PASS">
          <reporter-output>
          </reporter-output>
        </test-method> <!-- configBM -->
        <test-method signature="VerifyAssignOnlySingleAreaToUser()[pri:0, instance:com.UserCreate.VerifyAssignOnlySingleAreaToUser@69fb6037]" started-at="2026-06-19T13:07:44 IST" name="VerifyAssignOnlySingleAreaToUser" finished-at="2026-06-19T13:07:55 IST" duration-ms="11223" status="PASS">
          <reporter-output>
          </reporter-output>
        </test-method> <!-- VerifyAssignOnlySingleAreaToUser -->
        <test-method is-config="true" signature="configAM()[pri:0, instance:com.UserCreate.VerifyAssignOnlySingleAreaToUser@69fb6037]" started-at="2026-06-19T13:07:55 IST" name="configAM" finished-at="2026-06-19T13:07:55 IST" duration-ms="315" status="PASS">
          <reporter-output>
          </reporter-output>
        </test-method> <!-- configAM -->
        <test-method is-config="true" signature="configAC()[pri:0, instance:com.UserCreate.VerifyAssignOnlySingleAreaToUser@69fb6037]" started-at="2026-06-19T13:07:55 IST" name="configAC" finished-at="2026-06-19T13:07:56 IST" duration-ms="260" status="PASS">
          <reporter-output>
          </reporter-output>
        </test-method> <!-- configAC -->
      </class> <!-- com.UserCreate.VerifyAssignOnlySingleAreaToUser -->
      <class name="com.UserCreate.VerifytheAddUserFunctionality">
        <test-method is-config="true" signature="configBC()[pri:0, instance:com.UserCreate.VerifytheAddUserFunctionality@36d585c]" started-at="2026-06-19T13:07:56 IST" name="configBC" finished-at="2026-06-19T13:07:57 IST" duration-ms="1147" status="PASS">
          <reporter-output>
          </reporter-output>
        </test-method> <!-- configBC -->
        <test-method is-config="true" signature="configBM()[pri:0, instance:com.UserCreate.VerifytheAddUserFunctionality@36d585c]" started-at="2026-06-19T13:07:57 IST" name="configBM" finished-at="2026-06-19T13:07:58 IST" duration-ms="1339" status="PASS">
          <reporter-output>
          </reporter-output>
        </test-method> <!-- configBM -->
        <test-method signature="VerifytheAddUserFunctionality()[pri:0, instance:com.UserCreate.VerifytheAddUserFunctionality@36d585c]" started-at="2026-06-19T13:07:58 IST" name="VerifytheAddUserFunctionality" finished-at="2026-06-19T13:08:10 IST" duration-ms="11329" status="PASS">
          <reporter-output>
          </reporter-output>
        </test-method> <!-- VerifytheAddUserFunctionality -->
        <test-method is-config="true" signature="configAM()[pri:0, instance:com.UserCreate.VerifytheAddUserFunctionality@36d585c]" started-at="2026-06-19T13:08:10 IST" name="configAM" finished-at="2026-06-19T13:08:10 IST" duration-ms="319" status="PASS">
          <reporter-output>
          </reporter-output>
        </test-method> <!-- configAM -->
        <test-method is-config="true" signature="configAC()[pri:0, instance:com.UserCreate.VerifytheAddUserFunctionality@36d585c]" started-at="2026-06-19T13:08:10 IST" name="configAC" finished-at="2026-06-19T13:08:10 IST" duration-ms="266" status="PASS">
          <reporter-output>
          </reporter-output>
        </test-method> <!-- configAC -->
      </class> <!-- com.UserCreate.VerifytheAddUserFunctionality -->
    </test> <!-- Default test -->
  </suite> <!-- Default suite -->
</testng-results>
