<?xml version="1.0" encoding="UTF-8"?>
<testng-results ignored="0" total="183" passed="171" failed="12" skipped="0">
  <reporter-output>
  </reporter-output>
  <suite started-at="2026-09-17T10:28:19 IST" name="Suite" finished-at="2026-09-17T13:29:00 IST" duration-ms="10840291">
    <groups>
    </groups>
    <test started-at="2026-09-17T10:28:19 IST" name="Test" finished-at="2026-09-17T13:29:00 IST" duration-ms="10840291">
      <class name="com.CycleTimeDashboard.VerifytheXaxisdropdownselectingByEquipementvalue">
        <test-method is-config="true" signature="configBC()[pri:0, instance:com.CycleTimeDashboard.VerifytheXaxisdropdownselectingByEquipementvalue@242b836]" started-at="2026-09-17T13:25:39 IST" name="configBC" finished-at="2026-09-17T13:25:41 IST" duration-ms="1279" status="PASS">
          <reporter-output>
          </reporter-output>
        </test-method> <!-- configBC -->
        <test-method is-config="true" signature="configBM()[pri:0, instance:com.CycleTimeDashboard.VerifytheXaxisdropdownselectingByEquipementvalue@242b836]" started-at="2026-09-17T13:25:41 IST" name="configBM" finished-at="2026-09-17T13:25:42 IST" duration-ms="1375" status="PASS">
          <reporter-output>
          </reporter-output>
        </test-method> <!-- configBM -->
        <test-method signature="VeirfytheXaxixdropdownslectingByEquipementvalue()[pri:0, instance:com.CycleTimeDashboard.VerifytheXaxisdropdownselectingByEquipementvalue@242b836]" started-at="2026-09-17T13:25:42 IST" name="VeirfytheXaxixdropdownslectingByEquipementvalue" finished-at="2026-09-17T13:27:19 IST" duration-ms="96394" status="PASS">
          <reporter-output>
          </reporter-output>
        </test-method> <!-- VeirfytheXaxixdropdownslectingByEquipementvalue -->
        <test-method is-config="true" signature="configAM()[pri:0, instance:com.CycleTimeDashboard.VerifytheXaxisdropdownselectingByEquipementvalue@242b836]" started-at="2026-09-17T13:27:19 IST" name="configAM" finished-at="2026-09-17T13:27:19 IST" duration-ms="57" status="PASS">
          <reporter-output>
          </reporter-output>
        </test-method> <!-- configAM -->
        <test-method is-config="true" signature="configAC()[pri:0, instance:com.CycleTimeDashboard.VerifytheXaxisdropdownselectingByEquipementvalue@242b836]" started-at="2026-09-17T13:27:19 IST" name="configAC" finished-at="2026-09-17T13:27:19 IST" duration-ms="554" status="PASS">
          <reporter-output>
          </reporter-output>
        </test-method> <!-- configAC -->
      </class> <!-- com.CycleTimeDashboard.VerifytheXaxisdropdownselectingByEquipementvalue -->
      <class name="com.CycleTimeDashboard.VerifytheBadQuantity">
        <test-method is-config="true" signature="configBC()[pri:0, instance:com.CycleTimeDashboard.VerifytheBadQuantity@b9b00e0]" started-at="2026-09-17T12:12:48 IST" name="configBC" finished-at="2026-09-17T12:12:49 IST" duration-ms="1369" status="PASS">
          <reporter-output>
          </reporter-output>
        </test-method> <!-- configBC -->
        <test-method is-config="true" signature="configBM()[pri:0, instance:com.CycleTimeDashboard.VerifytheBadQuantity@b9b00e0]" started-at="2026-09-17T12:12:49 IST" name="configBM" finished-at="2026-09-17T12:12:51 IST" duration-ms="1509" status="PASS">
          <reporter-output>
          </reporter-output>
        </test-method> <!-- configBM -->
        <test-method signature="verifytheTotalBaDQuantity()[pri:0, instance:com.CycleTimeDashboard.VerifytheBadQuantity@b9b00e0]" started-at="2026-09-17T12:12:51 IST" name="verifytheTotalBaDQuantity" finished-at="2026-09-17T12:12:55 IST" duration-ms="4368" status="PASS">
          <reporter-output>
          </reporter-output>
        </test-method> <!-- verifytheTotalBaDQuantity -->
        <test-method is-config="true" signature="configAM()[pri:0, instance:com.CycleTimeDashboard.VerifytheBadQuantity@b9b00e0]" started-at="2026-09-17T12:12:55 IST" name="configAM" finished-at="2026-09-17T12:12:55 IST" duration-ms="44" status="PASS">
          <reporter-output>
          </reporter-output>
        </test-method> <!-- configAM -->
        <test-method is-config="true" signature="configAC()[pri:0, instance:com.CycleTimeDashboard.VerifytheBadQuantity@b9b00e0]" started-at="2026-09-17T12:12:55 IST" name="configAC" finished-at="2026-09-17T12:12:56 IST" duration-ms="457" status="PASS">
          <reporter-output>
          </reporter-output>
        </test-method> <!-- configAC -->
      </class> <!-- com.CycleTimeDashboard.VerifytheBadQuantity -->
      <class name="com.CycleTimeDashboard.VerifytheTotalProduction">
        <test-method is-config="true" signature="configBC()[pri:0, instance:com.CycleTimeDashboard.VerifytheTotalProduction@7db12bb6]" started-at="2026-09-17T13:23:54 IST" name="configBC" finished-at="2026-09-17T13:23:55 IST" duration-ms="1181" status="PASS">
          <reporter-output>
          </reporter-output>
        </test-method> <!-- configBC -->
        <test-method is-config="true" signature="configBM()[pri:0, instance:com.CycleTimeDashboard.VerifytheTotalProduction@7db12bb6]" started-at="2026-09-17T13:23:55 IST" name="configBM" finished-at="2026-09-17T13:23:57 IST" duration-ms="1308" status="PASS">
          <reporter-output>
          </reporter-output>
        </test-method> <!-- configBM -->
        <test-method signature="verifytheTotalProduction()[pri:0, instance:com.CycleTimeDashboard.VerifytheTotalProduction@7db12bb6]" started-at="2026-09-17T13:23:57 IST" name="verifytheTotalProduction" finished-at="2026-09-17T13:24:02 IST" duration-ms="5779" status="PASS">
          <reporter-output>
          </reporter-output>
        </test-method> <!-- verifytheTotalProduction -->
        <test-method is-config="true" signature="configAM()[pri:0, instance:com.CycleTimeDashboard.VerifytheTotalProduction@7db12bb6]" started-at="2026-09-17T13:24:02 IST" name="configAM" finished-at="2026-09-17T13:24:02 IST" duration-ms="85" status="PASS">
          <reporter-output>
          </reporter-output>
        </test-method> <!-- configAM -->
        <test-method is-config="true" signature="configAC()[pri:0, instance:com.CycleTimeDashboard.VerifytheTotalProduction@7db12bb6]" started-at="2026-09-17T13:24:02 IST" name="configAC" finished-at="2026-09-17T13:24:03 IST" duration-ms="432" status="PASS">
          <reporter-output>
          </reporter-output>
        </test-method> <!-- configAC -->
      </class> <!-- com.CycleTimeDashboard.VerifytheTotalProduction -->
      <class name="com.RoleCreateModule.VerifytheRoleChangeStatusFuctionality">
        <test-method is-config="true" signature="configBC()[pri:0, instance:com.RoleCreateModule.VerifytheRoleChangeStatusFuctionality@6d4d66d2]" started-at="2026-09-17T12:11:07 IST" name="configBC" finished-at="2026-09-17T12:11:08 IST" duration-ms="1325" status="PASS">
          <reporter-output>
          </reporter-output>
        </test-method> <!-- configBC -->
        <test-method is-config="true" signature="configBM()[pri:0, instance:com.RoleCreateModule.VerifytheRoleChangeStatusFuctionality@6d4d66d2]" started-at="2026-09-17T12:11:08 IST" name="configBM" finished-at="2026-09-17T12:11:10 IST" duration-ms="1670" status="PASS">
          <reporter-output>
          </reporter-output>
        </test-method> <!-- configBM -->
        <test-method signature="VerifytheRoleChangeStatusFuctionality()[pri:0, instance:com.RoleCreateModule.VerifytheRoleChangeStatusFuctionality@6d4d66d2]" started-at="2026-09-17T12:11:10 IST" name="VerifytheRoleChangeStatusFuctionality" finished-at="2026-09-17T12:11:18 IST" duration-ms="8001" status="PASS">
          <reporter-output>
          </reporter-output>
        </test-method> <!-- VerifytheRoleChangeStatusFuctionality -->
        <test-method is-config="true" signature="configAM()[pri:0, instance:com.RoleCreateModule.VerifytheRoleChangeStatusFuctionality@6d4d66d2]" started-at="2026-09-17T12:11:18 IST" name="configAM" finished-at="2026-09-17T12:11:18 IST" duration-ms="586" status="PASS">
          <reporter-output>
          </reporter-output>
        </test-method> <!-- configAM -->
        <test-method is-config="true" signature="configAC()[pri:0, instance:com.RoleCreateModule.VerifytheRoleChangeStatusFuctionality@6d4d66d2]" started-at="2026-09-17T12:11:18 IST" name="configAC" finished-at="2026-09-17T12:11:19 IST" duration-ms="467" status="PASS">
          <reporter-output>
          </reporter-output>
        </test-method> <!-- configAC -->
      </class> <!-- com.RoleCreateModule.VerifytheRoleChangeStatusFuctionality -->
      <class name="com.CycleTimeDashboard.VeriftyheExportFeatureBySelectingOperator">
        <test-method is-config="true" signature="configBC()[pri:0, instance:com.CycleTimeDashboard.VeriftyheExportFeatureBySelectingOperator@4efac082]" started-at="2026-09-17T10:56:40 IST" name="configBC" finished-at="2026-09-17T10:56:41 IST" duration-ms="1762" status="PASS">
          <reporter-output>
          </reporter-output>
        </test-method> <!-- configBC -->
        <test-method is-config="true" signature="configBM()[pri:0, instance:com.CycleTimeDashboard.VeriftyheExportFeatureBySelectingOperator@4efac082]" started-at="2026-09-17T10:56:41 IST" name="configBM" finished-at="2026-09-17T10:56:46 IST" duration-ms="4488" status="PASS">
          <reporter-output>
          </reporter-output>
        </test-method> <!-- configBM -->
        <test-method signature="VeriftyheExportFeatureBySelectingOperator()[pri:0, instance:com.CycleTimeDashboard.VeriftyheExportFeatureBySelectingOperator@4efac082]" started-at="2026-09-17T10:56:46 IST" name="VeriftyheExportFeatureBySelectingOperator" finished-at="2026-09-17T10:57:06 IST" duration-ms="19793" status="PASS">
          <reporter-output>
          </reporter-output>
        </test-method> <!-- VeriftyheExportFeatureBySelectingOperator -->
        <test-method is-config="true" signature="configAM()[pri:0, instance:com.CycleTimeDashboard.VeriftyheExportFeatureBySelectingOperator@4efac082]" started-at="2026-09-17T10:57:06 IST" name="configAM" finished-at="2026-09-17T10:57:07 IST" duration-ms="1177" status="FAIL">
          <exception class="org.openqa.selenium.ElementClickInterceptedException">
            <message>
              <![CDATA[element click intercepted: Element <span>...</span> is not clickable at point (1457, 42). Other element would receive the click: <div id="mj0x97d2y" class="Toastify__toast Toastify__toast--info">...</div>
  (Session info: chrome=152.0.7977.84)
Build info: version: '4.38.0', revision: '6b412e825c'
System info: os.name: 'Windows 11', os.arch: 'amd64', os.version: '10.0', java.version: '21.0.9'
Driver info: org.openqa.selenium.chrome.ChromeDriver
Command: [f761c88f60634d6de197152547b217ef, clickElement {id=f.8C8F0694CCD45DA4C04A10E348A56763.d.808436D6BB5D9C764E83820B640800BB.e.276}]
Capabilities {acceptInsecureCerts: false, browserName: chrome, browserVersion: 152.0.7977.84, chrome: {chromedriverVersion: 152.0.7977.82 (d04cdb24d67b..., userDataDir: C:\Users\W066520\AppData\Lo...}, fedcm:accounts: true, goog:chromeOptions: {debuggerAddress: localhost:57883}, goog:processID: 15580, networkConnectionEnabled: false, pageLoadStrategy: normal, platformName: windows, proxy: Proxy(), se:cdp: ws://localhost:57883/devtoo..., se:cdpVersion: 152.0.7977.84, setWindowRect: true, strictFileInteractability: false, timeouts: {implicit: 0, pageLoad: 300000, script: 30000}, unhandledPromptBehavior: dismiss and notify, webauthn:extension:credBlob: true, webauthn:extension:largeBlob: true, webauthn:extension:minPinLength: true, webauthn:extension:prf: true, webauthn:virtualAuthenticators: true}
Element: [[ChromeDriver: chrome on windows (f761c88f60634d6de197152547b217ef)] -> xpath: //span[text()="Logout"]]
Session ID: f761c88f60634d6de197152547b217ef]]>
            </message>
            <full-stacktrace>
              <![CDATA[org.openqa.selenium.ElementClickInterceptedException: element click intercepted: Element <span>...</span> is not clickable at point (1457, 42). Other element would receive the click: <div id="mj0x97d2y" class="Toastify__toast Toastify__toast--info">...</div>
  (Session info: chrome=152.0.7977.84)
Build info: version: '4.38.0', revision: '6b412e825c'
System info: os.name: 'Windows 11', os.arch: 'amd64', os.version: '10.0', java.version: '21.0.9'
Driver info: org.openqa.selenium.chrome.ChromeDriver
Command: [f761c88f60634d6de197152547b217ef, clickElement {id=f.8C8F0694CCD45DA4C04A10E348A56763.d.808436D6BB5D9C764E83820B640800BB.e.276}]
Capabilities {acceptInsecureCerts: false, browserName: chrome, browserVersion: 152.0.7977.84, chrome: {chromedriverVersion: 152.0.7977.82 (d04cdb24d67b..., userDataDir: C:\Users\W066520\AppData\Lo...}, fedcm:accounts: true, goog:chromeOptions: {debuggerAddress: localhost:57883}, goog:processID: 15580, networkConnectionEnabled: false, pageLoadStrategy: normal, platformName: windows, proxy: Proxy(), se:cdp: ws://localhost:57883/devtoo..., se:cdpVersion: 152.0.7977.84, setWindowRect: true, strictFileInteractability: false, timeouts: {implicit: 0, pageLoad: 300000, script: 30000}, unhandledPromptBehavior: dismiss and notify, webauthn:extension:credBlob: true, webauthn:extension:largeBlob: true, webauthn:extension:minPinLength: true, webauthn:extension:prf: true, webauthn:virtualAuthenticators: true}
Element: [[ChromeDriver: chrome on windows (f761c88f60634d6de197152547b217ef)] -> xpath: //span[text()="Logout"]]
Session ID: f761c88f60634d6de197152547b217ef
at java.base/jdk.internal.reflect.DirectConstructorHandleAccessor.newInstance(DirectConstructorHandleAccessor.java:62)
at java.base/java.lang.reflect.Constructor.newInstanceWithCaller(Constructor.java:502)
at java.base/java.lang.reflect.Constructor.newInstance(Constructor.java:486)
at org.openqa.selenium.remote.ErrorCodec.decode(ErrorCodec.java:167)
at org.openqa.selenium.remote.codec.w3c.W3CHttpResponseCodec.decode(W3CHttpResponseCodec.java:138)
at org.openqa.selenium.remote.codec.w3c.W3CHttpResponseCodec.decode(W3CHttpResponseCodec.java:50)
at org.openqa.selenium.remote.HttpCommandExecutor.execute(HttpCommandExecutor.java:215)
at org.openqa.selenium.remote.service.DriverCommandExecutor.invokeExecute(DriverCommandExecutor.java:216)
at org.openqa.selenium.remote.service.DriverCommandExecutor.execute(DriverCommandExecutor.java:174)
at org.openqa.selenium.remote.RemoteWebDriver.execute(RemoteWebDriver.java:557)
at org.openqa.selenium.remote.RemoteWebElement.execute(RemoteWebElement.java:223)
at org.openqa.selenium.remote.RemoteWebElement.click(RemoteWebElement.java:76)
at java.base/jdk.internal.reflect.DirectMethodHandleAccessor.invoke(DirectMethodHandleAccessor.java:103)
at java.base/java.lang.reflect.Method.invoke(Method.java:580)
at org.openqa.selenium.support.pagefactory.internal.LocatingElementHandler.invoke(LocatingElementHandler.java:51)
at jdk.proxy2/jdk.proxy2.$Proxy15.click(Unknown Source)
at com.sgplus.erp.genericutility.BaseClass.configAM(BaseClass.java:65)
at java.base/jdk.internal.reflect.DirectMethodHandleAccessor.invoke(DirectMethodHandleAccessor.java:103)
at java.base/java.lang.reflect.Method.invoke(Method.java:580)
at org.testng.internal.invokers.MethodInvocationHelper.invokeMethod(MethodInvocationHelper.java:141)
at org.testng.internal.invokers.MethodInvocationHelper.invokeMethodConsideringTimeout(MethodInvocationHelper.java:71)
at org.testng.internal.invokers.ConfigInvoker.invokeConfigurationMethod(ConfigInvoker.java:400)
at org.testng.internal.invokers.ConfigInvoker.invokeConfigurations(ConfigInvoker.java:333)
at org.testng.internal.invokers.TestInvoker.runConfigMethods(TestInvoker.java:836)
at org.testng.internal.invokers.TestInvoker.runAfterConfigurations(TestInvoker.java:805)
at org.testng.internal.invokers.TestInvoker.invokeMethod(TestInvoker.java:781)
at org.testng.internal.invokers.TestInvoker.invokeTestMethod(TestInvoker.java:230)
at org.testng.internal.invokers.MethodRunner.runInSequence(MethodRunner.java:63)
at org.testng.internal.invokers.TestInvoker$MethodInvocationAgent.invoke(TestInvoker.java:995)
at org.testng.internal.invokers.TestInvoker.invokeTestMethods(TestInvoker.java:203)
at org.testng.internal.invokers.TestMethodWorker.invokeTestMethods(TestMethodWorker.java:154)
at org.testng.internal.invokers.TestMethodWorker.run(TestMethodWorker.java:134)
at java.base/java.util.ArrayList.forEach(ArrayList.java:1596)
at org.testng.TestRunner.privateRun(TestRunner.java:741)
at org.testng.TestRunner.run(TestRunner.java:616)
at org.testng.SuiteRunner.runTest(SuiteRunner.java:421)
at org.testng.SuiteRunner.runSequentially(SuiteRunner.java:413)
at org.testng.SuiteRunner.privateRun(SuiteRunner.java:373)
at org.testng.SuiteRunner.run(SuiteRunner.java:312)
at org.testng.SuiteRunnerWorker.runSuite(SuiteRunnerWorker.java:52)
at org.testng.SuiteRunnerWorker.run(SuiteRunnerWorker.java:95)
at org.testng.TestNG.runSuitesSequentially(TestNG.java:1274)
at org.testng.TestNG.runSuitesLocally(TestNG.java:1208)
at org.testng.TestNG.runSuites(TestNG.java:1112)
at org.testng.TestNG.run(TestNG.java:1079)
at org.testng.remote.AbstractRemoteTestNG.run(AbstractRemoteTestNG.java:115)
at org.testng.remote.RemoteTestNG.initAndRun(RemoteTestNG.java:293)
at org.testng.remote.RemoteTestNG.main(RemoteTestNG.java:91)
]]>
            </full-stacktrace>
          </exception> <!-- org.openqa.selenium.ElementClickInterceptedException -->
          <reporter-output>
          </reporter-output>
        </test-method> <!-- configAM -->
        <test-method is-config="true" signature="configAC()[pri:0, instance:com.CycleTimeDashboard.VeriftyheExportFeatureBySelectingOperator@4efac082]" started-at="2026-09-17T10:57:07 IST" name="configAC" finished-at="2026-09-17T10:57:07 IST" duration-ms="0" status="SKIP">
          <reporter-output>
          </reporter-output>
        </test-method> <!-- configAC -->
      </class> <!-- com.CycleTimeDashboard.VeriftyheExportFeatureBySelectingOperator -->
      <class name="com.ReasonLinkingPage.ReasonLinkingSingleLinkTest">
        <test-method is-config="true" signature="configBC()[pri:0, instance:com.ReasonLinkingPage.ReasonLinkingSingleLinkTest@576d5deb]" started-at="2026-09-17T12:55:58 IST" name="configBC" finished-at="2026-09-17T12:56:00 IST" duration-ms="2054" status="PASS">
          <reporter-output>
          </reporter-output>
        </test-method> <!-- configBC -->
        <test-method is-config="true" signature="configBM()[pri:0, instance:com.ReasonLinkingPage.ReasonLinkingSingleLinkTest@576d5deb]" started-at="2026-09-17T12:56:00 IST" name="configBM" finished-at="2026-09-17T12:56:02 IST" duration-ms="2321" status="PASS">
          <reporter-output>
          </reporter-output>
        </test-method> <!-- configBM -->
        <test-method signature="ReasonLinkingFunctionalityTest()[pri:0, instance:com.ReasonLinkingPage.ReasonLinkingSingleLinkTest@576d5deb]" started-at="2026-09-17T12:56:02 IST" name="ReasonLinkingFunctionalityTest" finished-at="2026-09-17T12:56:08 IST" duration-ms="5556" status="PASS">
          <reporter-output>
          </reporter-output>
        </test-method> <!-- ReasonLinkingFunctionalityTest -->
        <test-method is-config="true" signature="configAM()[pri:0, instance:com.ReasonLinkingPage.ReasonLinkingSingleLinkTest@576d5deb]" started-at="2026-09-17T12:56:08 IST" name="configAM" finished-at="2026-09-17T12:56:09 IST" duration-ms="976" status="PASS">
          <reporter-output>
          </reporter-output>
        </test-method> <!-- configAM -->
        <test-method is-config="true" signature="configAC()[pri:0, instance:com.ReasonLinkingPage.ReasonLinkingSingleLinkTest@576d5deb]" started-at="2026-09-17T12:56:09 IST" name="configAC" finished-at="2026-09-17T12:56:10 IST" duration-ms="487" status="PASS">
          <reporter-output>
          </reporter-output>
        </test-method> <!-- configAC -->
      </class> <!-- com.ReasonLinkingPage.ReasonLinkingSingleLinkTest -->
      <class name="com.DowntimeTarget.VerifytheCancelBulkUpdateFuctionality">
        <test-method is-config="true" signature="configBC()[pri:0, instance:com.DowntimeTarget.VerifytheCancelBulkUpdateFuctionality@235ecd9f]" started-at="2026-09-17T10:54:02 IST" name="configBC" finished-at="2026-09-17T10:54:04 IST" duration-ms="1603" status="PASS">
          <reporter-output>
          </reporter-output>
        </test-method> <!-- configBC -->
        <test-method is-config="true" signature="configBM()[pri:0, instance:com.DowntimeTarget.VerifytheCancelBulkUpdateFuctionality@235ecd9f]" started-at="2026-09-17T10:54:04 IST" name="configBM" finished-at="2026-09-17T10:54:06 IST" duration-ms="1488" status="PASS">
          <reporter-output>
          </reporter-output>
        </test-method> <!-- configBM -->
        <test-method signature="VerifytheCancelBulkUpdateFuctionality()[pri:0, instance:com.DowntimeTarget.VerifytheCancelBulkUpdateFuctionality@235ecd9f]" started-at="2026-09-17T10:54:06 IST" name="VerifytheCancelBulkUpdateFuctionality" finished-at="2026-09-17T10:55:12 IST" duration-ms="66135" status="PASS">
          <reporter-output>
          </reporter-output>
        </test-method> <!-- VerifytheCancelBulkUpdateFuctionality -->
        <test-method is-config="true" signature="configAM()[pri:0, instance:com.DowntimeTarget.VerifytheCancelBulkUpdateFuctionality@235ecd9f]" started-at="2026-09-17T10:55:12 IST" name="configAM" finished-at="2026-09-17T10:55:12 IST" duration-ms="269" status="PASS">
          <reporter-output>
          </reporter-output>
        </test-method> <!-- configAM -->
        <test-method is-config="true" signature="configAC()[pri:0, instance:com.DowntimeTarget.VerifytheCancelBulkUpdateFuctionality@235ecd9f]" started-at="2026-09-17T10:55:12 IST" name="configAC" finished-at="2026-09-17T10:55:13 IST" duration-ms="764" status="PASS">
          <reporter-output>
          </reporter-output>
        </test-method> <!-- configAC -->
      </class> <!-- com.DowntimeTarget.VerifytheCancelBulkUpdateFuctionality -->
      <class name="com.OEEDashBoard.VerifyBestPerformingMachineDisplayed">
        <test-method is-config="true" signature="configBC()[pri:0, instance:com.OEEDashBoard.VerifyBestPerformingMachineDisplayed@1a942c18]" started-at="2026-09-17T12:51:43 IST" name="configBC" finished-at="2026-09-17T12:51:44 IST" duration-ms="1240" status="PASS">
          <reporter-output>
          </reporter-output>
        </test-method> <!-- configBC -->
        <test-method is-config="true" signature="configBM()[pri:0, instance:com.OEEDashBoard.VerifyBestPerformingMachineDisplayed@1a942c18]" started-at="2026-09-17T12:51:44 IST" name="configBM" finished-at="2026-09-17T12:51:46 IST" duration-ms="1375" status="PASS">
          <reporter-output>
          </reporter-output>
        </test-method> <!-- configBM -->
        <test-method signature="VerifyBestPerformingMachineDisplayed()[pri:0, instance:com.OEEDashBoard.VerifyBestPerformingMachineDisplayed@1a942c18]" started-at="2026-09-17T12:51:46 IST" name="VerifyBestPerformingMachineDisplayed" finished-at="2026-09-17T12:51:58 IST" duration-ms="12704" status="PASS">
          <reporter-output>
          </reporter-output>
        </test-method> <!-- VerifyBestPerformingMachineDisplayed -->
        <test-method is-config="true" signature="configAM()[pri:0, instance:com.OEEDashBoard.VerifyBestPerformingMachineDisplayed@1a942c18]" started-at="2026-09-17T12:51:58 IST" name="configAM" finished-at="2026-09-17T12:51:58 IST" duration-ms="67" status="PASS">
          <reporter-output>
          </reporter-output>
        </test-method> <!-- configAM -->
        <test-method is-config="true" signature="configAC()[pri:0, instance:com.OEEDashBoard.VerifyBestPerformingMachineDisplayed@1a942c18]" started-at="2026-09-17T12:51:58 IST" name="configAC" finished-at="2026-09-17T12:51:59 IST" duration-ms="482" status="PASS">
          <reporter-output>
          </reporter-output>
        </test-method> <!-- configAC -->
      </class> <!-- com.OEEDashBoard.VerifyBestPerformingMachineDisplayed -->
      <class name="com.UserCreate.VerifytheEditpageNavigation">
        <test-method is-config="true" signature="configBC()[pri:0, instance:com.UserCreate.VerifytheEditpageNavigation@3e27aa33]" started-at="2026-09-17T12:10:31 IST" name="configBC" finished-at="2026-09-17T12:10:32 IST" duration-ms="1315" status="PASS">
          <reporter-output>
          </reporter-output>
        </test-method> <!-- configBC -->
        <test-method is-config="true" signature="configBM()[pri:0, instance:com.UserCreate.VerifytheEditpageNavigation@3e27aa33]" started-at="2026-09-17T12:10:32 IST" name="configBM" finished-at="2026-09-17T12:10:34 IST" duration-ms="1506" status="PASS">
          <reporter-output>
          </reporter-output>
        </test-method> <!-- configBM -->
        <test-method signature="VerifytheEditpageNavigation()[pri:0, instance:com.UserCreate.VerifytheEditpageNavigation@3e27aa33]" started-at="2026-09-17T12:10:34 IST" name="VerifytheEditpageNavigation" finished-at="2026-09-17T12:11:06 IST" duration-ms="32295" status="PASS">
          <reporter-output>
          </reporter-output>
        </test-method> <!-- VerifytheEditpageNavigation -->
        <test-method is-config="true" signature="configAM()[pri:0, instance:com.UserCreate.VerifytheEditpageNavigation@3e27aa33]" started-at="2026-09-17T12:11:06 IST" name="configAM" finished-at="2026-09-17T12:11:06 IST" duration-ms="51" status="PASS">
          <reporter-output>
          </reporter-output>
        </test-method> <!-- configAM -->
        <test-method is-config="true" signature="configAC()[pri:0, instance:com.UserCreate.VerifytheEditpageNavigation@3e27aa33]" started-at="2026-09-17T12:11:06 IST" name="configAC" finished-at="2026-09-17T12:11:07 IST" duration-ms="535" status="PASS">
          <reporter-output>
          </reporter-output>
        </test-method> <!-- configAC -->
      </class> <!-- com.UserCreate.VerifytheEditpageNavigation -->
      <class name="com.AddReasonPage.VerifythePrintheExistingReason">
        <test-method is-config="true" signature="configBC()[pri:0, instance:com.AddReasonPage.VerifythePrintheExistingReason@117159c0]" started-at="2026-09-17T12:11:45 IST" name="configBC" finished-at="2026-09-17T12:11:47 IST" duration-ms="1648" status="PASS">
          <reporter-output>
          </reporter-output>
        </test-method> <!-- configBC -->
        <test-method is-config="true" signature="configBM()[pri:0, instance:com.AddReasonPage.VerifythePrintheExistingReason@117159c0]" started-at="2026-09-17T12:11:47 IST" name="configBM" finished-at="2026-09-17T12:11:49 IST" duration-ms="1613" status="PASS">
          <reporter-output>
          </reporter-output>
        </test-method> <!-- configBM -->
        <test-method signature="VerifythePrintheExistingReason()[pri:0, instance:com.AddReasonPage.VerifythePrintheExistingReason@117159c0]" started-at="2026-09-17T12:11:49 IST" name="VerifythePrintheExistingReason" finished-at="2026-09-17T12:11:51 IST" duration-ms="2601" status="PASS">
          <reporter-output>
          </reporter-output>
        </test-method> <!-- VerifythePrintheExistingReason -->
        <test-method is-config="true" signature="configAM()[pri:0, instance:com.AddReasonPage.VerifythePrintheExistingReason@117159c0]" started-at="2026-09-17T12:11:51 IST" name="configAM" finished-at="2026-09-17T12:11:51 IST" duration-ms="45" status="PASS">
          <reporter-output>
          </reporter-output>
        </test-method> <!-- configAM -->
        <test-method is-config="true" signature="configAC()[pri:0, instance:com.AddReasonPage.VerifythePrintheExistingReason@117159c0]" started-at="2026-09-17T12:11:51 IST" name="configAC" finished-at="2026-09-17T12:11:52 IST" duration-ms="461" status="PASS">
          <reporter-output>
          </reporter-output>
        </test-method> <!-- configAC -->
      </class> <!-- com.AddReasonPage.VerifythePrintheExistingReason -->
      <class name="com.RoleCreateModule.VerifytheEditRoleFuctionality">
        <test-method is-config="true" signature="configBC()[pri:0, instance:com.RoleCreateModule.VerifytheEditRoleFuctionality@1ed4ae0f]" started-at="2026-09-17T11:17:11 IST" name="configBC" finished-at="2026-09-17T11:17:13 IST" duration-ms="1708" status="PASS">
          <reporter-output>
          </reporter-output>
        </test-method> <!-- configBC -->
        <test-method is-config="true" signature="configBM()[pri:0, instance:com.RoleCreateModule.VerifytheEditRoleFuctionality@1ed4ae0f]" started-at="2026-09-17T11:17:13 IST" name="configBM" finished-at="2026-09-17T11:17:16 IST" duration-ms="3487" status="PASS">
          <reporter-output>
          </reporter-output>
        </test-method> <!-- configBM -->
        <test-method signature="VerifytheEditRoleFuctionality()[pri:0, instance:com.RoleCreateModule.VerifytheEditRoleFuctionality@1ed4ae0f]" started-at="2026-09-17T11:17:16 IST" name="VerifytheEditRoleFuctionality" finished-at="2026-09-17T11:17:25 IST" duration-ms="8805" status="PASS">
          <reporter-output>
          </reporter-output>
        </test-method> <!-- VerifytheEditRoleFuctionality -->
        <test-method is-config="true" signature="configAM()[pri:0, instance:com.RoleCreateModule.VerifytheEditRoleFuctionality@1ed4ae0f]" started-at="2026-09-17T11:17:25 IST" name="configAM" finished-at="2026-09-17T11:17:25 IST" duration-ms="454" status="PASS">
          <reporter-output>
          </reporter-output>
        </test-method> <!-- configAM -->
        <test-method is-config="true" signature="configAC()[pri:0, instance:com.RoleCreateModule.VerifytheEditRoleFuctionality@1ed4ae0f]" started-at="2026-09-17T11:17:25 IST" name="configAC" finished-at="2026-09-17T11:17:26 IST" duration-ms="961" status="PASS">
          <reporter-output>
          </reporter-output>
        </test-method> <!-- configAC -->
      </class> <!-- com.RoleCreateModule.VerifytheEditRoleFuctionality -->
      <class name="com.DowntimeShiftview.VerifyNavigationToShiftViewPageTest">
        <test-method is-config="true" signature="configBC()[pri:0, instance:com.DowntimeShiftview.VerifyNavigationToShiftViewPageTest@6fdbe764]" started-at="2026-09-17T10:29:58 IST" name="configBC" finished-at="2026-09-17T10:30:00 IST" duration-ms="1687" status="PASS">
          <reporter-output>
          </reporter-output>
        </test-method> <!-- configBC -->
        <test-method is-config="true" signature="configBM()[pri:0, instance:com.DowntimeShiftview.VerifyNavigationToShiftViewPageTest@6fdbe764]" started-at="2026-09-17T10:30:00 IST" name="configBM" finished-at="2026-09-17T10:30:01 IST" duration-ms="1517" status="PASS">
          <reporter-output>
          </reporter-output>
        </test-method> <!-- configBM -->
        <test-method signature="VerifyNavigationToShiftViewPageTest()[pri:0, instance:com.DowntimeShiftview.VerifyNavigationToShiftViewPageTest@6fdbe764]" started-at="2026-09-17T10:30:01 IST" name="VerifyNavigationToShiftViewPageTest" finished-at="2026-09-17T10:30:05 IST" duration-ms="3986" status="PASS">
          <reporter-output>
          </reporter-output>
        </test-method> <!-- VerifyNavigationToShiftViewPageTest -->
        <test-method is-config="true" signature="configAM()[pri:0, instance:com.DowntimeShiftview.VerifyNavigationToShiftViewPageTest@6fdbe764]" started-at="2026-09-17T10:30:05 IST" name="configAM" finished-at="2026-09-17T10:30:06 IST" duration-ms="97" status="PASS">
          <reporter-output>
          </reporter-output>
        </test-method> <!-- configAM -->
        <test-method is-config="true" signature="configAC()[pri:0, instance:com.DowntimeShiftview.VerifyNavigationToShiftViewPageTest@6fdbe764]" started-at="2026-09-17T10:30:06 IST" name="configAC" finished-at="2026-09-17T10:30:06 IST" duration-ms="822" status="PASS">
          <reporter-output>
          </reporter-output>
        </test-method> <!-- configAC -->
      </class> <!-- com.DowntimeShiftview.VerifyNavigationToShiftViewPageTest -->
      <class name="com.OEEDashBoard.VerifytheShiftproductionreportEquipemntwise">
        <test-method is-config="true" signature="configBC()[pri:0, instance:com.OEEDashBoard.VerifytheShiftproductionreportEquipemntwise@71ba6d4e]" started-at="2026-09-17T13:19:57 IST" name="configBC" finished-at="2026-09-17T13:19:58 IST" duration-ms="1262" status="PASS">
          <reporter-output>
          </reporter-output>
        </test-method> <!-- configBC -->
        <test-method is-config="true" signature="configBM()[pri:0, instance:com.OEEDashBoard.VerifytheShiftproductionreportEquipemntwise@71ba6d4e]" started-at="2026-09-17T13:19:58 IST" name="configBM" finished-at="2026-09-17T13:19:59 IST" duration-ms="1359" status="PASS">
          <reporter-output>
          </reporter-output>
        </test-method> <!-- configBM -->
        <test-method signature="VerifytheShiftproductionreportEquipemntwise()[pri:0, instance:com.OEEDashBoard.VerifytheShiftproductionreportEquipemntwise@71ba6d4e]" started-at="2026-09-17T13:19:59 IST" name="VerifytheShiftproductionreportEquipemntwise" finished-at="2026-09-17T13:20:13 IST" duration-ms="14228" status="PASS">
          <reporter-output>
          </reporter-output>
        </test-method> <!-- VerifytheShiftproductionreportEquipemntwise -->
        <test-method is-config="true" signature="configAM()[pri:0, instance:com.OEEDashBoard.VerifytheShiftproductionreportEquipemntwise@71ba6d4e]" started-at="2026-09-17T13:20:13 IST" name="configAM" finished-at="2026-09-17T13:20:14 IST" duration-ms="119" status="PASS">
          <reporter-output>
          </reporter-output>
        </test-method> <!-- configAM -->
        <test-method is-config="true" signature="configAC()[pri:0, instance:com.OEEDashBoard.VerifytheShiftproductionreportEquipemntwise@71ba6d4e]" started-at="2026-09-17T13:20:14 IST" name="configAC" finished-at="2026-09-17T13:20:14 IST" duration-ms="424" status="PASS">
          <reporter-output>
          </reporter-output>
        </test-method> <!-- configAC -->
      </class> <!-- com.OEEDashBoard.VerifytheShiftproductionreportEquipemntwise -->
      <class name="com.DowntimeModule.DowntimeDashboardDataValidationTest">
        <test-method is-config="true" signature="configBC()[pri:0, instance:com.DowntimeModule.DowntimeDashboardDataValidationTest@54a7079e]" started-at="2026-09-17T10:48:51 IST" name="configBC" finished-at="2026-09-17T10:48:52 IST" duration-ms="1603" status="PASS">
          <reporter-output>
          </reporter-output>
        </test-method> <!-- configBC -->
        <test-method is-config="true" signature="configBM()[pri:0, instance:com.DowntimeModule.DowntimeDashboardDataValidationTest@54a7079e]" started-at="2026-09-17T10:48:52 IST" name="configBM" finished-at="2026-09-17T10:48:54 IST" duration-ms="1242" status="PASS">
          <reporter-output>
          </reporter-output>
        </test-method> <!-- configBM -->
        <test-method signature="DowntimeDashboardDataValidationTest()[pri:0, instance:com.DowntimeModule.DowntimeDashboardDataValidationTest@54a7079e]" started-at="2026-09-17T10:48:54 IST" name="DowntimeDashboardDataValidationTest" finished-at="2026-09-17T10:49:06 IST" duration-ms="12174" status="PASS">
          <reporter-output>
          </reporter-output>
        </test-method> <!-- DowntimeDashboardDataValidationTest -->
        <test-method is-config="true" signature="configAM()[pri:0, instance:com.DowntimeModule.DowntimeDashboardDataValidationTest@54a7079e]" started-at="2026-09-17T10:49:06 IST" name="configAM" finished-at="2026-09-17T10:49:06 IST" duration-ms="505" status="PASS">
          <reporter-output>
          </reporter-output>
        </test-method> <!-- configAM -->
        <test-method is-config="true" signature="configAC()[pri:0, instance:com.DowntimeModule.DowntimeDashboardDataValidationTest@54a7079e]" started-at="2026-09-17T10:49:06 IST" name="configAC" finished-at="2026-09-17T10:49:07 IST" duration-ms="746" status="PASS">
          <reporter-output>
          </reporter-output>
        </test-method> <!-- configAC -->
      </class> <!-- com.DowntimeModule.DowntimeDashboardDataValidationTest -->
      <class name="com.OverallSummary.VerifytheProductionLossAnalysisBarchart">
        <test-method is-config="true" signature="configBC()[pri:0, instance:com.OverallSummary.VerifytheProductionLossAnalysisBarchart@53fb3dab]" started-at="2026-09-17T11:12:08 IST" name="configBC" finished-at="2026-09-17T11:12:10 IST" duration-ms="1768" status="PASS">
          <reporter-output>
          </reporter-output>
        </test-method> <!-- configBC -->
        <test-method is-config="true" signature="configBM()[pri:0, instance:com.OverallSummary.VerifytheProductionLossAnalysisBarchart@53fb3dab]" started-at="2026-09-17T11:12:10 IST" name="configBM" finished-at="2026-09-17T11:12:11 IST" duration-ms="1586" status="PASS">
          <reporter-output>
          </reporter-output>
        </test-method> <!-- configBM -->
        <test-method signature="VerifytheProductionLossAnalysisBarchart()[pri:0, instance:com.OverallSummary.VerifytheProductionLossAnalysisBarchart@53fb3dab]" started-at="2026-09-17T11:12:11 IST" name="VerifytheProductionLossAnalysisBarchart" finished-at="2026-09-17T11:13:18 IST" duration-ms="66381" status="FAIL">
          <exception class="org.openqa.selenium.TimeoutException">
            <message>
              <![CDATA[Expected condition failed: waiting for visibility of all elements located by By.xpath: (//*[name()='svg']//*[contains(@class,'highcharts-point')])[1] (tried for 60 second(s) with 500 milliseconds interval)
Build info: version: '4.38.0', revision: '6b412e825c'
System info: os.name: 'Windows 11', os.arch: 'amd64', os.version: '10.0', java.version: '21.0.9'
Driver info: org.openqa.selenium.chrome.ChromeDriver
Capabilities {acceptInsecureCerts: false, browserName: chrome, browserVersion: 152.0.7977.84, chrome: {chromedriverVersion: 152.0.7977.82 (d04cdb24d67b..., userDataDir: C:\Users\W066520\AppData\Lo...}, fedcm:accounts: true, goog:chromeOptions: {debuggerAddress: localhost:57916}, goog:processID: 320, networkConnectionEnabled: false, pageLoadStrategy: normal, platformName: windows, proxy: Proxy(), se:cdp: ws://localhost:57916/devtoo..., se:cdpVersion: 152.0.7977.84, setWindowRect: true, strictFileInteractability: false, timeouts: {implicit: 0, pageLoad: 300000, script: 30000}, unhandledPromptBehavior: dismiss and notify, webauthn:extension:credBlob: true, webauthn:extension:largeBlob: true, webauthn:extension:minPinLength: true, webauthn:extension:prf: true, webauthn:virtualAuthenticators: true}
Session ID: 2d364da51b56dc3b00182bf13c462a32]]>
            </message>
            <full-stacktrace>
              <![CDATA[org.openqa.selenium.TimeoutException: Expected condition failed: waiting for visibility of all elements located by By.xpath: (//*[name()='svg']//*[contains(@class,'highcharts-point')])[1] (tried for 60 second(s) with 500 milliseconds interval)
Build info: version: '4.38.0', revision: '6b412e825c'
System info: os.name: 'Windows 11', os.arch: 'amd64', os.version: '10.0', java.version: '21.0.9'
Driver info: org.openqa.selenium.chrome.ChromeDriver
Capabilities {acceptInsecureCerts: false, browserName: chrome, browserVersion: 152.0.7977.84, chrome: {chromedriverVersion: 152.0.7977.82 (d04cdb24d67b..., userDataDir: C:\Users\W066520\AppData\Lo...}, fedcm:accounts: true, goog:chromeOptions: {debuggerAddress: localhost:57916}, goog:processID: 320, networkConnectionEnabled: false, pageLoadStrategy: normal, platformName: windows, proxy: Proxy(), se:cdp: ws://localhost:57916/devtoo..., se:cdpVersion: 152.0.7977.84, setWindowRect: true, strictFileInteractability: false, timeouts: {implicit: 0, pageLoad: 300000, script: 30000}, unhandledPromptBehavior: dismiss and notify, webauthn:extension:credBlob: true, webauthn:extension:largeBlob: true, webauthn:extension:minPinLength: true, webauthn:extension:prf: true, webauthn:virtualAuthenticators: true}
Session ID: 2d364da51b56dc3b00182bf13c462a32
at org.openqa.selenium.support.ui.WebDriverWait.timeoutException(WebDriverWait.java:84)
at org.openqa.selenium.support.ui.FluentWait.until(FluentWait.java:228)
at com.OverallSummary.VerifytheProductionLossAnalysisBarchart.VerifytheProductionLossAnalysisBarchart(VerifytheProductionLossAnalysisBarchart.java:115)
at java.base/jdk.internal.reflect.DirectMethodHandleAccessor.invoke(DirectMethodHandleAccessor.java:103)
at java.base/java.lang.reflect.Method.invoke(Method.java:580)
at org.testng.internal.invokers.MethodInvocationHelper.invokeMethod(MethodInvocationHelper.java:141)
at org.testng.internal.invokers.TestInvoker.invokeMethod(TestInvoker.java:687)
at org.testng.internal.invokers.TestInvoker.invokeTestMethod(TestInvoker.java:230)
at org.testng.internal.invokers.MethodRunner.runInSequence(MethodRunner.java:63)
at org.testng.internal.invokers.TestInvoker$MethodInvocationAgent.invoke(TestInvoker.java:995)
at org.testng.internal.invokers.TestInvoker.invokeTestMethods(TestInvoker.java:203)
at org.testng.internal.invokers.TestMethodWorker.invokeTestMethods(TestMethodWorker.java:154)
at org.testng.internal.invokers.TestMethodWorker.run(TestMethodWorker.java:134)
at java.base/java.util.ArrayList.forEach(ArrayList.java:1596)
at org.testng.TestRunner.privateRun(TestRunner.java:741)
at org.testng.TestRunner.run(TestRunner.java:616)
at org.testng.SuiteRunner.runTest(SuiteRunner.java:421)
at org.testng.SuiteRunner.runSequentially(SuiteRunner.java:413)
at org.testng.SuiteRunner.privateRun(SuiteRunner.java:373)
at org.testng.SuiteRunner.run(SuiteRunner.java:312)
at org.testng.SuiteRunnerWorker.runSuite(SuiteRunnerWorker.java:52)
at org.testng.SuiteRunnerWorker.run(SuiteRunnerWorker.java:95)
at org.testng.TestNG.runSuitesSequentially(TestNG.java:1274)
at org.testng.TestNG.runSuitesLocally(TestNG.java:1208)
at org.testng.TestNG.runSuites(TestNG.java:1112)
at org.testng.TestNG.run(TestNG.java:1079)
at org.testng.remote.AbstractRemoteTestNG.run(AbstractRemoteTestNG.java:115)
at org.testng.remote.RemoteTestNG.initAndRun(RemoteTestNG.java:293)
at org.testng.remote.RemoteTestNG.main(RemoteTestNG.java:91)
]]>
            </full-stacktrace>
          </exception> <!-- org.openqa.selenium.TimeoutException -->
          <reporter-output>
          </reporter-output>
        </test-method> <!-- VerifytheProductionLossAnalysisBarchart -->
        <test-method is-config="true" signature="configAM()[pri:0, instance:com.OverallSummary.VerifytheProductionLossAnalysisBarchart@53fb3dab]" started-at="2026-09-17T11:13:18 IST" name="configAM" finished-at="2026-09-17T11:13:18 IST" duration-ms="87" status="PASS">
          <reporter-output>
          </reporter-output>
        </test-method> <!-- configAM -->
        <test-method is-config="true" signature="configAC()[pri:0, instance:com.OverallSummary.VerifytheProductionLossAnalysisBarchart@53fb3dab]" started-at="2026-09-17T11:13:18 IST" name="configAC" finished-at="2026-09-17T11:13:19 IST" duration-ms="1361" status="PASS">
          <reporter-output>
          </reporter-output>
        </test-method> <!-- configAC -->
      </class> <!-- com.OverallSummary.VerifytheProductionLossAnalysisBarchart -->
      <class name="com.ReasonLinkingPage.ReasonLinkingFilterDataValidationTest">
        <test-method is-config="true" signature="configBC()[pri:0, instance:com.ReasonLinkingPage.ReasonLinkingFilterDataValidationTest@4f80542f]" started-at="2026-09-17T12:08:09 IST" name="configBC" finished-at="2026-09-17T12:08:11 IST" duration-ms="1458" status="PASS">
          <reporter-output>
          </reporter-output>
        </test-method> <!-- configBC -->
        <test-method is-config="true" signature="configBM()[pri:0, instance:com.ReasonLinkingPage.ReasonLinkingFilterDataValidationTest@4f80542f]" started-at="2026-09-17T12:08:11 IST" name="configBM" finished-at="2026-09-17T12:08:12 IST" duration-ms="1829" status="PASS">
          <reporter-output>
          </reporter-output>
        </test-method> <!-- configBM -->
        <test-method signature="ReasonLinkingFilterDataValidationTest()[pri:0, instance:com.ReasonLinkingPage.ReasonLinkingFilterDataValidationTest@4f80542f]" started-at="2026-09-17T12:08:12 IST" name="ReasonLinkingFilterDataValidationTest" finished-at="2026-09-17T12:08:16 IST" duration-ms="3297" status="PASS">
          <reporter-output>
          </reporter-output>
        </test-method> <!-- ReasonLinkingFilterDataValidationTest -->
        <test-method is-config="true" signature="configAM()[pri:0, instance:com.ReasonLinkingPage.ReasonLinkingFilterDataValidationTest@4f80542f]" started-at="2026-09-17T12:08:16 IST" name="configAM" finished-at="2026-09-17T12:08:16 IST" duration-ms="51" status="PASS">
          <reporter-output>
          </reporter-output>
        </test-method> <!-- configAM -->
        <test-method is-config="true" signature="configAC()[pri:0, instance:com.ReasonLinkingPage.ReasonLinkingFilterDataValidationTest@4f80542f]" started-at="2026-09-17T12:08:16 IST" name="configAC" finished-at="2026-09-17T12:08:16 IST" duration-ms="569" status="PASS">
          <reporter-output>
          </reporter-output>
        </test-method> <!-- configAC -->
      </class> <!-- com.ReasonLinkingPage.ReasonLinkingFilterDataValidationTest -->
      <class name="com.ReasonLinkingPage.ReasonLinkingUnlinkedExportTest">
        <test-method is-config="true" signature="configBC()[pri:0, instance:com.ReasonLinkingPage.ReasonLinkingUnlinkedExportTest@5d534f5d]" started-at="2026-09-17T13:19:45 IST" name="configBC" finished-at="2026-09-17T13:19:46 IST" duration-ms="1662" status="PASS">
          <reporter-output>
          </reporter-output>
        </test-method> <!-- configBC -->
        <test-method is-config="true" signature="configBM()[pri:0, instance:com.ReasonLinkingPage.ReasonLinkingUnlinkedExportTest@5d534f5d]" started-at="2026-09-17T13:19:46 IST" name="configBM" finished-at="2026-09-17T13:19:48 IST" duration-ms="1489" status="PASS">
          <reporter-output>
          </reporter-output>
        </test-method> <!-- configBM -->
        <test-method signature="ReasonLinkingUnlinkedExportTest()[pri:0, instance:com.ReasonLinkingPage.ReasonLinkingUnlinkedExportTest@5d534f5d]" started-at="2026-09-17T13:19:48 IST" name="ReasonLinkingUnlinkedExportTest" finished-at="2026-09-17T13:19:55 IST" duration-ms="7327" status="PASS">
          <reporter-output>
          </reporter-output>
        </test-method> <!-- ReasonLinkingUnlinkedExportTest -->
        <test-method is-config="true" signature="configAM()[pri:0, instance:com.ReasonLinkingPage.ReasonLinkingUnlinkedExportTest@5d534f5d]" started-at="2026-09-17T13:19:55 IST" name="configAM" finished-at="2026-09-17T13:19:56 IST" duration-ms="977" status="PASS">
          <reporter-output>
          </reporter-output>
        </test-method> <!-- configAM -->
        <test-method is-config="true" signature="configAC()[pri:0, instance:com.ReasonLinkingPage.ReasonLinkingUnlinkedExportTest@5d534f5d]" started-at="2026-09-17T13:19:56 IST" name="configAC" finished-at="2026-09-17T13:19:57 IST" duration-ms="497" status="PASS">
          <reporter-output>
          </reporter-output>
        </test-method> <!-- configAC -->
      </class> <!-- com.ReasonLinkingPage.ReasonLinkingUnlinkedExportTest -->
      <class name="com.Settings.Departements.verifyEditDepartmenTest">
        <test-method is-config="true" signature="configBC()[pri:0, instance:com.Settings.Departements.verifyEditDepartmenTest@25641d39]" started-at="2026-09-17T10:57:42 IST" name="configBC" finished-at="2026-09-17T10:57:43 IST" duration-ms="1769" status="PASS">
          <reporter-output>
          </reporter-output>
        </test-method> <!-- configBC -->
        <test-method is-config="true" signature="configBM()[pri:0, instance:com.Settings.Departements.verifyEditDepartmenTest@25641d39]" started-at="2026-09-17T10:57:43 IST" name="configBM" finished-at="2026-09-17T10:57:45 IST" duration-ms="2141" status="PASS">
          <reporter-output>
          </reporter-output>
        </test-method> <!-- configBM -->
        <test-method signature="verifyEditDepartmenTest()[pri:0, instance:com.Settings.Departements.verifyEditDepartmenTest@25641d39]" started-at="2026-09-17T10:57:45 IST" name="verifyEditDepartmenTest" finished-at="2026-09-17T10:58:09 IST" duration-ms="23379" status="PASS">
          <reporter-output>
          </reporter-output>
        </test-method> <!-- verifyEditDepartmenTest -->
        <test-method is-config="true" signature="configAM()[pri:0, instance:com.Settings.Departements.verifyEditDepartmenTest@25641d39]" started-at="2026-09-17T10:58:09 IST" name="configAM" finished-at="2026-09-17T10:58:09 IST" duration-ms="135" status="PASS">
          <reporter-output>
          </reporter-output>
        </test-method> <!-- configAM -->
        <test-method is-config="true" signature="configAC()[pri:0, instance:com.Settings.Departements.verifyEditDepartmenTest@25641d39]" started-at="2026-09-17T10:58:09 IST" name="configAC" finished-at="2026-09-17T10:58:10 IST" duration-ms="909" status="PASS">
          <reporter-output>
          </reporter-output>
        </test-method> <!-- configAC -->
      </class> <!-- com.Settings.Departements.verifyEditDepartmenTest -->
      <class name="com.DowntimeEnhacementPage.DowntimeEnhacementTableExportTest">
        <test-method is-config="true" signature="configBC()[pri:0, instance:com.DowntimeEnhacementPage.DowntimeEnhacementTableExportTest@70e9c95d]" started-at="2026-09-17T10:29:50 IST" name="configBC" finished-at="2026-09-17T10:29:51 IST" duration-ms="1563" status="PASS">
          <reporter-output>
          </reporter-output>
        </test-method> <!-- configBC -->
        <test-method is-config="true" signature="configBM()[pri:0, instance:com.DowntimeEnhacementPage.DowntimeEnhacementTableExportTest@70e9c95d]" started-at="2026-09-17T10:29:51 IST" name="configBM" finished-at="2026-09-17T10:29:53 IST" duration-ms="1547" status="PASS">
          <reporter-output>
          </reporter-output>
        </test-method> <!-- configBM -->
        <test-method signature="DowntimeEnhacementTableExport()[pri:0, instance:com.DowntimeEnhacementPage.DowntimeEnhacementTableExportTest@70e9c95d]" started-at="2026-09-17T10:29:53 IST" name="DowntimeEnhacementTableExport" finished-at="2026-09-17T10:29:57 IST" duration-ms="4534" status="PASS">
          <reporter-output>
          </reporter-output>
        </test-method> <!-- DowntimeEnhacementTableExport -->
        <test-method is-config="true" signature="configAM()[pri:0, instance:com.DowntimeEnhacementPage.DowntimeEnhacementTableExportTest@70e9c95d]" started-at="2026-09-17T10:29:57 IST" name="configAM" finished-at="2026-09-17T10:29:58 IST" duration-ms="180" status="PASS">
          <reporter-output>
          </reporter-output>
        </test-method> <!-- configAM -->
        <test-method is-config="true" signature="configAC()[pri:0, instance:com.DowntimeEnhacementPage.DowntimeEnhacementTableExportTest@70e9c95d]" started-at="2026-09-17T10:29:58 IST" name="configAC" finished-at="2026-09-17T10:29:58 IST" duration-ms="672" status="PASS">
          <reporter-output>
          </reporter-output>
        </test-method> <!-- configAC -->
      </class> <!-- com.DowntimeEnhacementPage.DowntimeEnhacementTableExportTest -->
      <class name="com.DowntimeShiftview.VerifyShiftViewPageDataTest">
        <test-method is-config="true" signature="configBC()[pri:0, instance:com.DowntimeShiftview.VerifyShiftViewPageDataTest@52719fb6]" started-at="2026-09-17T11:41:03 IST" name="configBC" finished-at="2026-09-17T11:41:05 IST" duration-ms="1761" status="PASS">
          <reporter-output>
          </reporter-output>
        </test-method> <!-- configBC -->
        <test-method is-config="true" signature="configBM()[pri:0, instance:com.DowntimeShiftview.VerifyShiftViewPageDataTest@52719fb6]" started-at="2026-09-17T11:41:05 IST" name="configBM" finished-at="2026-09-17T11:41:07 IST" duration-ms="2097" status="PASS">
          <reporter-output>
          </reporter-output>
        </test-method> <!-- configBM -->
        <test-method signature="VerifyShiftViewPageDataTest()[pri:0, instance:com.DowntimeShiftview.VerifyShiftViewPageDataTest@52719fb6]" started-at="2026-09-17T11:41:07 IST" name="VerifyShiftViewPageDataTest" finished-at="2026-09-17T11:41:13 IST" duration-ms="6358" status="PASS">
          <reporter-output>
          </reporter-output>
        </test-method> <!-- VerifyShiftViewPageDataTest -->
        <test-method is-config="true" signature="configAM()[pri:0, instance:com.DowntimeShiftview.VerifyShiftViewPageDataTest@52719fb6]" started-at="2026-09-17T11:41:13 IST" name="configAM" finished-at="2026-09-17T11:41:13 IST" duration-ms="126" status="PASS">
          <reporter-output>
          </reporter-output>
        </test-method> <!-- configAM -->
        <test-method is-config="true" signature="configAC()[pri:0, instance:com.DowntimeShiftview.VerifyShiftViewPageDataTest@52719fb6]" started-at="2026-09-17T11:41:13 IST" name="configAC" finished-at="2026-09-17T11:41:14 IST" duration-ms="739" status="PASS">
          <reporter-output>
          </reporter-output>
        </test-method> <!-- configAC -->
      </class> <!-- com.DowntimeShiftview.VerifyShiftViewPageDataTest -->
      <class name="com.RoleCreateModule.VerifytheAddRoleFunctionality">
        <test-method is-config="true" signature="configBC()[pri:0, instance:com.RoleCreateModule.VerifytheAddRoleFunctionality@f78a47e]" started-at="2026-09-17T10:46:25 IST" name="configBC" finished-at="2026-09-17T10:46:27 IST" duration-ms="1659" status="PASS">
          <reporter-output>
          </reporter-output>
        </test-method> <!-- configBC -->
        <test-method is-config="true" signature="configBM()[pri:0, instance:com.RoleCreateModule.VerifytheAddRoleFunctionality@f78a47e]" started-at="2026-09-17T10:46:27 IST" name="configBM" finished-at="2026-09-17T10:46:28 IST" duration-ms="1423" status="PASS">
          <reporter-output>
          </reporter-output>
        </test-method> <!-- configBM -->
        <test-method signature="VerifytheAddRoleFunctionality()[pri:0, instance:com.RoleCreateModule.VerifytheAddRoleFunctionality@f78a47e]" started-at="2026-09-17T10:46:28 IST" name="VerifytheAddRoleFunctionality" finished-at="2026-09-17T10:46:37 IST" duration-ms="9295" status="PASS">
          <reporter-output>
          </reporter-output>
        </test-method> <!-- VerifytheAddRoleFunctionality -->
        <test-method is-config="true" signature="configAM()[pri:0, instance:com.RoleCreateModule.VerifytheAddRoleFunctionality@f78a47e]" started-at="2026-09-17T10:46:37 IST" name="configAM" finished-at="2026-09-17T10:46:38 IST" duration-ms="442" status="PASS">
          <reporter-output>
          </reporter-output>
        </test-method> <!-- configAM -->
        <test-method is-config="true" signature="configAC()[pri:0, instance:com.RoleCreateModule.VerifytheAddRoleFunctionality@f78a47e]" started-at="2026-09-17T10:46:38 IST" name="configAC" finished-at="2026-09-17T10:46:39 IST" duration-ms="844" status="PASS">
          <reporter-output>
          </reporter-output>
        </test-method> <!-- configAC -->
      </class> <!-- com.RoleCreateModule.VerifytheAddRoleFunctionality -->
      <class name="com.AddAssociates.VerifytheAddAssociatesPageNavigation">
        <test-method is-config="true" signature="configBC()[pri:0, instance:com.AddAssociates.VerifytheAddAssociatesPageNavigation@27406a17]" started-at="2026-09-17T12:11:39 IST" name="configBC" finished-at="2026-09-17T12:11:41 IST" duration-ms="1591" status="PASS">
          <reporter-output>
          </reporter-output>
        </test-method> <!-- configBC -->
        <test-method is-config="true" signature="configBM()[pri:0, instance:com.AddAssociates.VerifytheAddAssociatesPageNavigation@27406a17]" started-at="2026-09-17T12:11:41 IST" name="configBM" finished-at="2026-09-17T12:11:43 IST" duration-ms="1778" status="PASS">
          <reporter-output>
          </reporter-output>
        </test-method> <!-- configBM -->
        <test-method signature="VerifytheAddAssociatesPageNavigation()[pri:0, instance:com.AddAssociates.VerifytheAddAssociatesPageNavigation@27406a17]" started-at="2026-09-17T12:11:43 IST" name="VerifytheAddAssociatesPageNavigation" finished-at="2026-09-17T12:11:45 IST" duration-ms="2282" status="PASS">
          <reporter-output>
          </reporter-output>
        </test-method> <!-- VerifytheAddAssociatesPageNavigation -->
        <test-method is-config="true" signature="configAM()[pri:0, instance:com.AddAssociates.VerifytheAddAssociatesPageNavigation@27406a17]" started-at="2026-09-17T12:11:45 IST" name="configAM" finished-at="2026-09-17T12:11:45 IST" duration-ms="58" status="PASS">
          <reporter-output>
          </reporter-output>
        </test-method> <!-- configAM -->
        <test-method is-config="true" signature="configAC()[pri:0, instance:com.AddAssociates.VerifytheAddAssociatesPageNavigation@27406a17]" started-at="2026-09-17T12:11:45 IST" name="configAC" finished-at="2026-09-17T12:11:45 IST" duration-ms="507" status="PASS">
          <reporter-output>
          </reporter-output>
        </test-method> <!-- configAC -->
      </class> <!-- com.AddAssociates.VerifytheAddAssociatesPageNavigation -->
      <class name="com.UserCreate.VerifytheonlySingleGroupToUser">
        <test-method is-config="true" signature="configBC()[pri:0, instance:com.UserCreate.VerifytheonlySingleGroupToUser@2e385cce]" started-at="2026-09-17T12:14:06 IST" name="configBC" finished-at="2026-09-17T12:14:08 IST" duration-ms="1254" status="PASS">
          <reporter-output>
          </reporter-output>
        </test-method> <!-- configBC -->
        <test-method is-config="true" signature="configBM()[pri:0, instance:com.UserCreate.VerifytheonlySingleGroupToUser@2e385cce]" started-at="2026-09-17T12:14:08 IST" name="configBM" finished-at="2026-09-17T12:14:09 IST" duration-ms="1511" status="PASS">
          <reporter-output>
          </reporter-output>
        </test-method> <!-- configBM -->
        <test-method signature="VerifytheonlySingleGroupToUser()[pri:0, instance:com.UserCreate.VerifytheonlySingleGroupToUser@2e385cce]" started-at="2026-09-17T12:14:09 IST" name="VerifytheonlySingleGroupToUser" finished-at="2026-09-17T12:14:18 IST" duration-ms="8476" status="PASS">
          <reporter-output>
          </reporter-output>
        </test-method> <!-- VerifytheonlySingleGroupToUser -->
        <test-method is-config="true" signature="configAM()[pri:0, instance:com.UserCreate.VerifytheonlySingleGroupToUser@2e385cce]" started-at="2026-09-17T12:14:18 IST" name="configAM" finished-at="2026-09-17T12:14:18 IST" duration-ms="578" status="PASS">
          <reporter-output>
          </reporter-output>
        </test-method> <!-- configAM -->
        <test-method is-config="true" signature="configAC()[pri:0, instance:com.UserCreate.VerifytheonlySingleGroupToUser@2e385cce]" started-at="2026-09-17T12:14:18 IST" name="configAC" finished-at="2026-09-17T12:14:19 IST" duration-ms="472" status="PASS">
          <reporter-output>
          </reporter-output>
        </test-method> <!-- configAC -->
      </class> <!-- com.UserCreate.VerifytheonlySingleGroupToUser -->
      <class name="com.Settings.DepartmentGroup.verifyMTTRMTBFSourceRadioButtonsTest">
        <test-method is-config="true" signature="configBC()[pri:0, instance:com.Settings.DepartmentGroup.verifyMTTRMTBFSourceRadioButtonsTest@229c6181]" started-at="2026-09-17T11:41:41 IST" name="configBC" finished-at="2026-09-17T11:41:43 IST" duration-ms="1781" status="PASS">
          <reporter-output>
          </reporter-output>
        </test-method> <!-- configBC -->
        <test-method is-config="true" signature="configBM()[pri:0, instance:com.Settings.DepartmentGroup.verifyMTTRMTBFSourceRadioButtonsTest@229c6181]" started-at="2026-09-17T11:41:43 IST" name="configBM" finished-at="2026-09-17T11:41:44 IST" duration-ms="1640" status="PASS">
          <reporter-output>
          </reporter-output>
        </test-method> <!-- configBM -->
        <test-method signature="verifyAddDepartmentGroupTest()[pri:0, instance:com.Settings.DepartmentGroup.verifyMTTRMTBFSourceRadioButtonsTest@229c6181]" started-at="2026-09-17T11:41:44 IST" name="verifyAddDepartmentGroupTest" finished-at="2026-09-17T11:42:09 IST" duration-ms="24559" status="PASS">
          <reporter-output>
          </reporter-output>
        </test-method> <!-- verifyAddDepartmentGroupTest -->
        <test-method is-config="true" signature="configAM()[pri:0, instance:com.Settings.DepartmentGroup.verifyMTTRMTBFSourceRadioButtonsTest@229c6181]" started-at="2026-09-17T11:42:09 IST" name="configAM" finished-at="2026-09-17T11:42:09 IST" duration-ms="211" status="PASS">
          <reporter-output>
          </reporter-output>
        </test-method> <!-- configAM -->
        <test-method is-config="true" signature="configAC()[pri:0, instance:com.Settings.DepartmentGroup.verifyMTTRMTBFSourceRadioButtonsTest@229c6181]" started-at="2026-09-17T11:42:09 IST" name="configAC" finished-at="2026-09-17T11:42:10 IST" duration-ms="798" status="PASS">
          <reporter-output>
          </reporter-output>
        </test-method> <!-- configAC -->
      </class> <!-- com.Settings.DepartmentGroup.verifyMTTRMTBFSourceRadioButtonsTest -->
      <class name="com.OEETarget.VerifyCloseBulkLinkingFunctionality">
        <test-method is-config="true" signature="configBC()[pri:0, instance:com.OEETarget.VerifyCloseBulkLinkingFunctionality@1cf6d1be]" started-at="2026-09-17T10:47:25 IST" name="configBC" finished-at="2026-09-17T10:47:27 IST" duration-ms="1644" status="PASS">
          <reporter-output>
          </reporter-output>
        </test-method> <!-- configBC -->
        <test-method is-config="true" signature="configBM()[pri:0, instance:com.OEETarget.VerifyCloseBulkLinkingFunctionality@1cf6d1be]" started-at="2026-09-17T10:47:27 IST" name="configBM" finished-at="2026-09-17T10:47:28 IST" duration-ms="1385" status="PASS">
          <reporter-output>
          </reporter-output>
        </test-method> <!-- configBM -->
        <test-method signature="VerifyCloseBulkLinkingFunctionality()[pri:0, instance:com.OEETarget.VerifyCloseBulkLinkingFunctionality@1cf6d1be]" started-at="2026-09-17T10:47:28 IST" name="VerifyCloseBulkLinkingFunctionality" finished-at="2026-09-17T10:48:33 IST" duration-ms="65318" status="PASS">
          <reporter-output>
          </reporter-output>
        </test-method> <!-- VerifyCloseBulkLinkingFunctionality -->
        <test-method is-config="true" signature="configAM()[pri:0, instance:com.OEETarget.VerifyCloseBulkLinkingFunctionality@1cf6d1be]" started-at="2026-09-17T10:48:33 IST" name="configAM" finished-at="2026-09-17T10:48:33 IST" duration-ms="153" status="PASS">
          <reporter-output>
          </reporter-output>
        </test-method> <!-- configAM -->
        <test-method is-config="true" signature="configAC()[pri:0, instance:com.OEETarget.VerifyCloseBulkLinkingFunctionality@1cf6d1be]" started-at="2026-09-17T10:48:33 IST" name="configAC" finished-at="2026-09-17T10:48:34 IST" duration-ms="884" status="PASS">
          <reporter-output>
          </reporter-output>
        </test-method> <!-- configAC -->
      </class> <!-- com.OEETarget.VerifyCloseBulkLinkingFunctionality -->
      <class name="com.UserCreate.VerifyAssignOnlySingleAreaToUser">
        <test-method is-config="true" signature="configBC()[pri:0, instance:com.UserCreate.VerifyAssignOnlySingleAreaToUser@2892d68]" started-at="2026-09-17T10:52:07 IST" name="configBC" finished-at="2026-09-17T10:52:08 IST" duration-ms="1649" status="PASS">
          <reporter-output>
          </reporter-output>
        </test-method> <!-- configBC -->
        <test-method is-config="true" signature="configBM()[pri:0, instance:com.UserCreate.VerifyAssignOnlySingleAreaToUser@2892d68]" started-at="2026-09-17T10:52:08 IST" name="configBM" finished-at="2026-09-17T10:52:10 IST" duration-ms="1563" status="PASS">
          <reporter-output>
          </reporter-output>
        </test-method> <!-- configBM -->
        <test-method signature="VerifyAssignOnlySingleAreaToUser()[pri:0, instance:com.UserCreate.VerifyAssignOnlySingleAreaToUser@2892d68]" started-at="2026-09-17T10:52:10 IST" name="VerifyAssignOnlySingleAreaToUser" finished-at="2026-09-17T10:52:16 IST" duration-ms="6461" status="FAIL">
          <exception class="java.lang.AssertionError">
            <message>
              <![CDATA[User created failed. Actual message: • Login ID already exists expected [true] but found [false]]]>
            </message>
            <full-stacktrace>
              <![CDATA[java.lang.AssertionError: User created failed. Actual message: • Login ID already exists expected [true] but found [false]
at org.testng.Assert.fail(Assert.java:111)
at org.testng.Assert.failNotEquals(Assert.java:1590)
at org.testng.Assert.assertTrue(Assert.java:57)
at com.UserCreate.VerifyAssignOnlySingleAreaToUser.VerifyAssignOnlySingleAreaToUser(VerifyAssignOnlySingleAreaToUser.java:102)
at java.base/jdk.internal.reflect.DirectMethodHandleAccessor.invoke(DirectMethodHandleAccessor.java:103)
at java.base/java.lang.reflect.Method.invoke(Method.java:580)
at org.testng.internal.invokers.MethodInvocationHelper.invokeMethod(MethodInvocationHelper.java:141)
at org.testng.internal.invokers.TestInvoker.invokeMethod(TestInvoker.java:687)
at org.testng.internal.invokers.TestInvoker.invokeTestMethod(TestInvoker.java:230)
at org.testng.internal.invokers.MethodRunner.runInSequence(MethodRunner.java:63)
at org.testng.internal.invokers.TestInvoker$MethodInvocationAgent.invoke(TestInvoker.java:995)
at org.testng.internal.invokers.TestInvoker.invokeTestMethods(TestInvoker.java:203)
at org.testng.internal.invokers.TestMethodWorker.invokeTestMethods(TestMethodWorker.java:154)
at org.testng.internal.invokers.TestMethodWorker.run(TestMethodWorker.java:134)
at java.base/java.util.ArrayList.forEach(ArrayList.java:1596)
at org.testng.TestRunner.privateRun(TestRunner.java:741)
at org.testng.TestRunner.run(TestRunner.java:616)
at org.testng.SuiteRunner.runTest(SuiteRunner.java:421)
at org.testng.SuiteRunner.runSequentially(SuiteRunner.java:413)
at org.testng.SuiteRunner.privateRun(SuiteRunner.java:373)
at org.testng.SuiteRunner.run(SuiteRunner.java:312)
at org.testng.SuiteRunnerWorker.runSuite(SuiteRunnerWorker.java:52)
at org.testng.SuiteRunnerWorker.run(SuiteRunnerWorker.java:95)
at org.testng.TestNG.runSuitesSequentially(TestNG.java:1274)
at org.testng.TestNG.runSuitesLocally(TestNG.java:1208)
at org.testng.TestNG.runSuites(TestNG.java:1112)
at org.testng.TestNG.run(TestNG.java:1079)
at org.testng.remote.AbstractRemoteTestNG.run(AbstractRemoteTestNG.java:115)
at org.testng.remote.RemoteTestNG.initAndRun(RemoteTestNG.java:293)
at org.testng.remote.RemoteTestNG.main(RemoteTestNG.java:91)
]]>
            </full-stacktrace>
          </exception> <!-- java.lang.AssertionError -->
          <reporter-output>
          </reporter-output>
        </test-method> <!-- VerifyAssignOnlySingleAreaToUser -->
        <test-method is-config="true" signature="configAM()[pri:0, instance:com.UserCreate.VerifyAssignOnlySingleAreaToUser@2892d68]" started-at="2026-09-17T10:52:16 IST" name="configAM" finished-at="2026-09-17T10:52:18 IST" duration-ms="1176" status="FAIL">
          <exception class="org.openqa.selenium.ElementClickInterceptedException">
            <message>
              <![CDATA[element click intercepted: Element <span>...</span> is not clickable at point (1457, 42). Other element would receive the click: <div id="tutzvtwq2" class="Toastify__toast Toastify__toast--error">...</div>
  (Session info: chrome=152.0.7977.84)
Build info: version: '4.38.0', revision: '6b412e825c'
System info: os.name: 'Windows 11', os.arch: 'amd64', os.version: '10.0', java.version: '21.0.9'
Driver info: org.openqa.selenium.chrome.ChromeDriver
Command: [e8fcdda8567c32a8722f73d5c475657a, clickElement {id=f.7BD07FA417E05BFC85B5D7E3B1C39892.d.CCBDF871295AB7A51207D24B0F22B0D4.e.187}]
Capabilities {acceptInsecureCerts: false, browserName: chrome, browserVersion: 152.0.7977.84, chrome: {chromedriverVersion: 152.0.7977.82 (d04cdb24d67b..., userDataDir: C:\Users\W066520\AppData\Lo...}, fedcm:accounts: true, goog:chromeOptions: {debuggerAddress: localhost:51809}, goog:processID: 8700, networkConnectionEnabled: false, pageLoadStrategy: normal, platformName: windows, proxy: Proxy(), se:cdp: ws://localhost:51809/devtoo..., se:cdpVersion: 152.0.7977.84, setWindowRect: true, strictFileInteractability: false, timeouts: {implicit: 0, pageLoad: 300000, script: 30000}, unhandledPromptBehavior: dismiss and notify, webauthn:extension:credBlob: true, webauthn:extension:largeBlob: true, webauthn:extension:minPinLength: true, webauthn:extension:prf: true, webauthn:virtualAuthenticators: true}
Element: [[ChromeDriver: chrome on windows (e8fcdda8567c32a8722f73d5c475657a)] -> xpath: //span[text()="Logout"]]
Session ID: e8fcdda8567c32a8722f73d5c475657a]]>
            </message>
            <full-stacktrace>
              <![CDATA[org.openqa.selenium.ElementClickInterceptedException: element click intercepted: Element <span>...</span> is not clickable at point (1457, 42). Other element would receive the click: <div id="tutzvtwq2" class="Toastify__toast Toastify__toast--error">...</div>
  (Session info: chrome=152.0.7977.84)
Build info: version: '4.38.0', revision: '6b412e825c'
System info: os.name: 'Windows 11', os.arch: 'amd64', os.version: '10.0', java.version: '21.0.9'
Driver info: org.openqa.selenium.chrome.ChromeDriver
Command: [e8fcdda8567c32a8722f73d5c475657a, clickElement {id=f.7BD07FA417E05BFC85B5D7E3B1C39892.d.CCBDF871295AB7A51207D24B0F22B0D4.e.187}]
Capabilities {acceptInsecureCerts: false, browserName: chrome, browserVersion: 152.0.7977.84, chrome: {chromedriverVersion: 152.0.7977.82 (d04cdb24d67b..., userDataDir: C:\Users\W066520\AppData\Lo...}, fedcm:accounts: true, goog:chromeOptions: {debuggerAddress: localhost:51809}, goog:processID: 8700, networkConnectionEnabled: false, pageLoadStrategy: normal, platformName: windows, proxy: Proxy(), se:cdp: ws://localhost:51809/devtoo..., se:cdpVersion: 152.0.7977.84, setWindowRect: true, strictFileInteractability: false, timeouts: {implicit: 0, pageLoad: 300000, script: 30000}, unhandledPromptBehavior: dismiss and notify, webauthn:extension:credBlob: true, webauthn:extension:largeBlob: true, webauthn:extension:minPinLength: true, webauthn:extension:prf: true, webauthn:virtualAuthenticators: true}
Element: [[ChromeDriver: chrome on windows (e8fcdda8567c32a8722f73d5c475657a)] -> xpath: //span[text()="Logout"]]
Session ID: e8fcdda8567c32a8722f73d5c475657a
at java.base/jdk.internal.reflect.DirectConstructorHandleAccessor.newInstance(DirectConstructorHandleAccessor.java:62)
at java.base/java.lang.reflect.Constructor.newInstanceWithCaller(Constructor.java:502)
at java.base/java.lang.reflect.Constructor.newInstance(Constructor.java:486)
at org.openqa.selenium.remote.ErrorCodec.decode(ErrorCodec.java:167)
at org.openqa.selenium.remote.codec.w3c.W3CHttpResponseCodec.decode(W3CHttpResponseCodec.java:138)
at org.openqa.selenium.remote.codec.w3c.W3CHttpResponseCodec.decode(W3CHttpResponseCodec.java:50)
at org.openqa.selenium.remote.HttpCommandExecutor.execute(HttpCommandExecutor.java:215)
at org.openqa.selenium.remote.service.DriverCommandExecutor.invokeExecute(DriverCommandExecutor.java:216)
at org.openqa.selenium.remote.service.DriverCommandExecutor.execute(DriverCommandExecutor.java:174)
at org.openqa.selenium.remote.RemoteWebDriver.execute(RemoteWebDriver.java:557)
at org.openqa.selenium.remote.RemoteWebElement.execute(RemoteWebElement.java:223)
at org.openqa.selenium.remote.RemoteWebElement.click(RemoteWebElement.java:76)
at java.base/jdk.internal.reflect.DirectMethodHandleAccessor.invoke(DirectMethodHandleAccessor.java:103)
at java.base/java.lang.reflect.Method.invoke(Method.java:580)
at org.openqa.selenium.support.pagefactory.internal.LocatingElementHandler.invoke(LocatingElementHandler.java:51)
at jdk.proxy2/jdk.proxy2.$Proxy15.click(Unknown Source)
at com.sgplus.erp.genericutility.BaseClass.configAM(BaseClass.java:65)
at java.base/jdk.internal.reflect.DirectMethodHandleAccessor.invoke(DirectMethodHandleAccessor.java:103)
at java.base/java.lang.reflect.Method.invoke(Method.java:580)
at org.testng.internal.invokers.MethodInvocationHelper.invokeMethod(MethodInvocationHelper.java:141)
at org.testng.internal.invokers.MethodInvocationHelper.invokeMethodConsideringTimeout(MethodInvocationHelper.java:71)
at org.testng.internal.invokers.ConfigInvoker.invokeConfigurationMethod(ConfigInvoker.java:400)
at org.testng.internal.invokers.ConfigInvoker.invokeConfigurations(ConfigInvoker.java:333)
at org.testng.internal.invokers.TestInvoker.runConfigMethods(TestInvoker.java:836)
at org.testng.internal.invokers.TestInvoker.runAfterConfigurations(TestInvoker.java:805)
at org.testng.internal.invokers.TestInvoker.invokeMethod(TestInvoker.java:781)
at org.testng.internal.invokers.TestInvoker.invokeTestMethod(TestInvoker.java:230)
at org.testng.internal.invokers.MethodRunner.runInSequence(MethodRunner.java:63)
at org.testng.internal.invokers.TestInvoker$MethodInvocationAgent.invoke(TestInvoker.java:995)
at org.testng.internal.invokers.TestInvoker.invokeTestMethods(TestInvoker.java:203)
at org.testng.internal.invokers.TestMethodWorker.invokeTestMethods(TestMethodWorker.java:154)
at org.testng.internal.invokers.TestMethodWorker.run(TestMethodWorker.java:134)
at java.base/java.util.ArrayList.forEach(ArrayList.java:1596)
at org.testng.TestRunner.privateRun(TestRunner.java:741)
at org.testng.TestRunner.run(TestRunner.java:616)
at org.testng.SuiteRunner.runTest(SuiteRunner.java:421)
at org.testng.SuiteRunner.runSequentially(SuiteRunner.java:413)
at org.testng.SuiteRunner.privateRun(SuiteRunner.java:373)
at org.testng.SuiteRunner.run(SuiteRunner.java:312)
at org.testng.SuiteRunnerWorker.runSuite(SuiteRunnerWorker.java:52)
at org.testng.SuiteRunnerWorker.run(SuiteRunnerWorker.java:95)
at org.testng.TestNG.runSuitesSequentially(TestNG.java:1274)
at org.testng.TestNG.runSuitesLocally(TestNG.java:1208)
at org.testng.TestNG.runSuites(TestNG.java:1112)
at org.testng.TestNG.run(TestNG.java:1079)
at org.testng.remote.AbstractRemoteTestNG.run(AbstractRemoteTestNG.java:115)
at org.testng.remote.RemoteTestNG.initAndRun(RemoteTestNG.java:293)
at org.testng.remote.RemoteTestNG.main(RemoteTestNG.java:91)
]]>
            </full-stacktrace>
          </exception> <!-- org.openqa.selenium.ElementClickInterceptedException -->
          <reporter-output>
          </reporter-output>
        </test-method> <!-- configAM -->
        <test-method is-config="true" signature="configAC()[pri:0, instance:com.UserCreate.VerifyAssignOnlySingleAreaToUser@2892d68]" started-at="2026-09-17T10:52:18 IST" name="configAC" finished-at="2026-09-17T10:52:18 IST" duration-ms="0" status="SKIP">
          <reporter-output>
          </reporter-output>
        </test-method> <!-- configAC -->
      </class> <!-- com.UserCreate.VerifyAssignOnlySingleAreaToUser -->
      <class name="com.CycleTimeDashboard.VeriftyheExportFeatureBySelectingEquipement">
        <test-method is-config="true" signature="configBC()[pri:0, instance:com.CycleTimeDashboard.VeriftyheExportFeatureBySelectingEquipement@59505b48]" started-at="2026-09-17T10:49:18 IST" name="configBC" finished-at="2026-09-17T10:49:20 IST" duration-ms="1614" status="PASS">
          <reporter-output>
          </reporter-output>
        </test-method> <!-- configBC -->
        <test-method is-config="true" signature="configBM()[pri:0, instance:com.CycleTimeDashboard.VeriftyheExportFeatureBySelectingEquipement@59505b48]" started-at="2026-09-17T10:49:20 IST" name="configBM" finished-at="2026-09-17T10:49:21 IST" duration-ms="1380" status="PASS">
          <reporter-output>
          </reporter-output>
        </test-method> <!-- configBM -->
        <test-method signature="VeriftyheExportFeatureBySelectingEquipement()[pri:0, instance:com.CycleTimeDashboard.VeriftyheExportFeatureBySelectingEquipement@59505b48]" started-at="2026-09-17T10:49:21 IST" name="VeriftyheExportFeatureBySelectingEquipement" finished-at="2026-09-17T10:49:41 IST" duration-ms="19615" status="PASS">
          <reporter-output>
          </reporter-output>
        </test-method> <!-- VeriftyheExportFeatureBySelectingEquipement -->
        <test-method is-config="true" signature="configAM()[pri:0, instance:com.CycleTimeDashboard.VeriftyheExportFeatureBySelectingEquipement@59505b48]" started-at="2026-09-17T10:49:41 IST" name="configAM" finished-at="2026-09-17T10:49:41 IST" duration-ms="186" status="PASS">
          <reporter-output>
          </reporter-output>
        </test-method> <!-- configAM -->
        <test-method is-config="true" signature="configAC()[pri:0, instance:com.CycleTimeDashboard.VeriftyheExportFeatureBySelectingEquipement@59505b48]" started-at="2026-09-17T10:49:41 IST" name="configAC" finished-at="2026-09-17T10:49:42 IST" duration-ms="899" status="PASS">
          <reporter-output>
          </reporter-output>
        </test-method> <!-- configAC -->
      </class> <!-- com.CycleTimeDashboard.VeriftyheExportFeatureBySelectingEquipement -->
      <class name="com.AddAssociates.VerifyAddAssociatesBtn">
        <test-method is-config="true" signature="configBC()[pri:0, instance:com.AddAssociates.VerifyAddAssociatesBtn@25ce9dc4]" started-at="2026-09-17T10:53:41 IST" name="configBC" finished-at="2026-09-17T10:53:42 IST" duration-ms="1593" status="PASS">
          <reporter-output>
          </reporter-output>
        </test-method> <!-- configBC -->
        <test-method is-config="true" signature="configBM()[pri:0, instance:com.AddAssociates.VerifyAddAssociatesBtn@25ce9dc4]" started-at="2026-09-17T10:53:42 IST" name="configBM" finished-at="2026-09-17T10:53:44 IST" duration-ms="1616" status="PASS">
          <reporter-output>
          </reporter-output>
        </test-method> <!-- configBM -->
        <test-method signature="VerifyAddAssociatesBtn()[pri:0, instance:com.AddAssociates.VerifyAddAssociatesBtn@25ce9dc4]" started-at="2026-09-17T10:53:44 IST" name="VerifyAddAssociatesBtn" finished-at="2026-09-17T10:53:47 IST" duration-ms="3006" status="PASS">
          <reporter-output>
          </reporter-output>
        </test-method> <!-- VerifyAddAssociatesBtn -->
        <test-method is-config="true" signature="configAM()[pri:0, instance:com.AddAssociates.VerifyAddAssociatesBtn@25ce9dc4]" started-at="2026-09-17T10:53:47 IST" name="configAM" finished-at="2026-09-17T10:53:47 IST" duration-ms="186" status="PASS">
          <reporter-output>
          </reporter-output>
        </test-method> <!-- configAM -->
[...]
          <reporter-output>
          </reporter-output>
        </test-method> <!-- configBM -->
        <test-method signature="VerifyExportfeature()[pri:0, instance:com.AssociatePerformancereport.VerifyExportfeature@4b0d79fc]" started-at="2026-09-17T12:27:17 IST" name="VerifyExportfeature" finished-at="2026-09-17T12:28:09 IST" duration-ms="51685" status="PASS">
          <reporter-output>
          </reporter-output>
        </test-method> <!-- VerifyExportfeature -->
        <test-method is-config="true" signature="configAM()[pri:0, instance:com.AssociatePerformancereport.VerifyExportfeature@4b0d79fc]" started-at="2026-09-17T12:28:09 IST" name="configAM" finished-at="2026-09-17T12:28:09 IST" duration-ms="274" status="PASS">
          <reporter-output>
          </reporter-output>
        </test-method> <!-- configAM -->
        <test-method is-config="true" signature="configAC()[pri:0, instance:com.AssociatePerformancereport.VerifyExportfeature@4b0d79fc]" started-at="2026-09-17T12:28:09 IST" name="configAC" finished-at="2026-09-17T12:28:10 IST" duration-ms="528" status="PASS">
          <reporter-output>
          </reporter-output>
        </test-method> <!-- configAC -->
      </class> <!-- com.AssociatePerformancereport.VerifyExportfeature -->
      <class name="com.DowntimeTarget.VerifytheDowntimepageNavigation">
        <test-method is-config="true" signature="configBC()[pri:0, instance:com.DowntimeTarget.VerifytheDowntimepageNavigation@58cbafc2]" started-at="2026-09-17T11:17:59 IST" name="configBC" finished-at="2026-09-17T11:18:01 IST" duration-ms="1961" status="PASS">
          <reporter-output>
          </reporter-output>
        </test-method> <!-- configBC -->
        <test-method is-config="true" signature="configBM()[pri:0, instance:com.DowntimeTarget.VerifytheDowntimepageNavigation@58cbafc2]" started-at="2026-09-17T11:18:01 IST" name="configBM" finished-at="2026-09-17T11:18:03 IST" duration-ms="1840" status="PASS">
          <reporter-output>
          </reporter-output>
        </test-method> <!-- configBM -->
        <test-method signature="VerifytheDowntimepageNavigation()[pri:0, instance:com.DowntimeTarget.VerifytheDowntimepageNavigation@58cbafc2]" started-at="2026-09-17T11:18:03 IST" name="VerifytheDowntimepageNavigation" finished-at="2026-09-17T11:18:08 IST" duration-ms="4461" status="PASS">
          <reporter-output>
          </reporter-output>
        </test-method> <!-- VerifytheDowntimepageNavigation -->
        <test-method is-config="true" signature="configAM()[pri:0, instance:com.DowntimeTarget.VerifytheDowntimepageNavigation@58cbafc2]" started-at="2026-09-17T11:18:08 IST" name="configAM" finished-at="2026-09-17T11:18:08 IST" duration-ms="142" status="PASS">
          <reporter-output>
          </reporter-output>
        </test-method> <!-- configAM -->
        <test-method is-config="true" signature="configAC()[pri:0, instance:com.DowntimeTarget.VerifytheDowntimepageNavigation@58cbafc2]" started-at="2026-09-17T11:18:08 IST" name="configAC" finished-at="2026-09-17T11:18:09 IST" duration-ms="828" status="PASS">
          <reporter-output>
          </reporter-output>
        </test-method> <!-- configAC -->
      </class> <!-- com.DowntimeTarget.VerifytheDowntimepageNavigation -->
      <class name="com.RecipeMasterPage.VerifyTheRecipeEditFunctionalityTest">
        <test-method is-config="true" signature="configBC()[pri:0, instance:com.RecipeMasterPage.VerifyTheRecipeEditFunctionalityTest@6340e5f0]" started-at="2026-09-17T12:13:31 IST" name="configBC" finished-at="2026-09-17T12:13:33 IST" duration-ms="1354" status="PASS">
          <reporter-output>
          </reporter-output>
        </test-method> <!-- configBC -->
        <test-method is-config="true" signature="configBM()[pri:0, instance:com.RecipeMasterPage.VerifyTheRecipeEditFunctionalityTest@6340e5f0]" started-at="2026-09-17T12:13:33 IST" name="configBM" finished-at="2026-09-17T12:13:34 IST" duration-ms="1662" status="PASS">
          <reporter-output>
          </reporter-output>
        </test-method> <!-- configBM -->
        <test-method signature="VerifytheRecipeEditfunctionalityTest()[pri:0, instance:com.RecipeMasterPage.VerifyTheRecipeEditFunctionalityTest@6340e5f0]" started-at="2026-09-17T12:13:34 IST" name="VerifytheRecipeEditfunctionalityTest" finished-at="2026-09-17T12:13:58 IST" duration-ms="24075" status="PASS">
          <reporter-output>
          </reporter-output>
        </test-method> <!-- VerifytheRecipeEditfunctionalityTest -->
        <test-method is-config="true" signature="configAM()[pri:0, instance:com.RecipeMasterPage.VerifyTheRecipeEditFunctionalityTest@6340e5f0]" started-at="2026-09-17T12:13:58 IST" name="configAM" finished-at="2026-09-17T12:13:58 IST" duration-ms="45" status="PASS">
          <reporter-output>
          </reporter-output>
        </test-method> <!-- configAM -->
        <test-method is-config="true" signature="configAC()[pri:0, instance:com.RecipeMasterPage.VerifyTheRecipeEditFunctionalityTest@6340e5f0]" started-at="2026-09-17T12:13:58 IST" name="configAC" finished-at="2026-09-17T12:13:59 IST" duration-ms="563" status="PASS">
          <reporter-output>
          </reporter-output>
        </test-method> <!-- configAC -->
      </class> <!-- com.RecipeMasterPage.VerifyTheRecipeEditFunctionalityTest -->
      <class name="com.Settings.Departements.VerifyAddDepartmentTest">
        <test-method is-config="true" signature="configBC()[pri:0, instance:com.Settings.Departements.VerifyAddDepartmentTest@3012646b]" started-at="2026-09-17T10:30:06 IST" name="configBC" finished-at="2026-09-17T10:30:08 IST" duration-ms="1667" status="PASS">
          <reporter-output>
          </reporter-output>
        </test-method> <!-- configBC -->
        <test-method is-config="true" signature="configBM()[pri:0, instance:com.Settings.Departements.VerifyAddDepartmentTest@3012646b]" started-at="2026-09-17T10:30:08 IST" name="configBM" finished-at="2026-09-17T10:30:10 IST" duration-ms="1506" status="PASS">
          <reporter-output>
          </reporter-output>
        </test-method> <!-- configBM -->
        <test-method signature="VerifyAddDepartmentTest()[pri:0, instance:com.Settings.Departements.VerifyAddDepartmentTest@3012646b]" started-at="2026-09-17T10:30:10 IST" name="VerifyAddDepartmentTest" finished-at="2026-09-17T10:30:35 IST" duration-ms="25242" status="PASS">
          <reporter-output>
          </reporter-output>
        </test-method> <!-- VerifyAddDepartmentTest -->
        <test-method is-config="true" signature="configAM()[pri:0, instance:com.Settings.Departements.VerifyAddDepartmentTest@3012646b]" started-at="2026-09-17T10:30:35 IST" name="configAM" finished-at="2026-09-17T10:30:35 IST" duration-ms="166" status="PASS">
          <reporter-output>
          </reporter-output>
        </test-method> <!-- configAM -->
        <test-method is-config="true" signature="configAC()[pri:0, instance:com.Settings.Departements.VerifyAddDepartmentTest@3012646b]" started-at="2026-09-17T10:30:35 IST" name="configAC" finished-at="2026-09-17T10:30:36 IST" duration-ms="830" status="PASS">
          <reporter-output>
          </reporter-output>
        </test-method> <!-- configAC -->
      </class> <!-- com.Settings.Departements.VerifyAddDepartmentTest -->
      <class name="com.CycleTimeDashboard.VerifytheWeightedAvgCTinMinute">
        <test-method is-config="true" signature="configBC()[pri:0, instance:com.CycleTimeDashboard.VerifytheWeightedAvgCTinMinute@73e9cf30]" started-at="2026-09-17T13:25:14 IST" name="configBC" finished-at="2026-09-17T13:25:15 IST" duration-ms="1221" status="PASS">
          <reporter-output>
          </reporter-output>
        </test-method> <!-- configBC -->
        <test-method is-config="true" signature="configBM()[pri:0, instance:com.CycleTimeDashboard.VerifytheWeightedAvgCTinMinute@73e9cf30]" started-at="2026-09-17T13:25:15 IST" name="configBM" finished-at="2026-09-17T13:25:16 IST" duration-ms="1336" status="PASS">
          <reporter-output>
          </reporter-output>
        </test-method> <!-- configBM -->
        <test-method signature="verifytheWeightedAvgCTMinute()[pri:0, instance:com.CycleTimeDashboard.VerifytheWeightedAvgCTinMinute@73e9cf30]" started-at="2026-09-17T13:25:16 IST" name="verifytheWeightedAvgCTMinute" finished-at="2026-09-17T13:25:22 IST" duration-ms="5980" status="PASS">
          <reporter-output>
          </reporter-output>
        </test-method> <!-- verifytheWeightedAvgCTMinute -->
        <test-method is-config="true" signature="configAM()[pri:0, instance:com.CycleTimeDashboard.VerifytheWeightedAvgCTinMinute@73e9cf30]" started-at="2026-09-17T13:25:22 IST" name="configAM" finished-at="2026-09-17T13:25:22 IST" duration-ms="111" status="PASS">
          <reporter-output>
          </reporter-output>
        </test-method> <!-- configAM -->
        <test-method is-config="true" signature="configAC()[pri:0, instance:com.CycleTimeDashboard.VerifytheWeightedAvgCTinMinute@73e9cf30]" started-at="2026-09-17T13:25:22 IST" name="configAC" finished-at="2026-09-17T13:25:23 IST" duration-ms="468" status="PASS">
          <reporter-output>
          </reporter-output>
        </test-method> <!-- configAC -->
      </class> <!-- com.CycleTimeDashboard.VerifytheWeightedAvgCTinMinute -->
      <class name="com.DowntimeTarget.VerifytheDowntimeTargetTablepageHeaders">
        <test-method is-config="true" signature="configBC()[pri:0, instance:com.DowntimeTarget.VerifytheDowntimeTargetTablepageHeaders@7161d8d1]" started-at="2026-09-17T12:31:32 IST" name="configBC" finished-at="2026-09-17T12:31:33 IST" duration-ms="1317" status="PASS">
          <reporter-output>
          </reporter-output>
        </test-method> <!-- configBC -->
        <test-method is-config="true" signature="configBM()[pri:0, instance:com.DowntimeTarget.VerifytheDowntimeTargetTablepageHeaders@7161d8d1]" started-at="2026-09-17T12:31:33 IST" name="configBM" finished-at="2026-09-17T12:31:35 IST" duration-ms="1405" status="PASS">
          <reporter-output>
          </reporter-output>
        </test-method> <!-- configBM -->
        <test-method signature="VerifytheDowntimeTargetTablepageHeaders()[pri:0, instance:com.DowntimeTarget.VerifytheDowntimeTargetTablepageHeaders@7161d8d1]" started-at="2026-09-17T12:31:35 IST" name="VerifytheDowntimeTargetTablepageHeaders" finished-at="2026-09-17T12:31:38 IST" duration-ms="3296" status="PASS">
          <reporter-output>
          </reporter-output>
        </test-method> <!-- VerifytheDowntimeTargetTablepageHeaders -->
        <test-method is-config="true" signature="configAM()[pri:0, instance:com.DowntimeTarget.VerifytheDowntimeTargetTablepageHeaders@7161d8d1]" started-at="2026-09-17T12:31:38 IST" name="configAM" finished-at="2026-09-17T12:31:38 IST" duration-ms="51" status="PASS">
          <reporter-output>
          </reporter-output>
        </test-method> <!-- configAM -->
        <test-method is-config="true" signature="configAC()[pri:0, instance:com.DowntimeTarget.VerifytheDowntimeTargetTablepageHeaders@7161d8d1]" started-at="2026-09-17T12:31:38 IST" name="configAC" finished-at="2026-09-17T12:31:39 IST" duration-ms="506" status="PASS">
          <reporter-output>
          </reporter-output>
        </test-method> <!-- configAC -->
      </class> <!-- com.DowntimeTarget.VerifytheDowntimeTargetTablepageHeaders -->
      <class name="com.RCAReport.VerifytheElementSummaryviewTableHeadersAndData">
        <test-method is-config="true" signature="configBC()[pri:0, instance:com.RCAReport.VerifytheElementSummaryviewTableHeadersAndData@5b1669c0]" started-at="2026-09-17T12:11:19 IST" name="configBC" finished-at="2026-09-17T12:11:20 IST" duration-ms="1280" status="PASS">
          <reporter-output>
          </reporter-output>
        </test-method> <!-- configBC -->
        <test-method is-config="true" signature="configBM()[pri:0, instance:com.RCAReport.VerifytheElementSummaryviewTableHeadersAndData@5b1669c0]" started-at="2026-09-17T12:11:20 IST" name="configBM" finished-at="2026-09-17T12:11:22 IST" duration-ms="1431" status="PASS">
          <reporter-output>
          </reporter-output>
        </test-method> <!-- configBM -->
        <test-method signature="VerifytheElementSummaryViewtableHeadersAndData()[pri:0, instance:com.RCAReport.VerifytheElementSummaryviewTableHeadersAndData@5b1669c0]" started-at="2026-09-17T12:11:22 IST" name="VerifytheElementSummaryViewtableHeadersAndData" finished-at="2026-09-17T12:11:39 IST" duration-ms="16936" status="PASS">
          <reporter-output>
          </reporter-output>
        </test-method> <!-- VerifytheElementSummaryViewtableHeadersAndData -->
        <test-method is-config="true" signature="configAM()[pri:0, instance:com.RCAReport.VerifytheElementSummaryviewTableHeadersAndData@5b1669c0]" started-at="2026-09-17T12:11:39 IST" name="configAM" finished-at="2026-09-17T12:11:39 IST" duration-ms="111" status="PASS">
          <reporter-output>
          </reporter-output>
        </test-method> <!-- configAM -->
        <test-method is-config="true" signature="configAC()[pri:0, instance:com.RCAReport.VerifytheElementSummaryviewTableHeadersAndData@5b1669c0]" started-at="2026-09-17T12:11:39 IST" name="configAC" finished-at="2026-09-17T12:11:39 IST" duration-ms="591" status="PASS">
          <reporter-output>
          </reporter-output>
        </test-method> <!-- configAC -->
      </class> <!-- com.RCAReport.VerifytheElementSummaryviewTableHeadersAndData -->
      <class name="com.AddAssociates.VerifytheAddAsscociatesFuctionality">
        <test-method is-config="true" signature="configBC()[pri:0, instance:com.AddAssociates.VerifytheAddAsscociatesFuctionality@76b1e9b8]" started-at="2026-09-17T11:43:58 IST" name="configBC" finished-at="2026-09-17T11:44:00 IST" duration-ms="2280" status="PASS">
          <reporter-output>
          </reporter-output>
        </test-method> <!-- configBC -->
        <test-method is-config="true" signature="configBM()[pri:0, instance:com.AddAssociates.VerifytheAddAsscociatesFuctionality@76b1e9b8]" started-at="2026-09-17T11:44:00 IST" name="configBM" finished-at="2026-09-17T11:44:02 IST" duration-ms="2009" status="PASS">
          <reporter-output>
          </reporter-output>
        </test-method> <!-- configBM -->
        <test-method signature="VerifytheAddAsscociatesFuctionality()[pri:0, instance:com.AddAssociates.VerifytheAddAsscociatesFuctionality@76b1e9b8]" started-at="2026-09-17T11:44:02 IST" name="VerifytheAddAsscociatesFuctionality" finished-at="2026-09-17T11:44:12 IST" duration-ms="9561" status="PASS">
          <reporter-output>
          </reporter-output>
        </test-method> <!-- VerifytheAddAsscociatesFuctionality -->
        <test-method is-config="true" signature="configAM()[pri:0, instance:com.AddAssociates.VerifytheAddAsscociatesFuctionality@76b1e9b8]" started-at="2026-09-17T11:44:12 IST" name="configAM" finished-at="2026-09-17T11:44:12 IST" duration-ms="439" status="PASS">
          <reporter-output>
          </reporter-output>
        </test-method> <!-- configAM -->
        <test-method is-config="true" signature="configAC()[pri:0, instance:com.AddAssociates.VerifytheAddAsscociatesFuctionality@76b1e9b8]" started-at="2026-09-17T11:44:12 IST" name="configAC" finished-at="2026-09-17T11:44:13 IST" duration-ms="891" status="PASS">
          <reporter-output>
          </reporter-output>
        </test-method> <!-- configAC -->
      </class> <!-- com.AddAssociates.VerifytheAddAsscociatesFuctionality -->
      <class name="com.CycleTimeDashboard.VerifytheTotalSetValue">
        <test-method is-config="true" signature="configBC()[pri:0, instance:com.CycleTimeDashboard.VerifytheTotalSetValue@783a467b]" started-at="2026-09-17T13:24:27 IST" name="configBC" finished-at="2026-09-17T13:24:28 IST" duration-ms="1237" status="PASS">
          <reporter-output>
          </reporter-output>
        </test-method> <!-- configBC -->
        <test-method is-config="true" signature="configBM()[pri:0, instance:com.CycleTimeDashboard.VerifytheTotalSetValue@783a467b]" started-at="2026-09-17T13:24:28 IST" name="configBM" finished-at="2026-09-17T13:24:29 IST" duration-ms="1310" status="PASS">
          <reporter-output>
          </reporter-output>
        </test-method> <!-- configBM -->
        <test-method signature="verifytheTotalSetValue()[pri:0, instance:com.CycleTimeDashboard.VerifytheTotalSetValue@783a467b]" started-at="2026-09-17T13:24:29 IST" name="verifytheTotalSetValue" finished-at="2026-09-17T13:24:35 IST" duration-ms="5229" status="PASS">
          <reporter-output>
          </reporter-output>
        </test-method> <!-- verifytheTotalSetValue -->
        <test-method is-config="true" signature="configAM()[pri:0, instance:com.CycleTimeDashboard.VerifytheTotalSetValue@783a467b]" started-at="2026-09-17T13:24:35 IST" name="configAM" finished-at="2026-09-17T13:24:35 IST" duration-ms="88" status="PASS">
          <reporter-output>
          </reporter-output>
        </test-method> <!-- configAM -->
        <test-method is-config="true" signature="configAC()[pri:0, instance:com.CycleTimeDashboard.VerifytheTotalSetValue@783a467b]" started-at="2026-09-17T13:24:35 IST" name="configAC" finished-at="2026-09-17T13:24:35 IST" duration-ms="480" status="PASS">
          <reporter-output>
          </reporter-output>
        </test-method> <!-- configAC -->
      </class> <!-- com.CycleTimeDashboard.VerifytheTotalSetValue -->
      <class name="com.AssociatePerformancereport.VerifytheAssociateperformancetable">
        <test-method is-config="true" signature="configBC()[pri:0, instance:com.AssociatePerformancereport.VerifytheAssociateperformancetable@d9345cd]" started-at="2026-09-17T12:54:19 IST" name="configBC" finished-at="2026-09-17T12:54:20 IST" duration-ms="1521" status="PASS">
          <reporter-output>
          </reporter-output>
        </test-method> <!-- configBC -->
        <test-method is-config="true" signature="configBM()[pri:0, instance:com.AssociatePerformancereport.VerifytheAssociateperformancetable@d9345cd]" started-at="2026-09-17T12:54:20 IST" name="configBM" finished-at="2026-09-17T12:54:22 IST" duration-ms="1523" status="PASS">
          <reporter-output>
          </reporter-output>
        </test-method> <!-- configBM -->
        <test-method signature="VerifytheAssociateperformancetable()[pri:0, instance:com.AssociatePerformancereport.VerifytheAssociateperformancetable@d9345cd]" started-at="2026-09-17T12:54:22 IST" name="VerifytheAssociateperformancetable" finished-at="2026-09-17T12:55:49 IST" duration-ms="87283" status="PASS">
          <reporter-output>
          </reporter-output>
        </test-method> <!-- VerifytheAssociateperformancetable -->
        <test-method is-config="true" signature="configAM()[pri:0, instance:com.AssociatePerformancereport.VerifytheAssociateperformancetable@d9345cd]" started-at="2026-09-17T12:55:49 IST" name="configAM" finished-at="2026-09-17T12:55:49 IST" duration-ms="62" status="PASS">
          <reporter-output>
          </reporter-output>
        </test-method> <!-- configAM -->
        <test-method is-config="true" signature="configAC()[pri:0, instance:com.AssociatePerformancereport.VerifytheAssociateperformancetable@d9345cd]" started-at="2026-09-17T12:55:49 IST" name="configAC" finished-at="2026-09-17T12:55:50 IST" duration-ms="573" status="PASS">
          <reporter-output>
          </reporter-output>
        </test-method> <!-- configAC -->
      </class> <!-- com.AssociatePerformancereport.VerifytheAssociateperformancetable -->
    </test> <!-- Test -->
  </suite> <!-- Suite -->
</testng-results>
