<?xml version="1.0" encoding="UTF-8"?>
<testng-results ignored="0" total="24" passed="23" failed="1" skipped="0">
  <reporter-output>
  </reporter-output>
  <suite started-at="2025-09-19T12:03:13 IST" name="Suite" finished-at="2025-09-19T12:08:20 IST" duration-ms="306143">
    <groups>
    </groups>
    <test started-at="2025-09-19T12:03:13 IST" name="Test" finished-at="2025-09-19T12:08:20 IST" duration-ms="306143">
      <class name="com.DowntimeAnalysisPage.YearlyToMonthlyChartNavigationTest">
        <test-method is-config="true" signature="configBC()[pri:0, instance:com.DowntimeAnalysisPage.YearlyToMonthlyChartNavigationTest@2b40ff9c]" started-at="2025-09-19T12:06:33 IST" name="configBC" finished-at="2025-09-19T12:06:35 IST" duration-ms="1868" status="PASS">
          <reporter-output>
          </reporter-output>
        </test-method> <!-- configBC -->
        <test-method is-config="true" signature="configBM()[pri:0, instance:com.DowntimeAnalysisPage.YearlyToMonthlyChartNavigationTest@2b40ff9c]" started-at="2025-09-19T12:06:35 IST" name="configBM" finished-at="2025-09-19T12:06:39 IST" duration-ms="4166" status="PASS">
          <reporter-output>
          </reporter-output>
        </test-method> <!-- configBM -->
        <test-method signature="YearlyToMonthlyChartNavigationTest()[pri:0, instance:com.DowntimeAnalysisPage.YearlyToMonthlyChartNavigationTest@2b40ff9c]" started-at="2025-09-19T12:06:39 IST" name="YearlyToMonthlyChartNavigationTest" finished-at="2025-09-19T12:06:45 IST" duration-ms="5885" status="PASS">
          <reporter-output>
          </reporter-output>
        </test-method> <!-- YearlyToMonthlyChartNavigationTest -->
        <test-method is-config="true" signature="configAM()[pri:0, instance:com.DowntimeAnalysisPage.YearlyToMonthlyChartNavigationTest@2b40ff9c]" started-at="2025-09-19T12:06:45 IST" name="configAM" finished-at="2025-09-19T12:06:45 IST" duration-ms="119" status="PASS">
          <reporter-output>
          </reporter-output>
        </test-method> <!-- configAM -->
        <test-method is-config="true" signature="configAC()[pri:0, instance:com.DowntimeAnalysisPage.YearlyToMonthlyChartNavigationTest@2b40ff9c]" started-at="2025-09-19T12:06:45 IST" name="configAC" finished-at="2025-09-19T12:06:45 IST" duration-ms="409" status="PASS">
          <reporter-output>
          </reporter-output>
        </test-method> <!-- configAC -->
      </class> <!-- com.DowntimeAnalysisPage.YearlyToMonthlyChartNavigationTest -->
      <class name="com.ReasonLinkingPage.ReasonLinkingCycleTimeSourceFilterTest">
        <test-method is-config="true" signature="configBC()[pri:0, instance:com.ReasonLinkingPage.ReasonLinkingCycleTimeSourceFilterTest@1750fbeb]" started-at="2025-09-19T12:06:45 IST" name="configBC" finished-at="2025-09-19T12:06:47 IST" duration-ms="2033" status="PASS">
          <reporter-output>
          </reporter-output>
        </test-method> <!-- configBC -->
        <test-method is-config="true" signature="configBM()[pri:0, instance:com.ReasonLinkingPage.ReasonLinkingCycleTimeSourceFilterTest@1750fbeb]" started-at="2025-09-19T12:06:47 IST" name="configBM" finished-at="2025-09-19T12:06:51 IST" duration-ms="4077" status="PASS">
          <reporter-output>
          </reporter-output>
        </test-method> <!-- configBM -->
        <test-method signature="ReasonLinkingCycleTimeSourceFilterTest()[pri:0, instance:com.ReasonLinkingPage.ReasonLinkingCycleTimeSourceFilterTest@1750fbeb]" started-at="2025-09-19T12:06:51 IST" name="ReasonLinkingCycleTimeSourceFilterTest" finished-at="2025-09-19T12:06:56 IST" duration-ms="4150" status="PASS">
          <reporter-output>
          </reporter-output>
        </test-method> <!-- ReasonLinkingCycleTimeSourceFilterTest -->
        <test-method is-config="true" signature="configAM()[pri:0, instance:com.ReasonLinkingPage.ReasonLinkingCycleTimeSourceFilterTest@1750fbeb]" started-at="2025-09-19T12:06:56 IST" name="configAM" finished-at="2025-09-19T12:06:56 IST" duration-ms="98" status="PASS">
          <reporter-output>
          </reporter-output>
        </test-method> <!-- configAM -->
        <test-method is-config="true" signature="configAC()[pri:0, instance:com.ReasonLinkingPage.ReasonLinkingCycleTimeSourceFilterTest@1750fbeb]" started-at="2025-09-19T12:06:56 IST" name="configAC" finished-at="2025-09-19T12:06:56 IST" duration-ms="343" status="PASS">
          <reporter-output>
          </reporter-output>
        </test-method> <!-- configAC -->
      </class> <!-- com.ReasonLinkingPage.ReasonLinkingCycleTimeSourceFilterTest -->
      <class name="com.ReasonLinkingPage.ReasonLinkingSingleLinkTest">
        <test-method is-config="true" signature="configBC()[pri:0, instance:com.ReasonLinkingPage.ReasonLinkingSingleLinkTest@5890e879]" started-at="2025-09-19T12:07:45 IST" name="configBC" finished-at="2025-09-19T12:07:47 IST" duration-ms="1995" status="PASS">
          <reporter-output>
          </reporter-output>
        </test-method> <!-- configBC -->
        <test-method is-config="true" signature="configBM()[pri:0, instance:com.ReasonLinkingPage.ReasonLinkingSingleLinkTest@5890e879]" started-at="2025-09-19T12:07:47 IST" name="configBM" finished-at="2025-09-19T12:07:51 IST" duration-ms="4163" status="PASS">
          <reporter-output>
          </reporter-output>
        </test-method> <!-- configBM -->
        <test-method signature="ReasonLinkingFunctionalityTest()[pri:0, instance:com.ReasonLinkingPage.ReasonLinkingSingleLinkTest@5890e879]" started-at="2025-09-19T12:07:51 IST" name="ReasonLinkingFunctionalityTest" finished-at="2025-09-19T12:07:55 IST" duration-ms="4173" status="PASS">
          <reporter-output>
          </reporter-output>
        </test-method> <!-- ReasonLinkingFunctionalityTest -->
        <test-method is-config="true" signature="configAM()[pri:0, instance:com.ReasonLinkingPage.ReasonLinkingSingleLinkTest@5890e879]" started-at="2025-09-19T12:07:55 IST" name="configAM" finished-at="2025-09-19T12:07:56 IST" duration-ms="909" status="PASS">
          <reporter-output>
          </reporter-output>
        </test-method> <!-- configAM -->
        <test-method is-config="true" signature="configAC()[pri:0, instance:com.ReasonLinkingPage.ReasonLinkingSingleLinkTest@5890e879]" started-at="2025-09-19T12:07:56 IST" name="configAC" finished-at="2025-09-19T12:07:56 IST" duration-ms="330" status="PASS">
          <reporter-output>
          </reporter-output>
        </test-method> <!-- configAC -->
      </class> <!-- com.ReasonLinkingPage.ReasonLinkingSingleLinkTest -->
      <class name="com.ReasonLinkingPage.ReasonLinkingLinkedExportTest">
        <test-method is-config="true" signature="configBC()[pri:0, instance:com.ReasonLinkingPage.ReasonLinkingLinkedExportTest@6e9a5ed8]" started-at="2025-09-19T12:07:15 IST" name="configBC" finished-at="2025-09-19T12:07:18 IST" duration-ms="2046" status="PASS">
          <reporter-output>
          </reporter-output>
        </test-method> <!-- configBC -->
        <test-method is-config="true" signature="configBM()[pri:0, instance:com.ReasonLinkingPage.ReasonLinkingLinkedExportTest@6e9a5ed8]" started-at="2025-09-19T12:07:18 IST" name="configBM" finished-at="2025-09-19T12:07:22 IST" duration-ms="4134" status="PASS">
          <reporter-output>
          </reporter-output>
        </test-method> <!-- configBM -->
        <test-method signature="ReasonLinkingLinkedExportTest()[pri:0, instance:com.ReasonLinkingPage.ReasonLinkingLinkedExportTest@6e9a5ed8]" started-at="2025-09-19T12:07:22 IST" name="ReasonLinkingLinkedExportTest" finished-at="2025-09-19T12:07:25 IST" duration-ms="3778" status="PASS">
          <reporter-output>
          </reporter-output>
        </test-method> <!-- ReasonLinkingLinkedExportTest -->
        <test-method is-config="true" signature="configAM()[pri:0, instance:com.ReasonLinkingPage.ReasonLinkingLinkedExportTest@6e9a5ed8]" started-at="2025-09-19T12:07:25 IST" name="configAM" finished-at="2025-09-19T12:07:26 IST" duration-ms="978" status="PASS">
          <reporter-output>
          </reporter-output>
        </test-method> <!-- configAM -->
        <test-method is-config="true" signature="configAC()[pri:0, instance:com.ReasonLinkingPage.ReasonLinkingLinkedExportTest@6e9a5ed8]" started-at="2025-09-19T12:07:26 IST" name="configAC" finished-at="2025-09-19T12:07:27 IST" duration-ms="367" status="PASS">
          <reporter-output>
          </reporter-output>
        </test-method> <!-- configAC -->
      </class> <!-- com.ReasonLinkingPage.ReasonLinkingLinkedExportTest -->
      <class name="com.ReasonLinkingPage.ReasonLinkingUnlinkedFilterTest">
        <test-method is-config="true" signature="configBC()[pri:0, instance:com.ReasonLinkingPage.ReasonLinkingUnlinkedFilterTest@31ea9581]" started-at="2025-09-19T12:08:10 IST" name="configBC" finished-at="2025-09-19T12:08:12 IST" duration-ms="2108" status="PASS">
          <reporter-output>
          </reporter-output>
        </test-method> <!-- configBC -->
        <test-method is-config="true" signature="configBM()[pri:0, instance:com.ReasonLinkingPage.ReasonLinkingUnlinkedFilterTest@31ea9581]" started-at="2025-09-19T12:08:12 IST" name="configBM" finished-at="2025-09-19T12:08:17 IST" duration-ms="4123" status="PASS">
          <reporter-output>
          </reporter-output>
        </test-method> <!-- configBM -->
        <test-method signature="ReasonLinkingUnlinkedFilterTest()[pri:0, instance:com.ReasonLinkingPage.ReasonLinkingUnlinkedFilterTest@31ea9581]" started-at="2025-09-19T12:08:17 IST" name="ReasonLinkingUnlinkedFilterTest" finished-at="2025-09-19T12:08:19 IST" duration-ms="2518" status="PASS">
          <reporter-output>
          </reporter-output>
        </test-method> <!-- ReasonLinkingUnlinkedFilterTest -->
        <test-method is-config="true" signature="configAM()[pri:0, instance:com.ReasonLinkingPage.ReasonLinkingUnlinkedFilterTest@31ea9581]" started-at="2025-09-19T12:08:19 IST" name="configAM" finished-at="2025-09-19T12:08:19 IST" duration-ms="125" status="PASS">
          <reporter-output>
          </reporter-output>
        </test-method> <!-- configAM -->
        <test-method is-config="true" signature="configAC()[pri:0, instance:com.ReasonLinkingPage.ReasonLinkingUnlinkedFilterTest@31ea9581]" started-at="2025-09-19T12:08:19 IST" name="configAC" finished-at="2025-09-19T12:08:20 IST" duration-ms="338" status="PASS">
          <reporter-output>
          </reporter-output>
        </test-method> <!-- configAC -->
      </class> <!-- com.ReasonLinkingPage.ReasonLinkingUnlinkedFilterTest -->
      <class name="com.ReasonLinkingPage.ReasonLinkingHandlingSourceFilterTest">
        <test-method is-config="true" signature="configBC()[pri:0, instance:com.ReasonLinkingPage.ReasonLinkingHandlingSourceFilterTest@268f106e]" started-at="2025-09-19T12:07:05 IST" name="configBC" finished-at="2025-09-19T12:07:07 IST" duration-ms="1875" status="PASS">
          <reporter-output>
          </reporter-output>
        </test-method> <!-- configBC -->
        <test-method is-config="true" signature="configBM()[pri:0, instance:com.ReasonLinkingPage.ReasonLinkingHandlingSourceFilterTest@268f106e]" started-at="2025-09-19T12:07:07 IST" name="configBM" finished-at="2025-09-19T12:07:11 IST" duration-ms="4104" status="PASS">
          <reporter-output>
          </reporter-output>
        </test-method> <!-- configBM -->
        <test-method signature="ReasonLinkingHandlingSourceFilterTest()[pri:0, instance:com.ReasonLinkingPage.ReasonLinkingHandlingSourceFilterTest@268f106e]" started-at="2025-09-19T12:07:11 IST" name="ReasonLinkingHandlingSourceFilterTest" finished-at="2025-09-19T12:07:15 IST" duration-ms="3935" status="PASS">
          <reporter-output>
          </reporter-output>
        </test-method> <!-- ReasonLinkingHandlingSourceFilterTest -->
        <test-method is-config="true" signature="configAM()[pri:0, instance:com.ReasonLinkingPage.ReasonLinkingHandlingSourceFilterTest@268f106e]" started-at="2025-09-19T12:07:15 IST" name="configAM" finished-at="2025-09-19T12:07:15 IST" duration-ms="71" status="PASS">
          <reporter-output>
          </reporter-output>
        </test-method> <!-- configAM -->
        <test-method is-config="true" signature="configAC()[pri:0, instance:com.ReasonLinkingPage.ReasonLinkingHandlingSourceFilterTest@268f106e]" started-at="2025-09-19T12:07:15 IST" name="configAC" finished-at="2025-09-19T12:07:15 IST" duration-ms="318" status="PASS">
          <reporter-output>
          </reporter-output>
        </test-method> <!-- configAC -->
      </class> <!-- com.ReasonLinkingPage.ReasonLinkingHandlingSourceFilterTest -->
      <class name="com.DowntimeAnalysisPage.MonthWiseBarChartNavigationTest">
        <test-method is-config="true" signature="configBC()[pri:0, instance:com.DowntimeAnalysisPage.MonthWiseBarChartNavigationTest@451001e5]" started-at="2025-09-19T12:06:01 IST" name="configBC" finished-at="2025-09-19T12:06:03 IST" duration-ms="1985" status="PASS">
          <reporter-output>
          </reporter-output>
        </test-method> <!-- configBC -->
        <test-method is-config="true" signature="configBM()[pri:0, instance:com.DowntimeAnalysisPage.MonthWiseBarChartNavigationTest@451001e5]" started-at="2025-09-19T12:06:03 IST" name="configBM" finished-at="2025-09-19T12:06:07 IST" duration-ms="4232" status="PASS">
          <reporter-output>
          </reporter-output>
        </test-method> <!-- configBM -->
        <test-method signature="MonthWiseBarChartNavigationTest()[pri:0, instance:com.DowntimeAnalysisPage.MonthWiseBarChartNavigationTest@451001e5]" started-at="2025-09-19T12:06:07 IST" name="MonthWiseBarChartNavigationTest" finished-at="2025-09-19T12:06:13 IST" duration-ms="6027" status="PASS">
          <reporter-output>
          </reporter-output>
        </test-method> <!-- MonthWiseBarChartNavigationTest -->
        <test-method is-config="true" signature="configAM()[pri:0, instance:com.DowntimeAnalysisPage.MonthWiseBarChartNavigationTest@451001e5]" started-at="2025-09-19T12:06:13 IST" name="configAM" finished-at="2025-09-19T12:06:13 IST" duration-ms="102" status="PASS">
          <reporter-output>
          </reporter-output>
        </test-method> <!-- configAM -->
        <test-method is-config="true" signature="configAC()[pri:0, instance:com.DowntimeAnalysisPage.MonthWiseBarChartNavigationTest@451001e5]" started-at="2025-09-19T12:06:13 IST" name="configAC" finished-at="2025-09-19T12:06:14 IST" duration-ms="327" status="PASS">
          <reporter-output>
          </reporter-output>
        </test-method> <!-- configAC -->
      </class> <!-- com.DowntimeAnalysisPage.MonthWiseBarChartNavigationTest -->
      <class name="com.ReasonLinkingPage.BulkReasonLinkingCancelTest">
        <test-method is-config="true" signature="configBC()[pri:0, instance:com.ReasonLinkingPage.BulkReasonLinkingCancelTest@5386659f]" started-at="2025-09-19T12:03:27 IST" name="configBC" finished-at="2025-09-19T12:03:30 IST" duration-ms="2068" status="PASS">
          <reporter-output>
          </reporter-output>
        </test-method> <!-- configBC -->
        <test-method is-config="true" signature="configBM()[pri:0, instance:com.ReasonLinkingPage.BulkReasonLinkingCancelTest@5386659f]" started-at="2025-09-19T12:03:30 IST" name="configBM" finished-at="2025-09-19T12:03:34 IST" duration-ms="4213" status="PASS">
          <reporter-output>
          </reporter-output>
        </test-method> <!-- configBM -->
        <test-method signature="BulkReasonLinkingCancelTest()[pri:0, instance:com.ReasonLinkingPage.BulkReasonLinkingCancelTest@5386659f]" started-at="2025-09-19T12:03:34 IST" name="BulkReasonLinkingCancelTest" finished-at="2025-09-19T12:04:09 IST" duration-ms="35078" status="PASS">
          <reporter-output>
          </reporter-output>
        </test-method> <!-- BulkReasonLinkingCancelTest -->
        <test-method is-config="true" signature="configAM()[pri:0, instance:com.ReasonLinkingPage.BulkReasonLinkingCancelTest@5386659f]" started-at="2025-09-19T12:04:09 IST" name="configAM" finished-at="2025-09-19T12:04:09 IST" duration-ms="111" status="PASS">
          <reporter-output>
          </reporter-output>
        </test-method> <!-- configAM -->
        <test-method is-config="true" signature="configAC()[pri:0, instance:com.ReasonLinkingPage.BulkReasonLinkingCancelTest@5386659f]" started-at="2025-09-19T12:04:09 IST" name="configAC" finished-at="2025-09-19T12:04:09 IST" duration-ms="430" status="PASS">
          <reporter-output>
          </reporter-output>
        </test-method> <!-- configAC -->
      </class> <!-- com.ReasonLinkingPage.BulkReasonLinkingCancelTest -->
      <class name="com.ReasonLinkingPage.ReasonLinkingNavigationTest">
        <test-method is-config="true" signature="configBC()[pri:0, instance:com.ReasonLinkingPage.ReasonLinkingNavigationTest@6c284af]" started-at="2025-09-19T12:07:36 IST" name="configBC" finished-at="2025-09-19T12:07:38 IST" duration-ms="1966" status="PASS">
          <reporter-output>
          </reporter-output>
        </test-method> <!-- configBC -->
        <test-method is-config="true" signature="configBM()[pri:0, instance:com.ReasonLinkingPage.ReasonLinkingNavigationTest@6c284af]" started-at="2025-09-19T12:07:38 IST" name="configBM" finished-at="2025-09-19T12:07:42 IST" duration-ms="4146" status="PASS">
          <reporter-output>
          </reporter-output>
        </test-method> <!-- configBM -->
        <test-method signature="ReasonLinkingNavigationTest()[pri:0, instance:com.ReasonLinkingPage.ReasonLinkingNavigationTest@6c284af]" started-at="2025-09-19T12:07:42 IST" name="ReasonLinkingNavigationTest" finished-at="2025-09-19T12:07:44 IST" duration-ms="2407" status="PASS">
          <reporter-output>
          </reporter-output>
        </test-method> <!-- ReasonLinkingNavigationTest -->
        <test-method is-config="true" signature="configAM()[pri:0, instance:com.ReasonLinkingPage.ReasonLinkingNavigationTest@6c284af]" started-at="2025-09-19T12:07:44 IST" name="configAM" finished-at="2025-09-19T12:07:44 IST" duration-ms="71" status="PASS">
          <reporter-output>
          </reporter-output>
        </test-method> <!-- configAM -->
        <test-method is-config="true" signature="configAC()[pri:0, instance:com.ReasonLinkingPage.ReasonLinkingNavigationTest@6c284af]" started-at="2025-09-19T12:07:44 IST" name="configAC" finished-at="2025-09-19T12:07:45 IST" duration-ms="349" status="PASS">
          <reporter-output>
          </reporter-output>
        </test-method> <!-- configAC -->
      </class> <!-- com.ReasonLinkingPage.ReasonLinkingNavigationTest -->
      <class name="com.DowntimeEnhacementPage.DowntimeEnhacementTableExport">
        <test-method is-config="true" signature="configBC()[pri:0, instance:com.DowntimeEnhacementPage.DowntimeEnhacementTableExport@231f98ef]" started-at="2025-09-19T12:04:09 IST" name="configBC" finished-at="2025-09-19T12:04:11 IST" duration-ms="1990" status="PASS">
          <reporter-output>
          </reporter-output>
        </test-method> <!-- configBC -->
        <test-method is-config="true" signature="configBM()[pri:0, instance:com.DowntimeEnhacementPage.DowntimeEnhacementTableExport@231f98ef]" started-at="2025-09-19T12:04:11 IST" name="configBM" finished-at="2025-09-19T12:04:16 IST" duration-ms="4266" status="PASS">
          <reporter-output>
          </reporter-output>
        </test-method> <!-- configBM -->
        <test-method signature="DowntimeEnhacementTableExport()[pri:0, instance:com.DowntimeEnhacementPage.DowntimeEnhacementTableExport@231f98ef]" started-at="2025-09-19T12:04:16 IST" name="DowntimeEnhacementTableExport" finished-at="2025-09-19T12:04:24 IST" duration-ms="7897" status="PASS">
          <reporter-output>
          </reporter-output>
        </test-method> <!-- DowntimeEnhacementTableExport -->
        <test-method is-config="true" signature="configAM()[pri:0, instance:com.DowntimeEnhacementPage.DowntimeEnhacementTableExport@231f98ef]" started-at="2025-09-19T12:04:24 IST" name="configAM" finished-at="2025-09-19T12:04:24 IST" duration-ms="121" status="PASS">
          <reporter-output>
          </reporter-output>
        </test-method> <!-- configAM -->
        <test-method is-config="true" signature="configAC()[pri:0, instance:com.DowntimeEnhacementPage.DowntimeEnhacementTableExport@231f98ef]" started-at="2025-09-19T12:04:24 IST" name="configAC" finished-at="2025-09-19T12:04:24 IST" duration-ms="406" status="PASS">
          <reporter-output>
          </reporter-output>
        </test-method> <!-- configAC -->
      </class> <!-- com.DowntimeEnhacementPage.DowntimeEnhacementTableExport -->
      <class name="com.ReasonLinkingPage.ReasonLinkingLinkedFilterTest">
        <test-method is-config="true" signature="configBC()[pri:0, instance:com.ReasonLinkingPage.ReasonLinkingLinkedFilterTest@7e057f43]" started-at="2025-09-19T12:07:27 IST" name="configBC" finished-at="2025-09-19T12:07:29 IST" duration-ms="1957" status="PASS">
          <reporter-output>
          </reporter-output>
        </test-method> <!-- configBC -->
        <test-method is-config="true" signature="configBM()[pri:0, instance:com.ReasonLinkingPage.ReasonLinkingLinkedFilterTest@7e057f43]" started-at="2025-09-19T12:07:29 IST" name="configBM" finished-at="2025-09-19T12:07:33 IST" duration-ms="4175" status="PASS">
          <reporter-output>
          </reporter-output>
        </test-method> <!-- configBM -->
        <test-method signature="ReasonLinkingLinkedFilterTest()[pri:0, instance:com.ReasonLinkingPage.ReasonLinkingLinkedFilterTest@7e057f43]" started-at="2025-09-19T12:07:33 IST" name="ReasonLinkingLinkedFilterTest" finished-at="2025-09-19T12:07:35 IST" duration-ms="2372" status="PASS">
          <reporter-output>
          </reporter-output>
        </test-method> <!-- ReasonLinkingLinkedFilterTest -->
        <test-method is-config="true" signature="configAM()[pri:0, instance:com.ReasonLinkingPage.ReasonLinkingLinkedFilterTest@7e057f43]" started-at="2025-09-19T12:07:35 IST" name="configAM" finished-at="2025-09-19T12:07:35 IST" duration-ms="148" status="PASS">
          <reporter-output>
          </reporter-output>
        </test-method> <!-- configAM -->
        <test-method is-config="true" signature="configAC()[pri:0, instance:com.ReasonLinkingPage.ReasonLinkingLinkedFilterTest@7e057f43]" started-at="2025-09-19T12:07:35 IST" name="configAC" finished-at="2025-09-19T12:07:36 IST" duration-ms="336" status="PASS">
          <reporter-output>
          </reporter-output>
        </test-method> <!-- configAC -->
      </class> <!-- com.ReasonLinkingPage.ReasonLinkingLinkedFilterTest -->
      <class name="com.ReasonLinkingPage.ReasonLinkingCombinedTest">
        <test-method is-config="true" signature="configBC()[pri:0, instance:com.ReasonLinkingPage.ReasonLinkingCombinedTest@7ce69770]" started-at="2025-09-19T12:06:24 IST" name="configBC" finished-at="2025-09-19T12:06:26 IST" duration-ms="1978" status="PASS">
          <reporter-output>
          </reporter-output>
        </test-method> <!-- configBC -->
        <test-method is-config="true" signature="configBM()[pri:0, instance:com.ReasonLinkingPage.ReasonLinkingCombinedTest@7ce69770]" started-at="2025-09-19T12:06:26 IST" name="configBM" finished-at="2025-09-19T12:06:30 IST" duration-ms="3967" status="PASS">
          <reporter-output>
          </reporter-output>
        </test-method> <!-- configBM -->
        <test-method signature="ReasonLinkingCombinedTest()[pri:0, instance:com.ReasonLinkingPage.ReasonLinkingCombinedTest@7ce69770]" started-at="2025-09-19T12:06:30 IST" name="ReasonLinkingCombinedTest" finished-at="2025-09-19T12:06:32 IST" duration-ms="2402" status="PASS">
          <reporter-output>
          </reporter-output>
        </test-method> <!-- ReasonLinkingCombinedTest -->
        <test-method is-config="true" signature="configAM()[pri:0, instance:com.ReasonLinkingPage.ReasonLinkingCombinedTest@7ce69770]" started-at="2025-09-19T12:06:32 IST" name="configAM" finished-at="2025-09-19T12:06:32 IST" duration-ms="72" status="PASS">
          <reporter-output>
          </reporter-output>
        </test-method> <!-- configAM -->
        <test-method is-config="true" signature="configAC()[pri:0, instance:com.ReasonLinkingPage.ReasonLinkingCombinedTest@7ce69770]" started-at="2025-09-19T12:06:32 IST" name="configAC" finished-at="2025-09-19T12:06:33 IST" duration-ms="323" status="PASS">
          <reporter-output>
          </reporter-output>
        </test-method> <!-- configAC -->
      </class> <!-- com.ReasonLinkingPage.ReasonLinkingCombinedTest -->
      <class name="com.DowntimeAnalysisPage.DowntimeAnalysisDropdownValidationTest">
        <test-method is-config="true" signature="configBC()[pri:0, instance:com.DowntimeAnalysisPage.DowntimeAnalysisDropdownValidationTest@7d9d0818]" started-at="2025-09-19T12:04:24 IST" name="configBC" finished-at="2025-09-19T12:04:26 IST" duration-ms="1821" status="PASS">
          <reporter-output>
          </reporter-output>
        </test-method> <!-- configBC -->
        <test-method is-config="true" signature="configBM()[pri:0, instance:com.DowntimeAnalysisPage.DowntimeAnalysisDropdownValidationTest@7d9d0818]" started-at="2025-09-19T12:04:26 IST" name="configBM" finished-at="2025-09-19T12:04:30 IST" duration-ms="4204" status="PASS">
          <reporter-output>
          </reporter-output>
        </test-method> <!-- configBM -->
        <test-method signature="DowntimeAnalysisDropdownValidationTest()[pri:0, instance:com.DowntimeAnalysisPage.DowntimeAnalysisDropdownValidationTest@7d9d0818]" started-at="2025-09-19T12:04:30 IST" name="DowntimeAnalysisDropdownValidationTest" finished-at="2025-09-19T12:04:34 IST" duration-ms="3982" status="FAIL">
          <exception class="org.openqa.selenium.StaleElementReferenceException">
            <message>
              <![CDATA[stale element reference: stale element not found in the current frame
  (Session info: chrome=140.0.7339.128)
For documentation on this error, please visit: https://www.selenium.dev/documentation/webdriver/troubleshooting/errors#stale-element-reference-exception
Build info: version: '4.19.1', revision: 'abe0ee07dc'
System info: os.name: 'Windows 11', os.arch: 'amd64', os.version: '10.0', java.version: '17.0.10'
Driver info: org.openqa.selenium.chrome.ChromeDriver
Command: [f47008a2e7d235073cf708695b72b382, clickElement {id=f.2C370BAD1CA3CFFFCAB4D986F38231E8.d.54756DD579E1F2E5913D6C852DA38DFA.e.95}]
Capabilities {acceptInsecureCerts: false, browserName: chrome, browserVersion: 140.0.7339.128, chrome: {chromedriverVersion: 140.0.7339.185 (eeea00e459e..., userDataDir: C:\Users\LOHITH~1.PAT\AppDa...}, fedcm:accounts: true, goog:chromeOptions: {debuggerAddress: localhost:56094}, networkConnectionEnabled: false, pageLoadStrategy: normal, platformName: windows, proxy: Proxy(), se:cdp: ws://localhost:56094/devtoo..., se:cdpVersion: 140.0.7339.128, setWindowRect: true, strictFileInteractability: false, timeouts: {implicit: 0, pageLoad: 300000, script: 30000}, unhandledPromptBehavior: dismiss and notify, webauthn:extension:credBlob: true, webauthn:extension:largeBlob: true, webauthn:extension:minPinLength: true, webauthn:extension:prf: true, webauthn:virtualAuthenticators: true}
Element: [[[[ChromeDriver: chrome on windows (f47008a2e7d235073cf708695b72b382)] -> xpath: //select[@name="department_grp_id"]]] -> xpath: .//option[normalize-space(.) = "Engineering"]]
Session ID: f47008a2e7d235073cf708695b72b382]]>
            </message>
            <full-stacktrace>
              <![CDATA[org.openqa.selenium.StaleElementReferenceException: stale element reference: stale element not found in the current frame
  (Session info: chrome=140.0.7339.128)
For documentation on this error, please visit: https://www.selenium.dev/documentation/webdriver/troubleshooting/errors#stale-element-reference-exception
Build info: version: '4.19.1', revision: 'abe0ee07dc'
System info: os.name: 'Windows 11', os.arch: 'amd64', os.version: '10.0', java.version: '17.0.10'
Driver info: org.openqa.selenium.chrome.ChromeDriver
Command: [f47008a2e7d235073cf708695b72b382, clickElement {id=f.2C370BAD1CA3CFFFCAB4D986F38231E8.d.54756DD579E1F2E5913D6C852DA38DFA.e.95}]
Capabilities {acceptInsecureCerts: false, browserName: chrome, browserVersion: 140.0.7339.128, chrome: {chromedriverVersion: 140.0.7339.185 (eeea00e459e..., userDataDir: C:\Users\LOHITH~1.PAT\AppDa...}, fedcm:accounts: true, goog:chromeOptions: {debuggerAddress: localhost:56094}, networkConnectionEnabled: false, pageLoadStrategy: normal, platformName: windows, proxy: Proxy(), se:cdp: ws://localhost:56094/devtoo..., se:cdpVersion: 140.0.7339.128, setWindowRect: true, strictFileInteractability: false, timeouts: {implicit: 0, pageLoad: 300000, script: 30000}, unhandledPromptBehavior: dismiss and notify, webauthn:extension:credBlob: true, webauthn:extension:largeBlob: true, webauthn:extension:minPinLength: true, webauthn:extension:prf: true, webauthn:virtualAuthenticators: true}
Element: [[[[ChromeDriver: chrome on windows (f47008a2e7d235073cf708695b72b382)] -> xpath: //select[@name="department_grp_id"]]] -> xpath: .//option[normalize-space(.) = "Engineering"]]
Session ID: f47008a2e7d235073cf708695b72b382
at java.base/jdk.internal.reflect.NativeConstructorAccessorImpl.newInstance0(Native Method)
at java.base/jdk.internal.reflect.NativeConstructorAccessorImpl.newInstance(NativeConstructorAccessorImpl.java:77)
at java.base/jdk.internal.reflect.DelegatingConstructorAccessorImpl.newInstance(DelegatingConstructorAccessorImpl.java:45)
at java.base/java.lang.reflect.Constructor.newInstanceWithCaller(Constructor.java:499)
at java.base/java.lang.reflect.Constructor.newInstance(Constructor.java:480)
at org.openqa.selenium.remote.ErrorCodec.decode(ErrorCodec.java:167)
at org.openqa.selenium.remote.codec.w3c.W3CHttpResponseCodec.decode(W3CHttpResponseCodec.java:138)
at org.openqa.selenium.remote.codec.w3c.W3CHttpResponseCodec.decode(W3CHttpResponseCodec.java:50)
at org.openqa.selenium.remote.HttpCommandExecutor.execute(HttpCommandExecutor.java:190)
at org.openqa.selenium.remote.service.DriverCommandExecutor.invokeExecute(DriverCommandExecutor.java:216)
at org.openqa.selenium.remote.service.DriverCommandExecutor.execute(DriverCommandExecutor.java:174)
at org.openqa.selenium.remote.RemoteWebDriver.execute(RemoteWebDriver.java:518)
at org.openqa.selenium.remote.RemoteWebElement.execute(RemoteWebElement.java:223)
at org.openqa.selenium.remote.RemoteWebElement.click(RemoteWebElement.java:76)
at org.openqa.selenium.support.ui.Select.setSelected(Select.java:315)
at org.openqa.selenium.support.ui.Select.selectByVisibleText(Select.java:119)
at com.sgplus.erp.genericutility.WebDriverUtility.select(WebDriverUtility.java:107)
at com.DowntimeAnalysisPage.DowntimeAnalysisDropdownValidationTest.DowntimeAnalysisDropdownValidationTest(DowntimeAnalysisDropdownValidationTest.java:75)
at java.base/jdk.internal.reflect.NativeMethodAccessorImpl.invoke0(Native Method)
at java.base/jdk.internal.reflect.NativeMethodAccessorImpl.invoke(NativeMethodAccessorImpl.java:77)
at java.base/jdk.internal.reflect.DelegatingMethodAccessorImpl.invoke(DelegatingMethodAccessorImpl.java:43)
at java.base/java.lang.reflect.Method.invoke(Method.java:568)
at org.testng.internal.MethodInvocationHelper.invokeMethod(MethodInvocationHelper.java:133)
at org.testng.internal.TestInvoker.invokeMethod(TestInvoker.java:598)
at org.testng.internal.TestInvoker.invokeTestMethod(TestInvoker.java:173)
at org.testng.internal.MethodRunner.runInSequence(MethodRunner.java:46)
at org.testng.internal.TestInvoker$MethodInvocationAgent.invoke(TestInvoker.java:824)
at org.testng.internal.TestInvoker.invokeTestMethods(TestInvoker.java:146)
at org.testng.internal.TestMethodWorker.invokeTestMethods(TestMethodWorker.java:146)
at org.testng.internal.TestMethodWorker.run(TestMethodWorker.java:128)
at java.base/java.util.ArrayList.forEach(ArrayList.java:1511)
at org.testng.TestRunner.privateRun(TestRunner.java:794)
at org.testng.TestRunner.run(TestRunner.java:596)
at org.testng.SuiteRunner.runTest(SuiteRunner.java:377)
at org.testng.SuiteRunner.runSequentially(SuiteRunner.java:371)
at org.testng.SuiteRunner.privateRun(SuiteRunner.java:332)
at org.testng.SuiteRunner.run(SuiteRunner.java:276)
at org.testng.SuiteRunnerWorker.runSuite(SuiteRunnerWorker.java:53)
at org.testng.SuiteRunnerWorker.run(SuiteRunnerWorker.java:96)
at org.testng.TestNG.runSuitesSequentially(TestNG.java:1212)
at org.testng.TestNG.runSuitesLocally(TestNG.java:1134)
at org.testng.TestNG.runSuites(TestNG.java:1063)
at org.testng.TestNG.run(TestNG.java:1031)
at org.testng.remote.AbstractRemoteTestNG.run(AbstractRemoteTestNG.java:115)
at org.testng.remote.RemoteTestNG.initAndRun(RemoteTestNG.java:293)
at org.testng.remote.RemoteTestNG.main(RemoteTestNG.java:91)
]]>
            </full-stacktrace>
          </exception> <!-- org.openqa.selenium.StaleElementReferenceException -->
          <reporter-output>
          </reporter-output>
        </test-method> <!-- DowntimeAnalysisDropdownValidationTest -->
        <test-method is-config="true" signature="configAM()[pri:0, instance:com.DowntimeAnalysisPage.DowntimeAnalysisDropdownValidationTest@7d9d0818]" started-at="2025-09-19T12:04:34 IST" name="configAM" finished-at="2025-09-19T12:04:34 IST" duration-ms="73" status="PASS">
          <reporter-output>
          </reporter-output>
        </test-method> <!-- configAM -->
        <test-method is-config="true" signature="configAC()[pri:0, instance:com.DowntimeAnalysisPage.DowntimeAnalysisDropdownValidationTest@7d9d0818]" started-at="2025-09-19T12:04:34 IST" name="configAC" finished-at="2025-09-19T12:04:35 IST" duration-ms="335" status="PASS">
          <reporter-output>
          </reporter-output>
        </test-method> <!-- configAC -->
      </class> <!-- com.DowntimeAnalysisPage.DowntimeAnalysisDropdownValidationTest -->
      <class name="com.DowntimeEnhacementPage.DowntimeEnhacemntTableDataTest">
        <test-method is-config="true" signature="configBC()[pri:0, instance:com.DowntimeEnhacementPage.DowntimeEnhacemntTableDataTest@7c137fd5]" started-at="2025-09-19T12:04:57 IST" name="configBC" finished-at="2025-09-19T12:04:59 IST" duration-ms="1927" status="PASS">
          <reporter-output>
          </reporter-output>
        </test-method> <!-- configBC -->
        <test-method is-config="true" signature="configBM()[pri:0, instance:com.DowntimeEnhacementPage.DowntimeEnhacemntTableDataTest@7c137fd5]" started-at="2025-09-19T12:04:59 IST" name="configBM" finished-at="2025-09-19T12:05:03 IST" duration-ms="4109" status="PASS">
          <reporter-output>
          </reporter-output>
        </test-method> <!-- configBM -->
        <test-method signature="DowntimeEnhacemntTableDataTest()[pri:0, instance:com.DowntimeEnhacementPage.DowntimeEnhacemntTableDataTest@7c137fd5]" started-at="2025-09-19T12:05:03 IST" name="DowntimeEnhacemntTableDataTest" finished-at="2025-09-19T12:05:11 IST" duration-ms="7851" status="PASS">
          <reporter-output>
          </reporter-output>
        </test-method> <!-- DowntimeEnhacemntTableDataTest -->
        <test-method is-config="true" signature="configAM()[pri:0, instance:com.DowntimeEnhacementPage.DowntimeEnhacemntTableDataTest@7c137fd5]" started-at="2025-09-19T12:05:11 IST" name="configAM" finished-at="2025-09-19T12:05:11 IST" duration-ms="109" status="PASS">
          <reporter-output>
          </reporter-output>
        </test-method> <!-- configAM -->
        <test-method is-config="true" signature="configAC()[pri:0, instance:com.DowntimeEnhacementPage.DowntimeEnhacemntTableDataTest@7c137fd5]" started-at="2025-09-19T12:05:11 IST" name="configAC" finished-at="2025-09-19T12:05:13 IST" duration-ms="2009" status="PASS">
          <reporter-output>
          </reporter-output>
        </test-method> <!-- configAC -->
      </class> <!-- com.DowntimeEnhacementPage.DowntimeEnhacemntTableDataTest -->
      <class name="com.DowntimeEnhacementPage.NavigateToDowntimeEnhancementPageTest">
        <test-method is-config="true" signature="configBC()[pri:0, instance:com.DowntimeEnhacementPage.NavigateToDowntimeEnhancementPageTest@183ec003]" started-at="2025-09-19T12:05:45 IST" name="configBC" finished-at="2025-09-19T12:05:47 IST" duration-ms="2020" status="PASS">
          <reporter-output>
          </reporter-output>
        </test-method> <!-- configBC -->
        <test-method is-config="true" signature="configBM()[pri:0, instance:com.DowntimeEnhacementPage.NavigateToDowntimeEnhancementPageTest@183ec003]" started-at="2025-09-19T12:05:47 IST" name="configBM" finished-at="2025-09-19T12:05:52 IST" duration-ms="4107" status="PASS">
          <reporter-output>
          </reporter-output>
        </test-method> <!-- configBM -->
        <test-method signature="NavigateToDowntimeEnhancementPage()[pri:0, instance:com.DowntimeEnhacementPage.NavigateToDowntimeEnhancementPageTest@183ec003]" started-at="2025-09-19T12:05:52 IST" name="NavigateToDowntimeEnhancementPage" finished-at="2025-09-19T12:06:00 IST" duration-ms="8804" status="PASS">
          <reporter-output>
          </reporter-output>
        </test-method> <!-- NavigateToDowntimeEnhancementPage -->
        <test-method is-config="true" signature="configAM()[pri:0, instance:com.DowntimeEnhacementPage.NavigateToDowntimeEnhancementPageTest@183ec003]" started-at="2025-09-19T12:06:00 IST" name="configAM" finished-at="2025-09-19T12:06:00 IST" duration-ms="85" status="PASS">
          <reporter-output>
          </reporter-output>
        </test-method> <!-- configAM -->
        <test-method is-config="true" signature="configAC()[pri:0, instance:com.DowntimeEnhacementPage.NavigateToDowntimeEnhancementPageTest@183ec003]" started-at="2025-09-19T12:06:00 IST" name="configAC" finished-at="2025-09-19T12:06:01 IST" duration-ms="376" status="PASS">
          <reporter-output>
          </reporter-output>
        </test-method> <!-- configAC -->
      </class> <!-- com.DowntimeEnhacementPage.NavigateToDowntimeEnhancementPageTest -->
      <class name="com.DowntimeModule.DowntimeDashboardDataValidationTest">
        <test-method is-config="true" signature="configBC()[pri:0, instance:com.DowntimeModule.DowntimeDashboardDataValidationTest@6fa51cd4]" started-at="2025-09-19T12:04:35 IST" name="configBC" finished-at="2025-09-19T12:04:36 IST" duration-ms="1863" status="PASS">
          <reporter-output>
          </reporter-output>
        </test-method> <!-- configBC -->
        <test-method is-config="true" signature="configBM()[pri:0, instance:com.DowntimeModule.DowntimeDashboardDataValidationTest@6fa51cd4]" started-at="2025-09-19T12:04:36 IST" name="configBM" finished-at="2025-09-19T12:04:40 IST" duration-ms="4123" status="PASS">
          <reporter-output>
          </reporter-output>
        </test-method> <!-- configBM -->
        <test-method signature="DowntimeDashboardDataValidationTest()[pri:0, instance:com.DowntimeModule.DowntimeDashboardDataValidationTest@6fa51cd4]" started-at="2025-09-19T12:04:40 IST" name="DowntimeDashboardDataValidationTest" finished-at="2025-09-19T12:04:45 IST" duration-ms="4051" status="PASS">
          <reporter-output>
          </reporter-output>
        </test-method> <!-- DowntimeDashboardDataValidationTest -->
        <test-method is-config="true" signature="configAM()[pri:0, instance:com.DowntimeModule.DowntimeDashboardDataValidationTest@6fa51cd4]" started-at="2025-09-19T12:04:45 IST" name="configAM" finished-at="2025-09-19T12:04:45 IST" duration-ms="88" status="PASS">
          <reporter-output>
          </reporter-output>
        </test-method> <!-- configAM -->
        <test-method is-config="true" signature="configAC()[pri:0, instance:com.DowntimeModule.DowntimeDashboardDataValidationTest@6fa51cd4]" started-at="2025-09-19T12:04:45 IST" name="configAC" finished-at="2025-09-19T12:04:45 IST" duration-ms="397" status="PASS">
          <reporter-output>
          </reporter-output>
        </test-method> <!-- configAC -->
      </class> <!-- com.DowntimeModule.DowntimeDashboardDataValidationTest -->
      <class name="com.DowntimeAnalysisPage.DowntimeAnalysisNavigationTest">
        <test-method is-config="true" signature="configBC()[pri:0, instance:com.DowntimeAnalysisPage.DowntimeAnalysisNavigationTest@221a3fa4]" started-at="2025-09-19T12:05:13 IST" name="configBC" finished-at="2025-09-19T12:05:15 IST" duration-ms="1872" status="PASS">
          <reporter-output>
          </reporter-output>
        </test-method> <!-- configBC -->
        <test-method is-config="true" signature="configBM()[pri:0, instance:com.DowntimeAnalysisPage.DowntimeAnalysisNavigationTest@221a3fa4]" started-at="2025-09-19T12:05:15 IST" name="configBM" finished-at="2025-09-19T12:05:19 IST" duration-ms="4155" status="PASS">
          <reporter-output>
          </reporter-output>
        </test-method> <!-- configBM -->
        <test-method signature="DowntimeAnalysisNavigationTest()[pri:0, instance:com.DowntimeAnalysisPage.DowntimeAnalysisNavigationTest@221a3fa4]" started-at="2025-09-19T12:05:19 IST" name="DowntimeAnalysisNavigationTest" finished-at="2025-09-19T12:05:23 IST" duration-ms="3761" status="PASS">
          <reporter-output>
          </reporter-output>
        </test-method> <!-- DowntimeAnalysisNavigationTest -->
        <test-method is-config="true" signature="configAM()[pri:0, instance:com.DowntimeAnalysisPage.DowntimeAnalysisNavigationTest@221a3fa4]" started-at="2025-09-19T12:05:23 IST" name="configAM" finished-at="2025-09-19T12:05:23 IST" duration-ms="123" status="PASS">
          <reporter-output>
          </reporter-output>
        </test-method> <!-- configAM -->
        <test-method is-config="true" signature="configAC()[pri:0, instance:com.DowntimeAnalysisPage.DowntimeAnalysisNavigationTest@221a3fa4]" started-at="2025-09-19T12:05:23 IST" name="configAC" finished-at="2025-09-19T12:05:24 IST" duration-ms="414" status="PASS">
          <reporter-output>
          </reporter-output>
        </test-method> <!-- configAC -->
      </class> <!-- com.DowntimeAnalysisPage.DowntimeAnalysisNavigationTest -->
      <class name="com.ReasonLinkingPage.ReasonLinkingFilterDataValidationTest">
        <test-method is-config="true" signature="configBC()[pri:0, instance:com.ReasonLinkingPage.ReasonLinkingFilterDataValidationTest@5b247367]" started-at="2025-09-19T12:06:56 IST" name="configBC" finished-at="2025-09-19T12:06:58 IST" duration-ms="2012" status="PASS">
          <reporter-output>
          </reporter-output>
        </test-method> <!-- configBC -->
        <test-method is-config="true" signature="configBM()[pri:0, instance:com.ReasonLinkingPage.ReasonLinkingFilterDataValidationTest@5b247367]" started-at="2025-09-19T12:06:58 IST" name="configBM" finished-at="2025-09-19T12:07:02 IST" duration-ms="4171" status="PASS">
          <reporter-output>
          </reporter-output>
        </test-method> <!-- configBM -->
        <test-method signature="ReasonLinkingFilterDataValidationTest()[pri:0, instance:com.ReasonLinkingPage.ReasonLinkingFilterDataValidationTest@5b247367]" started-at="2025-09-19T12:07:02 IST" name="ReasonLinkingFilterDataValidationTest" finished-at="2025-09-19T12:07:05 IST" duration-ms="2584" status="PASS">
          <reporter-output>
          </reporter-output>
        </test-method> <!-- ReasonLinkingFilterDataValidationTest -->
        <test-method is-config="true" signature="configAM()[pri:0, instance:com.ReasonLinkingPage.ReasonLinkingFilterDataValidationTest@5b247367]" started-at="2025-09-19T12:07:05 IST" name="configAM" finished-at="2025-09-19T12:07:05 IST" duration-ms="102" status="PASS">
          <reporter-output>
          </reporter-output>
        </test-method> <!-- configAM -->
        <test-method is-config="true" signature="configAC()[pri:0, instance:com.ReasonLinkingPage.ReasonLinkingFilterDataValidationTest@5b247367]" started-at="2025-09-19T12:07:05 IST" name="configAC" finished-at="2025-09-19T12:07:05 IST" duration-ms="324" status="PASS">
          <reporter-output>
          </reporter-output>
        </test-method> <!-- configAC -->
      </class> <!-- com.ReasonLinkingPage.ReasonLinkingFilterDataValidationTest -->
      <class name="com.ReasonLinkingPage.ReasonLinkingCombinedExportTest">
        <test-method is-config="true" signature="configBC()[pri:0, instance:com.ReasonLinkingPage.ReasonLinkingCombinedExportTest@cecf639]" started-at="2025-09-19T12:05:33 IST" name="configBC" finished-at="2025-09-19T12:05:35 IST" duration-ms="1855" status="PASS">
          <reporter-output>
          </reporter-output>
        </test-method> <!-- configBC -->
        <test-method is-config="true" signature="configBM()[pri:0, instance:com.ReasonLinkingPage.ReasonLinkingCombinedExportTest@cecf639]" started-at="2025-09-19T12:05:35 IST" name="configBM" finished-at="2025-09-19T12:05:39 IST" duration-ms="4174" status="PASS">
          <reporter-output>
          </reporter-output>
        </test-method> <!-- configBM -->
        <test-method signature="ReasonLinkingCombinedExportTest()[pri:0, instance:com.ReasonLinkingPage.ReasonLinkingCombinedExportTest@cecf639]" started-at="2025-09-19T12:05:39 IST" name="ReasonLinkingCombinedExportTest" finished-at="2025-09-19T12:05:44 IST" duration-ms="4640" status="PASS">
          <reporter-output>
          </reporter-output>
        </test-method> <!-- ReasonLinkingCombinedExportTest -->
        <test-method is-config="true" signature="configAM()[pri:0, instance:com.ReasonLinkingPage.ReasonLinkingCombinedExportTest@cecf639]" started-at="2025-09-19T12:05:44 IST" name="configAM" finished-at="2025-09-19T12:05:45 IST" duration-ms="950" status="PASS">
          <reporter-output>
          </reporter-output>
        </test-method> <!-- configAM -->
        <test-method is-config="true" signature="configAC()[pri:0, instance:com.ReasonLinkingPage.ReasonLinkingCombinedExportTest@cecf639]" started-at="2025-09-19T12:05:45 IST" name="configAC" finished-at="2025-09-19T12:05:45 IST" duration-ms="421" status="PASS">
          <reporter-output>
          </reporter-output>
        </test-method> <!-- configAC -->
      </class> <!-- com.ReasonLinkingPage.ReasonLinkingCombinedExportTest -->
      <class name="com.ReasonLinkingPage.BulkReasonLinkingFunctionalityTest">
        <test-method is-config="true" signature="configBC()[pri:0, instance:com.ReasonLinkingPage.BulkReasonLinkingFunctionalityTest@14028087]" started-at="2025-09-19T12:04:45 IST" name="configBC" finished-at="2025-09-19T12:04:47 IST" duration-ms="2022" status="PASS">
          <reporter-output>
          </reporter-output>
        </test-method> <!-- configBC -->
        <test-method is-config="true" signature="configBM()[pri:0, instance:com.ReasonLinkingPage.BulkReasonLinkingFunctionalityTest@14028087]" started-at="2025-09-19T12:04:47 IST" name="configBM" finished-at="2025-09-19T12:04:51 IST" duration-ms="4155" status="PASS">
          <reporter-output>
          </reporter-output>
        </test-method> <!-- configBM -->
        <test-method signature="BulkReasonLinkingFunctionalityTest()[pri:0, instance:com.ReasonLinkingPage.BulkReasonLinkingFunctionalityTest@14028087]" started-at="2025-09-19T12:04:51 IST" name="BulkReasonLinkingFunctionalityTest" finished-at="2025-09-19T12:04:56 IST" duration-ms="4923" status="PASS">
          <reporter-output>
          </reporter-output>
        </test-method> <!-- BulkReasonLinkingFunctionalityTest -->
        <test-method is-config="true" signature="configAM()[pri:0, instance:com.ReasonLinkingPage.BulkReasonLinkingFunctionalityTest@14028087]" started-at="2025-09-19T12:04:56 IST" name="configAM" finished-at="2025-09-19T12:04:57 IST" duration-ms="880" status="PASS">
          <reporter-output>
          </reporter-output>
        </test-method> <!-- configAM -->
        <test-method is-config="true" signature="configAC()[pri:0, instance:com.ReasonLinkingPage.BulkReasonLinkingFunctionalityTest@14028087]" started-at="2025-09-19T12:04:57 IST" name="configAC" finished-at="2025-09-19T12:04:57 IST" duration-ms="317" status="PASS">
          <reporter-output>
          </reporter-output>
        </test-method> <!-- configAC -->
      </class> <!-- com.ReasonLinkingPage.BulkReasonLinkingFunctionalityTest -->
      <class name="com.ReasonLinkingPage.ReasonLinkingUnlinkedExportTest">
        <test-method is-config="true" signature="configBC()[pri:0, instance:com.ReasonLinkingPage.ReasonLinkingUnlinkedExportTest@6440112d]" started-at="2025-09-19T12:07:56 IST" name="configBC" finished-at="2025-09-19T12:07:58 IST" duration-ms="2109" status="PASS">
          <reporter-output>
          </reporter-output>
        </test-method> <!-- configBC -->
        <test-method is-config="true" signature="configBM()[pri:0, instance:com.ReasonLinkingPage.ReasonLinkingUnlinkedExportTest@6440112d]" started-at="2025-09-19T12:07:58 IST" name="configBM" finished-at="2025-09-19T12:08:03 IST" duration-ms="4376" status="PASS">
          <reporter-output>
          </reporter-output>
        </test-method> <!-- configBM -->
        <test-method signature="ReasonLinkingUnlinkedExportTest()[pri:0, instance:com.ReasonLinkingPage.ReasonLinkingUnlinkedExportTest@6440112d]" started-at="2025-09-19T12:08:03 IST" name="ReasonLinkingUnlinkedExportTest" finished-at="2025-09-19T12:08:09 IST" duration-ms="6204" status="PASS">
          <reporter-output>
          </reporter-output>
        </test-method> <!-- ReasonLinkingUnlinkedExportTest -->
        <test-method is-config="true" signature="configAM()[pri:0, instance:com.ReasonLinkingPage.ReasonLinkingUnlinkedExportTest@6440112d]" started-at="2025-09-19T12:08:09 IST" name="configAM" finished-at="2025-09-19T12:08:10 IST" duration-ms="960" status="PASS">
          <reporter-output>
          </reporter-output>
        </test-method> <!-- configAM -->
        <test-method is-config="true" signature="configAC()[pri:0, instance:com.ReasonLinkingPage.ReasonLinkingUnlinkedExportTest@6440112d]" started-at="2025-09-19T12:08:10 IST" name="configAC" finished-at="2025-09-19T12:08:10 IST" duration-ms="463" status="PASS">
          <reporter-output>
          </reporter-output>
        </test-method> <!-- configAC -->
      </class> <!-- com.ReasonLinkingPage.ReasonLinkingUnlinkedExportTest -->
      <class name="com.DowntimeModule.DowntimeDashboardNavigationTest">
        <test-method is-config="true" signature="configBC()[pri:0, instance:com.DowntimeModule.DowntimeDashboardNavigationTest@2767e23c]" started-at="2025-09-19T12:05:24 IST" name="configBC" finished-at="2025-09-19T12:05:26 IST" duration-ms="1891" status="PASS">
          <reporter-output>
          </reporter-output>
        </test-method> <!-- configBC -->
        <test-method is-config="true" signature="configBM()[pri:0, instance:com.DowntimeModule.DowntimeDashboardNavigationTest@2767e23c]" started-at="2025-09-19T12:05:26 IST" name="configBM" finished-at="2025-09-19T12:05:30 IST" duration-ms="4031" status="PASS">
          <reporter-output>
          </reporter-output>
        </test-method> <!-- configBM -->
        <test-method signature="DowntimeDashboardNavigationTest()[pri:0, instance:com.DowntimeModule.DowntimeDashboardNavigationTest@2767e23c]" started-at="2025-09-19T12:05:30 IST" name="DowntimeDashboardNavigationTest" finished-at="2025-09-19T12:05:33 IST" duration-ms="3386" status="PASS">
          <reporter-output>
          </reporter-output>
        </test-method> <!-- DowntimeDashboardNavigationTest -->
        <test-method is-config="true" signature="configAM()[pri:0, instance:com.DowntimeModule.DowntimeDashboardNavigationTest@2767e23c]" started-at="2025-09-19T12:05:33 IST" name="configAM" finished-at="2025-09-19T12:05:33 IST" duration-ms="104" status="PASS">
          <reporter-output>
          </reporter-output>
        </test-method> <!-- configAM -->
        <test-method is-config="true" signature="configAC()[pri:0, instance:com.DowntimeModule.DowntimeDashboardNavigationTest@2767e23c]" started-at="2025-09-19T12:05:33 IST" name="configAC" finished-at="2025-09-19T12:05:33 IST" duration-ms="317" status="PASS">
          <reporter-output>
          </reporter-output>
        </test-method> <!-- configAC -->
      </class> <!-- com.DowntimeModule.DowntimeDashboardNavigationTest -->
      <class name="com.DowntimeModule.DowntimeWorstMachineTest">
        <test-method is-config="true" signature="configBC()[pri:0, instance:com.DowntimeModule.DowntimeWorstMachineTest@710c2b53]" started-at="2025-09-19T12:06:14 IST" name="configBC" finished-at="2025-09-19T12:06:15 IST" duration-ms="1811" status="PASS">
          <reporter-output>
          </reporter-output>
        </test-method> <!-- configBC -->
        <test-method is-config="true" signature="configBM()[pri:0, instance:com.DowntimeModule.DowntimeWorstMachineTest@710c2b53]" started-at="2025-09-19T12:06:15 IST" name="configBM" finished-at="2025-09-19T12:06:19 IST" duration-ms="4169" status="PASS">
          <reporter-output>
          </reporter-output>
        </test-method> <!-- configBM -->
        <test-method signature="DowntimeWorstMachineTest()[pri:0, instance:com.DowntimeModule.DowntimeWorstMachineTest@710c2b53]" started-at="2025-09-19T12:06:19 IST" name="DowntimeWorstMachineTest" finished-at="2025-09-19T12:06:24 IST" duration-ms="4169" status="PASS">
          <reporter-output>
          </reporter-output>
        </test-method> <!-- DowntimeWorstMachineTest -->
        <test-method is-config="true" signature="configAM()[pri:0, instance:com.DowntimeModule.DowntimeWorstMachineTest@710c2b53]" started-at="2025-09-19T12:06:24 IST" name="configAM" finished-at="2025-09-19T12:06:24 IST" duration-ms="83" status="PASS">
          <reporter-output>
          </reporter-output>
        </test-method> <!-- configAM -->
        <test-method is-config="true" signature="configAC()[pri:0, instance:com.DowntimeModule.DowntimeWorstMachineTest@710c2b53]" started-at="2025-09-19T12:06:24 IST" name="configAC" finished-at="2025-09-19T12:06:24 IST" duration-ms="328" status="PASS">
          <reporter-output>
          </reporter-output>
        </test-method> <!-- configAC -->
      </class> <!-- com.DowntimeModule.DowntimeWorstMachineTest -->
      <class name="com.DowntimeModule.DowntimeBestMachineTest">
        <test-method is-config="true" signature="configBC()[pri:0, instance:com.DowntimeModule.DowntimeBestMachineTest@33bc72d1]" started-at="2025-09-19T12:03:13 IST" name="configBC" finished-at="2025-09-19T12:03:18 IST" duration-ms="4259" status="PASS">
          <reporter-output>
          </reporter-output>
        </test-method> <!-- configBC -->
        <test-method is-config="true" signature="configBM()[pri:0, instance:com.DowntimeModule.DowntimeBestMachineTest@33bc72d1]" started-at="2025-09-19T12:03:18 IST" name="configBM" finished-at="2025-09-19T12:03:22 IST" duration-ms="4420" status="PASS">
          <reporter-output>
          </reporter-output>
        </test-method> <!-- configBM -->
        <test-method signature="DowntimeBestMachineTest()[pri:0, instance:com.DowntimeModule.DowntimeBestMachineTest@33bc72d1]" started-at="2025-09-19T12:03:22 IST" name="DowntimeBestMachineTest" finished-at="2025-09-19T12:03:27 IST" duration-ms="4799" status="PASS">
          <reporter-output>
          </reporter-output>
        </test-method> <!-- DowntimeBestMachineTest -->
        <test-method is-config="true" signature="configAM()[pri:0, instance:com.DowntimeModule.DowntimeBestMachineTest@33bc72d1]" started-at="2025-09-19T12:03:27 IST" name="configAM" finished-at="2025-09-19T12:03:27 IST" duration-ms="106" status="PASS">
          <reporter-output>
          </reporter-output>
        </test-method> <!-- configAM -->
        <test-method is-config="true" signature="configAC()[pri:0, instance:com.DowntimeModule.DowntimeBestMachineTest@33bc72d1]" started-at="2025-09-19T12:03:27 IST" name="configAC" finished-at="2025-09-19T12:03:27 IST" duration-ms="417" status="PASS">
          <reporter-output>
          </reporter-output>
        </test-method> <!-- configAC -->
      </class> <!-- com.DowntimeModule.DowntimeBestMachineTest -->
    </test> <!-- Test -->
  </suite> <!-- Suite -->
</testng-results>
