<?xml version="1.0" encoding="UTF-8"?>
<testng-results ignored="0" total="1" passed="1" failed="0" skipped="0">
  <reporter-output>
  </reporter-output>
  <suite started-at="2026-05-27T17:46:39 IST" name="Default suite" finished-at="2026-05-27T17:46:53 IST" duration-ms="14150">
    <groups>
    </groups>
    <test started-at="2026-05-27T17:46:39 IST" name="Default test" finished-at="2026-05-27T17:46:53 IST" duration-ms="14150">
      <class name="com.CycleTimeDashboard.verifyTheBarChart">
        <test-method is-config="true" signature="configBC()[pri:0, instance:com.CycleTimeDashboard.verifyTheBarChart@394a2528]" started-at="2026-05-27T17:46:39 IST" name="configBC" finished-at="2026-05-27T17:46:41 IST" duration-ms="1622" status="PASS">
          <reporter-output>
          </reporter-output>
        </test-method> <!-- configBC -->
        <test-method is-config="true" signature="configBM()[pri:0, instance:com.CycleTimeDashboard.verifyTheBarChart@394a2528]" started-at="2026-05-27T17:46:41 IST" name="configBM" finished-at="2026-05-27T17:46:42 IST" duration-ms="1474" status="PASS">
          <reporter-output>
          </reporter-output>
        </test-method> <!-- configBM -->
        <test-method signature="VerifyTheBarchart()[pri:0, instance:com.CycleTimeDashboard.verifyTheBarChart@394a2528]" started-at="2026-05-27T17:46:42 IST" name="VerifyTheBarchart" finished-at="2026-05-27T17:46:53 IST" duration-ms="11015" status="PASS">
          <reporter-output>
          </reporter-output>
        </test-method> <!-- VerifyTheBarchart -->
      </class> <!-- com.CycleTimeDashboard.verifyTheBarChart -->
    </test> <!-- Default test -->
  </suite> <!-- Default suite -->
</testng-results>
