<?xml version="1.0" encoding="UTF-8"?>
<testng-results ignored="0" total="187" passed="151" failed="34" skipped="2">
  <reporter-output>
  </reporter-output>
  <suite started-at="2026-07-27T16:31:22 IST" name="Suite" finished-at="2026-07-27T17:38:07 IST" duration-ms="4004306">
    <groups>
    </groups>
    <test started-at="2026-07-27T16:31:22 IST" name="Test" finished-at="2026-07-27T17:38:07 IST" duration-ms="4004306">
      <class name="com.CycleTimeDashboard.VerifytheXaxisdropdownselectingByEquipementvalue">
        <test-method is-config="true" signature="configBC()[pri:0, instance:com.CycleTimeDashboard.VerifytheXaxisdropdownselectingByEquipementvalue@60bd273d]" started-at="2026-07-27T17:37:28 IST" name="configBC" finished-at="2026-07-27T17:37:29 IST" duration-ms="1258" status="PASS">
          <reporter-output>
          </reporter-output>
        </test-method> <!-- configBC -->
        <test-method is-config="true" signature="configBM()[pri:0, instance:com.CycleTimeDashboard.VerifytheXaxisdropdownselectingByEquipementvalue@60bd273d]" started-at="2026-07-27T17:37:29 IST" name="configBM" finished-at="2026-07-27T17:37:31 IST" duration-ms="1417" status="PASS">
          <reporter-output>
          </reporter-output>
        </test-method> <!-- configBM -->
        <test-method signature="VeirfytheXaxixdropdownslectingByEquipementvalue()[pri:0, instance:com.CycleTimeDashboard.VerifytheXaxisdropdownselectingByEquipementvalue@60bd273d]" started-at="2026-07-27T17:37:31 IST" name="VeirfytheXaxixdropdownslectingByEquipementvalue" finished-at="2026-07-27T17:37:47 IST" duration-ms="15828" status="PASS">
          <reporter-output>
          </reporter-output>
        </test-method> <!-- VeirfytheXaxixdropdownslectingByEquipementvalue -->
        <test-method is-config="true" signature="configAM()[pri:0, instance:com.CycleTimeDashboard.VerifytheXaxisdropdownselectingByEquipementvalue@60bd273d]" started-at="2026-07-27T17:37:47 IST" name="configAM" finished-at="2026-07-27T17:37:47 IST" duration-ms="75" status="PASS">
          <reporter-output>
          </reporter-output>
        </test-method> <!-- configAM -->
        <test-method is-config="true" signature="configAC()[pri:0, instance:com.CycleTimeDashboard.VerifytheXaxisdropdownselectingByEquipementvalue@60bd273d]" started-at="2026-07-27T17:37:47 IST" name="configAC" finished-at="2026-07-27T17:37:47 IST" duration-ms="382" status="PASS">
          <reporter-output>
          </reporter-output>
        </test-method> <!-- configAC -->
      </class> <!-- com.CycleTimeDashboard.VerifytheXaxisdropdownselectingByEquipementvalue -->
      <class name="com.CycleTimeDashboard.VerifytheBadQuantity">
        <test-method is-config="true" signature="configBC()[pri:0, instance:com.CycleTimeDashboard.VerifytheBadQuantity@7db12bb6]" started-at="2026-07-27T17:08:53 IST" name="configBC" finished-at="2026-07-27T17:08:54 IST" duration-ms="1146" status="PASS">
          <reporter-output>
          </reporter-output>
        </test-method> <!-- configBC -->
        <test-method is-config="true" signature="configBM()[pri:0, instance:com.CycleTimeDashboard.VerifytheBadQuantity@7db12bb6]" started-at="2026-07-27T17:08:54 IST" name="configBM" finished-at="2026-07-27T17:08:55 IST" duration-ms="1461" status="PASS">
          <reporter-output>
          </reporter-output>
        </test-method> <!-- configBM -->
        <test-method signature="verifytheTotalBaDQuantity()[pri:0, instance:com.CycleTimeDashboard.VerifytheBadQuantity@7db12bb6]" started-at="2026-07-27T17:08:55 IST" name="verifytheTotalBaDQuantity" finished-at="2026-07-27T17:09:04 IST" duration-ms="8763" status="PASS">
          <reporter-output>
          </reporter-output>
        </test-method> <!-- verifytheTotalBaDQuantity -->
        <test-method is-config="true" signature="configAM()[pri:0, instance:com.CycleTimeDashboard.VerifytheBadQuantity@7db12bb6]" started-at="2026-07-27T17:09:04 IST" name="configAM" finished-at="2026-07-27T17:09:04 IST" duration-ms="45" status="PASS">
          <reporter-output>
          </reporter-output>
        </test-method> <!-- configAM -->
        <test-method is-config="true" signature="configAC()[pri:0, instance:com.CycleTimeDashboard.VerifytheBadQuantity@7db12bb6]" started-at="2026-07-27T17:09:04 IST" name="configAC" finished-at="2026-07-27T17:09:04 IST" duration-ms="400" status="PASS">
          <reporter-output>
          </reporter-output>
        </test-method> <!-- configAC -->
      </class> <!-- com.CycleTimeDashboard.VerifytheBadQuantity -->
      <class name="com.CycleTimeDashboard.VerifytheTotalProduction">
        <test-method is-config="true" signature="configBC()[pri:0, instance:com.CycleTimeDashboard.VerifytheTotalProduction@3527942a]" started-at="2026-07-27T17:34:03 IST" name="configBC" finished-at="2026-07-27T17:34:04 IST" duration-ms="1184" status="PASS">
          <reporter-output>
          </reporter-output>
        </test-method> <!-- configBC -->
        <test-method is-config="true" signature="configBM()[pri:0, instance:com.CycleTimeDashboard.VerifytheTotalProduction@3527942a]" started-at="2026-07-27T17:34:04 IST" name="configBM" finished-at="2026-07-27T17:34:06 IST" duration-ms="1870" status="PASS">
          <reporter-output>
          </reporter-output>
        </test-method> <!-- configBM -->
        <test-method signature="verifytheTotalProduction()[pri:0, instance:com.CycleTimeDashboard.VerifytheTotalProduction@3527942a]" started-at="2026-07-27T17:34:06 IST" name="verifytheTotalProduction" finished-at="2026-07-27T17:34:16 IST" duration-ms="9829" status="PASS">
          <reporter-output>
          </reporter-output>
        </test-method> <!-- verifytheTotalProduction -->
        <test-method is-config="true" signature="configAM()[pri:0, instance:com.CycleTimeDashboard.VerifytheTotalProduction@3527942a]" started-at="2026-07-27T17:34:16 IST" name="configAM" finished-at="2026-07-27T17:34:16 IST" duration-ms="87" status="PASS">
          <reporter-output>
          </reporter-output>
        </test-method> <!-- configAM -->
        <test-method is-config="true" signature="configAC()[pri:0, instance:com.CycleTimeDashboard.VerifytheTotalProduction@3527942a]" started-at="2026-07-27T17:34:16 IST" name="configAC" finished-at="2026-07-27T17:34:16 IST" duration-ms="361" status="PASS">
          <reporter-output>
          </reporter-output>
        </test-method> <!-- configAC -->
      </class> <!-- com.CycleTimeDashboard.VerifytheTotalProduction -->
      <class name="com.RoleCreateModule.VerifytheRoleChangeStatusFuctionality">
        <test-method is-config="true" signature="configBC()[pri:0, instance:com.RoleCreateModule.VerifytheRoleChangeStatusFuctionality@6e9175d8]" started-at="2026-07-27T17:06:09 IST" name="configBC" finished-at="2026-07-27T17:06:10 IST" duration-ms="1078" status="PASS">
          <reporter-output>
          </reporter-output>
        </test-method> <!-- configBC -->
        <test-method is-config="true" signature="configBM()[pri:0, instance:com.RoleCreateModule.VerifytheRoleChangeStatusFuctionality@6e9175d8]" started-at="2026-07-27T17:06:10 IST" name="configBM" finished-at="2026-07-27T17:06:12 IST" duration-ms="1628" status="PASS">
          <reporter-output>
          </reporter-output>
        </test-method> <!-- configBM -->
        <test-method signature="VerifytheRoleChangeStatusFuctionality()[pri:0, instance:com.RoleCreateModule.VerifytheRoleChangeStatusFuctionality@6e9175d8]" started-at="2026-07-27T17:06:12 IST" name="VerifytheRoleChangeStatusFuctionality" finished-at="2026-07-27T17:06:21 IST" duration-ms="9284" status="PASS">
          <reporter-output>
          </reporter-output>
        </test-method> <!-- VerifytheRoleChangeStatusFuctionality -->
        <test-method is-config="true" signature="configAM()[pri:0, instance:com.RoleCreateModule.VerifytheRoleChangeStatusFuctionality@6e9175d8]" started-at="2026-07-27T17:06:21 IST" name="configAM" finished-at="2026-07-27T17:06:22 IST" duration-ms="319" status="PASS">
          <reporter-output>
          </reporter-output>
        </test-method> <!-- configAM -->
        <test-method is-config="true" signature="configAC()[pri:0, instance:com.RoleCreateModule.VerifytheRoleChangeStatusFuctionality@6e9175d8]" started-at="2026-07-27T17:06:22 IST" name="configAC" finished-at="2026-07-27T17:06:22 IST" duration-ms="384" status="PASS">
          <reporter-output>
          </reporter-output>
        </test-method> <!-- configAC -->
      </class> <!-- com.RoleCreateModule.VerifytheRoleChangeStatusFuctionality -->
      <class name="com.CycleTimeDashboard.VeriftyheExportFeatureBySelectingOperator">
        <test-method is-config="true" signature="configBC()[pri:0, instance:com.CycleTimeDashboard.VeriftyheExportFeatureBySelectingOperator@54e1c68b]" started-at="2026-07-27T16:44:07 IST" name="configBC" finished-at="2026-07-27T16:44:08 IST" duration-ms="1142" status="PASS">
          <reporter-output>
          </reporter-output>
        </test-method> <!-- configBC -->
        <test-method is-config="true" signature="configBM()[pri:0, instance:com.CycleTimeDashboard.VeriftyheExportFeatureBySelectingOperator@54e1c68b]" started-at="2026-07-27T16:44:08 IST" name="configBM" finished-at="2026-07-27T16:44:10 IST" duration-ms="1490" status="PASS">
          <reporter-output>
          </reporter-output>
        </test-method> <!-- configBM -->
        <test-method signature="VeriftyheExportFeatureBySelectingOperator()[pri:0, instance:com.CycleTimeDashboard.VeriftyheExportFeatureBySelectingOperator@54e1c68b]" started-at="2026-07-27T16:44:10 IST" name="VeriftyheExportFeatureBySelectingOperator" finished-at="2026-07-27T16:44:40 IST" duration-ms="30687" status="PASS">
          <reporter-output>
          </reporter-output>
        </test-method> <!-- VeriftyheExportFeatureBySelectingOperator -->
        <test-method is-config="true" signature="configAM()[pri:0, instance:com.CycleTimeDashboard.VeriftyheExportFeatureBySelectingOperator@54e1c68b]" started-at="2026-07-27T16:44:40 IST" name="configAM" finished-at="2026-07-27T16:44:41 IST" duration-ms="837" status="PASS">
          <reporter-output>
          </reporter-output>
        </test-method> <!-- configAM -->
        <test-method is-config="true" signature="configAC()[pri:0, instance:com.CycleTimeDashboard.VeriftyheExportFeatureBySelectingOperator@54e1c68b]" started-at="2026-07-27T16:44:41 IST" name="configAC" finished-at="2026-07-27T16:44:42 IST" duration-ms="404" status="PASS">
          <reporter-output>
          </reporter-output>
        </test-method> <!-- configAC -->
      </class> <!-- com.CycleTimeDashboard.VeriftyheExportFeatureBySelectingOperator -->
      <class name="com.ReasonLinkingPage.ReasonLinkingSingleLinkTest">
        <test-method is-config="true" signature="configBC()[pri:0, instance:com.ReasonLinkingPage.ReasonLinkingSingleLinkTest@2e6a8155]" started-at="2026-07-27T17:26:23 IST" name="configBC" finished-at="2026-07-27T17:26:24 IST" duration-ms="1196" status="PASS">
          <reporter-output>
          </reporter-output>
        </test-method> <!-- configBC -->
        <test-method is-config="true" signature="configBM()[pri:0, instance:com.ReasonLinkingPage.ReasonLinkingSingleLinkTest@2e6a8155]" started-at="2026-07-27T17:26:24 IST" name="configBM" finished-at="2026-07-27T17:26:25 IST" duration-ms="1387" status="PASS">
          <reporter-output>
          </reporter-output>
        </test-method> <!-- configBM -->
        <test-method signature="ReasonLinkingFunctionalityTest()[pri:0, instance:com.ReasonLinkingPage.ReasonLinkingSingleLinkTest@2e6a8155]" started-at="2026-07-27T17:26:25 IST" name="ReasonLinkingFunctionalityTest" finished-at="2026-07-27T17:26:30 IST" duration-ms="4446" status="FAIL">
          <exception class="org.openqa.selenium.NoSuchElementException">
            <message>
              <![CDATA[Cannot locate option with index: 1
For documentation on this error, please visit: https://www.selenium.dev/documentation/webdriver/troubleshooting/errors#nosuchelementexception
Build info: version: '4.38.0', revision: '6b412e825c'
System info: os.name: 'Windows 11', os.arch: 'amd64', os.version: '10.0', java.version: '21.0.9'
Driver info: driver.version: unknown]]>
            </message>
            <full-stacktrace>
              <![CDATA[org.openqa.selenium.NoSuchElementException: Cannot locate option with index: 1
For documentation on this error, please visit: https://www.selenium.dev/documentation/webdriver/troubleshooting/errors#nosuchelementexception
Build info: version: '4.38.0', revision: '6b412e825c'
System info: os.name: 'Windows 11', os.arch: 'amd64', os.version: '10.0', java.version: '21.0.9'
Driver info: driver.version: unknown
at org.openqa.selenium.support.ui.Select.setSelectedByIndex(Select.java:318)
at org.openqa.selenium.support.ui.Select.selectByIndex(Select.java:173)
at com.sgplus.erp.genericutility.WebDriverUtility.select(WebDriverUtility.java:99)
at com.ReasonLinkingPage.ReasonLinkingSingleLinkTest.ReasonLinkingFunctionalityTest(ReasonLinkingSingleLinkTest.java:103)
at java.base/jdk.internal.reflect.DirectMethodHandleAccessor.invoke(DirectMethodHandleAccessor.java:103)
at java.base/java.lang.reflect.Method.invoke(Method.java:580)
at org.testng.internal.invokers.MethodInvocationHelper.invokeMethod(MethodInvocationHelper.java:141)
at org.testng.internal.invokers.TestInvoker.invokeMethod(TestInvoker.java:687)
at org.testng.internal.invokers.TestInvoker.invokeTestMethod(TestInvoker.java:230)
at org.testng.internal.invokers.MethodRunner.runInSequence(MethodRunner.java:63)
at org.testng.internal.invokers.TestInvoker$MethodInvocationAgent.invoke(TestInvoker.java:995)
at org.testng.internal.invokers.TestInvoker.invokeTestMethods(TestInvoker.java:203)
at org.testng.internal.invokers.TestMethodWorker.invokeTestMethods(TestMethodWorker.java:154)
at org.testng.internal.invokers.TestMethodWorker.run(TestMethodWorker.java:134)
at java.base/java.util.ArrayList.forEach(ArrayList.java:1596)
at org.testng.TestRunner.privateRun(TestRunner.java:741)
at org.testng.TestRunner.run(TestRunner.java:616)
at org.testng.SuiteRunner.runTest(SuiteRunner.java:421)
at org.testng.SuiteRunner.runSequentially(SuiteRunner.java:413)
at org.testng.SuiteRunner.privateRun(SuiteRunner.java:373)
at org.testng.SuiteRunner.run(SuiteRunner.java:312)
at org.testng.SuiteRunnerWorker.runSuite(SuiteRunnerWorker.java:52)
at org.testng.SuiteRunnerWorker.run(SuiteRunnerWorker.java:95)
at org.testng.TestNG.runSuitesSequentially(TestNG.java:1274)
at org.testng.TestNG.runSuitesLocally(TestNG.java:1208)
at org.testng.TestNG.runSuites(TestNG.java:1112)
at org.testng.TestNG.run(TestNG.java:1079)
at org.testng.remote.AbstractRemoteTestNG.run(AbstractRemoteTestNG.java:115)
at org.testng.remote.RemoteTestNG.initAndRun(RemoteTestNG.java:293)
at org.testng.remote.RemoteTestNG.main(RemoteTestNG.java:91)
]]>
            </full-stacktrace>
          </exception> <!-- org.openqa.selenium.NoSuchElementException -->
          <reporter-output>
          </reporter-output>
        </test-method> <!-- ReasonLinkingFunctionalityTest -->
        <test-method is-config="true" signature="configAM()[pri:0, instance:com.ReasonLinkingPage.ReasonLinkingSingleLinkTest@2e6a8155]" started-at="2026-07-27T17:26:30 IST" name="configAM" finished-at="2026-07-27T17:26:31 IST" duration-ms="1087" status="FAIL">
          <exception class="org.openqa.selenium.ElementClickInterceptedException">
            <message>
              <![CDATA[element click intercepted: Element <span>...</span> is not clickable at point (1457, 42). Other element would receive the click: <div role="dialog" aria-modal="true" class="fade modal show" tabindex="-1" aria-labelledby="contained-modal-title-vcenter" style="display: block; padding-left: 0px;">...</div>
  (Session info: chrome=150.0.7871.184)
Build info: version: '4.38.0', revision: '6b412e825c'
System info: os.name: 'Windows 11', os.arch: 'amd64', os.version: '10.0', java.version: '21.0.9'
Driver info: org.openqa.selenium.chrome.ChromeDriver
Command: [41289343e0db07fefef7dbcc52ff8e2c, clickElement {id=f.4C28F085F532C916FC929D73DA1EAB9A.d.1914DE6640380661BEF0712CDBF21F13.e.197}]
Capabilities {acceptInsecureCerts: false, browserName: chrome, browserVersion: 150.0.7871.184, chrome: {chromedriverVersion: 150.0.7871.124 (9261fd0a595..., userDataDir: C:\Users\W066520\AppData\Lo...}, fedcm:accounts: true, goog:chromeOptions: {debuggerAddress: localhost:51444}, goog:processID: 33456, networkConnectionEnabled: false, pageLoadStrategy: normal, platformName: windows, proxy: Proxy(), se:cdp: ws://localhost:51444/devtoo..., se:cdpVersion: 150.0.7871.184, setWindowRect: true, strictFileInteractability: false, timeouts: {implicit: 0, pageLoad: 300000, script: 30000}, unhandledPromptBehavior: dismiss and notify, webauthn:extension:credBlob: true, webauthn:extension:largeBlob: true, webauthn:extension:minPinLength: true, webauthn:extension:prf: true, webauthn:virtualAuthenticators: true}
Element: [[ChromeDriver: chrome on windows (41289343e0db07fefef7dbcc52ff8e2c)] -> xpath: //span[text()="Logout"]]
Session ID: 41289343e0db07fefef7dbcc52ff8e2c]]>
            </message>
            <full-stacktrace>
              <![CDATA[org.openqa.selenium.ElementClickInterceptedException: element click intercepted: Element <span>...</span> is not clickable at point (1457, 42). Other element would receive the click: <div role="dialog" aria-modal="true" class="fade modal show" tabindex="-1" aria-labelledby="contained-modal-title-vcenter" style="display: block; padding-left: 0px;">...</div>
  (Session info: chrome=150.0.7871.184)
Build info: version: '4.38.0', revision: '6b412e825c'
System info: os.name: 'Windows 11', os.arch: 'amd64', os.version: '10.0', java.version: '21.0.9'
Driver info: org.openqa.selenium.chrome.ChromeDriver
Command: [41289343e0db07fefef7dbcc52ff8e2c, clickElement {id=f.4C28F085F532C916FC929D73DA1EAB9A.d.1914DE6640380661BEF0712CDBF21F13.e.197}]
Capabilities {acceptInsecureCerts: false, browserName: chrome, browserVersion: 150.0.7871.184, chrome: {chromedriverVersion: 150.0.7871.124 (9261fd0a595..., userDataDir: C:\Users\W066520\AppData\Lo...}, fedcm:accounts: true, goog:chromeOptions: {debuggerAddress: localhost:51444}, goog:processID: 33456, networkConnectionEnabled: false, pageLoadStrategy: normal, platformName: windows, proxy: Proxy(), se:cdp: ws://localhost:51444/devtoo..., se:cdpVersion: 150.0.7871.184, setWindowRect: true, strictFileInteractability: false, timeouts: {implicit: 0, pageLoad: 300000, script: 30000}, unhandledPromptBehavior: dismiss and notify, webauthn:extension:credBlob: true, webauthn:extension:largeBlob: true, webauthn:extension:minPinLength: true, webauthn:extension:prf: true, webauthn:virtualAuthenticators: true}
Element: [[ChromeDriver: chrome on windows (41289343e0db07fefef7dbcc52ff8e2c)] -> xpath: //span[text()="Logout"]]
Session ID: 41289343e0db07fefef7dbcc52ff8e2c
at java.base/jdk.internal.reflect.DirectConstructorHandleAccessor.newInstance(DirectConstructorHandleAccessor.java:62)
at java.base/java.lang.reflect.Constructor.newInstanceWithCaller(Constructor.java:502)
at java.base/java.lang.reflect.Constructor.newInstance(Constructor.java:486)
at org.openqa.selenium.remote.ErrorCodec.decode(ErrorCodec.java:167)
at org.openqa.selenium.remote.codec.w3c.W3CHttpResponseCodec.decode(W3CHttpResponseCodec.java:138)
at org.openqa.selenium.remote.codec.w3c.W3CHttpResponseCodec.decode(W3CHttpResponseCodec.java:50)
at org.openqa.selenium.remote.HttpCommandExecutor.execute(HttpCommandExecutor.java:215)
at org.openqa.selenium.remote.service.DriverCommandExecutor.invokeExecute(DriverCommandExecutor.java:216)
at org.openqa.selenium.remote.service.DriverCommandExecutor.execute(DriverCommandExecutor.java:174)
at org.openqa.selenium.remote.RemoteWebDriver.execute(RemoteWebDriver.java:557)
at org.openqa.selenium.remote.RemoteWebElement.execute(RemoteWebElement.java:223)
at org.openqa.selenium.remote.RemoteWebElement.click(RemoteWebElement.java:76)
at java.base/jdk.internal.reflect.DirectMethodHandleAccessor.invoke(DirectMethodHandleAccessor.java:103)
at java.base/java.lang.reflect.Method.invoke(Method.java:580)
at org.openqa.selenium.support.pagefactory.internal.LocatingElementHandler.invoke(LocatingElementHandler.java:51)
at jdk.proxy2/jdk.proxy2.$Proxy15.click(Unknown Source)
at com.sgplus.erp.genericutility.BaseClass.configAM(BaseClass.java:65)
at java.base/jdk.internal.reflect.DirectMethodHandleAccessor.invoke(DirectMethodHandleAccessor.java:103)
at java.base/java.lang.reflect.Method.invoke(Method.java:580)
at org.testng.internal.invokers.MethodInvocationHelper.invokeMethod(MethodInvocationHelper.java:141)
at org.testng.internal.invokers.MethodInvocationHelper.invokeMethodConsideringTimeout(MethodInvocationHelper.java:71)
at org.testng.internal.invokers.ConfigInvoker.invokeConfigurationMethod(ConfigInvoker.java:400)
at org.testng.internal.invokers.ConfigInvoker.invokeConfigurations(ConfigInvoker.java:333)
at org.testng.internal.invokers.TestInvoker.runConfigMethods(TestInvoker.java:836)
at org.testng.internal.invokers.TestInvoker.runAfterConfigurations(TestInvoker.java:805)
at org.testng.internal.invokers.TestInvoker.invokeMethod(TestInvoker.java:781)
at org.testng.internal.invokers.TestInvoker.invokeTestMethod(TestInvoker.java:230)
at org.testng.internal.invokers.MethodRunner.runInSequence(MethodRunner.java:63)
at org.testng.internal.invokers.TestInvoker$MethodInvocationAgent.invoke(TestInvoker.java:995)
at org.testng.internal.invokers.TestInvoker.invokeTestMethods(TestInvoker.java:203)
at org.testng.internal.invokers.TestMethodWorker.invokeTestMethods(TestMethodWorker.java:154)
at org.testng.internal.invokers.TestMethodWorker.run(TestMethodWorker.java:134)
at java.base/java.util.ArrayList.forEach(ArrayList.java:1596)
at org.testng.TestRunner.privateRun(TestRunner.java:741)
at org.testng.TestRunner.run(TestRunner.java:616)
at org.testng.SuiteRunner.runTest(SuiteRunner.java:421)
at org.testng.SuiteRunner.runSequentially(SuiteRunner.java:413)
at org.testng.SuiteRunner.privateRun(SuiteRunner.java:373)
at org.testng.SuiteRunner.run(SuiteRunner.java:312)
at org.testng.SuiteRunnerWorker.runSuite(SuiteRunnerWorker.java:52)
at org.testng.SuiteRunnerWorker.run(SuiteRunnerWorker.java:95)
at org.testng.TestNG.runSuitesSequentially(TestNG.java:1274)
at org.testng.TestNG.runSuitesLocally(TestNG.java:1208)
at org.testng.TestNG.runSuites(TestNG.java:1112)
at org.testng.TestNG.run(TestNG.java:1079)
at org.testng.remote.AbstractRemoteTestNG.run(AbstractRemoteTestNG.java:115)
at org.testng.remote.RemoteTestNG.initAndRun(RemoteTestNG.java:293)
at org.testng.remote.RemoteTestNG.main(RemoteTestNG.java:91)
]]>
            </full-stacktrace>
          </exception> <!-- org.openqa.selenium.ElementClickInterceptedException -->
          <reporter-output>
          </reporter-output>
        </test-method> <!-- configAM -->
        <test-method is-config="true" signature="configAC()[pri:0, instance:com.ReasonLinkingPage.ReasonLinkingSingleLinkTest@2e6a8155]" started-at="2026-07-27T17:26:31 IST" name="configAC" finished-at="2026-07-27T17:26:31 IST" duration-ms="0" status="SKIP">
          <reporter-output>
          </reporter-output>
        </test-method> <!-- configAC -->
      </class> <!-- com.ReasonLinkingPage.ReasonLinkingSingleLinkTest -->
      <class name="com.DowntimeTarget.VerifytheCancelBulkUpdateFuctionality">
        <test-method is-config="true" signature="configBC()[pri:0, instance:com.DowntimeTarget.VerifytheCancelBulkUpdateFuctionality@53045c6c]" started-at="2026-07-27T16:43:05 IST" name="configBC" finished-at="2026-07-27T16:43:06 IST" duration-ms="1176" status="PASS">
          <reporter-output>
          </reporter-output>
        </test-method> <!-- configBC -->
        <test-method is-config="true" signature="configBM()[pri:0, instance:com.DowntimeTarget.VerifytheCancelBulkUpdateFuctionality@53045c6c]" started-at="2026-07-27T16:43:06 IST" name="configBM" finished-at="2026-07-27T16:43:07 IST" duration-ms="1523" status="PASS">
          <reporter-output>
          </reporter-output>
        </test-method> <!-- configBM -->
        <test-method signature="VerifytheCancelBulkUpdateFuctionality()[pri:0, instance:com.DowntimeTarget.VerifytheCancelBulkUpdateFuctionality@53045c6c]" started-at="2026-07-27T16:43:07 IST" name="VerifytheCancelBulkUpdateFuctionality" finished-at="2026-07-27T16:43:33 IST" duration-ms="26021" status="PASS">
          <reporter-output>
          </reporter-output>
        </test-method> <!-- VerifytheCancelBulkUpdateFuctionality -->
        <test-method is-config="true" signature="configAM()[pri:0, instance:com.DowntimeTarget.VerifytheCancelBulkUpdateFuctionality@53045c6c]" started-at="2026-07-27T16:43:33 IST" name="configAM" finished-at="2026-07-27T16:43:33 IST" duration-ms="50" status="PASS">
          <reporter-output>
          </reporter-output>
        </test-method> <!-- configAM -->
        <test-method is-config="true" signature="configAC()[pri:0, instance:com.DowntimeTarget.VerifytheCancelBulkUpdateFuctionality@53045c6c]" started-at="2026-07-27T16:43:33 IST" name="configAC" finished-at="2026-07-27T16:43:34 IST" duration-ms="438" status="PASS">
          <reporter-output>
          </reporter-output>
        </test-method> <!-- configAC -->
      </class> <!-- com.DowntimeTarget.VerifytheCancelBulkUpdateFuctionality -->
      <class name="com.OEEDashBoard.VerifyBestPerformingMachineDisplayed">
        <test-method is-config="true" signature="configBC()[pri:0, instance:com.OEEDashBoard.VerifyBestPerformingMachineDisplayed@3e27aa33]" started-at="2026-07-27T17:23:28 IST" name="configBC" finished-at="2026-07-27T17:23:30 IST" duration-ms="1444" status="PASS">
          <reporter-output>
          </reporter-output>
        </test-method> <!-- configBC -->
        <test-method is-config="true" signature="configBM()[pri:0, instance:com.OEEDashBoard.VerifyBestPerformingMachineDisplayed@3e27aa33]" started-at="2026-07-27T17:23:30 IST" name="configBM" finished-at="2026-07-27T17:23:32 IST" duration-ms="2655" status="PASS">
          <reporter-output>
          </reporter-output>
        </test-method> <!-- configBM -->
        <test-method signature="VerifyBestPerformingMachineDisplayed()[pri:0, instance:com.OEEDashBoard.VerifyBestPerformingMachineDisplayed@3e27aa33]" started-at="2026-07-27T17:23:32 IST" name="VerifyBestPerformingMachineDisplayed" finished-at="2026-07-27T17:24:01 IST" duration-ms="28520" status="PASS">
          <reporter-output>
          </reporter-output>
        </test-method> <!-- VerifyBestPerformingMachineDisplayed -->
        <test-method is-config="true" signature="configAM()[pri:0, instance:com.OEEDashBoard.VerifyBestPerformingMachineDisplayed@3e27aa33]" started-at="2026-07-27T17:24:01 IST" name="configAM" finished-at="2026-07-27T17:24:01 IST" duration-ms="100" status="PASS">
          <reporter-output>
          </reporter-output>
        </test-method> <!-- configAM -->
        <test-method is-config="true" signature="configAC()[pri:0, instance:com.OEEDashBoard.VerifyBestPerformingMachineDisplayed@3e27aa33]" started-at="2026-07-27T17:24:01 IST" name="configAC" finished-at="2026-07-27T17:24:01 IST" duration-ms="402" status="PASS">
          <reporter-output>
          </reporter-output>
        </test-method> <!-- configAC -->
      </class> <!-- com.OEEDashBoard.VerifyBestPerformingMachineDisplayed -->
      <class name="com.UserCreate.VerifytheEditpageNavigation">
        <test-method is-config="true" signature="configBC()[pri:0, instance:com.UserCreate.VerifytheEditpageNavigation@1ed4ae0f]" started-at="2026-07-27T17:06:03 IST" name="configBC" finished-at="2026-07-27T17:06:05 IST" duration-ms="1138" status="PASS">
          <reporter-output>
          </reporter-output>
        </test-method> <!-- configBC -->
        <test-method is-config="true" signature="configBM()[pri:0, instance:com.UserCreate.VerifytheEditpageNavigation@1ed4ae0f]" started-at="2026-07-27T17:06:05 IST" name="configBM" finished-at="2026-07-27T17:06:06 IST" duration-ms="1310" status="PASS">
          <reporter-output>
          </reporter-output>
        </test-method> <!-- configBM -->
        <test-method signature="VerifytheEditpageNavigation()[pri:0, instance:com.UserCreate.VerifytheEditpageNavigation@1ed4ae0f]" started-at="2026-07-27T17:06:06 IST" name="VerifytheEditpageNavigation" finished-at="2026-07-27T17:06:09 IST" duration-ms="2951" status="PASS">
          <reporter-output>
          </reporter-output>
        </test-method> <!-- VerifytheEditpageNavigation -->
        <test-method is-config="true" signature="configAM()[pri:0, instance:com.UserCreate.VerifytheEditpageNavigation@1ed4ae0f]" started-at="2026-07-27T17:06:09 IST" name="configAM" finished-at="2026-07-27T17:06:09 IST" duration-ms="51" status="PASS">
          <reporter-output>
          </reporter-output>
        </test-method> <!-- configAM -->
        <test-method is-config="true" signature="configAC()[pri:0, instance:com.UserCreate.VerifytheEditpageNavigation@1ed4ae0f]" started-at="2026-07-27T17:06:09 IST" name="configAC" finished-at="2026-07-27T17:06:09 IST" duration-ms="312" status="PASS">
          <reporter-output>
          </reporter-output>
        </test-method> <!-- configAC -->
      </class> <!-- com.UserCreate.VerifytheEditpageNavigation -->
      <class name="com.AddReasonPage.VerifythePrintheExistingReason">
        <test-method is-config="true" signature="configBC()[pri:0, instance:com.AddReasonPage.VerifythePrintheExistingReason@74e28667]" started-at="2026-07-27T17:07:41 IST" name="configBC" finished-at="2026-07-27T17:07:43 IST" duration-ms="1124" status="PASS">
          <reporter-output>
          </reporter-output>
        </test-method> <!-- configBC -->
        <test-method is-config="true" signature="configBM()[pri:0, instance:com.AddReasonPage.VerifythePrintheExistingReason@74e28667]" started-at="2026-07-27T17:07:43 IST" name="configBM" finished-at="2026-07-27T17:07:44 IST" duration-ms="1335" status="PASS">
          <reporter-output>
          </reporter-output>
        </test-method> <!-- configBM -->
        <test-method signature="VerifythePrintheExistingReason()[pri:0, instance:com.AddReasonPage.VerifythePrintheExistingReason@74e28667]" started-at="2026-07-27T17:07:44 IST" name="VerifythePrintheExistingReason" finished-at="2026-07-27T17:07:47 IST" duration-ms="2796" status="PASS">
          <reporter-output>
          </reporter-output>
        </test-method> <!-- VerifythePrintheExistingReason -->
        <test-method is-config="true" signature="configAM()[pri:0, instance:com.AddReasonPage.VerifythePrintheExistingReason@74e28667]" started-at="2026-07-27T17:07:47 IST" name="configAM" finished-at="2026-07-27T17:07:47 IST" duration-ms="66" status="PASS">
          <reporter-output>
          </reporter-output>
        </test-method> <!-- configAM -->
        <test-method is-config="true" signature="configAC()[pri:0, instance:com.AddReasonPage.VerifythePrintheExistingReason@74e28667]" started-at="2026-07-27T17:07:47 IST" name="configAC" finished-at="2026-07-27T17:07:47 IST" duration-ms="734" status="PASS">
          <reporter-output>
          </reporter-output>
        </test-method> <!-- configAC -->
      </class> <!-- com.AddReasonPage.VerifythePrintheExistingReason -->
      <class name="com.DowntimeShiftview.VerifyNavigationToShiftViewPageTest">
        <test-method is-config="true" signature="configBC()[pri:0, instance:com.DowntimeShiftview.VerifyNavigationToShiftViewPageTest@18df8434]" started-at="2026-07-27T16:34:15 IST" name="configBC" finished-at="2026-07-27T16:34:16 IST" duration-ms="1112" status="PASS">
          <reporter-output>
          </reporter-output>
        </test-method> <!-- configBC -->
        <test-method is-config="true" signature="configBM()[pri:0, instance:com.DowntimeShiftview.VerifyNavigationToShiftViewPageTest@18df8434]" started-at="2026-07-27T16:34:16 IST" name="configBM" finished-at="2026-07-27T16:34:17 IST" duration-ms="1241" status="PASS">
          <reporter-output>
          </reporter-output>
        </test-method> <!-- configBM -->
        <test-method signature="VerifyNavigationToShiftViewPageTest()[pri:0, instance:com.DowntimeShiftview.VerifyNavigationToShiftViewPageTest@18df8434]" started-at="2026-07-27T16:34:17 IST" name="VerifyNavigationToShiftViewPageTest" finished-at="2026-07-27T16:34:20 IST" duration-ms="2608" status="FAIL">
          <exception class="org.openqa.selenium.NoSuchElementException">
            <message>
              <![CDATA[Cannot locate option with text: TBM-PCR
For documentation on this error, please visit: https://www.selenium.dev/documentation/webdriver/troubleshooting/errors#nosuchelementexception
Build info: version: '4.38.0', revision: '6b412e825c'
System info: os.name: 'Windows 11', os.arch: 'amd64', os.version: '10.0', java.version: '21.0.9'
Driver info: driver.version: unknown]]>
            </message>
            <full-stacktrace>
              <![CDATA[org.openqa.selenium.NoSuchElementException: Cannot locate option with text: TBM-PCR
For documentation on this error, please visit: https://www.selenium.dev/documentation/webdriver/troubleshooting/errors#nosuchelementexception
Build info: version: '4.38.0', revision: '6b412e825c'
System info: os.name: 'Windows 11', os.arch: 'amd64', os.version: '10.0', java.version: '21.0.9'
Driver info: driver.version: unknown
at org.openqa.selenium.support.ui.Select.selectByVisibleText(Select.java:397)
at org.openqa.selenium.support.ui.Select.selectByVisibleText(Select.java:125)
at com.sgplus.erp.genericutility.WebDriverUtility.select(WebDriverUtility.java:106)
at com.DowntimeShiftview.VerifyNavigationToShiftViewPageTest.VerifyNavigationToShiftViewPageTest(VerifyNavigationToShiftViewPageTest.java:47)
at java.base/jdk.internal.reflect.DirectMethodHandleAccessor.invoke(DirectMethodHandleAccessor.java:103)
at java.base/java.lang.reflect.Method.invoke(Method.java:580)
at org.testng.internal.invokers.MethodInvocationHelper.invokeMethod(MethodInvocationHelper.java:141)
at org.testng.internal.invokers.TestInvoker.invokeMethod(TestInvoker.java:687)
at org.testng.internal.invokers.TestInvoker.invokeTestMethod(TestInvoker.java:230)
at org.testng.internal.invokers.MethodRunner.runInSequence(MethodRunner.java:63)
at org.testng.internal.invokers.TestInvoker$MethodInvocationAgent.invoke(TestInvoker.java:995)
at org.testng.internal.invokers.TestInvoker.invokeTestMethods(TestInvoker.java:203)
at org.testng.internal.invokers.TestMethodWorker.invokeTestMethods(TestMethodWorker.java:154)
at org.testng.internal.invokers.TestMethodWorker.run(TestMethodWorker.java:134)
at java.base/java.util.ArrayList.forEach(ArrayList.java:1596)
at org.testng.TestRunner.privateRun(TestRunner.java:741)
at org.testng.TestRunner.run(TestRunner.java:616)
at org.testng.SuiteRunner.runTest(SuiteRunner.java:421)
at org.testng.SuiteRunner.runSequentially(SuiteRunner.java:413)
at org.testng.SuiteRunner.privateRun(SuiteRunner.java:373)
at org.testng.SuiteRunner.run(SuiteRunner.java:312)
at org.testng.SuiteRunnerWorker.runSuite(SuiteRunnerWorker.java:52)
at org.testng.SuiteRunnerWorker.run(SuiteRunnerWorker.java:95)
at org.testng.TestNG.runSuitesSequentially(TestNG.java:1274)
at org.testng.TestNG.runSuitesLocally(TestNG.java:1208)
at org.testng.TestNG.runSuites(TestNG.java:1112)
at org.testng.TestNG.run(TestNG.java:1079)
at org.testng.remote.AbstractRemoteTestNG.run(AbstractRemoteTestNG.java:115)
at org.testng.remote.RemoteTestNG.initAndRun(RemoteTestNG.java:293)
at org.testng.remote.RemoteTestNG.main(RemoteTestNG.java:91)
]]>
            </full-stacktrace>
          </exception> <!-- org.openqa.selenium.NoSuchElementException -->
          <reporter-output>
          </reporter-output>
        </test-method> <!-- VerifyNavigationToShiftViewPageTest -->
        <test-method is-config="true" signature="configAM()[pri:0, instance:com.DowntimeShiftview.VerifyNavigationToShiftViewPageTest@18df8434]" started-at="2026-07-27T16:34:20 IST" name="configAM" finished-at="2026-07-27T16:34:21 IST" duration-ms="1095" status="FAIL">
          <exception class="org.openqa.selenium.ElementClickInterceptedException">
            <message>
              <![CDATA[element click intercepted: Element <span>...</span> is not clickable at point (1457, 42). Other element would receive the click: <div class="headerContent">...</div>
  (Session info: chrome=150.0.7871.184)
Build info: version: '4.38.0', revision: '6b412e825c'
System info: os.name: 'Windows 11', os.arch: 'amd64', os.version: '10.0', java.version: '21.0.9'
Driver info: org.openqa.selenium.chrome.ChromeDriver
Command: [ce0daba00247f60ca8e2ca02141fe8d7, clickElement {id=f.44F0FE34CE5B6EE9444CDF2033D21291.d.50288CD8F12118E89DEE82FE3962C28E.e.78}]
Capabilities {acceptInsecureCerts: false, browserName: chrome, browserVersion: 150.0.7871.184, chrome: {chromedriverVersion: 150.0.7871.124 (9261fd0a595..., userDataDir: C:\Users\W066520\AppData\Lo...}, fedcm:accounts: true, goog:chromeOptions: {debuggerAddress: localhost:53554}, goog:processID: 4432, networkConnectionEnabled: false, pageLoadStrategy: normal, platformName: windows, proxy: Proxy(), se:cdp: ws://localhost:53554/devtoo..., se:cdpVersion: 150.0.7871.184, setWindowRect: true, strictFileInteractability: false, timeouts: {implicit: 0, pageLoad: 300000, script: 30000}, unhandledPromptBehavior: dismiss and notify, webauthn:extension:credBlob: true, webauthn:extension:largeBlob: true, webauthn:extension:minPinLength: true, webauthn:extension:prf: true, webauthn:virtualAuthenticators: true}
Element: [[ChromeDriver: chrome on windows (ce0daba00247f60ca8e2ca02141fe8d7)] -> xpath: //span[text()="Logout"]]
Session ID: ce0daba00247f60ca8e2ca02141fe8d7]]>
            </message>
            <full-stacktrace>
              <![CDATA[org.openqa.selenium.ElementClickInterceptedException: element click intercepted: Element <span>...</span> is not clickable at point (1457, 42). Other element would receive the click: <div class="headerContent">...</div>
  (Session info: chrome=150.0.7871.184)
Build info: version: '4.38.0', revision: '6b412e825c'
System info: os.name: 'Windows 11', os.arch: 'amd64', os.version: '10.0', java.version: '21.0.9'
Driver info: org.openqa.selenium.chrome.ChromeDriver
Command: [ce0daba00247f60ca8e2ca02141fe8d7, clickElement {id=f.44F0FE34CE5B6EE9444CDF2033D21291.d.50288CD8F12118E89DEE82FE3962C28E.e.78}]
Capabilities {acceptInsecureCerts: false, browserName: chrome, browserVersion: 150.0.7871.184, chrome: {chromedriverVersion: 150.0.7871.124 (9261fd0a595..., userDataDir: C:\Users\W066520\AppData\Lo...}, fedcm:accounts: true, goog:chromeOptions: {debuggerAddress: localhost:53554}, goog:processID: 4432, networkConnectionEnabled: false, pageLoadStrategy: normal, platformName: windows, proxy: Proxy(), se:cdp: ws://localhost:53554/devtoo..., se:cdpVersion: 150.0.7871.184, setWindowRect: true, strictFileInteractability: false, timeouts: {implicit: 0, pageLoad: 300000, script: 30000}, unhandledPromptBehavior: dismiss and notify, webauthn:extension:credBlob: true, webauthn:extension:largeBlob: true, webauthn:extension:minPinLength: true, webauthn:extension:prf: true, webauthn:virtualAuthenticators: true}
Element: [[ChromeDriver: chrome on windows (ce0daba00247f60ca8e2ca02141fe8d7)] -> xpath: //span[text()="Logout"]]
Session ID: ce0daba00247f60ca8e2ca02141fe8d7
at java.base/jdk.internal.reflect.DirectConstructorHandleAccessor.newInstance(DirectConstructorHandleAccessor.java:62)
at java.base/java.lang.reflect.Constructor.newInstanceWithCaller(Constructor.java:502)
at java.base/java.lang.reflect.Constructor.newInstance(Constructor.java:486)
at org.openqa.selenium.remote.ErrorCodec.decode(ErrorCodec.java:167)
at org.openqa.selenium.remote.codec.w3c.W3CHttpResponseCodec.decode(W3CHttpResponseCodec.java:138)
at org.openqa.selenium.remote.codec.w3c.W3CHttpResponseCodec.decode(W3CHttpResponseCodec.java:50)
at org.openqa.selenium.remote.HttpCommandExecutor.execute(HttpCommandExecutor.java:215)
at org.openqa.selenium.remote.service.DriverCommandExecutor.invokeExecute(DriverCommandExecutor.java:216)
at org.openqa.selenium.remote.service.DriverCommandExecutor.execute(DriverCommandExecutor.java:174)
at org.openqa.selenium.remote.RemoteWebDriver.execute(RemoteWebDriver.java:557)
at org.openqa.selenium.remote.RemoteWebElement.execute(RemoteWebElement.java:223)
at org.openqa.selenium.remote.RemoteWebElement.click(RemoteWebElement.java:76)
at java.base/jdk.internal.reflect.DirectMethodHandleAccessor.invoke(DirectMethodHandleAccessor.java:103)
at java.base/java.lang.reflect.Method.invoke(Method.java:580)
at org.openqa.selenium.support.pagefactory.internal.LocatingElementHandler.invoke(LocatingElementHandler.java:51)
at jdk.proxy2/jdk.proxy2.$Proxy15.click(Unknown Source)
at com.sgplus.erp.genericutility.BaseClass.configAM(BaseClass.java:65)
at java.base/jdk.internal.reflect.DirectMethodHandleAccessor.invoke(DirectMethodHandleAccessor.java:103)
at java.base/java.lang.reflect.Method.invoke(Method.java:580)
at org.testng.internal.invokers.MethodInvocationHelper.invokeMethod(MethodInvocationHelper.java:141)
at org.testng.internal.invokers.MethodInvocationHelper.invokeMethodConsideringTimeout(MethodInvocationHelper.java:71)
at org.testng.internal.invokers.ConfigInvoker.invokeConfigurationMethod(ConfigInvoker.java:400)
at org.testng.internal.invokers.ConfigInvoker.invokeConfigurations(ConfigInvoker.java:333)
at org.testng.internal.invokers.TestInvoker.runConfigMethods(TestInvoker.java:836)
at org.testng.internal.invokers.TestInvoker.runAfterConfigurations(TestInvoker.java:805)
at org.testng.internal.invokers.TestInvoker.invokeMethod(TestInvoker.java:781)
at org.testng.internal.invokers.TestInvoker.invokeTestMethod(TestInvoker.java:230)
at org.testng.internal.invokers.MethodRunner.runInSequence(MethodRunner.java:63)
at org.testng.internal.invokers.TestInvoker$MethodInvocationAgent.invoke(TestInvoker.java:995)
at org.testng.internal.invokers.TestInvoker.invokeTestMethods(TestInvoker.java:203)
at org.testng.internal.invokers.TestMethodWorker.invokeTestMethods(TestMethodWorker.java:154)
at org.testng.internal.invokers.TestMethodWorker.run(TestMethodWorker.java:134)
at java.base/java.util.ArrayList.forEach(ArrayList.java:1596)
at org.testng.TestRunner.privateRun(TestRunner.java:741)
at org.testng.TestRunner.run(TestRunner.java:616)
at org.testng.SuiteRunner.runTest(SuiteRunner.java:421)
at org.testng.SuiteRunner.runSequentially(SuiteRunner.java:413)
at org.testng.SuiteRunner.privateRun(SuiteRunner.java:373)
at org.testng.SuiteRunner.run(SuiteRunner.java:312)
at org.testng.SuiteRunnerWorker.runSuite(SuiteRunnerWorker.java:52)
at org.testng.SuiteRunnerWorker.run(SuiteRunnerWorker.java:95)
at org.testng.TestNG.runSuitesSequentially(TestNG.java:1274)
at org.testng.TestNG.runSuitesLocally(TestNG.java:1208)
at org.testng.TestNG.runSuites(TestNG.java:1112)
at org.testng.TestNG.run(TestNG.java:1079)
at org.testng.remote.AbstractRemoteTestNG.run(AbstractRemoteTestNG.java:115)
at org.testng.remote.RemoteTestNG.initAndRun(RemoteTestNG.java:293)
at org.testng.remote.RemoteTestNG.main(RemoteTestNG.java:91)
]]>
            </full-stacktrace>
          </exception> <!-- org.openqa.selenium.ElementClickInterceptedException -->
          <reporter-output>
          </reporter-output>
        </test-method> <!-- configAM -->
        <test-method is-config="true" signature="configAC()[pri:0, instance:com.DowntimeShiftview.VerifyNavigationToShiftViewPageTest@18df8434]" started-at="2026-07-27T16:34:21 IST" name="configAC" finished-at="2026-07-27T16:34:21 IST" duration-ms="0" status="SKIP">
          <reporter-output>
          </reporter-output>
        </test-method> <!-- configAC -->
      </class> <!-- com.DowntimeShiftview.VerifyNavigationToShiftViewPageTest -->
      <class name="com.DowntimeAnalysisPage.DowntimeAnalysisDropdownValidationTest">
        <test-method is-config="true" signature="configBC()[pri:0, instance:com.DowntimeAnalysisPage.DowntimeAnalysisDropdownValidationTest@7b36aa0c]" started-at="2026-07-27T16:34:06 IST" name="configBC" finished-at="2026-07-27T16:34:07 IST" duration-ms="1196" status="PASS">
          <reporter-output>
          </reporter-output>
        </test-method> <!-- configBC -->
        <test-method is-config="true" signature="configBM()[pri:0, instance:com.DowntimeAnalysisPage.DowntimeAnalysisDropdownValidationTest@7b36aa0c]" started-at="2026-07-27T16:34:07 IST" name="configBM" finished-at="2026-07-27T16:34:08 IST" duration-ms="1284" status="PASS">
          <reporter-output>
          </reporter-output>
        </test-method> <!-- configBM -->
        <test-method signature="DowntimeAnalysisDropdownValidationTest()[pri:0, instance:com.DowntimeAnalysisPage.DowntimeAnalysisDropdownValidationTest@7b36aa0c]" started-at="2026-07-27T16:34:08 IST" name="DowntimeAnalysisDropdownValidationTest" finished-at="2026-07-27T16:34:14 IST" duration-ms="6343" status="FAIL">
          <exception class="org.openqa.selenium.StaleElementReferenceException">
            <message>
              <![CDATA[stale element reference: stale element not found in the current frame
  (Session info: chrome=150.0.7871.184)
For documentation on this error, please visit: https://www.selenium.dev/documentation/webdriver/troubleshooting/errors#staleelementreferenceexception
Build info: version: '4.38.0', revision: '6b412e825c'
System info: os.name: 'Windows 11', os.arch: 'amd64', os.version: '10.0', java.version: '21.0.9'
Driver info: org.openqa.selenium.chrome.ChromeDriver
Command: [62acaa56f680e1250efc88b6fca17b61, isElementEnabled {id=f.647130E6272DDB5837CDA7FAEA1DE90A.d.532B1B7C758983BC9AAA4796F2E4BF86.e.241}]
Capabilities {acceptInsecureCerts: false, browserName: chrome, browserVersion: 150.0.7871.184, chrome: {chromedriverVersion: 150.0.7871.124 (9261fd0a595..., userDataDir: C:\Users\W066520\AppData\Lo...}, fedcm:accounts: true, goog:chromeOptions: {debuggerAddress: localhost:53875}, goog:processID: 38380, networkConnectionEnabled: false, pageLoadStrategy: normal, platformName: windows, proxy: Proxy(), se:cdp: ws://localhost:53875/devtoo..., se:cdpVersion: 150.0.7871.184, setWindowRect: true, strictFileInteractability: false, timeouts: {implicit: 0, pageLoad: 300000, script: 30000}, unhandledPromptBehavior: dismiss and notify, webauthn:extension:credBlob: true, webauthn:extension:largeBlob: true, webauthn:extension:minPinLength: true, webauthn:extension:prf: true, webauthn:virtualAuthenticators: true}
Element: [[[[ChromeDriver: chrome on windows (62acaa56f680e1250efc88b6fca17b61)] -> xpath: //select[@name="department_grp_id"]]] -> xpath: .//option[normalize-space(.) = "Engineering"]]
Session ID: 62acaa56f680e1250efc88b6fca17b61]]>
            </message>
            <full-stacktrace>
              <![CDATA[org.openqa.selenium.StaleElementReferenceException: stale element reference: stale element not found in the current frame
  (Session info: chrome=150.0.7871.184)
For documentation on this error, please visit: https://www.selenium.dev/documentation/webdriver/troubleshooting/errors#staleelementreferenceexception
Build info: version: '4.38.0', revision: '6b412e825c'
System info: os.name: 'Windows 11', os.arch: 'amd64', os.version: '10.0', java.version: '21.0.9'
Driver info: org.openqa.selenium.chrome.ChromeDriver
Command: [62acaa56f680e1250efc88b6fca17b61, isElementEnabled {id=f.647130E6272DDB5837CDA7FAEA1DE90A.d.532B1B7C758983BC9AAA4796F2E4BF86.e.241}]
Capabilities {acceptInsecureCerts: false, browserName: chrome, browserVersion: 150.0.7871.184, chrome: {chromedriverVersion: 150.0.7871.124 (9261fd0a595..., userDataDir: C:\Users\W066520\AppData\Lo...}, fedcm:accounts: true, goog:chromeOptions: {debuggerAddress: localhost:53875}, goog:processID: 38380, networkConnectionEnabled: false, pageLoadStrategy: normal, platformName: windows, proxy: Proxy(), se:cdp: ws://localhost:53875/devtoo..., se:cdpVersion: 150.0.7871.184, setWindowRect: true, strictFileInteractability: false, timeouts: {implicit: 0, pageLoad: 300000, script: 30000}, unhandledPromptBehavior: dismiss and notify, webauthn:extension:credBlob: true, webauthn:extension:largeBlob: true, webauthn:extension:minPinLength: true, webauthn:extension:prf: true, webauthn:virtualAuthenticators: true}
Element: [[[[ChromeDriver: chrome on windows (62acaa56f680e1250efc88b6fca17b61)] -> xpath: //select[@name="department_grp_id"]]] -> xpath: .//option[normalize-space(.) = "Engineering"]]
Session ID: 62acaa56f680e1250efc88b6fca17b61
at java.base/jdk.internal.reflect.DirectConstructorHandleAccessor.newInstance(DirectConstructorHandleAccessor.java:62)
at java.base/java.lang.reflect.Constructor.newInstanceWithCaller(Constructor.java:502)
at java.base/java.lang.reflect.Constructor.newInstance(Constructor.java:486)
at org.openqa.selenium.remote.ErrorCodec.decode(ErrorCodec.java:167)
at org.openqa.selenium.remote.codec.w3c.W3CHttpResponseCodec.decode(W3CHttpResponseCodec.java:138)
at org.openqa.selenium.remote.codec.w3c.W3CHttpResponseCodec.decode(W3CHttpResponseCodec.java:50)
at org.openqa.selenium.remote.HttpCommandExecutor.execute(HttpCommandExecutor.java:215)
at org.openqa.selenium.remote.service.DriverCommandExecutor.invokeExecute(DriverCommandExecutor.java:216)
at org.openqa.selenium.remote.service.DriverCommandExecutor.execute(DriverCommandExecutor.java:174)
at org.openqa.selenium.remote.RemoteWebDriver.execute(RemoteWebDriver.java:557)
at org.openqa.selenium.remote.RemoteWebElement.execute(RemoteWebElement.java:223)
at org.openqa.selenium.remote.RemoteWebElement.isEnabled(RemoteWebElement.java:181)
at org.openqa.selenium.support.ui.Select.assertOptionIsEnabled(Select.java:402)
at org.openqa.selenium.support.ui.Select.setSelected(Select.java:328)
at org.openqa.selenium.support.ui.Select.selectByVisibleText(Select.java:355)
at org.openqa.selenium.support.ui.Select.selectByVisibleText(Select.java:125)
at com.sgplus.erp.genericutility.WebDriverUtility.select(WebDriverUtility.java:106)
at com.DowntimeAnalysisPage.DowntimeAnalysisDropdownValidationTest.DowntimeAnalysisDropdownValidationTest(DowntimeAnalysisDropdownValidationTest.java:83)
at java.base/jdk.internal.reflect.DirectMethodHandleAccessor.invoke(DirectMethodHandleAccessor.java:103)
at java.base/java.lang.reflect.Method.invoke(Method.java:580)
at org.testng.internal.invokers.MethodInvocationHelper.invokeMethod(MethodInvocationHelper.java:141)
at org.testng.internal.invokers.TestInvoker.invokeMethod(TestInvoker.java:687)
at org.testng.internal.invokers.TestInvoker.invokeTestMethod(TestInvoker.java:230)
at org.testng.internal.invokers.MethodRunner.runInSequence(MethodRunner.java:63)
at org.testng.internal.invokers.TestInvoker$MethodInvocationAgent.invoke(TestInvoker.java:995)
at org.testng.internal.invokers.TestInvoker.invokeTestMethods(TestInvoker.java:203)
at org.testng.internal.invokers.TestMethodWorker.invokeTestMethods(TestMethodWorker.java:154)
at org.testng.internal.invokers.TestMethodWorker.run(TestMethodWorker.java:134)
at java.base/java.util.ArrayList.forEach(ArrayList.java:1596)
at org.testng.TestRunner.privateRun(TestRunner.java:741)
at org.testng.TestRunner.run(TestRunner.java:616)
at org.testng.SuiteRunner.runTest(SuiteRunner.java:421)
at org.testng.SuiteRunner.runSequentially(SuiteRunner.java:413)
at org.testng.SuiteRunner.privateRun(SuiteRunner.java:373)
at org.testng.SuiteRunner.run(SuiteRunner.java:312)
at org.testng.SuiteRunnerWorker.runSuite(SuiteRunnerWorker.java:52)
at org.testng.SuiteRunnerWorker.run(SuiteRunnerWorker.java:95)
at org.testng.TestNG.runSuitesSequentially(TestNG.java:1274)
at org.testng.TestNG.runSuitesLocally(TestNG.java:1208)
at org.testng.TestNG.runSuites(TestNG.java:1112)
at org.testng.TestNG.run(TestNG.java:1079)
at org.testng.remote.AbstractRemoteTestNG.run(AbstractRemoteTestNG.java:115)
at org.testng.remote.RemoteTestNG.initAndRun(RemoteTestNG.java:293)
at org.testng.remote.RemoteTestNG.main(RemoteTestNG.java:91)
]]>
            </full-stacktrace>
          </exception> <!-- org.openqa.selenium.StaleElementReferenceException -->
          <reporter-output>
          </reporter-output>
        </test-method> <!-- DowntimeAnalysisDropdownValidationTest -->
        <test-method is-config="true" signature="configAM()[pri:0, instance:com.DowntimeAnalysisPage.DowntimeAnalysisDropdownValidationTest@7b36aa0c]" started-at="2026-07-27T16:34:14 IST" name="configAM" finished-at="2026-07-27T16:34:15 IST" duration-ms="53" status="PASS">
          <reporter-output>
          </reporter-output>
        </test-method> <!-- configAM -->
        <test-method is-config="true" signature="configAC()[pri:0, instance:com.DowntimeAnalysisPage.DowntimeAnalysisDropdownValidationTest@7b36aa0c]" started-at="2026-07-27T16:34:15 IST" name="configAC" finished-at="2026-07-27T16:34:15 IST" duration-ms="342" status="PASS">
          <reporter-output>
          </reporter-output>
        </test-method> <!-- configAC -->
      </class> <!-- com.DowntimeAnalysisPage.DowntimeAnalysisDropdownValidationTest -->
      <class name="com.RoleCreateModule.VerifytheEditRoleFuctionality">
        <test-method is-config="true" signature="configBC()[pri:0, instance:com.RoleCreateModule.VerifytheEditRoleFuctionality@5b1669c0]" started-at="2026-07-27T16:55:18 IST" name="configBC" finished-at="2026-07-27T16:55:19 IST" duration-ms="1112" status="PASS">
          <reporter-output>
          </reporter-output>
        </test-method> <!-- configBC -->
        <test-method is-config="true" signature="configBM()[pri:0, instance:com.RoleCreateModule.VerifytheEditRoleFuctionality@5b1669c0]" started-at="2026-07-27T16:55:19 IST" name="configBM" finished-at="2026-07-27T16:55:21 IST" duration-ms="1378" status="PASS">
          <reporter-output>
          </reporter-output>
        </test-method> <!-- configBM -->
        <test-method signature="VerifytheEditRoleFuctionality()[pri:0, instance:com.RoleCreateModule.VerifytheEditRoleFuctionality@5b1669c0]" started-at="2026-07-27T16:55:21 IST" name="VerifytheEditRoleFuctionality" finished-at="2026-07-27T16:55:30 IST" duration-ms="9625" status="PASS">
          <reporter-output>
          </reporter-output>
        </test-method> <!-- VerifytheEditRoleFuctionality -->
        <test-method is-config="true" signature="configAM()[pri:0, instance:com.RoleCreateModule.VerifytheEditRoleFuctionality@5b1669c0]" started-at="2026-07-27T16:55:30 IST" name="configAM" finished-at="2026-07-27T16:55:30 IST" duration-ms="267" status="PASS">
          <reporter-output>
          </reporter-output>
        </test-method> <!-- configAM -->
        <test-method is-config="true" signature="configAC()[pri:0, instance:com.RoleCreateModule.VerifytheEditRoleFuctionality@5b1669c0]" started-at="2026-07-27T16:55:30 IST" name="configAC" finished-at="2026-07-27T16:55:31 IST" duration-ms="428" status="PASS">
          <reporter-output>
          </reporter-output>
        </test-method> <!-- configAC -->
      </class> <!-- com.RoleCreateModule.VerifytheEditRoleFuctionality -->
      <class name="com.OEEDashBoard.VerifytheShiftproductionreportEquipemntwise">
        <test-method is-config="true" signature="configBC()[pri:0, instance:com.OEEDashBoard.VerifytheShiftproductionreportEquipemntwise@2ddc9a9f]" started-at="2026-07-27T17:29:52 IST" name="configBC" finished-at="2026-07-27T17:29:53 IST" duration-ms="1156" status="PASS">
          <reporter-output>
          </reporter-output>
        </test-method> <!-- configBC -->
        <test-method is-config="true" signature="configBM()[pri:0, instance:com.OEEDashBoard.VerifytheShiftproductionreportEquipemntwise@2ddc9a9f]" started-at="2026-07-27T17:29:53 IST" name="configBM" finished-at="2026-07-27T17:29:55 IST" duration-ms="1741" status="PASS">
          <reporter-output>
          </reporter-output>
        </test-method> <!-- configBM -->
        <test-method signature="VerifytheShiftproductionreportEquipemntwise()[pri:0, instance:com.OEEDashBoard.VerifytheShiftproductionreportEquipemntwise@2ddc9a9f]" started-at="2026-07-27T17:29:55 IST" name="VerifytheShiftproductionreportEquipemntwise" finished-at="2026-07-27T17:30:22 IST" duration-ms="27123" status="FAIL">
          <exception class="org.openqa.selenium.NoSuchElementException">
            <message>
              <![CDATA[no such element: Unable to locate element: {"method":"xpath","selector":"//select[@id="groupBy"]"}
  (Session info: chrome=150.0.7871.184)
For documentation on this error, please visit: https://www.selenium.dev/documentation/webdriver/troubleshooting/errors#nosuchelementexception
Build info: version: '4.38.0', revision: '6b412e825c'
System info: os.name: 'Windows 11', os.arch: 'amd64', os.version: '10.0', java.version: '21.0.9'
Driver info: org.openqa.selenium.chrome.ChromeDriver
Command: [34cdda89a7e95bb4ced9e5e4c8cd1f44, findElement {using=xpath, value=//select[@id="groupBy"]}]
Capabilities {acceptInsecureCerts: false, browserName: chrome, browserVersion: 150.0.7871.184, chrome: {chromedriverVersion: 150.0.7871.124 (9261fd0a595..., userDataDir: C:\Users\W066520\AppData\Lo...}, fedcm:accounts: true, goog:chromeOptions: {debuggerAddress: localhost:63559}, goog:processID: 43080, networkConnectionEnabled: false, pageLoadStrategy: normal, platformName: windows, proxy: Proxy(), se:cdp: ws://localhost:63559/devtoo..., se:cdpVersion: 150.0.7871.184, setWindowRect: true, strictFileInteractability: false, timeouts: {implicit: 0, pageLoad: 300000, script: 30000}, unhandledPromptBehavior: dismiss and notify, webauthn:extension:credBlob: true, webauthn:extension:largeBlob: true, webauthn:extension:minPinLength: true, webauthn:extension:prf: true, webauthn:virtualAuthenticators: true}
Session ID: 34cdda89a7e95bb4ced9e5e4c8cd1f44]]>
            </message>
            <full-stacktrace>
              <![CDATA[org.openqa.selenium.NoSuchElementException: no such element: Unable to locate element: {"method":"xpath","selector":"//select[@id="groupBy"]"}
  (Session info: chrome=150.0.7871.184)
For documentation on this error, please visit: https://www.selenium.dev/documentation/webdriver/troubleshooting/errors#nosuchelementexception
Build info: version: '4.38.0', revision: '6b412e825c'
System info: os.name: 'Windows 11', os.arch: 'amd64', os.version: '10.0', java.version: '21.0.9'
Driver info: org.openqa.selenium.chrome.ChromeDriver
Command: [34cdda89a7e95bb4ced9e5e4c8cd1f44, findElement {using=xpath, value=//select[@id="groupBy"]}]
Capabilities {acceptInsecureCerts: false, browserName: chrome, browserVersion: 150.0.7871.184, chrome: {chromedriverVersion: 150.0.7871.124 (9261fd0a595..., userDataDir: C:\Users\W066520\AppData\Lo...}, fedcm:accounts: true, goog:chromeOptions: {debuggerAddress: localhost:63559}, goog:processID: 43080, networkConnectionEnabled: false, pageLoadStrategy: normal, platformName: windows, proxy: Proxy(), se:cdp: ws://localhost:63559/devtoo..., se:cdpVersion: 150.0.7871.184, setWindowRect: true, strictFileInteractability: false, timeouts: {implicit: 0, pageLoad: 300000, script: 30000}, unhandledPromptBehavior: dismiss and notify, webauthn:extension:credBlob: true, webauthn:extension:largeBlob: true, webauthn:extension:minPinLength: true, webauthn:extension:prf: true, webauthn:virtualAuthenticators: true}
Session ID: 34cdda89a7e95bb4ced9e5e4c8cd1f44
at java.base/jdk.internal.reflect.DirectConstructorHandleAccessor.newInstance(DirectConstructorHandleAccessor.java:62)
at java.base/java.lang.reflect.Constructor.newInstanceWithCaller(Constructor.java:502)
at java.base/java.lang.reflect.Constructor.newInstance(Constructor.java:486)
at org.openqa.selenium.remote.ErrorCodec.decode(ErrorCodec.java:167)
at org.openqa.selenium.remote.codec.w3c.W3CHttpResponseCodec.decode(W3CHttpResponseCodec.java:138)
at org.openqa.selenium.remote.codec.w3c.W3CHttpResponseCodec.decode(W3CHttpResponseCodec.java:50)
at org.openqa.selenium.remote.HttpCommandExecutor.execute(HttpCommandExecutor.java:215)
at org.openqa.selenium.remote.service.DriverCommandExecutor.invokeExecute(DriverCommandExecutor.java:216)
at org.openqa.selenium.remote.service.DriverCommandExecutor.execute(DriverCommandExecutor.java:174)
at org.openqa.selenium.remote.RemoteWebDriver.execute(RemoteWebDriver.java:557)
at org.openqa.selenium.remote.ElementLocation$ElementFinder$2.findElement(ElementLocation.java:165)
at org.openqa.selenium.remote.ElementLocation.findElement(ElementLocation.java:59)
at org.openqa.selenium.remote.RemoteWebDriver.findElement(RemoteWebDriver.java:380)
at org.openqa.selenium.remote.RemoteWebDriver.findElement(RemoteWebDriver.java:374)
at org.openqa.selenium.support.pagefactory.DefaultElementLocator.findElement(DefaultElementLocator.java:68)
at org.openqa.selenium.support.pagefactory.internal.LocatingElementHandler.invoke(LocatingElementHandler.java:38)
at jdk.proxy2/jdk.proxy2.$Proxy15.getTagName(Unknown Source)
at org.openqa.selenium.support.ui.Select.<init>(Select.java:41)
at com.sgplus.erp.genericutility.WebDriverUtility.select(WebDriverUtility.java:105)
at com.OEEDashBoard.VerifytheShiftproductionreportEquipemntwise.VerifytheShiftproductionreportEquipemntwise(VerifytheShiftproductionreportEquipemntwise.java:109)
at java.base/jdk.internal.reflect.DirectMethodHandleAccessor.invoke(DirectMethodHandleAccessor.java:103)
at java.base/java.lang.reflect.Method.invoke(Method.java:580)
at org.testng.internal.invokers.MethodInvocationHelper.invokeMethod(MethodInvocationHelper.java:141)
at org.testng.internal.invokers.TestInvoker.invokeMethod(TestInvoker.java:687)
at org.testng.internal.invokers.TestInvoker.invokeTestMethod(TestInvoker.java:230)
at org.testng.internal.invokers.MethodRunner.runInSequence(MethodRunner.java:63)
at org.testng.internal.invokers.TestInvoker$MethodInvocationAgent.invoke(TestInvoker.java:995)
at org.testng.internal.invokers.TestInvoker.invokeTestMethods(TestInvoker.java:203)
at org.testng.internal.invokers.TestMethodWorker.invokeTestMethods(TestMethodWorker.java:154)
at org.testng.internal.invokers.TestMethodWorker.run(TestMethodWorker.java:134)
at java.base/java.util.ArrayList.forEach(ArrayList.java:1596)
at org.testng.TestRunner.privateRun(TestRunner.java:741)
at org.testng.TestRunner.run(TestRunner.java:616)
at org.testng.SuiteRunner.runTest(SuiteRunner.java:421)
at org.testng.SuiteRunner.runSequentially(SuiteRunner.java:413)
at org.testng.SuiteRunner.privateRun(SuiteRunner.java:373)
at org.testng.SuiteRunner.run(SuiteRunner.java:312)
at org.testng.SuiteRunnerWorker.runSuite(SuiteRunnerWorker.java:52)
at org.testng.SuiteRunnerWorker.run(SuiteRunnerWorker.java:95)
at org.testng.TestNG.runSuitesSequentially(TestNG.java:1274)
at org.testng.TestNG.runSuitesLocally(TestNG.java:1208)
at org.testng.TestNG.runSuites(TestNG.java:1112)
at org.testng.TestNG.run(TestNG.java:1079)
at org.testng.remote.AbstractRemoteTestNG.run(AbstractRemoteTestNG.java:115)
at org.testng.remote.RemoteTestNG.initAndRun(RemoteTestNG.java:293)
at org.testng.remote.RemoteTestNG.main(RemoteTestNG.java:91)
]]>
            </full-stacktrace>
          </exception> <!-- org.openqa.selenium.NoSuchElementException -->
          <reporter-output>
          </reporter-output>
        </test-method> <!-- VerifytheShiftproductionreportEquipemntwise -->
        <test-method is-config="true" signature="configAM()[pri:0, instance:com.OEEDashBoard.VerifytheShiftproductionreportEquipemntwise@2ddc9a9f]" started-at="2026-07-27T17:30:22 IST" name="configAM" finished-at="2026-07-27T17:30:22 IST" duration-ms="131" status="PASS">
          <reporter-output>
          </reporter-output>
        </test-method> <!-- configAM -->
        <test-method is-config="true" signature="configAC()[pri:0, instance:com.OEEDashBoard.VerifytheShiftproductionreportEquipemntwise@2ddc9a9f]" started-at="2026-07-27T17:30:22 IST" name="configAC" finished-at="2026-07-27T17:30:22 IST" duration-ms="529" status="PASS">
          <reporter-output>
          </reporter-output>
        </test-method> <!-- configAC -->
      </class> <!-- com.OEEDashBoard.VerifytheShiftproductionreportEquipemntwise -->
      <class name="com.DowntimeModule.DowntimeDashboardDataValidationTest">
        <test-method is-config="true" signature="configBC()[pri:0, instance:com.DowntimeModule.DowntimeDashboardDataValidationTest@4659191b]" started-at="2026-07-27T16:38:34 IST" name="configBC" finished-at="2026-07-27T16:38:35 IST" duration-ms="1225" status="PASS">
          <reporter-output>
          </reporter-output>
        </test-method> <!-- configBC -->
        <test-method is-config="true" signature="configBM()[pri:0, instance:com.DowntimeModule.DowntimeDashboardDataValidationTest@4659191b]" started-at="2026-07-27T16:38:35 IST" name="configBM" finished-at="2026-07-27T16:38:39 IST" duration-ms="3648" status="PASS">
          <reporter-output>
          </reporter-output>
        </test-method> <!-- configBM -->
        <test-method signature="DowntimeDashboardDataValidationTest()[pri:0, instance:com.DowntimeModule.DowntimeDashboardDataValidationTest@4659191b]" started-at="2026-07-27T16:38:39 IST" name="DowntimeDashboardDataValidationTest" finished-at="2026-07-27T16:38:57 IST" duration-ms="18756" status="PASS">
          <reporter-output>
          </reporter-output>
        </test-method> <!-- DowntimeDashboardDataValidationTest -->
        <test-method is-config="true" signature="configAM()[pri:0, instance:com.DowntimeModule.DowntimeDashboardDataValidationTest@4659191b]" started-at="2026-07-27T16:38:57 IST" name="configAM" finished-at="2026-07-27T16:38:57 IST" duration-ms="52" status="PASS">
          <reporter-output>
          </reporter-output>
        </test-method> <!-- configAM -->
        <test-method is-config="true" signature="configAC()[pri:0, instance:com.DowntimeModule.DowntimeDashboardDataValidationTest@4659191b]" started-at="2026-07-27T16:38:57 IST" name="configAC" finished-at="2026-07-27T16:38:58 IST" duration-ms="402" status="PASS">
          <reporter-output>
          </reporter-output>
        </test-method> <!-- configAC -->
      </class> <!-- com.DowntimeModule.DowntimeDashboardDataValidationTest -->
      <class name="com.ReasonLinkingPage.ReasonLinkingFilterDataValidationTest">
        <test-method is-config="true" signature="configBC()[pri:0, instance:com.ReasonLinkingPage.ReasonLinkingFilterDataValidationTest@70e9c95d]" started-at="2026-07-27T17:04:05 IST" name="configBC" finished-at="2026-07-27T17:04:06 IST" duration-ms="1123" status="PASS">
          <reporter-output>
          </reporter-output>
        </test-method> <!-- configBC -->
        <test-method is-config="true" signature="configBM()[pri:0, instance:com.ReasonLinkingPage.ReasonLinkingFilterDataValidationTest@70e9c95d]" started-at="2026-07-27T17:04:06 IST" name="configBM" finished-at="2026-07-27T17:04:08 IST" duration-ms="1961" status="PASS">
          <reporter-output>
          </reporter-output>
        </test-method> <!-- configBM -->
        <test-method signature="ReasonLinkingFilterDataValidationTest()[pri:0, instance:com.ReasonLinkingPage.ReasonLinkingFilterDataValidationTest@70e9c95d]" started-at="2026-07-27T17:04:08 IST" name="ReasonLinkingFilterDataValidationTest" finished-at="2026-07-27T17:04:13 IST" duration-ms="4309" status="PASS">
          <reporter-output>
          </reporter-output>
        </test-method> <!-- ReasonLinkingFilterDataValidationTest -->
        <test-method is-config="true" signature="configAM()[pri:0, instance:com.ReasonLinkingPage.ReasonLinkingFilterDataValidationTest@70e9c95d]" started-at="2026-07-27T17:04:13 IST" name="configAM" finished-at="2026-07-27T17:04:13 IST" duration-ms="65" status="PASS">
          <reporter-output>
          </reporter-output>
        </test-method> <!-- configAM -->
        <test-method is-config="true" signature="configAC()[pri:0, instance:com.ReasonLinkingPage.ReasonLinkingFilterDataValidationTest@70e9c95d]" started-at="2026-07-27T17:04:13 IST" name="configAC" finished-at="2026-07-27T17:04:13 IST" duration-ms="386" status="PASS">
          <reporter-output>
          </reporter-output>
        </test-method> <!-- configAC -->
      </class> <!-- com.ReasonLinkingPage.ReasonLinkingFilterDataValidationTest -->
      <class name="com.OverallSummary.VerifytheProductionLossAnalysisBarchart">
        <test-method is-config="true" signature="configBC()[pri:0, instance:com.OverallSummary.VerifytheProductionLossAnalysisBarchart@4c60d6e9]" started-at="2026-07-27T16:49:58 IST" name="configBC" finished-at="2026-07-27T16:49:59 IST" duration-ms="1171" status="PASS">
          <reporter-output>
          </reporter-output>
        </test-method> <!-- configBC -->
        <test-method is-config="true" signature="configBM()[pri:0, instance:com.OverallSummary.VerifytheProductionLossAnalysisBarchart@4c60d6e9]" started-at="2026-07-27T16:49:59 IST" name="configBM" finished-at="2026-07-27T16:50:01 IST" duration-ms="1584" status="PASS">
          <reporter-output>
          </reporter-output>
        </test-method> <!-- configBM -->
        <test-method signature="VerifytheProductionLossAnalysisBarchart()[pri:0, instance:com.OverallSummary.VerifytheProductionLossAnalysisBarchart@4c60d6e9]" started-at="2026-07-27T16:50:01 IST" name="VerifytheProductionLossAnalysisBarchart" finished-at="2026-07-27T16:50:33 IST" duration-ms="32195" status="PASS">
          <reporter-output>
          </reporter-output>
        </test-method> <!-- VerifytheProductionLossAnalysisBarchart -->
        <test-method is-config="true" signature="configAM()[pri:0, instance:com.OverallSummary.VerifytheProductionLossAnalysisBarchart@4c60d6e9]" started-at="2026-07-27T16:50:33 IST" name="configAM" finished-at="2026-07-27T16:50:33 IST" duration-ms="113" status="PASS">
          <reporter-output>
          </reporter-output>
        </test-method> <!-- configAM -->
        <test-method is-config="true" signature="configAC()[pri:0, instance:com.OverallSummary.VerifytheProductionLossAnalysisBarchart@4c60d6e9]" started-at="2026-07-27T16:50:33 IST" name="configAC" finished-at="2026-07-27T16:50:34 IST" duration-ms="791" status="PASS">
          <reporter-output>
          </reporter-output>
        </test-method> <!-- configAC -->
      </class> <!-- com.OverallSummary.VerifytheProductionLossAnalysisBarchart -->
      <class name="com.ReasonLinkingPage.ReasonLinkingUnlinkedExportTest">
        <test-method is-config="true" signature="configBC()[pri:0, instance:com.ReasonLinkingPage.ReasonLinkingUnlinkedExportTest@6221a451]" started-at="2026-07-27T17:29:37 IST" name="configBC" finished-at="2026-07-27T17:29:38 IST" duration-ms="1109" status="PASS">
          <reporter-output>
          </reporter-output>
        </test-method> <!-- configBC -->
        <test-method is-config="true" signature="configBM()[pri:0, instance:com.ReasonLinkingPage.ReasonLinkingUnlinkedExportTest@6221a451]" started-at="2026-07-27T17:29:38 IST" name="configBM" finished-at="2026-07-27T17:29:40 IST" duration-ms="1670" status="PASS">
          <reporter-output>
          </reporter-output>
        </test-method> <!-- configBM -->
        <test-method signature="ReasonLinkingUnlinkedExportTest()[pri:0, instance:com.ReasonLinkingPage.ReasonLinkingUnlinkedExportTest@6221a451]" started-at="2026-07-27T17:29:40 IST" name="ReasonLinkingUnlinkedExportTest" finished-at="2026-07-27T17:29:50 IST" duration-ms="10413" status="PASS">
          <reporter-output>
          </reporter-output>
        </test-method> <!-- ReasonLinkingUnlinkedExportTest -->
        <test-method is-config="true" signature="configAM()[pri:0, instance:com.ReasonLinkingPage.ReasonLinkingUnlinkedExportTest@6221a451]" started-at="2026-07-27T17:29:50 IST" name="configAM" finished-at="2026-07-27T17:29:51 IST" duration-ms="922" status="PASS">
          <reporter-output>
          </reporter-output>
        </test-method> <!-- configAM -->
        <test-method is-config="true" signature="configAC()[pri:0, instance:com.ReasonLinkingPage.ReasonLinkingUnlinkedExportTest@6221a451]" started-at="2026-07-27T17:29:51 IST" name="configAC" finished-at="2026-07-27T17:29:52 IST" duration-ms="398" status="PASS">
          <reporter-output>
          </reporter-output>
        </test-method> <!-- configAC -->
      </class> <!-- com.ReasonLinkingPage.ReasonLinkingUnlinkedExportTest -->
      <class name="com.Settings.Departements.verifyEditDepartmenTest">
        <test-method is-config="true" signature="configBC()[pri:0, instance:com.Settings.Departements.verifyEditDepartmenTest@38cee291]" started-at="2026-07-27T16:45:45 IST" name="configBC" finished-at="2026-07-27T16:45:46 IST" duration-ms="1141" status="PASS">
          <reporter-output>
          </reporter-output>
        </test-method> <!-- configBC -->
        <test-method is-config="true" signature="configBM()[pri:0, instance:com.Settings.Departements.verifyEditDepartmenTest@38cee291]" started-at="2026-07-27T16:45:46 IST" name="configBM" finished-at="2026-07-27T16:45:48 IST" duration-ms="1430" status="PASS">
          <reporter-output>
          </reporter-output>
        </test-method> <!-- configBM -->
        <test-method signature="verifyEditDepartmenTest()[pri:0, instance:com.Settings.Departements.verifyEditDepartmenTest@38cee291]" started-at="2026-07-27T16:45:48 IST" name="verifyEditDepartmenTest" finished-at="2026-07-27T16:46:11 IST" duration-ms="22941" status="PASS">
          <reporter-output>
          </reporter-output>
        </test-method> <!-- verifyEditDepartmenTest -->
        <test-method is-config="true" signature="configAM()[pri:0, instance:com.Settings.Departements.verifyEditDepartmenTest@38cee291]" started-at="2026-07-27T16:46:11 IST" name="configAM" finished-at="2026-07-27T16:46:11 IST" duration-ms="51" status="PASS">
          <reporter-output>
          </reporter-output>
        </test-method> <!-- configAM -->
        <test-method is-config="true" signature="configAC()[pri:0, instance:com.Settings.Departements.verifyEditDepartmenTest@38cee291]" started-at="2026-07-27T16:46:11 IST" name="configAC" finished-at="2026-07-27T16:46:11 IST" duration-ms="414" status="PASS">
          <reporter-output>
          </reporter-output>
        </test-method> <!-- configAC -->
      </class> <!-- com.Settings.Departements.verifyEditDepartmenTest -->
      <class name="com.DowntimeEnhacementPage.DowntimeEnhacementTableExportTest">
        <test-method is-config="true" signature="configBC()[pri:0, instance:com.DowntimeEnhacementPage.DowntimeEnhacementTableExportTest@3012646b]" started-at="2026-07-27T16:33:50 IST" name="configBC" finished-at="2026-07-27T16:33:51 IST" duration-ms="1166" status="PASS">
          <reporter-output>
          </reporter-output>
        </test-method> <!-- configBC -->
        <test-method is-config="true" signature="configBM()[pri:0, instance:com.DowntimeEnhacementPage.DowntimeEnhacementTableExportTest@3012646b]" started-at="2026-07-27T16:33:51 IST" name="configBM" finished-at="2026-07-27T16:33:52 IST" duration-ms="1339" status="PASS">
          <reporter-output>
          </reporter-output>
        </test-method> <!-- configBM -->
        <test-method signature="DowntimeEnhacementTableExport()[pri:0, instance:com.DowntimeEnhacementPage.DowntimeEnhacementTableExportTest@3012646b]" started-at="2026-07-27T16:33:52 IST" name="DowntimeEnhacementTableExport" finished-at="2026-07-27T16:34:05 IST" duration-ms="12868" status="PASS">
          <reporter-output>
          </reporter-output>
        </test-method> <!-- DowntimeEnhacementTableExport -->
        <test-method is-config="true" signature="configAM()[pri:0, instance:com.DowntimeEnhacementPage.DowntimeEnhacementTableExportTest@3012646b]" started-at="2026-07-27T16:34:05 IST" name="configAM" finished-at="2026-07-27T16:34:05 IST" duration-ms="148" status="PASS">
          <reporter-output>
          </reporter-output>
        </test-method> <!-- configAM -->
        <test-method is-config="true" signature="configAC()[pri:0, instance:com.DowntimeEnhacementPage.DowntimeEnhacementTableExportTest@3012646b]" started-at="2026-07-27T16:34:05 IST" name="configAC" finished-at="2026-07-27T16:34:06 IST" duration-ms="373" status="PASS">
          <reporter-output>
          </reporter-output>
        </test-method> <!-- configAC -->
      </class> <!-- com.DowntimeEnhacementPage.DowntimeEnhacementTableExportTest -->
      <class name="com.DowntimeShiftview.VerifyShiftViewPageDataTest">
        <test-method is-config="true" signature="configBC()[pri:0, instance:com.DowntimeShiftview.VerifyShiftViewPageDataTest@4686afc2]" started-at="2026-07-27T16:58:20 IST" name="configBC" finished-at="2026-07-27T16:58:21 IST" duration-ms="1174" status="PASS">
          <reporter-output>
          </reporter-output>
        </test-method> <!-- configBC -->
        <test-method is-config="true" signature="configBM()[pri:0, instance:com.DowntimeShiftview.VerifyShiftViewPageDataTest@4686afc2]" started-at="2026-07-27T16:58:21 IST" name="configBM" finished-at="2026-07-27T16:58:23 IST" duration-ms="1530" status="PASS">
          <reporter-output>
          </reporter-output>
        </test-method> <!-- configBM -->
        <test-method signature="VerifyShiftViewPageDataTest()[pri:0, instance:com.DowntimeShiftview.VerifyShiftViewPageDataTest@4686afc2]" started-at="2026-07-27T16:58:23 IST" name="VerifyShiftViewPageDataTest" finished-at="2026-07-27T16:58:29 IST" duration-ms="6008" status="PASS">
          <reporter-output>
          </reporter-output>
        </test-method> <!-- VerifyShiftViewPageDataTest -->
        <test-method is-config="true" signature="configAM()[pri:0, instance:com.DowntimeShiftview.VerifyShiftViewPageDataTest@4686afc2]" started-at="2026-07-27T16:58:29 IST" name="configAM" finished-at="2026-07-27T16:58:29 IST" duration-ms="59" status="PASS">
          <reporter-output>
          </reporter-output>
        </test-method> <!-- configAM -->
        <test-method is-config="true" signature="configAC()[pri:0, instance:com.DowntimeShiftview.VerifyShiftViewPageDataTest@4686afc2]" started-at="2026-07-27T16:58:29 IST" name="configAC" finished-at="2026-07-27T16:58:29 IST" duration-ms="415" status="PASS">
          <reporter-output>
          </reporter-output>
        </test-method> <!-- configAC -->
      </class> <!-- com.DowntimeShiftview.VerifyShiftViewPageDataTest -->
      <class name="com.RoleCreateModule.VerifytheAddRoleFunctionality">
        <test-method is-config="true" signature="configBC()[pri:0, instance:com.RoleCreateModule.VerifytheAddRoleFunctionality@53fe15ff]" started-at="2026-07-27T16:36:28 IST" name="configBC" finished-at="2026-07-27T16:36:29 IST" duration-ms="1126" status="PASS">
          <reporter-output>
          </reporter-output>
        </test-method> <!-- configBC -->
        <test-method is-config="true" signature="configBM()[pri:0, instance:com.RoleCreateModule.VerifytheAddRoleFunctionality@53fe15ff]" started-at="2026-07-27T16:36:29 IST" name="configBM" finished-at="2026-07-27T16:36:30 IST" duration-ms="1502" status="PASS">
          <reporter-output>
[...]
          <reporter-output>
          </reporter-output>
        </test-method> <!-- configAM -->
        <test-method is-config="true" signature="configAC()[pri:0, instance:com.RecipeMasterPage.VerifyTheRecipeEditFunctionalityTest@1a942c18]" started-at="2026-07-27T17:11:27 IST" name="configAC" finished-at="2026-07-27T17:11:27 IST" duration-ms="396" status="PASS">
          <reporter-output>
          </reporter-output>
        </test-method> <!-- configAC -->
      </class> <!-- com.RecipeMasterPage.VerifyTheRecipeEditFunctionalityTest -->
      <class name="com.Settings.Departements.VerifyAddDepartmentTest">
        <test-method is-config="true" signature="configBC()[pri:0, instance:com.Settings.Departements.VerifyAddDepartmentTest@1e0b4072]" started-at="2026-07-27T16:34:21 IST" name="configBC" finished-at="2026-07-27T16:34:22 IST" duration-ms="1210" status="PASS">
          <reporter-output>
          </reporter-output>
        </test-method> <!-- configBC -->
        <test-method is-config="true" signature="configBM()[pri:0, instance:com.Settings.Departements.VerifyAddDepartmentTest@1e0b4072]" started-at="2026-07-27T16:34:22 IST" name="configBM" finished-at="2026-07-27T16:34:24 IST" duration-ms="1815" status="PASS">
          <reporter-output>
          </reporter-output>
        </test-method> <!-- configBM -->
        <test-method signature="VerifyAddDepartmentTest()[pri:0, instance:com.Settings.Departements.VerifyAddDepartmentTest@1e0b4072]" started-at="2026-07-27T16:34:24 IST" name="VerifyAddDepartmentTest" finished-at="2026-07-27T16:34:48 IST" duration-ms="23592" status="PASS">
          <reporter-output>
          </reporter-output>
        </test-method> <!-- VerifyAddDepartmentTest -->
        <test-method is-config="true" signature="configAM()[pri:0, instance:com.Settings.Departements.VerifyAddDepartmentTest@1e0b4072]" started-at="2026-07-27T16:34:48 IST" name="configAM" finished-at="2026-07-27T16:34:48 IST" duration-ms="69" status="PASS">
          <reporter-output>
          </reporter-output>
        </test-method> <!-- configAM -->
        <test-method is-config="true" signature="configAC()[pri:0, instance:com.Settings.Departements.VerifyAddDepartmentTest@1e0b4072]" started-at="2026-07-27T16:34:48 IST" name="configAC" finished-at="2026-07-27T16:34:48 IST" duration-ms="431" status="PASS">
          <reporter-output>
          </reporter-output>
        </test-method> <!-- configAC -->
      </class> <!-- com.Settings.Departements.VerifyAddDepartmentTest -->
      <class name="com.CycleTimeDashboard.VerifytheWeightedAvgCTinMinute">
        <test-method is-config="true" signature="configBC()[pri:0, instance:com.CycleTimeDashboard.VerifytheWeightedAvgCTinMinute@5a45133e]" started-at="2026-07-27T17:36:48 IST" name="configBC" finished-at="2026-07-27T17:36:49 IST" duration-ms="1151" status="PASS">
          <reporter-output>
          </reporter-output>
        </test-method> <!-- configBC -->
        <test-method is-config="true" signature="configBM()[pri:0, instance:com.CycleTimeDashboard.VerifytheWeightedAvgCTinMinute@5a45133e]" started-at="2026-07-27T17:36:49 IST" name="configBM" finished-at="2026-07-27T17:36:51 IST" duration-ms="1329" status="PASS">
          <reporter-output>
          </reporter-output>
        </test-method> <!-- configBM -->
        <test-method signature="verifytheWeightedAvgCTMinute()[pri:0, instance:com.CycleTimeDashboard.VerifytheWeightedAvgCTinMinute@5a45133e]" started-at="2026-07-27T17:36:51 IST" name="verifytheWeightedAvgCTMinute" finished-at="2026-07-27T17:37:02 IST" duration-ms="11296" status="PASS">
          <reporter-output>
          </reporter-output>
        </test-method> <!-- verifytheWeightedAvgCTMinute -->
        <test-method is-config="true" signature="configAM()[pri:0, instance:com.CycleTimeDashboard.VerifytheWeightedAvgCTinMinute@5a45133e]" started-at="2026-07-27T17:37:02 IST" name="configAM" finished-at="2026-07-27T17:37:02 IST" duration-ms="119" status="PASS">
          <reporter-output>
          </reporter-output>
        </test-method> <!-- configAM -->
        <test-method is-config="true" signature="configAC()[pri:0, instance:com.CycleTimeDashboard.VerifytheWeightedAvgCTinMinute@5a45133e]" started-at="2026-07-27T17:37:02 IST" name="configAC" finished-at="2026-07-27T17:37:02 IST" duration-ms="362" status="PASS">
          <reporter-output>
          </reporter-output>
        </test-method> <!-- configAC -->
      </class> <!-- com.CycleTimeDashboard.VerifytheWeightedAvgCTinMinute -->
      <class name="com.DowntimeTarget.VerifytheDowntimeTargetTablepageHeaders">
        <test-method is-config="true" signature="configBC()[pri:0, instance:com.DowntimeTarget.VerifytheDowntimeTargetTablepageHeaders@4b013c76]" started-at="2026-07-27T17:18:32 IST" name="configBC" finished-at="2026-07-27T17:18:33 IST" duration-ms="1156" status="PASS">
          <reporter-output>
          </reporter-output>
        </test-method> <!-- configBC -->
        <test-method is-config="true" signature="configBM()[pri:0, instance:com.DowntimeTarget.VerifytheDowntimeTargetTablepageHeaders@4b013c76]" started-at="2026-07-27T17:18:33 IST" name="configBM" finished-at="2026-07-27T17:18:34 IST" duration-ms="1304" status="PASS">
          <reporter-output>
          </reporter-output>
        </test-method> <!-- configBM -->
        <test-method signature="VerifytheDowntimeTargetTablepageHeaders()[pri:0, instance:com.DowntimeTarget.VerifytheDowntimeTargetTablepageHeaders@4b013c76]" started-at="2026-07-27T17:18:34 IST" name="VerifytheDowntimeTargetTablepageHeaders" finished-at="2026-07-27T17:18:38 IST" duration-ms="4164" status="PASS">
          <reporter-output>
          </reporter-output>
        </test-method> <!-- VerifytheDowntimeTargetTablepageHeaders -->
        <test-method is-config="true" signature="configAM()[pri:0, instance:com.DowntimeTarget.VerifytheDowntimeTargetTablepageHeaders@4b013c76]" started-at="2026-07-27T17:18:38 IST" name="configAM" finished-at="2026-07-27T17:18:38 IST" duration-ms="88" status="PASS">
          <reporter-output>
          </reporter-output>
        </test-method> <!-- configAM -->
        <test-method is-config="true" signature="configAC()[pri:0, instance:com.DowntimeTarget.VerifytheDowntimeTargetTablepageHeaders@4b013c76]" started-at="2026-07-27T17:18:38 IST" name="configAC" finished-at="2026-07-27T17:18:39 IST" duration-ms="417" status="PASS">
          <reporter-output>
          </reporter-output>
        </test-method> <!-- configAC -->
      </class> <!-- com.DowntimeTarget.VerifytheDowntimeTargetTablepageHeaders -->
      <class name="com.RCAReport.VerifytheElementSummaryviewTableHeadersAndData">
        <test-method is-config="true" signature="configBC()[pri:0, instance:com.RCAReport.VerifytheElementSummaryviewTableHeadersAndData@173ed316]" started-at="2026-07-27T17:06:22 IST" name="configBC" finished-at="2026-07-27T17:06:23 IST" duration-ms="1156" status="PASS">
          <reporter-output>
          </reporter-output>
        </test-method> <!-- configBC -->
        <test-method is-config="true" signature="configBM()[pri:0, instance:com.RCAReport.VerifytheElementSummaryviewTableHeadersAndData@173ed316]" started-at="2026-07-27T17:06:23 IST" name="configBM" finished-at="2026-07-27T17:06:25 IST" duration-ms="1561" status="PASS">
          <reporter-output>
          </reporter-output>
        </test-method> <!-- configBM -->
        <test-method signature="VerifytheElementSummaryViewtableHeadersAndData()[pri:0, instance:com.RCAReport.VerifytheElementSummaryviewTableHeadersAndData@173ed316]" started-at="2026-07-27T17:06:25 IST" name="VerifytheElementSummaryViewtableHeadersAndData" finished-at="2026-07-27T17:07:35 IST" duration-ms="70156" status="FAIL">
          <exception class="org.openqa.selenium.TimeoutException">
            <message>
              <![CDATA[Expected condition failed: waiting for visibility of element located by By.id: element_table (tried for 60 second(s) with 500 milliseconds interval)
Build info: version: '4.38.0', revision: '6b412e825c'
System info: os.name: 'Windows 11', os.arch: 'amd64', os.version: '10.0', java.version: '21.0.9'
Driver info: org.openqa.selenium.chrome.ChromeDriver
Capabilities {acceptInsecureCerts: false, browserName: chrome, browserVersion: 150.0.7871.184, chrome: {chromedriverVersion: 150.0.7871.124 (9261fd0a595..., userDataDir: C:\Users\W066520\AppData\Lo...}, fedcm:accounts: true, goog:chromeOptions: {debuggerAddress: localhost:56551}, goog:processID: 44260, networkConnectionEnabled: false, pageLoadStrategy: normal, platformName: windows, proxy: Proxy(), se:cdp: ws://localhost:56551/devtoo..., se:cdpVersion: 150.0.7871.184, setWindowRect: true, strictFileInteractability: false, timeouts: {implicit: 0, pageLoad: 300000, script: 30000}, unhandledPromptBehavior: dismiss and notify, webauthn:extension:credBlob: true, webauthn:extension:largeBlob: true, webauthn:extension:minPinLength: true, webauthn:extension:prf: true, webauthn:virtualAuthenticators: true}
Session ID: 4824936d3bcc9eee44a6c4e0263b50d2]]>
            </message>
            <full-stacktrace>
              <![CDATA[org.openqa.selenium.TimeoutException: Expected condition failed: waiting for visibility of element located by By.id: element_table (tried for 60 second(s) with 500 milliseconds interval)
Build info: version: '4.38.0', revision: '6b412e825c'
System info: os.name: 'Windows 11', os.arch: 'amd64', os.version: '10.0', java.version: '21.0.9'
Driver info: org.openqa.selenium.chrome.ChromeDriver
Capabilities {acceptInsecureCerts: false, browserName: chrome, browserVersion: 150.0.7871.184, chrome: {chromedriverVersion: 150.0.7871.124 (9261fd0a595..., userDataDir: C:\Users\W066520\AppData\Lo...}, fedcm:accounts: true, goog:chromeOptions: {debuggerAddress: localhost:56551}, goog:processID: 44260, networkConnectionEnabled: false, pageLoadStrategy: normal, platformName: windows, proxy: Proxy(), se:cdp: ws://localhost:56551/devtoo..., se:cdpVersion: 150.0.7871.184, setWindowRect: true, strictFileInteractability: false, timeouts: {implicit: 0, pageLoad: 300000, script: 30000}, unhandledPromptBehavior: dismiss and notify, webauthn:extension:credBlob: true, webauthn:extension:largeBlob: true, webauthn:extension:minPinLength: true, webauthn:extension:prf: true, webauthn:virtualAuthenticators: true}
Session ID: 4824936d3bcc9eee44a6c4e0263b50d2
at org.openqa.selenium.support.ui.WebDriverWait.timeoutException(WebDriverWait.java:84)
at org.openqa.selenium.support.ui.FluentWait.until(FluentWait.java:228)
at com.RCAReport.VerifytheElementSummaryviewTableHeadersAndData.VerifytheElementSummaryViewtableHeadersAndData(VerifytheElementSummaryviewTableHeadersAndData.java:111)
at java.base/jdk.internal.reflect.DirectMethodHandleAccessor.invoke(DirectMethodHandleAccessor.java:103)
at java.base/java.lang.reflect.Method.invoke(Method.java:580)
at org.testng.internal.invokers.MethodInvocationHelper.invokeMethod(MethodInvocationHelper.java:141)
at org.testng.internal.invokers.TestInvoker.invokeMethod(TestInvoker.java:687)
at org.testng.internal.invokers.TestInvoker.invokeTestMethod(TestInvoker.java:230)
at org.testng.internal.invokers.MethodRunner.runInSequence(MethodRunner.java:63)
at org.testng.internal.invokers.TestInvoker$MethodInvocationAgent.invoke(TestInvoker.java:995)
at org.testng.internal.invokers.TestInvoker.invokeTestMethods(TestInvoker.java:203)
at org.testng.internal.invokers.TestMethodWorker.invokeTestMethods(TestMethodWorker.java:154)
at org.testng.internal.invokers.TestMethodWorker.run(TestMethodWorker.java:134)
at java.base/java.util.ArrayList.forEach(ArrayList.java:1596)
at org.testng.TestRunner.privateRun(TestRunner.java:741)
at org.testng.TestRunner.run(TestRunner.java:616)
at org.testng.SuiteRunner.runTest(SuiteRunner.java:421)
at org.testng.SuiteRunner.runSequentially(SuiteRunner.java:413)
at org.testng.SuiteRunner.privateRun(SuiteRunner.java:373)
at org.testng.SuiteRunner.run(SuiteRunner.java:312)
at org.testng.SuiteRunnerWorker.runSuite(SuiteRunnerWorker.java:52)
at org.testng.SuiteRunnerWorker.run(SuiteRunnerWorker.java:95)
at org.testng.TestNG.runSuitesSequentially(TestNG.java:1274)
at org.testng.TestNG.runSuitesLocally(TestNG.java:1208)
at org.testng.TestNG.runSuites(TestNG.java:1112)
at org.testng.TestNG.run(TestNG.java:1079)
at org.testng.remote.AbstractRemoteTestNG.run(AbstractRemoteTestNG.java:115)
at org.testng.remote.RemoteTestNG.initAndRun(RemoteTestNG.java:293)
at org.testng.remote.RemoteTestNG.main(RemoteTestNG.java:91)
]]>
            </full-stacktrace>
          </exception> <!-- org.openqa.selenium.TimeoutException -->
          <reporter-output>
          </reporter-output>
        </test-method> <!-- VerifytheElementSummaryViewtableHeadersAndData -->
        <test-method is-config="true" signature="configAM()[pri:0, instance:com.RCAReport.VerifytheElementSummaryviewTableHeadersAndData@173ed316]" started-at="2026-07-27T17:07:35 IST" name="configAM" finished-at="2026-07-27T17:07:35 IST" duration-ms="57" status="PASS">
          <reporter-output>
          </reporter-output>
        </test-method> <!-- configAM -->
        <test-method is-config="true" signature="configAC()[pri:0, instance:com.RCAReport.VerifytheElementSummaryviewTableHeadersAndData@173ed316]" started-at="2026-07-27T17:07:35 IST" name="configAC" finished-at="2026-07-27T17:07:36 IST" duration-ms="766" status="PASS">
          <reporter-output>
          </reporter-output>
        </test-method> <!-- configAC -->
      </class> <!-- com.RCAReport.VerifytheElementSummaryviewTableHeadersAndData -->
      <class name="com.AddAssociates.VerifytheAddAsscociatesFuctionality">
        <test-method is-config="true" signature="configBC()[pri:0, instance:com.AddAssociates.VerifytheAddAsscociatesFuctionality@7ef82753]" started-at="2026-07-27T17:01:06 IST" name="configBC" finished-at="2026-07-27T17:01:08 IST" duration-ms="1108" status="PASS">
          <reporter-output>
          </reporter-output>
        </test-method> <!-- configBC -->
        <test-method is-config="true" signature="configBM()[pri:0, instance:com.AddAssociates.VerifytheAddAsscociatesFuctionality@7ef82753]" started-at="2026-07-27T17:01:08 IST" name="configBM" finished-at="2026-07-27T17:01:11 IST" duration-ms="3353" status="PASS">
          <reporter-output>
          </reporter-output>
        </test-method> <!-- configBM -->
        <test-method signature="VerifytheAddAsscociatesFuctionality()[pri:0, instance:com.AddAssociates.VerifytheAddAsscociatesFuctionality@7ef82753]" started-at="2026-07-27T17:01:11 IST" name="VerifytheAddAsscociatesFuctionality" finished-at="2026-07-27T17:01:22 IST" duration-ms="11544" status="PASS">
          <reporter-output>
          </reporter-output>
        </test-method> <!-- VerifytheAddAsscociatesFuctionality -->
        <test-method is-config="true" signature="configAM()[pri:0, instance:com.AddAssociates.VerifytheAddAsscociatesFuctionality@7ef82753]" started-at="2026-07-27T17:01:22 IST" name="configAM" finished-at="2026-07-27T17:01:23 IST" duration-ms="317" status="PASS">
          <reporter-output>
          </reporter-output>
        </test-method> <!-- configAM -->
        <test-method is-config="true" signature="configAC()[pri:0, instance:com.AddAssociates.VerifytheAddAsscociatesFuctionality@7ef82753]" started-at="2026-07-27T17:01:23 IST" name="configAC" finished-at="2026-07-27T17:01:23 IST" duration-ms="430" status="PASS">
          <reporter-output>
          </reporter-output>
        </test-method> <!-- configAC -->
      </class> <!-- com.AddAssociates.VerifytheAddAsscociatesFuctionality -->
      <class name="com.CycleTimeDashboard.VerifytheTotalSetValue">
        <test-method is-config="true" signature="configBC()[pri:0, instance:com.CycleTimeDashboard.VerifytheTotalSetValue@942a29c]" started-at="2026-07-27T17:35:12 IST" name="configBC" finished-at="2026-07-27T17:35:13 IST" duration-ms="1154" status="PASS">
          <reporter-output>
          </reporter-output>
        </test-method> <!-- configBC -->
        <test-method is-config="true" signature="configBM()[pri:0, instance:com.CycleTimeDashboard.VerifytheTotalSetValue@942a29c]" started-at="2026-07-27T17:35:13 IST" name="configBM" finished-at="2026-07-27T17:35:15 IST" duration-ms="1396" status="PASS">
          <reporter-output>
          </reporter-output>
        </test-method> <!-- configBM -->
        <test-method signature="verifytheTotalSetValue()[pri:0, instance:com.CycleTimeDashboard.VerifytheTotalSetValue@942a29c]" started-at="2026-07-27T17:35:15 IST" name="verifytheTotalSetValue" finished-at="2026-07-27T17:35:26 IST" duration-ms="11064" status="PASS">
          <reporter-output>
          </reporter-output>
        </test-method> <!-- verifytheTotalSetValue -->
        <test-method is-config="true" signature="configAM()[pri:0, instance:com.CycleTimeDashboard.VerifytheTotalSetValue@942a29c]" started-at="2026-07-27T17:35:26 IST" name="configAM" finished-at="2026-07-27T17:35:26 IST" duration-ms="87" status="PASS">
          <reporter-output>
          </reporter-output>
        </test-method> <!-- configAM -->
        <test-method is-config="true" signature="configAC()[pri:0, instance:com.CycleTimeDashboard.VerifytheTotalSetValue@942a29c]" started-at="2026-07-27T17:35:26 IST" name="configAC" finished-at="2026-07-27T17:35:26 IST" duration-ms="371" status="PASS">
          <reporter-output>
          </reporter-output>
        </test-method> <!-- configAC -->
      </class> <!-- com.CycleTimeDashboard.VerifytheTotalSetValue -->
      <class name="com.AssociatePerformancereport.VerifytheAssociateperformancetable">
        <test-method is-config="true" signature="configBC()[pri:0, instance:com.AssociatePerformancereport.VerifytheAssociateperformancetable@b9b00e0]" started-at="2026-07-27T17:24:27 IST" name="configBC" finished-at="2026-07-27T17:24:28 IST" duration-ms="1136" status="PASS">
          <reporter-output>
          </reporter-output>
        </test-method> <!-- configBC -->
        <test-method is-config="true" signature="configBM()[pri:0, instance:com.AssociatePerformancereport.VerifytheAssociateperformancetable@b9b00e0]" started-at="2026-07-27T17:24:28 IST" name="configBM" finished-at="2026-07-27T17:24:29 IST" duration-ms="1365" status="PASS">
          <reporter-output>
          </reporter-output>
        </test-method> <!-- configBM -->
        <test-method signature="VerifytheAssociateperformancetable()[pri:0, instance:com.AssociatePerformancereport.VerifytheAssociateperformancetable@b9b00e0]" started-at="2026-07-27T17:24:29 IST" name="VerifytheAssociateperformancetable" finished-at="2026-07-27T17:26:08 IST" duration-ms="98310" status="PASS">
          <reporter-output>
          </reporter-output>
        </test-method> <!-- VerifytheAssociateperformancetable -->
        <test-method is-config="true" signature="configAM()[pri:0, instance:com.AssociatePerformancereport.VerifytheAssociateperformancetable@b9b00e0]" started-at="2026-07-27T17:26:08 IST" name="configAM" finished-at="2026-07-27T17:26:08 IST" duration-ms="62" status="PASS">
          <reporter-output>
          </reporter-output>
        </test-method> <!-- configAM -->
        <test-method is-config="true" signature="configAC()[pri:0, instance:com.AssociatePerformancereport.VerifytheAssociateperformancetable@b9b00e0]" started-at="2026-07-27T17:26:08 IST" name="configAC" finished-at="2026-07-27T17:26:08 IST" duration-ms="403" status="PASS">
          <reporter-output>
          </reporter-output>
        </test-method> <!-- configAC -->
      </class> <!-- com.AssociatePerformancereport.VerifytheAssociateperformancetable -->
    </test> <!-- Test -->
  </suite> <!-- Suite -->
</testng-results>
