<?xml version="1.0" encoding="UTF-8"?>
<!-- Generated by org.testng.reporters.JUnitXMLReporter -->
<testsuite ignored="0" hostname="SCIL-GWL-355" failures="0" tests="13" name="Test" time="220.561" errors="0" timestamp="2025-09-09T18:10:15 IST">
  <testcase classname="com.ReasonLinkingPage.ReasonLinkingLinkedFilterTest" name="Reasonlinkingpage" time="3.306"/>
  <testcase classname="com.ReasonLinkingPage.ReasonLinkingUnlinkedExportTest" name="Reasonlinkingpage" time="8.533"/>
  <testcase classname="com.ReasonLinkingPage.ReasonLinkingHandlingSourceFilterTest" name="Reasonlinkingpage" time="5.537"/>
  <testcase classname="com.ReasonLinkingPage.ReasonLinkingCombinedExportTest" name="Reasonlinkingpage" time="6.287"/>
  <testcase classname="com.ReasonLinkingPage.ReasonLinkingFilterDataValidationTest" name="Reasonlinkingpage" time="3.545"/>
  <testcase classname="com.ReasonLinkingPage.ReasonLinkingSingleLinkTest" name="ReasonLinkingFunctionalityTest" time="7.202"/>
  <testcase classname="com.ReasonLinkingPage.ReasonLinkingLinkedExportTest" name="Reasonlinkingpage" time="6.151"/>
  <testcase classname="com.ReasonLinkingPage.ReasonLinkingUnlinkedFilterTest" name="Reasonlinkingpage" time="3.437"/>
  <testcase classname="com.ReasonLinkingPage.ReasonLinkingCycleTimeSourceFilterTest" name="Reasonlinkingpage" time="5.747"/>
  <testcase classname="com.ReasonLinkingPage.ReasonLinkingCombinedTest" name="Reasonlinkingpage" time="3.832"/>
  <testcase classname="com.ReasonLinkingPage.BulkReasonLinkingCancelTest" name="Reasonlinkingpage" time="38.591"/>
  <testcase classname="com.ReasonLinkingPage.BulkReasonLinkingFunctionalityTest" name="Reasonlinkingpage" time="8.803"/>
  <testcase classname="com.ReasonLinkingPage.ReasonLinkingNavigationTest" name="Reasonlinkingpage" time="4.046"/>
</testsuite> <!-- Test -->
